0	0.015432098765432056	0.07499999999999996	4.5396709772680195	715
1	0.030626047858558048	0.10460000000000003	4.5396709772680195	1348
2	0.045585522428642	0.1642933333333333	4.5396709772680195	1907
3	0.06031414090968146	0.20440725333333332	4.5396709772680195	2474
4	0.07481546589564314	0.2425957051733334	4.5396709772680195	3033
5	0.08909300500219186	0.3183361346560001	4.5396709772680195	3593
6	0.10315021171512095	0.35105600019251215	4.5396709772680195	4146
7	0.11699048622569008	0.37597544978511965	4.5396709772680195	4701
8	0.13061717625307134	0.40592862819543396	4.5396709772680195	5256
9	0.1440335778541042	0.44157291050370795	4.5396709772680195	5808
10	0.1572429362205532	0.46837741079953	4.5396709772680195	6359
11	0.17024844646406312	0.5109072179355676	4.5396709772680195	6913
12	0.18305325438900033	0.5500346405007223	4.5396709772680195	7469
13	0.19566045725336756	0.5770325620706789	4.5396709772680195	8027
14	0.208073104517976	0.6108699571050247	4.5396709772680195	8582
15	0.22029419858405663	0.6258125507521917	4.5396709772680195	9294
16	0.2323266955194878	0.6482637977070602	4.5396709772680195	9852
17	0.2441735057738167	0.6651471354171213	4.5396709772680195	10403
18	0.2558374948822454	0.6780054854171038	4.5396709772680195	10961
19	0.2673214841587539	0.6883093098837565	4.5396709772680195	11515
20	0.2786282513785262	0.7002782323842203	4.5396709772680195	12069
21	0.28976053144984526	0.7146648772297777	4.5396709772680195	12624
22	0.30072101707561927	0.7283609631227483	4.5396709772680195	13181
23	0.31151235940469924	0.7413996368928565	4.5396709772680195	13738
24	0.32213716867314524	0.7538124543219994	4.5396709772680195	14310
25	0.3325980148355967	0.7632660560760346	4.5396709772680195	14865
26	0.34289742818689917	0.774629285384385	4.5396709772680195	15426
27	0.35303789997413837	0.7818411482520846	4.5396709772680195	15990
28	0.3630218829992288	0.7923127731359846	4.5396709772680195	16550
29	0.37285179221220366	0.8002879626475627	4.5396709772680195	17107
30	0.38253000529534864	0.812270684888709	4.5396709772680195	17670
31	0.3920588632383216	0.821281692014051	4.5396709772680195	18225
32	0.40144067090439683	0.8298601707973765	4.5396709772680195	18784
33	0.4106776975879709	0.8380268825991025	4.5396709772680195	19343
34	0.4197721775634652	0.8432100223559312	4.5396709772680195	19908
35	0.4287263106257574	0.8492307574974635	4.5396709772680195	20436
36	0.43754226262227347	0.8743589645812195	4.5396709772680195	20963
37	0.44622216597686803	0.8783794777146205	4.5396709772680195	21497
38	0.4547681202056201	0.8856767090517432	4.5396709772680195	22026
39	0.46318219242466907	0.8911642270172596	4.5396709772680195	22550
40	0.47146641785021426	0.8953435206997968	4.5396709772680195	23114
41	0.4796228002907974	0.8993623295049247	4.5396709772680195	23679
42	0.48765331263198874	0.9032268160519356	4.5396709772680195	24259
43	0.49555989731359384	0.9109686707677807	4.5396709772680195	24821
44	0.5033444667994951	0.9152421745709273	4.5396709772680195	25377
45	0.5110089040402437	0.9193105501915227	4.5396709772680195	25942
46	0.5185550629285114	0.9241519171800314	4.5396709772680195	26502
47	0.5259847687475159	0.9277926251553898	4.5396709772680195	27060
48	0.5332998186125233	0.9301032611504174	4.5396709772680195	27618
49	0.5405019819055399	0.9327872959222414	4.5396709772680195	28179
50	0.5475930007032939	0.9353682637588273	4.5396709772680195	28738
51	0.5545745901986134	0.9384705870984036	4.5396709772680195	29303
52	0.5614484391153014	0.9408333165538248	4.5396709772680195	29861
53	0.5682162101166085	0.943105317198158	4.5396709772680195	30418
54	0.5748795402074016	0.9452900730177487	4.5396709772680195	30973
55	0.5814400411301268	0.9507610657159739	4.5396709772680195	31532
56	0.5878992997546619	0.9526518407924804	4.5396709772680195	32093
57	0.5942588784621516	0.9573866567132324	4.5396709772680195	32653
58	0.6005203155229208	0.96058265745974	4.5396709772680195	33215
59	0.6066851254685548	0.9624746899016725	4.5396709772680195	33775
60	0.6127547994582376	0.9642759047863922	4.5396709772680195	34323
61	0.6187308056394376	0.9656477100425948	4.5396709772680195	34880
62	0.6246145895030265	0.9690829390383353	4.5396709772680195	35439
63	0.630407574232918	0.9702701541792632	4.5396709772680195	36004
64	0.6361111610503113	0.9716971867786586	4.5396709772680195	36574
65	0.6417267295526212	0.9730557218132829	4.5396709772680195	37134
66	0.6472556380471796	0.9740903820956529	4.5396709772680195	37701
67	0.6526992238797849	0.9750853114231798	4.5396709772680195	38263
68	0.6580588037581832	0.9765801927377891	4.5396709772680195	38829
69	0.6633356740705569	0.9779853811735216	4.5396709772680195	39390
70	0.6685311111990977	0.9790420828771926	4.5396709772680195	40030
71	0.6736463718287411	0.9797127362251224	4.5396709772680195	40607
72	0.6786826932511372	0.9804917671540778	4.5396709772680195	41173
73	0.6836412936639282	0.98244259043867	4.5396709772680195	41737
74	0.6885233724654107	0.9830044275446326	4.5396709772680195	42304
75	0.6933301105446482	0.9836570575269187	4.5396709772680195	42869
76	0.6980626705671074	0.9844415187656266	4.5396709772680195	43456
77	0.7027221972558866	0.9851883258648765	4.5396709772680195	44018
78	0.7073098176686043	0.9856622994372004	4.5396709772680195	44580
79	0.7118266414700147	0.9863505090642148	4.5396709772680195	45148
80	0.7162737612004157	0.986874649516149	4.5396709772680195	45708
81	0.7206522525399155	0.9873786629747289	4.5396709772680195	46263
82	0.7249631745686205	0.9879844871519419	4.5396709772680195	46821
83	0.7292075700228084	0.9885612317686486	4.5396709772680195	47384
84	0.7333864655471478	0.9891102926437535	4.5396709772680195	47942
85	0.7375008719430252	0.9894587632791534	4.5396709772680195	48498
86	0.7415517844130401	0.9901615123938765	4.5396709772680195	49054
87	0.7455401828017278	0.9904763439972725	4.5396709772680195	49610
88	0.7494670318325654	0.9910477633574362	4.5396709772680195	50172
89	0.753333281341322	0.9913342349299982	4.5396709772680195	50728
90	0.7571398665058078	0.9918541808341983	4.5396709772680195	51290
91	0.7608877080720762	0.992166980290165	4.5396709772680195	51849
92	0.7645777125771367	0.9924176369208798	4.5396709772680195	52410
93	0.7682107725682302	0.9927815903486775	4.5396709772680195	52970
94	0.7717877668187205	0.9930587772792884	4.5396709772680195	53528
95	0.7753095605406538	0.9933919559698825	4.5396709772680195	54086
96	0.7787770055940388	0.9936034133788463	4.5396709772680195	54645
97	0.7821909406928962	0.9939872085761154	4.5396709772680195	55201
98	0.7855521916081293	0.9942180997667927	4.5396709772680195	55759
99	0.7888615713672631	0.9944031205742553	4.5396709772680195	56323
100	0.7921198804511016	0.9946180407442039	4.5396709772680195	56892
101	0.79532790698735	0.9947902634403893	4.5396709772680195	57455
102	0.7984864269412489	0.9949903173242785	4.5396709772680195	58017
103	0.8015962043032667	0.9954912855918505	4.5396709772680195	58574
104	0.8046579912738953	0.9957077038834418	4.5396709772680195	59135
105	0.8076725284455943	0.9958725280543176	4.5396709772680195	59692
106	0.8106405449819278	0.9960310229770317	4.5396709772680195	60268
107	0.8135627587939351	0.9961834316947138	4.5396709772680195	60833
108	0.8164398767137817	0.9963299879176367	4.5396709772680195	61398
109	0.8192725946657295	0.996605238823814	4.5396709772680195	61956
110	0.8220615978344683	0.9967355976529796	4.5396709772680195	62520
111	0.8248075608308499	0.9968609507031051	4.5396709772680195	63079
112	0.8275111478550652	0.9969814901961059	4.5396709772680195	63636
113	0.8301730128573019	0.9970780825098305	4.5396709772680195	64195
114	0.8327937996959238	0.997190284141453	4.5396709772680195	64756
115	0.8353741422932088	0.9972981772304212	4.5396709772680195	65313
116	0.837914664788684	0.9981987848202808	4.5396709772680195	65873
117	0.8404159816900932	0.998306857731064	4.5396709772680195	66431
118	0.8428786980220363	0.99836103828367	4.5396709772680195	66987
119	0.8453034094723135	0.9984134850585925	4.5396709772680195	67546
120	0.8476907025360123	0.9984744072323425	4.5396709772680195	68102
121	0.8500411546573702	0.9985964546537551	4.5396709772680195	68671
122	0.8523553343694478	0.998641368104835	4.5396709772680195	69236
123	0.8546338014316477	0.9986935395696093	4.5396709772680195	69803
124	0.8568771069651099	0.9987437076501363	4.5396709772680195	70367
125	0.8590857935860187	0.9988040096829297	4.5396709772680195	70930
126	0.8612603955368516	0.9988499357111053	4.5396709772680195	71497
127	0.8634014388156039	0.9988940981797988	4.5396709772680195	72063
128	0.8655094413030175	0.9990784151498323	4.5396709772680195	72629
129	0.8675849128878474	0.9991138040080788	4.5396709772680195	73196
130	0.8696283555901955	0.9992024236072709	4.5396709772680195	73765
131	0.8716402636829393	0.999240707274122	4.5396709772680195	74329
132	0.8736211238112891	0.9992862648376746	4.5396709772680195	74899
133	0.8755714151104975	0.999309104362869	4.5396709772680195	75461
134	0.8774916093217553	0.9993356347553348	4.5396709772680195	76024
135	0.8793821709062961	0.9993611463807299	4.5396709772680195	76581
136	0.8812435571577422	0.999425031742657	4.5396709772680195	77134
137	0.8830762183127152	0.9994710292032444	4.5396709772680195	77687
138	0.8848805976597413	0.9994879562687405	4.5396709772680195	78239
139	0.8866571316464736	0.999507618748021	4.5396709772680195	78789
140	0.8884062499852626	0.999531253048116	4.5396709772680195	79343
141	0.890128375757095	0.9995537529018064	4.5396709772680195	79896
142	0.89182392551393	0.9995751727625197	4.5396709772680195	80441
143	0.8934933093794557	0.999591486128439	4.5396709772680195	80973
144	0.8951369311482913	0.9996159969607326	4.5396709772680195	81522
145	0.8967551883836571	0.9996307426774405	4.5396709772680195	82013
146	0.898348472513539	0.9996484670289233	4.5396709772680195	82499
147	0.8999171689253671	0.9996619658950127	4.5396709772680195	82986
148	0.9014616570592349	0.9996957693055114	4.5396709772680195	83464
149	0.9029823104996788	0.9997103723788469	4.5396709772680195	83935
150	0.9044794970660417	0.9997196404627238	4.5396709772680195	84408
151	0.9059535789014423	0.9997420692257059	4.5396709772680195	84882
152	0.9074049125603707	0.999754449902872	4.5396709772680195	85355
153	0.9088338490949328	0.9997638790266017	4.5396709772680195	85831
154	0.9102407341397641	0.9997714348977504	4.5396709772680195	86304
155	0.9116259079956319	0.9997824060226584	4.5396709772680195	86777
156	0.9129897057117488	0.9997907616313884	4.5396709772680195	87256
157	0.9143324571668143	0.999798796384743	4.5396709772680195	87729
158	0.9156544871488079	0.9998065226035688	4.5396709772680195	88203
159	0.9169561154335486	0.9998139521355919	4.5396709772680195	88677
160	0.9182376568620432	0.9998210963735851	4.5396709772680195	89151
161	0.9194994214166413	0.9998354086636984	4.5396709772680195	89627
162	0.9207417142960141	0.9998417289710123	4.5396709772680195	90113
163	0.9219648359889768	0.9998478065785255	4.5396709772680195	90613
164	0.9231690823471717	0.9998551118627562	4.5396709772680195	91104
165	0.9243547446566289	0.9998606755672264	4.5396709772680195	91574
166	0.9255221097082241	0.9998660256254449	4.5396709772680195	92046
167	0.9266714598670478	0.9998711702414278	4.5396709772680195	92520
168	0.9278030731407044	0.999884053217285	4.5396709772680195	92998
169	0.9289172232465578	0.9998886910885936	4.5396709772680195	93472
170	0.9300141796779381	0.9998929653507916	4.5396709772680195	93955
171	0.9310942077693279	0.9998970754813212	4.5396709772680195	94428
172	0.932157568760542	0.9999010277828385	4.5396709772680195	94903
173	0.9332045198599164	0.9999048283159775	4.5396709772680195	95379
174	0.9342353143065225	0.9999078738098662	4.5396709772680195	95854
175	0.9352502014314219	0.9999115588574715	4.5396709772680195	96326
176	0.936249426717974	0.9999143889740325	4.5396709772680195	96868
177	0.9372332318612151	0.9999176764374296	4.5396709772680195	97351
178	0.9382018548263199	0.9999208376622323	4.5396709772680195	97827
179	0.9391555299061606	0.9999340313851935	4.5396709772680195	98301
180	0.9400944877779791	0.9999406282466743	4.5396709772680195	98779
181	0.9410189555591831	0.9999434780908338	4.5396709772680195	99256
182	0.9419291568622822	0.9999456485321458	4.5396709772680195	99752
183	0.9428253118489753	0.9999477356285115	4.5396709772680195	100245
184	0.9437076372834047	0.999949408088399	4.5396709772680195	100742
185	0.9445763465845868	0.9999513508178045	4.5396709772680195	101238
186	0.9454316498780345	0.9999532189464009	4.5396709772680195	101735
187	0.9462737540465833	0.9999550153388591	4.5396709772680195	102228
188	0.9471028627804323	0.9999577144185275	4.5396709772680195	102703
189	0.9479191766264133	0.999959338184856	4.5396709772680195	103180
190	0.9487228930364995	0.9999634043663704	4.5396709772680195	103659
191	0.9495142064155659	0.9999648096387018	4.5396709772680195	104137
192	0.9502933081684121	0.9999683286748317	4.5396709772680195	104613
193	0.9510603867460601	0.9999695955278384	4.5396709772680195	105111
194	0.9518156276913369	0.9999710549425022	4.5396709772680195	105605
195	0.9525592136837545	0.9999739494482519	4.5396709772680195	106098
196	0.9532913245836966	0.9999751998747358	4.5396709772680195	106595
197	0.9540121374759235	0.9999768532164202	4.5396709772680195	107068
198	0.9547218267124061	0.9999777420529096	4.5396709772680195	107543
199	0.9554205639544987	0.9999788104343699	4.5396709772680195	108037
200	0.9561085182144601	0.9999798275335202	4.5396709772680195	108531
201	0.9567858558963357	0.9999804730524475	4.5396709772680195	109028
202	0.9574527408362071	0.9999810979147692	4.5396709772680195	109521
203	0.9581093343418212	0.999981823754842	4.5396709772680195	110013
204	0.9587557952316079	0.9999826962146097	4.5396709772680195	110504
205	0.9593922798730954	0.9999833606799686	4.5396709772680195	111000
206	0.9600189422207328	0.9999841593673301	4.5396709772680195	111488
207	0.960635933853129	0.9999849197176983	4.5396709772680195	111981
208	0.9612434040097164	0.9999854988005387	4.5396709772680195	112474
209	0.9618414996268504	0.9999859628389215	4.5396709772680195	112964
210	0.9624303653733497	0.9999870858118077	4.5396709772680195	113454
211	0.9630101436854893	0.999988377230627	4.5396709772680195	113950
212	0.963580974801454	0.9999889351235569	4.5396709772680195	114443
213	0.9641429967952587	0.9999900416112012	4.5396709772680195	114949
214	0.9646963456101467	0.999990424013331	4.5396709772680195	115448
215	0.9652411550914716	0.9999911900922646	4.5396709772680195	115946
216	0.9657775570190723	0.999991472009312	4.5396709772680195	116440
217	0.9663056811391484	0.9999919836887534	4.5396709772680195	116943
218	0.966825655195643	0.9999923684716933	4.5396709772680195	117437
219	0.9673376049611423	0.999992612680599	4.5396709772680195	117929
220	0.9678416542672975	0.9999928963536641	4.5396709772680195	118421
221	0.9683379250347776	0.9999931691336833	4.5396709772680195	118913
222	0.9688265373027594	0.9999933877214054	4.5396709772680195	119407
223	0.9693076092579637	0.9999935993143205	4.5396709772680195	119895
224	0.969781257263242	0.9999942393828885	4.5396709772680195	120389
225	0.9702475958857228	0.9999945158925098	4.5396709772680195	120885
226	0.9707067379245234	0.9999947791296693	4.5396709772680195	121381
227	0.9711587944380339	0.9999949796110901	4.5396709772680195	121875
228	0.9716038747707803	0.9999952205897576	4.5396709772680195	122368
229	0.9720420865798731	0.999995404119111	4.5396709772680195	122861
230	0.9724735358610479	0.9999957717895821	4.5396709772680195	123357
231	0.9728983269743033	0.9999959341528621	4.5396709772680195	123849
232	0.9733165626691443	0.9999961781036905	4.5396709772680195	124348
233	0.9737283441094353	0.9999963004043724	4.5396709772680195	124845
234	0.97413377089787	0.99999652238011	4.5396709772680195	125346
235	0.9745329411000634	0.9999966893058647	4.5396709772680195	125850
236	0.9749259512682722	0.9999968164365195	4.5396709772680195	126353
237	0.9753128964647495	0.9999969386853572	4.5396709772680195	126913
238	0.975693870284738	0.9999971223642358	4.5396709772680195	127409
239	0.9760689648791093	0.9999973525750969	4.5396709772680195	127904
240	0.9764382709766539	0.9999974542362131	4.5396709772680195	128398
241	0.9768018779060265	0.9999975519935426	4.5396709772680195	128889
242	0.9771598736173532	0.9999976459969906	4.5396709772680195	129371
243	0.9775123447035052	0.9999977363907061	4.5396709772680195	129859
244	0.9778593764210437	0.9999980193418678	4.5396709772680195	130352
245	0.9782010527108425	0.9999980953991401	4.5396709772680195	130841
246	0.9785374562183912	0.9999981685358131	4.5396709772680195	131336
247	0.9788686683137864	0.9999983150529481	4.5396709772680195	131827
248	0.9791947691114131	0.9999983959304066	4.5396709772680195	132318
249	0.9795158374893234	0.9999984472606336	4.5396709772680195	132810
250	0.9798319511083153	0.9999986025345702	4.5396709772680195	133293
251	0.9801431864307178	0.9999986696129108	4.5396709772680195	133783
252	0.9804496187388858	0.999998720699775	4.5396709772680195	134281
253	0.9807513221534092	0.9999987821061859	4.5396709772680195	134769
254	0.9810483696510417	0.9999988632991068	4.5396709772680195	135263
255	0.9813408330823528	0.9999989069484211	4.5396709772680195	135738
256	0.9816287831891066	0.9999989594148969	4.5396709772680195	136214
257	0.9819122896213734	0.9999989927136201	4.5396709772680195	136697
258	0.982191420954377	0.9999990410633665	4.5396709772680195	137185
259	0.982466244705081	0.9999990778865332	4.5396709772680195	137664
260	0.9827368273485212	0.9999991221479796	4.5396709772680195	138159
261	0.9830032343338835	0.9999991748191008	4.5396709772680195	138653
262	0.9832655301003359	0.9999992012248896	4.5396709772680195	139155
263	0.9835237780926147	0.9999992395660948	4.5396709772680195	139656
264	0.9837780407763707	0.9999992687667568	4.5396709772680195	140153
265	0.9840283796532785	0.9999992968461133	4.5396709772680195	140652
266	0.9842748552759131	0.9999993390353465	4.5396709772680195	141141
267	0.9845175272623958	0.9999993644163893	4.5396709772680195	141638
268	0.9847564543108157	0.9999993888227999	4.5396709772680195	142130
269	0.9849916942134266	0.9999994181593055	4.5396709772680195	142694
270	0.9852233038706267	0.9999994530697471	4.5396709772680195	143165
271	0.9854513393047221	0.9999994705715153	4.5396709772680195	143650
272	0.9856758556734764	0.9999994875132268	4.5396709772680195	144145
273	0.9858969072834536	0.9999995121125919	4.5396709772680195	144638
274	0.9861145476031533	0.9999995308474684	4.5396709772680195	145129
275	0.9863288292759441	0.9999995488629255	4.5396709772680195	145627
276	0.9865398041327968	0.9999995632993119	4.5396709772680195	146124
277	0.9867475232048216	0.999999577273734	4.5396709772680195	146625
278	0.9869520367356114	0.9999995908009744	4.5396709772680195	147102
279	0.9871533941933952	0.9999996104425277	4.5396709772680195	147577
280	0.9873516442830033	0.9999996291412864	4.5396709772680195	148054
281	0.9875468349576483	0.999999643382261	4.5396709772680195	148528
282	0.9877390134305241	0.9999996570763822	4.5396709772680195	149022
283	0.9879282261862259	0.9999996702446491	4.5396709772680195	149517
284	0.988114518991994	0.9999996860729059	4.5396709772680195	150020
285	0.9882979369087842	0.9999997011414065	4.5396709772680195	150516
286	0.9884785243021672	0.9999997235558009	4.5396709772680195	151009
287	0.9886563248530597	0.9999997341712582	4.5396709772680195	151504
288	0.9888313815682902	0.9999997426777779	4.5396709772680195	152010
289	0.9890037367910018	0.9999997525589512	4.5396709772680195	152523
290	0.9891734322108937	0.9999997644361216	4.5396709772680195	153023
291	0.9893405088743059	0.9999997719741657	4.5396709772680195	153510
292	0.9895050071941468	0.9999997829194057	4.5396709772680195	154002
293	0.9896669669596693	0.9999997898659848	4.5396709772680195	154489
294	0.9898264273460942	0.9999997979351309	4.5396709772680195	154982
295	0.9899834269240865	0.9999998044012067	4.5396709772680195	155470
296	0.9901380036690851	0.9999998106603681	4.5396709772680195	155960
297	0.9902901949704882	0.99999981793101	4.5396709772680195	156448
298	0.9904400376406967	0.9999998249224592	4.5396709772680195	156942
299	0.9905875679240193	0.9999998316454368	4.5396709772680195	157435
300	0.9907328215054387	0.9999998417467106	4.5396709772680195	157952
301	0.9908758335192437	0.9999998512419079	4.5396709772680195	158449
302	0.991016638557527	0.9999998583822963	4.5396709772680195	158955
303	0.9911552706785528	0.9999998638204162	4.5396709772680195	159447
304	0.9912917634149948	0.9999998690497122	4.5396709772680195	159937
305	0.9914261497820474	0.9999998740782032	4.5396709772680195	160413
306	0.9915584622854109	0.9999998781077007	4.5396709772680195	160885
307	0.9916887329291545	0.999999882788365	4.5396709772680195	161376
308	0.9918169932234577	0.9999998872892918	4.5396709772680195	161865
309	0.9919432741922315	0.9999998926994058	4.5396709772680195	162356
310	0.992067606380623	0.9999998978498343	4.5396709772680195	162852
311	0.9921900198624035	0.9999999027530423	4.5396709772680195	163350
312	0.992310544247243	0.9999999064873255	4.5396709772680195	163851
313	0.9924292086878719	0.9999999109759339	4.5396709772680195	164343
314	0.9925460418871331	0.9999999176527388	4.5396709772680195	164835
315	0.9926610721049243	0.9999999208148737	4.5396709772680195	165336
316	0.9927743271650334	0.9999999233487977	4.5396709772680195	165829
317	0.9928858344618694	0.9999999310139179	4.5396709772680195	166320
318	0.9929956209670875	0.9999999336629835	4.5396709772680195	166810
319	0.9931037132361139	0.9999999368471603	4.5396709772680195	167302
320	0.9932101374145689	0.9999999388680512	4.5396709772680195	167796
321	0.993314919244591	0.9999999418023847	4.5396709772680195	168291
322	0.9934180840710634	0.9999999445958702	4.5396709772680195	168791
323	0.9935196568477445	0.9999999472552684	4.5396709772680195	169284
324	0.993619662143304	0.9999999492806662	4.5396709772680195	169775
325	0.9937181241472653	0.9999999512282886	4.5396709772680195	170269
326	0.993815066675857	0.9999999531011223	4.5396709772680195	170759
327	0.9939105131777727	0.9999999566185381	4.5396709772680195	171255
328	0.9940044867398441	0.9999999595106356	4.5396709772680195	171749
329	0.9940970100926243	0.9999999610654272	4.5396709772680195	172222
330	0.9941881056158863	0.9999999625605147	4.5396709772680195	172699
331	0.9942777953440362	0.9999999643576101	4.5396709772680195	173179
332	0.9943661009714431	0.9999999679218491	4.5396709772680195	173668
333	0.9944530438576862	0.9999999703277104	4.5396709772680195	174156
334	0.9945386450327219	0.9999999725531321	4.5396709772680195	174649
335	0.99462292520197	0.9999999738705817	4.5396709772680195	175130
336	0.9947059047513224	0.9999999758302881	4.5396709772680195	175609
337	0.9947876037520735	0.9999999769904343	4.5396709772680195	176086
338	0.994868041965776	0.9999999778740016	4.5396709772680195	176565
339	0.9949472388490203	0.99999997872364	4.5396709772680195	177112
340	0.9950252135581403	0.9999999794044835	4.5396709772680195	177604
341	0.995101984953848	0.9999999806402144	4.5396709772680195	178097
342	0.9951775716057949	0.9999999812597276	4.5396709772680195	178590
343	0.9952519917970635	0.9999999836022616	4.5396709772680195	179081
344	0.9953252635285903	0.9999999845861259	4.5396709772680195	179560
345	0.9953974045235194	0.9999999850793699	4.5396709772680195	180034
346	0.9954684322314897	0.999999986571433	4.5396709772680195	180513
347	0.9955383638328557	0.9999999870870899	4.5396709772680195	181012
348	0.9956072162428424	0.9999999875003031	4.5396709772680195	181516
349	0.9956750061156381	0.9999999879802914	4.5396709772680195	182003
350	0.9957417498484215	0.9999999884418482	4.5396709772680195	182493
351	0.9958074635853286	0.9999999891353373	4.5396709772680195	182981
352	0.9958721632213574	0.9999999895525403	4.5396709772680195	183473
353	0.9959358644062131	0.9999999899537229	4.5396709772680195	183968
354	0.9959985825480925	0.9999999903555739	4.5396709772680195	184467
355	0.996060332817412	0.9999999906641955	4.5396709772680195	184954
356	0.9961211301504767	0.9999999910376277	4.5396709772680195	185444
357	0.9961809892530927	0.9999999913961226	4.5396709772680195	185940
358	0.9962399246041252	0.9999999917402776	4.5396709772680195	186432
359	0.9962979504589998	0.9999999921367444	4.5396709772680195	186922
360	0.9963550808531512	0.9999999923883686	4.5396709772680195	187414
361	0.9964113296054173	0.9999999926806552	4.5396709772680195	187906
362	0.9964667103213831	0.9999999930319837	4.5396709772680195	188402
363	0.9965212363966703	0.9999999932995556	4.5396709772680195	188895
364	0.9965749210201785	0.9999999935568527	4.5396709772680195	189395
365	0.9966277771772746	0.9999999938042695	4.5396709772680195	189891
366	0.9966798176529339	0.9999999942999279	4.5396709772680195	190383
367	0.9967310550348331	0.9999999948699352	4.5396709772680195	190875
368	0.9967815017163943	0.9999999951161782	4.5396709772680195	191365
369	0.9968311698997833	0.999999995303717	4.5396709772680195	191863
370	0.9968800715988607	0.9999999954840543	4.5396709772680195	192358
371	0.9969282186420881	0.9999999957008197	4.5396709772680195	192854
372	0.9969756226753893	0.9999999958659082	4.5396709772680195	193353
373	0.9970222951649665	0.9999999960643446	4.5396709772680195	193850
374	0.9970682474000752	0.999999996300484	4.5396709772680195	194342
375	0.9971134904957529	0.9999999966704355	4.5396709772680195	194833
376	0.9971580353955098	0.9999999967769816	4.5396709772680195	195326
377	0.9972018928739742	0.9999999968801182	4.5396709772680195	195821
378	0.9972450735394993	0.9999999969999216	4.5396709772680195	196317
379	0.9972875878367292	0.9999999971151247	4.5396709772680195	196797
380	0.9973294460491254	0.9999999972535987	4.5396709772680195	197280
381	0.9973706583014538	0.9999999975282388	4.5396709772680195	197758
382	0.9974112345622338	0.9999999976231544	4.5396709772680195	198235
383	0.9974511846461499	0.9999999978014179	4.5396709772680195	198713
384	0.9974905182164254	0.9999999979069498	4.5396709772680195	199212
385	0.9975292447871595	0.9999999980074162	4.5396709772680195	199702
386	0.9975673737256293	0.9999999980711789	4.5396709772680195	200199
387	0.9976049142545548	0.9999999981452456	4.5396709772680195	200697
388	0.9976418754543301	0.9999999982164682	4.5396709772680195	201179
389	0.9976782662652202	0.9999999983591508	4.5396709772680195	201679
390	0.9977140954895223	0.9999999984379115	4.5396709772680195	202179
391	0.9977493717936964	0.9999999985128918	4.5396709772680195	202677
392	0.9977841037104603	0.9999999985699967	4.5396709772680195	203208
393	0.9978182996408544	0.9999999986843969	4.5396709772680195	203710
394	0.9978519678562733	0.9999999987475459	4.5396709772680195	204225
395	0.9978851165004666	0.9999999987956402	4.5396709772680195	204726
396	0.9979177535915088	0.9999999988534494	4.5396709772680195	205235
397	0.9979498870237387	0.9999999988974769	4.5396709772680195	205759
398	0.9979815245696686	0.9999999989856788	4.5396709772680195	206264
399	0.9980126738818651	0.9999999990343662	4.5396709772680195	206775
400	0.9980433424947992	0.9999999990652665	4.5396709772680195	207265
401	0.9980735378266696	0.9999999991101337	4.5396709772680195	207750
402	0.9981032671811964	0.9999999991635257	4.5396709772680195	208233
403	0.9981325377493877	0.9999999991956463	4.5396709772680195	208719
404	0.9981613566112799	0.9999999992342553	4.5396709772680195	209206
405	0.998189730737649	0.9999999992916861	4.5396709772680195	209692
406	0.9982176669916977	0.9999999993188854	4.5396709772680195	210178
407	0.9982451721307147	0.9999999993450401	4.5396709772680195	210669
408	0.9982722528077098	0.9999999993659989	4.5396709772680195	211152
409	0.998298915573023	0.9999999993903446	4.5396709772680195	211633
410	0.9983251668759084	0.999999999419608	4.5396709772680195	212126
411	0.998351013066095	0.99999999951634	4.5396709772680195	212611
412	0.9983764603953219	0.9999999995349126	4.5396709772680195	213092
413	0.9984015150188509	0.9999999995497953	4.5396709772680195	213577
414	0.9984261829969551	0.9999999995670832	4.5396709772680195	214060
415	0.9984504702963848	0.9999999995809365	4.5396709772680195	214546
416	0.9984743827918109	0.9999999995970286	4.5396709772680195	215035
417	0.998497926267246	0.9999999996163712	4.5396709772680195	215522
418	0.9985211064174427	0.9999999996286474	4.5396709772680195	216008
419	0.9985439288492723	0.9999999996564988	4.5396709772680195	216495
420	0.9985663990830799	0.9999999996696892	4.5396709772680195	216974
421	0.99858852255402	0.9999999996802592	4.5396709772680195	217462
422	0.9986103046133715	0.9999999997122333	4.5396709772680195	217943
423	0.9986317505298319	0.999999999726046	4.5396709772680195	218428
424	0.9986528654907912	0.9999999997365658	4.5396709772680195	218911
425	0.9986736546035877	0.9999999997466817	4.5396709772680195	219397
426	0.9986941228967422	0.999999999758841	4.5396709772680195	219878
427	0.9987142753211752	0.9999999997704166	4.5396709772680195	220365
428	0.998734116751404	0.9999999997792327	4.5396709772680195	220854
429	0.9987536519867218	0.9999999997877101	4.5396709772680195	221342
430	0.9987728857523588	0.9999999997958621	4.5396709772680195	221824
431	0.9987918227006248	0.9999999998121931	4.5396709772680195	222312
432	0.9988104674120349	0.9999999998272177	4.5396709772680195	222796
433	0.9988288243964172	0.9999999998338525	4.5396709772680195	223279
434	0.9988468980940033	0.9999999998391692	4.5396709772680195	223767
435	0.9988646928765033	0.9999999998468891	4.5396709772680195	224253
436	0.9988822130481622	0.9999999998622002	4.5396709772680195	224737
437	0.9988994628468016	0.9999999998674917	4.5396709772680195	225222
438	0.9989164464448448	0.9999999998754422	4.5396709772680195	225710
439	0.9989331679503256	0.999999999881421	4.5396709772680195	226191
440	0.9989496314078823	0.9999999998859744	4.5396709772680195	226674
441	0.9989658407997359	0.9999999998903529	4.5396709772680195	227161
442	0.9989818000466536	0.9999999998938617	4.5396709772680195	227645
443	0.9989975130088966	0.9999999998979374	4.5396709772680195	228133
444	0.9990129834871544	0.9999999999028364	4.5396709772680195	228613
445	0.9990282152234637	0.9999999999075002	4.5396709772680195	229098
446	0.999043211902114	0.9999999999149002	4.5396709772680195	229579
447	0.9990579771505381	0.999999999918168	4.5396709772680195	230063
448	0.9990725145401903	0.9999999999263512	4.5396709772680195	230546
449	0.9990868275874096	0.9999999999322432	4.5396709772680195	231032
450	0.9991009197542706	0.9999999999344114	4.5396709772680195	231513
451	0.9991147944494208	0.9999999999383467	4.5396709772680195	231997
452	0.999128455028905	0.9999999999432789	4.5396709772680195	232552
453	0.9991419047969774	0.999999999945094	4.5396709772680195	233031
454	0.9991551470069007	0.9999999999505846	4.5396709772680195	233515
455	0.9991681848617324	0.9999999999524822	4.5396709772680195	234015
456	0.9991810215151007	0.9999999999543069	4.5396709772680195	234522
457	0.9991936600719664	0.999999999955769	4.5396709772680195	235047
458	0.9992061035893743	0.9999999999571845	4.5396709772680195	235563
459	0.9992183550771927	0.999999999961466	4.5396709772680195	236065
460	0.999230417498841	0.9999999999653194	4.5396709772680195	236570
461	0.999242293772007	0.9999999999666511	4.5396709772680195	237078
462	0.9992539867693525	0.9999999999679318	4.5396709772680195	237581
463	0.9992654993192083	0.9999999999704972	4.5396709772680195	238084
464	0.9992768342062575	0.9999999999722674	4.5396709772680195	238577
465	0.9992879941722103	0.9999999999735986	4.5396709772680195	239060
466	0.9992989819164663	0.9999999999748658	4.5396709772680195	239585
467	0.9993098000967677	0.9999999999758712	4.5396709772680195	240088
468	0.9993204513298424	0.9999999999767977	4.5396709772680195	240590
469	0.9993309381920361	0.9999999999776886	4.5396709772680195	241073
470	0.9993412632199368	0.9999999999794735	4.5396709772680195	241589
471	0.9993514289109872	0.9999999999801304	4.5396709772680195	242096
472	0.9993614377240893	0.9999999999807663	4.5396709772680195	242613
473	0.9993712920801989	0.9999999999815048	4.5396709772680195	243130
474	0.999380994362912	0.9999999999823926	4.5396709772680195	243645
475	0.9993905469190398	0.9999999999841533	4.5396709772680195	244143
476	0.9993999520591781	0.9999999999847619	4.5396709772680195	244643
477	0.9994092120582648	0.9999999999853469	4.5396709772680195	245143
478	0.9994183291561312	0.9999999999859097	4.5396709772680195	245644
479	0.9994273055580427	0.999999999987671	4.5396709772680195	246149
480	0.9994361434352333	0.9999999999881444	4.5396709772680195	246719
481	0.9994448449254304	0.9999999999887135	4.5396709772680195	247241
482	0.9994534121333712	0.9999999999896164	4.5396709772680195	247770
483	0.9994618471313131	0.9999999999902394	4.5396709772680195	248276
484	0.9994701519595336	0.9999999999906142	4.5396709772680195	248795
485	0.9994783286268247	0.9999999999911774	4.5396709772680195	249282
486	0.9994863791109787	0.9999999999915161	4.5396709772680195	249792
487	0.999494305359266	0.9999999999921524	4.5396709772680195	250318
488	0.999502109288907	0.9999999999924538	4.5396709772680195	250803
489	0.9995097927875349	0.999999999992816	4.5396709772680195	251291
490	0.9995173577136532	0.9999999999930919	4.5396709772680195	251774
491	0.9995248058970845	0.9999999999936445	4.5396709772680195	252258
492	0.9995321391394135	0.9999999999938479	4.5396709772680195	252747
493	0.9995393592144225	0.9999999999940448	4.5396709772680195	253236
494	0.999546467868521	0.9999999999942735	4.5396709772680195	253720
495	0.9995534668211672	0.9999999999945484	4.5396709772680195	254204
496	0.9995603577652851	0.9999999999947576	4.5396709772680195	254688
497	0.9995671423676726	0.9999999999949589	4.5396709772680195	255173
498	0.999573822269406	0.999999999995201	4.5396709772680195	255653
499	0.9995803990862362	0.9999999999953852	4.5396709772680195	256134
