0	0.015432098765432056	0.03200000000000003	6.165886443266115	879
1	0.030626047858558048	0.07846400000000009	4.602315258933337	1378
2	0.045585522428642	0.17061760000000004	4.5396709772680195	1894
3	0.06031414090968146	0.22038054400000007	4.5396709772680195	2445
4	0.07481546589564314	0.24532836659200008	4.5396709772680195	2945
5	0.08909300500219186	0.27430775731486723	4.5396709772680195	3532
6	0.10315021171512095	0.29752990908079147	4.5396709772680195	4029
7	0.11699048622569008	0.3502151658997321	4.5396709772680195	4533
8	0.13061717625307134	0.37516690352918236	4.5396709772680195	5035
9	0.1440335778541042	0.39916049443366175	4.5396709772680195	5537
10	0.1572429362205532	0.4231940746563153	4.5396709772680195	6309
11	0.17024844646406312	0.4508807590728122	4.5396709772680195	6806
12	0.18305325438900033	0.47196693792441624	4.5396709772680195	7331
13	0.19566045725336756	0.4973125249040443	4.5396709772680195	7873
14	0.208073104517976	0.516615723947729	4.5396709772680195	8419
15	0.22029419858405663	0.5552864660319108	4.5396709772680195	8969
16	0.2323266955194878	0.5723634657362853	4.5396709772680195	9508
17	0.2441735057738167	0.5980216577921083	4.5396709772680195	10047
18	0.2558374948822454	0.6134576261328912	4.5396709772680195	10584
19	0.2673214841587539	0.6258269820966388	4.5396709772680195	11124
20	0.2786282513785262	0.6557608235289076	4.5396709772680195	11626
21	0.28976053144984526	0.6689796079053976	4.5396709772680195	12131
22	0.30072101707561927	0.6816907909618304	4.5396709772680195	12631
23	0.31151235940469924	0.693913864588896	4.5396709772680195	13133
24	0.32213716867314524	0.7056675721886825	4.5396709772680195	13678
25	0.3325980148355967	0.716969937416637	4.5396709772680195	14221
26	0.34289742818689917	0.7396123424233061	4.5396709772680195	14763
27	0.35303789997413837	0.7496112284742511	4.5396709772680195	15305
28	0.3630218829992288	0.7576236691630751	4.5396709772680195	15853
29	0.37285179221220366	0.7692577330432475	4.5396709772680195	16424
30	0.38253000529534864	0.7781182360943868	4.5396709772680195	16944
31	0.3920588632383216	0.7866384958283623	4.5396709772680195	17454
32	0.40144067090439683	0.796879848028601	4.5396709772680195	17963
33	0.4106776975879709	0.8171918632257409	4.5396709772680195	18507
34	0.4197721775634652	0.8230417236025172	4.5396709772680195	19057
35	0.4287263106257574	0.8298369214161805	4.5396709772680195	19563
36	0.43754226262227347	0.8400467061312097	4.5396709772680195	20068
37	0.44622216597686803	0.852043203171369	4.5396709772680195	20579
38	0.4547681202056201	0.8567778206698852	4.5396709772680195	21096
39	0.46318219242466907	0.865371151429692	4.5396709772680195	21607
40	0.47146641785021426	0.8705408992147918	4.5396709772680195	22118
41	0.4796228002907974	0.8802503317736825	4.5396709772680195	22624
42	0.48765331263198874	0.8898303052317879	4.5396709772680195	23130
43	0.49555989731359384	0.8940608215108872	4.5396709772680195	23638
44	0.5033444667994951	0.8982983886504518	4.5396709772680195	24145
45	0.5110089040402437	0.9044004853314246	4.5396709772680195	24655
46	0.5185550629285114	0.9080715066946979	4.5396709772680195	25161
47	0.5259847687475159	0.9135872162930161	4.5396709772680195	25664
48	0.5332998186125233	0.9177350299109512	4.5396709772680195	26168
49	0.5405019819055399	0.9208940047623707	4.5396709772680195	26674
50	0.5475930007032939	0.9234253966099749	4.5396709772680195	27177
51	0.5545745901986134	0.927100977572696	4.5396709772680195	27684
52	0.5614484391153014	0.9306001306492067	4.5396709772680195	28190
53	0.5682162101166085	0.9339313243780447	4.5396709772680195	28694
54	0.5748795402074016	0.9364683615219278	4.5396709772680195	29197
55	0.5814400411301268	0.9415508926001737	4.5396709772680195	29702
56	0.5878992997546619	0.9459345756551606	4.5396709772680195	30205
57	0.5942588784621516	0.9485297160237129	4.5396709772680195	30708
58	0.6005203155229208	0.9526473387418158	4.5396709772680195	31218
59	0.6066851254685548	0.9541626239020777	4.5396709772680195	31719
60	0.6127547994582376	0.95874636151187	4.5396709772680195	32232
61	0.6187308056394376	0.9603305012298142	4.5396709772680195	32742
62	0.6246145895030265	0.9618538099825893	4.5396709772680195	33250
63	0.630407574232918	0.9633186236792579	4.5396709772680195	33791
64	0.6361111610503113	0.9644924277215217	4.5396709772680195	34337
65	0.6417267295526212	0.9661967911908886	4.5396709772680195	34895
66	0.6472556380471796	0.9674948344091585	4.5396709772680195	35448
67	0.6526992238797849	0.9690550823575189	4.5396709772680195	35994
68	0.6580588037581832	0.9702433671949902	4.5396709772680195	36538
69	0.6633356740705569	0.9713860218947026	4.5396709772680195	37105
70	0.6685311111990977	0.972484798653946	4.5396709772680195	37649
71	0.6736463718287411	0.9735413823856345	4.5396709772680195	38193
72	0.6786826932511372	0.9745573933020261	4.5396709772680195	38734
73	0.6836412936639282	0.9760839497039046	4.5396709772680195	39277
74	0.6885233724654107	0.9770023260352746	4.5396709772680195	39821
75	0.6933301105446482	0.9777382516021458	4.5396709772680195	40366
76	0.6980626705671074	0.9785931027406234	4.5396709772680195	40909
77	0.7027221972558866	0.9803056545213735	4.5396709772680195	41452
78	0.7073098176686043	0.9809358735766895	4.5396709772680195	41996
79	0.7118266414700147	0.9816679360313447	4.5396709772680195	42538
80	0.7162737612004157	0.9825478751018402	4.5396709772680195	43077
81	0.7206522525399155	0.9831063430985812	4.5396709772680195	43624
82	0.7249631745686205	0.9836469401194267	4.5396709772680195	44167
83	0.7292075700228084	0.9842748976188407	4.5396709772680195	44710
84	0.7333864655471478	0.9858474078569566	4.5396709772680195	45253
85	0.7375008719430252	0.987262667071261	4.5396709772680195	45801
86	0.7415517844130401	0.9877517806557246	4.5396709772680195	46347
87	0.7455401828017278	0.9882221122785447	4.5396709772680195	46891
88	0.7494670318325654	0.9886743831670486	4.5396709772680195	47433
89	0.753333281341322	0.9895804325136847	4.5396709772680195	47976
90	0.7571398665058078	0.9904139979125899	4.5396709772680195	48520
91	0.7608877080720762	0.9907974379960863	4.5396709772680195	49066
92	0.7645777125771367	0.9917176941964777	4.5396709772680195	49607
93	0.7682107725682302	0.9920357347393329	4.5396709772680195	50156
94	0.7717877668187205	0.9926728759601863	4.5396709772680195	50702
95	0.7753095605406538	0.9934055883641677	4.5396709772680195	51249
96	0.7787770055940388	0.9936588137709836	4.5396709772680195	51796
97	0.7821909406928962	0.9942929323938853	4.5396709772680195	52341
98	0.7855521916081293	0.99451208378996	4.5396709772680195	52885
99	0.7888615713672631	0.9947228197724256	4.5396709772680195	53431
100	0.7921198804511016	0.9949761244233492	4.5396709772680195	53976
101	0.79532790698735	0.9952775569579483	4.5396709772680195	54523
102	0.7984864269412489	0.9955609035404713	4.5396709772680195	55072
103	0.8015962043032667	0.9959160312572336	4.5396709772680195	55618
104	0.8046579912738953	0.9961610693817996	4.5396709772680195	56165
105	0.8076725284455943	0.9963084843175385	4.5396709772680195	56710
106	0.8106405449819278	0.996450238519745	4.5396709772680195	57251
107	0.8135627587939351	0.9966206270707972	4.5396709772680195	57797
108	0.8164398767137817	0.9967503949912787	4.5396709772680195	58342
109	0.8192725946657295	0.9969941153669327	4.5396709772680195	58885
110	0.8220615978344683	0.9970903036751909	4.5396709772680195	59434
111	0.8248075608308499	0.9973230793811756	4.5396709772680195	59973
112	0.8275111478550652	0.9974258731329385	4.5396709772680195	60515
113	0.8301730128573019	0.9975494312225575	4.5396709772680195	61057
114	0.8327937996959238	0.9977454767247529	4.5396709772680195	61599
115	0.8353741422932088	0.9978176214695608	4.5396709772680195	62140
116	0.837914664788684	0.9979922117519959	4.5396709772680195	62684
117	0.8404159816900932	0.9980693108207193	4.5396709772680195	63232
118	0.8428786980220363	0.9982141125091654	4.5396709772680195	63775
119	0.8453034094723135	0.9982826905888134	4.5396709772680195	64310
120	0.8476907025360123	0.998454421529932	4.5396709772680195	64855
121	0.8500411546573702	0.9985286092964953	4.5396709772680195	65398
122	0.8523553343694478	0.9985851106995098	4.5396709772680195	65944
123	0.8546338014316477	0.9986530253859334	4.5396709772680195	66485
124	0.8568771069651099	0.9987176801674086	4.5396709772680195	67027
125	0.8590857935860187	0.9987669212489801	4.5396709772680195	67571
126	0.8612603955368516	0.998826109029029	4.5396709772680195	68112
127	0.8634014388156039	0.9990217575241909	4.5396709772680195	68727
128	0.8655094413030175	0.9990593220352619	4.5396709772680195	69275
129	0.8675849128878474	0.9991298728826173	4.5396709772680195	69817
130	0.8696283555901955	0.9991716389842517	4.5396709772680195	70359
131	0.8716402636829393	0.9992034480472564	4.5396709772680195	70902
132	0.8736211238112891	0.9992340356422418	4.5396709772680195	71448
133	0.8755714151104975	0.99925854650169	4.5396709772680195	72000
134	0.8774916093217553	0.999294136269609	4.5396709772680195	72546
135	0.8793821709062961	0.999321241436856	4.5396709772680195	73092
136	0.8812435571577422	0.9993755421219075	4.5396709772680195	73638
137	0.8830762183127152	0.9994379879097167	4.5396709772680195	74181
138	0.8848805976597413	0.999460468393328	4.5396709772680195	74730
139	0.8866571316464736	0.9994863659104483	4.5396709772680195	75276
140	0.8884062499852626	0.9995028022013139	4.5396709772680195	75827
141	0.890128375757095	0.9995218945967835	4.5396709772680195	76370
142	0.89182392551393	0.9995816577721856	4.5396709772680195	76911
143	0.8934933093794557	0.9996067583058544	4.5396709772680195	77449
144	0.8951369311482913	0.9997050687293908	4.5396709772680195	77953
145	0.8967551883836571	0.9997163940901822	4.5396709772680195	78454
146	0.898348472513539	0.999744754681164	4.5396709772680195	78963
147	0.8999171689253671	0.9997549644939174	4.5396709772680195	79464
148	0.9014616570592349	0.9997745673344041	4.5396709772680195	79965
149	0.9029823104996788	0.9997853881023526	4.5396709772680195	80460
150	0.9044794970660417	0.9997936291992223	4.5396709772680195	81054
151	0.9059535789014423	0.9998035349976596	4.5396709772680195	81547
152	0.9074049125603707	0.9998110792537495	4.5396709772680195	82041
153	0.9088338490949328	0.9998183338104055	4.5396709772680195	82529
154	0.9102407341397641	0.999836500429365	4.5396709772680195	83021
155	0.9116259079956319	0.9998427788128773	4.5396709772680195	83508
156	0.9129897057117488	0.9998488161064628	4.5396709772680195	83995
157	0.9143324571668143	0.9998546215679747	4.5396709772680195	84483
158	0.9156544871488079	0.9998691594111773	4.5396709772680195	84974
159	0.9169561154335486	0.999874183689788	4.5396709772680195	85465
160	0.9182376568620432	0.9998817326684007	4.5396709772680195	85950
161	0.9194994214166413	0.9998911940549287	4.5396709772680195	86445
162	0.9207417142960141	0.9998953722032194	4.5396709772680195	86935
163	0.9219648359889768	0.9998987202927164	4.5396709772680195	87422
164	0.9231690823471717	0.9999324801951442	4.5396709772680195	87911
165	0.9243547446566289	0.9999365313834356	4.5396709772680195	88398
166	0.9255221097082241	0.9999389685783117	4.5396709772680195	88885
167	0.9266714598670478	0.999942630463613	4.5396709772680195	89376
168	0.9278030731407044	0.9999460726357962	4.5396709772680195	89865
169	0.9289172232465578	0.9999481434465817	4.5396709772680195	90354
170	0.9300141796779381	0.9999506325611457	4.5396709772680195	90839
171	0.9310942077693279	0.9999526072586998	4.5396709772680195	91329
172	0.932157568760542	0.9999548821102823	4.5396709772680195	91817
173	0.9332045198599164	0.999960521846497	4.5396709772680195	92313
174	0.9342353143065225	0.9999628905357072	4.5396709772680195	92798
175	0.9352502014314219	0.9999640780385646	4.5396709772680195	93289
176	0.936249426717974	0.9999662333562507	4.5396709772680195	93779
177	0.9372332318612151	0.9999689346877506	4.5396709772680195	94267
178	0.9382018548263199	0.9999701773002406	4.5396709772680195	94755
179	0.9391555299061606	0.999971608789829	4.5396709772680195	95242
180	0.9400944877779791	0.9999727444382359	4.5396709772680195	95738
181	0.9410189555591831	0.9999736166162123	4.5396709772680195	96224
182	0.9419291568622822	0.9999748830186341	4.5396709772680195	96717
183	0.9428253118489753	0.9999758475107186	4.5396709772680195	97207
184	0.9437076372834047	0.9999770068302041	4.5396709772680195	97699
185	0.9445763465845868	0.9999778897679242	4.5396709772680195	98206
186	0.9454316498780345	0.999978738800836	4.5396709772680195	98692
187	0.9462737540465833	0.9999800144727858	4.5396709772680195	99179
188	0.9471028627804323	0.9999807819170309	4.5396709772680195	99665
189	0.9479191766264133	0.9999817043850133	4.5396709772680195	100152
190	0.9487228930364995	0.9999824069366289	4.5396709772680195	100641
191	0.9495142064155659	0.9999832514036706	4.5396709772680195	101126
192	0.9502933081684121	0.9999837873587532	4.5396709772680195	101620
193	0.9510603867460601	0.999984409924177	4.5396709772680195	102112
194	0.9518156276913369	0.9999850085830887	4.5396709772680195	102598
195	0.9525592136837545	0.999985584253498	4.5396709772680195	103083
196	0.9532913245836966	0.9999861378181637	4.5396709772680195	103568
197	0.9540121374759235	0.9999868032028919	4.5396709772680195	104057
198	0.9547218267124061	0.9999874366491531	4.5396709772680195	104544
199	0.9554205639544987	0.9999878386763802	4.5396709772680195	105033
200	0.9561085182144601	0.9999883056712072	4.5396709772680195	105522
201	0.9567858558963357	0.9999894751040864	4.5396709772680195	106009
202	0.9574527408362071	0.9999898792600895	4.5396709772680195	106494
203	0.9581093343418212	0.9999902678965021	4.5396709772680195	106980
204	0.9587557952316079	0.9999905793238141	4.5396709772680195	107454
205	0.9593922798730954	0.999990880785452	4.5396709772680195	107917
206	0.9600189422207328	0.9999912309632907	4.5396709772680195	108378
207	0.960635933853129	0.9999917571054932	4.5396709772680195	108843
208	0.9612434040097164	0.9999921527644295	4.5396709772680195	109333
209	0.9618414996268504	0.9999926235985638	4.5396709772680195	109824
210	0.9624303653733497	0.9999929186546211	4.5396709772680195	110289
211	0.9630101436854893	0.9999931905782837	4.5396709772680195	110753
212	0.963580974801454	0.9999934084797787	4.5396709772680195	111220
213	0.9641429967952587	0.9999936615941551	4.5396709772680195	111685
214	0.9646963456101467	0.9999939049889396	4.5396709772680195	112149
215	0.9652411550914716	0.9999941975494705	4.5396709772680195	112616
216	0.9657775570190723	0.9999945456965023	4.5396709772680195	113082
217	0.9663056811391484	0.9999947551417566	4.5396709772680195	113552
218	0.966825655195643	0.9999949565443131	4.5396709772680195	114016
219	0.9673376049611423	0.9999954608898818	4.5396709772680195	114480
220	0.9678416542672975	0.9999956787671674	4.5396709772680195	114955
221	0.9683379250347776	0.9999958170466181	4.5396709772680195	115419
222	0.9688265373027594	0.9999960178283804	4.5396709772680195	115882
223	0.9693076092579637	0.9999962089726182	4.5396709772680195	116344
224	0.969781257263242	0.9999963545480697	4.5396709772680195	116811
225	0.9702475958857228	0.9999964945334238	4.5396709772680195	117277
226	0.9707067379245234	0.9999966627958194	4.5396709772680195	117746
227	0.9711587944380339	0.9999967909444599	4.5396709772680195	118212
228	0.9716038747707803	0.9999970316236255	4.5396709772680195	118680
229	0.9720420865798731	0.9999971456092782	4.5396709772680195	119147
230	0.9724735358610479	0.999997282620033	4.5396709772680195	119613
231	0.9728983269743033	0.9999973695761919	4.5396709772680195	120077
232	0.9733165626691443	0.9999974958365346	4.5396709772680195	120542
233	0.9737283441094353	0.9999975919964117	4.5396709772680195	121007
234	0.97413377089787	0.9999978327967706	4.5396709772680195	121471
235	0.9745329411000634	0.9999979368225256	4.5396709772680195	121935
236	0.9749259512682722	0.9999980160485406	4.5396709772680195	122399
237	0.9753128964647495	0.9999981483119712	4.5396709772680195	122860
238	0.975693870284738	0.9999982594132529	4.5396709772680195	123325
239	0.9760689648791093	0.999998326251784	4.5396709772680195	123809
240	0.9764382709766539	0.9999984065916984	4.5396709772680195	124275
241	0.9768018779060265	0.9999984677785771	4.5396709772680195	124741
242	0.9771598736173532	0.9999985413252055	4.5396709772680195	125204
243	0.9775123447035052	0.9999985973383175	4.5396709772680195	125669
244	0.9778593764210437	0.9999986422234914	4.5396709772680195	126132
245	0.9782010527108425	0.9999986943621093	4.5396709772680195	126595
246	0.9785374562183912	0.9999987988131406	4.5396709772680195	127062
247	0.9788686683137864	0.9999988708843521	4.5396709772680195	127530
248	0.9791947691114131	0.9999989142423931	4.5396709772680195	127995
249	0.9795158374893234	0.9999989663587582	4.5396709772680195	128460
250	0.9798319511083153	0.9999990159735378	4.5396709772680195	128920
251	0.9801431864307178	0.9999990553345963	4.5396709772680195	129388
252	0.9804496187388858	0.9999990855638892	4.5396709772680195	129858
253	0.9807513221534092	0.9999991587187781	4.5396709772680195	130327
254	0.9810483696510417	0.9999991991002767	4.5396709772680195	130788
255	0.9813408330823528	0.999999229854826	4.5396709772680195	131249
256	0.9816287831891066	0.9999992668217944	4.5396709772680195	131714
257	0.9819122896213734	0.9999992949758375	4.5396709772680195	132185
258	0.982191420954377	0.9999993175366108	4.5396709772680195	132650
259	0.982466244705081	0.9999993437432049	4.5396709772680195	133113
260	0.9827368273485212	0.9999993647434223	4.5396709772680195	133573
261	0.9830032343338835	0.9999994028588169	4.5396709772680195	134040
262	0.9832655301003359	0.9999994315215938	4.5396709772680195	134502
263	0.9835237780926147	0.9999994588085572	4.5396709772680195	134969
264	0.9837780407763707	0.9999994795903087	4.5396709772680195	135432
265	0.9840283796532785	0.9999994995740408	4.5396709772680195	135899
266	0.9842748552759131	0.9999995155876715	4.5396709772680195	136377
267	0.9845175272623958	0.9999995341891049	4.5396709772680195	136868
268	0.9847564543108157	0.9999995490950535	4.5396709772680195	137345
269	0.9849916942134266	0.9999995851674492	4.5396709772680195	137808
270	0.9852233038706267	0.9999995984420909	4.5396709772680195	138275
271	0.9854513393047221	0.9999996138619146	4.5396709772680195	138736
272	0.9856758556734764	0.9999996286896171	4.5396709772680195	139202
273	0.9858969072834536	0.9999996583944477	4.5396709772680195	139689
274	0.9861145476031533	0.9999996715121009	4.5396709772680195	140176
275	0.9863288292759441	0.9999996841260362	4.5396709772680195	140664
276	0.9865398041327968	0.9999996992879865	4.5396709772680195	141151
277	0.9867475232048216	0.999999708910771	4.5396709772680195	141631
278	0.9869520367356114	0.9999997228830539	4.5396709772680195	142116
279	0.9871533941933952	0.9999997395100707	4.5396709772680195	142585
280	0.9873516442830033	0.9999997478457484	4.5396709772680195	143053
281	0.9875468349576483	0.9999997599491525	4.5396709772680195	143524
282	0.9877390134305241	0.9999997691671051	4.5396709772680195	143987
283	0.9879282261862259	0.9999997780310882	4.5396709772680195	144450
284	0.988114518991994	0.9999998002279794	4.5396709772680195	144911
285	0.9882979369087842	0.999999807899225	4.5396709772680195	145382
286	0.9884785243021672	0.9999998194252715	4.5396709772680195	145850
287	0.9886563248530597	0.9999998314635867	4.5396709772680195	146315
288	0.9888313815682902	0.999999837935385	4.5396709772680195	146777
289	0.9890037367910018	0.9999998476592619	4.5396709772680195	147240
290	0.9891734322108937	0.9999998535091462	4.5396709772680195	147707
291	0.9893405088743059	0.999999859134395	4.5396709772680195	148171
292	0.9895050071941468	0.9999998645436342	4.5396709772680195	148632
293	0.9896669669596693	0.9999998726710162	4.5396709772680195	149108
294	0.9898264273460942	0.9999998787828074	4.5396709772680195	149594
295	0.9899834269240865	0.9999998834375476	4.5396709772680195	150083
296	0.9901380036690851	0.9999998890325453	4.5396709772680195	150561
297	0.9902901949704882	0.9999998943589832	4.5396709772680195	151118
298	0.9904400376406967	0.9999998984155982	4.5396709772680195	151582
299	0.9905875679240193	0.9999999023164392	4.5396709772680195	152046
300	0.9907328215054387	0.999999906067488	4.5396709772680195	152510
301	0.9908758335192437	0.9999999117034387	4.5396709772680195	152976
302	0.991016638557527	0.9999999150940266	4.5396709772680195	153440
303	0.9911552706785528	0.9999999218865046	4.5396709772680195	153908
304	0.9912917634149948	0.9999999248860627	4.5396709772680195	154369
305	0.9914261497820474	0.9999999277704379	4.5396709772680195	154830
306	0.9915584622854109	0.9999999305440531	4.5396709772680195	155295
307	0.9916887329291545	0.9999999332111614	4.5396709772680195	155756
308	0.9918169932234577	0.9999999364170257	4.5396709772680195	156217
309	0.9919432741922315	0.9999999402320042	4.5396709772680195	156681
310	0.992067606380623	0.9999999462088037	4.5396709772680195	157146
311	0.9921900198624035	0.9999999487907811	4.5396709772680195	157609
312	0.992310544247243	0.9999999507572152	4.5396709772680195	158077
313	0.9924292086878719	0.9999999526481381	4.5396709772680195	158537
314	0.9925460418871331	0.9999999573833243	4.5396709772680195	158996
315	0.9926610721049243	0.9999999616449918	4.5396709772680195	159461
316	0.9927743271650334	0.9999999631178242	4.5396709772680195	159925
317	0.9928858344618694	0.9999999660683982	4.5396709772680195	160385
318	0.9929956209670875	0.9999999673713718	4.5396709772680195	160856
319	0.9931037132361139	0.999999968937546	4.5396709772680195	161342
320	0.9932101374145689	0.9999999701303441	4.5396709772680195	161831
321	0.993314919244591	0.999999971277339	4.5396709772680195	162291
322	0.9934180840710634	0.9999999726560267	4.5396709772680195	162755
323	0.9935196568477445	0.9999999737060352	4.5396709772680195	163215
324	0.993619662143304	0.9999999745474422	4.5396709772680195	163681
325	0.9937181241472653	0.9999999755248203	4.5396709772680195	164152
326	0.993815066675857	0.9999999764646672	4.5396709772680195	164612
327	0.9939105131777727	0.9999999772177979	4.5396709772680195	165079
328	0.9940044867398441	0.9999999780926344	4.5396709772680195	165544
329	0.9940970100926243	0.9999999789338773	4.5396709772680195	166012
330	0.9941881056158863	0.9999999797428164	4.5396709772680195	166480
331	0.9942777953440362	0.9999999807151612	4.5396709772680195	166945
332	0.9943661009714431	0.999999981455699	4.5396709772680195	167426
333	0.9944530438576862	0.9999999821678002	4.5396709772680195	167916
334	0.9945386450327219	0.9999999828525566	4.5396709772680195	168404
335	0.99462292520197	0.9999999834012748	4.5396709772680195	168894
336	0.9947059047513224	0.9999999843971984	4.5396709772680195	169357
337	0.9947876037520735	0.9999999851461329	4.5396709772680195	169820
338	0.994868041965776	0.9999999856214565	4.5396709772680195	170286
339	0.9949472388490203	0.9999999861735926	4.5396709772680195	170748
340	0.9950252135581403	0.9999999872797052	4.5396709772680195	171234
341	0.995101984953848	0.9999999877681646	4.5396709772680195	171721
342	0.9951775716057949	0.9999999881595832	4.5396709772680195	172208
343	0.9952519917970635	0.9999999891068166	4.5396709772680195	172700
344	0.9953252635285903	0.9999999896296894	4.5396709772680195	173189
345	0.9953974045235194	0.9999999900279094	4.5396709772680195	173654
346	0.9954684322314897	0.9999999905065697	4.5396709772680195	174124
347	0.9955383638328557	0.9999999908711175	4.5396709772680195	174594
348	0.9956072162428424	0.9999999911632417	4.5396709772680195	175059
349	0.9956750061156381	0.9999999918701823	4.5396709772680195	175527
350	0.9957417498484215	0.9999999921303365	4.5396709772680195	176015
351	0.9958074635853286	0.9999999929173029	4.5396709772680195	176506
352	0.9958721632213574	0.9999999932572723	4.5396709772680195	176995
353	0.9959358644062131	0.9999999935161931	4.5396709772680195	177488
354	0.9959985825480925	0.9999999938274158	4.5396709772680195	177979
355	0.996060332817412	0.9999999941236999	4.5396709772680195	178441
356	0.9961211301504767	0.9999999943493497	4.5396709772680195	178903
357	0.9961809892530927	0.9999999946883887	4.5396709772680195	179367
358	0.9962399246041252	0.9999999948923547	4.5396709772680195	179831
359	0.9962979504589998	0.9999999950884882	4.5396709772680195	180295
360	0.9963550808531512	0.9999999952770903	4.5396709772680195	180762
361	0.9964113296054173	0.9999999954282234	4.5396709772680195	181224
362	0.9964667103213831	0.9999999956476686	4.5396709772680195	181686
363	0.9965212363966703	0.9999999959378241	4.5396709772680195	182149
364	0.9965749210201785	0.9999999960938116	4.5396709772680195	182613
365	0.9966277771772746	0.9999999962813086	4.5396709772680195	183076
366	0.9966798176529339	0.9999999965602105	4.5396709772680195	183538
367	0.9967310550348331	0.9999999967253205	4.5396709772680195	184000
368	0.9967815017163943	0.9999999971346554	4.5396709772680195	184468
369	0.9968311698997833	0.9999999972721919	4.5396709772680195	184929
370	0.9968800715988607	0.9999999974358604	4.5396709772680195	185393
371	0.9969282186420881	0.9999999975589391	4.5396709772680195	185860
372	0.9969756226753893	0.999999997637053	4.5396709772680195	186323
373	0.9970222951649665	0.9999999977126673	4.5396709772680195	186787
374	0.9970682474000752	0.999999997895654	4.5396709772680195	187252
375	0.9971134904957529	0.9999999981060885	4.5396709772680195	187715
376	0.9971580353955098	0.9999999981969964	4.5396709772680195	188176
377	0.9972018928739742	0.9999999982662316	4.5396709772680195	188640
378	0.9972450735394993	0.9999999983328084	4.5396709772680195	189116
379	0.9972875878367292	0.9999999983968285	4.5396709772680195	189582
380	0.9973294460491254	0.99999999844813	4.5396709772680195	190044
381	0.9973706583014538	0.9999999985077218	4.5396709772680195	190506
382	0.9974112345622338	0.9999999986569497	4.5396709772680195	190966
383	0.9974511846461499	0.9999999987085227	4.5396709772680195	191432
384	0.9974905182164254	0.999999998811841	4.5396709772680195	191894
385	0.9975292447871595	0.9999999989306568	4.5396709772680195	192357
386	0.9975673737256293	0.9999999989819853	4.5396709772680195	192848
387	0.9976049142545548	0.9999999990634265	4.5396709772680195	193335
388	0.9976418754543301	0.999999999099391	4.5396709772680195	193826
389	0.9976782662652202	0.9999999991282104	4.5396709772680195	194318
390	0.9977140954895223	0.9999999991561077	4.5396709772680195	194806
391	0.9977493717936964	0.9999999992123672	4.5396709772680195	195295
392	0.9977841037104603	0.9999999992426123	4.5396709772680195	195780
393	0.9978182996408544	0.9999999992628092	4.5396709772680195	196242
394	0.9978519678562733	0.9999999992911174	4.5396709772680195	196705
395	0.9978851165004666	0.9999999993620057	4.5396709772680195	197172
396	0.9979177535915088	0.9999999994130452	4.5396709772680195	197640
397	0.9979498870237387	0.9999999994355843	4.5396709772680195	198106
398	0.9979815245696686	0.9999999994506353	4.5396709772680195	198574
399	0.9980126738818651	0.9999999994717309	4.5396709772680195	199042
400	0.9980433424947992	0.9999999994920165	4.5396709772680195	199537
401	0.9980735378266696	0.9999999995766804	4.5396709772680195	200038
402	0.9981032671811964	0.9999999995969997	4.5396709772680195	200536
403	0.9981325377493877	0.9999999996098957	4.5396709772680195	201034
404	0.9981613566112799	0.9999999996223791	4.5396709772680195	201535
405	0.998189730737649	0.9999999996368797	4.5396709772680195	202014
406	0.9982176669916977	0.9999999996514045	4.5396709772680195	202560
407	0.9982451721307147	0.9999999996681371	4.5396709772680195	203050
408	0.9982722528077098	0.9999999996880489	4.5396709772680195	203536
409	0.998298915573023	0.9999999997030226	4.5396709772680195	204034
410	0.9983251668759084	0.9999999997172775	4.5396709772680195	204632
411	0.998351013066095	0.999999999728134	4.5396709772680195	205132
412	0.9983764603953219	0.9999999997411836	4.5396709772680195	205630
413	0.9984015150188509	0.9999999997511221	4.5396709772680195	206138
414	0.9984261829969551	0.9999999997590863	4.5396709772680195	206635
415	0.9984504702963848	0.9999999997706501	4.5396709772680195	207130
416	0.9984743827918109	0.9999999997794571	4.5396709772680195	207623
417	0.998497926267246	0.9999999997865145	4.5396709772680195	208113
418	0.9985211064174427	0.9999999997947123	4.5396709772680195	208605
419	0.9985439288492723	0.9999999998045661	4.5396709772680195	209100
420	0.9985663990830799	0.9999999998120708	4.5396709772680195	209592
421	0.99858852255402	0.999999999819588	4.5396709772680195	210081
422	0.9986103046133715	0.9999999998253611	4.5396709772680195	210579
423	0.9986317505298319	0.9999999998309496	4.5396709772680195	211071
424	0.9986528654907912	0.9999999998591247	4.5396709772680195	211572
425	0.9986736546035877	0.9999999998645343	4.5396709772680195	212067
426	0.9986941228967422	0.9999999998699529	4.5396709772680195	212562
427	0.9987142753211752	0.9999999998777558	4.5396709772680195	213060
428	0.998734116751404	0.9999999998824499	4.5396709772680195	213555
429	0.9987536519867218	0.9999999998871519	4.5396709772680195	214052
430	0.9987728857523588	0.9999999998925686	4.5396709772680195	214546
431	0.9987918227006248	0.9999999998977254	4.5396709772680195	215041
432	0.9988104674120349	0.9999999999016527	4.5396709772680195	215538
433	0.9988288243964172	0.9999999999054292	4.5396709772680195	216037
434	0.9988468980940033	0.9999999999090607	4.5396709772680195	216537
435	0.9988646928765033	0.9999999999134258	4.5396709772680195	217043
436	0.9988822130481622	0.9999999999175814	4.5396709772680195	217542
437	0.9988994628468016	0.9999999999207463	4.5396709772680195	218042
438	0.9989164464448448	0.9999999999245505	4.5396709772680195	218541
439	0.9989331679503256	0.9999999999320954	4.5396709772680195	219038
440	0.9989496314078823	0.9999999999361696	4.5396709772680195	219535
441	0.9989658407997359	0.9999999999386208	4.5396709772680195	220039
442	0.9989818000466536	0.9999999999435311	4.5396709772680195	220541
443	0.9989975130088966	0.9999999999480486	4.5396709772680195	221037
444	0.9990129834871544	0.9999999999532437	4.5396709772680195	221539
445	0.9990282152234637	0.9999999999550392	4.5396709772680195	222038
446	0.999043211902114	0.9999999999564779	4.5396709772680195	222535
447	0.9990579771505381	0.9999999999581491	4.5396709772680195	223031
448	0.9990725145401903	0.9999999999651243	4.5396709772680195	223524
449	0.9990868275874096	0.9999999999672169	4.5396709772680195	224018
450	0.9991009197542706	0.9999999999684758	4.5396709772680195	224518
451	0.9991147944494208	0.9999999999703671	4.5396709772680195	225010
452	0.999128455028905	0.9999999999715051	4.5396709772680195	225503
453	0.9991419047969774	0.9999999999728728	4.5396709772680195	225997
454	0.9991551470069007	0.9999999999739145	4.5396709772680195	226501
455	0.9991681848617324	0.9999999999765231	4.5396709772680195	226995
456	0.9991810215151007	0.9999999999774246	4.5396709772680195	227488
457	0.9991936600719664	0.9999999999782915	4.5396709772680195	227979
458	0.9992061035893743	0.9999999999789861	4.5396709772680195	228468
459	0.9992183550771927	0.9999999999799948	4.5396709772680195	228963
460	0.999230417498841	0.999999999980763	4.5396709772680195	229456
461	0.999242293772007	0.9999999999815017	4.5396709772680195	229953
462	0.9992539867693525	0.9999999999826116	4.5396709772680195	230453
463	0.9992654993192083	0.9999999999834462	4.5396709772680195	230952
464	0.9992768342062575	0.9999999999839759	4.5396709772680195	231446
465	0.9992879941722103	0.9999999999845913	4.5396709772680195	231940
466	0.9992989819164663	0.999999999985183	4.5396709772680195	232436
467	0.9993098000967677	0.999999999985752	4.5396709772680195	232939
468	0.9993204513298424	0.9999999999864359	4.5396709772680195	233444
469	0.9993309381920361	0.9999999999869568	4.5396709772680195	233938
470	0.9993412632199368	0.9999999999882611	4.5396709772680195	234436
471	0.9993514289109872	0.9999999999886368	4.5396709772680195	234932
472	0.9993614377240893	0.9999999999891821	4.5396709772680195	235428
473	0.9993712920801989	0.9999999999897013	4.5396709772680195	235927
474	0.999380994362912	0.9999999999903193	4.5396709772680195	236424
475	0.9993905469190398	0.999999999990784	4.5396709772680195	236924
476	0.9993999520591781	0.9999999999911379	4.5396709772680195	237420
477	0.9994092120582648	0.9999999999914782	4.5396709772680195	237917
478	0.9994183291561312	0.9999999999918054	4.5396709772680195	238416
479	0.9994273055580427	0.9999999999921201	4.5396709772680195	238908
480	0.9994361434352333	0.9999999999924227	4.5396709772680195	239472
481	0.9994448449254304	0.9999999999927864	4.5396709772680195	239967
482	0.9994534121333712	0.9999999999930634	4.5396709772680195	240466
483	0.9994618471313131	0.9999999999932854	4.5396709772680195	240966
484	0.9994701519595336	0.9999999999935432	4.5396709772680195	241461
485	0.9994783286268247	0.9999999999937498	4.5396709772680195	241966
486	0.9994863791109787	0.9999999999941248	4.5396709772680195	242469
487	0.999494305359266	0.9999999999943504	4.5396709772680195	242973
488	0.999502109288907	0.9999999999946216	4.5396709772680195	243479
489	0.9995097927875349	0.9999999999948798	4.5396709772680195	243994
490	0.9995173577136532	0.9999999999951256	4.5396709772680195	244491
491	0.9995248058970845	0.9999999999952816	4.5396709772680195	244986
492	0.9995321391394135	0.9999999999954325	4.5396709772680195	245484
493	0.9995393592144225	0.9999999999956518	4.5396709772680195	245983
494	0.999546467868521	0.9999999999958188	4.5396709772680195	246485
495	0.9995534668211672	0.9999999999961532	4.5396709772680195	246975
496	0.9995603577652851	0.999999999996301	4.5396709772680195	247467
497	0.9995671423676726	0.9999999999964785	4.5396709772680195	247959
498	0.999573822269406	0.9999999999968306	4.5396709772680195	248426
499	0.9995803990862362	0.9999999999969523	4.5396709772680195	248893
