0	0.015432098765432056	0.04800000000000004	5.00855346333049	577
1	0.030626047858558048	0.08455679999999999	5.00855346333049	1146
2	0.045585522428642	0.1455863466666666	5.00855346333049	1746
3	0.06031414090968146	0.18659820202666666	4.642325131328103	2272
4	0.07481546589564314	0.21783283106884266	4.642325131328103	2807
5	0.08909300500219186	0.24786805035579906	4.642325131328103	3327
6	0.10315021171512095	0.28397038393872076	4.642325131328103	3846
7	0.11699048622569008	0.3114659211954739	4.642325131328103	4386
8	0.13061717625307134	0.33349901171721874	4.642325131328103	4908
9	0.1440335778541042	0.3590926496672775	4.642325131328103	5424
10	0.1572429362205532	0.38370349192005404	4.642325131328103	5946
11	0.17024844646406312	0.40736927783032395	4.642325131328103	6463
12	0.18305325438900033	0.42633346093975355	4.642325131328103	6980
13	0.19566045725336756	0.45386945481464536	4.642325131328103	7503
14	0.208073104517976	0.4713456322605767	4.602315258933337	8021
15	0.22029419858405663	0.4916459599817705	4.602315258933337	8538
16	0.2323266955194878	0.5079132892623539	4.602315258933337	9057
17	0.2441735057738167	0.5315334513777609	4.602315258933337	9576
18	0.2558374948822454	0.56901077526754	4.602315258933337	10184
19	0.2673214841587539	0.5896982580546981	4.602315258933337	10702
20	0.2786282513785262	0.6204708887005957	4.602315258933337	11222
21	0.28976053144984526	0.6350448065744929	4.602315258933337	11744
22	0.30072101707561927	0.6569421181800232	4.5396709772680195	12266
23	0.31151235940469924	0.6734088965073821	4.5396709772680195	12788
24	0.32213716867314524	0.706068006856644	4.5396709772680195	13318
25	0.3325980148355967	0.7201767425275251	4.5396709772680195	13838
26	0.34289742818689917	0.7309219556144682	4.5396709772680195	14361
27	0.35303789997413837	0.7470666382776	4.5396709772680195	14883
28	0.3630218829992288	0.7567792793677401	4.5396709772680195	15410
29	0.37285179221220366	0.7661189550400189	4.5396709772680195	15935
30	0.38253000529534864	0.7750999871664822	4.5396709772680195	16458
31	0.3920588632383216	0.7837361476592892	4.5396709772680195	16987
32	0.40144067090439683	0.7920406795891726	4.5396709772680195	17514
33	0.4106776975879709	0.8000263174929483	4.5396709772680195	18038
34	0.4197721775634652	0.8120247384433714	4.5396709772680195	18566
35	0.4287263106257574	0.8192429884871459	4.5396709772680195	19097
36	0.43754226262227347	0.827919325039763	4.5396709772680195	19625
37	0.44622216597686803	0.8345272229582361	4.5396709772680195	20156
38	0.4547681202056201	0.8408813775966398	4.5396709772680195	20687
39	0.46318219242466907	0.8472461224927742	4.5396709772680195	21216
40	0.47146641785021426	0.8594664326933523	4.5396709772680195	21742
41	0.4796228002907974	0.8648629216779276	4.5396709772680195	22270
42	0.48765331263198874	0.8700521854854951	4.5396709772680195	22820
43	0.49555989731359384	0.8762896805821914	4.5396709772680195	23348
44	0.5033444667994951	0.8837122997472598	4.5396709772680195	23875
45	0.5110089040402437	0.8906895617624243	4.5396709772680195	24403
46	0.5185550629285114	0.8988878446302425	4.5396709772680195	24932
47	0.5259847687475159	0.9027705513964411	4.5396709772680195	25459
48	0.5332998186125233	0.9065041622228178	4.5396709772680195	25986
49	0.5405019819055399	0.9100944023934616	4.5396709772680195	26511
50	0.5475930007032939	0.9135467773415527	4.5396709772680195	27036
51	0.5545745901986134	0.9168665810916371	4.5396709772680195	27564
52	0.5614484391153014	0.9208569851992385	4.5396709772680195	28092
53	0.5682162101166085	0.9233895616728629	4.5396709772680195	28617
54	0.5748795402074016	0.9270668627125654	4.5396709772680195	29145
55	0.5814400411301268	0.9343601764413089	4.5396709772680195	29672
56	0.5878992997546619	0.9375108879721261	4.5396709772680195	30204
57	0.5942588784621516	0.9437597991749135	4.5396709772680195	30733
58	0.6005203155229208	0.9464593288145177	4.5396709772680195	31262
59	0.6066851254685548	0.9485152905880402	4.5396709772680195	31789
60	0.6127547994582376	0.9504923034294595	4.5396709772680195	32321
61	0.6187308056394376	0.9520765497197167	4.5396709772680195	32848
62	0.6246145895030265	0.9539168102104796	4.5396709772680195	33373
63	0.630407574232918	0.9553914722837442	4.5396709772680195	33897
64	0.6361111610503113	0.9575326816141245	4.5396709772680195	34434
65	0.6417267295526212	0.9595711128966465	4.5396709772680195	34963
66	0.6472556380471796	0.9611235821614154	4.5396709772680195	35489
67	0.6526992238797849	0.9626164366064169	4.5396709772680195	36019
68	0.6580588037581832	0.964410847649309	4.5396709772680195	36548
69	0.6633356740705569	0.9665461967903504	4.5396709772680195	37077
70	0.6685311111990977	0.9698915771113154	4.5396709772680195	37605
71	0.6736463718287411	0.9710477405502409	4.5396709772680195	38135
72	0.6786826932511372	0.9721595073131116	4.5396709772680195	38664
73	0.6836412936639282	0.9734958509620822	4.5396709772680195	39193
74	0.6885233724654107	0.9745136102851383	4.5396709772680195	39722
75	0.6933301105446482	0.9757369569914517	4.5396709772680195	40251
76	0.6980626705671074	0.9771927395719646	4.5396709772680195	40782
77	0.7027221972558866	0.9779225719056617	4.5396709772680195	41303
78	0.7073098176686043	0.9787703451444842	4.5396709772680195	41833
79	0.7118266414700147	0.9797893685775491	4.5396709772680195	42367
80	0.7162737612004157	0.9810020064628961	4.5396709772680195	42895
81	0.7206522525399155	0.981913910152677	4.5396709772680195	43417
82	0.7249631745686205	0.9826084160028143	4.5396709772680195	43941
83	0.7292075700228084	0.9832762528283062	4.5396709772680195	44468
84	0.7333864655471478	0.9839184447196992	4.5396709772680195	44994
85	0.7375008719430252	0.9846903593731537	4.5396709772680195	45523
86	0.7415517844130401	0.9854252221232424	4.5396709772680195	46052
87	0.7455401828017278	0.9859848935937098	4.5396709772680195	46576
88	0.7494670318325654	0.9864333769987111	4.5396709772680195	47109
89	0.753333281341322	0.9868675089347524	4.5396709772680195	47636
90	0.7571398665058078	0.9874978685058843	4.5396709772680195	48191
91	0.7608877080720762	0.9882479963955312	4.5396709772680195	48715
92	0.7645777125771367	0.9886992733339428	4.5396709772680195	49244
93	0.7682107725682302	0.989151302400585	4.5396709772680195	49772
94	0.7717877668187205	0.9895678923884026	4.5396709772680195	50299
95	0.7753095605406538	0.9899684853206879	4.5396709772680195	50824
96	0.7787770055940388	0.9903536954843736	4.5396709772680195	51349
97	0.7821909406928962	0.9909324737553111	4.5396709772680195	51877
98	0.7855521916081293	0.9912806667631072	4.5396709772680195	52404
99	0.7888615713672631	0.991699194758478	4.5396709772680195	52933
100	0.7921198804511016	0.9919648205262067	4.5396709772680195	53467
101	0.79532790698735	0.9923505091409488	4.5396709772680195	53993
102	0.7984864269412489	0.9926442495899364	4.5396709772680195	54524
103	0.8015962043032667	0.9929267104056828	4.5396709772680195	55057
104	0.8046579912738953	0.99326622830621	4.5396709772680195	55585
105	0.8076725284455943	0.9935248051392516	4.5396709772680195	56112
106	0.8106405449819278	0.9939133168308965	4.5396709772680195	56639
107	0.8135627587939351	0.9941080906923078	4.5396709772680195	57165
108	0.8164398767137817	0.994390902339077	4.5396709772680195	57694
109	0.8192725946657295	0.9946062916892564	4.5396709772680195	58222
110	0.8220615978344683	0.994813410088389	4.5396709772680195	58750
111	0.8248075608308499	0.9949793809655606	4.5396709772680195	59277
112	0.8275111478550652	0.9951721727364831	4.5396709772680195	59804
113	0.8301730128573019	0.9953575613034021	4.5396709772680195	60333
114	0.8327937996959238	0.995543258851266	4.5396709772680195	60855
115	0.8353741422932088	0.9958997981431648	4.5396709772680195	61383
116	0.837914664788684	0.9960572458944672	4.5396709772680195	61909
117	0.8404159816900932	0.9962464980915328	4.5396709772680195	62436
118	0.8428786980220363	0.9963666101526037	4.5396709772680195	62962
119	0.8453034094723135	0.9965410128652787	4.5396709772680195	63491
120	0.8476907025360123	0.9967070442477454	4.5396709772680195	64019
121	0.8500411546573702	0.996833493748632	4.5396709772680195	64546
122	0.8523553343694478	0.9970445941653898	4.5396709772680195	65078
123	0.8546338014316477	0.9971580817494389	4.5396709772680195	65607
124	0.8568771069651099	0.9972944938254658	4.5396709772680195	66133
125	0.8590857935860187	0.9973983852625679	4.5396709772680195	66658
126	0.8612603955368516	0.9974816369341657	4.5396709772680195	67189
127	0.8634014388156039	0.9975783420758938	4.5396709772680195	67715
128	0.8655094413030175	0.9976945816562509	4.5396709772680195	68242
129	0.8675849128878474	0.9979251234906258	4.5396709772680195	68772
130	0.8696283555901955	0.9980247175630758	4.5396709772680195	69303
131	0.8716402636829393	0.9981005684086536	4.5396709772680195	69828
132	0.8736211238112891	0.9981917411250383	4.5396709772680195	70355
133	0.8755714151104975	0.9982785375510365	4.5396709772680195	70886
134	0.8774916093217553	0.9983611677485866	4.5396709772680195	71418
135	0.8793821709062961	0.9984398316966545	4.5396709772680195	71945
136	0.8812435571577422	0.998595848526989	4.5396709772680195	72471
137	0.8830762183127152	0.9986407813741254	4.5396709772680195	72999
138	0.8848805976597413	0.998692975369359	4.5396709772680195	73531
139	0.8866571316464736	0.9987348001575395	4.5396709772680195	74061
140	0.8884062499852626	0.99878338383149	4.5396709772680195	74591
141	0.890128375757095	0.9989354608525537	4.5396709772680195	75118
142	0.89182392551393	0.9989763391558156	4.5396709772680195	75642
143	0.8934933093794557	0.9990156477322324	4.5396709772680195	76170
144	0.8951369311482913	0.9990534468593146	4.5396709772680195	76703
145	0.8967551883836571	0.9990837365598165	4.5396709772680195	77234
146	0.898348472513539	0.9991189210759196	4.5396709772680195	77762
147	0.8999171689253671	0.9991717858113645	4.5396709772680195	78291
148	0.9014616570592349	0.999211540092419	4.5396709772680195	78898
149	0.9029823104996788	0.9992641040862577	4.5396709772680195	79371
150	0.9044794970660417	0.9992935399228073	4.5396709772680195	79852
151	0.9059535789014423	0.9993206679897716	4.5396709772680195	80333
152	0.9074049125603707	0.9993750145505899	4.5396709772680195	80811
153	0.9088338490949328	0.9993990139918472	4.5396709772680195	81293
154	0.9102407341397641	0.9994440879424586	4.5396709772680195	81770
155	0.9116259079956319	0.9994654349654682	4.5396709772680195	82249
156	0.9129897057117488	0.9995188914689214	4.5396709772680195	82728
157	0.9143324571668143	0.9995419846784132	4.5396709772680195	83203
158	0.9156544871488079	0.9995595724667621	4.5396709772680195	83680
159	0.9169561154335486	0.9995948066694211	4.5396709772680195	84156
160	0.9182376568620432	0.9996191182692559	4.5396709772680195	84637
161	0.9194994214166413	0.9996337441277164	4.5396709772680195	85115
162	0.9207417142960141	0.9996630445974991	4.5396709772680195	85590
163	0.9219648359889768	0.9996792184568192	4.5396709772680195	86065
164	0.9231690823471717	0.99969846534941	4.5396709772680195	86543
165	0.9243547446566289	0.9997165574284455	4.5396709772680195	87017
166	0.9255221097082241	0.9997256275907351	4.5396709772680195	87494
167	0.9266714598670478	0.9997530648316617	4.5396709772680195	87973
168	0.9278030731407044	0.9997609667570485	4.5396709772680195	88449
169	0.9289172232465578	0.9997724403527102	4.5396709772680195	88923
170	0.9300141796779381	0.9997811786431661	4.5396709772680195	89399
171	0.9310942077693279	0.9997916820682942	4.5396709772680195	89880
172	0.932157568760542	0.999807305913172	4.5396709772680195	90356
173	0.9332045198599164	0.9998165552293398	4.5396709772680195	90834
174	0.9342353143065225	0.9998253605783315	4.5396709772680195	91310
175	0.9352502014314219	0.9998320667321235	4.5396709772680195	91787
176	0.936249426717974	0.9998387840628387	4.5396709772680195	92260
177	0.9372332318612151	0.9998484570190683	4.5396709772680195	92735
178	0.9382018548263199	0.9998533063944581	4.5396709772680195	93210
179	0.9391555299061606	0.9998589394289109	4.5396709772680195	93687
180	0.9400944877779791	0.9998657103363232	4.5396709772680195	94236
181	0.9410189555591831	0.9998721562401797	4.5396709772680195	94715
182	0.9419291568622822	0.9998782927406511	4.5396709772680195	95193
183	0.9428253118489753	0.9998841346890998	4.5396709772680195	95669
184	0.9437076372834047	0.999889696224023	4.5396709772680195	96146
185	0.9445763465845868	0.9998939318890205	4.5396709772680195	96625
186	0.9454316498780345	0.9998973260685718	4.5396709772680195	97098
187	0.9462737540465833	0.9999022544172804	4.5396709772680195	97571
188	0.9471028627804323	0.999906946205251	4.5396709772680195	98048
189	0.9479191766264133	0.9999105194709693	4.5396709772680195	98522
190	0.9487228930364995	0.9999133828478983	4.5396709772680195	98997
191	0.9495142064155659	0.9999220445631085	4.5396709772680195	99475
192	0.9502933081684121	0.9999250380518852	4.5396709772680195	99952
193	0.9510603867460601	0.9999279165906927	4.5396709772680195	100429
194	0.9518156276913369	0.9999302232597905	4.5396709772680195	100908
195	0.9525592136837545	0.9999324561154772	4.5396709772680195	101385
196	0.9532913245836966	0.9999356982219344	4.5396709772680195	101864
197	0.9540121374759235	0.9999377558788325	4.5396709772680195	102343
198	0.9547218267124061	0.9999397476907098	4.5396709772680195	102824
199	0.9554205639544987	0.9999420613793866	4.5396709772680195	103298
200	0.9561085182144601	0.9999442862224182	4.5396709772680195	103776
201	0.9567858558963357	0.9999464256314773	4.5396709772680195	104252
202	0.9574527408362071	0.999950711580959	4.5396709772680195	104729
203	0.9581093343418212	0.9999526042562502	4.5396709772680195	105205
204	0.9587557952316079	0.9999544242528102	4.5396709772680195	105678
205	0.9593922798730954	0.9999578424338494	4.5396709772680195	106149
206	0.9600189422207328	0.9999598659970247	4.5396709772680195	106624
207	0.960635933853129	0.999961407142739	4.5396709772680195	107100
208	0.9612434040097164	0.9999644945713199	4.5396709772680195	107576
209	0.9618414996268504	0.9999658579797811	4.5396709772680195	108052
210	0.9624303653733497	0.9999671690333576	4.5396709772680195	108528
211	0.9630101436854893	0.9999704521300218	4.5396709772680195	109002
212	0.963580974801454	0.999971586768229	4.5396709772680195	109477
213	0.9641429967952587	0.9999726778363289	4.5396709772680195	109952
214	0.9646963456101467	0.9999737270074139	4.5396709772680195	110427
215	0.9652411550914716	0.9999763543066725	4.5396709772680195	110904
216	0.9657775570190723	0.9999772623012964	4.5396709772680195	111379
217	0.9663056811391484	0.9999781354289266	4.5396709772680195	111853
218	0.966825655195643	0.999979184928338	4.5396709772680195	112329
219	0.9673376049611423	0.9999804338326378	4.5396709772680195	112803
220	0.9678416542672975	0.9999812164793322	4.5396709772680195	113289
221	0.9683379250347776	0.9999821180883243	4.5396709772680195	113765
222	0.9688265373027594	0.9999826903094979	4.5396709772680195	114240
223	0.9693076092579637	0.9999833550016132	4.5396709772680195	114718
224	0.969781257263242	0.9999839941695513	4.5396709772680195	115194
225	0.9702475958857228	0.9999846087934405	4.5396709772680195	115671
226	0.9707067379245234	0.9999851013120504	4.5396709772680195	116154
227	0.9711587944380339	0.999985816449072	4.5396709772680195	116638
228	0.9716038747707803	0.9999863610974277	4.5396709772680195	117118
229	0.9720420865798731	0.9999868848312864	4.5396709772680195	117595
230	0.9724735358610479	0.9999881963481577	4.5396709772680195	118070
231	0.9728983269743033	0.9999891406403052	4.5396709772680195	118547
232	0.9733165626691443	0.9999896618895705	4.5396709772680195	119020
233	0.9737283441094353	0.999990058873011	4.5396709772680195	119490
234	0.97413377089787	0.9999906553406304	4.5396709772680195	119962
235	0.9745329411000634	0.9999910141755501	4.5396709772680195	120434
236	0.9749259512682722	0.999991359231209	4.5396709772680195	120906
237	0.9753128964647495	0.9999920504927122	4.5396709772680195	121381
238	0.975693870284738	0.9999924320690621	4.5396709772680195	121857
239	0.9760689648791093	0.9999927226776101	4.5396709772680195	122331
240	0.9764382709766539	0.9999930021267899	4.5396709772680195	122808
241	0.9768018779060265	0.9999932708451211	4.5396709772680195	123285
242	0.9771598736173532	0.9999935938445553	4.5396709772680195	123763
243	0.9775123447035052	0.9999939013400166	4.5396709772680195	124240
244	0.9778593764210437	0.9999942672596157	4.5396709772680195	124716
245	0.9782010527108425	0.9999944873968465	4.5396709772680195	125193
246	0.9785374562183912	0.9999947520017978	4.5396709772680195	125670
247	0.9788686683137864	0.9999949535249287	4.5396709772680195	126146
248	0.9791947691114131	0.9999951473095715	4.5396709772680195	126624
249	0.9795158374893234	0.9999954384709973	4.5396709772680195	127096
250	0.9798319511083153	0.999996198725831	4.5396709772680195	127570
251	0.9801431864307178	0.9999963811869911	4.5396709772680195	128045
252	0.9804496187388858	0.9999965548900156	4.5396709772680195	128519
253	0.9807513221534092	0.999996687182239	4.5396709772680195	128994
254	0.9810483696510417	0.9999967931924073	4.5396709772680195	129473
255	0.9813408330823528	0.9999969471191718	4.5396709772680195	129947
256	0.9816287831891066	0.9999970448113582	4.5396709772680195	130421
257	0.9819122896213734	0.9999971393773948	4.5396709772680195	130894
258	0.982191420954377	0.9999972492253029	4.5396709772680195	131364
259	0.982466244705081	0.9999974142717847	4.5396709772680195	131839
260	0.9827368273485212	0.999997538386739	4.5396709772680195	132314
261	0.9830032343338835	0.9999976565441755	4.5396709772680195	132857
262	0.9832655301003359	0.999997890889758	4.5396709772680195	133327
263	0.9835237780926147	0.9999979583812857	4.5396709772680195	133942
264	0.9837780407763707	0.9999980367794443	4.5396709772680195	134419
265	0.9840283796532785	0.9999981121671137	4.5396709772680195	134896
266	0.9842748552759131	0.9999982027830923	4.5396709772680195	135371
267	0.9845175272623958	0.9999983106161067	4.5396709772680195	135846
268	0.9847564543108157	0.9999983917065336	4.5396709772680195	136318
269	0.9849916942134266	0.9999984431719245	4.5396709772680195	136793
270	0.9852233038706267	0.9999985178996721	4.5396709772680195	137268
271	0.9854513393047221	0.9999985748123247	4.5396709772680195	137743
272	0.9856758556734764	0.9999986295395314	4.5396709772680195	138218
273	0.9858969072834536	0.9999986821652135	4.5396709772680195	138692
274	0.9861145476031533	0.9999987810028225	4.5396709772680195	139165
275	0.9863288292759441	0.9999989029025402	4.5396709772680195	139639
276	0.9865398041327968	0.9999989380096589	4.5396709772680195	140115
277	0.9867475232048216	0.999998978790088	4.5396709772680195	140594
278	0.9869520367356114	0.9999990180045486	4.5396709772680195	141070
279	0.9871533941933952	0.9999990557131739	4.5396709772680195	141550
280	0.9873516442830033	0.9999990919737881	4.5396709772680195	142030
281	0.9875468349576483	0.9999991827764093	4.5396709772680195	142506
282	0.9877390134305241	0.999999318980341	4.5396709772680195	142982
283	0.9879282261862259	0.9999993516692847	4.5396709772680195	143461
284	0.988114518991994	0.9999993765651841	4.5396709772680195	143936
285	0.9882979369087842	0.9999994005050811	4.5396709772680195	144412
286	0.9884785243021672	0.9999994292808372	4.5396709772680195	144888
287	0.9886563248530597	0.9999994566753571	4.5396709772680195	145361
288	0.9888313815682902	0.9999994775390233	4.5396709772680195	145837
289	0.9890037367910018	0.9999995088866819	4.5396709772680195	146384
290	0.9891734322108937	0.9999995324601212	4.5396709772680195	146858
291	0.9893405088743059	0.999999567525612	4.5396709772680195	147331
292	0.9895050071941468	0.9999995841326286	4.5396709772680195	147806
293	0.9896669669596693	0.9999996174020183	4.5396709772680195	148283
294	0.9898264273460942	0.9999996320937807	4.5396709772680195	148757
295	0.9899834269240865	0.9999996497532793	4.5396709772680195	149233
296	0.9901380036690851	0.9999996665651218	4.5396709772680195	149708
297	0.9902901949704882	0.999999682569996	4.5396709772680195	150221
298	0.9904400376406967	0.9999996978066362	4.5396709772680195	150704
299	0.9905875679240193	0.9999997179528605	4.5396709772680195	151181
300	0.9907328215054387	0.9999997287834707	4.5396709772680195	151658
301	0.9908758335192437	0.999999741801864	4.5396709772680195	152139
302	0.991016638557527	0.9999997572937522	4.5396709772680195	152623
303	0.9911552706785528	0.9999997666136722	4.5396709772680195	153094
304	0.9912917634149948	0.9999997755757071	4.5396709772680195	153567
305	0.9914261497820474	0.9999997841935999	4.5396709772680195	154044
306	0.9915584622854109	0.9999997924805657	4.5396709772680195	154518
307	0.9916887329291545	0.9999997991211876	4.5396709772680195	154990
308	0.9918169932234577	0.9999998087633706	4.5396709772680195	155462
309	0.9919432741922315	0.9999998278870336	4.5396709772680195	155934
310	0.992067606380623	0.9999998450983302	4.5396709772680195	156407
311	0.9921900198624035	0.9999998525336103	4.5396709772680195	156879
312	0.992310544247243	0.9999998581963198	4.5396709772680195	157353
313	0.9924292086878719	0.999999863641581	4.5396709772680195	157831
314	0.9925460418871331	0.9999998772774229	4.5396709772680195	158308
315	0.9926610721049243	0.999999882186326	4.5396709772680195	158784
316	0.9927743271650334	0.9999998867103711	4.5396709772680195	159258
317	0.9928858344618694	0.9999998910606929	4.5396709772680195	159733
318	0.9929956209670875	0.9999998983233134	4.5396709772680195	160210
319	0.9931037132361139	0.9999999044239145	4.5396709772680195	160686
320	0.9932101374145689	0.9999999080940362	4.5396709772680195	161162
321	0.993314919244591	0.9999999125055224	4.5396709772680195	161640
322	0.9934180840710634	0.9999999177551911	4.5396709772680195	162112
323	0.9935196568477445	0.999999925979672	4.5396709772680195	162589
324	0.993619662143304	0.9999999295326477	4.5396709772680195	163063
325	0.9937181241472653	0.999999931787603	4.5396709772680195	163537
326	0.993815066675857	0.9999999358803469	4.5396709772680195	164013
327	0.9939105131777727	0.9999999379321758	4.5396709772680195	164486
328	0.9940044867398441	0.9999999409114313	4.5396709772680195	164954
329	0.9940970100926243	0.9999999437476826	4.5396709772680195	165425
330	0.9941881056158863	0.9999999455477567	4.5396709772680195	165902
331	0.9942777953440362	0.9999999481614644	4.5396709772680195	166381
332	0.9943661009714431	0.9999999506497141	4.5396709772680195	166854
333	0.9944530438576862	0.9999999522289232	4.5396709772680195	167328
334	0.9945386450327219	0.999999957006031	4.5396709772680195	167806
335	0.99462292520197	0.9999999586569994	4.5396709772680195	168275
336	0.9947059047513224	0.9999999602445706	4.5396709772680195	168749
337	0.9947876037520735	0.9999999617711791	4.5396709772680195	169228
338	0.994868041965776	0.9999999632391658	4.5396709772680195	169698
339	0.9949472388490203	0.9999999669152493	4.5396709772680195	170175
340	0.9950252135581403	0.9999999681857037	4.5396709772680195	170653
341	0.995101984953848	0.9999999697127899	4.5396709772680195	171127
342	0.9951775716057949	0.9999999727415109	4.5396709772680195	171603
343	0.9952519917970635	0.9999999737882369	4.5396709772680195	172078
344	0.9953252635285903	0.9999999747947685	4.5396709772680195	172555
345	0.9953974045235194	0.9999999757626494	4.5396709772680195	173034
346	0.9954684322314897	0.9999999766933637	4.5396709772680195	173507
347	0.9955383638328557	0.9999999774391761	4.5396709772680195	173984
348	0.9956072162428424	0.999999979244042	4.5396709772680195	174457
349	0.9956750061156381	0.999999980240328	4.5396709772680195	174929
350	0.9957417498484215	0.9999999809990994	4.5396709772680195	175404
351	0.9958074635853286	0.9999999816071282	4.5396709772680195	175876
352	0.9958721632213574	0.9999999823134145	4.5396709772680195	176352
353	0.9959358644062131	0.9999999828793852	4.5396709772680195	176825
354	0.9959985825480925	0.9999999835368168	4.5396709772680195	177303
355	0.996060332817412	0.9999999843270496	4.5396709772680195	177778
356	0.9961211301504767	0.9999999850793513	4.5396709772680195	178249
357	0.9961809892530927	0.9999999857955424	4.5396709772680195	178722
358	0.9962399246041252	0.999999986250085	4.5396709772680195	179195
359	0.9962979504589998	0.999999986910081	4.5396709772680195	179667
360	0.9963550808531512	0.999999987695476	4.5396709772680195	180142
361	0.9964113296054173	0.999999988187657	4.5396709772680195	180614
362	0.9964667103213831	0.9999999886412511	4.5396709772680195	181084
363	0.9965212363966703	0.9999999890774269	4.5396709772680195	181559
364	0.9965749210201785	0.9999999896017104	4.5396709772680195	182034
365	0.9966277771772746	0.9999999901008284	4.5396709772680195	182509
366	0.9966798176529339	0.9999999904809566	4.5396709772680195	182981
367	0.9967310550348331	0.999999990785566	4.5396709772680195	183454
368	0.9967815017163943	0.9999999911394002	4.5396709772680195	183930
369	0.9968311698997833	0.9999999916710363	4.5396709772680195	184402
370	0.9968800715988607	0.9999999920708265	4.5396709772680195	184875
371	0.9969282186420881	0.9999999924514268	4.5396709772680195	185350
372	0.9969756226753893	0.9999999928137583	4.5396709772680195	185821
373	0.9970222951649665	0.999999993043718	4.5396709772680195	186296
374	0.9970682474000752	0.999999993266319	4.5396709772680195	186764
375	0.9971134904957529	0.99999999367034	4.5396709772680195	187234
376	0.9971580353955098	0.9999999939133989	4.5396709772680195	187703
377	0.9972018928739742	0.9999999944003269	4.5396709772680195	188177
378	0.9972450735394993	0.9999999946153544	4.5396709772680195	188647
379	0.9972875878367292	0.9999999947876631	4.5396709772680195	189121
380	0.9973294460491254	0.9999999956563859	4.5396709772680195	189592
381	0.9973706583014538	0.9999999958231807	4.5396709772680195	190063
382	0.9974112345622338	0.9999999959835706	4.5396709772680195	190535
383	0.9974511846461499	0.9999999961378014	4.5396709772680195	191007
384	0.9974905182164254	0.9999999962861098	4.5396709772680195	191482
385	0.9975292447871595	0.9999999964287233	4.5396709772680195	191955
386	0.9975673737256293	0.9999999965658602	4.5396709772680195	192428
387	0.9976049142545548	0.9999999967719087	4.5396709772680195	192903
388	0.9976418754543301	0.999999996926857	4.5396709772680195	193381
389	0.9976782662652202	0.9999999970497827	4.5396709772680195	193851
390	0.9977140954895223	0.9999999971630711	4.5396709772680195	194323
391	0.9977493717936964	0.9999999972720092	4.5396709772680195	194864
392	0.9977841037104603	0.9999999974356886	4.5396709772680195	195336
393	0.9978182996408544	0.9999999975341581	4.5396709772680195	195817
394	0.9978519678562733	0.9999999976525186	4.5396709772680195	196311
395	0.9978851165004666	0.999999997727638	4.5396709772680195	196788
396	0.9979177535915088	0.9999999978639798	4.5396709772680195	197264
397	0.9979498870237387	0.9999999979460029	4.5396709772680195	197736
398	0.9979815245696686	0.9999999980445947	4.5396709772680195	198211
399	0.9980126738818651	0.9999999981912502	4.5396709772680195	198684
400	0.9980433424947992	0.9999999983118335	4.5396709772680195	199157
401	0.9980735378266696	0.9999999984806501	4.5396709772680195	199630
402	0.9981032671811964	0.9999999985389931	4.5396709772680195	200100
403	0.9981325377493877	0.9999999985950958	4.5396709772680195	200573
404	0.9981613566112799	0.9999999986625312	4.5396709772680195	201051
405	0.998189730737649	0.9999999987962781	4.5396709772680195	201526
406	0.9982176669916977	0.9999999988540568	4.5396709772680195	202002
407	0.9982451721307147	0.9999999988907269	4.5396709772680195	202486
408	0.9982722528077098	0.999999998933323	4.5396709772680195	202968
409	0.998298915573023	0.9999999989674567	4.5396709772680195	203436
410	0.9983251668759084	0.9999999990071063	4.5396709772680195	203907
411	0.998351013066095	0.9999999990547652	4.5396709772680195	204381
412	0.9983764603953219	0.9999999990850128	4.5396709772680195	204853
413	0.9984015150188509	0.9999999991201483	4.5396709772680195	205326
414	0.9984261829969551	0.9999999991539346	4.5396709772680195	205803
415	0.9984504702963848	0.9999999992173895	4.5396709772680195	206278
416	0.9984743827918109	0.9999999992760853	4.5396709772680195	206757
417	0.998497926267246	0.9999999993038836	4.5396709772680195	207229
418	0.9985211064174427	0.9999999993734953	4.5396709772680195	207698
419	0.9985439288492723	0.999999999397553	4.5396709772680195	208175
420	0.9985663990830799	0.999999999420687	4.5396709772680195	208641
421	0.99858852255402	0.9999999994931011	4.5396709772680195	209113
422	0.9986103046133715	0.999999999512566	4.5396709772680195	209581
423	0.9986317505298319	0.9999999995312835	4.5396709772680195	210059
424	0.9986528654907912	0.9999999995492822	4.5396709772680195	210532
425	0.9986736546035877	0.9999999995637052	4.5396709772680195	211010
426	0.9986941228967422	0.9999999995986087	4.5396709772680195	211484
427	0.9987142753211752	0.9999999996178756	4.5396709772680195	211953
428	0.998734116751404	0.999999999640803	4.5396709772680195	212420
429	0.9987536519867218	0.9999999996580444	4.5396709772680195	212890
430	0.9987728857523588	0.99999999969224	4.5396709772680195	213363
431	0.9987918227006248	0.999999999704058	4.5396709772680195	213837
432	0.9988104674120349	0.9999999997154222	4.5396709772680195	214309
433	0.9988288243964172	0.99999999972635	4.5396709772680195	214786
434	0.9988468980940033	0.9999999997368582	4.5396709772680195	215260
435	0.9988646928765033	0.9999999997565938	4.5396709772680195	215735
436	0.9988822130481622	0.9999999997760662	4.5396709772680195	216208
437	0.9988994628468016	0.9999999997846654	4.5396709772680195	216680
438	0.9989164464448448	0.9999999997975854	4.5396709772680195	217151
439	0.9989331679503256	0.9999999998097303	4.5396709772680195	217624
440	0.9989496314078823	0.9999999998188632	4.5396709772680195	218099
441	0.9989658407997359	0.9999999998275578	4.5396709772680195	218573
442	0.9989818000466536	0.9999999998341795	4.5396709772680195	219046
443	0.9989975130088966	0.9999999998421389	4.5396709772680195	219519
444	0.9990129834871544	0.9999999998482008	4.5396709772680195	219988
445	0.9990282152234637	0.9999999998540299	4.5396709772680195	220460
446	0.999043211902114	0.9999999998587009	4.5396709772680195	220928
447	0.9990579771505381	0.9999999998632225	4.5396709772680195	221403
448	0.9990725145401903	0.9999999998675994	4.5396709772680195	221879
449	0.9990868275874096	0.9999999998739546	4.5396709772680195	222350
450	0.9991009197542706	0.9999999998787947	4.5396709772680195	222826
451	0.9991147944494208	0.999999999883449	4.5396709772680195	223304
452	0.999128455028905	0.9999999998890435	4.5396709772680195	223779
453	0.9991419047969774	0.9999999998933042	4.5396709772680195	224254
454	0.9991551470069007	0.999999999899706	4.5396709772680195	224730
455	0.9991681848617324	0.999999999907228	4.5396709772680195	225209
456	0.9991810215151007	0.9999999999107905	4.5396709772680195	225683
457	0.9991936600719664	0.9999999999150725	4.5396709772680195	226159
458	0.9992061035893743	0.9999999999177902	4.5396709772680195	226636
459	0.9992183550771927	0.9999999999210786	4.5396709772680195	227111
460	0.999230417498841	0.9999999999241092	4.5396709772680195	227582
461	0.999242293772007	0.9999999999265377	4.5396709772680195	228058
462	0.9992539867693525	0.9999999999293586	4.5396709772680195	228536
463	0.9992654993192083	0.9999999999316191	4.5396709772680195	229009
464	0.9992768342062575	0.9999999999384572	4.5396709772680195	229480
465	0.9992879941722103	0.9999999999414113	4.5396709772680195	229953
466	0.9992989819164663	0.9999999999449266	4.5396709772680195	230424
467	0.9993098000967677	0.9999999999475702	4.5396709772680195	230898
468	0.9993204513298424	0.9999999999495834	4.5396709772680195	231369
469	0.9993309381920361	0.9999999999526085	4.5396709772680195	231840
470	0.9993412632199368	0.9999999999544282	4.5396709772680195	232333
471	0.9993514289109872	0.9999999999566157	4.5396709772680195	232806
472	0.9993614377240893	0.9999999999583511	4.5396709772680195	233278
473	0.9993712920801989	0.9999999999603503	4.5396709772680195	233750
474	0.999380994362912	0.9999999999618728	4.5396709772680195	234223
475	0.9993905469190398	0.9999999999633369	4.5396709772680195	234706
476	0.9993999520591781	0.9999999999647448	4.5396709772680195	235185
477	0.9994092120582648	0.999999999966437	4.5396709772680195	235666
478	0.9994183291561312	0.999999999968048	4.5396709772680195	236141
479	0.9994273055580427	0.9999999999706042	4.5396709772680195	236619
480	0.9994361434352333	0.999999999971733	4.5396709772680195	237093
481	0.9994448449254304	0.9999999999728184	4.5396709772680195	237572
482	0.9994534121333712	0.9999999999738622	4.5396709772680195	238047
483	0.9994618471313131	0.9999999999764759	4.5396709772680195	238520
484	0.9994701519595336	0.9999999999776051	4.5396709772680195	239016
485	0.9994783286268247	0.9999999999793967	4.5396709772680195	239504
486	0.9994863791109787	0.9999999999800561	4.5396709772680195	239978
487	0.999494305359266	0.9999999999810133	4.5396709772680195	240452
488	0.999502109288907	0.9999999999817424	4.5396709772680195	240936
489	0.9995097927875349	0.9999999999835681	4.5396709772680195	241418
490	0.9995173577136532	0.9999999999842255	4.5396709772680195	241893
491	0.9995248058970845	0.9999999999847302	4.5396709772680195	242381
492	0.9995321391394135	0.9999999999853166	4.5396709772680195	242871
493	0.9995393592144225	0.9999999999860214	4.5396709772680195	243354
494	0.999546467868521	0.9999999999866924	4.5396709772680195	243830
495	0.9995534668211672	0.9999999999871182	4.5396709772680195	244313
496	0.9995603577652851	0.9999999999876129	4.5396709772680195	244786
497	0.9995671423676726	0.9999999999882074	4.5396709772680195	245266
498	0.999573822269406	0.9999999999886603	4.5396709772680195	245758
499	0.9995803990862362	0.9999999999900777	4.5396709772680195	246242
