0	0.015432098765432056	0.03839999999999999	5.336042501333993	560
1	0.030626047858558048	0.13456	5.336042501333993	1134
2	0.045585522428642	0.18648640000000005	5.00855346333049	1667
3	0.06031414090968146	0.21772532224000007	4.876011179522381	2151
4	0.07481546589564314	0.2477646698659841	4.876011179522381	2636
5	0.08909300500219186	0.2838719657124169	4.876011179522381	3124
6	0.10315021171512095	0.30678806280961957	4.876011179522381	3610
7	0.11699048622569008	0.3289708447997117	4.876011179522381	4097
8	0.13061717625307134	0.3611802442493256	4.642325131328103	4583
9	0.1440335778541042	0.38162247643334724	4.642325131328103	5071
10	0.1572429362205532	0.4014105571874801	4.642325131328103	5555
11	0.17024844646406312	0.4205654193574807	4.642325131328103	6042
12	0.18305325438900033	0.4428157072541534	4.642325131328103	6526
13	0.19566045725336756	0.47996132677054315	4.642325131328103	7073
14	0.208073104517976	0.5007628736997214	4.642325131328103	7660
15	0.22029419858405663	0.5247262557621348	4.642325131328103	8148
16	0.2323266955194878	0.5429767675408688	4.642325131328103	8713
17	0.2441735057738167	0.5605264596672994	4.642325131328103	9198
18	0.2558374948822454	0.5774022436160752	4.642325131328103	9682
19	0.2673214841587539	0.5936299974612178	4.642325131328103	10169
20	0.2786282513785262	0.6131357575830794	4.642325131328103	10659
21	0.28976053144984526	0.6518221818247715	4.5396709772680195	11170
22	0.30072101707561927	0.6657492945517807	4.5396709772680195	11658
23	0.31151235940469924	0.690818097460397	4.5396709772680195	12148
24	0.32213716867314524	0.7155526496635654	4.5396709772680195	12637
25	0.3325980148355967	0.7292061224797142	4.5396709772680195	13254
26	0.34289742818689917	0.7378715265603634	4.5396709772680195	13747
27	0.35303789997413837	0.7479372599404455	4.5396709772680195	14237
28	0.3630218829992288	0.7576164691587323	4.5396709772680195	14728
29	0.37285179221220366	0.766923996743037	4.5396709772680195	15225
30	0.38253000529534864	0.7758741152681043	4.5396709772680195	15723
31	0.3920588632383216	0.793804186046656	4.5396709772680195	16216
32	0.40144067090439683	0.8017221053024643	4.5396709772680195	16714
33	0.4106776975879709	0.834768421085387	4.5396709772680195	17211
34	0.4197721775634652	0.8411133137157082	4.5396709772680195	17711
35	0.4287263106257574	0.8472145624690249	4.5396709772680195	18205
36	0.43754226262227347	0.8545482634705117	4.5396709772680195	18699
37	0.44622216597686803	0.8601336101532441	4.5396709772680195	19196
38	0.4547681202056201	0.8741202491379196	4.5396709772680195	19689
39	0.46318219242466907	0.8816730341896445	4.5396709772680195	20186
40	0.47146641785021426	0.8862167896767622	4.5396709772680195	20679
41	0.4796228002907974	0.8916783837722776	4.5396709772680195	21174
42	0.48765331263198874	0.8951446754915647	4.5396709772680195	21668
43	0.49555989731359384	0.8991711199526886	4.5396709772680195	22162
44	0.5033444667994951	0.9067332859562369	4.5396709772680195	22656
45	0.5110089040402437	0.9103147277755175	4.5396709772680195	23152
46	0.5185550629285114	0.9146196208422926	4.5396709772680195	23645
47	0.5259847687475159	0.9187178790418626	4.5396709772680195	24141
48	0.5332998186125233	0.9226194208478532	4.5396709772680195	24635
49	0.5405019819055399	0.927262255596982	4.5396709772680195	25130
50	0.5475930007032939	0.9307536673283269	4.5396709772680195	25656
51	0.5545745901986134	0.9334127265029191	4.5396709772680195	26150
52	0.5614484391153014	0.937407962912744	4.5396709772680195	26639
53	0.5682162101166085	0.9398114971368946	4.5396709772680195	27133
54	0.5748795402074016	0.9427005452743237	4.5396709772680195	27630
55	0.5814400411301268	0.9449008443357896	4.5396709772680195	28123
56	0.5878992997546619	0.9493087767889264	4.5396709772680195	28618
57	0.5942588784621516	0.9556451796903107	4.5396709772680195	29109
58	0.6005203155229208	0.9600806617212796	4.5396709772680195	29604
59	0.6066851254685548	0.9627419509398609	4.5396709772680195	30098
60	0.6127547994582376	0.9641726600237703	4.5396709772680195	30589
61	0.6187308056394376	0.9731294950178278	4.5396709772680195	31081
62	0.6246145895030265	0.9741613224091431	4.5396709772680195	31577
63	0.630407574232918	0.9754015789335042	4.5396709772680195	32074
64	0.6361111610503113	0.9763461583024577	4.5396709772680195	32568
65	0.6417267295526212	0.9772544658236433	4.5396709772680195	33068
66	0.6472556380471796	0.9781278943360154	4.5396709772680195	33559
67	0.6526992238797849	0.9797683022608142	4.5396709772680195	34052
68	0.6580588037581832	0.9807394237522952	4.5396709772680195	34549
69	0.6633356740705569	0.981663931412185	4.5396709772680195	35038
70	0.6685311111990977	0.9830391365562712	4.5396709772680195	35534
71	0.6736463718287411	0.9836904337125103	4.5396709772680195	36024
72	0.6786826932511372	0.9844732928943098	4.5396709772680195	36519
73	0.6836412936639282	0.9849701475216919	4.5396709772680195	37015
74	0.6885233724654107	0.9858719386703904	4.5396709772680195	37509
75	0.6933301105446482	0.986719622350167	4.5396709772680195	38004
76	0.6980626705671074	0.9876049808601558	4.5396709772680195	38495
77	0.7027221972558866	0.9880016214726308	4.5396709772680195	38989
78	0.7073098176686043	0.9884623592080818	4.5396709772680195	39480
79	0.7118266414700147	0.9893853704714353	4.5396709772680195	39970
80	0.7162737612004157	0.9898948726888064	4.5396709772680195	40464
81	0.7206522525399155	0.9909053854199258	4.5396709772680195	40957
82	0.7249631745686205	0.9914510622947302	4.5396709772680195	41453
83	0.7292075700228084	0.9919639985570464	4.5396709772680195	41945
84	0.7333864655471478	0.9922725810124559	4.5396709772680195	42439
85	0.7375008719430252	0.9925693139015775	4.5396709772680195	42933
86	0.7415517844130401	0.9929259868343018	4.5396709772680195	43425
87	0.7455401828017278	0.993810238480014	4.5396709772680195	43921
88	0.7494670318325654	0.9941073470329734	4.5396709772680195	44415
89	0.753333281341322	0.9942959119279182	4.5396709772680195	44907
90	0.7571398665058078	0.9945697081553782	4.5396709772680195	45400
91	0.7608877080720762	0.9947782313622117	4.5396709772680195	45893
92	0.7645777125771367	0.9950288762568255	4.5396709772680195	46390
93	0.7682107725682302	0.995327143681416	4.5396709772680195	46882
94	0.7717877668187205	0.9955065813640496	4.5396709772680195	47376
95	0.7753095605406538	0.9956791286396701	4.5396709772680195	47875
96	0.7787770055940388	0.9958173965232007	4.5396709772680195	48375
97	0.7821909406928962	0.9959780084967097	4.5396709772680195	48878
98	0.7855521916081293	0.9961710640888677	4.5396709772680195	49376
99	0.7888615713672631	0.9963548530126021	4.5396709772680195	49875
100	0.7921198804511016	0.9964948266569181	4.5396709772680195	50374
101	0.79532790698735	0.9966069922038967	4.5396709772680195	50871
102	0.7984864269412489	0.996878432827585	4.5396709772680195	51365
103	0.8015962043032667	0.9971281582013782	4.5396709772680195	51862
104	0.8046579912738953	0.9973004687092955	4.5396709772680195	52363
105	0.8076725284455943	0.9974624405867377	4.5396709772680195	52859
106	0.8106405449819278	0.9975598828682071	4.5396709772680195	53351
107	0.8135627587939351	0.9976770084905331	4.5396709772680195	53847
108	0.8164398767137817	0.9977885120829875	4.5396709772680195	54343
109	0.8192725946657295	0.9978592796963319	4.5396709772680195	54841
110	0.8220615978344683	0.998019833719107	4.5396709772680195	55333
111	0.8248075608308499	0.9980831990400956	4.5396709772680195	55827
112	0.8275111478550652	0.998175205486171	4.5396709772680195	56318
113	0.8301730128573019	0.9982452775955021	4.5396709772680195	56815
114	0.8327937996959238	0.9983126589358348	4.5396709772680195	57380
115	0.8353741422932088	0.9983774528326987	4.5396709772680195	57871
116	0.837914664788684	0.9984553350967291	4.5396709772680195	58367
117	0.8404159816900932	0.9986098015870563	4.5396709772680195	58876
118	0.8428786980220363	0.9986631852061133	4.5396709772680195	59372
119	0.8453034094723135	0.9987273523162199	4.5396709772680195	59868
120	0.8476907025360123	0.9988546170845979	4.5396709772680195	60363
121	0.8500411546573702	0.9988985997885493	4.5396709772680195	60870
122	0.8523553343694478	0.998940893556669	4.5396709772680195	61366
123	0.8546338014316477	0.9989815632440929	4.5396709772680195	61861
124	0.8568771069651099	0.999014153220282	4.5396709772680195	62354
125	0.8590857935860187	0.9990457003172329	4.5396709772680195	62850
126	0.8612603955368516	0.999102958298199	4.5396709772680195	63346
127	0.8634014388156039	0.9991316636326566	4.5396709772680195	63843
128	0.8655094413030175	0.9991650077491626	4.5396709772680195	64340
129	0.8675849128878474	0.9991970714515948	4.5396709772680195	64836
130	0.8696283555901955	0.9992773643064352	4.5396709772680195	65332
131	0.8716402636829393	0.9993051135170682	4.5396709772680195	65829
132	0.8736211238112891	0.9993607044357027	4.5396709772680195	66323
133	0.8755714151104975	0.9993852533853718	4.5396709772680195	66819
134	0.8774916093217553	0.9994088596553734	4.5396709772680195	67314
135	0.8793821709062961	0.999431559444607	4.5396709772680195	67807
136	0.8812435571577422	0.9994770346890385	4.5396709772680195	68300
137	0.8830762183127152	0.9994971165569795	4.5396709772680195	68797
138	0.8848805976597413	0.9995212549622444	4.5396709772680195	69293
139	0.8866571316464736	0.9995404047637546	4.5396709772680195	69787
140	0.8884062499852626	0.9995551118113145	4.5396709772680195	70288
141	0.890128375757095	0.99957219551776	4.5396709772680195	70782
142	0.89182392551393	0.9995893076970497	4.5396709772680195	71275
143	0.8934933093794557	0.9996024498507441	4.5396709772680195	71774
144	0.8951369311482913	0.9996151714555203	4.5396709772680195	72271
145	0.8967551883836571	0.9996336432256553	4.5396709772680195	72770
146	0.898348472513539	0.9997069145805242	4.5396709772680195	73268
147	0.8999171689253671	0.9997244997056928	4.5396709772680195	73764
148	0.9014616570592349	0.9997410297233512	4.5396709772680195	74261
149	0.9029823104996788	0.9997534602966304	4.5396709772680195	74760
150	0.9044794970660417	0.9997629274212397	4.5396709772680195	75261
151	0.9059535789014423	0.9997720310082642	4.5396709772680195	75759
152	0.9074049125603707	0.9997807850175467	4.5396709772680195	76253
153	0.9088338490949328	0.9997913073367045	4.5396709772680195	76749
154	0.9102407341397641	0.9998260894472538	4.5396709772680195	77243
155	0.9116259079956319	0.9998327676124792	4.5396709772680195	77737
156	0.9129897057117488	0.99983945690798	4.5396709772680195	78231
157	0.9143324571668143	0.9998514976398816	4.5396709772680195	78723
158	0.9156544871488079	0.9998586257531672	4.5396709772680195	79206
159	0.9169561154335486	0.9998640545242456	4.5396709772680195	79690
160	0.9182376568620432	0.9998705799070818	4.5396709772680195	80174
161	0.9194994214166413	0.9998767920715419	4.5396709772680195	80658
162	0.9207417142960141	0.9998807347252525	4.5396709772680195	81142
163	0.9219648359889768	0.9998864594584405	4.5396709772680195	81628
164	0.9231690823471717	0.9998900927557703	4.5396709772680195	82116
165	0.9243547446566289	0.9998943131939487	4.5396709772680195	82603
166	0.9255221097082241	0.9998983715673011	4.5396709772680195	83090
167	0.9266714598670478	0.9999032497320707	4.5396709772680195	83576
168	0.9278030731407044	0.9999069649423592	4.5396709772680195	84060
169	0.9289172232465578	0.9999105374885726	4.5396709772680195	84543
170	0.9300141796779381	0.9999148316891211	4.5396709772680195	85026
171	0.9310942077693279	0.9999181021522588	4.5396709772680195	85536
172	0.932157568760542	0.9999230160231233	4.5396709772680195	86019
173	0.9332045198599164	0.9999267112540134	4.5396709772680195	86501
174	0.9342353143065225	0.9999302291138208	4.5396709772680195	86983
175	0.9352502014314219	0.999935810784715	4.5396709772680195	87538
176	0.936249426717974	0.9999378648396042	4.5396709772680195	88021
177	0.9372332318612151	0.9999408473273032	4.5396709772680195	88506
178	0.9382018548263199	0.9999436866555926	4.5396709772680195	88990
179	0.9391555299061606	0.9999463896961241	4.5396709772680195	89475
180	0.9400944877779791	0.9999481052258482	4.5396709772680195	89958
181	0.9410189555591831	0.9999500979851756	4.5396709772680195	90442
182	0.9419291568622822	0.9999524932818872	4.5396709772680195	90925
183	0.9428253118489753	0.999955343684974	4.5396709772680195	91408
184	0.9437076372834047	0.9999598093164765	4.5396709772680195	91893
185	0.9445763465845868	0.9999630245711585	4.5396709772680195	92377
186	0.9454316498780345	0.999964444427626	4.5396709772680195	92859
187	0.9462737540465833	0.9999679999848634	4.5396709772680195	93346
188	0.9471028627804323	0.9999705599860743	4.5396709772680195	93836
189	0.9479191766264133	0.999971690482609	4.5396709772680195	94319
190	0.9487228930364995	0.9999735777837685	4.5396709772680195	94803
191	0.9495142064155659	0.9999755594499858	4.5396709772680195	95286
192	0.9502933081684121	0.9999767325963865	4.5396709772680195	95773
193	0.9510603867460601	0.9999796410218382	4.5396709772680195	96261
194	0.9518156276913369	0.9999802925091393	4.5396709772680195	96749
195	0.9525592136837545	0.9999810492767884	4.5396709772680195	97244
196	0.9532913245836966	0.9999819589115025	4.5396709772680195	97733
197	0.9540121374759235	0.9999826516893009	4.5396709772680195	98220
198	0.9547218267124061	0.9999836925879428	4.5396709772680195	98707
199	0.9554205639544987	0.9999844753437216	4.5396709772680195	99193
200	0.9561085182144601	0.9999857173162239	4.5396709772680195	99677
201	0.9567858558963357	0.9999865742772505	4.5396709772680195	100161
202	0.9574527408362071	0.999987089825004	4.5396709772680195	100647
203	0.9581093343418212	0.9999875855757239	4.5396709772680195	101131
204	0.9587557952316079	0.9999881814680891	4.5396709772680195	101613
205	0.9593922798730954	0.9999886352997145	4.5396709772680195	102093
206	0.9600189422207328	0.9999889989701236	4.5396709772680195	102577
207	0.960635933853129	0.9999898790525137	4.5396709772680195	103060
208	0.9612434040097164	0.9999904863093629	4.5396709772680195	103541
209	0.9618414996268504	0.9999908516350834	4.5396709772680195	104031
210	0.9624303653733497	0.9999912907565993	4.5396709772680195	104513
211	0.9630101436854893	0.9999916251915459	4.5396709772680195	104997
212	0.963580974801454	0.9999920271823517	4.5396709772680195	105480
213	0.9641429967952587	0.9999928244641165	4.5396709772680195	105971
214	0.9646963456101467	0.999993168889839	4.5396709772680195	106448
215	0.9652411550914716	0.9999934967831267	4.5396709772680195	106927
216	0.9657775570190723	0.9999937048860666	4.5396709772680195	107407
217	0.9663056811391484	0.9999939063297125	4.5396709772680195	107893
218	0.966825655195643	0.9999941988258864	4.5396709772680195	108373
219	0.9673376049611423	0.9999944772822438	4.5396709772680195	108851
220	0.9678416542672975	0.9999946893546056	4.5396709772680195	109330
221	0.9683379250347776	0.9999948932833888	4.5396709772680195	109809
222	0.9688265373027594	0.9999950566983203	4.5396709772680195	110294
223	0.9693076092579637	0.999995293976801	4.5396709772680195	110776
224	0.969781257263242	0.9999955763381929	4.5396709772680195	111261
225	0.9702475958857228	0.9999960187043736	4.5396709772680195	111741
226	0.9707067379245234	0.9999962575821112	4.5396709772680195	112221
227	0.9711587944380339	0.9999966318239001	4.5396709772680195	112701
228	0.9716038747707803	0.9999967611618623	4.5396709772680195	113189
229	0.9720420865798731	0.9999968855332468	4.5396709772680195	113679
230	0.9724735358610479	0.9999970350276509	4.5396709772680195	114161
231	0.9728983269743033	0.9999971488825892	4.5396709772680195	114643
232	0.9733165626691443	0.9999972583654977	4.5396709772680195	115130
233	0.9737283441094353	0.9999973636442626	4.5396709772680195	115621
234	0.97413377089787	0.9999974480076462	4.5396709772680195	116102
235	0.9745329411000634	0.9999976521670345	4.5396709772680195	116587
236	0.9749259512682722	0.9999977423238204	4.5396709772680195	117080
237	0.9753128964647495	0.9999978290185857	4.5396709772680195	117557
238	0.975693870284738	0.999997898489991	4.5396709772680195	118040
239	0.9760689648791093	0.9999979791879753	4.5396709772680195	118517
240	0.9764382709766539	0.9999980438539601	4.5396709772680195	118996
241	0.9768018779060265	0.999998118969968	4.5396709772680195	119475
242	0.9771598736173532	0.999998179162929	4.5396709772680195	119955
243	0.9775123447035052	0.9999982490830726	4.5396709772680195	120441
244	0.9778593764210437	0.9999983051124143	4.5396709772680195	120921
245	0.9782010527108425	0.9999983701960975	4.5396709772680195	121405
246	0.9785374562183912	0.9999985331764878	4.5396709772680195	121883
247	0.9788686683137864	0.9999985895025106	4.5396709772680195	122365
248	0.9791947691114131	0.9999986436656142	4.5396709772680195	122842
249	0.9795158374893234	0.9999986870683146	4.5396709772680195	123321
250	0.9798319511083153	0.9999988183614831	4.5396709772680195	123802
251	0.9801431864307178	0.9999988637364021	4.5396709772680195	124282
252	0.9804496187388858	0.9999989073689244	4.5396709772680195	124760
253	0.9807513221534092	0.9999989598152159	4.5396709772680195	125237
254	0.9810483696510417	0.999999022226303	4.5396709772680195	125717
255	0.9813408330823528	0.999999059772813	4.5396709772680195	126194
256	0.9816287831891066	0.9999991049037179	4.5396709772680195	126673
257	0.9819122896213734	0.9999991392754152	4.5396709772680195	127153
258	0.982191420954377	0.9999991723272392	4.5396709772680195	127632
259	0.982466244705081	0.9999991988127676	4.5396709772680195	128114
260	0.9827368273485212	0.9999992295783573	4.5396709772680195	128600
261	0.9830032343338835	0.999999260395223	4.5396709772680195	129084
262	0.9832655301003359	0.9999992958962524	4.5396709772680195	129569
263	0.9835237780926147	0.9999993184275723	4.5396709772680195	130052
264	0.9837780407763707	0.9999993445999534	4.5396709772680195	130535
265	0.9840283796532785	0.9999993655727549	4.5396709772680195	131021
266	0.9842748552759131	0.9999993899347611	4.5396709772680195	131504
267	0.9845175272623958	0.9999994094568488	4.5396709772680195	131987
268	0.9847564543108157	0.9999994378029201	4.5396709772680195	132471
269	0.9849916942134266	0.999999459391288	4.5396709772680195	132954
270	0.9852233038706267	0.9999994918278107	4.5396709772680195	133438
271	0.9854513393047221	0.9999995162200758	4.5396709772680195	133928
272	0.9856758556734764	0.9999995394415121	4.5396709772680195	134411
273	0.9858969072834536	0.9999995615483195	4.5396709772680195	134896
274	0.9861145476031533	0.9999996053934875	4.5396709772680195	135380
275	0.9863288292759441	0.999999618020896	4.5396709772680195	135862
276	0.9865398041327968	0.999999636355893	4.5396709772680195	136341
277	0.9867475232048216	0.9999996969632441	4.5396709772680195	136824
278	0.9869520367356114	0.9999997085998555	4.5396709772680195	137305
279	0.9871533941933952	0.9999997179246601	4.5396709772680195	137787
280	0.9873516442830033	0.9999997348491806	4.5396709772680195	138265
281	0.9875468349576483	0.9999997507582298	4.5396709772680195	138748
282	0.9877390134305241	0.9999997587339664	4.5396709772680195	139227
283	0.9879282261862259	0.999999767998582	4.5396709772680195	139711
284	0.988114518991994	0.9999997769074366	4.5396709772680195	140195
285	0.9882979369087842	0.999999785474191	4.5396709772680195	140676
286	0.9884785243021672	0.999999793711982	4.5396709772680195	141162
287	0.9886563248530597	0.9999998036138069	4.5396709772680195	141644
288	0.9888313815682902	0.9999998111550367	4.5396709772680195	142127
289	0.9890037367910018	0.9999998184066833	4.5396709772680195	142611
290	0.9891734322108937	0.9999998293022823	4.5396709772680195	143091
291	0.9893405088743059	0.999999836130191	4.5396709772680195	143570
292	0.9895050071941468	0.9999998413740249	4.5396709772680195	144052
293	0.9896669669596693	0.9999998477190639	4.5396709772680195	144536
294	0.9898264273460942	0.9999998550285488	4.5396709772680195	145017
295	0.9899834269240865	0.9999998596676353	4.5396709772680195	145505
296	0.9901380036690851	0.999999865056398	4.5396709772680195	145990
297	0.9902901949704882	0.9999998702382323	4.5396709772680195	146473
298	0.9904400376406967	0.9999998754287031	4.5396709772680195	146954
299	0.9905875679240193	0.9999998829029809	4.5396709772680195	147436
300	0.9907328215054387	0.9999998922707425	4.5396709772680195	147915
301	0.9908758335192437	0.9999998964075459	4.5396709772680195	148396
302	0.991016638557527	0.9999999003854961	4.5396709772680195	148877
303	0.9911552706785528	0.9999999103469466	4.5396709772680195	149352
304	0.9912917634149948	0.9999999132158442	4.5396709772680195	149829
305	0.9914261497820474	0.9999999165483558	4.5396709772680195	150305
306	0.9915584622854109	0.9999999197528989	4.5396709772680195	150787
307	0.9916887329291545	0.9999999257714316	4.5396709772680195	151264
308	0.9918169932234577	0.9999999313385742	4.5396709772680195	151742
309	0.9919432741922315	0.9999999340850312	4.5396709772680195	152220
310	0.992067606380623	0.999999936616166	4.5396709772680195	152711
311	0.9921900198624035	0.99999993965859	4.5396709772680195	153189
312	0.992310544247243	0.9999999425549777	4.5396709772680195	153676
313	0.9924292086878719	0.9999999443932185	4.5396709772680195	154160
314	0.9925460418871331	0.9999999499538966	4.5396709772680195	154643
315	0.9926610721049243	0.9999999523561096	4.5396709772680195	155124
316	0.9927743271650334	0.9999999552147429	4.5396709772680195	155605
317	0.9928858344618694	0.9999999573644354	4.5396709772680195	156085
318	0.9929956209670875	0.9999999626938809	4.5396709772680195	156565
319	0.9931037132361139	0.9999999656783705	4.5396709772680195	157046
320	0.9932101374145689	0.9999999699685741	4.5396709772680195	157528
321	0.993314919244591	0.9999999711217809	4.5396709772680195	158008
322	0.9934180840710634	0.9999999728544741	4.5396709772680195	158488
323	0.9935196568477445	0.9999999738968622	4.5396709772680195	158972
324	0.993619662143304	0.9999999748992228	4.5396709772680195	159452
325	0.9937181241472653	0.9999999758630925	4.5396709772680195	159937
326	0.993815066675857	0.9999999770216641	4.5396709772680195	160417
327	0.9939105131777727	0.9999999784003643	4.5396709772680195	160901
328	0.9940044867398441	0.9999999796963425	4.5396709772680195	161379
329	0.9940970100926243	0.999999980670918	4.5396709772680195	161858
330	0.9941881056158863	0.9999999821205992	4.5396709772680195	162338
331	0.9942777953440362	0.9999999828071682	4.5396709772680195	162820
332	0.9943661009714431	0.9999999834673728	4.5396709772680195	163304
333	0.9944530438576862	0.9999999844593305	4.5396709772680195	163786
334	0.9945386450327219	0.9999999852052827	4.5396709772680195	164272
335	0.99462292520197	0.999999985915429	4.5396709772680195	164757
336	0.9947059047513224	0.9999999863661353	4.5396709772680195	165241
337	0.9947876037520735	0.9999999870205608	4.5396709772680195	165727
338	0.994868041965776	0.9999999875189713	4.5396709772680195	166210
339	0.9949472388490203	0.9999999881180607	4.5396709772680195	166693
340	0.9950252135581403	0.9999999890686159	4.5396709772680195	167175
341	0.995101984953848	0.9999999897244989	4.5396709772680195	167659
342	0.9951775716057949	0.9999999902177229	4.5396709772680195	168140
343	0.9952519917970635	0.9999999906872722	4.5396709772680195	168621
344	0.9953252635285903	0.9999999912460359	4.5396709772680195	169103
345	0.9953974045235194	0.9999999915821881	4.5396709772680195	169584
346	0.9954684322314897	0.9999999919862431	4.5396709772680195	170065
347	0.9955383638328557	0.9999999922939714	4.5396709772680195	170543
348	0.9956072162428424	0.9999999925405643	4.5396709772680195	171028
349	0.9956750061156381	0.9999999927792662	4.5396709772680195	171509
350	0.9957417498484215	0.9999999931258614	4.5396709772680195	171990
351	0.9958074635853286	0.9999999934558201	4.5396709772680195	172469
352	0.9958721632213574	0.9999999945465168	4.5396709772680195	172952
353	0.9959358644062131	0.9999999949555279	4.5396709772680195	173436
354	0.9959985825480925	0.9999999951976627	4.5396709772680195	173919
355	0.996060332817412	0.9999999953513374	4.5396709772680195	174399
356	0.9961211301504767	0.9999999955298461	4.5396709772680195	174879
357	0.9961809892530927	0.9999999957980553	4.5396709772680195	175359
358	0.9962399246041252	0.9999999961342109	4.5396709772680195	175841
359	0.9962979504589998	0.9999999963197688	4.5396709772680195	176326
360	0.9963550808531512	0.9999999964610896	4.5396709772680195	176809
361	0.9964113296054173	0.9999999966734243	4.5396709772680195	177290
362	0.9964667103213831	0.999999996895196	4.5396709772680195	177771
363	0.9965212363966703	0.9999999970442266	4.5396709772680195	178254
364	0.9965749210201785	0.9999999971861037	4.5396709772680195	178741
365	0.9966277771772746	0.9999999973736968	4.5396709772680195	179221
366	0.9966798176529339	0.9999999976363271	4.5396709772680195	179721
367	0.9967310550348331	0.9999999977270921	4.5396709772680195	180204
368	0.9967815017163943	0.9999999978634666	4.5396709772680195	180684
369	0.9968311698997833	0.9999999979455095	4.5396709772680195	181164
370	0.9968800715988607	0.9999999980441251	4.5396709772680195	181650
371	0.9969282186420881	0.999999998138007	4.5396709772680195	182134
372	0.9969756226753893	0.9999999982095076	4.5396709772680195	182615
373	0.9970222951649665	0.9999999982954512	4.5396709772680195	183097
374	0.9970682474000752	0.9999999983772696	4.5396709772680195	183579
375	0.9971134904957529	0.999999998429197	4.5396709772680195	184061
376	0.9971580353955098	0.9999999985548612	4.5396709772680195	184544
377	0.9972018928739742	0.9999999986103545	4.5396709772680195	185027
378	0.9972450735394993	0.9999999986637169	4.5396709772680195	185516
379	0.9972875878367292	0.9999999987438939	4.5396709772680195	186000
380	0.9973294460491254	0.9999999987921283	4.5396709772680195	186485
381	0.9973706583014538	0.9999999988385107	4.5396709772680195	186968
382	0.9974112345622338	0.9999999989082	4.5396709772680195	187447
383	0.9974511846461499	0.9999999989501251	4.5396709772680195	187928
384	0.9974905182164254	0.9999999990131176	4.5396709772680195	188416
385	0.9975292447871595	0.9999999990446978	4.5396709772680195	188894
386	0.9975673737256293	0.9999999990813815	4.5396709772680195	189377
387	0.9976049142545548	0.9999999991166564	4.5396709772680195	189855
388	0.9976418754543301	0.9999999991873239	4.5396709772680195	190338
389	0.9976782662652202	0.9999999992185307	4.5396709772680195	190820
390	0.9977140954895223	0.9999999992435377	4.5396709772680195	191297
391	0.9977493717936964	0.9999999992889254	4.5396709772680195	191779
392	0.9977841037104603	0.9999999993230569	4.5396709772680195	192265
393	0.9978182996408544	0.9999999993490516	4.5396709772680195	192747
394	0.9978519678562733	0.9999999993750895	4.5396709772680195	193230
395	0.9978851165004666	0.9999999993990861	4.5396709772680195	193709
396	0.9979177535915088	0.9999999994441546	4.5396709772680195	194194
397	0.9979498870237387	0.9999999994654991	4.5396709772680195	194674
398	0.9979815245696686	0.9999999994911551	4.5396709772680195	195157
399	0.9980126738818651	0.9999999995293185	4.5396709772680195	195644
400	0.9980433424947992	0.9999999995473927	4.5396709772680195	196131
401	0.9980735378266696	0.9999999995618761	4.5396709772680195	196611
402	0.9981032671811964	0.9999999995881635	4.5396709772680195	197089
403	0.9981325377493877	0.9999999996039781	4.5396709772680195	197572
404	0.9981613566112799	0.9999999996191853	4.5396709772680195	198053
405	0.998189730737649	0.9999999996477464	4.5396709772680195	198536
406	0.9982176669916977	0.9999999996759267	4.5396709772680195	199015
407	0.9982451721307147	0.999999999688371	4.5396709772680195	199502
408	0.9982722528077098	0.9999999997003377	4.5396709772680195	199979
409	0.998298915573023	0.9999999997147214	4.5396709772680195	200456
410	0.9983251668759084	0.9999999997238503	4.5396709772680195	200936
411	0.998351013066095	0.9999999997514654	4.5396709772680195	201415
412	0.9983764603953219	0.9999999997610091	4.5396709772680195	201897
413	0.9984015150188509	0.9999999997701863	4.5396709772680195	202378
414	0.9984261829969551	0.9999999997775404	4.5396709772680195	202859
415	0.9984504702963848	0.9999999997860828	4.5396709772680195	203340
416	0.9984743827918109	0.9999999997942972	4.5396709772680195	203827
417	0.998497926267246	0.9999999998021962	4.5396709772680195	204305
418	0.9985211064174427	0.9999999998116907	4.5396709772680195	204787
419	0.9985439288492723	0.9999999998430756	4.5396709772680195	205275
420	0.9985663990830799	0.9999999998491016	4.5396709772680195	205756
421	0.99858852255402	0.9999999998548961	4.5396709772680195	206235
422	0.9986103046133715	0.999999999861861	4.5396709772680195	206714
423	0.9986317505298319	0.9999999998671656	4.5396709772680195	207192
424	0.9986528654907912	0.9999999998735416	4.5396709772680195	207673
425	0.9986736546035877	0.9999999998783976	4.5396709772680195	208159
426	0.9986941228967422	0.9999999998830672	4.5396709772680195	208644
427	0.9987142753211752	0.9999999998886799	4.5396709772680195	209128
428	0.998734116751404	0.9999999998940233	4.5396709772680195	209611
429	0.9987536519867218	0.999999999904621	4.5396709772680195	210096
430	0.9987728857523588	0.9999999999076731	4.5396709772680195	210577
431	0.9987918227006248	0.9999999999121048	4.5396709772680195	211064
432	0.9988104674120349	0.9999999999173785	4.5396709772680195	211545
433	0.9988288243964172	0.9999999999213444	4.5396709772680195	212025
434	0.9988468980940033	0.9999999999243647	4.5396709772680195	212506
435	0.9988646928765033	0.9999999999289029	4.5396709772680195	212994
436	0.9988822130481622	0.9999999999323155	4.5396709772680195	213474
437	0.9988994628468016	0.9999999999377303	4.5396709772680195	213957
438	0.9989164464448448	0.9999999999397229	4.5396709772680195	214434
439	0.9989331679503256	0.9999999999433395	4.5396709772680195	214919
440	0.9989496314078823	0.9999999999455152	4.5396709772680195	215398
441	0.9989658407997359	0.9999999999472587	4.5396709772680195	215877
442	0.9989818000466536	0.999999999949284	4.5396709772680195	216359
443	0.9989975130088966	0.9999999999517184	4.5396709772680195	216838
444	0.9990129834871544	0.9999999999535725	4.5396709772680195	217316
445	0.9990282152234637	0.9999999999558009	4.5396709772680195	217795
446	0.999043211902114	0.9999999999584529	4.5396709772680195	218277
447	0.9990579771505381	0.9999999999609457	4.5396709772680195	218760
448	0.9990725145401903	0.9999999999624454	4.5396709772680195	219245
449	0.9990868275874096	0.999999999964248	4.5396709772680195	219729
450	0.9991009197542706	0.9999999999659641	4.5396709772680195	220230
451	0.9991147944494208	0.9999999999686869	4.5396709772680195	220711
452	0.999128455028905	0.9999999999698894	4.5396709772680195	221192
453	0.9991419047969774	0.9999999999710456	4.5396709772680195	221672
454	0.9991551470069007	0.9999999999719722	4.5396709772680195	222151
455	0.9991681848617324	0.9999999999730484	4.5396709772680195	222640
456	0.9991810215151007	0.9999999999740834	4.5396709772680195	223123
457	0.9991936600719664	0.9999999999753274	4.5396709772680195	223604
458	0.9992061035893743	0.9999999999762749	4.5396709772680195	224088
459	0.9992183550771927	0.9999999999774136	4.5396709772680195	224573
460	0.999230417498841	0.9999999999782809	4.5396709772680195	225060
461	0.999242293772007	0.9999999999793234	4.5396709772680195	225547
462	0.9992539867693525	0.999999999980316	4.5396709772680195	226035
463	0.9992654993192083	0.9999999999822844	4.5396709772680195	226514
464	0.9992768342062575	0.9999999999828513	4.5396709772680195	226991
465	0.9992879941722103	0.9999999999838801	4.5396709772680195	227467
466	0.9992989819164663	0.999999999984396	4.5396709772680195	227960
467	0.9993098000967677	0.9999999999859565	4.5396709772680195	228448
468	0.9993204513298424	0.9999999999866305	4.5396709772680195	228940
469	0.9993309381920361	0.9999999999871438	4.5396709772680195	229425
470	0.9993412632199368	0.9999999999876376	4.5396709772680195	229934
471	0.9993514289109872	0.9999999999883793	4.5396709772680195	230501
472	0.9993614377240893	0.9999999999888255	4.5396709772680195	230979
473	0.9993712920801989	0.9999999999892546	4.5396709772680195	231456
474	0.999380994362912	0.9999999999895985	4.5396709772680195	231935
475	0.9993905469190398	0.9999999999906386	4.5396709772680195	232412
476	0.9993999520591781	0.9999999999909981	4.5396709772680195	232893
477	0.9994092120582648	0.9999999999912862	4.5396709772680195	233379
478	0.9994183291561312	0.9999999999916208	4.5396709772680195	233862
479	0.9994273055580427	0.9999999999918889	4.5396709772680195	234340
480	0.9994361434352333	0.9999999999922004	4.5396709772680195	234823
481	0.9994448449254304	0.9999999999929804	4.5396709772680195	235302
482	0.9994534121333712	0.9999999999933173	4.5396709772680195	235785
483	0.9994618471313131	0.9999999999935312	4.5396709772680195	236275
484	0.9994701519595336	0.9999999999938416	4.5396709772680195	236760
485	0.9994783286268247	0.9999999999940782	4.5396709772680195	237242
486	0.9994863791109787	0.9999999999943056	4.5396709772680195	237726
487	0.999494305359266	0.999999999994875	4.5396709772680195	238208
488	0.999502109288907	0.9999999999950718	4.5396709772680195	238690
489	0.9995097927875349	0.9999999999953083	4.5396709772680195	239163
490	0.9995173577136532	0.9999999999955336	4.5396709772680195	239636
491	0.9995248058970845	0.999999999995705	4.5396709772680195	240109
492	0.9995321391394135	0.9999999999959112	4.5396709772680195	240579
493	0.9995393592144225	0.9999999999965926	4.5396709772680195	241054
494	0.999546467868521	0.9999999999967017	4.5396709772680195	241534
495	0.9995534668211672	0.9999999999968601	4.5396709772680195	242007
496	0.9995603577652851	0.9999999999969806	4.5396709772680195	242489
497	0.9995671423676726	0.9999999999971255	4.5396709772680195	242959
498	0.999573822269406	0.9999999999972359	4.5396709772680195	243435
499	0.9995803990862362	0.9999999999973685	4.5396709772680195	243908
