0	0.015432098765432056	0.06000000000000005	6.033912279090199	514
1	0.030626047858558048	0.09609600000000007	6.033912279090199	1033
2	0.045585522428642	0.1250209280000001	6.033912279090199	1544
3	0.06031414090968146	0.15302025830400012	5.336042501333993	2123
4	0.07481546589564314	0.23771823247360013	4.5396709772680195	2635
5	0.08909300500219186	0.2669898523466139	4.5396709772680195	3139
6	0.10315021171512095	0.3021743394339764	4.5396709772680195	3644
7	0.11699048622569008	0.3356699711411456	4.5396709772680195	4157
8	0.13061717625307134	0.3611802442493256	4.5396709772680195	4664
9	0.1440335778541042	0.3857109228701515	4.5396709772680195	5169
10	0.1572429362205532	0.4348540490405395	4.5396709772680195	5680
11	0.17024844646406312	0.4565556535573828	4.5396709772680195	6189
12	0.18305325438900033	0.4774239164607793	4.5396709772680195	6694
13	0.19566045725336756	0.4974908380686853	4.5396709772680195	7202
14	0.208073104517976	0.5167871898868478	4.5396709772680195	7716
15	0.22029419858405663	0.5353425617951928	4.5396709772680195	8225
16	0.2323266955194878	0.5531854074222574	4.5396709772680195	8740
17	0.2441735057738167	0.5703430877772427	4.5396709772680195	9252
18	0.2558374948822454	0.5868419132065966	4.5396709772680195	9766
19	0.2673214841587539	0.6281577218859369	4.5396709772680195	10290
20	0.2786282513785262	0.646006151235412	4.5396709772680195	10804
21	0.28976053144984526	0.6573339543958788	4.5396709772680195	11310
22	0.30072101707561927	0.6778939171321261	4.5396709772680195	11831
23	0.31151235940469924	0.6902627907142524	4.5396709772680195	12381
24	0.32213716867314524	0.7021566995508252	4.5396709772680195	13131
25	0.3325980148355967	0.7116876851651988	4.5396709772680195	13884
26	0.34289742818689917	0.7333111087778088	4.5396709772680195	14398
27	0.35303789997413837	0.7435519622007409	4.5396709772680195	14908
28	0.3630218829992288	0.7533995668522325	4.5396709772680195	15418
29	0.37285179221220366	0.7731276015040539	4.5396709772680195	15930
30	0.38253000529534864	0.7803875182559242	4.5396709772680195	16440
31	0.3920588632383216	0.7888206375548967	4.5396709772680195	16953
32	0.40144067090439683	0.7969299250727887	4.5396709772680195	17528
33	0.4106776975879709	0.8047278159499937	4.5396709772680195	18045
34	0.4197721775634652	0.8122262678175138	4.5396709772680195	18557
35	0.4287263106257574	0.8194367791333214	4.5396709772680195	19072
36	0.43754226262227347	0.8263704068146018	4.5396709772680195	19584
37	0.44622216597686803	0.8437333661331416	4.5396709772680195	20101
38	0.4547681202056201	0.8593600295198274	4.5396709772680195	20620
39	0.46318219242466907	0.8647606043862661	4.5396709772680195	21144
40	0.47146641785021426	0.8712520953757252	4.5396709772680195	21665
41	0.4796228002907974	0.8753720283237021	4.5396709772680195	22187
42	0.48765331263198874	0.8801577424360719	4.5396709772680195	22713
43	0.49555989731359384	0.8921419681924647	4.5396709772680195	23448
44	0.5033444667994951	0.9007706107370675	4.5396709772680195	24015
45	0.5110089040402437	0.9067243740928435	4.5396709772680195	24534
46	0.5185550629285114	0.9137200460358802	4.5396709772680195	25056
47	0.5259847687475159	0.9170331962681024	4.5396709772680195	25575
48	0.5332998186125233	0.9202191215314073	4.5396709772680195	26095
49	0.5405019819055399	0.9240486036978998	4.5396709772680195	26615
50	0.5475930007032939	0.9269651373159005	4.5396709772680195	27138
51	0.5545745901986134	0.9304708107247373	4.5396709772680195	27655
52	0.5614484391153014	0.939161959384145	4.5396709772680195	28176
53	0.5682162101166085	0.9420821853337061	4.5396709772680195	28696
54	0.5748795402074016	0.9443062294168918	4.5396709772680195	29230
55	0.5814400411301268	0.9460884300755512	4.5396709772680195	29762
56	0.5878992997546619	0.9478136003131336	4.5396709772680195	30283
57	0.5942588784621516	0.9498175580611092	4.5396709772680195	30797
58	0.6005203155229208	0.9528285045774427	4.5396709772680195	31319
59	0.6066851254685548	0.9575456541196985	4.5396709772680195	31851
60	0.6127547994582376	0.9589041931878681	4.5396709772680195	32370
61	0.6187308056394376	0.9602192590058564	4.5396709772680195	32891
62	0.6246145895030265	0.9621287345735752	4.5396709772680195	33409
63	0.630407574232918	0.9639465553140436	4.5396709772680195	33927
64	0.6361111610503113	0.9653310075899844	4.5396709772680195	34449
65	0.6417267295526212	0.9681045269827856	4.5396709772680195	34970
66	0.6472556380471796	0.9693293131466466	4.5396709772680195	35489
67	0.6526992238797849	0.9711695543578478	4.5396709772680195	36007
68	0.6580588037581832	0.9722766434705065	4.5396709772680195	36524
69	0.6633356740705569	0.9731637908794503	4.5396709772680195	37038
70	0.6685311111990977	0.9758474117915052	4.5396709772680195	37553
71	0.6736463718287411	0.9772965670840149	4.5396709772680195	38065
72	0.6786826932511372	0.9781683789079888	4.5396709772680195	38579
73	0.6836412936639282	0.979006713157922	4.5396709772680195	39095
74	0.6885233724654107	0.9802663103684467	4.5396709772680195	39616
75	0.6933301105446482	0.9808977884366564	4.5396709772680195	40132
76	0.6980626705671074	0.9815090592066834	4.5396709772680195	40647
77	0.7027221972558866	0.9822191113331468	4.5396709772680195	41164
78	0.7073098176686043	0.9829303468798208	4.5396709772680195	41678
79	0.7118266414700147	0.9835858215596357	4.5396709772680195	42194
80	0.7162737612004157	0.9843737021247733	4.5396709772680195	42711
81	0.7206522525399155	0.9849737519631819	4.5396709772680195	43232
82	0.7249631745686205	0.9855507598877957	4.5396709772680195	43756
83	0.7292075700228084	0.9861056107081044	4.5396709772680195	44271
84	0.7333864655471478	0.9866391552569131	4.5396709772680195	44789
85	0.7375008719430252	0.9879752397312218	4.5396709772680195	45309
86	0.7415517844130401	0.9886967253473485	4.5396709772680195	45830
87	0.7455401828017278	0.9891307710940104	4.5396709772680195	46352
88	0.7494670318325654	0.9895481494840004	4.5396709772680195	46868
89	0.753333281341322	0.9903320382727003	4.5396709772680195	47384
90	0.7571398665058078	0.9907032880030286	4.5396709772680195	47906
91	0.7608877080720762	0.9911495301788833	4.5396709772680195	48426
92	0.7645777125771367	0.9914893882200142	4.5396709772680195	48947
93	0.7682107725682302	0.9917617277969737	4.5396709772680195	49468
94	0.7717877668187205	0.9920780774495699	4.5396709772680195	50118
95	0.7753095605406538	0.9928702697046129	4.5396709772680195	50636
96	0.7787770055940388	0.9931440513479558	4.5396709772680195	51155
97	0.7821909406928962	0.9934073197761942	4.5396709772680195	51667
98	0.7855521916081293	0.993723768426937	4.5396709772680195	52181
99	0.7888615713672631	0.9939647757193426	4.5396709772680195	52697
100	0.7921198804511016	0.9943268891761821	4.5396709772680195	53209
101	0.79532790698735	0.9945084287225442	4.5396709772680195	53722
102	0.7984864269412489	0.9947720241438621	4.5396709772680195	54239
103	0.8015962043032667	0.9949393193712585	4.5396709772680195	54753
104	0.8046579912738953	0.9951336495074021	4.5396709772680195	55268
105	0.8076725284455943	0.995425630536958	4.5396709772680195	55782
106	0.8106405449819278	0.9955720103597754	4.5396709772680195	56303
107	0.8135627587939351	0.9957137060282626	4.5396709772680195	56823
108	0.8164398767137817	0.995885157787132	4.5396709772680195	57338
109	0.8192725946657295	0.9960431677281062	4.5396709772680195	57854
110	0.8220615978344683	0.9962330956771571	4.5396709772680195	58373
111	0.8248075608308499	0.9966097861094414	4.5396709772680195	58892
112	0.8275111478550652	0.9967725163761882	4.5396709772680195	59405
113	0.8301730128573019	0.9969274355901312	4.5396709772680195	59920
114	0.8327937996959238	0.9970454220634701	4.5396709772680195	60433
115	0.8353741422932088	0.9971588778562329	4.5396709772680195	60959
116	0.837914664788684	0.9972679769465536	4.5396709772680195	61474
117	0.8404159816900932	0.997399114053119	4.5396709772680195	61980
118	0.8428786980220363	0.9974823424034192	4.5396709772680195	62490
119	0.8453034094723135	0.9977341081630773	4.5396709772680195	63003
120	0.8476907025360123	0.9978066167018588	4.5396709772680195	63515
121	0.8500411546573702	0.9979118991001695	4.5396709772680195	64030
122	0.8523553343694478	0.9980371851541594	4.5396709772680195	64544
123	0.8546338014316477	0.9980999952292263	4.5396709772680195	65058
124	0.8568771069651099	0.9984166626910219	4.5396709772680195	65572
125	0.8590857935860187	0.9985116629295606	4.5396709772680195	66086
126	0.8612603955368516	0.9985592897158146	4.5396709772680195	66609
127	0.8634014388156039	0.9986745465385495	4.5396709772680195	67123
128	0.8655094413030175	0.9987381683046991	4.5396709772680195	67636
129	0.8675849128878474	0.9987866226417986	4.5396709772680195	68145
130	0.8696283555901955	0.9988332163323536	4.5396709772680195	68655
131	0.8716402636829393	0.9989265590257653	4.5396709772680195	69170
132	0.8736211238112891	0.9989780841925285	4.5396709772680195	69683
133	0.8755714151104975	0.9990173257595355	4.5396709772680195	70196
134	0.8774916093217553	0.9990487713352303	4.5396709772680195	70708
135	0.8793821709062961	0.999124869628412	4.5396709772680195	71223
136	0.8812435571577422	0.9991668758862481	4.5396709772680195	71735
137	0.8830762183127152	0.9991988678522162	4.5396709772680195	72250
138	0.8848805976597413	0.9992296313266911	4.5396709772680195	72765
139	0.8866571316464736	0.999254283124237	4.5396709772680195	73277
140	0.8884062499852626	0.9992900775342736	4.5396709772680195	73795
141	0.890128375757095	0.9993173385569575	4.5396709772680195	74317
142	0.89182392551393	0.9993501063062236	4.5396709772680195	74832
143	0.8934933093794557	0.9993813012035249	4.5396709772680195	75343
144	0.8951369311482913	0.9994050592373095	4.5396709772680195	75860
145	0.8967551883836571	0.9994407556830709	4.5396709772680195	76373
146	0.898348472513539	0.999462230664841	4.5396709772680195	76886
147	0.8999171689253671	0.9994944968249505	4.5396709772680195	77402
148	0.9014616570592349	0.9995349370789545	4.5396709772680195	77924
149	0.9029823104996788	0.9995572600991647	4.5396709772680195	78444
150	0.9044794970660417	0.9995714277759914	4.5396709772680195	78958
151	0.9059535789014423	0.9995919992427438	4.5396709772680195	79473
152	0.9074049125603707	0.999611583279092	4.5396709772680195	79984
153	0.9088338490949328	0.9996426566167648	4.5396709772680195	80500
154	0.9102407341397641	0.9996783909550883	4.5396709772680195	81017
155	0.9116259079956319	0.9996912553168847	4.5396709772680195	81617
156	0.9129897057117488	0.9997097799978717	4.5396709772680195	82136
157	0.9143324571668143	0.9997329975980419	4.5396709772680195	82648
158	0.9156544871488079	0.9997432504902771	4.5396709772680195	83161
159	0.9169561154335486	0.9997689254412494	4.5396709772680195	83673
160	0.9182376568620432	0.9997777987043054	4.5396709772680195	84186
161	0.9194994214166413	0.9997884643664987	4.5396709772680195	84699
162	0.9207417142960141	0.9997952335067708	4.5396709772680195	85217
163	0.9219648359889768	0.9998030965401108	4.5396709772680195	85743
164	0.9231690823471717	0.9998106576329705	4.5396709772680195	86264
165	0.9243547446566289	0.9998179283798645	4.5396709772680195	86783
166	0.9255221097082241	0.9998249199300777	4.5396709772680195	87303
167	0.9266714598670478	0.9998316430047627	4.5396709772680195	87821
168	0.9278030731407044	0.9998381079133798	4.5396709772680195	88338
169	0.9289172232465578	0.9998458787335376	4.5396709772680195	88855
170	0.9300141796779381	0.9998532765543278	4.5396709772680195	89371
171	0.9310942077693279	0.9998589107346416	4.5396709772680195	89889
172	0.932157568760542	0.9998643285624313	4.5396709772680195	90408
173	0.9332045198599164	0.999869538345634	4.5396709772680195	90929
174	0.9342353143065225	0.9998745480731617	4.5396709772680195	91444
175	0.9352502014314219	0.9998805697656499	4.5396709772680195	91962
176	0.936249426717974	0.999885155886649	4.5396709772680195	92479
177	0.9372332318612151	0.9998966402979841	4.5396709772680195	92996
178	0.9382018548263199	0.9999006093105415	4.5396709772680195	93512
179	0.9391555299061606	0.9999045849381198	4.5396709772680195	94030
180	0.9400944877779791	0.99990916486109	4.5396709772680195	94593
181	0.9410189555591831	0.9999126529304242	4.5396709772680195	95117
182	0.9419291568622822	0.9999154480366506	4.5396709772680195	95641
183	0.9428253118489753	0.9999186948320432	4.5396709772680195	96164
184	0.9437076372834047	0.9999212965974178	4.5396709772680195	96687
185	0.9445763465845868	0.9999238151063005	4.5396709772680195	97214
186	0.9454316498780345	0.9999267406062186	4.5396709772680195	97740
187	0.9462737540465833	0.99993025705712	4.5396709772680195	98260
188	0.9471028627804323	0.9999344416336928	4.5396709772680195	98781
189	0.9479191766264133	0.9999365395014147	4.5396709772680195	99304
190	0.9487228930364995	0.9999428855512732	4.5396709772680195	99823
191	0.9495142064155659	0.999945627044812	4.5396709772680195	100342
192	0.9502933081684121	0.9999477149662913	4.5396709772680195	100861
193	0.9510603867460601	0.9999502246479093	4.5396709772680195	101380
194	0.9518156276913369	0.9999521360214296	4.5396709772680195	101898
195	0.9525592136837545	0.999954433492401	4.5396709772680195	102417
196	0.9532913245836966	0.9999580788130089	4.5396709772680195	102938
197	0.9540121374759235	0.9999596885865893	4.5396709772680195	103457
198	0.9547218267124061	0.9999609785518185	4.5396709772680195	104051
199	0.9554205639544987	0.9999622272381603	4.5396709772680195	104567
200	0.9561085182144601	0.999963677712215	4.5396709772680195	105093
201	0.9567858558963357	0.9999648400254241	4.5396709772680195	105612
202	0.9574527408362071	0.9999659651446106	4.5396709772680195	106122
203	0.9581093343418212	0.9999672720830575	4.5396709772680195	106636
204	0.9587557952316079	0.9999692357580741	4.5396709772680195	107153
205	0.9593922798730954	0.9999702202138157	4.5396709772680195	107673
206	0.9600189422207328	0.9999713637576051	4.5396709772680195	108198
207	0.960635933853129	0.9999724633893131	4.5396709772680195	108725
208	0.9612434040097164	0.9999735207951634	4.5396709772680195	109249
209	0.9618414996268504	0.9999747917969957	4.5396709772680195	109770
210	0.9624303653733497	0.9999757597919909	4.5396709772680195	110287
211	0.9630101436854893	0.9999766906159785	4.5396709772680195	110805
212	0.963580974801454	0.9999778094664116	4.5396709772680195	111326
213	0.9641429967952587	0.9999788746120238	4.5396709772680195	111844
214	0.9646963456101467	0.9999796858269221	4.5396709772680195	112366
215	0.9652411550914716	0.9999817172442299	4.5396709772680195	112886
216	0.9657775570190723	0.9999825948165069	4.5396709772680195	113401
217	0.9663056811391484	0.9999831517823786	4.5396709772680195	113917
218	0.966825655195643	0.9999837987539353	4.5396709772680195	114434
219	0.9673376049611423	0.9999844208817842	4.5396709772680195	114955
220	0.9678416542672975	0.9999850191199237	4.5396709772680195	115474
221	0.9683379250347776	0.9999856183551267	4.5396709772680195	115989
222	0.9688265373027594	0.9999860785677627	4.5396709772680195	116506
223	0.9693076092579637	0.9999865240535942	4.5396709772680195	117025
224	0.969781257263242	0.9999876021293067	4.5396709772680195	117543
225	0.9702475958857228	0.9999880782075413	4.5396709772680195	118133
226	0.9707067379245234	0.9999886504535793	4.5396709772680195	118618
227	0.9711587944380339	0.9999890862761619	4.5396709772680195	119107
228	0.9716038747707803	0.9999897410995922	4.5396709772680195	119594
229	0.9720420865798731	0.9999902335268118	4.5396709772680195	120081
230	0.9724735358610479	0.9999905460539538	4.5396709772680195	120567
231	0.9728983269743033	0.9999911132907165	4.5396709772680195	121058
232	0.9733165626691443	0.9999915398527621	4.5396709772680195	121553
233	0.9737283441094353	0.9999918647224161	4.5396709772680195	122042
234	0.97413377089787	0.9999922552157401	4.5396709772680195	122531
235	0.9745329411000634	0.9999925030488365	4.5396709772680195	123018
236	0.9749259512682722	0.9999927909317611	4.5396709772680195	123504
237	0.9753128964647495	0.9999932234758555	4.5396709772680195	123990
238	0.975693870284738	0.9999934836943826	4.5396709772680195	124477
239	0.9760689648791093	0.9999937339205183	4.5396709772680195	124969
240	0.9764382709766539	0.9999943605284665	4.5396709772680195	125452
241	0.9768018779060265	0.9999945770841734	4.5396709772680195	125942
242	0.9771598736173532	0.9999947853241411	4.5396709772680195	126430
243	0.9775123447035052	0.9999950356285824	4.5396709772680195	126917
244	0.9778593764210437	0.9999951944884677	4.5396709772680195	127407
245	0.9782010527108425	0.9999953482648367	4.5396709772680195	127900
246	0.9785374562183912	0.999995497120362	4.5396709772680195	128386
247	0.9788686683137864	0.99999567003094	4.5396709772680195	128871
248	0.9791947691114131	0.9999959298290837	4.5396709772680195	129362
249	0.9795158374893234	0.9999961740393386	4.5396709772680195	129852
250	0.9798319511083153	0.9999962964700798	4.5396709772680195	130343
251	0.9801431864307178	0.9999964149830373	4.5396709772680195	130834
252	0.9804496187388858	0.9999965870638514	4.5396709772680195	131323
253	0.9807513221534092	0.9999967918400203	4.5396709772680195	131814
254	0.9810483696510417	0.9999968945011397	4.5396709772680195	132307
255	0.9813408330823528	0.999997101534397	4.5396709772680195	132797
256	0.9816287831891066	0.9999971942852963	4.5396709772680195	133284
257	0.9819122896213734	0.9999973289596021	4.5396709772680195	133773
258	0.982191420954377	0.9999977741330018	4.5396709772680195	134261
259	0.982466244705081	0.9999978453607458	4.5396709772680195	134749
260	0.9827368273485212	0.99999794878343	4.5396709772680195	135234
261	0.9830032343338835	0.9999980144223601	4.5396709772680195	135721
262	0.9832655301003359	0.9999980906685415	4.5396709772680195	136206
263	0.9835237780926147	0.9999981823164515	4.5396709772680195	136690
264	0.9837780407763707	0.9999982521154999	4.5396709772680195	137176
265	0.9840283796532785	0.9999983192342646	4.5396709772680195	137666
266	0.9842748552759131	0.9999984536955234	4.5396709772680195	138150
267	0.9845175272623958	0.9999985279181384	4.5396709772680195	138636
268	0.9847564543108157	0.9999986751263245	4.5396709772680195	139123
269	0.9849916942134266	0.9999988076136921	4.5396709772680195	139616
270	0.9852233038706267	0.9999988534013262	4.5396709772680195	140102
271	0.9854513393047221	0.9999989680611936	4.5396709772680195	140589
272	0.9856758556734764	0.9999990076876438	4.5396709772680195	141075
273	0.9858969072834536	0.9999990870726323	4.5396709772680195	141562
274	0.9861145476031533	0.9999991162863081	4.5396709772680195	142051
275	0.9863288292759441	0.9999991502209138	4.5396709772680195	142540
276	0.9865398041327968	0.9999992182032408	4.5396709772680195	143029
277	0.9867475232048216	0.9999992557294852	4.5396709772680195	143518
278	0.9869520367356114	0.9999992914544699	4.5396709772680195	144004
279	0.9871533941933952	0.9999993141279269	4.5396709772680195	144491
280	0.9873516442830033	0.9999993470497863	4.5396709772680195	144978
281	0.9875468349576483	0.9999993783913966	4.5396709772680195	145464
282	0.9877390134305241	0.9999994156879128	4.5396709772680195	145953
283	0.9879282261862259	0.9999994507466381	4.5396709772680195	146441
284	0.988114518991994	0.9999994718379671	4.5396709772680195	146923
285	0.9882979369087842	0.9999994971897447	4.5396709772680195	147410
286	0.9884785243021672	0.9999995132796728	4.5396709772680195	147897
287	0.9886563248530597	0.9999995319697335	4.5396709772680195	148382
288	0.9888313815682902	0.9999995694121547	4.5396709772680195	148867
289	0.9890037367910018	0.999999585946728	4.5396709772680195	149353
290	0.9891734322108937	0.9999996018463737	4.5396709772680195	149838
291	0.9893405088743059	0.9999996145872897	4.5396709772680195	150325
292	0.9895050071941468	0.9999996293871378	4.5396709772680195	150808
293	0.9896669669596693	0.9999996412467493	4.5396709772680195	151289
294	0.9898264273460942	0.9999996555968794	4.5396709772680195	151776
295	0.9899834269240865	0.9999996666177793	4.5396709772680195	152370
296	0.9901380036690851	0.9999996932883569	4.5396709772680195	152860
297	0.9902901949704882	0.9999997031031295	4.5396709772680195	153350
298	0.9904400376406967	0.9999997173541793	4.5396709772680195	153832
299	0.9905875679240193	0.9999997343129285	4.5396709772680195	154319
300	0.9907328215054387	0.9999997428149148	4.5396709772680195	154802
301	0.9908758335192437	0.9999997599605872	4.5396709772680195	155287
302	0.991016638557527	0.9999997691781006	4.5396709772680195	155775
303	0.9911552706785528	0.9999997802575518	4.5396709772680195	156258
304	0.9912917634149948	0.9999997908051893	4.5396709772680195	156746
305	0.9914261497820474	0.9999997988382701	4.5396709772680195	157227
306	0.9915584622854109	0.9999998109079739	4.5396709772680195	157715
307	0.9916887329291545	0.9999998169589187	4.5396709772680195	158223
308	0.9918169932234577	0.9999998257448905	4.5396709772680195	158712
309	0.9919432741922315	0.9999998324362868	4.5396709772680195	159197
310	0.992067606380623	0.9999998388707334	4.5396709772680195	159688
311	0.9921900198624035	0.9999998450580972	4.5396709772680195	160177
312	0.992310544247243	0.9999998510078663	4.5396709772680195	160662
313	0.9924292086878719	0.9999998567291642	4.5396709772680195	161146
314	0.9925460418871331	0.9999998613138309	4.5396709772680195	161634
315	0.9926610721049243	0.9999998666393798	4.5396709772680195	162121
316	0.9927743271650334	0.9999998717604277	4.5396709772680195	162608
317	0.9928858344618694	0.9999998766848273	4.5396709772680195	163093
318	0.9929956209670875	0.9999998814201299	4.5396709772680195	163577
319	0.9931037132361139	0.9999998859735969	4.5396709772680195	164063
320	0.9932101374145689	0.9999998903522107	4.5396709772680195	164551
321	0.993314919244591	0.9999998969310782	4.5396709772680195	165034
322	0.9934180840710634	0.9999999018783864	4.5396709772680195	165630
323	0.9935196568477445	0.9999999065882238	4.5396709772680195	166121
324	0.993619662143304	0.999999911071989	4.5396709772680195	166613
325	0.9937181241472653	0.9999999144868247	4.5396709772680195	167095
326	0.993815066675857	0.9999999209003129	4.5396709772680195	167581
327	0.9939105131777727	0.9999999272282878	4.5396709772680195	168068
328	0.9940044867398441	0.9999999300227216	4.5396709772680195	168554
329	0.9940970100926243	0.999999933381631	4.5396709772680195	169046
330	0.9941881056158863	0.999999937378733	4.5396709772680195	169537
331	0.9942777953440362	0.9999999393826137	4.5396709772680195	170028
332	0.9943661009714431	0.9999999422922482	4.5396709772680195	170522
333	0.9944530438576862	0.9999999441388963	4.5396709772680195	171013
334	0.9945386450327219	0.9999999462839626	4.5396709772680195	171504
335	0.99462292520197	0.9999999505812456	4.5396709772680195	171993
336	0.9947059047513224	0.9999999529533458	4.5396709772680195	172481
337	0.9947876037520735	0.9999999547599373	4.5396709772680195	172967
338	0.994868041965776	0.9999999564971558	4.5396709772680195	173452
339	0.9949472388490203	0.9999999591073264	4.5396709772680195	173940
340	0.9950252135581403	0.9999999610701747	4.5396709772680195	174423
341	0.995101984953848	0.9999999629388063	4.5396709772680195	174908
342	0.9951775716057949	0.9999999641247646	4.5396709772680195	175391
343	0.9952519917970635	0.9999999655023736	4.5396709772680195	175876
344	0.9953252635285903	0.9999999671582597	4.5396709772680195	176363
345	0.9953974045235194	0.9999999684193824	4.5396709772680195	176850
346	0.9954684322314897	0.9999999699352521	4.5396709772680195	177332
347	0.9955383638328557	0.9999999710897385	4.5396709772680195	177822
348	0.9956072162428424	0.9999999720148668	4.5396709772680195	178313
349	0.9956750061156381	0.9999999742536775	4.5396709772680195	178796
350	0.9957417498484215	0.9999999768283098	4.5396709772680195	179277
351	0.9958074635853286	0.9999999777181027	4.5396709772680195	179759
352	0.9958721632213574	0.9999999787876337	4.5396709772680195	180241
353	0.9959358644062131	0.9999999800603757	4.5396709772680195	180724
354	0.9959985825480925	0.9999999808260572	4.5396709772680195	181212
355	0.996060332817412	0.9999999815623366	4.5396709772680195	181694
356	0.9961211301504767	0.9999999822703429	4.5396709772680195	182249
357	0.9961809892530927	0.9999999829795292	4.5396709772680195	182736
358	0.9962399246041252	0.9999999846815762	4.5396709772680195	183224
359	0.9962979504589998	0.9999999852698037	4.5396709772680195	183712
360	0.9963550808531512	0.9999999858354433	4.5396709772680195	184199
361	0.9964113296054173	0.9999999863793623	4.5396709772680195	184689
362	0.9964667103213831	0.9999999870331528	4.5396709772680195	185179
363	0.9965212363966703	0.9999999875310798	4.5396709772680195	185667
364	0.9965749210201785	0.9999999880098863	4.5396709772680195	186153
365	0.9966277771772746	0.9999999885854118	4.5396709772680195	186640
366	0.9966798176529339	0.999999989133312	4.5396709772680195	187128
367	0.9967310550348331	0.999999990002647	4.5396709772680195	187615
368	0.9967815017163943	0.9999999906024882	4.5396709772680195	188096
369	0.9968311698997833	0.9999999909633527	4.5396709772680195	188583
370	0.9968800715988607	0.9999999913248185	4.5396709772680195	189070
371	0.9969282186420881	0.9999999916579455	4.5396709772680195	189555
372	0.9969756226753893	0.9999999920583642	4.5396709772680195	190041
373	0.9970222951649665	0.9999999923633229	4.5396709772680195	190526
374	0.9970682474000752	0.9999999926565714	4.5396709772680195	191009
375	0.9971134904957529	0.999999992938559	4.5396709772680195	191493
376	0.9971580353955098	0.9999999933622455	4.5396709772680195	191977
377	0.9972018928739742	0.9999999937605107	4.5396709772680195	192469
378	0.9972450735394993	0.9999999941348802	4.5396709772680195	192957
379	0.9972875878367292	0.9999999943225639	4.5396709772680195	193439
380	0.9973294460491254	0.9999999945496614	4.5396709772680195	193926
381	0.9973706583014538	0.9999999947589544	4.5396709772680195	194409
382	0.9974112345622338	0.9999999949602105	4.5396709772680195	194899
383	0.9974511846461499	0.9999999954641895	4.5396709772680195	195386
384	0.9974905182164254	0.9999999956819084	4.5396709772680195	195874
385	0.9975292447871595	0.9999999958546321	4.5396709772680195	196362
386	0.9975673737256293	0.9999999961309899	4.5396709772680195	196851
387	0.9976049142545548	0.9999999962795599	4.5396709772680195	197342
388	0.9976418754543301	0.9999999964581411	4.5396709772680195	197828
389	0.9976782662652202	0.9999999965941484	4.5396709772680195	198314
390	0.9977140954895223	0.9999999967984995	4.5396709772680195	198798
391	0.9977493717936964	0.9999999969214372	4.5396709772680195	199288
392	0.9977841037104603	0.9999999970396539	4.5396709772680195	199780
393	0.9978182996408544	0.9999999971533312	4.5396709772680195	200267
394	0.9978519678562733	0.9999999972626433	4.5396709772680195	200752
395	0.9978851165004666	0.9999999973940364	4.5396709772680195	201238
396	0.9979177535915088	0.9999999974941054	4.5396709772680195	201721
397	0.9979498870237387	0.9999999976143884	4.5396709772680195	202209
398	0.9979815245696686	0.999999997690728	4.5396709772680195	202695
399	0.9980126738818651	0.999999997801573	4.5396709772680195	203188
400	0.9980433424947992	0.999999997966455	4.5396709772680195	203669
401	0.9980735378266696	0.9999999981291386	4.5396709772680195	204160
402	0.9981032671811964	0.9999999983162248	4.5396709772680195	204649
403	0.9981325377493877	0.999999998397046	4.5396709772680195	205138
404	0.9981613566112799	0.9999999984585994	4.5396709772680195	205635
405	0.998189730737649	0.9999999985325866	4.5396709772680195	206119
406	0.9982176669916977	0.999999998679328	4.5396709772680195	206604
407	0.9982451721307147	0.9999999987849817	4.5396709772680195	207088
408	0.9982722528077098	0.9999999988761081	4.5396709772680195	207580
409	0.998298915573023	0.9999999989120727	4.5396709772680195	208071
410	0.9983251668759084	0.9999999989642931	4.5396709772680195	208565
411	0.998351013066095	0.9999999990471498	4.5396709772680195	209062
412	0.9983764603953219	0.9999999990928865	4.5396709772680195	209553
413	0.9984015150188509	0.9999999991473133	4.5396709772680195	210043
414	0.9984261829969551	0.9999999991800566	4.5396709772680195	210530
415	0.9984504702963848	0.9999999992194137	4.5396709772680195	211017
416	0.9984743827918109	0.9999999992493883	4.5396709772680195	211504
417	0.998497926267246	0.9999999992854176	4.5396709772680195	211991
418	0.9985211064174427	0.9999999993128577	4.5396709772680195	212482
419	0.9985439288492723	0.9999999993458405	4.5396709772680195	212967
420	0.9985663990830799	0.9999999993709602	4.5396709772680195	213451
421	0.99858852255402	0.9999999994128962	4.5396709772680195	213933
422	0.9986103046133715	0.9999999994316835	4.5396709772680195	214412
423	0.9986317505298319	0.9999999994885151	4.5396709772680195	214898
424	0.9986528654907912	0.9999999995081562	4.5396709772680195	215390
425	0.9986736546035877	0.999999999527043	4.5396709772680195	215874
426	0.9986941228967422	0.9999999995554204	4.5396709772680195	216354
427	0.9987142753211752	0.9999999995724922	4.5396709772680195	216841
428	0.998734116751404	0.9999999995861725	4.5396709772680195	217334
429	0.9987536519867218	0.9999999996020634	4.5396709772680195	217817
430	0.9987728857523588	0.9999999996211644	4.5396709772680195	218300
431	0.9987918227006248	0.9999999996357117	4.5396709772680195	218785
432	0.9988104674120349	0.999999999657569	4.5396709772680195	219276
433	0.9988288243964172	0.9999999996740057	4.5396709772680195	219765
434	0.9988468980940033	0.9999999996865239	4.5396709772680195	220253
435	0.9988646928765033	0.9999999996985613	4.5396709772680195	220738
436	0.9988822130481622	0.9999999997101366	4.5396709772680195	221220
437	0.9988994628468016	0.9999999997212674	4.5396709772680195	221702
438	0.9989164464448448	0.9999999997319707	4.5396709772680195	222190
439	0.9989331679503256	0.999999999753413	4.5396709772680195	222674
440	0.9989496314078823	0.9999999997613038	4.5396709772680195	223163
441	0.9989658407997359	0.999999999768942	4.5396709772680195	223657
442	0.9989818000466536	0.9999999997781844	4.5396709772680195	224153
443	0.9989975130088966	0.9999999997867022	4.5396709772680195	224644
444	0.9990129834871544	0.9999999997948927	4.5396709772680195	225135
445	0.9990282152234637	0.999999999804738	4.5396709772680195	225627
446	0.999043211902114	0.9999999998109863	4.5396709772680195	226116
447	0.9990579771505381	0.9999999998200589	4.5396709772680195	226608
448	0.9990725145401903	0.9999999998335546	4.5396709772680195	227094
449	0.9990868275874096	0.9999999998468702	4.5396709772680195	227581
450	0.9991009197542706	0.9999999998527503	4.5396709772680195	228069
451	0.9991147944494208	0.9999999998598184	4.5396709772680195	228560
452	0.999128455028905	0.9999999998643041	4.5396709772680195	229052
453	0.9991419047969774	0.9999999998695148	4.5396709772680195	229539
454	0.9991551470069007	0.9999999998757781	4.5396709772680195	230025
455	0.9991681848617324	0.9999999998805483	4.5396709772680195	230512
456	0.9991810215151007	0.999999999886282	4.5396709772680195	231000
457	0.9991936600719664	0.9999999998906487	4.5396709772680195	231492
458	0.9992061035893743	0.9999999998972098	4.5396709772680195	231974
459	0.9992183550771927	0.999999999901157	4.5396709772680195	232459
460	0.999230417498841	0.9999999999049525	4.5396709772680195	232946
461	0.999242293772007	0.9999999999086023	4.5396709772680195	233442
462	0.9992539867693525	0.999999999912112	4.5396709772680195	233932
463	0.9992654993192083	0.9999999999163306	4.5396709772680195	234426
464	0.9992768342062575	0.9999999999203468	4.5396709772680195	234915
465	0.9992879941722103	0.9999999999234055	4.5396709772680195	235397
466	0.9992989819164663	0.9999999999263467	4.5396709772680195	235881
467	0.9993098000967677	0.999999999929175	4.5396709772680195	236363
468	0.9993204513298424	0.9999999999334245	4.5396709772680195	236847
469	0.9993309381920361	0.9999999999355549	4.5396709772680195	237333
470	0.9993412632199368	0.9999999999386483	4.5396709772680195	237819
471	0.9993514289109872	0.9999999999415932	4.5396709772680195	238301
472	0.9993614377240893	0.9999999999434621	4.5396709772680195	238790
473	0.9993712920801989	0.9999999999461759	4.5396709772680195	239277
474	0.999380994362912	0.9999999999482428	4.5396709772680195	239763
475	0.9993905469190398	0.9999999999498991	4.5396709772680195	240246
476	0.9993999520591781	0.9999999999518229	4.5396709772680195	240730
477	0.9994092120582648	0.9999999999541355	4.5396709772680195	241209
478	0.9994183291561312	0.9999999999563369	4.5396709772680195	241697
479	0.9994273055580427	0.9999999999580136	4.5396709772680195	242183
480	0.9994361434352333	0.9999999999596259	4.5396709772680195	242670
481	0.9994448449254304	0.9999999999615639	4.5396709772680195	243156
482	0.9994534121333712	0.9999999999630398	4.5396709772680195	243643
483	0.9994618471313131	0.9999999999648138	4.5396709772680195	244134
484	0.9994701519595336	0.9999999999661651	4.5396709772680195	244623
485	0.9994783286268247	0.9999999999677891	4.5396709772680195	245113
486	0.9994863791109787	0.999999999969026	4.5396709772680195	245602
487	0.999494305359266	0.9999999999715039	4.5396709772680195	246092
488	0.999502109288907	0.9999999999724157	4.5396709772680195	246581
489	0.9995097927875349	0.9999999999737398	4.5396709772680195	247067
490	0.9995173577136532	0.9999999999747482	4.5396709772680195	247560
491	0.9995248058970845	0.9999999999762633	4.5396709772680195	248049
492	0.9995321391394135	0.9999999999771748	4.5396709772680195	248535
493	0.9995393592144225	0.9999999999780513	4.5396709772680195	249024
494	0.999546467868521	0.9999999999788941	4.5396709772680195	249518
495	0.9995534668211672	0.9999999999795696	4.5396709772680195	250004
496	0.9995603577652851	0.9999999999802233	4.5396709772680195	250493
497	0.9995671423676726	0.9999999999809828	4.5396709772680195	250984
498	0.999573822269406	0.9999999999828845	4.5396709772680195	251469
499	0.9995803990862362	0.9999999999835417	4.5396709772680195	251956
