0	0.015432098765432056	0.06000000000000005	6.033912279090199	718
1	0.030626047858558048	0.09008000000000005	6.033912279090199	1258
2	0.045585522428642	0.12647680000000006	4.5396709772680195	1810
3	0.06031414090968146	0.15442954240000006	4.5396709772680195	2346
4	0.07481546589564314	0.19501692436480011	4.5396709772680195	2886
5	0.08909300500219186	0.2336561119952898	4.5396709772680195	3421
6	0.10315021171512095	0.2630837172946706	4.5396709772680195	4000
7	0.11699048622569008	0.2913813025505553	4.5396709772680195	4540
8	0.13061717625307134	0.3253950000281286	4.5396709772680195	5077
9	0.1440335778541042	0.3512998320270485	4.5396709772680195	5613
10	0.1572429362205532	0.39022184210542565	4.5396709772680195	6151
11	0.17024844646406312	0.40973474315805203	4.5396709772680195	6696
12	0.18305325438900033	0.43240092902078286	4.5396709772680195	7244
13	0.19566045725336756	0.4505640992921178	4.5396709772680195	7783
14	0.208073104517976	0.4716624378793005	4.5396709772680195	8333
15	0.22029419858405663	0.49702264086109416	4.5396709772680195	8871
16	0.2323266955194878	0.5441767682803667	4.5396709772680195	9418
17	0.2441735057738167	0.5624096975491519	4.5396709772680195	9959
18	0.2558374948822454	0.5792131651632645	4.5396709772680195	10499
19	0.2673214841587539	0.5953713796209952	4.5396709772680195	11041
20	0.2786282513785262	0.6147935533991874	4.5396709772680195	11718
21	0.28976053144984526	0.6456100691272524	4.5396709772680195	12256
22	0.30072101707561927	0.6626207858091444	4.5396709772680195	12794
23	0.31151235940469924	0.6755761476340731	4.5396709772680195	13331
24	0.32213716867314524	0.6859577109097829	4.5396709772680195	13867
25	0.3325980148355967	0.7048002482551958	4.5396709772680195	14403
26	0.34289742818689917	0.7343202234296763	4.5396709772680195	14947
27	0.35303789997413837	0.7470728527050519	4.5396709772680195	15482
28	0.3630218829992288	0.7567852551611779	4.5396709772680195	16094
29	0.37285179221220366	0.7661247013629886	4.5396709772680195	16628
30	0.38253000529534864	0.7751055128306499	4.5396709772680195	17163
31	0.3920588632383216	0.783741461137953	4.5396709772680195	17701
32	0.40144067090439683	0.7941218710033312	4.5396709772680195	18237
33	0.4106776975879709	0.8040040211951713	4.5396709772680195	18772
34	0.4197721775634652	0.8115302667812767	4.5396709772680195	19313
35	0.4287263106257574	0.8187675045368756	4.5396709772680195	19853
36	0.43754226262227347	0.8274666643191056	4.5396709772680195	20390
37	0.44622216597686803	0.8357482644317886	4.5396709772680195	20927
38	0.4547681202056201	0.8521734379886098	4.5396709772680195	21535
39	0.46318219242466907	0.8578499779698472	4.5396709772680195	22071
40	0.47146641785021426	0.8692219797322593	4.5396709772680195	22610
41	0.4796228002907974	0.8742438557105406	4.5396709772680195	23148
42	0.48765331263198874	0.8790728916512558	4.5396709772680195	23677
43	0.49555989731359384	0.8848773928519955	4.5396709772680195	24215
44	0.5033444667994951	0.8904032779950998	4.5396709772680195	24748
45	0.5110089040402437	0.894611792120088	4.5396709772680195	25284
46	0.5185550629285114	0.8986586993026766	4.5396709772680195	25817
47	0.5259847687475159	0.9019016209249909	4.5396709772680195	26351
48	0.5332998186125233	0.9056685986814713	4.5396709772680195	26888
49	0.5405019819055399	0.9092909244921028	4.5396709772680195	27422
50	0.5475930007032939	0.912774152991606	4.5396709772680195	27956
51	0.5545745901986134	0.9161236255167283	4.5396709772680195	28488
52	0.5614484391153014	0.919344478296886	4.5396709772680195	29027
53	0.5682162101166085	0.9241838095990729	4.5396709772680195	29562
54	0.5748795402074016	0.9266099276919025	4.5396709772680195	30098
55	0.5814400411301268	0.9295455305842264	4.5396709772680195	30632
56	0.5878992997546619	0.9322509822097921	4.5396709772680195	31165
57	0.5942588784621516	0.9390258839888129	4.5396709772680195	31704
58	0.6005203155229208	0.9419526415573499	4.5396709772680195	32241
59	0.6066851254685548	0.9441816601215476	4.5396709772680195	32778
60	0.6127547994582376	0.9459678469976581	4.5396709772680195	33315
61	0.6187308056394376	0.9485613903417706	4.5396709772680195	33849
62	0.6246145895030265	0.9502074258508338	4.5396709772680195	34383
63	0.630407574232918	0.9525974694099939	4.5396709772680195	34916
64	0.6361111610503113	0.954114350388874	4.5396709772680195	35452
65	0.6417267295526212	0.9577852023577641	4.5396709772680195	35989
66	0.6472556380471796	0.959406250587226	4.5396709772680195	36519
67	0.6526992238797849	0.9613547505590392	4.5396709772680195	37051
68	0.6580588037581832	0.9652192755031352	4.5396709772680195	37585
69	0.6633356740705569	0.9663322586870349	4.5396709772680195	38119
70	0.6685311111990977	0.9676250999534528	4.5396709772680195	38649
71	0.6736463718287411	0.9688682961152402	4.5396709772680195	39183
72	0.6786826932511372	0.970063753544415	4.5396709772680195	39713
73	0.6836412936639282	0.971500693374283	4.5396709772680195	40245
74	0.6885233724654107	0.9732106517718261	4.5396709772680195	40785
75	0.6933301105446482	0.974239362743788	4.5396709772680195	41318
76	0.6980626705671074	0.9763002137242849	4.5396709772680195	41845
77	0.7027221972558866	0.9774378034655192	4.5396709772680195	42365
78	0.7073098176686043	0.9781597937546226	4.5396709772680195	42884
79	0.7118266414700147	0.9792081236544007	4.5396709772680195	43409
80	0.7162737612004157	0.9802061337189895	4.5396709772680195	43929
81	0.7206522525399155	0.9808395374399819	4.5396709772680195	44453
82	0.7249631745686205	0.9817592396428627	4.5396709772680195	44974
83	0.7292075700228084	0.9832185004714337	4.5396709772680195	45493
84	0.7333864655471478	0.9842253904431477	4.5396709772680195	46016
85	0.7375008719430252	0.9849825717018765	4.5396709772680195	46540
86	0.7415517844130401	0.9854631294074165	4.5396709772680195	47061
87	0.7455401828017278	0.9860213452381718	4.5396709772680195	47581
88	0.7494670318325654	0.987139637619118	4.5396709772680195	48104
89	0.753333281341322	0.9877569350134003	4.5396709772680195	48622
90	0.7571398665058078	0.9882270687088858	4.5396709772680195	49149
91	0.7608877080720762	0.9891100385557193	4.5396709772680195	49667
92	0.7645777125771367	0.9894585173219363	4.5396709772680195	50184
93	0.7682107725682302	0.9897958447676344	4.5396709772680195	50704
94	0.7717877668187205	0.990285644218788	4.5396709772680195	51223
95	0.7753095605406538	0.9906586754807865	4.5396709772680195	51747
96	0.7787770055940388	0.9909575978654013	4.5396709772680195	52264
97	0.7821909406928962	0.9912469547337084	4.5396709772680195	52784
98	0.7855521916081293	0.991772137449686	4.5396709772680195	53308
99	0.7888615713672631	0.9920354290512959	4.5396709772680195	53832
100	0.7921198804511016	0.9926327718724488	4.5396709772680195	54355
101	0.79532790698735	0.9929156734325467	4.5396709772680195	54879
102	0.7984864269412489	0.9932557211077845	4.5396709772680195	55408
103	0.8015962043032667	0.9935147014172456	4.5396709772680195	55927
104	0.8046579912738953	0.9938259957492178	4.5396709772680195	56450
105	0.8076725284455943	0.9940630775124478	4.5396709772680195	56979
106	0.8106405449819278	0.9942910553359698	4.5396709772680195	57499
107	0.8135627587939351	0.9944737415652188	4.5396709772680195	58016
108	0.8164398767137817	0.9947390019700882	4.5396709772680195	58535
109	0.8192725946657295	0.9949915298755241	4.5396709772680195	59053
110	0.8220615978344683	0.995183855128304	4.5396709772680195	59569
111	0.8248075608308499	0.9953687950913771	4.5396709772680195	60089
112	0.8275111478550652	0.9957392914840669	4.5396709772680195	60608
113	0.8301730128573019	0.9959438054928317	4.5396709772680195	61128
114	0.8327937996959238	0.9961385028291758	4.5396709772680195	61646
115	0.8353741422932088	0.9962620707386421	4.5396709772680195	62249
116	0.837914664788684	0.9964863464943237	4.5396709772680195	62765
117	0.8404159816900932	0.9965987834065052	4.5396709772680195	63282
118	0.8428786980220363	0.9967293901236954	4.5396709772680195	63803
119	0.8453034094723135	0.9968602145187476	4.5396709772680195	64321
120	0.8476907025360123	0.9969807822812278	4.5396709772680195	64842
121	0.8500411546573702	0.9970967202416285	4.5396709772680195	65361
122	0.8523553343694478	0.9973870482174657	4.5396709772680195	65882
123	0.8546338014316477	0.9974873855659151	4.5396709772680195	66401
124	0.8568771069651099	0.9976381424319601	4.5396709772680195	66923
125	0.8590857935860187	0.9977288377625728	4.5396709772680195	67442
126	0.8612603955368516	0.9978991749303799	4.5396709772680195	67965
127	0.8634014388156039	0.9980252244345571	4.5396709772680195	68480
128	0.8655094413030175	0.9981200136616983	4.5396709772680195	69002
129	0.8675849128878474	0.9982704125687625	4.5396709772680195	69519
130	0.8696283555901955	0.9983741878146367	4.5396709772680195	70038
131	0.8716402636829393	0.9984366190025546	4.5396709772680195	70561
132	0.8736211238112891	0.9984966528328566	4.5396709772680195	71079
133	0.8755714151104975	0.9985543813640749	4.5396709772680195	71598
134	0.8774916093217553	0.9986411184822304	4.5396709772680195	72194
135	0.8793821709062961	0.9987063447950834	4.5396709772680195	72715
136	0.8812435571577422	0.9987684402449194	4.5396709772680195	73234
137	0.8830762183127152	0.9989223852143044	4.5396709772680195	73754
138	0.8848805976597413	0.9989637656220751	4.5396709772680195	74277
139	0.8866571316464736	0.9989969251221688	4.5396709772680195	74799
140	0.8884062499852626	0.9990290235182593	4.5396709772680195	75324
141	0.890128375757095	0.9991018467543898	4.5396709772680195	75852
142	0.89182392551393	0.9991449581101792	4.5396709772680195	76368
143	0.8934933093794557	0.9991962606235685	4.5396709772680195	76885
144	0.8951369311482913	0.9992271242156234	4.5396709772680195	77404
145	0.8967551883836571	0.9992642222532735	4.5396709772680195	77924
146	0.898348472513539	0.9992924761187477	4.5396709772680195	78440
147	0.8999171689253671	0.9993151168829478	4.5396709772680195	78958
148	0.9014616570592349	0.9993836051946531	4.5396709772680195	79481
149	0.9029823104996788	0.9994072747551784	4.5396709772680195	80001
150	0.9044794970660417	0.9994300354045795	4.5396709772680195	80519
151	0.9059535789014423	0.9994528339883963	4.5396709772680195	81038
152	0.9074049125603707	0.9994790979569533	4.5396709772680195	81560
153	0.9088338490949328	0.9994991005954064	4.5396709772680195	82080
154	0.9102407341397641	0.9995151293763533	4.5396709772680195	82603
155	0.9116259079956319	0.99953064523631	4.5396709772680195	83121
156	0.9129897057117488	0.999545664588748	4.5396709772680195	83645
157	0.9143324571668143	0.9995729247134232	4.5396709772680195	84170
158	0.9156544871488079	0.9995985492306179	4.5396709772680195	84695
159	0.9169561154335486	0.9996139649401621	4.5396709772680195	85222
160	0.9182376568620432	0.9996525684461459	4.5396709772680195	85745
161	0.9194994214166413	0.9996659098178139	4.5396709772680195	86268
162	0.9207417142960141	0.9996819461465588	4.5396709772680195	86788
163	0.9219648359889768	0.9996921238698689	4.5396709772680195	87315
164	0.9231690823471717	0.999703946313266	4.5396709772680195	87837
165	0.9243547446566289	0.9997134200312414	4.5396709772680195	88452
166	0.9255221097082241	0.9997271758697419	4.5396709772680195	88975
167	0.9266714598670478	0.9997402714279943	4.5396709772680195	89502
168	0.9278030731407044	0.9997527383994506	4.5396709772680195	90027
169	0.9289172232465578	0.9997774645595054	4.5396709772680195	90549
170	0.9300141796779381	0.9997845856936013	4.5396709772680195	91072
171	0.9310942077693279	0.9997914789514061	4.5396709772680195	91595
172	0.932157568760542	0.9998123310562654	4.5396709772680195	92116
173	0.9332045198599164	0.9998273445717643	4.5396709772680195	92636
174	0.9342353143065225	0.9998339745402085	4.5396709772680195	93154
175	0.9352502014314219	0.9998403499178644	4.5396709772680195	93674
176	0.936249426717974	0.9998480131218069	4.5396709772680195	94191
177	0.9372332318612151	0.9998553084919602	4.5396709772680195	94713
178	0.9382018548263199	0.9998697776427642	4.5396709772680195	95236
179	0.9391555299061606	0.9998914813689702	4.5396709772680195	95756
180	0.9400944877779791	0.9998956484844017	4.5396709772680195	96279
181	0.9410189555591831	0.9998989877329009	4.5396709772680195	96798
182	0.9419291568622822	0.9999050484689268	4.5396709772680195	97318
183	0.9428253118489753	0.9999096061424183	4.5396709772680195	97837
184	0.9437076372834047	0.9999168376510249	4.5396709772680195	98357
185	0.9445763465845868	0.9999218273919633	4.5396709772680195	98882
186	0.9454316498780345	0.9999248292201119	4.5396709772680195	99400
187	0.9462737540465833	0.999930842882503	4.5396709772680195	99919
188	0.9471028627804323	0.9999330559102629	4.5396709772680195	100734
189	0.9479191766264133	0.9999356265633088	4.5396709772680195	101258
190	0.9487228930364995	0.999937686513283	4.5396709772680195	101779
191	0.9495142064155659	0.9999423600247868	4.5396709772680195	102300
192	0.9502933081684121	0.9999451267435969	4.5396709772680195	102821
193	0.9510603867460601	0.9999472338766429	4.5396709772680195	103340
194	0.9518156276913369	0.9999525104889786	4.5396709772680195	103858
195	0.9525592136837545	0.9999543340862018	4.5396709772680195	104375
196	0.9532913245836966	0.9999577590297366	4.5396709772680195	104896
197	0.9540121374759235	0.999961983126763	4.5396709772680195	105415
198	0.9547218267124061	0.9999634429746953	4.5396709772680195	105939
199	0.9554205639544987	0.999964846764467	4.5396709772680195	106460
200	0.9561085182144601	0.9999665341197725	4.5396709772680195	106979
201	0.9567858558963357	0.9999692113901908	4.5396709772680195	107504
202	0.9574527408362071	0.9999703936728075	4.5396709772680195	108027
203	0.9581093343418212	0.9999718147765126	4.5396709772680195	108547
204	0.9587557952316079	0.9999728970890946	4.5396709772680195	109062
205	0.9593922798730954	0.9999739378408734	4.5396709772680195	109583
206	0.9600189422207328	0.9999749386277839	4.5396709772680195	110105
207	0.960635933853129	0.9999761415736502	4.5396709772680195	110625
208	0.9612434040097164	0.999977057737222	4.5396709772680195	111147
209	0.9618414996268504	0.9999779387201128	4.5396709772680195	111666
210	0.9624303653733497	0.9999787858732604	4.5396709772680195	112182
211	0.9630101436854893	0.9999804830033996	4.5396709772680195	112699
212	0.963580974801454	0.9999816540231956	4.5396709772680195	113222
213	0.9641429967952587	0.9999823585087049	4.5396709772680195	113742
214	0.9646963456101467	0.9999830359419706	4.5396709772680195	114262
215	0.9652411550914716	0.9999847323477735	4.5396709772680195	114786
216	0.9657775570190723	0.9999859537599517	4.5396709772680195	115308
217	0.9663056811391484	0.9999864032396332	4.5396709772680195	115826
218	0.966825655195643	0.9999869253552313	4.5396709772680195	116348
219	0.9673376049611423	0.9999874274215904	4.5396709772680195	116872
220	0.9678416542672975	0.9999879303247268	4.5396709772680195	117395
221	0.9683379250347776	0.9999885096691399	4.5396709772680195	117990
222	0.9688265373027594	0.9999891990889915	4.5396709772680195	118515
223	0.9693076092579637	0.9999896138439742	4.5396709772680195	119038
224	0.969781257263242	0.9999900126723656	4.5396709772680195	119565
225	0.9702475958857228	0.9999903961857468	4.5396709772680195	120087
226	0.9707067379245234	0.999990972414602	4.5396709772680195	120609
227	0.9711587944380339	0.9999912612973347	4.5396709772680195	121132
228	0.9716038747707803	0.999991596863517	4.5396709772680195	121661
229	0.9720420865798731	0.999991919543958	4.5396709772680195	122189
230	0.9724735358610479	0.99999222983347	4.5396709772680195	122712
231	0.9728983269743033	0.999993006850123	4.5396709772680195	123236
232	0.9733165626691443	0.9999932753870783	4.5396709772680195	123800
233	0.9737283441094353	0.9999935336122144	4.5396709772680195	124318
234	0.97413377089787	0.9999937819215055	4.5396709772680195	124844
235	0.9745329411000634	0.9999940803892732	4.5396709772680195	125372
236	0.9749259512682722	0.9999943077023251	4.5396709772680195	125898
237	0.9753128964647495	0.9999944898558507	4.5396709772680195	126421
238	0.975693870284738	0.9999948204644996	4.5396709772680195	126960
239	0.9760689648791093	0.9999949862096357	4.5396709772680195	127491
240	0.9764382709766539	0.999995821841363	4.5396709772680195	128015
241	0.9768018779060265	0.9999959822826547	4.5396709772680195	128546
242	0.9771598736173532	0.9999961751330873	4.5396709772680195	129072
243	0.9775123447035052	0.9999963220079767	4.5396709772680195	129600
244	0.9778593764210437	0.9999964985515939	4.5396709772680195	130125
245	0.9782010527108425	0.9999966330072126	4.5396709772680195	130674
246	0.9785374562183912	0.9999967622997357	4.5396709772680195	131230
247	0.9788686683137864	0.9999968866274258	4.5396709772680195	131771
248	0.9791947691114131	0.9999970111623288	4.5396709772680195	132302
249	0.9795158374893234	0.9999971904925891	4.5396709772680195	132822
250	0.9798319511083153	0.9999973253489448	4.5396709772680195	133363
251	0.9801431864307178	0.9999974280555454	4.5396709772680195	133888
252	0.9804496187388858	0.9999976852499908	4.5396709772680195	134458
253	0.9807513221534092	0.9999979167249917	4.5396709772680195	134984
254	0.9810483696510417	0.999997996722752	4.5396709772680195	135517
255	0.9813408330823528	0.9999980928800599	4.5396709772680195	136046
256	0.9816287831891066	0.9999982073072563	4.5396709772680195	136565
257	0.9819122896213734	0.999998314868821	4.5396709772680195	137089
258	0.982191420954377	0.9999983687930187	4.5396709772680195	137613
259	0.982466244705081	0.9999984314313668	4.5396709772680195	138139
260	0.9827368273485212	0.9999984916644022	4.5396709772680195	138659
261	0.9830032343338835	0.9999985640645109	4.5396709772680195	139182
262	0.9832655301003359	0.9999986192044338	4.5396709772680195	139709
263	0.9835237780926147	0.9999986854826209	4.5396709772680195	140232
264	0.9837780407763707	0.9999987906440112	4.5396709772680195	140758
265	0.9840283796532785	0.9999988486930987	4.5396709772680195	141287
266	0.9842748552759131	0.9999989177715128	4.5396709772680195	141810
267	0.9845175272623958	0.999998982705222	4.5396709772680195	142337
268	0.9847564543108157	0.9999990217693415	4.5396709772680195	142862
269	0.9849916942134266	0.9999990593333988	4.5396709772680195	143387
270	0.9852233038706267	0.9999990954549963	4.5396709772680195	143912
271	0.9854513393047221	0.9999991301895245	4.5396709772680195	144440
272	0.9856758556734764	0.999999182378153	4.5396709772680195	144965
273	0.9858969072834536	0.999999208542052	4.5396709772680195	145487
274	0.9861145476031533	0.9999992389340373	4.5396709772680195	146016
275	0.9863288292759441	0.999999284597995	4.5396709772680195	146538
276	0.9865398041327968	0.999999312069432	4.5396709772680195	147075
277	0.9867475232048216	0.9999993340832102	4.5396709772680195	147598
278	0.9869520367356114	0.9999993596544149	4.5396709772680195	148120
279	0.9871533941933952	0.999999390391003	4.5396709772680195	148650
280	0.9873516442830033	0.9999994269675428	4.5396709772680195	149180
281	0.9875468349576483	0.9999994453045814	4.5396709772680195	149700
282	0.9877390134305241	0.9999994666048855	4.5396709772680195	150223
283	0.9879282261862259	0.9999994870872579	4.5396709772680195	150756
284	0.988114518991994	0.9999995281202773	4.5396709772680195	151279
285	0.9882979369087842	0.9999995462404586	4.5396709772680195	151801
286	0.9884785243021672	0.9999995802724242	4.5396709772680195	152326
287	0.9886563248530597	0.9999996004193479	4.5396709772680195	152848
288	0.9888313815682902	0.9999996157632449	4.5396709772680195	153371
289	0.9890037367910018	0.9999996342066092	4.5396709772680195	153895
290	0.9891734322108937	0.9999996707859482	4.5396709772680195	154418
291	0.9893405088743059	0.9999996813207979	4.5396709772680195	154944
292	0.9895050071941468	0.9999996935580793	4.5396709772680195	155465
293	0.9896669669596693	0.9999997082672915	4.5396709772680195	156060
294	0.9898264273460942	0.9999997222704615	4.5396709772680195	156580
295	0.9899834269240865	0.9999997444888246	4.5396709772680195	157099
296	0.9901380036690851	0.999999756753361	4.5396709772680195	157621
297	0.9902901949704882	0.9999997810780249	4.5396709772680195	158147
298	0.9904400376406967	0.9999997915862797	4.5396709772680195	158673
299	0.9905875679240193	0.9999998124276517	4.5396709772680195	159196
300	0.9907328215054387	0.9999998214311244	4.5396709772680195	159719
301	0.9908758335192437	0.9999998300024304	4.5396709772680195	160243
302	0.991016638557527	0.9999998402022846	4.5396709772680195	160770
303	0.9911552706785528	0.9999998497901476	4.5396709772680195	161291
304	0.9912917634149948	0.9999998555582059	4.5396709772680195	161813
305	0.9914261497820474	0.9999998601803433	4.5396709772680195	162340
306	0.9915584622854109	0.9999998646545724	4.5396709772680195	162861
307	0.9916887329291545	0.9999998781891151	4.5396709772680195	163390
308	0.9918169932234577	0.9999998828666531	4.5396709772680195	163915
309	0.9919432741922315	0.9999998873645736	4.5396709772680195	164429
310	0.992067606380623	0.999999894873602	4.5396709772680195	164948
311	0.9921900198624035	0.9999998999196691	4.5396709772680195	165537
312	0.992310544247243	0.9999999079260956	4.5396709772680195	166057
313	0.9924292086878719	0.9999999108724605	4.5396709772680195	166582
314	0.9925460418871331	0.999999914294958	4.5396709772680195	167105
315	0.9926610721049243	0.9999999184088001	4.5396709772680195	167626
316	0.9927743271650334	0.9999999210197185	4.5396709772680195	168147
317	0.9928858344618694	0.9999999248107719	4.5396709772680195	168675
318	0.9929956209670875	0.9999999276980384	4.5396709772680195	169198
319	0.9931037132361139	0.999999932036156	4.5396709772680195	169719
320	0.9932101374145689	0.9999999346459676	4.5396709772680195	170240
321	0.993314919244591	0.9999999371555625	4.5396709772680195	170764
322	0.9934180840710634	0.9999999401720955	4.5396709772680195	171283
323	0.9935196568477445	0.999999942469487	4.5396709772680195	171802
324	0.993619662143304	0.9999999452309516	4.5396709772680195	172335
325	0.9937181241472653	0.999999947859866	4.5396709772680195	172855
326	0.993815066675857	0.9999999513358749	4.5396709772680195	173376
327	0.9939105131777727	0.9999999536717529	4.5396709772680195	173899
328	0.9940044867398441	0.9999999558955087	4.5396709772680195	174420
329	0.9940970100926243	0.9999999580125244	4.5396709772680195	174944
330	0.9941881056158863	0.999999961161585	4.5396709772680195	175465
331	0.9942777953440362	0.9999999624044142	4.5396709772680195	175987
332	0.9943661009714431	0.9999999638480848	4.5396709772680195	176511
333	0.9944530438576862	0.9999999674632764	4.5396709772680195	177030
334	0.9945386450327219	0.9999999699035306	4.5396709772680195	177554
335	0.99462292520197	0.999999971059235	4.5396709772680195	178072
336	0.9947059047513224	0.9999999719853395	4.5396709772680195	178593
337	0.9947876037520735	0.9999999736662191	4.5396709772680195	179117
338	0.994868041965776	0.9999999762995972	4.5396709772680195	179640
339	0.9949472388490203	0.9999999786696375	4.5396709772680195	180163
340	0.9950252135581403	0.9999999803760665	4.5396709772680195	180688
341	0.995101984953848	0.9999999813180153	4.5396709772680195	181216
342	0.9951775716057949	0.9999999827191641	4.5396709772680195	181742
343	0.9952519917970635	0.9999999832721509	4.5396709772680195	182266
344	0.9953252635285903	0.9999999842758218	4.5396709772680195	182791
345	0.9953974045235194	0.9999999850305824	4.5396709772680195	183312
346	0.9954684322314897	0.9999999865275242	4.5396709772680195	183846
347	0.9955383638328557	0.9999999878747717	4.5396709772680195	184365
348	0.9956072162428424	0.9999999883403805	4.5396709772680195	184882
349	0.9956750061156381	0.9999999890399577	4.5396709772680195	185407
350	0.9957417498484215	0.9999999899167611	4.5396709772680195	185923
351	0.9958074635853286	0.9999999904007565	4.5396709772680195	186442
352	0.9958721632213574	0.9999999911206998	4.5396709772680195	186964
353	0.9959358644062131	0.9999999915469062	4.5396709772680195	187482
354	0.9959985825480925	0.999999991871505	4.5396709772680195	188000
355	0.996060332817412	0.9999999921836392	4.5396709772680195	188522
356	0.9961211301504767	0.999999992808948	4.5396709772680195	189043
357	0.9961809892530927	0.9999999934831092	4.5396709772680195	189565
358	0.9962399246041252	0.9999999937333578	4.5396709772680195	190087
359	0.9962979504589998	0.9999999940341566	4.5396709772680195	190608
360	0.9963550808531512	0.9999999943205171	4.5396709772680195	191130
361	0.9964113296054173	0.9999999946612861	4.5396709772680195	191651
362	0.9964667103213831	0.999999994981609	4.5396709772680195	192175
363	0.9965212363966703	0.9999999951421974	4.5396709772680195	192698
364	0.9965749210201785	0.999999995375372	4.5396709772680195	193219
365	0.9966277771772746	0.99999999552336	4.5396709772680195	193744
366	0.9966798176529339	0.9999999956666126	4.5396709772680195	194265
367	0.9967310550348331	0.9999999958330146	4.5396709772680195	194787
368	0.9967815017163943	0.9999999960330299	4.5396709772680195	195308
369	0.9968311698997833	0.9999999962234445	4.5396709772680195	195834
370	0.9968800715988607	0.9999999964047191	4.5396709772680195	196357
371	0.9969282186420881	0.9999999965427779	4.5396709772680195	196882
372	0.9969756226753893	0.999999996653409	4.5396709772680195	197405
373	0.9970222951649665	0.9999999967819181	4.5396709772680195	197932
374	0.9970682474000752	0.9999999969750031	4.5396709772680195	198458
375	0.9971134904957529	0.9999999972170028	4.5396709772680195	198979
376	0.9971580353955098	0.9999999973505866	4.5396709772680195	199501
377	0.9972018928739742	0.9999999974523242	4.5396709772680195	200027
378	0.9972450735394993	0.9999999975746126	4.5396709772680195	200552
379	0.9972875878367292	0.9999999976910312	4.5396709772680195	201074
380	0.9973294460491254	0.9999999978018617	4.5396709772680195	201609
381	0.9973706583014538	0.999999997966722	4.5396709772680195	202130
382	0.9974112345622338	0.9999999981022739	4.5396709772680195	202654
383	0.9974511846461499	0.9999999981933647	4.5396709772680195	203177
384	0.9974905182164254	0.9999999983378955	4.5396709772680195	203705
385	0.9975292447871595	0.9999999984017204	4.5396709772680195	204227
386	0.9975673737256293	0.9999999984784378	4.5396709772680195	204749
387	0.9976049142545548	0.9999999985271278	4.5396709772680195	205272
388	0.9976418754543301	0.999999998583686	4.5396709772680195	205791
389	0.9976782662652202	0.9999999987253175	4.5396709772680195	206310
390	0.9977140954895223	0.9999999988527858	4.5396709772680195	206832
391	0.9977493717936964	0.9999999988894966	4.5396709772680195	207351
392	0.9977841037104603	0.99999999893214	4.5396709772680195	207872
393	0.9978182996408544	0.9999999989663114	4.5396709772680195	208396
394	0.9978519678562733	0.9999999989993895	4.5396709772680195	208917
395	0.9978851165004666	0.9999999990378129	4.5396709772680195	209439
396	0.9979177535915088	0.999999999109977	4.5396709772680195	209965
397	0.9979498870237387	0.9999999991526981	4.5396709772680195	210488
398	0.9979815245696686	0.9999999991933686	4.5396709772680195	211033
399	0.9980126738818651	0.9999999992243432	4.5396709772680195	211558
400	0.9980433424947992	0.9999999992541284	4.5396709772680195	212083
401	0.9980735378266696	0.9999999992827698	4.5396709772680195	212603
402	0.9981032671811964	0.999999999317197	4.5396709772680195	213126
403	0.9981325377493877	0.9999999993499715	4.5396709772680195	213655
404	0.9981613566112799	0.9999999993707724	4.5396709772680195	214214
405	0.998189730737649	0.9999999993909077	4.5396709772680195	214739
406	0.9982176669916977	0.9999999994201441	4.5396709772680195	215262
407	0.9982451721307147	0.9999999994424106	4.5396709772680195	215785
408	0.9982722528077098	0.9999999994691748	4.5396709772680195	216318
409	0.998298915573023	0.9999999994946545	4.5396709772680195	216841
410	0.9983251668759084	0.9999999995140597	4.5396709772680195	217366
411	0.998351013066095	0.9999999995373848	4.5396709772680195	217888
412	0.9983764603953219	0.9999999995551493	4.5396709772680195	218407
413	0.9984015150188509	0.9999999995722315	4.5396709772680195	218929
414	0.9984261829969551	0.9999999995886578	4.5396709772680195	219452
415	0.9984504702963848	0.9999999996084022	4.5396709772680195	219974
416	0.9984743827918109	0.9999999996234397	4.5396709772680195	220495
417	0.998497926267246	0.9999999996354896	4.5396709772680195	221019
418	0.9985211064174427	0.999999999652986	4.5396709772680195	221542
419	0.9985439288492723	0.9999999996663114	4.5396709772680195	222064
420	0.9985663990830799	0.9999999996930065	4.5396709772680195	222591
421	0.99858852255402	0.9999999997077422	4.5396709772680195	223119
422	0.9986103046133715	0.9999999997189649	4.5396709772680195	223667
423	0.9986317505298319	0.9999999997400425	4.5396709772680195	224193
424	0.9986528654907912	0.9999999997483612	4.5396709772680195	224713
425	0.9986736546035877	0.9999999997672341	4.5396709772680195	225314
426	0.9986941228967422	0.9999999997761723	4.5396709772680195	225838
427	0.9987142753211752	0.999999999786916	4.5396709772680195	226379
428	0.998734116751404	0.9999999997950985	4.5396709772680195	226900
429	0.9987536519867218	0.9999999998016553	4.5396709772680195	227422
430	0.9987728857523588	0.9999999998092717	4.5396709772680195	227943
431	0.9987918227006248	0.9999999998184267	4.5396709772680195	228467
432	0.9988104674120349	0.9999999998253991	4.5396709772680195	228987
433	0.9988288243964172	0.9999999998309863	4.5396709772680195	229507
434	0.9988468980940033	0.9999999998374764	4.5396709772680195	230028
435	0.9988646928765033	0.9999999998437173	4.5396709772680195	230552
436	0.9988822130481622	0.9999999998593456	4.5396709772680195	231076
437	0.9988994628468016	0.999999999866097	4.5396709772680195	231596
438	0.9989164464448448	0.9999999998725244	4.5396709772680195	232113
439	0.9989331679503256	0.9999999998774194	4.5396709772680195	232634
440	0.9989496314078823	0.9999999998821265	4.5396709772680195	233156
441	0.9989658407997359	0.999999999889199	4.5396709772680195	233676
442	0.9989818000466536	0.9999999998934537	4.5396709772680195	234195
443	0.9989975130088966	0.9999999998968632	4.5396709772680195	234716
444	0.9990129834871544	0.9999999999030514	4.5396709772680195	235239
445	0.9990282152234637	0.9999999999067742	4.5396709772680195	235831
446	0.999043211902114	0.9999999999097574	4.5396709772680195	236355
447	0.9990579771505381	0.9999999999132227	4.5396709772680195	236882
448	0.9990725145401903	0.9999999999159996	4.5396709772680195	237415
449	0.9990868275874096	0.9999999999200316	4.5396709772680195	237938
450	0.9991009197542706	0.9999999999231024	4.5396709772680195	238453
451	0.9991147944494208	0.9999999999260553	4.5396709772680195	238971
452	0.999128455028905	0.9999999999288948	4.5396709772680195	239490
453	0.9991419047969774	0.9999999999331611	4.5396709772680195	240013
454	0.9991551470069007	0.9999999999465289	4.5396709772680195	240530
455	0.9991681848617324	0.9999999999497371	4.5396709772680195	241054
456	0.9991810215151007	0.9999999999547634	4.5396709772680195	241572
457	0.9991936600719664	0.999999999956211	4.5396709772680195	242095
458	0.9992061035893743	0.9999999999578925	4.5396709772680195	242615
459	0.9992183550771927	0.9999999999599136	4.5396709772680195	243133
460	0.999230417498841	0.999999999961453	4.5396709772680195	243653
461	0.999242293772007	0.9999999999629332	4.5396709772680195	244173
462	0.9992539867693525	0.9999999999641194	4.5396709772680195	244687
463	0.9992654993192083	0.9999999999730895	4.5396709772680195	245208
464	0.9992768342062575	0.9999999999739506	4.5396709772680195	245725
465	0.9992879941722103	0.999999999975201	4.5396709772680195	246236
466	0.9992989819164663	0.9999999999761533	4.5396709772680195	246747
467	0.9993098000967677	0.9999999999769164	4.5396709772680195	247259
468	0.9993204513298424	0.9999999999778028	4.5396709772680195	247777
469	0.9993309381920361	0.9999999999788682	4.5396709772680195	248290
470	0.9993412632199368	0.9999999999795445	4.5396709772680195	248802
471	0.9993514289109872	0.9999999999815901	4.5396709772680195	249328
472	0.9993614377240893	0.9999999999822969	4.5396709772680195	249841
473	0.9993712920801989	0.9999999999833591	4.5396709772680195	250356
474	0.999380994362912	0.9999999999839981	4.5396709772680195	250867
475	0.9993905469190398	0.9999999999849583	4.5396709772680195	251378
476	0.9993999520591781	0.9999999999856802	4.5396709772680195	251890
477	0.9994092120582648	0.9999999999862301	4.5396709772680195	252406
478	0.9994183291561312	0.9999999999866708	4.5396709772680195	252922
479	0.9994273055580427	0.9999999999873106	4.5396709772680195	253438
480	0.9994361434352333	0.9999999999882623	4.5396709772680195	253965
481	0.9994448449254304	0.999999999988713	4.5396709772680195	254484
482	0.9994534121333712	0.9999999999891465	4.5396709772680195	254999
483	0.9994618471313131	0.9999999999896674	4.5396709772680195	255517
484	0.9994701519595336	0.9999999999900642	4.5396709772680195	256030
485	0.9994783286268247	0.9999999999905411	4.5396709772680195	256542
486	0.9994863791109787	0.9999999999912978	4.5396709772680195	257059
487	0.999494305359266	0.999999999991994	4.5396709772680195	257569
488	0.999502109288907	0.9999999999923014	4.5396709772680195	258081
489	0.9995097927875349	0.9999999999929173	4.5396709772680195	258596
490	0.9995173577136532	0.9999999999931892	4.5396709772680195	259118
491	0.9995248058970845	0.9999999999934508	4.5396709772680195	259630
492	0.9995321391394135	0.9999999999937023	4.5396709772680195	260138
493	0.9995393592144225	0.9999999999939442	4.5396709772680195	260647
494	0.999546467868521	0.9999999999942348	4.5396709772680195	261160
495	0.9995534668211672	0.9999999999944562	4.5396709772680195	261670
496	0.9995603577652851	0.9999999999947888	4.5396709772680195	262183
497	0.9995671423676726	0.9999999999951015	4.5396709772680195	262696
498	0.999573822269406	0.9999999999952895	4.5396709772680195	263209
499	0.9995803990862362	0.9999999999955722	4.5396709772680195	263720
