0	0.015432098765432056	0.07499999999999996	4.5396709772680195	779
1	0.030626047858558048	0.11051999999999995	4.5396709772680195	1313
2	0.045585522428642	0.19946799999999998	4.5396709772680195	1848
3	0.06031414090968146	0.23789353599999996	4.5396709772680195	2387
4	0.07481546589564314	0.274474646272	4.5396709772680195	2930
5	0.08909300500219186	0.3034956604211201	4.5396709772680195	3474
6	0.10315021171512095	0.3369278687209063	4.5396709772680195	4005
7	0.11699048622569008	0.36238983856202345	4.5396709772680195	4536
8	0.13061717625307134	0.38279336372803874	4.5396709772680195	5073
9	0.1440335778541042	0.40649409856088203	4.5396709772680195	5611
10	0.1572429362205532	0.42928472517614413	4.5396709772680195	6175
11	0.17024844646406312	0.4749419471620526	4.5396709772680195	6730
12	0.18305325438900033	0.49510417639102977	4.5396709772680195	7293
13	0.19566045725336756	0.5455937587519268	4.5396709772680195	7863
14	0.208073104517976	0.6023945389079359	4.5396709772680195	8423
15	0.22029419858405663	0.6176625886138711	4.5396709772680195	9070
16	0.2323266955194878	0.6323443452110986	4.5396709772680195	9719
17	0.2441735057738167	0.6464623223549923	4.5396709772680195	10272
18	0.2558374948822454	0.6729776481783679	4.5396709772680195	10825
19	0.2673214841587539	0.6855353064883185	4.5396709772680195	11392
20	0.2786282513785262	0.7006296117768793	4.5396709772680195	11946
21	0.28976053144984526	0.7185918350702665	4.5396709772680195	12500
22	0.30072101707561927	0.7411044882646451	4.5396709772680195	13056
23	0.31151235940469924	0.7566382189687665	4.5396709772680195	13612
24	0.32213716867314524	0.7683195844582658	4.5396709772680195	14171
25	0.3325980148355967	0.7914876260124392	4.5396709772680195	14729
26	0.34289742818689917	0.8123388634111952	4.5396709772680195	15289
27	0.35303789997413837	0.8273517543382997	4.5396709772680195	15850
28	0.3630218829992288	0.8356388701300612	4.5396709772680195	16404
29	0.37285179221220366	0.8408984262858993	4.5396709772680195	16964
30	0.38253000529534864	0.8459896766447506	4.5396709772680195	17517
31	0.3920588632383216	0.8583105025131705	4.5396709772680195	18073
32	0.40144067090439683	0.8651115983925384	4.5396709772680195	18632
33	0.4106776975879709	0.8715862416696964	4.5396709772680195	19191
34	0.4197721775634652	0.8765173299895801	4.5396709772680195	19749
35	0.4287263106257574	0.8824444981500803	4.5396709772680195	20304
36	0.43754226262227347	0.8971389358813202	4.5396709772680195	20860
37	0.44622216597686803	0.9010888007434775	4.5396709772680195	21417
38	0.4547681202056201	0.9042539591196863	4.5396709772680195	21970
39	0.46318219242466907	0.9079306070894904	4.5396709772680195	22525
40	0.47146641785021426	0.9108768276626267	4.5396709772680195	23083
41	0.4796228002907974	0.9151547399348205	4.5396709772680195	23644
42	0.48765331263198874	0.9192273124179492	4.5396709772680195	24199
43	0.49555989731359384	0.9223289836210999	4.5396709772680195	24756
44	0.5033444667994951	0.9253115506500497	4.5396709772680195	25308
45	0.5110089040402437	0.9327803955850447	4.5396709772680195	25861
46	0.5185550629285114	0.9378218659161663	4.5396709772680195	26417
47	0.5259847687475159	0.9402095062649856	4.5396709772680195	26970
48	0.5332998186125233	0.9425054612244101	4.5396709772680195	27526
49	0.5405019819055399	0.9452651990856384	4.5396709772680195	28085
50	0.5475930007032939	0.94736701544075	4.5396709772680195	28640
51	0.5545745901986134	0.9493881220478251	4.5396709772680195	29193
52	0.5614484391153014	0.9513316181611886	4.5396709772680195	29817
53	0.5682162101166085	0.953200484023799	4.5396709772680195	30369
54	0.5748795402074016	0.9578804356214191	4.5396709772680195	30924
55	0.5814400411301268	0.9592282616815337	4.5396709772680195	31478
56	0.5878992997546619	0.9616745659806417	4.5396709772680195	32032
57	0.5942588784621516	0.963146262646985	4.5396709772680195	32588
58	0.6005203155229208	0.9649152420399297	4.5396709772680195	33143
59	0.6066851254685548	0.9662624967455965	4.5396709772680195	33695
60	0.6127547994582376	0.9675580168705655	4.5396709772680195	34248
61	0.6187308056394376	0.9701533755209203	4.5396709772680195	34802
62	0.6246145895030265	0.9719441729896651	4.5396709772680195	35357
63	0.630407574232918	0.9741886391504919	4.5396709772680195	35992
64	0.6361111610503113	0.975179795407113	4.5396709772680195	36527
65	0.6417267295526212	0.9761328912634799	4.5396709772680195	37061
66	0.6472556380471796	0.9772785124828328	4.5396709772680195	37596
67	0.6526992238797849	0.9783691438836568	4.5396709772680195	38131
68	0.6580588037581832	0.9791997687585244	4.5396709772680195	38669
69	0.6633356740705569	0.9801981798581153	4.5396709772680195	39204
70	0.6685311111990977	0.9817823254694661	4.5396709772680195	39735
71	0.6736463718287411	0.9823652910544431	4.5396709772680195	40269
72	0.6786826932511372	0.9836878942253598	4.5396709772680195	40803
73	0.6836412936639282	0.9843142790871061	4.5396709772680195	41338
74	0.6885233724654107	0.9855691367601376	4.5396709772680195	41873
75	0.6933301105446482	0.9860309243838132	4.5396709772680195	42407
76	0.6980626705671074	0.9865896874084606	4.5396709772680195	42943
77	0.7027221972558866	0.9879307186676146	4.5396709772680195	43475
78	0.7073098176686043	0.9885100441715691	4.5396709772680195	44009
79	0.7118266414700147	0.9893717908587014	4.5396709772680195	44545
80	0.7162737612004157	0.9897799140897273	4.5396709772680195	45081
81	0.7206522525399155	0.9901723653886817	4.5396709772680195	45617
82	0.7249631745686205	0.9904868496962439	4.5396709772680195	46151
83	0.7292075700228084	0.9909434809108242	4.5396709772680195	46687
84	0.7333864655471478	0.9912912512438485	4.5396709772680195	47221
85	0.7375008719430252	0.9916256671960848	4.5396709772680195	47760
86	0.7415517844130401	0.9918936458458101	4.5396709772680195	48291
87	0.7455401828017278	0.9925421541781453	4.5396709772680195	48824
88	0.7494670318325654	0.9932879387603307	4.5396709772680195	49358
89	0.753333281341322	0.9939591448842977	4.5396709772680195	49894
90	0.7571398665058078	0.9945632303958679	4.5396709772680195	50424
91	0.7608877080720762	0.9951069073562812	4.5396709772680195	50955
92	0.7645777125771367	0.9953417758031796	4.5396709772680195	51490
93	0.7682107725682302	0.9956212692549888	4.5396709772680195	52019
94	0.7717877668187205	0.9957894125155973	4.5396709772680195	52554
95	0.7753095605406538	0.9959510990749983	4.5396709772680195	53085
96	0.7787770055940388	0.9960806639045984	4.5396709772680195	53616
97	0.7821909406928962	0.9962311664106618	4.5396709772680195	54150
98	0.7855521916081293	0.9964824219832844	4.5396709772680195	54686
99	0.7888615713672631	0.9966174969791263	4.5396709772680195	55216
100	0.7921198804511016	0.9967798571241282	4.5396709772680195	55750
101	0.79532790698735	0.99693442398217	4.5396709772680195	56288
102	0.7984864269412489	0.9970815716310258	4.5396709772680195	56827
103	0.8015962043032667	0.9973734144679233	4.5396709772680195	57366
104	0.8046579912738953	0.9974574652049497	4.5396709772680195	57901
105	0.8076725284455943	0.9975550985410797	4.5396709772680195	58436
106	0.8106405449819278	0.9976724538111078	4.5396709772680195	58973
107	0.8135627587939351	0.9978121065824413	4.5396709772680195	59508
108	0.8164398767137817	0.9978821191718033	4.5396709772680195	60043
109	0.8192725946657295	0.997963445795606	4.5396709772680195	60580
110	0.8220615978344683	0.9980449079637818	4.5396709772680195	61115
111	0.8248075608308499	0.9981074709089407	4.5396709772680195	61649
112	0.8275111478550652	0.9981983123053116	4.5396709772680195	62182
113	0.8301730128573019	0.9983424473208866	4.5396709772680195	62718
114	0.8327937996959238	0.9984419004816335	4.5396709772680195	63247
115	0.8353741422932088	0.9985017315031387	4.5396709772680195	63779
116	0.837914664788684	0.9986515583528248	4.5396709772680195	64314
117	0.8404159816900932	0.9987054960187118	4.5396709772680195	64845
118	0.8428786980220363	0.9987552049715933	4.5396709772680195	65382
119	0.8453034094723135	0.9988030051006841	4.5396709772680195	65908
120	0.8476907025360123	0.9988987646926294	4.5396709772680195	66434
121	0.8500411546573702	0.9989648388110717	4.5396709772680195	66961
122	0.8523553343694478	0.9990045890007265	4.5396709772680195	67564
123	0.8546338014316477	0.9990523687286916	4.5396709772680195	68096
124	0.8568771069651099	0.9993682458191278	4.5396709772680195	68636
125	0.8590857935860187	0.9993925051796733	4.5396709772680195	69172
126	0.8612603955368516	0.9994158329807737	4.5396709772680195	69705
127	0.8634014388156039	0.999434526325389	4.5396709772680195	70240
128	0.8655094413030175	0.9994684547458657	4.5396709772680195	70777
129	0.8675849128878474	0.9994939689180642	4.5396709772680195	71328
130	0.8696283555901955	0.9995243307829803	4.5396709772680195	71849
131	0.8716402636829393	0.9995425964809138	4.5396709772680195	72396
132	0.8736211238112891	0.99956455184983	4.5396709772680195	72917
133	0.8755714151104975	0.9995812730587965	4.5396709772680195	73436
134	0.8774916093217553	0.9996013719519743	4.5396709772680195	73957
135	0.8793821709062961	0.9996205060982795	4.5396709772680195	74481
136	0.8812435571577422	0.9996489681409085	4.5396709772680195	75009
137	0.8830762183127152	0.9996770506896359	4.5396709772680195	75534
138	0.8848805976597413	0.999702886634465	4.5396709772680195	76058
139	0.8866571316464736	0.9997142957877015	4.5396709772680195	76580
140	0.8884062499852626	0.9997252668294538	4.5396709772680195	77098
141	0.890128375757095	0.99973845402164	4.5396709772680195	77617
142	0.89182392551393	0.9997468234929475	4.5396709772680195	78134
143	0.8934933093794557	0.9997565454708184	4.5396709772680195	78654
144	0.8951369311482913	0.9997658941247389	4.5396709772680195	79170
145	0.8967551883836571	0.999774883790349	4.5396709772680195	79768
146	0.898348472513539	0.9997835282527996	4.5396709772680195	80288
147	0.8999171689253671	0.9997997636338396	4.5396709772680195	80810
148	0.9014616570592349	0.9998074527103001	4.5396709772680195	81342
149	0.9029823104996788	0.9998148465262247	4.5396709772680195	81865
150	0.9044794970660417	0.9998207714373855	4.5396709772680195	82387
151	0.9059535789014423	0.9998276538141898	4.5396709772680195	82909
152	0.9074049125603707	0.9998359264311087	4.5396709772680195	83435
153	0.9088338490949328	0.9998422268561541	4.5396709772680195	83956
154	0.9102407341397641	0.999848537781908	4.5396709772680195	84477
155	0.9116259079956319	0.9998543539310827	4.5396709772680195	84999
156	0.9129897057117488	0.9998599467401291	4.5396709772680195	85523
157	0.9143324571668143	0.999866669296603	4.5396709772680195	86044
158	0.9156544871488079	0.9998773357528747	4.5396709772680195	86568
159	0.9169561154335486	0.9998846956077022	4.5396709772680195	87088
160	0.9182376568620432	0.9998933434371245	4.5396709772680195	87688
161	0.9194994214166413	0.9999040090934121	4.5396709772680195	88209
162	0.9207417142960141	0.999907080802423	4.5396709772680195	88726
163	0.9219648359889768	0.9999106488996099	4.5396709772680195	89246
164	0.9231690823471717	0.9999149377524286	4.5396709772680195	89765
165	0.9243547446566289	0.9999176597443509	4.5396709772680195	90286
166	0.9255221097082241	0.9999208216101678	4.5396709772680195	90808
167	0.9266714598670478	0.9999238620603373	4.5396709772680195	91329
168	0.9278030731407044	0.9999262984744066	4.5396709772680195	91847
169	0.9289172232465578	0.9999286569232255	4.5396709772680195	92366
170	0.9300141796779381	0.9999320813909107	4.5396709772680195	92885
171	0.9310942077693279	0.999935341484147	4.5396709772680195	93404
172	0.932157568760542	0.9999418073357323	4.5396709772680195	93926
173	0.9332045198599164	0.9999446005836171	4.5396709772680195	94446
174	0.9342353143065225	0.9999467279212063	4.5396709772680195	94969
175	0.9352502014314219	0.9999520551290857	4.5396709772680195	95492
176	0.936249426717974	0.9999539729239222	4.5396709772680195	96013
177	0.9372332318612151	0.9999557403636437	4.5396709772680195	96535
178	0.9382018548263199	0.9999574399336797	4.5396709772680195	97064
179	0.9391555299061606	0.9999590742402263	4.5396709772680195	97585
180	0.9400944877779791	0.9999623483010083	4.5396709772680195	98104
181	0.9410189555591831	0.999963854368968	4.5396709772680195	98628
182	0.9419291568622822	0.9999652423611995	4.5396709772680195	99148
183	0.9428253118489753	0.9999663546056412	4.5396709772680195	99669
184	0.9437076372834047	0.9999679695845705	4.5396709772680195	100191
185	0.9445763465845868	0.999969199552523	4.5396709772680195	100710
186	0.9454316498780345	0.9999706779740019	4.5396709772680195	101233
187	0.9462737540465833	0.9999720854312497	4.5396709772680195	101757
188	0.9471028627804323	0.9999731573506897	4.5396709772680195	102277
189	0.9479191766264133	0.999975170549388	4.5396709772680195	102798
190	0.9487228930364995	0.9999759650918076	4.5396709772680195	103319
191	0.9495142064155659	0.9999783685826268	4.5396709772680195	103843
192	0.9502933081684121	0.999979199229054	4.5396709772680195	104367
193	0.9510603867460601	0.9999798648537243	4.5396709772680195	104905
194	0.9518156276913369	0.9999808313407454	4.5396709772680195	105426
195	0.9525592136837545	0.9999814447378416	4.5396709772680195	105944
196	0.9532913245836966	0.9999829291588143	4.5396709772680195	106468
197	0.9540121374759235	0.9999836119924617	4.5396709772680195	106993
198	0.9547218267124061	0.9999842412919512	4.5396709772680195	107514
199	0.9554205639544987	0.9999849977099375	4.5396709772680195	108032
200	0.9561085182144601	0.9999855737978759	4.5396709772680195	108556
201	0.9567858558963357	0.9999861277640375	4.5396709772680195	109077
202	0.9574527408362071	0.9999866604578984	4.5396709772680195	109600
203	0.9581093343418212	0.9999871726963151	4.5396709772680195	110119
204	0.9587557952316079	0.9999875831700331	4.5396709772680195	110640
205	0.9593922798730954	0.9999880599763038	4.5396709772680195	111160
206	0.9600189422207328	0.999988442057062	4.5396709772680195	111676
207	0.960635933853129	0.9999893666924972	4.5396709772680195	112197
208	0.9612434040097164	0.9999900046909472	4.5396709772680195	112716
209	0.9618414996268504	0.9999903885108149	4.5396709772680195	113236
210	0.9624303653733497	0.9999907575919996	4.5396709772680195	113755
211	0.9630101436854893	0.9999911125004668	4.5396709772680195	114280
212	0.963580974801454	0.9999914680004481	4.5396709772680195	114800
213	0.9641429967952587	0.9999921505604124	4.5396709772680195	115321
214	0.9646963456101467	0.9999926215267876	4.5396709772680195	115842
215	0.9652411550914716	0.9999929048601589	4.5396709772680195	116365
216	0.9657775570190723	0.9999933305685493	4.5396709772680195	116900
217	0.9663056811391484	0.9999937307344364	4.5396709772680195	117433
218	0.966825655195643	0.9999940316591834	4.5396709772680195	117961
219	0.9673376049611423	0.9999942608434709	4.5396709772680195	118478
220	0.9678416542672975	0.9999944812270816	4.5396709772680195	119100
221	0.9683379250347776	0.9999950331043734	4.5396709772680195	119665
222	0.9688265373027594	0.999995331118111	4.5396709772680195	120202
223	0.9693076092579637	0.9999954805223314	4.5396709772680195	120745
224	0.969781257263242	0.9999956974572596	4.5396709772680195	121278
225	0.9702475958857228	0.9999958626749008	4.5396709772680195	121811
226	0.9707067379245234	0.9999960612665055	4.5396709772680195	122344
227	0.9711587944380339	0.9999962125138717	4.5396709772680195	122879
228	0.9716038747707803	0.999996515512762	4.5396709772680195	123412
229	0.9720420865798731	0.9999966493170719	4.5396709772680195	123951
230	0.9724735358610479	0.999996783344389	4.5396709772680195	124490
231	0.9728983269743033	0.9999969377438583	4.5396709772680195	125025
232	0.9733165626691443	0.9999970847321532	4.5396709772680195	125563
233	0.9737283441094353	0.9999971966784384	4.5396709772680195	126095
234	0.97413377089787	0.9999973043259864	4.5396709772680195	126628
235	0.9745329411000634	0.9999974078398686	4.5396709772680195	127161
236	0.9749259512682722	0.9999975322635549	4.5396709772680195	127693
237	0.9753128964647495	0.9999976507149042	4.5396709772680195	128226
238	0.975693870284738	0.9999977634805889	4.5396709772680195	128760
239	0.9760689648791093	0.9999978493629342	4.5396709772680195	129296
240	0.9764382709766539	0.9999979319473975	4.5396709772680195	129828
241	0.9768018779060265	0.9999980113606175	4.5396709772680195	130347
242	0.9771598736173532	0.9999980749970777	4.5396709772680195	130878
243	0.9775123447035052	0.99999814891719	4.5396709772680195	131401
244	0.9778593764210437	0.9999982081518398	4.5396709772680195	131922
245	0.9782010527108425	0.9999982941605515	4.5396709772680195	132440
246	0.9785374562183912	0.9999983596647863	4.5396709772680195	132962
247	0.9788686683137864	0.9999984384008767	4.5396709772680195	133488
248	0.9791947691114131	0.999998498366283	4.5396709772680195	134011
249	0.9795158374893234	0.9999985560290177	4.5396709772680195	134535
250	0.9798319511083153	0.9999986253396248	4.5396709772680195	135055
251	0.9801431864307178	0.9999986781265833	4.5396709772680195	135577
252	0.9804496187388858	0.9999987415765073	4.5396709772680195	136099
253	0.9807513221534092	0.9999987898999694	4.5396709772680195	136616
254	0.9810483696510417	0.9999988479847709	4.5396709772680195	137134
255	0.9813408330823528	0.9999989401459892	4.5396709772680195	137654
256	0.9816287831891066	0.9999989808443832	4.5396709772680195	138173
257	0.9819122896213734	0.9999990199799589	4.5396709772680195	138690
258	0.982191420954377	0.9999990576127284	4.5396709772680195	139210
259	0.982466244705081	0.9999990938003996	4.5396709772680195	139733
260	0.9827368273485212	0.9999992448336664	4.5396709772680195	140257
261	0.9830032343338835	0.9999993052469731	4.5396709772680195	140782
262	0.9832655301003359	0.9999993319254893	4.5396709772680195	141303
263	0.9835237780926147	0.9999993639930659	4.5396709772680195	141840
264	0.9837780407763707	0.9999993884157321	4.5396709772680195	142358
265	0.9840283796532785	0.9999994177717769	4.5396709772680195	142881
266	0.9842748552759131	0.9999994401293407	4.5396709772680195	143404
267	0.9845175272623958	0.9999994580452018	4.5396709772680195	143921
268	0.9847564543108157	0.9999994905624897	4.5396709772680195	144441
269	0.9849916942134266	0.99999950686449	4.5396709772680195	144966
270	0.9852233038706267	0.9999995226448264	4.5396709772680195	145545
271	0.9854513393047221	0.999999540975265	4.5396709772680195	146068
272	0.9856758556734764	0.9999995586018149	4.5396709772680195	146593
273	0.9858969072834536	0.9999995727265568	4.5396709772680195	147115
274	0.9861145476031533	0.999999586399307	4.5396709772680195	147638
275	0.9863288292759441	0.9999996022815736	4.5396709772680195	148164
276	0.9865398041327968	0.9999996175539612	4.5396709772680195	148696
277	0.9867475232048216	0.9999996322398891	4.5396709772680195	149215
278	0.9869520367356114	0.9999996543054958	4.5396709772680195	149732
279	0.9871533941933952	0.9999996708988319	4.5396709772680195	150250
280	0.9873516442830033	0.9999996835363167	4.5396709772680195	150770
281	0.9875468349576483	0.999999715182685	4.5396709772680195	151294
282	0.9877390134305241	0.9999997379680703	4.5396709772680195	151810
283	0.9879282261862259	0.9999997505456029	4.5396709772680195	152327
284	0.988114518991994	0.9999997705019547	4.5396709772680195	152847
285	0.9882979369087842	0.9999997793146796	4.5396709772680195	153365
286	0.9884785243021672	0.9999997877889959	4.5396709772680195	153887
287	0.9886563248530597	0.9999998090100963	4.5396709772680195	154411
288	0.9888313815682902	0.9999998181776117	4.5396709772680195	154929
289	0.9890037367910018	0.9999998251595914	4.5396709772680195	155448
290	0.9891734322108937	0.9999998318734631	4.5396709772680195	155969
291	0.9893405088743059	0.9999998383295221	4.5396709772680195	156487
292	0.9895050071941468	0.999999846089705	4.5396709772680195	157006
293	0.9896669669596693	0.9999998519998604	4.5396709772680195	157525
294	0.9898264273460942	0.9999998608798688	4.5396709772680195	158044
295	0.9899834269240865	0.999999867557635	4.5396709772680195	158573
296	0.9901380036690851	0.9999998717957908	4.5396709772680195	159092
297	0.9902901949704882	0.9999998758983254	4.5396709772680195	159608
298	0.9904400376406967	0.9999998833444259	4.5396709772680195	160128
299	0.9905875679240193	0.9999998870774043	4.5396709772680195	160723
300	0.9907328215054387	0.999999891413632	4.5396709772680195	161237
301	0.9908758335192437	0.9999999022722688	4.5396709772680195	161757
302	0.991016638557527	0.9999999060250137	4.5396709772680195	162275
303	0.9911552706785528	0.9999999096336532	4.5396709772680195	162792
304	0.9912917634149948	0.9999999131037208	4.5396709772680195	163309
305	0.9914261497820474	0.9999999158844017	4.5396709772680195	163828
306	0.9915584622854109	0.9999999199219505	4.5396709772680195	164349
307	0.9916887329291545	0.9999999279297554	4.5396709772680195	164869
308	0.9918169932234577	0.9999999306972528	4.5396709772680195	165388
309	0.9919432741922315	0.9999999340237847	4.5396709772680195	165915
310	0.992067606380623	0.9999999406214062	4.5396709772680195	166446
311	0.9921900198624035	0.9999999429015443	4.5396709772680195	166964
312	0.992310544247243	0.9999999447286948	4.5396709772680195	167482
313	0.9924292086878719	0.9999999480449732	4.5396709772680195	168001
314	0.9925460418871331	0.9999999545393515	4.5396709772680195	168519
315	0.9926610721049243	0.9999999567214626	4.5396709772680195	169036
316	0.9927743271650334	0.9999999583833584	4.5396709772680195	169554
317	0.9928858344618694	0.9999999597150909	4.5396709772680195	170072
318	0.9929956209670875	0.9999999637435819	4.5396709772680195	170592
319	0.9931037132361139	0.9999999654838899	4.5396709772680195	171109
320	0.9932101374145689	0.9999999668093086	4.5396709772680195	171631
321	0.993314919244591	0.9999999678714107	4.5396709772680195	172146
322	0.9934180840710634	0.9999999691051485	4.5396709772680195	172663
323	0.9935196568477445	0.9999999721946337	4.5396709772680195	173183
324	0.993619662143304	0.9999999735292913	4.5396709772680195	173705
325	0.9937181241472653	0.9999999761763622	4.5396709772680195	174228
326	0.993815066675857	0.9999999773198968	4.5396709772680195	174747
327	0.9939105131777727	0.9999999784085417	4.5396709772680195	175268
328	0.9940044867398441	0.9999999792376537	4.5396709772680195	175786
329	0.9940970100926243	0.9999999802342463	4.5396709772680195	176305
330	0.9941881056158863	0.9999999822108216	4.5396709772680195	176828
331	0.9942777953440362	0.9999999830647023	4.5396709772680195	177347
332	0.9943661009714431	0.9999999837150176	4.5396709772680195	177871
333	0.9944530438576862	0.9999999844966968	4.5396709772680195	178404
334	0.9945386450327219	0.9999999850920237	4.5396709772680195	178922
335	0.99462292520197	0.9999999858076065	4.5396709772680195	179441
336	0.9947059047513224	0.999999986942998	4.5396709772680195	179960
337	0.9947876037520735	0.9999999874443869	4.5396709772680195	180480
338	0.994868041965776	0.9999999881977237	4.5396709772680195	180996
339	0.9949472388490203	0.9999999887642329	4.5396709772680195	181515
340	0.9950252135581403	0.9999999891237775	4.5396709772680195	182033
341	0.995101984953848	0.9999999896458361	4.5396709772680195	182553
342	0.9951775716057949	0.9999999900434361	4.5396709772680195	183073
343	0.9952519917970635	0.9999999904257681	4.5396709772680195	183594
344	0.9953252635285903	0.9999999908853312	4.5396709772680195	184116
345	0.9953974045235194	0.9999999917967981	4.5396709772680195	184636
346	0.9954684322314897	0.9999999921905518	4.5396709772680195	185154
347	0.9955383638328557	0.9999999925654053	4.5396709772680195	185673
348	0.9956072162428424	0.9999999928508938	4.5396709772680195	186193
349	0.9956750061156381	0.9999999931254194	4.5396709772680195	186713
350	0.9957417498484215	0.9999999933894034	4.5396709772680195	187231
351	0.9958074635853286	0.9999999936009424	4.5396709772680195	187748
352	0.9958721632213574	0.9999999938466663	4.5396709772680195	188269
353	0.9959358644062131	0.9999999942568885	4.5396709772680195	188786
354	0.9959985825480925	0.9999999944774239	4.5396709772680195	189304
355	0.996060332817412	0.9999999947425077	4.5396709772680195	189822
356	0.9961211301504767	0.999999995163107	4.5396709772680195	190339
357	0.9961809892530927	0.9999999953488437	4.5396709772680195	190861
358	0.9962399246041252	0.9999999955274481	4.5396709772680195	191385
359	0.9962979504589998	0.9999999956991941	4.5396709772680195	191905
360	0.9963550808531512	0.9999999959572424	4.5396709772680195	192422
361	0.9964113296054173	0.999999996199808	4.5396709772680195	192947
362	0.9964667103213831	0.9999999964848223	4.5396709772680195	193470
363	0.9965212363966703	0.9999999966198051	4.5396709772680195	193987
364	0.9965749210201785	0.9999999967496046	4.5396709772680195	194507
365	0.9966277771772746	0.9999999969446284	4.5396709772680195	195034
366	0.9966798176529339	0.9999999971890581	4.5396709772680195	195562
367	0.9967310550348331	0.9999999973239833	4.5396709772680195	196086
368	0.9967815017163943	0.9999999974267423	4.5396709772680195	196605
369	0.9968311698997833	0.9999999975502587	4.5396709772680195	197145
370	0.9968800715988607	0.9999999976678463	4.5396709772680195	197670
371	0.9969282186420881	0.999999997757401	4.5396709772680195	198189
372	0.9969756226753893	0.9999999978650458	4.5396709772680195	198712
373	0.9970222951649665	0.9999999979675236	4.5396709772680195	199238
374	0.9970682474000752	0.9999999980650824	4.5396709772680195	199763
375	0.9971134904957529	0.9999999981393832	4.5396709772680195	200283
376	0.9971580353955098	0.999999998210831	4.5396709772680195	200805
377	0.9972018928739742	0.999999998279535	4.5396709772680195	201328
378	0.9972450735394993	0.9999999983456008	4.5396709772680195	201852
379	0.9972875878367292	0.9999999984448649	4.5396709772680195	202371
380	0.9973294460491254	0.9999999985195113	4.5396709772680195	202888
381	0.9973706583014538	0.9999999986675602	4.5396709772680195	203407
382	0.9974112345622338	0.9999999987187259	4.5396709772680195	203925
383	0.9974511846461499	0.999999998780227	4.5396709772680195	204444
384	0.9974905182164254	0.9999999988270664	4.5396709772680195	204965
385	0.9975292447871595	0.9999999988739836	4.5396709772680195	205494
386	0.9975673737256293	0.9999999989172227	4.5396709772680195	206039
387	0.9976049142545548	0.9999999989588013	4.5396709772680195	206557
388	0.9976418754543301	0.9999999989987833	4.5396709772680195	207078
389	0.9976782662652202	0.9999999990468418	4.5396709772680195	207601
390	0.9977140954895223	0.9999999991040313	4.5396709772680195	208119
391	0.9977493717936964	0.9999999991384364	4.5396709772680195	208638
392	0.9977841037104603	0.9999999991715205	4.5396709772680195	209155
393	0.9978182996408544	0.9999999992212293	4.5396709772680195	209677
394	0.9978519678562733	0.9999999992991063	4.5396709772680195	210195
395	0.9978851165004666	0.9999999993215349	4.5396709772680195	210715
396	0.9979177535915088	0.9999999993541012	4.5396709772680195	211240
397	0.9979498870237387	0.9999999993789038	4.5396709772680195	211757
398	0.9979815245696686	0.9999999994027539	4.5396709772680195	212277
399	0.9980126738818651	0.9999999994256881	4.5396709772680195	212811
400	0.9980433424947992	0.9999999994974771	4.5396709772680195	213335
401	0.9980735378266696	0.999999999516774	4.5396709772680195	213855
402	0.9981032671811964	0.9999999995457676	4.5396709772680195	214380
403	0.9981325377493877	0.9999999995632101	4.5396709772680195	214901
404	0.9981613566112799	0.999999999584176	4.5396709772680195	215426
405	0.998189730737649	0.9999999996091254	4.5396709772680195	215953
406	0.9982176669916977	0.9999999996216334	4.5396709772680195	216477
407	0.9982451721307147	0.9999999996361627	4.5396709772680195	217000
408	0.9982722528077098	0.9999999996536268	4.5396709772680195	217515
409	0.998298915573023	0.9999999996674818	4.5396709772680195	218042
410	0.9983251668759084	0.9999999996781224	4.5396709772680195	218563
411	0.998351013066095	0.9999999996935726	4.5396709772680195	219082
412	0.9983764603953219	0.9999999997053394	4.5396709772680195	219604
413	0.9984015150188509	0.9999999997274389	4.5396709772680195	220126
414	0.9984261829969551	0.9999999997437925	4.5396709772680195	220650
415	0.9984504702963848	0.9999999997560906	4.5396709772680195	221170
416	0.9984743827918109	0.9999999997677982	4.5396709772680195	221684
417	0.998497926267246	0.9999999997767147	4.5396709772680195	222202
418	0.9985211064174427	0.9999999997874324	4.5396709772680195	222723
419	0.9985439288492723	0.9999999997976357	4.5396709772680195	223245
420	0.9985663990830799	0.9999999998073491	4.5396709772680195	223766
421	0.99858852255402	0.999999999814747	4.5396709772680195	224291
422	0.9986103046133715	0.9999999998332723	4.5396709772680195	224851
423	0.9986317505298319	0.9999999998399414	4.5396709772680195	225389
424	0.9986528654907912	0.999999999852746	4.5396709772680195	225915
425	0.9986736546035877	0.9999999998584006	4.5396709772680195	226457
426	0.9986941228967422	0.9999999998629318	4.5396709772680195	227003
427	0.9987142753211752	0.9999999998732119	4.5396709772680195	227541
428	0.998734116751404	0.9999999998808192	4.5396709772680195	228082
429	0.9987536519867218	0.9999999998927372	4.5396709772680195	228621
430	0.9987728857523588	0.9999999998968562	4.5396709772680195	229156
431	0.9987918227006248	0.999999999904592	4.5396709772680195	229694
432	0.9988104674120349	0.9999999999091715	4.5396709772680195	230228
433	0.9988288243964172	0.9999999999146212	4.5396709772680195	230798
434	0.9988468980940033	0.9999999999178998	4.5396709772680195	231338
435	0.9988646928765033	0.999999999920527	4.5396709772680195	231876
436	0.9988822130481622	0.9999999999230701	4.5396709772680195	232408
437	0.9988994628468016	0.9999999999292245	4.5396709772680195	232945
438	0.9989164464448448	0.9999999999326218	4.5396709772680195	233480
439	0.9989331679503256	0.999999999935209	4.5396709772680195	234014
440	0.9989496314078823	0.9999999999372824	4.5396709772680195	234551
441	0.9989658407997359	0.9999999999422998	4.5396709772680195	235084
442	0.9989818000466536	0.9999999999445155	4.5396709772680195	235618
443	0.9989975130088966	0.9999999999489543	4.5396709772680195	236152
444	0.9990129834871544	0.9999999999540589	4.5396709772680195	236712
445	0.9990282152234637	0.999999999955823	4.5396709772680195	237234
446	0.999043211902114	0.9999999999579434	4.5396709772680195	237756
447	0.9990579771505381	0.9999999999595585	4.5396709772680195	238278
448	0.9990725145401903	0.9999999999614996	4.5396709772680195	238799
449	0.9990868275874096	0.9999999999653496	4.5396709772680195	239322
450	0.9991009197542706	0.9999999999679484	4.5396709772680195	239838
451	0.9991147944494208	0.9999999999691792	4.5396709772680195	240392
452	0.999128455028905	0.9999999999703627	4.5396709772680195	240932
453	0.9991419047969774	0.9999999999713112	4.5396709772680195	241471
454	0.9991551470069007	0.99999999997418	4.5396709772680195	242014
455	0.9991681848617324	0.9999999999762456	4.5396709772680195	242570
456	0.9991810215151007	0.9999999999771578	4.5396709772680195	243107
457	0.9991936600719664	0.9999999999800131	4.5396709772680195	243642
458	0.9992061035893743	0.9999999999820117	4.5396709772680195	244177
459	0.9992183550771927	0.9999999999834508	4.5396709772680195	244746
460	0.999230417498841	0.9999999999842452	4.5396709772680195	245267
461	0.999242293772007	0.9999999999854268	4.5396709772680195	245792
462	0.9992539867693525	0.9999999999868842	4.5396709772680195	246345
463	0.9992654993192083	0.9999999999873038	4.5396709772680195	246884
464	0.9992768342062575	0.9999999999879132	4.5396709772680195	247409
465	0.9992879941722103	0.9999999999884934	4.5396709772680195	247964
466	0.9992989819164663	0.9999999999889353	4.5396709772680195	248501
467	0.9993098000967677	0.9999999999894663	4.5396709772680195	249039
468	0.9993204513298424	0.999999999989972	4.5396709772680195	249576
469	0.9993309381920361	0.9999999999902929	4.5396709772680195	250114
470	0.9993412632199368	0.9999999999906656	4.5396709772680195	250648
471	0.9993514289109872	0.9999999999911137	4.5396709772680195	251184
472	0.9993614377240893	0.999999999991398	4.5396709772680195	251716
473	0.9993712920801989	0.9999999999916733	4.5396709772680195	252260
474	0.999380994362912	0.9999999999923395	4.5396709772680195	252803
475	0.9993905469190398	0.9999999999926459	4.5396709772680195	253339
476	0.9993999520591781	0.9999999999929282	4.5396709772680195	253876
477	0.9994092120582648	0.9999999999932677	4.5396709772680195	254414
478	0.9994183291561312	0.9999999999935909	4.5396709772680195	254949
479	0.9994273055580427	0.9999999999939754	4.5396709772680195	255487
480	0.9994361434352333	0.9999999999945779	4.5396709772680195	256035
481	0.9994448449254304	0.9999999999949032	4.5396709772680195	256575
482	0.9994534121333712	0.9999999999950663	4.5396709772680195	257110
483	0.9994618471313131	0.9999999999953031	4.5396709772680195	257651
484	0.9994701519595336	0.9999999999954835	4.5396709772680195	258185
485	0.9994783286268247	0.9999999999956569	4.5396709772680195	258725
486	0.9994863791109787	0.9999999999960912	4.5396709772680195	259260
487	0.999494305359266	0.9999999999962413	4.5396709772680195	259792
488	0.999502109288907	0.9999999999964218	4.5396709772680195	260329
489	0.9995097927875349	0.999999999996708	4.5396709772680195	260866
490	0.9995173577136532	0.9999999999968344	4.5396709772680195	261400
491	0.9995248058970845	0.9999999999969357	4.5396709772680195	261936
492	0.9995321391394135	0.9999999999970828	4.5396709772680195	262473
493	0.9995393592144225	0.9999999999971948	4.5396709772680195	263013
494	0.999546467868521	0.9999999999972846	4.5396709772680195	263555
495	0.9995534668211672	0.9999999999975561	4.5396709772680195	264091
496	0.9995603577652851	0.99999999999765	4.5396709772680195	264628
497	0.9995671423676726	0.9999999999977403	4.5396709772680195	265165
498	0.999573822269406	0.9999999999978125	4.5396709772680195	265701
499	0.9995803990862362	0.9999999999979438	4.5396709772680195	266240
