0	0.015432098765432056	0.03839999999999999	5.00855346333049	1084
1	0.030626047858558048	0.1153280000000001	5.00855346333049	1721
2	0.045585522428642	0.14363750400000008	5.00855346333049	2274
3	0.06031414090968146	0.17652182384640003	5.00855346333049	2817
4	0.07481546589564314	0.24240007793868812	5.00855346333049	3378
5	0.08909300500219186	0.27149191494584246	5.00855346333049	3980
6	0.10315021171512095	0.31520240004909195	5.00855346333049	4502
7	0.11699048622569008	0.3480726848467356	5.00855346333049	5026
8	0.13061717625307134	0.37414977745286615	5.00855346333049	5585
9	0.1440335778541042	0.4117007908056942	5.00855346333049	6113
10	0.1572429362205532	0.4399391528470209	5.00855346333049	6636
11	0.17024844646406312	0.46144548937769525	5.00855346333049	7163
12	0.18305325438900033	0.4821259825855917	5.00855346333049	7691
13	0.19566045725336756	0.502012344854305	5.00855346333049	8216
14	0.208073104517976	0.5259157523012983	5.00855346333049	8745
15	0.22029419858405663	0.5410864482276567	5.00855346333049	9277
16	0.2323266955194878	0.5587087286157147	5.00855346333049	9805
17	0.2441735057738167	0.5756543134368712	5.00855346333049	10333
18	0.2558374948822454	0.5919491878008954	5.00855346333049	10868
19	0.2673214841587539	0.607618338989341	5.00855346333049	11404
20	0.2786282513785262	0.6226857947721504	5.00855346333049	11932
21	0.28976053144984526	0.6371746602528998	5.00855346333049	12474
22	0.30072101707561927	0.6511071532991883	5.00855346333049	13125
23	0.31151235940469924	0.6678540099408274	4.602315258933337	13661
24	0.32213716867314524	0.6811398495431943	4.602315258933337	14299
25	0.3325980148355967	0.6933840793207356	4.602315258933337	14873
26	0.34289742818689917	0.724045671388662	4.602315258933337	15406
27	0.35303789997413837	0.7372914791620062	4.602315258933337	15936
28	0.3630218829992288	0.7499014881622299	4.602315258933337	16468
29	0.37285179221220366	0.7595052710168003	4.602315258933337	16996
30	0.38253000529534864	0.7787448493354563	4.602315258933337	17529
31	0.3920588632383216	0.7964452613886198	4.602315258933337	18064
32	0.40144067090439683	0.8042617633512968	4.602315258933337	18594
33	0.4106776975879709	0.8238355870161671	4.602315258933337	19126
34	0.4197721775634652	0.8294728482316498	4.602315258933337	19665
35	0.4287263106257574	0.8360210908595544	4.602315258933337	20198
36	0.43754226262227347	0.8423178809705476	4.602315258933337	20730
37	0.44622216597686803	0.8483728743412785	4.602315258933337	21259
38	0.4547681202056201	0.8532249423623577	4.602315258933337	21786
39	0.46318219242466907	0.8588611045756431	4.602315258933337	22315
40	0.47146641785021426	0.8642808381599384	4.602315258933337	22862
41	0.4796228002907974	0.8733287822826092	4.602315258933337	23393
42	0.48765331263198874	0.878192957042957	4.602315258933337	23924
43	0.49555989731359384	0.8840396951048951	4.5396709772680195	24455
44	0.5033444667994951	0.8909973133986013	4.5396709772680195	24985
45	0.5110089040402437	0.895183016564095	4.5396709772680195	25517
46	0.5185550629285114	0.8992079887280339	4.5396709772680195	26047
47	0.5259847687475159	0.9092871898552304	4.5396709772680195	26579
48	0.5332998186125233	0.9136414047421794	4.5396709772680195	27112
49	0.5405019819055399	0.9169575748000797	4.5396709772680195	27642
50	0.5475930007032939	0.9201464039277566	4.5396709772680195	28173
51	0.5545745901986134	0.9232127820169308	4.5396709772680195	28723
52	0.5614484391153014	0.925669972992389	4.5396709772680195	29254
53	0.5682162101166085	0.9285242460294812	4.5396709772680195	29784
54	0.5748795402074016	0.9308114701565379	4.5396709772680195	30314
55	0.5814400411301268	0.9334683097025268	4.5396709772680195	30872
56	0.5878992997546619	0.9366618308368055	4.5396709772680195	31401
57	0.5942588784621516	0.9417288843698611	4.5396709772680195	31949
58	0.6005203155229208	0.9435935600700255	4.5396709772680195	32499
59	0.6066851254685548	0.949234204063023	4.5396709772680195	33049
60	0.6127547994582376	0.9511836106270029	4.5396709772680195	33596
61	0.6187308056394376	0.953058159978926	4.5396709772680195	34143
62	0.6246145895030265	0.9574589574809017	4.5396709772680195	34673
63	0.630407574232918	0.9645491312340847	4.5396709772680195	35204
64	0.6361111610503113	0.9659104445946959	4.5396709772680195	35751
65	0.6417267295526212	0.9675467432541505	4.5396709772680195	36299
66	0.6472556380471796	0.9687929483131911	4.5396709772680195	36827
67	0.6526992238797849	0.971913653481872	4.5396709772680195	37375
68	0.6580588037581832	0.9741605612033223	4.5396709772680195	37913
69	0.6633356740705569	0.9751527956531146	4.5396709772680195	38442
70	0.6685311111990977	0.9759479061922149	4.5396709772680195	38971
71	0.6736463718287411	0.9771024066949887	4.5396709772680195	39517
72	0.6786826932511372	0.9784762622932893	4.5396709772680195	40048
73	0.6836412936639282	0.979302773821227	4.5396709772680195	40596
74	0.6885233724654107	0.9800975473064919	4.5396709772680195	41118
75	0.6933301105446482	0.9808618014899226	4.5396709772680195	41644
76	0.6980626705671074	0.9815967083127096	4.5396709772680195	42169
77	0.7027221972558866	0.9823033947135016	4.5396709772680195	42697
78	0.7073098176686043	0.9828696860826696	4.5396709772680195	43222
79	0.7118266414700147	0.9836919411507014	4.5396709772680195	43746
80	0.7162737612004157	0.9843181706105144	4.5396709772680195	44295
81	0.7206522525399155	0.9849203528590706	4.5396709772680195	44822
82	0.7249631745686205	0.9856441759218353	4.5396709772680195	45347
83	0.7292075700228084	0.9861035622923365	4.5396709772680195	45868
84	0.7333864655471478	0.9865482482989818	4.5396709772680195	46395
85	0.7375008719430252	0.9870647955643009	4.5396709772680195	46917
86	0.7415517844130401	0.9874787221062432	4.5396709772680195	47455
87	0.7455401828017278	0.9879595391773636	4.5396709772680195	47989
88	0.7494670318325654	0.9884218928729528	4.5396709772680195	48516
89	0.753333281341322	0.9888664921866314	4.5396709772680195	49041
90	0.7571398665058078	0.9892940188866647	4.5396709772680195	49572
91	0.7608877080720762	0.9898079059801048	4.5396709772680195	50108
92	0.7645777125771367	0.990572313031597	4.5396709772680195	50637
93	0.7682107725682302	0.9915150817284373	4.5396709772680195	51162
94	0.7717877668187205	0.992024176824731	4.5396709772680195	51688
95	0.7753095605406538	0.9923304484346613	4.5396709772680195	52212
96	0.7787770055940388	0.9926249592147703	4.5396709772680195	52736
97	0.7821909406928962	0.9932149624775888	4.5396709772680195	53262
98	0.7855521916081293	0.9934755079184493	4.5396709772680195	53787
99	0.7888615713672631	0.9937886835383638	4.5396709772680195	54316
100	0.7921198804511016	0.9940271980904906	4.5396709772680195	54842
101	0.79532790698735	0.9942565536838157	4.5396709772680195	55364
102	0.7984864269412489	0.9944771020223572	4.5396709772680195	55895
103	0.8015962043032667	0.9946538347576418	4.5396709772680195	56416
104	0.8046579912738953	0.9950815279770304	4.5396709772680195	56940
105	0.8076725284455943	0.9952703973027125	4.5396709772680195	57467
106	0.8106405449819278	0.9954520140462884	4.5396709772680195	57989
107	0.8135627587939351	0.9957931129928167	4.5396709772680195	58516
108	0.8164398767137817	0.9959546574538926	4.5396709772680195	59041
109	0.8192725946657295	0.996084108415368	4.5396709772680195	59565
110	0.8220615978344683	0.9962094169460762	4.5396709772680195	60088
111	0.8248075608308499	0.9965884752514685	4.5396709772680195	60617
112	0.8275111478550652	0.9969296277263218	4.5396709772680195	61141
113	0.8301730128573019	0.997175257508216	4.5396709772680195	61666
114	0.8327937996959238	0.997265649267953	4.5396709772680195	62210
115	0.8353741422932088	0.9973706483360637	4.5396709772680195	62737
116	0.837914664788684	0.9976335835024573	4.5396709772680195	63263
117	0.8404159816900932	0.9977471714943393	4.5396709772680195	63787
118	0.8428786980220363	0.9978336801089567	4.5396709772680195	64312
119	0.8453034094723135	0.9979030023454701	4.5396709772680195	64839
120	0.8476907025360123	0.9981127021109231	4.5396709772680195	65363
121	0.8500411546573702	0.9983014318998308	4.5396709772680195	65903
122	0.8523553343694478	0.9984712887098477	4.5396709772680195	66427
123	0.8546338014316477	0.9985202074711326	4.5396709772680195	67021
124	0.8568771069651099	0.998577031504241	4.5396709772680195	67549
125	0.8590857935860187	0.9986316734944782	4.5396709772680195	68071
126	0.8612603955368516	0.9986973531667432	4.5396709772680195	68596
127	0.8634014388156039	0.9987598802147396	4.5396709772680195	69136
128	0.8655094413030175	0.9988075008144937	4.5396709772680195	69664
129	0.8675849128878474	0.9988647407753979	4.5396709772680195	70196
130	0.8696283555901955	0.9989083347296226	4.5396709772680195	70727
131	0.8716402636829393	0.9989502546760051	4.5396709772680195	71249
132	0.8736211238112891	0.9989905648964466	4.5396709772680195	71774
133	0.8755714151104975	0.9990915084068018	4.5396709772680195	72305
134	0.8774916093217553	0.9991823575661217	4.5396709772680195	72826
135	0.8793821709062961	0.9992137550355826	4.5396709772680195	73352
136	0.8812435571577422	0.9992389148744439	4.5396709772680195	73883
137	0.8830762183127152	0.9993150233869996	4.5396709772680195	74407
138	0.8848805976597413	0.9993561219837795	4.5396709772680195	74929
139	0.8866571316464736	0.9993808468996025	4.5396709772680195	75454
140	0.8884062499852626	0.9994105662484215	4.5396709772680195	75980
141	0.890128375757095	0.9994388590684973	4.5396709772680195	76507
142	0.89182392551393	0.999460406880267	4.5396709772680195	77034
143	0.8934933093794557	0.9994776738600984	4.5396709772680195	77572
144	0.8951369311482913	0.9994977311838706	4.5396709772680195	78095
145	0.8967551883836571	0.9995278673128385	4.5396709772680195	78619
146	0.898348472513539	0.9995505296818222	4.5396709772680195	79161
147	0.8999171689253671	0.9995677893420403	4.5396709772680195	79683
148	0.9014616570592349	0.9995966033859042	4.5396709772680195	80226
149	0.9029823104996788	0.9996974525394282	4.5396709772680195	80750
150	0.9044794970660417	0.9997090703619141	4.5396709772680195	81272
151	0.9059535789014423	0.9997265261401993	4.5396709772680195	81796
152	0.9074049125603707	0.9997352773037129	4.5396709772680195	82332
153	0.9088338490949328	0.9997454426552503	4.5396709772680195	82854
154	0.9102407341397641	0.9997576614077983	4.5396709772680195	83377
155	0.9116259079956319	0.9997738173139451	4.5396709772680195	83911
156	0.9129897057117488	0.9997825027290896	4.5396709772680195	84433
157	0.9143324571668143	0.9997908546242925	4.5396709772680195	84958
158	0.9156544871488079	0.9997988858067197	4.5396709772680195	85483
159	0.9169561154335486	0.9998085392879972	4.5396709772680195	86011
160	0.9182376568620432	0.9998177294021733	4.5396709772680195	86536
161	0.9194994214166413	0.999826478390869	4.5396709772680195	87064
162	0.9207417142960141	0.9998331416206596	4.5396709772680195	87587
163	0.9219648359889768	0.999841150822868	4.5396709772680195	88113
164	0.9231690823471717	0.9998487755833703	4.5396709772680195	88638
165	0.9243547446566289	0.9998545826009688	4.5396709772680195	89159
166	0.9255221097082241	0.9998615626361224	4.5396709772680195	89689
167	0.9266714598670478	0.9998668786308953	4.5396709772680195	90214
168	0.9278030731407044	0.9998732684566123	4.5396709772680195	90737
169	0.9289172232465578	0.9998817172261715	4.5396709772680195	91260
170	0.9300141796779381	0.9998935455035544	4.5396709772680195	91785
171	0.9310942077693279	0.9998969520474406	4.5396709772680195	92306
172	0.932157568760542	0.9999009090888189	4.5396709772680195	92827
173	0.9332045198599164	0.9999040799979767	4.5396709772680195	93349
174	0.9342353143065225	0.9999086841580738	4.5396709772680195	93868
175	0.9352502014314219	0.9999116062650154	4.5396709772680195	94394
176	0.936249426717974	0.9999158491642947	4.5396709772680195	94915
177	0.9372332318612151	0.9999190805563858	4.5396709772680195	95437
178	0.9382018548263199	0.9999221878630206	4.5396709772680195	95957
179	0.9391555299061606	0.9999251758490806	4.5396709772680195	96481
180	0.9400944877779791	0.9999280490964759	4.5396709772680195	97009
181	0.9410189555591831	0.9999308120111712	4.5396709772680195	97534
182	0.9419291568622822	0.9999334688299423	4.5396709772680195	98063
183	0.9428253118489753	0.9999374607001457	4.5396709772680195	98588
184	0.9437076372834047	0.9999399622721399	4.5396709772680195	99116
185	0.9445763465845868	0.9999423637812542	4.5396709772680195	99644
186	0.9454316498780345	0.9999442081402541	4.5396709772680195	100168
187	0.9462737540465833	0.9999463505476683	4.5396709772680195	100697
188	0.9471028627804323	0.9999484106866379	4.5396709772680195	101227
189	0.9479191766264133	0.999950391716271	4.5396709772680195	101769
190	0.9487228930364995	0.9999522966743662	4.5396709772680195	102291
191	0.9495142064155659	0.9999545864339966	4.5396709772680195	102814
192	0.9502933081684121	0.9999579924514469	4.5396709772680195	103363
193	0.9510603867460601	0.9999600088137774	4.5396709772680195	103886
194	0.9518156276913369	0.9999612885317366	4.5396709772680195	104416
195	0.9525592136837545	0.9999643854491976	4.5396709772680195	104941
196	0.9532913245836966	0.9999665223222458	4.5396709772680195	105475
197	0.9540121374759235	0.9999698700900211	4.5396709772680195	106006
198	0.9547218267124061	0.9999713163257001	4.5396709772680195	106540
199	0.9554205639544987	0.9999736110196442	4.5396709772680195	107064
200	0.9561085182144601	0.9999746243564899	4.5396709772680195	107591
201	0.9567858558963357	0.9999755987812006	4.5396709772680195	108117
202	0.9574527408362071	0.9999775508787045	4.5396709772680195	108646
203	0.9581093343418212	0.999978269250586	4.5396709772680195	109169
204	0.9587557952316079	0.9999800077105392	4.5396709772680195	109696
205	0.9593922798730954	0.9999808074021176	4.5396709772680195	110221
206	0.9600189422207328	0.9999822468469588	4.5396709772680195	110756
207	0.960635933853129	0.9999840221622629	4.5396709772680195	111281
208	0.9612434040097164	0.9999847890984742	4.5396709772680195	111806
209	0.9618414996268504	0.9999855192217475	4.5396709772680195	112336
210	0.9624303653733497	0.9999862142991036	4.5396709772680195	112864
211	0.9630101436854893	0.9999866554415323	4.5396709772680195	113389
212	0.963580974801454	0.9999870824674033	4.5396709772680195	113916
213	0.9641429967952587	0.9999892353895027	4.5396709772680195	114453
214	0.9646963456101467	0.9999898812661325	4.5396709772680195	114978
215	0.9652411550914716	0.9999904883901646	4.5396709772680195	115513
216	0.9657775570190723	0.9999909449474367	4.5396709772680195	116035
217	0.9663056811391484	0.9999912926614551	4.5396709772680195	116556
218	0.966825655195643	0.9999918151017678	4.5396709772680195	117076
219	0.9673376049611423	0.9999922079768829	4.5396709772680195	117601
220	0.9678416542672975	0.9999925819939925	4.5396709772680195	118123
221	0.9683379250347776	0.9999928668454233	4.5396709772680195	118650
222	0.9688265373027594	0.9999930951063697	4.5396709772680195	119177
223	0.9693076092579637	0.9999935093999875	4.5396709772680195	119699
224	0.969781257263242	0.9999938209487882	4.5396709772680195	120225
225	0.9702475958857228	0.9999941916918609	4.5396709772680195	120752
226	0.9707067379245234	0.9999944147308933	4.5396709772680195	121278
227	0.9711587944380339	0.9999947498470398	4.5396709772680195	121800
228	0.9716038747707803	0.9999950018543818	4.5396709772680195	122327
229	0.9720420865798731	0.9999951937831736	4.5396709772680195	122850
230	0.9724735358610479	0.9999953475821121	4.5396709772680195	123376
231	0.9728983269743033	0.9999955708981707	4.5396709772680195	123899
232	0.9733165626691443	0.9999958366442805	4.5396709772680195	124420
233	0.9737283441094353	0.999996036485355	4.5396709772680195	124947
234	0.97413377089787	0.9999961633178236	4.5396709772680195	125471
235	0.9745329411000634	0.9999963474785681	4.5396709772680195	125997
236	0.9749259512682722	0.9999964877353911	4.5396709772680195	126524
237	0.9753128964647495	0.9999966001278585	4.5396709772680195	127049
238	0.975693870284738	0.9999968041201871	4.5396709772680195	127576
239	0.9760689648791093	0.9999971237081683	4.5396709772680195	128102
240	0.9764382709766539	0.9999972617701762	4.5396709772680195	128625
241	0.9768018779060265	0.9999973932052078	4.5396709772680195	129151
242	0.9771598736173532	0.9999975183313579	4.5396709772680195	129680
243	0.9775123447035052	0.999997683775934	4.5396709772680195	130205
244	0.9778593764210437	0.9999978690738592	4.5396709772680195	130727
245	0.9782010527108425	0.999997971358314	4.5396709772680195	131251
246	0.9785374562183912	0.9999980492581547	4.5396709772680195	131776
247	0.9788686683137864	0.9999981663026655	4.5396709772680195	132300
248	0.9791947691114131	0.9999982367166431	4.5396709772680195	132850
249	0.9795158374893234	0.999998304426724	4.5396709772680195	133373
250	0.9798319511083153	0.9999983586850688	4.5396709772680195	133915
251	0.9801431864307178	0.9999985638494352	4.5396709772680195	134438
252	0.9804496187388858	0.9999986327846624	4.5396709772680195	134956
253	0.9807513221534092	0.9999986984109985	4.5396709772680195	135481
254	0.9810483696510417	0.9999987504745587	4.5396709772680195	136003
255	0.9813408330823528	0.9999987984563355	4.5396709772680195	136529
256	0.9816287831891066	0.9999988369057329	4.5396709772680195	137070
257	0.9819122896213734	0.9999988815685527	4.5396709772680195	137594
258	0.982191420954377	0.9999989245163202	4.5396709772680195	138124
259	0.982466244705081	0.9999989658148936	4.5396709772680195	138648
260	0.9827368273485212	0.9999990055276017	4.5396709772680195	139174
261	0.9830032343338835	0.9999990437153418	4.5396709772680195	139735
262	0.9832655301003359	0.9999990804366726	4.5396709772680195	140262
263	0.9835237780926147	0.9999991157479043	4.5396709772680195	140812
264	0.9837780407763707	0.9999991497031848	4.5396709772680195	141338
265	0.9840283796532785	0.9999991769126829	4.5396709772680195	141865
266	0.9842748552759131	0.999999208519236	4.5396709772680195	142400
267	0.9845175272623958	0.9999992465103126	4.5396709772680195	142928
268	0.9847564543108157	0.9999992826778176	4.5396709772680195	143451
269	0.9849916942134266	0.9999993171092824	4.5396709772680195	143978
270	0.9852233038706267	0.9999993433322859	4.5396709772680195	144505
271	0.9854513393047221	0.9999993685483262	4.5396709772680195	145031
272	0.9856758556734764	0.9999993927960704	4.5396709772680195	145555
273	0.9858969072834536	0.9999994122265962	4.5396709772680195	146079
274	0.9861145476031533	0.9999994592484684	4.5396709772680195	146602
275	0.9863288292759441	0.999999485204542	4.5396709772680195	147133
276	0.9865398041327968	0.999999509914724	4.5396709772680195	147662
277	0.9867475232048216	0.9999995287339986	4.5396709772680195	148191
278	0.9869520367356114	0.999999546830613	4.5396709772680195	148716
279	0.9871533941933952	0.9999996223588442	4.5396709772680195	149240
280	0.9873516442830033	0.9999996344433612	4.5396709772680195	149765
281	0.9875468349576483	0.9999996461411736	4.5396709772680195	150301
282	0.9877390134305241	0.999999657464656	4.5396709772680195	150826
283	0.9879282261862259	0.9999996739063526	4.5396709772680195	151355
284	0.988114518991994	0.9999996864283486	4.5396709772680195	151882
285	0.9882979369087842	0.9999997099462224	4.5396709772680195	152410
286	0.9884785243021672	0.9999997238688038	4.5396709772680195	152935
287	0.9886563248530597	0.9999997344722418	4.5396709772680195	153463
288	0.9888313815682902	0.9999997472175741	4.5396709772680195	153985
289	0.9890037367910018	0.9999997593511306	4.5396709772680195	154509
290	0.9891734322108937	0.9999997670518944	4.5396709772680195	155038
291	0.9893405088743059	0.9999997759971017	4.5396709772680195	155566
292	0.9895050071941468	0.9999997894372755	4.5396709772680195	156089
293	0.9896669669596693	0.9999997995442863	4.5396709772680195	156612
294	0.9898264273460942	0.9999998155807435	4.5396709772680195	157162
295	0.9899834269240865	0.9999998266458988	4.5396709772680195	157690
296	0.9901380036690851	0.9999998370471449	4.5396709772680195	158268
297	0.9902901949704882	0.9999998433045345	4.5396709772680195	158795
298	0.9904400376406967	0.9999998483187894	4.5396709772680195	159324
299	0.9905875679240193	0.9999998541433479	4.5396709772680195	159848
300	0.9907328215054387	0.9999998597442433	4.5396709772680195	160375
301	0.9908758335192437	0.9999998664765196	4.5396709772680195	160900
302	0.991016638557527	0.9999998728856467	4.5396709772680195	161423
303	0.9911552706785528	0.9999998777668379	4.5396709772680195	161950
304	0.9912917634149948	0.9999998824605913	4.5396709772680195	162479
305	0.9914261497820474	0.9999998869741046	4.5396709772680195	163004
306	0.9915584622854109	0.9999998905909333	4.5396709772680195	163543
307	0.9916887329291545	0.9999998947922414	4.5396709772680195	164069
308	0.9918169932234577	0.9999999011047069	4.5396709772680195	164598
309	0.9919432741922315	0.9999999042693564	4.5396709772680195	165122
310	0.992067606380623	0.999999907945413	4.5396709772680195	165646
311	0.9921900198624035	0.9999999134686882	4.5396709772680195	166169
312	0.992310544247243	0.9999999167914906	4.5396709772680195	166764
313	0.9924292086878719	0.999999920785499	4.5396709772680195	167293
314	0.9925460418871331	0.9999999260664658	4.5396709772680195	167817
315	0.9926610721049243	0.9999999296152754	4.5396709772680195	168341
316	0.9927743271650334	0.9999999329937422	4.5396709772680195	168874
317	0.9928858344618694	0.9999999355667826	4.5396709772680195	169397
318	0.9929956209670875	0.9999999376286455	4.5396709772680195	169925
319	0.9931037132361139	0.9999999417867358	4.5396709772680195	170449
320	0.9932101374145689	0.9999999452795316	4.5396709772680195	170973
321	0.993314919244591	0.9999999479061141	4.5396709772680195	171497
322	0.9934180840710634	0.9999999510317472	4.5396709772680195	172027
323	0.9935196568477445	0.9999999525987313	4.5396709772680195	172551
324	0.993619662143304	0.999999954115572	4.5396709772680195	173072
325	0.9937181241472653	0.999999955877534	4.5396709772680195	173596
326	0.993815066675857	0.9999999572894529	4.5396709772680195	174124
327	0.9939105131777727	0.9999999607062967	4.5396709772680195	174670
328	0.9940044867398441	0.9999999622151748	4.5396709772680195	175195
329	0.9940970100926243	0.9999999640288465	4.5396709772680195	175719
330	0.9941881056158863	0.9999999657554619	4.5396709772680195	176247
331	0.9942777953440362	0.9999999684950249	4.5396709772680195	176773
332	0.9943661009714431	0.9999999716455225	4.5396709772680195	177307
333	0.9944530438576862	0.9999999727343344	4.5396709772680195	177834
334	0.9945386450327219	0.9999999737813359	4.5396709772680195	178370
335	0.99462292520197	0.9999999750398317	4.5396709772680195	178911
336	0.9947059047513224	0.9999999758385572	4.5396709772680195	179434
337	0.9947876037520735	0.9999999777714726	4.5396709772680195	179975
338	0.994868041965776	0.9999999799943253	4.5396709772680195	180501
339	0.9949472388490203	0.9999999806345069	4.5396709772680195	181032
340	0.9950252135581403	0.9999999815640506	4.5396709772680195	181559
341	0.995101984953848	0.999999982271991	4.5396709772680195	182080
342	0.9951775716057949	0.9999999833356716	4.5396709772680195	182602
343	0.9952519917970635	0.9999999838689301	4.5396709772680195	183142
344	0.9953252635285903	0.9999999844883631	4.5396709772680195	183691
345	0.9953974045235194	0.999999985651736	4.5396709772680195	184232
346	0.9954684322314897	0.9999999863404526	4.5396709772680195	184772
347	0.9955383638328557	0.9999999871600255	4.5396709772680195	185311
348	0.9956072162428424	0.9999999875709047	4.5396709772680195	185851
349	0.9956750061156381	0.9999999883166504	4.5396709772680195	186396
350	0.9957417498484215	0.999999988765291	4.5396709772680195	186934
351	0.9958074635853286	0.9999999891967039	4.5396709772680195	187476
352	0.9958721632213574	0.9999999898449016	4.5396709772680195	188020
353	0.9959358644062131	0.9999999902348574	4.5396709772680195	188563
354	0.9959985825480925	0.9999999905473419	4.5396709772680195	189113
355	0.996060332817412	0.999999990910324	4.5396709772680195	189654
356	0.9961211301504767	0.9999999914557046	4.5396709772680195	190198
357	0.9961809892530927	0.9999999920965267	4.5396709772680195	190738
358	0.9962399246041252	0.9999999924000201	4.5396709772680195	191279
359	0.9962979504589998	0.9999999926918594	4.5396709772680195	191821
360	0.9963550808531512	0.9999999934226734	4.5396709772680195	192444
361	0.9964113296054173	0.9999999936752427	4.5396709772680195	192987
362	0.9964667103213831	0.9999999939181135	4.5396709772680195	193535
363	0.9965212363966703	0.9999999941516579	4.5396709772680195	194235
364	0.9965749210201785	0.9999999943762342	4.5396709772680195	194781
365	0.9966277771772746	0.9999999945561947	4.5396709772680195	195326
366	0.9966798176529339	0.9999999947303965	4.5396709772680195	195871
367	0.9967310550348331	0.9999999949833375	4.5396709772680195	196430
368	0.9967815017163943	0.9999999951759773	4.5396709772680195	196973
369	0.9968311698997833	0.9999999953612198	4.5396709772680195	197518
370	0.9968800715988607	0.9999999955838812	4.5396709772680195	198139
371	0.9969282186420881	0.9999999957958549	4.5396709772680195	198681
372	0.9969756226753893	0.9999999959976539	4.5396709772680195	199229
373	0.9970222951649665	0.9999999961513439	4.5396709772680195	199780
374	0.9970682474000752	0.9999999963360795	4.5396709772680195	200333
375	0.9971134904957529	0.9999999965119476	4.5396709772680195	200872
376	0.9971580353955098	0.9999999966458889	4.5396709772680195	201415
377	0.9972018928739742	0.9999999967746868	4.5396709772680195	201961
378	0.9972450735394993	0.9999999968778968	4.5396709772680195	202508
379	0.9972875878367292	0.9999999969977855	4.5396709772680195	203051
380	0.9973294460491254	0.9999999971130705	4.5396709772680195	203594
381	0.9973706583014538	0.9999999972239286	4.5396709772680195	204136
382	0.9974112345622338	0.9999999975015358	4.5396709772680195	204680
383	0.9974511846461499	0.9999999975974768	4.5396709772680195	205221
384	0.9974905182164254	0.9999999976897337	4.5396709772680195	205925
385	0.9975292447871595	0.999999997778448	4.5396709772680195	206467
386	0.9975673737256293	0.999999997911741	4.5396709772680195	207016
387	0.9976049142545548	0.9999999980370365	4.5396709772680195	207554
388	0.9976418754543301	0.9999999981124144	4.5396709772680195	208089
389	0.9976782662652202	0.9999999982030184	4.5396709772680195	208629
390	0.9977140954895223	0.9999999982892736	4.5396709772680195	209169
391	0.9977493717936964	0.9999999983713884	4.5396709772680195	209705
392	0.9977841037104603	0.9999999984495618	4.5396709772680195	210246
393	0.9978182996408544	0.9999999984991759	4.5396709772680195	210782
394	0.9978519678562733	0.9999999985472022	4.5396709772680195	211322
395	0.9978851165004666	0.9999999986029896	4.5396709772680195	211862
396	0.9979177535915088	0.9999999986566348	4.5396709772680195	212406
397	0.9979498870237387	0.9999999987082201	4.5396709772680195	212947
398	0.9979815245696686	0.9999999987578244	4.5396709772680195	213491
399	0.9980126738818651	0.9999999988075114	4.5396709772680195	214035
400	0.9980433424947992	0.9999999988647509	4.5396709772680195	214578
401	0.9980735378266696	0.9999999989192428	4.5396709772680195	215127
402	0.9981032671811964	0.9999999989607439	4.5396709772680195	215673
403	0.9981325377493877	0.9999999990006514	4.5396709772680195	216217
404	0.9981613566112799	0.9999999990326305	4.5396709772680195	216759
405	0.998189730737649	0.9999999990635864	4.5396709772680195	217312
406	0.9982176669916977	0.9999999990995446	4.5396709772680195	217855
407	0.9982451721307147	0.999999999153572	4.5396709772680195	218395
408	0.9982722528077098	0.9999999991860747	4.5396709772680195	218937
409	0.998298915573023	0.9999999992121203	4.5396709772680195	219483
410	0.9983251668759084	0.9999999992423749	4.5396709772680195	220022
411	0.998351013066095	0.9999999992878325	4.5396709772680195	220563
412	0.9983764603953219	0.9999999993448059	4.5396709772680195	221098
413	0.9984015150188509	0.9999999993657721	4.5396709772680195	221640
414	0.9984261829969551	0.9999999993901264	4.5396709772680195	222182
415	0.9984504702963848	0.9999999994135456	4.5396709772680195	222727
416	0.9984743827918109	0.9999999994416954	4.5396709772680195	223269
417	0.998497926267246	0.9999999994631343	4.5396709772680195	223814
418	0.9985211064174427	0.99999999948375	4.5396709772680195	224355
419	0.9985439288492723	0.999999999514725	4.5396709772680195	224897
420	0.9985663990830799	0.9999999995333595	4.5396709772680195	225563
421	0.99858852255402	0.9999999995613579	4.5396709772680195	226123
422	0.9986103046133715	0.9999999995876765	4.5396709772680195	226739
423	0.9986317505298319	0.999999999607468	4.5396709772680195	227392
424	0.9986528654907912	0.9999999996467211	4.5396709772680195	227936
425	0.9986736546035877	0.9999999996602871	4.5396709772680195	228484
426	0.9986941228967422	0.9999999996733321	4.5396709772680195	229026
427	0.9987142753211752	0.9999999996858762	4.5396709772680195	229566
428	0.998734116751404	0.9999999996979385	4.5396709772680195	230109
429	0.9987536519867218	0.9999999997124375	4.5396709772680195	230653
430	0.9987728857523588	0.9999999997216394	4.5396709772680195	231195
431	0.9987918227006248	0.9999999997350008	4.5396709772680195	231735
432	0.9988104674120349	0.9999999997477207	4.5396709772680195	232274
433	0.9988288243964172	0.9999999997598301	4.5396709772680195	232858
434	0.9988468980940033	0.9999999997713582	4.5396709772680195	233400
435	0.9988646928765033	0.9999999997801381	4.5396709772680195	234006
436	0.9988822130481622	0.9999999997885808	4.5396709772680195	234546
437	0.9988994628468016	0.9999999997966993	4.5396709772680195	235089
438	0.9989164464448448	0.999999999804506	4.5396709772680195	235633
439	0.9989331679503256	0.9999999998201455	4.5396709772680195	236177
440	0.9989496314078823	0.999999999838131	4.5396709772680195	236732
441	0.9989658407997359	0.9999999998443467	4.5396709772680195	237274
442	0.9989818000466536	0.999999999856799	4.5396709772680195	237815
443	0.9989975130088966	0.9999999998622979	4.5396709772680195	238355
444	0.9990129834871544	0.9999999998675857	4.5396709772680195	238903
445	0.9990282152234637	0.9999999998739416	4.5396709772680195	239441
446	0.999043211902114	0.9999999998789839	4.5396709772680195	239980
447	0.9990579771505381	0.999999999883631	4.5396709772680195	240516
448	0.9990725145401903	0.9999999998880995	4.5396709772680195	241052
449	0.9990868275874096	0.9999999998934708	4.5396709772680195	241587
450	0.9991009197542706	0.9999999998968797	4.5396709772680195	242123
451	0.9991147944494208	0.9999999999030669	4.5396709772680195	242659
452	0.999128455028905	0.9999999999061687	4.5396709772680195	243190
453	0.9991419047969774	0.9999999999091713	4.5396709772680195	243722
454	0.9991551470069007	0.9999999999182542	4.5396709772680195	244258
455	0.9991681848617324	0.9999999999208701	4.5396709772680195	244794
456	0.9991810215151007	0.9999999999239086	4.5396709772680195	245519
457	0.9991936600719664	0.9999999999268305	4.5396709772680195	246052
458	0.9992061035893743	0.9999999999303427	4.5396709772680195	246585
459	0.9992183550771927	0.9999999999336863	4.5396709772680195	247119
460	0.999230417498841	0.9999999999362327	4.5396709772680195	247657
461	0.999242293772007	0.9999999999392936	4.5396709772680195	248201
462	0.9992539867693525	0.9999999999412361	4.5396709772680195	248737
463	0.9992654993192083	0.9999999999431166	4.5396709772680195	249272
464	0.9992768342062575	0.9999999999453009	4.5396709772680195	249814
465	0.9992879941722103	0.9999999999474014	4.5396709772680195	250345
466	0.9992989819164663	0.9999999999494211	4.5396709772680195	251020
467	0.9993098000967677	0.9999999999513633	4.5396709772680195	251555
468	0.9993204513298424	0.9999999999536979	4.5396709772680195	252093
469	0.9993309381920361	0.9999999999583281	4.5396709772680195	252629
470	0.9993412632199368	0.9999999999596616	4.5396709772680195	253165
471	0.9993514289109872	0.9999999999612106	4.5396709772680195	253700
472	0.9993614377240893	0.9999999999630725	4.5396709772680195	254236
473	0.9993712920801989	0.9999999999644905	4.5396709772680195	254771
474	0.999380994362912	0.999999999966195	4.5396709772680195	255306
475	0.9993905469190398	0.9999999999674931	4.5396709772680195	255838
476	0.9993999520591781	0.9999999999687413	4.5396709772680195	256375
477	0.9994092120582648	0.9999999999697416	4.5396709772680195	256908
478	0.9994183291561312	0.999999999971194	4.5396709772680195	257442
479	0.9994273055580427	0.9999999999723002	4.5396709772680195	257979
480	0.9994361434352333	0.9999999999736298	4.5396709772680195	258512
481	0.9994448449254304	0.9999999999762668	4.5396709772680195	259047
482	0.9994534121333712	0.9999999999771781	4.5396709772680195	259583
483	0.9994618471313131	0.9999999999780546	4.5396709772680195	260123
484	0.9994701519595336	0.9999999999791079	4.5396709772680195	260659
485	0.9994783286268247	0.9999999999797764	4.5396709772680195	261194
486	0.9994863791109787	0.999999999980553	4.5396709772680195	261724
487	0.999494305359266	0.9999999999812998	4.5396709772680195	262260
488	0.999502109288907	0.9999999999824218	4.5396709772680195	262791
489	0.9995097927875349	0.9999999999834766	4.5396709772680195	263324
490	0.9995173577136532	0.999999999984111	4.5396709772680195	263874
491	0.9995248058970845	0.9999999999847211	4.5396709772680195	264405
492	0.9995321391394135	0.9999999999859435	4.5396709772680195	265017
493	0.9995393592144225	0.9999999999864833	4.5396709772680195	265547
494	0.999546467868521	0.999999999987835	4.5396709772680195	266080
495	0.9995534668211672	0.9999999999882242	4.5396709772680195	266617
496	0.9995603577652851	0.9999999999886764	4.5396709772680195	267156
497	0.9995671423676726	0.9999999999891112	4.5396709772680195	267752
498	0.999573822269406	0.9999999999895294	4.5396709772680195	268289
499	0.9995803990862362	0.9999999999899314	4.5396709772680195	268837
