0	0.015432098765432056	0.03839999999999999	6.165886443266115	581
1	0.030626047858558048	0.08455679999999999	5.052106419256225	1118
2	0.045585522428642	0.11970981887999999	5.052106419256225	1662
3	0.06031414090968146	0.29576785510399994	5.014571028949903	2198
4	0.07481546589564314	0.32281036946800634	5.00855346333049	2735
5	0.08909300500219186	0.35531547173354205	5.00855346333049	3273
6	0.10315021171512095	0.38007135761897404	5.00855346333049	3806
7	0.11699048622569008	0.39990907417516686	5.00855346333049	4350
8	0.13061717625307134	0.42871343861475886	4.876011179522381	4889
9	0.1440335778541042	0.4506508425719521	4.876011179522381	5434
10	0.1572429362205532	0.4682300156096496	4.876011179522381	5983
11	0.17024844646406312	0.49375497486038644	4.876011179522381	6523
12	0.18305325438900033	0.5131947838257476	4.876011179522381	7064
13	0.19566045725336756	0.5318881041268388	4.876011179522381	7610
14	0.208073104517976	0.5498636009283683	4.876011179522381	8221
15	0.22029419858405663	0.5671488386527189	4.876011179522381	8767
16	0.2323266955194878	0.5810000758158319	4.876011179522381	9313
17	0.2441735057738167	0.5970896729045039	4.876011179522381	9864
18	0.2558374948822454	0.6273079474366661	4.5396709772680195	10410
19	0.2673214841587539	0.6521540842742217	4.5396709772680195	10969
20	0.2786282513785262	0.6655113674380916	4.5396709772680195	11528
21	0.28976053144984526	0.685580685391806	4.5396709772680195	12096
22	0.30072101707561927	0.7006728124929995	4.5396709772680195	12642
23	0.31151235940469924	0.7121669764932683	4.5396709772680195	13186
24	0.32213716867314524	0.7259829616215914	4.5396709772680195	13731
25	0.3325980148355967	0.7365052158953223	4.5396709772680195	14280
26	0.34289742818689917	0.752314902941603	4.5396709772680195	14825
27	0.35303789997413837	0.7770834126474426	4.5396709772680195	15371
28	0.3630218829992288	0.7856434096017808	4.5396709772680195	15921
29	0.37285179221220366	0.7938747026730725	4.5396709772680195	16466
30	0.38253000529534864	0.8017899140904265	4.5396709772680195	17012
31	0.3920588632383216	0.8081326368395328	4.5396709772680195	17549
32	0.40144067090439683	0.8173422702712353	4.5396709772680195	18093
33	0.4106776975879709	0.8243563270928198	4.5396709772680195	18637
34	0.4197721775634652	0.8384078209253942	4.5396709772680195	19182
35	0.4287263106257574	0.8448715080883785	4.5396709772680195	19733
36	0.43754226262227347	0.8523176757001363	4.5396709772680195	20280
37	0.44622216597686803	0.8611786151581282	4.5396709772680195	20828
38	0.4547681202056201	0.867842041630538	4.5396709772680195	21375
39	0.46318219242466907	0.8741856236322723	4.5396709772680195	21919
40	0.47146641785021426	0.8802247136979231	4.5396709772680195	22464
41	0.4796228002907974	0.8892078601705788	4.5396709772680195	23008
42	0.48765331263198874	0.8945258828823911	4.5396709772680195	23555
43	0.49555989731359384	0.8985760889797073	4.5396709772680195	24102
44	0.5033444667994951	0.9053376830477268	4.5396709772680195	24646
45	0.5110089040402437	0.9089727160186941	4.5396709772680195	25267
46	0.5185550629285114	0.9124681637235763	4.5396709772680195	25828
47	0.5259847687475159	0.9158293862365909	4.5396709772680195	26374
48	0.5332998186125233	0.91852284587702	4.5396709772680195	26919
49	0.5405019819055399	0.9217819320419393	4.5396709772680195	27466
50	0.5475930007032939	0.9247855058515287	4.5396709772680195	28014
51	0.5545745901986134	0.92767374242683	4.5396709772680195	28563
52	0.5614484391153014	0.9304510707176398	4.5396709772680195	29107
53	0.5682162101166085	0.9331217496020824	4.5396709772680195	29649
54	0.5748795402074016	0.9356898744173624	4.5396709772680195	30212
55	0.5814400411301268	0.938776760445329	4.5396709772680195	30758
56	0.5878992997546619	0.9411277328442283	4.5396709772680195	31306
57	0.5942588784621516	0.9446600688735747	4.5396709772680195	31857
58	0.6005203155229208	0.9467851222288294	4.5396709772680195	32491
59	0.6066851254685548	0.9493394363618456	4.5396709772680195	33053
60	0.6127547994582376	0.9517711434164771	4.5396709772680195	33600
61	0.6187308056394376	0.9533144668271497	4.5396709772680195	34145
62	0.6246145895030265	0.9551071913009872	4.5396709772680195	34689
63	0.630407574232918	0.9568310751550293	4.5396709772680195	35231
64	0.6361111610503113	0.9582124807500684	4.5396709772680195	35800
65	0.6417267295526212	0.9595496813660662	4.5396709772680195	36342
66	0.6472556380471796	0.9611029736016092	4.5396709772680195	36885
67	0.6526992238797849	0.9625966194153075	4.5396709772680195	37428
68	0.6580588037581832	0.9643919816833727	4.5396709772680195	37969
69	0.6633356740705569	0.9665284627823704	4.5396709772680195	38511
70	0.6685311111990977	0.9690388280736926	4.5396709772680195	39053
71	0.6736463718287411	0.970896498389271	4.5396709772680195	39583
72	0.6786826932511372	0.972014072851123	4.5396709772680195	40112
73	0.6836412936639282	0.9729096225198871	4.5396709772680195	40640
74	0.6885233724654107	0.9742099606389325	4.5396709772680195	41173
75	0.6933301105446482	0.9754478825282638	4.5396709772680195	41709
76	0.6980626705671074	0.9762335502873593	4.5396709772680195	42254
77	0.7027221972558866	0.9776595372701177	4.5396709772680195	42782
78	0.7073098176686043	0.979893583543106	4.5396709772680195	43316
79	0.7118266414700147	0.9810999685305196	4.5396709772680195	43846
80	0.7162737612004157	0.9818257297389477	4.5396709772680195	44376
81	0.7206522525399155	0.9826980947114782	4.5396709772680195	44980
82	0.7249631745686205	0.9832517556807109	4.5396709772680195	45510
83	0.7292075700228084	0.9840556714080367	4.5396709772680195	46041
84	0.7333864655471478	0.9846679336259682	4.5396709772680195	46574
85	0.7375008719430252	0.985256684974731	4.5396709772680195	47099
86	0.7415517844130401	0.9858228282717013	4.5396709772680195	47632
87	0.7455401828017278	0.986367231666068	4.5396709772680195	48158
88	0.7494670318325654	0.9868034802527538	4.5396709772680195	48691
89	0.753333281341322	0.9878592018325335	4.5396709772680195	49219
90	0.7571398665058078	0.9888304656859308	4.5396709772680195	49755
91	0.7608877080720762	0.9895006377447749	4.5396709772680195	50282
92	0.7645777125771367	0.9899038132553756	4.5396709772680195	50822
93	0.7682107725682302	0.9902915068263691	4.5396709772680195	51347
94	0.7717877668187205	0.9906798465533144	4.5396709772680195	51881
95	0.7753095605406538	0.9909780914636084	4.5396709772680195	52414
96	0.7787770055940388	0.9912667925367729	4.5396709772680195	52947
97	0.7821909406928962	0.9916021477033607	4.5396709772680195	53477
98	0.7855521916081293	0.9919246252315518	4.5396709772680195	54011
99	0.7888615713672631	0.9921830372241421	4.5396709772680195	54552
100	0.7921198804511016	0.9925582514373833	4.5396709772680195	55081
101	0.79532790698735	0.9928440145821877	4.5396709772680195	55610
102	0.7984864269412489	0.9931875018822427	4.5396709772680195	56156
103	0.8015962043032667	0.9934491018099646	4.5396709772680195	56690
104	0.8046579912738953	0.993700656300462	4.5396709772680195	57216
105	0.8076725284455943	0.9943305906704157	4.5396709772680195	57747
106	0.8106405449819278	0.9945482959886718	4.5396709772680195	58281
107	0.8135627587939351	0.9949844323095781	4.5396709772680195	58815
108	0.8164398767137817	0.9954859890786203	4.5396709772680195	59347
109	0.8192725946657295	0.9956593270980012	4.5396709772680195	59879
110	0.8220615978344683	0.995826008937438	4.5396709772680195	60412
111	0.8248075608308499	0.9959862901942403	4.5396709772680195	60944
112	0.8275111478550652	0.9962271127825859	4.5396709772680195	61483
113	0.8301730128573019	0.9963478451735432	4.5396709772680195	62014
114	0.8327937996959238	0.9964880879188791	4.5396709772680195	62542
115	0.8353741422932088	0.9966566596987729	4.5396709772680195	63074
116	0.837914664788684	0.996790393310822	4.5396709772680195	63603
117	0.8404159816900932	0.9968931007248757	4.5396709772680195	64139
118	0.8428786980220363	0.9970422318900817	4.5396709772680195	64667
119	0.8453034094723135	0.9971842047593578	4.5396709772680195	65195
120	0.8476907025360123	0.9972743102070584	4.5396709772680195	65732
121	0.8500411546573702	0.9973789766951073	4.5396709772680195	66267
122	0.8523553343694478	0.9974796239900151	4.5396709772680195	66800
123	0.8546338014316477	0.9975764064287985	4.5396709772680195	67332
124	0.8568771069651099	0.9976927389202163	4.5396709772680195	67859
125	0.8590857935860187	0.9977813377456799	4.5396709772680195	68394
126	0.8612603955368516	0.9978523349378182	4.5396709772680195	68920
127	0.8634014388156039	0.9979348052762059	4.5396709772680195	69452
128	0.8655094413030175	0.9980008915073674	4.5396709772680195	69990
129	0.8675849128878474	0.9982008023566307	4.5396709772680195	70519
130	0.8696283555901955	0.998269891546136	4.5396709772680195	71055
131	0.8716402636829393	0.9983252550166597	4.5396709772680195	71585
132	0.8736211238112891	0.99840564277586	4.5396709772680195	72108
133	0.8755714151104975	0.9985013042093084	4.5396709772680195	72632
134	0.8774916093217553	0.9985912259567499	4.5396709772680195	73162
135	0.8793821709062961	0.9986363067261339	4.5396709772680195	73694
136	0.8812435571577422	0.9986799449108976	4.5396709772680195	74227
137	0.8830762183127152	0.9987591482162438	4.5396709772680195	74762
138	0.8848805976597413	0.9988832333946194	4.5396709772680195	75296
139	0.8866571316464736	0.998926117232266	4.5396709772680195	75829
140	0.8884062499852626	0.9989776636051172	4.5396709772680195	76367
141	0.890128375757095	0.9990169213226807	4.5396709772680195	76924
142	0.89182392551393	0.9990824599011687	4.5396709772680195	77451
143	0.8934933093794557	0.9991118211843313	4.5396709772680195	77986
144	0.8951369311482913	0.9991402429064327	4.5396709772680195	78515
145	0.8967551883836571	0.9991815112469239	4.5396709772680195	79053
146	0.898348472513539	0.999212941215042	4.5396709772680195	79592
147	0.8999171689253671	0.99925072003672	4.5396709772680195	80121
148	0.9014616570592349	0.99927949238731	4.5396709772680195	80655
149	0.9029823104996788	0.999302548630916	4.5396709772680195	81191
150	0.9044794970660417	0.9993360262966321	4.5396709772680195	81725
151	0.9059535789014423	0.9993615228868414	4.5396709772680195	82258
152	0.9074049125603707	0.9993819541544625	4.5396709772680195	82795
153	0.9088338490949328	0.9994313978221054	4.5396709772680195	83328
154	0.9102407341397641	0.9994586907266444	4.5396709772680195	83855
155	0.9116259079956319	0.9994846735717655	4.5396709772680195	84405
156	0.9129897057117488	0.9995258996860242	4.5396709772680195	84956
157	0.9143324571668143	0.9996049164050202	4.5396709772680195	85491
158	0.9156544871488079	0.9996175590800596	4.5396709772680195	86024
159	0.9169561154335486	0.9996359162442167	4.5396709772680195	86555
160	0.9182376568620432	0.9996475669244018	4.5396709772680195	87086
161	0.9194994214166413	0.999658844782821	4.5396709772680195	87617
162	0.9207417142960141	0.9996752202332455	4.5396709772680195	88148
163	0.9219648359889768	0.9996908096620497	4.5396709772680195	88683
164	0.9231690823471717	0.999702682571027	4.5396709772680195	89215
165	0.9243547446566289	0.9997169538076177	4.5396709772680195	89748
166	0.9255221097082241	0.9997339365791607	4.5396709772680195	90282
167	0.9266714598670478	0.9997441534145208	4.5396709772680195	90810
168	0.9278030731407044	0.9997539779234033	4.5396709772680195	91345
169	0.9289172232465578	0.9997634251711446	4.5396709772680195	91880
170	0.9300141796779381	0.9997747807629297	4.5396709772680195	92410
171	0.9310942077693279	0.9997855912863091	4.5396709772680195	92943
172	0.932157568760542	0.9997938245809148	4.5396709772680195	93471
173	0.9332045198599164	0.9998037210010309	4.5396709772680195	94006
174	0.9342353143065225	0.9998194233209484	4.5396709772680195	94544
175	0.9352502014314219	0.9998280910015429	4.5396709772680195	95081
176	0.936249426717974	0.9998363426334688	4.5396709772680195	95612
177	0.9372332318612151	0.9998415796691978	4.5396709772680195	96143
178	0.9382018548263199	0.9998476630099006	4.5396709772680195	96678
179	0.9391555299061606	0.9998535127503204	4.5396709772680195	97209
180	0.9400944877779791	0.9998582003423102	4.5396709772680195	97739
181	0.9410189555591831	0.9998627379313563	4.5396709772680195	98285
182	0.9419291568622822	0.9998680087947922	4.5396709772680195	98814
183	0.9428253118489753	0.9998730772570722	4.5396709772680195	99342
184	0.9437076372834047	0.9998806926216478	4.5396709772680195	99876
185	0.9445763465845868	0.9998845104577551	4.5396709772680195	100408
186	0.9454316498780345	0.9998891300394449	4.5396709772680195	100934
187	0.9462737540465833	0.9998933874459301	4.5396709772680195	101463
188	0.9471028627804323	0.9998974813680065	4.5396709772680195	102013
189	0.9479191766264133	0.9999024022623422	4.5396709772680195	102616
190	0.9487228930364995	0.9999061500154682	4.5396709772680195	103144
191	0.9495142064155659	0.9999136580142308	4.5396709772680195	103673
192	0.9502933081684121	0.9999178024295476	4.5396709772680195	104206
193	0.9510603867460601	0.9999232822675779	4.5396709772680195	104741
194	0.9518156276913369	0.9999262282285029	4.5396709772680195	105357
195	0.9525592136837545	0.9999285889251908	4.5396709772680195	105885
196	0.9532913245836966	0.9999313311104634	4.5396709772680195	106417
197	0.9540121374759235	0.9999339679958217	4.5396709772680195	106945
198	0.9547218267124061	0.9999365036247821	4.5396709772680195	107475
199	0.9554205639544987	0.9999390434797908	4.5396709772680195	108006
200	0.9561085182144601	0.9999419693927608	4.5396709772680195	108544
201	0.9567858558963357	0.9999441977680789	4.5396709772680195	109081
202	0.9574527408362071	0.9999463405737846	4.5396709772680195	109623
203	0.9581093343418212	0.9999484010957512	4.5396709772680195	110152
204	0.9587557952316079	0.9999500522606872	4.5396709772680195	110734
205	0.9593922798730954	0.9999519702538768	4.5396709772680195	111263
206	0.9600189422207328	0.9999548520386442	4.5396709772680195	111798
207	0.960635933853129	0.9999565857203603	4.5396709772680195	112328
208	0.9612434040097164	0.9999600588627314	4.5396709772680195	112858
209	0.9618414996268504	0.999961336979124	4.5396709772680195	113393
210	0.9624303653733497	0.9999628216391258	4.5396709772680195	113925
211	0.9630101436854893	0.9999646062004477	4.5396709772680195	114530
212	0.963580974801454	0.9999659653223505	4.5396709772680195	115054
213	0.9641429967952587	0.9999670544320353	4.5396709772680195	115586
214	0.9646963456101467	0.9999686358192976	4.5396709772680195	116120
215	0.9652411550914716	0.9999698402038365	4.5396709772680195	116654
216	0.9657775570190723	0.9999728561834529	4.5396709772680195	117184
217	0.9663056811391484	0.9999737247855824	4.5396709772680195	117714
218	0.966825655195643	0.9999745655924438	4.5396709772680195	118246
219	0.9673376049611423	0.9999766003450482	4.5396709772680195	118781
220	0.9678416542672975	0.9999777235284859	4.5396709772680195	119313
221	0.9683379250347776	0.9999785789449921	4.5396709772680195	119844
222	0.9688265373027594	0.9999792644187523	4.5396709772680195	120378
223	0.9693076092579637	0.9999799279573522	4.5396709772680195	120910
224	0.969781257263242	0.9999806987237899	4.5396709772680195	121441
225	0.9702475958857228	0.9999816251850481	4.5396709772680195	121974
226	0.9707067379245234	0.9999825071761657	4.5396709772680195	122505
227	0.9711587944380339	0.9999833468317098	4.5396709772680195	123041
228	0.9716038747707803	0.9999841461837877	4.5396709772680195	123569
229	0.9720420865798731	0.9999849071669659	4.5396709772680195	124116
230	0.9724735358610479	0.999985812736948	4.5396709772680195	124658
231	0.9728983269743033	0.9999863575278491	4.5396709772680195	125203
232	0.9733165626691443	0.999986794086958	4.5396709772680195	125729
233	0.9737283441094353	0.9999873011940188	4.5396709772680195	126258
234	0.97413377089787	0.9999877888281684	4.5396709772680195	126787
235	0.9745329411000634	0.9999883749644164	4.5396709772680195	127314
236	0.9749259512682722	0.9999889329661243	4.5396709772680195	127843
237	0.9753128964647495	0.9999893579402253	4.5396709772680195	128370
238	0.975693870284738	0.9999897665953206	4.5396709772680195	128907
239	0.9760689648791093	0.9999901595580603	4.5396709772680195	129443
240	0.9764382709766539	0.9999905374310307	4.5396709772680195	129969
241	0.9768018779060265	0.9999909916343412	4.5396709772680195	130498
242	0.9771598736173532	0.9999914240358929	4.5396709772680195	131035
243	0.9775123447035052	0.9999919385937392	4.5396709772680195	131566
244	0.9778593764210437	0.9999925835062402	4.5396709772680195	132093
245	0.9782010527108425	0.9999929394979407	4.5396709772680195	132618
246	0.9785374562183912	0.9999936455481465	4.5396709772680195	133140
247	0.9788686683137864	0.9999939505618355	4.5396709772680195	133659
248	0.9791947691114131	0.9999941441438568	4.5396709772680195	134172
249	0.9795158374893234	0.9999943003000206	4.5396709772680195	134694
250	0.9798319511083153	0.9999945191684998	4.5396709772680195	135204
251	0.9801431864307178	0.9999948480183898	4.5396709772680195	135717
252	0.9804496187388858	0.9999950128818014	4.5396709772680195	136238
253	0.9807513221534092	0.9999952522634749	4.5396709772680195	136749
254	0.9810483696510417	0.9999955371276664	4.5396709772680195	137266
255	0.9813408330823528	0.9999957085019641	4.5396709772680195	137783
256	0.9816287831891066	0.9999958732954886	4.5396709772680195	138299
257	0.9819122896213734	0.9999962859659397	4.5396709772680195	138818
258	0.982191420954377	0.9999964642395747	4.5396709772680195	139338
259	0.982466244705081	0.9999965773839082	4.5396709772680195	139855
260	0.9827368273485212	0.9999967416694806	4.5396709772680195	140403
261	0.9830032343338835	0.9999968720027014	4.5396709772680195	140927
262	0.9832655301003359	0.9999970221465717	4.5396709772680195	141442
263	0.9835237780926147	0.9999971364961434	4.5396709772680195	141959
264	0.9837780407763707	0.9999972464546915	4.5396709772680195	142477
265	0.9840283796532785	0.9999973521908313	4.5396709772680195	142992
266	0.9842748552759131	0.9999974538667034	4.5396709772680195	143511
267	0.9845175272623958	0.9999975760811016	4.5396709772680195	144029
268	0.9847564543108157	0.9999976536465064	4.5396709772680195	144545
269	0.9849916942134266	0.9999977662714741	4.5396709772680195	145059
270	0.9852233038706267	0.9999979002951856	4.5396709772680195	145577
271	0.9854513393047221	0.9999979809238505	4.5396709772680195	146100
272	0.9856758556734764	0.9999981424499425	4.5396709772680195	146758
273	0.9858969072834536	0.9999982316123452	4.5396709772680195	147276
274	0.9861145476031533	0.9999982995184312	4.5396709772680195	147790
275	0.9863288292759441	0.9999983648169234	4.5396709772680195	148315
276	0.9865398041327968	0.999998569214808	4.5396709772680195	148826
277	0.9867475232048216	0.9999986149999341	4.5396709772680195	149349
278	0.9869520367356114	0.9999986814799373	4.5396709772680195	149863
279	0.9871533941933952	0.9999989012332811	4.5396709772680195	150380
280	0.9873516442830033	0.9999989434259231	4.5396709772680195	150899
281	0.9875468349576483	0.9999989772362935	4.5396709772680195	151415
282	0.9877390134305241	0.9999990386021159	4.5396709772680195	151932
283	0.9879282261862259	0.9999990847492144	4.5396709772680195	152465
284	0.988114518991994	0.9999991198948446	4.5396709772680195	152984
285	0.9882979369087842	0.9999991536908825	4.5396709772680195	153504
286	0.9884785243021672	0.9999991807727743	4.5396709772680195	154015
287	0.9886563248530597	0.9999992122310998	4.5396709772680195	154532
288	0.9888313815682902	0.9999992500440069	4.5396709772680195	155048
289	0.9890037367910018	0.9999993250396062	4.5396709772680195	155565
290	0.9891734322108937	0.9999993655372299	4.5396709772680195	156083
291	0.9893405088743059	0.9999993959914428	4.5396709772680195	156598
292	0.9895050071941468	0.9999994153197167	4.5396709772680195	157131
293	0.9896669669596693	0.999999459170738	4.5396709772680195	157657
294	0.9898264273460942	0.9999994799385816	4.5396709772680195	158176
295	0.9899834269240865	0.999999521543495	4.5396709772680195	158691
296	0.9901380036690851	0.9999995399162248	4.5396709772680195	159222
297	0.9902901949704882	0.9999995859246024	4.5396709772680195	159740
298	0.9904400376406967	0.9999995991750151	4.5396709772680195	160288
299	0.9905875679240193	0.9999996232245142	4.5396709772680195	160812
300	0.9907328215054387	0.999999653366553	4.5396709772680195	161328
301	0.9908758335192437	0.9999996700049585	4.5396709772680195	161880
302	0.991016638557527	0.999999689804661	4.5396709772680195	162394
303	0.9911552706785528	0.999999701716162	4.5396709772680195	162910
304	0.9912917634149948	0.9999997255788691	4.5396709772680195	163429
305	0.9914261497820474	0.9999997475325595	4.5396709772680195	163948
306	0.9915584622854109	0.9999997572273093	4.5396709772680195	164512
307	0.9916887329291545	0.9999997688803984	4.5396709772680195	165034
308	0.9918169932234577	0.9999997919923586	4.5396709772680195	165549
309	0.9919432741922315	0.999999799979852	4.5396709772680195	166069
310	0.992067606380623	0.9999998076606257	4.5396709772680195	166663
311	0.9921900198624035	0.9999998150464576	4.5396709772680195	167219
312	0.992310544247243	0.9999998239242277	4.5396709772680195	167737
313	0.9924292086878719	0.9999998306855373	4.5396709772680195	168256
314	0.9925460418871331	0.9999998589046144	4.5396709772680195	168775
315	0.9926610721049243	0.9999998643226773	4.5396709772680195	169295
316	0.9927743271650334	0.9999998697497702	4.5396709772680195	169821
317	0.9928858344618694	0.9999998760017812	4.5396709772680195	170343
318	0.9929956209670875	0.9999998807633128	4.5396709772680195	170861
319	0.9931037132361139	0.9999998864866738	4.5396709772680195	171374
320	0.9932101374145689	0.9999998901191002	4.5396709772680195	171884
321	0.993314919244591	0.9999998943385268	4.5396709772680195	172399
322	0.9934180840710634	0.9999998994102774	4.5396709772680195	172918
323	0.9935196568477445	0.9999999054456609	4.5396709772680195	173446
324	0.993619662143304	0.9999999090765475	4.5396709772680195	173970
325	0.9937181241472653	0.9999999163504236	4.5396709772680195	174537
326	0.993815066675857	0.9999999195625674	4.5396709772680195	175052
327	0.9939105131777727	0.9999999234235641	4.5396709772680195	175569
328	0.9940044867398441	0.9999999263640993	4.5396709772680195	176167
329	0.9940970100926243	0.9999999298986225	4.5396709772680195	176686
330	0.9941881056158863	0.9999999325905155	4.5396709772680195	177202
331	0.9942777953440362	0.9999999358261706	4.5396709772680195	177716
332	0.9943661009714431	0.9999999382904458	4.5396709772680195	178234
333	0.9944530438576862	0.9999999406600926	4.5396709772680195	178749
334	0.9945386450327219	0.9999999429387451	4.5396709772680195	179311
335	0.99462292520197	0.9999999456776852	4.5396709772680195	179829
336	0.9947059047513224	0.9999999477636622	4.5396709772680195	180344
337	0.9947876037520735	0.9999999497695375	4.5396709772680195	180865
338	0.994868041965776	0.9999999516983873	4.5396709772680195	181379
339	0.9949472388490203	0.9999999553210083	4.5396709772680195	181902
340	0.9950252135581403	0.9999999574655999	4.5396709772680195	182419
341	0.995101984953848	0.9999999590989208	4.5396709772680195	182935
342	0.9951775716057949	0.9999999631890287	4.5396709772680195	183457
343	0.9952519917970635	0.99999996460257	4.5396709772680195	184064
344	0.9953252635285903	0.9999999667264159	4.5396709772680195	184789
345	0.9953974045235194	0.9999999680041215	4.5396709772680195	185307
346	0.9954684322314897	0.9999999692327632	4.5396709772680195	185823
347	0.9955383638328557	0.9999999716941421	4.5396709772680195	186343
348	0.9956072162428424	0.9999999727810871	4.5396709772680195	186869
349	0.9956750061156381	0.9999999738262934	4.5396709772680195	187384
350	0.9957417498484215	0.9999999750826313	4.5396709772680195	187899
351	0.9958074635853286	0.9999999765776734	4.5396709772680195	188414
352	0.9958721632213574	0.9999999783343478	4.5396709772680195	188933
353	0.9959358644062131	0.9999999791663089	4.5396709772680195	189447
354	0.9959985825480925	0.9999999799663226	4.5396709772680195	189964
355	0.996060332817412	0.9999999809279392	4.5396709772680195	190488
356	0.9961211301504767	0.9999999818433981	4.5396709772680195	191005
357	0.9961809892530927	0.9999999825406116	4.5396709772680195	191547
358	0.9962399246041252	0.9999999832110521	4.5396709772680195	192103
359	0.9962979504589998	0.9999999838557477	4.5396709772680195	192625
360	0.9963550808531512	0.999999984475687	4.5396709772680195	193148
361	0.9964113296054173	0.999999985717632	4.5396709772680195	193675
362	0.9964667103213831	0.999999986266075	4.5396709772680195	194192
363	0.9965212363966703	0.9999999869253033	4.5396709772680195	194713
364	0.9965749210201785	0.9999999875528888	4.5396709772680195	195238
365	0.9966277771772746	0.9999999881503502	4.5396709772680195	195834
366	0.9966798176529339	0.9999999886053768	4.5396709772680195	196350
367	0.9967310550348331	0.9999999892890541	4.5396709772680195	196870
368	0.9967815017163943	0.9999999898031795	4.5396709772680195	197387
369	0.9968311698997833	0.9999999902926269	4.5396709772680195	197913
370	0.9968800715988607	0.9999999915060486	4.5396709772680195	198434
371	0.9969282186420881	0.9999999918322162	4.5396709772680195	198953
372	0.9969756226753893	0.9999999922242699	4.5396709772680195	199471
373	0.9970222951649665	0.9999999925228579	4.5396709772680195	199988
374	0.9970682474000752	0.9999999927621265	4.5396709772680195	200506
375	0.9971134904957529	0.9999999930400608	4.5396709772680195	201022
376	0.9971580353955098	0.9999999933073225	4.5396709772680195	201547
377	0.9972018928739742	0.9999999935643213	4.5396709772680195	202068
378	0.9972450735394993	0.9999999938114513	4.5396709772680195	202586
379	0.9972875878367292	0.9999999940490917	4.5396709772680195	203102
380	0.9973294460491254	0.9999999944061462	4.5396709772680195	203637
381	0.9973706583014538	0.9999999946209501	4.5396709772680195	204233
382	0.9974112345622338	0.9999999948275057	4.5396709772680195	204753
383	0.9974511846461499	0.9999999950757854	4.5396709772680195	205271
384	0.9974905182164254	0.9999999952648752	4.5396709772680195	205798
385	0.9975292447871595	0.999999995446704	4.5396709772680195	206315
386	0.9975673737256293	0.9999999956652622	4.5396709772680195	206844
387	0.9976049142545548	0.9999999958039738	4.5396709772680195	207387
388	0.9976418754543301	0.9999999959651013	4.5396709772680195	207919
389	0.9976782662652202	0.999999996094218	4.5396709772680195	208524
390	0.9977140954895223	0.9999999962504492	4.5396709772680195	209046
391	0.9977493717936964	0.999999996394432	4.5396709772680195	209606
392	0.9977841037104603	0.9999999965328858	4.5396709772680195	210124
393	0.9978182996408544	0.9999999968795973	4.5396709772680195	210643
394	0.9978519678562733	0.9999999970293766	4.5396709772680195	211171
395	0.9978851165004666	0.999999997207614	4.5396709772680195	211729
396	0.9979177535915088	0.9999999973416485	4.5396709772680195	212247
397	0.9979498870237387	0.9999999974267157	4.5396709772680195	212768
398	0.9979815245696686	0.9999999975255298	4.5396709772680195	213292
399	0.9980126738818651	0.9999999977729769	4.5396709772680195	213806
400	0.9980433424947992	0.9999999979065982	4.5396709772680195	214340
401	0.9980735378266696	0.9999999980636034	4.5396709772680195	214863
402	0.9981032671811964	0.999999998137961	4.5396709772680195	215378
403	0.9981325377493877	0.9999999982273389	4.5396709772680195	215896
404	0.9981613566112799	0.9999999983336986	4.5396709772680195	216411
405	0.998189730737649	0.9999999983976845	4.5396709772680195	216938
406	0.9982176669916977	0.9999999984617771	4.5396709772680195	217457
407	0.9982451721307147	0.9999999985208449	4.5396709772680195	217977
408	0.9982722528077098	0.9999999985918444	4.5396709772680195	218511
409	0.998298915573023	0.9999999986763337	4.5396709772680195	219050
410	0.9983251668759084	0.999999998718691	4.5396709772680195	219595
411	0.998351013066095	0.9999999987596929	4.5396709772680195	220126
412	0.9983764603953219	0.9999999988341113	4.5396709772680195	220674
413	0.9984015150188509	0.9999999988807469	4.5396709772680195	221214
414	0.9984261829969551	0.9999999989237262	4.5396709772680195	221887
415	0.9984504702963848	0.9999999989650551	4.5396709772680195	222415
416	0.9984743827918109	0.999999999004797	4.5396709772680195	222942
417	0.998497926267246	0.9999999990446051	4.5396709772680195	223469
418	0.9985211064174427	0.9999999990812923	4.5396709772680195	224000
419	0.9985439288492723	0.9999999991547889	4.5396709772680195	224532
420	0.9985663990830799	0.999999999187245	4.5396709772680195	225068
421	0.99858852255402	0.9999999992132531	4.5396709772680195	225600
422	0.9986103046133715	0.9999999992434643	4.5396709772680195	226132
423	0.9986317505298319	0.9999999992725153	4.5396709772680195	226660
424	0.9986528654907912	0.9999999993004506	4.5396709772680195	227190
425	0.9986736546035877	0.9999999993424236	4.5396709772680195	227721
426	0.9986941228967422	0.9999999993676745	4.5396709772680195	228253
427	0.9987142753211752	0.9999999993919558	4.5396709772680195	228781
428	0.998734116751404	0.9999999994114133	4.5396709772680195	229317
429	0.9987536519867218	0.999999999434015	4.5396709772680195	229850
430	0.9987728857523588	0.9999999994557488	4.5396709772680195	230378
431	0.9987918227006248	0.9999999994818729	4.5396709772680195	230908
432	0.9988104674120349	0.999999999501769	4.5396709772680195	231439
433	0.9988288243964172	0.999999999520901	4.5396709772680195	231969
434	0.9988468980940033	0.9999999995496469	4.5396709772680195	232502
435	0.9988646928765033	0.9999999995669405	4.5396709772680195	233033
436	0.9988822130481622	0.99999999958357	4.5396709772680195	233566
437	0.9988994628468016	0.9999999996035587	4.5396709772680195	234116
438	0.9989164464448448	0.9999999996187819	4.5396709772680195	234642
439	0.9989331679503256	0.9999999996334208	4.5396709772680195	235192
440	0.9989496314078823	0.9999999996451513	4.5396709772680195	235729
441	0.9989658407997359	0.999999999662184	4.5396709772680195	236280
442	0.9989818000466536	0.9999999996729941	4.5396709772680195	236811
443	0.9989975130088966	0.9999999996886905	4.5396709772680195	237341
444	0.9990129834871544	0.9999999997006447	4.5396709772680195	237870
445	0.9990282152234637	0.9999999997121399	4.5396709772680195	238423
446	0.999043211902114	0.9999999997294116	4.5396709772680195	238953
447	0.9990579771505381	0.9999999997398021	4.5396709772680195	239487
448	0.9990725145401903	0.9999999997522916	4.5396709772680195	240016
449	0.9990868275874096	0.9999999997622	4.5396709772680195	240547
450	0.9991009197542706	0.9999999997698096	4.5396709772680195	241177
451	0.9991147944494208	0.9999999997786488	4.5396709772680195	241726
452	0.999128455028905	0.9999999997871488	4.5396709772680195	242254
453	0.9991419047969774	0.9999999998031126	4.5396709772680195	242786
454	0.9991551470069007	0.9999999998106731	4.5396709772680195	243324
455	0.9991681848617324	0.9999999998220327	4.5396709772680195	243863
456	0.9991810215151007	0.9999999998353802	4.5396709772680195	244398
457	0.9991936600719664	0.9999999998417016	4.5396709772680195	244945
458	0.9992061035893743	0.9999999998477803	4.5396709772680195	245475
459	0.9992183550771927	0.9999999998526513	4.5396709772680195	246008
460	0.999230417498841	0.9999999998644392	4.5396709772680195	246541
461	0.999242293772007	0.9999999998709461	4.5396709772680195	247081
462	0.9992539867693525	0.9999999998761083	4.5396709772680195	247610
463	0.9992654993192083	0.9999999998808657	4.5396709772680195	248143
464	0.9992768342062575	0.9999999998880138	4.5396709772680195	248669
465	0.9992879941722103	0.9999999998915974	4.5396709772680195	249206
466	0.9992989819164663	0.99999999989576	4.5396709772680195	249735
467	0.9993098000967677	0.9999999999007635	4.5396709772680195	250263
468	0.9993204513298424	0.9999999999055269	4.5396709772680195	250789
469	0.9993309381920361	0.9999999999130847	4.5396709772680195	251321
470	0.9993412632199368	0.9999999999172566	4.5396709772680195	251850
471	0.9993514289109872	0.999999999920434	4.5396709772680195	252401
472	0.9993614377240893	0.9999999999242531	4.5396709772680195	252930
473	0.9993712920801989	0.999999999927889	4.5396709772680195	253462
474	0.999380994362912	0.9999999999306581	4.5396709772680195	253995
475	0.9993905469190398	0.9999999999333208	4.5396709772680195	254523
476	0.9993999520591781	0.9999999999373216	4.5396709772680195	255059
477	0.9994092120582648	0.9999999999397284	4.5396709772680195	255589
478	0.9994183291561312	0.9999999999420428	4.5396709772680195	256120
479	0.9994273055580427	0.9999999999492875	4.5396709772680195	256649
480	0.9994361434352333	0.9999999999517217	4.5396709772680195	257181
481	0.9994448449254304	0.9999999999540391	4.5396709772680195	257716
482	0.9994534121333712	0.9999999999562452	4.5396709772680195	258248
483	0.9994618471313131	0.9999999999576453	4.5396709772680195	258802
484	0.9994701519595336	0.9999999999592718	4.5396709772680195	259337
485	0.9994783286268247	0.9999999999605751	4.5396709772680195	259873
486	0.9994863791109787	0.9999999999624675	4.5396709772680195	260411
487	0.999494305359266	0.9999999999636685	4.5396709772680195	260943
488	0.999502109288907	0.9999999999650636	4.5396709772680195	261477
489	0.9995097927875349	0.9999999999671598	4.5396709772680195	262013
490	0.9995173577136532	0.9999999999684208	4.5396709772680195	262625
491	0.9995248058970845	0.9999999999696335	4.5396709772680195	263161
492	0.9995321391394135	0.9999999999707996	4.5396709772680195	263690
493	0.9995393592144225	0.9999999999722012	4.5396709772680195	264222
494	0.999546467868521	0.9999999999738691	4.5396709772680195	264750
495	0.9995534668211672	0.9999999999751235	4.5396709772680195	265309
496	0.9995603577652851	0.9999999999760787	4.5396709772680195	265838
497	0.9995671423676726	0.9999999999772269	4.5396709772680195	266368
498	0.999573822269406	0.99999999997832	4.5396709772680195	266894
499	0.9995803990862362	0.999999999980488	4.5396709772680195	267411
