0	0.00240325927734375	0.00409985422740522	0.7998423381753974	0.7998423381753974	[320, 232, 1792, 496, 3366, 438, 2627, 301]	{4 2 4 7 }331611
1	0.004800742899533361	0.008766191853370131	0.7998423381753974	1.3327220929826225	[1742, 400, 19, 734, 10, 157, 480, 482]	{4 6 2 2 }290279
2	0.0071924647469656655	0.012322116707212394	0.6084305264741027	0.6084305264741027	[2051, 1849, 420, 158, 10, 734, 19, 3308]	{5 7 5 3 }321383
3	0.00957843866667929	0.016949928530221148	0.6084305264741027	0.9804417533951194	[1791, 420, 1582, 1579, 1580, 438, 2627, 301]	{1 3 6 2 }311252
4	0.011958678472434925	0.02003567442978449	0.6084305264741027	0.9352731008711541	[19, 734, 733, 1820, 10, 158, 420, 1791]	{7 4 5 5 }340813
5	0.01433319794479504	0.024627344010236363	0.6084305264741027	1.013631335482959	[1792, 232, 10, 438, 2627, 261, 217, 132]	{6 6 8 3 }298752
6	0.01670201083120393	0.027688990879623843	0.6084305264741027	1.1014372194845463	[195, 1583, 162, 107, 10, 158, 420, 1582]	{1 8 5 8 }277868
7	0.019065130846067313	0.030025706332755808	0.44310970425036134	0.44310970425036134	[320, 232, 10, 734, 19, 132, 241, 217]	{4 2 7 1 }334101
8	0.021422571670831503	0.033070408007911056	0.44310970425036134	0.5532186937833052	[2149, 420, 158, 10, 734, 19, 132, 217]	{5 4 7 3 }326305
9	0.023774346954062775	0.03572615945076041	0.44310970425036134	0.8544266831001259	[421, 438, 1580, 301, 10, 734, 19, 1987]	{6 4 6 2 }323453
10	0.026120470311526423	0.03875296768351122	0.44310970425036134	0.7100300800441012	[377, 162, 1549, 107, 10, 494, 2229, 1529]	{8 5 1 5 }296228
11	0.02846095532626547	0.041063093531744976	0.44310970425036134	0.845436624221483	[1582, 420, 162, 107, 10, 734, 19, 1987]	{4 3 4 3 }332911
12	0.030795815548679273	0.04450315737031885	0.44310970425036134	0.5892998767552383	[2309, 420, 158, 10, 734, 19, 132, 168]	{7 4 6 7 }273461
13	0.03312506449660224	0.04898018339263621	0.44310970425036134	0.9710057633481345	[1792, 496, 2728, 301, 1580, 438, 2729, 969]	{8 8 7 6 }340425
14	0.03544871565538188	0.05239184568116706	0.44310970425036134	0.5277457326021664	[87, 1265, 193, 232, 10, 734, 19, 1987]	{3 2 4 8 }331669
15	0.03776678247795695	0.05536634114324479	0.22858055408794858	0.22858055408794858	[1791, 420, 158, 10, 734, 19, 132, 241]	{3 7 1 2 }273879
16	0.04007927838493508	0.059792467199945576	0.22858055408794858	0.626593298130014	[1579, 1580, 438, 2627, 261, 217, 132, 241]	{6 8 3 1 }338591
17	0.042386216764671025	0.06274373247449927	0.22858055408794858	0.43214721949563945	[1791, 420, 158, 10, 734, 19, 132, 1031]	{8 7 4 5 }387578
18	0.04468761097334362	0.06568573387228438	0.22858055408794858	0.931027695565868	[2149, 420, 158, 10, 107, 1549, 162, 3284]	{5 1 4 8 }261192
19	0.04698347433503336	0.06861850047215512	0.22858055408794858	0.912241503030106	[1791, 420, 107, 10, 734, 19, 241, 1126]	{4 1 4 5 }335138
20	0.049273820141799596	0.07117661616299698	0.22858055408794858	0.8421078891404415	[1791, 420, 162, 107, 10, 734, 2229, 494]	{4 8 4 7 }334594
21	0.05155866165375744	0.07552866242212497	0.22858055408794858	0.9172138528765781	[87, 1265, 193, 394, 432, 422, 19, 1460]	{7 3 7 4 }270081
22	0.0538380120991544	0.07884508542842317	0.22858055408794858	0.5438975860571336	[1879, 496, 1792, 232, 10, 734, 19, 132]	{7 2 1 4 }331997
23	0.056111884674447055	0.08262168629902455	0.22858055408794858	0.9471565318303412	[432, 422, 19, 734, 10, 158, 420, 1661]	{5 8 8 8 }295405
24	0.05838029254437771	0.08638280365658135	0.22858055408794858	0.675006914576907	[377, 162, 1549, 107, 10, 734, 2229, 494]	{2 7 4 8 }264611
25	0.06064324884205019	0.09012850098124003	0.22858055408794858	0.9282491574831625	[2872, 241, 132, 19, 734, 2229, 1529, 156]	{8 1 4 5 }335426
26	0.06290076666900601	0.0929845429354702	0.22858055408794858	1.100099128989442	[1580, 438, 2729, 496, 1879, 232, 10, 494]	{3 5 5 6 }331567
27	0.06515285909530044	0.09723440711371933	0.22858055408794858	0.500169331995343	[1579, 1580, 438, 2729, 496, 1792, 232, 10]	{1 1 2 3 }264022
28	0.06739953915957797	0.10093561444607013	0.22858055408794858	0.5954285011384068	[420, 158, 10, 232, 1792, 496, 2728, 301]	{4 5 5 7 }332879
29	0.06964081986914772	0.10462164736789292	0.22858055408794858	0.9387949696910012	[1873, 10, 734, 19, 132, 241, 1126, 1990]	{1 8 5 7 }334534
30	0.07187671420005914	0.10829256809205878	0.22858055408794858	0.7557673387673773	[320, 232, 10, 734, 19, 132, 1108, 148]	{2 7 6 8 }267875
31	0.07410723509717665	0.11149145476583566	0.22858055408794858	0.6675870071452594	[1580, 438, 2729, 301, 10, 158, 420, 1791]	{8 5 4 5 }339550
32	0.07633239547425485	0.1151342102810996	0.22858055408794858	0.6342688642426048	[1579, 1580, 438, 2627, 301, 10, 232, 2047]	{8 7 5 1 }324818
33	0.07855220821401321	0.1187620310297649	0.22858055408794858	0.8548226281369711	[420, 1791, 1792, 232, 10, 734, 19, 3308]	{2 1 6 4 }264987
34	0.08076668616821081	0.12152819373928359	0.22858055408794858	0.9701427049204716	[158, 10, 494, 2229, 734, 19, 132, 217]	{3 7 2 7 }333522
35	0.08297584215772047	0.1242856735998954	0.22858055408794858	0.9167075989725123	[420, 162, 107, 10, 232, 1792, 496, 3366]	{8 6 8 1 }326233
36	0.0851796889726033	0.1270344978666368	0.22858055408794858	0.82322681526833	[855, 836, 320, 232, 10, 158, 420, 1791]	{8 3 5 1 }266618
37	0.08737823937218236	0.12977469370899175	0.22858055408794858	0.3280673200675872	[1792, 232, 10, 734, 19, 132, 241, 1126]	{2 5 8 1 }384650
38	0.08957150608511699	0.13334249060978398	0.22858055408794858	0.7022014087356845	[241, 132, 217, 261, 2627, 438, 1580, 301]	{3 3 1 6 }320218
39	0.09175950180947601	0.13740325569959655	0.22858055408794858	0.882058982189102	[2627, 438, 496, 1792, 232, 10, 734, 19]	{2 7 1 3 }269632
40	0.09394223921281164	0.13947629932794303	0.22858055408794858	0.6397439145803703	[2238, 1549, 162, 107, 10, 734, 19, 241]	{8 4 8 5 }328858
41	0.0961197309322328	0.14350832416449477	0.22858055408794858	0.7132405897528507	[846, 10, 734, 19, 132, 241, 4018, 2197]	{5 2 6 3 }287859
42	0.09829198957447793	0.14658087880516735	0.22858055408794858	0.8692826104380562	[1265, 193, 394, 432, 422, 19, 132, 217]	{5 5 7 2 }270124
43	0.10045902771598825	0.1511508627944298	0.22858055408794858	0.8691547715913189	[2636, 162, 1583, 1579, 1580, 438, 2729, 301]	{5 4 6 1 }328380
44	0.10262085790298059	0.1541960008025811	0.22858055408794858	0.5712260593395756	[1579, 1580, 301, 10, 734, 19, 132, 241]	{2 4 7 8 }286912
45	0.10477749265152003	0.15651907086873618	0.22858055408794858	0.3559877994173646	[1549, 162, 10, 734, 19, 132, 241, 1031]	{7 5 3 8 }280287
46	0.10692894444759216	0.15954495111514133	0.22858055408794858	0.8287796089847973	[2636, 162, 1549, 107, 10, 438, 2627, 301]	{2 1 1 1 }391861
47	0.10907522574717565	0.16218309824124466	0.22858055408794858	0.8016569737340982	[10, 232, 1792, 496, 3366, 438, 1580, 301]	{6 2 6 5 }315717
48	0.11121634897631416	0.16731045307865344	0.22858055408794858	1.161113067692257	[1792, 496, 217, 261, 2627, 438, 1580, 301]	{4 7 1 7 }284157
49	0.11335232653118832	0.17029762061783238	0.22858055408794858	0.5191529685340931	[1792, 232, 10, 734, 19, 132, 1032, 370]	{8 1 2 8 }327748
50	0.11548317077818748	0.1736992794254305	0.22858055408794858	0.551532359870496	[2051, 1849, 420, 158, 10, 734, 19, 1987]	{3 6 8 8 }340180
51	0.11760889405398145	0.17666352786499162	0.22858055408794858	0.5723611479129064	[394, 193, 232, 10, 734, 19, 132, 1031]	{4 5 2 2 }278534
52	0.11972950866559184	0.1792479406193216	0.22858055408794858	0.6781017530482094	[1549, 162, 420, 158, 10, 734, 19, 3308]	{7 4 7 3 }349365
53	0.12184502689046317	0.18219228394458709	0.22858055408794858	1.188013553118866	[2267, 438, 2627, 261, 217, 132, 19, 1460]	{1 1 6 4 }295285
54	0.1239554609765342	0.1847593422050846	0.22858055408794858	0.4986239590348064	[837, 162, 10, 734, 19, 132, 241, 1031]	{2 4 6 3 }358843
55	0.1260608231423087	0.18857919118475674	0.22858055408794858	0.749090449821767	[2636, 162, 10, 232, 1792, 496, 2728, 301]	{1 1 6 2 }291596
56	0.12816112557692616	0.19190589821798243	0.22858055408794858	0.8137005715497756	[421, 438, 2627, 301, 10, 158, 420, 1791]	{8 6 6 8 }330313
57	0.13025638044023236	0.1962331707330286	0.22858055408794858	0.711994084723933	[432, 394, 193, 232, 10, 734, 19, 1987]	{7 4 3 3 }312257
58	0.1323465998628499	0.19844078226360806	0.22858055408794858	0.7219884254586373	[2636, 162, 10, 734, 19, 132, 1032, 370]	{6 1 4 4 }288795
59	0.13443179594624832	0.20131627371754124	0.22858055408794858	1.0288197953841782	[1606, 1019, 1799, 232, 10, 734, 19, 1987]	{5 3 3 3 }295642
60	0.13651198076281423	0.20350992408880042	0.22858055408794858	0.7379796434311969	[1799, 232, 10, 107, 1549, 162, 420, 1791]	{2 4 6 7 }326081
61	0.13858716635592117	0.20601006732373373	0.22858055408794858	0.47989498236885453	[1726, 132, 19, 734, 10, 158, 420, 1791]	{7 2 1 3 }339085
62	0.14065736473999924	0.2092653103057337	0.22858055408794858	0.7763992546488784	[1791, 420, 158, 10, 734, 2229, 1529, 156]	{1 3 1 1 }299429
63	0.14272258790060488	0.21174738766596257	0.22858055408794858	1.1075851723568009	[1799, 232, 1792, 496, 217, 132, 19, 1987]	{5 7 2 1 }319524
64	0.14478284779449002	0.21596841075813034	0.22858055408794858	0.9661391246479695	[2872, 241, 1031, 132, 19, 734, 2229, 494]	{2 5 8 6 }291867
65	0.14683815634967146	0.21918282598370287	0.22858055408794858	0.5944252297426385	[2149, 420, 158, 10, 734, 19, 132, 1032]	{2 8 3 2 }295012
66	0.1488885254654998	0.22163377274923945	0.22858055408794858	0.5229092028783412	[377, 162, 107, 10, 734, 19, 132, 1031]	{5 6 3 6 }324099
67	0.15093396701272854	0.22442606230809503	0.22858055408794858	0.9482405730191033	[3819, 438, 1580, 301, 10, 734, 19, 400]	{5 2 2 6 }350603
68	0.15297449283358266	0.22720833488431758	0.22858055408794858	0.792008090803246	[2238, 1549, 162, 107, 10, 494, 2229, 1529]	{4 3 3 3 }291807
69	0.15501011474182713	0.229634089971525	0.22858055408794858	0.8065659498782048	[377, 162, 107, 10, 734, 19, 241, 89]	{3 8 3 6 }366971
70	0.1570408445228355	0.23148547899175032	0.22858055408794858	0.7229854341660136	[158, 10, 734, 19, 241, 132, 1032, 370]	{2 4 8 5 }292488
71	0.1590666939336579	0.23389780833364282	0.22858055408794858	0.9988218065276584	[1792, 232, 10, 107, 162, 420, 158, 2150]	{1 8 8 1 }292526
72	0.16108767470308916	0.23664610222912952	0.22858055408794858	0.9145120640451966	[377, 162, 420, 158, 10, 494, 2229, 1529]	{7 1 1 2 }319171
73	0.16310379853173695	0.2390422326281033	0.22858055408794858	0.6600936661472595	[2051, 1849, 420, 158, 10, 734, 19, 409]	{6 3 3 3 }392481
74	0.16511507709208928	0.24143084169142182	0.22858055408794858	0.7327277385604152	[1089, 836, 320, 232, 10, 158, 420, 1791]	{7 6 3 5 }323135
75	0.1671215220285821	0.2445408646618925	0.22858055408794858	0.767390598694206	[846, 10, 734, 19, 132, 217, 261, 165]	{5 8 4 1 }363785
76	0.1691231449576669	0.24763813699154036	0.22858055408794858	0.5277457326021664	[87, 1265, 193, 232, 10, 734, 19, 1987]	{4 3 8 7 }293490
77	0.17111995746787756	0.2507227109561341	0.22858055408794858	0.749602235399442	[377, 162, 107, 10, 232, 193, 394, 432]	{8 3 2 8 }332108
78	0.17311197111989796	0.2542334854258316	0.22858055408794858	0.7676692929875308	[2238, 1549, 107, 10, 734, 19, 132, 1715]	{6 7 5 5 }325567
79	0.1750991974466285	0.25690882767358647	0.22858055408794858	1.0142599599093325	[1089, 836, 320, 232, 1792, 496, 2728, 301]	{7 8 8 1 }287255
80	0.1770816479532532	0.25894978853507866	0.22858055408794858	0.8121768541486541	[377, 162, 1549, 107, 10, 158, 420, 1550]	{7 7 5 6 }293829
81	0.179059334117306	0.2619879863772726	0.22858055408794858	0.6888082982747372	[2627, 438, 10, 734, 19, 132, 241, 2872]	{6 1 3 5 }363255
82	0.18103226738873734	0.2659399755024018	0.22858055408794858	0.8109285519905401	[377, 162, 1583, 1579, 1580, 438, 2729, 301]	{1 4 1 6 }340227
83	0.18300045918998054	0.26894951459700744	0.22858055408794858	0.9302043840071945	[421, 438, 2627, 261, 217, 132, 241, 1126]	{4 5 1 6 }295274
84	0.18496392091601777	0.27095740472415186	0.22858055408794858	0.46765791709578064	[107, 162, 10, 734, 19, 132, 241, 2872]	{1 3 6 8 }367995
85	0.18692266393444623	0.273572752044577	0.22858055408794858	0.642354681631917	[837, 162, 1549, 107, 10, 734, 19, 241]	{7 2 7 6 }348225
86	0.18887669958554376	0.2765509978680094	0.22858055408794858	0.9125826449704554	[2636, 162, 1549, 107, 420, 158, 10, 1873]	{7 4 7 6 }297309
87	0.19082603918233454	0.2795170333177124	0.22858055408794858	0.825008557772279	[1530, 158, 10, 734, 19, 132, 241, 1031]	{4 8 1 6 }318416
88	0.1927706940106546	0.28210167406234743	0.22858055408794858	0.9970032364040657	[1743, 1742, 400, 19, 132, 217, 261, 165]	{6 7 3 1 }288902
89	0.19471067532921726	0.28435512165353005	0.22858055408794858	0.6079588387919129	[1742, 400, 19, 734, 10, 158, 420, 1791]	{6 3 1 2 }291770
90	0.19664599436967822	0.28770830985902685	0.22858055408794858	0.9193387822527832	[3284, 2308, 651, 734, 19, 132, 241, 1031]	{1 8 5 2 }322863
91	0.19857666233670057	0.29062860195599693	0.22858055408794858	0.5164409773359109	[2047, 232, 10, 734, 19, 132, 241, 89]	{1 8 7 2 }327813
92	0.2005026904080197	0.29317338136543414	0.22858055408794858	0.768309910869891	[1529, 2229, 494, 10, 734, 19, 132, 1715]	{8 2 4 6 }334382
93	0.20242408973450798	0.29539207541109225	0.22858055408794858	0.45855315010286146	[1549, 162, 10, 734, 19, 132, 241, 2872]	{5 8 2 4 }324783
94	0.20434087144023938	0.29760380508509476	0.22858055408794858	0.7022014087356845	[241, 132, 217, 261, 2627, 438, 1580, 301]	{3 7 6 3 }291399
95	0.20625304662255384	0.2998085922482623	0.22858055408794858	0.7209463798799964	[837, 162, 10, 734, 19, 132, 241, 217]	{6 3 4 5 }298249
96	0.20816062635212151	0.3035580553706313	0.22858055408794858	0.6119781743442333	[1579, 1580, 438, 2627, 301, 10, 734, 19]	{4 1 1 1 }358811
97	0.21006362167300685	0.3057441524345488	0.22858055408794858	0.7809425179021237	[837, 162, 1549, 232, 10, 158, 420, 1791]	{6 1 6 2 }292996
98	0.21196204360273252	0.3089971213163111	0.22858055408794858	0.914521658549814	[1265, 193, 232, 10, 107, 1549, 162, 3284]	{7 7 1 1 }297283
99	0.21385590313234326	0.31183013238963153	0.22858055408794858	1.048930076471135	[2238, 1549, 107, 734, 19, 132, 241, 1126]	{7 5 4 3 }316556
100	0.2157452112264695	0.3139902638100045	0.22858055408794858	0.4140351812241149	[377, 162, 10, 734, 19, 132, 241, 1031]	{7 8 2 6 }331174
101	0.21762997882339075	0.31645123623734417	0.22858055408794858	1.1903053185657653	[1019, 10, 232, 193, 1265, 87, 160, 331]	{6 6 7 5 }300250
102	0.21951021683509908	0.3192536865260941	0.22858055408794858	1.1423618664053619	[1019, 1799, 232, 193, 394, 432, 422, 19]	{3 7 3 8 }365689
103	0.22138593614736213	0.32244335584162154	0.22858055408794858	0.9849419542522861	[2875, 836, 320, 232, 10, 734, 19, 409]	{5 6 1 6 }296476
104	0.22325714761978632	0.3252212393134808	0.22858055408794858	0.5242764158818288	[359, 158, 10, 734, 19, 132, 241, 1031]	{3 6 4 8 }334157
105	0.22512386208587953	0.3283829473758396	0.22858055408794858	0.7252167807995664	[846, 10, 734, 19, 132, 241, 1031, 227]	{8 4 7 1 }320483
106	0.2269860903531139	0.3311364793882382	0.22858055408794858	0.6926145932744388	[1792, 232, 10, 734, 19, 132, 1032, 1729]	{1 8 3 8 }295318
107	0.22884384320298856	0.3332360091334621	0.22858055408794858	0.551532359870496	[2051, 1849, 420, 158, 10, 734, 19, 1987]	{4 2 4 2 }294497
108	0.23069713139109171	0.3353289485579175	0.22858055408794858	0.4722614008248937	[2636, 162, 10, 734, 19, 132, 241, 1031]	{5 3 7 8 }370074
109	0.23254596564716323	0.3384432964665903	0.22858055408794858	0.8259957467266082	[1549, 107, 10, 734, 19, 132, 1032, 1729]	{3 8 7 7 }293456
110	0.23439035667515662	0.34198587416147974	0.22858055408794858	0.7558239291136406	[19, 132, 217, 261, 2627, 438, 2729, 301]	{4 4 6 8 }341446
111	0.23623031515330084	0.34405134818929317	0.22858055408794858	0.6138259267365053	[1580, 438, 10, 734, 19, 132, 241, 1126]	{7 5 6 8 }320308
112	0.23806585173416261	0.3475638952627128	0.22858055408794858	1.1099377371714656	[158, 420, 1791, 1792, 232, 193, 394, 432]	{3 6 7 4 }328785
113	0.23989697704470747	0.3499044265695669	0.22858055408794858	0.9611407413009753	[193, 1265, 87, 415, 733, 734, 19, 132]	{1 6 5 1 }290321
114	0.2417237016863618	0.3522365615188948	0.22858055408794858	0.7737852425688121	[846, 10, 232, 1792, 496, 2729, 438, 3366]	{5 1 8 8 }362526
115	0.24354603623507398	0.3542698591424752	0.22858055408794858	0.7682562996448801	[2636, 162, 1549, 107, 10, 494, 2229, 1529]	{2 5 1 1 }290876
116	0.24536399124137553	0.35691725859023293	0.22858055408794858	0.5748267515103905	[2636, 162, 10, 734, 19, 132, 241, 2872]	{5 3 7 4 }297010
117	0.2471775772304423	0.3589358637355621	0.22858055408794858	0.47989498236885453	[1715, 132, 19, 734, 10, 158, 420, 1791]	{7 2 1 5 }320223
118	0.24898680470215562	0.3619396003173926	0.22858055408794858	0.9360831702023774	[846, 10, 232, 1792, 496, 217, 132, 19]	{1 1 3 4 }291966
119	0.2507916841311627	0.3639424405786731	0.22858055408794858	0.5229092028783412	[377, 162, 107, 10, 734, 19, 132, 1031]	{4 3 6 2 }299514
120	0.25259222596693753	0.3665501838525397	0.22858055408794858	0.9680338411216077	[2309, 420, 158, 10, 1019, 1799, 232, 2047]	{5 2 6 2 }318343
121	0.25438844063384136	0.3691472357591209	0.22858055408794858	0.7679149601905179	[377, 162, 10, 734, 19, 132, 1714, 2168]	{8 6 3 3 }292760
122	0.2561803385311828	0.37210312647037036	0.22858055408794858	0.6311987620344006	[1579, 1580, 438, 10, 734, 19, 132, 217]	{3 2 8 3 }296496
123	0.25796793003327845	0.37467741212168537	0.22858055408794858	0.7620462911032231	[1468, 2307, 420, 158, 10, 734, 19, 132]	{3 7 5 3 }370410
124	0.25975122548951257	0.37760739092786244	0.22858055408794858	0.6201089107861215	[394, 193, 232, 10, 734, 19, 132, 1715]	{5 3 7 7 }323732
125	0.2615302352243972	0.3809402483572961	0.22858055408794858	0.6328168484142378	[1549, 162, 10, 232, 1792, 496, 2729, 301]	{2 2 7 6 }295844
126	0.26330496953763205	0.3828834465174469	0.22858055408794858	0.834710481107529	[87, 1265, 193, 232, 10, 107, 420, 1791]	{2 7 5 8 }321242
127	0.2650754387041637	0.38577497555812945	0.22858055408794858	0.6648552371156095	[1579, 1580, 438, 2627, 301, 2729, 496, 3366]	{8 1 1 7 }347213
128	0.2668416529742458	0.38865295620159934	0.22858055408794858	0.7197266152812417	[1549, 162, 1583, 1579, 1580, 438, 2627, 301]	{3 6 1 6 }329144
129	0.26860362257349746	0.3919266656049346	0.22858055408794858	0.8603156862729713	[87, 1265, 193, 394, 432, 422, 19, 1987]	{2 1 5 1 }319461
130	0.2703613577029633	0.39383537794085655	0.22858055408794858	0.787414617018555	[320, 232, 1792, 496, 3366, 438, 1580, 301]	{2 3 6 4 }291919
131	0.2721148685391722	0.3960099162055776	0.22858055408794858	0.41150289191529354	[1791, 420, 158, 10, 734, 19, 132, 1032]	{2 5 7 5 }288402
132	0.273864165234196	0.39970627452848706	0.22858055408794858	0.8162273998033012	[2654, 232, 1792, 496, 2729, 438, 2627, 301]	{7 3 3 5 }364276
133	0.27560925791570867	0.4018597517005389	0.22858055408794858	0.8736073767174379	[1792, 232, 1799, 10, 734, 19, 132, 217]	{8 6 2 8 }325072
134	0.27735015668704466	0.4043120395261106	0.22858055408794858	0.8587705982742075	[320, 232, 10, 162, 1583, 1579, 1580, 301]	{5 7 2 2 }298769
135	0.27908687162725754	0.40710316387235435	0.22858055408794858	0.993437811747224	[1792, 496, 2728, 301, 2627, 261, 217, 132]	{7 3 7 4 }321253
136	0.2808194127911783	0.40852804869428583	0.22858055408794858	0.7143660099207767	[107, 162, 10, 734, 19, 132, 1720, 241]	{5 6 3 7 }291759
137	0.2825477902094734	0.4103846501039369	0.22858055408794858	0.7389701136628505	[193, 232, 10, 734, 19, 132, 1714, 2168]	{7 6 3 1 }337052
138	0.28427201388870327	0.41354198820655164	0.22858055408794858	0.9420219131666361	[1580, 438, 2627, 261, 217, 132, 1032, 370]	{6 2 3 2 }321153
139	0.2859920938113798	0.4151527432438261	0.22858055408794858	0.5874149872554738	[107, 162, 10, 734, 19, 132, 241, 217]	{4 1 6 3 }293087
140	0.28770803993602434	0.41698855006260593	0.22858055408794858	0.9240507591376372	[320, 232, 1792, 496, 217, 132, 19, 1987]	{7 7 8 4 }298585
141	0.2894198621972255	0.419080029275551	0.22858055408794858	0.635782759994945	[1879, 496, 1792, 232, 10, 734, 19, 1987]	{6 7 1 3 }355737
142	0.29112757050569615	0.4211640055735899	0.22858055408794858	0.6451327292467813	[1579, 1580, 438, 2729, 301, 10, 734, 19]	{5 8 6 6 }328259
143	0.29283117474833154	0.42387616922927385	0.22858055408794858	1.0162787092130414	[249, 318, 158, 10, 734, 19, 132, 1032]	{4 3 1 4 }342111
144	0.29453068478826594	0.4259429399869813	0.22858055408794858	1.0421069309363855	[2654, 232, 1792, 496, 3366, 438, 2627, 301]	{8 6 5 6 }356877
145	0.29622611046492986	0.4275196347929252	0.22858055408794858	0.7947623881734774	[3819, 438, 1580, 301, 10, 734, 19, 132]	{4 6 7 8 }293005
146	0.29791746159410726	0.4293166225464351	0.22858055408794858	0.8024558294410997	[2309, 420, 158, 10, 734, 19, 132, 1779]	{4 5 8 1 }331963
147	0.2996047479679923	0.4311079696436316	0.22858055408794858	0.8794888985780024	[377, 162, 420, 158, 10, 734, 2229, 494]	{4 8 5 5 }315682
148	0.30128797935524576	0.4326704782719297	0.22858055408794858	1.2164608710183105	[837, 162, 107, 420, 158, 10, 438, 3366]	{1 7 7 7 }297330
149	0.30296716550105185	0.4349964466099183	0.22858055408794858	0.9010422262018376	[1879, 232, 1792, 496, 2729, 438, 1580, 301]	{2 1 6 6 }341919
150	0.30464231612717463	0.4373128788167836	0.22858055408794858	1.1677075443198632	[988, 420, 158, 10, 734, 2229, 1529, 1274]	{6 6 6 8 }364451
151	0.3063134409320143	0.4396198139892731	0.22858055408794858	0.9289433466265185	[1549, 162, 107, 232, 1792, 496, 2728, 301]	{7 7 6 1 }293946
152	0.3079805495906631	0.4411589441388387	0.22858055408794858	0.5213300879571756	[320, 232, 10, 734, 19, 132, 241, 331]	{8 5 1 6 }340522
153	0.30964365175496167	0.44421383329259867	0.22858055408794858	0.7800413432465235	[2405, 1743, 1742, 400, 19, 132, 241, 1031]	{1 1 4 3 }314647
154	0.3113027570535547	0.44761518851048687	0.22858055408794858	0.573962807042313	[320, 232, 1792, 496, 2729, 438, 2627, 301]	{1 5 8 2 }338292
155	0.31295787509194684	0.44913235870805934	0.22858055408794858	0.7121021684765703	[1799, 1019, 10, 734, 19, 132, 241, 2872]	{3 8 6 2 }341207
156	0.31460901545255804	0.4506453618732289	0.22858055408794858	0.8085653684344305	[2627, 438, 10, 734, 19, 132, 241, 89]	{2 8 4 1 }363033
157	0.3162561876947795	0.452616101566764	0.22858055408794858	0.808522005722285	[1792, 232, 1799, 1019, 10, 158, 420, 1791]	{4 1 2 1 }319606
158	0.31789940135502837	0.4548602957567691	0.22858055408794858	0.7763992546488784	[1791, 420, 158, 10, 734, 2229, 1529, 156]	{8 2 1 8 }294504
159	0.3195386659468036	0.4565714625181353	0.22858055408794858	0.4726765573913526	[377, 162, 10, 734, 19, 132, 241, 1126]	{1 3 2 5 }321318
160	0.3211739909607406	0.458799440304823	0.22858055408794858	0.8506231893044544	[2309, 420, 158, 10, 734, 19, 241, 89]	{4 5 6 8 }293689
161	0.32280538586466645	0.4610182837073633	0.22858055408794858	0.6525341219862626	[1549, 107, 10, 734, 19, 132, 1032, 370]	{8 3 1 5 }330084
162	0.32443286010365446	0.4639044831758191	0.22858055408794858	1.1087919523727572	[1792, 496, 2729, 438, 10, 734, 2229, 494]	{3 8 3 1 }319214
163	0.326056423100079	0.4658276574628957	0.22858055408794858	0.8714827295243868	[320, 232, 10, 107, 162, 837, 420, 1791]	{5 7 3 1 }337501
164	0.3276760842536699	0.4690967382593896	0.22858055408794858	0.7777739970879921	[377, 162, 1583, 1579, 1580, 438, 2627, 301]	{7 4 7 2 }337064
165	0.3292918529415674	0.47127336424138	0.22858055408794858	0.6424697486337936	[2636, 162, 107, 10, 734, 19, 241, 1031]	{7 1 1 6 }313437
166	0.3309037385183756	0.47375073810738777	0.22858055408794858	0.500169331995343	[1579, 1580, 438, 2729, 496, 1792, 232, 10]	{3 3 5 6 }294647
167	0.3325117503162174	0.4765687564075207	0.22858055408794858	0.5846438992057731	[87, 1265, 193, 232, 10, 734, 19, 3308]	{5 8 7 8 }340615
168	0.3341158976447879	0.47871474820431936	0.22858055408794858	0.7260488631284274	[1579, 1580, 438, 3366, 496, 1792, 232, 10]	{3 8 3 6 }375213
169	0.3357161897914087	0.48058479255467057	0.22858055408794858	0.5551845505692676	[1580, 438, 10, 734, 19, 132, 241, 1031]	{4 8 6 2 }295500
170	0.33731263602108175	0.4830185372792687	0.22858055408794858	0.7619859371767089	[107, 162, 1583, 1579, 1580, 438, 2729, 301]	{8 7 8 3 }299684
171	0.33890524557654256	0.4854408785768981	0.22858055408794858	0.80014328877491	[160, 320, 232, 10, 734, 19, 132, 1031]	{4 7 8 4 }321282
172	0.34049402767831405	0.48785186987885976	0.22858055408794858	1.0970616287870385	[421, 438, 2729, 301, 1580, 1579, 4018, 2197]	{2 3 7 7 }295150
173	0.34207899152475973	0.48945947770917864	0.22858055408794858	0.7471355234942879	[2238, 1549, 162, 420, 158, 10, 232, 2047]	{2 3 3 1 }332693
174	0.34366014629213726	0.4910620393374632	0.22858055408794858	0.6212035864446026	[1549, 162, 420, 158, 10, 734, 19, 1987]	{5 6 1 1 }364738
175	0.3452375011346511	0.4924598791952399	0.22858055408794858	0.5873657943135415	[377, 162, 420, 158, 10, 734, 19, 132]	{8 3 5 4 }350322
176	0.3468110651845061	0.4938538797711808	0.22858055408794858	0.7248448335959164	[2238, 1549, 162, 420, 158, 10, 734, 19]	{8 6 6 3 }337291
177	0.34838084755195975	0.4956696144180476	0.22858055408794858	0.6875862849499039	[1580, 438, 2627, 301, 10, 734, 19, 1987]	{3 2 4 3 }362888
178	0.34994685732537534	0.49725268273216505	0.22858055408794858	0.7288145731112495	[2636, 162, 107, 420, 158, 10, 232, 2047]	{5 7 5 6 }291305
179	0.35150910357127463	0.4990562246069301	0.22858055408794858	0.3441138700103165	[1849, 420, 158, 10, 734, 19, 132, 241]	{5 3 1 7 }329618
180	0.3530675953343899	0.500853296505263	0.22858055408794858	0.6540487212580788	[1799, 232, 10, 734, 19, 132, 1032, 370]	{2 6 8 4 }320013
181	0.3546223416377169	0.5031920721880268	0.22858055408794858	0.8301599635377048	[1579, 1580, 438, 2627, 261, 217, 132, 1031]	{8 6 8 5 }293137
182	0.35617335148256646	0.5058524347454777	0.22858055408794858	0.6328168484142378	[1549, 162, 10, 232, 1792, 496, 2729, 301]	{8 1 7 7 }340976
183	0.3577206338486171	0.5081677867276158	0.22858055408794858	0.8796700647700845	[1535, 496, 1792, 232, 10, 734, 19, 241]	{8 5 8 6 }320074
184	0.3592641976939669	0.5099321720590297	0.22858055408794858	0.6182969738793239	[2627, 301, 10, 734, 19, 132, 241, 1031]	{2 1 6 5 }320939
185	0.36080405195518517	0.5116902278831164	0.22858055408794858	0.8242734474935158	[1792, 496, 2729, 301, 10, 734, 19, 132]	{3 5 1 1 }295899
186	0.36234020554736446	0.513441976906176	0.22858055408794858	0.9398029126728228	[320, 232, 10, 846, 162, 107, 420, 1791]	{8 5 6 7 }314802
187	0.3638726673641719	0.5149692586471931	0.22858055408794858	0.6561111698386768	[1807, 157, 10, 734, 19, 132, 241, 1126]	{6 2 3 5 }292411
188	0.36540144627790083	0.5175665554117408	0.22858055408794858	0.8809213811043323	[2149, 420, 1791, 1792, 232, 10, 734, 19]	{3 7 7 6 }290134
189	0.36692655113952244	0.519297223859323	0.22858055408794858	0.7407973884472949	[1579, 1580, 438, 10, 734, 19, 132, 1715]	{3 1 6 2 }314180
190	0.36844799077873636	0.5212680351682089	0.22858055408794858	0.9586900523560323	[2627, 438, 3366, 496, 1792, 232, 10, 1873]	{1 3 3 1 }321426
191	0.3699657740040224	0.5232307664380185	0.22858055408794858	1.1260743193449854	[1549, 107, 1794, 1791, 420, 158, 10, 1873]	{6 6 6 7 }294043
192	0.3714799096026914	0.5251854507957343	0.22858055408794858	0.6328168484142378	[1549, 162, 10, 232, 1792, 496, 2729, 301]	{6 3 6 4 }323380
193	0.3729904063409356	0.5264895679047548	0.22858055408794858	0.7574631245884003	[1549, 162, 107, 232, 10, 734, 19, 3308]	{1 7 8 1 }347915
194	0.37449727296388025	0.528754445609292	0.22858055408794858	1.0271424512827407	[2636, 162, 107, 420, 158, 1557, 15, 432]	{6 4 8 7 }335053
195	0.3760005181956336	0.5309624891273659	0.22858055408794858	1.0254890236257457	[320, 232, 1792, 496, 2728, 301, 10, 1873]	{8 8 2 6 }311124
196	0.3775001507393376	0.5328854745491287	0.22858055408794858	0.5954285011384068	[420, 158, 10, 232, 1792, 496, 2729, 301]	{2 6 3 6 }321684
197	0.3789961792772184	0.5343517241058592	0.22858055408794858	0.8227492384114349	[320, 232, 10, 734, 19, 241, 4018, 2197]	{4 6 5 3 }320394
198	0.38048861247063637	0.5358133711772345	0.22858055408794858	0.9788657028295182	[320, 232, 10, 107, 1549, 162, 2636, 301]	{4 2 4 1 }319792
199	0.38197745896013646	0.537478581500658	0.22858055408794858	0.870054230103996	[1791, 420, 158, 10, 734, 651, 2308, 3284]	{7 2 2 2 }294998
200	0.383462727365498	0.5393748518935579	0.22858055408794858	0.707570552947323	[10, 734, 19, 132, 217, 261, 2627, 301]	{3 6 7 5 }330331
201	0.38494442628578507	0.5406399966484889	0.22858055408794858	0.5846438992057731	[87, 1265, 193, 232, 10, 734, 19, 3308]	{1 2 3 1 }320894
202	0.3864225642993957	0.5422878920686753	0.22858055408794858	0.8680239985130676	[2627, 301, 10, 734, 19, 132, 1032, 370]	{2 8 4 7 }292662
203	0.38789714996411195	0.5439298758742325	0.22858055408794858	0.5641026275798399	[1549, 107, 10, 734, 19, 132, 241, 1729]	{5 4 6 3 }339979
204	0.3893681918171492	0.5463720910923748	0.22858055408794858	0.762463197147101	[1265, 193, 232, 10, 734, 19, 241, 2872]	{7 8 8 1 }377193
205	0.3908356983752058	0.5479994233548783	0.22858055408794858	0.6112910728296638	[87, 1265, 415, 10, 734, 19, 132, 241]	{5 8 1 4 }294911
206	0.3922996781345123	0.5498525598298264	0.22858055408794858	0.953143068146215	[1791, 420, 158, 10, 301, 2627, 261, 217]	{6 2 2 2 }293343
207	0.3937601395708803	0.5514674063546716	0.22858055408794858	0.4705143080389149	[320, 232, 10, 734, 19, 132, 1032, 370]	{6 8 5 2 }345275
208	0.3952170911397521	0.5533063246048574	0.22858055408794858	0.5363619951580719	[377, 162, 1549, 107, 10, 734, 19, 400]	{1 8 3 8 }339032
209	0.39667054127624946	0.5549087811891034	0.22858055408794858	0.7740034405155725	[359, 158, 10, 734, 19, 132, 1032, 370]	{1 5 6 2 }295128
210	0.3981204983952221	0.5569942773205581	0.22858055408794858	1.0837157419114813	[1792, 232, 10, 438, 1580, 1579, 4018, 2197]	{4 8 8 7 }311155
211	0.3995669708912969	0.5588105362054501	0.22858055408794858	0.9464079389649209	[421, 438, 2627, 261, 217, 132, 19, 1460]	{7 7 3 1 }317139
212	0.401009967138926	0.5606193486936748	0.22858055408794858	0.6552457435622479	[837, 162, 107, 10, 734, 19, 132, 1715]	{3 8 2 3 }301313
213	0.4024494954924358	0.5619985429813968	0.22858055408794858	0.8539314650410346	[1468, 2307, 420, 158, 10, 734, 19, 1987]	{4 8 7 7 }319558
214	0.403885564286075	0.5635698173409183	0.22858055408794858	0.8496185321850398	[1579, 1580, 438, 10, 107, 162, 420, 1791]	{7 8 6 7 }322313
215	0.4053181818340631	0.5651354549540926	0.22858055408794858	0.8169316551325623	[2654, 232, 10, 734, 19, 132, 1714, 2168]	{4 2 5 1 }290733
216	0.4067473564306381	0.5669183361974477	0.22858055408794858	0.47989498236885453	[1715, 132, 19, 734, 10, 158, 420, 1791]	{3 8 1 3 }316485
217	0.4081730963501049	0.5682777582727208	0.22858055408794858	0.7682562996448801	[2636, 162, 1549, 107, 10, 494, 2229, 1529]	{8 8 3 7 }296647
218	0.40959540984688314	0.5698265067483048	0.22858055408794858	1.251970809334719	[1792, 232, 10, 158, 420, 162, 481, 1529]	{7 8 7 3 }303250
219	0.4110143051555549	0.5718421051652485	0.22858055408794858	0.7688922513275396	[432, 394, 193, 232, 10, 734, 19, 3308]	{7 2 3 7 }319557
220	0.41242979049091255	0.5733780670009918	0.22858055408794858	0.5898933704546431	[2636, 162, 1549, 107, 10, 734, 19, 1460]	{2 6 6 1 }294075
221	0.4138418740480061	0.5751271547365016	0.22858055408794858	0.9393116391166587	[394, 193, 842, 157, 10, 158, 420, 1791]	{2 7 3 1 }298148
222	0.4152505640021906	0.5762941028588683	0.22858055408794858	0.8427144460378673	[837, 162, 1549, 107, 10, 438, 1580, 301]	{8 8 4 1 }326468
223	0.4166558685091739	0.5785630105010829	0.22858055408794858	1.1897393279317239	[158, 420, 1791, 1794, 1879, 496, 2728, 301]	{2 2 7 4 }323672
224	0.4180577957050633	0.580290840724065	0.22858055408794858	0.8909536258884853	[2872, 241, 132, 19, 734, 2229, 494, 2626]	{4 5 6 7 }340096
225	0.419456353706413	0.5822574080051373	0.22858055408794858	1.1486285136869199	[734, 10, 301, 2627, 261, 217, 132, 1032]	{5 5 8 4 }316821
226	0.420851550610271	0.5839700917368946	0.22858055408794858	0.707570552947323	[10, 734, 19, 132, 217, 261, 2627, 301]	{8 2 1 2 }292011
227	0.4222433944942261	0.5854625459677492	0.22858055408794858	0.9194702974245232	[846, 10, 107, 162, 1583, 1579, 1580, 301]	{5 6 1 4 }343149
228	0.42363189341645446	0.5874048809772714	0.22858055408794858	0.8297158704907285	[1791, 420, 158, 10, 1820, 841, 1268, 1380]	{3 3 6 2 }362606
229	0.4250170554157664	0.5893381150834796	0.22858055408794858	0.7288313822741609	[107, 162, 1583, 1579, 1580, 438, 2627, 301]	{3 5 3 8 }291220
230	0.42639888851165286	0.590811312215275	0.22858055408794858	1.1969151167056769	[193, 232, 1792, 496, 217, 132, 19, 409]	{8 3 1 1 }339111
231	0.4277774007043319	0.5924889261866957	0.22858055408794858	1.1428783045243496	[394, 193, 842, 157, 10, 158, 420, 1582]	{6 8 6 6 }321056
232	0.42915259997479493	0.5947165741849462	0.22858055408794858	0.8995091743150041	[1917, 10, 734, 19, 132, 1032, 370, 4612]	{2 3 5 5 }327899
233	0.43052449428485307	0.5961704767807432	0.22858055408794858	1.0677531431524794	[107, 10, 232, 193, 1265, 87, 160, 331]	{4 4 1 1 }300850
234	0.43189309157718303	0.5980626392697963	0.22858055408794858	0.794991004294901	[394, 193, 232, 10, 734, 19, 241, 1729]	{2 1 2 4 }361680
235	0.4332583997753733	0.5995045382838954	0.22858055408794858	0.6201089107861215	[432, 394, 193, 232, 10, 734, 19, 132]	{7 2 1 2 }291593
236	0.4346204267839697	0.6011465112956688	0.22858055408794858	0.7860008303369361	[158, 10, 232, 1792, 496, 2729, 438, 3366]	{6 8 8 3 }301540
237	0.4359791804885218	0.6030153583377028	0.22858055408794858	0.6483144077034084	[394, 193, 232, 10, 734, 19, 422, 432]	{3 8 7 5 }372618
238	0.43733466875562776	0.604642937499037	0.22858055408794858	1.2777300771686737	[377, 162, 846, 10, 494, 2229, 1529, 156]	{4 2 8 1 }291645
239	0.43868689943298045	0.6058839439033716	0.22858055408794858	0.8012591904457156	[3284, 162, 1549, 107, 10, 734, 19, 1987]	{5 8 2 2 }295674
240	0.44003588034941277	0.6079944005612343	0.22858055408794858	0.6648552371156095	[1579, 1580, 438, 2627, 301, 2729, 496, 3366]	{2 8 4 7 }363659
241	0.4413816193149427	0.6096015663752599	0.22858055408794858	0.8227089221012288	[1847, 420, 158, 10, 734, 19, 132, 1031]	{3 4 8 1 }346580
242	0.44272412412081874	0.6106738276980817	0.22858055408794858	0.7443440662717085	[1879, 496, 1792, 232, 10, 734, 19, 409]	{3 6 6 1 }338458
243	0.4440634025395652	0.6122700082514332	0.22858055408794858	0.7860008303369361	[158, 10, 232, 1792, 496, 2729, 438, 3366]	{6 1 4 6 }315353
244	0.4453994623250269	0.6133349404797466	0.22858055408794858	0.5452426373289887	[377, 162, 107, 10, 734, 19, 132, 168]	{4 2 5 8 }289548
245	0.4467323112124141	0.6151466780555912	0.22858055408794858	0.8763811237948655	[1791, 420, 158, 10, 734, 19, 84, 3308]	{8 5 6 4 }340479
246	0.4480619569183474	0.6162037092743105	0.22858055408794858	0.6872065200411286	[107, 162, 420, 158, 10, 734, 19, 1460]	{4 1 1 8 }365281
247	0.44938840714090234	0.6180020050971611	0.22858055408794858	1.001034838677632	[1579, 1580, 301, 2627, 261, 217, 241, 1031]	{8 6 5 8 }288661
248	0.450711669559654	0.6193723741796409	0.22858055408794858	0.7875627101887046	[1791, 420, 158, 10, 734, 19, 409, 119]	{5 4 4 3 }291763
249	0.4520317518357214	0.6205671456055558	0.22858055408794858	0.5898933704546431	[2636, 162, 1549, 107, 10, 734, 19, 1460]	{5 1 7 2 }318146
250	0.453348661611812	0.6219283125736481	0.22858055408794858	0.8288332202098082	[1726, 132, 19, 734, 10, 438, 2627, 301]	{5 3 7 5 }295269
251	0.45466240651226575	0.6229667174768577	0.22858055408794858	0.748105357738523	[3131, 162, 1549, 107, 10, 158, 420, 1791]	{2 1 4 4 }327506
252	0.45597299414309944	0.6241502064356705	0.22858055408794858	0.3966839071762177	[2047, 232, 10, 734, 19, 132, 241, 2872]	{3 7 8 5 }366018
253	0.4572804320920506	0.6261628488716073	0.22858055408794858	1.1399910676418892	[394, 193, 1265, 808, 331, 241, 132, 1032]	{2 5 5 4 }339536
254	0.45858472792862137	0.6276955266960222	0.22858055408794858	0.9271215021000756	[2627, 438, 1580, 1579, 1583, 162, 420, 1791]	{5 4 2 3 }290441
255	0.45988588920412254	0.6292219207647795	0.22858055408794858	0.9847686685924685	[377, 162, 1549, 232, 10, 494, 2229, 1529]	{2 2 6 7 }348952
256	0.461183923451717	0.6307420568403612	0.22858055408794858	1.0064194390713412	[1794, 1791, 420, 162, 10, 734, 19, 409]	{7 6 5 7 }349132
257	0.4624788381864636	0.632066722612219	0.22858055408794858	0.7678701468856888	[87, 1265, 415, 733, 734, 10, 232, 2047]	{4 3 2 2 }294183
258	0.4637706409053606	0.6340369728035022	0.22858055408794858	0.7665722951366444	[1873, 10, 734, 19, 132, 1031, 241, 1126]	{2 4 5 3 }319090
259	0.46505933908738883	0.6351857127744734	0.22858055408794858	0.7185472165735766	[19, 734, 10, 107, 162, 1583, 1013, 156]	{3 7 8 7 }329030
260	0.46634494019355544	0.6371392610490196	0.22858055408794858	1.0394755753930618	[1020, 1018, 415, 733, 734, 10, 232, 2047]	{8 2 1 8 }294258
261	0.46762745166693676	0.6382782630895325	0.22858055408794858	0.9345085029620144	[2051, 1849, 420, 162, 10, 734, 19, 1460]	{3 7 7 6 }326244
262	0.46890688093272137	0.6402152510303871	0.22858055408794858	0.5895170305537488	[1579, 1580, 301, 2728, 496, 1792, 232, 10]	{1 3 8 5 }340009
263	0.47018323539825324	0.6416903160544061	0.22858055408794858	0.6084305264741027	[2051, 1849, 420, 158, 10, 734, 19, 1460]	{1 7 6 7 }329551
264	0.4714565224530747	0.6431593335268506	0.22858055408794858	1.2966697744145073	[1580, 301, 2729, 496, 217, 132, 1032, 370]	{7 7 7 8 }322602
265	0.47272674946896887	0.6446223282418007	0.22858055408794858	0.9642702367724898	[1265, 87, 1529, 2229, 734, 19, 132, 241]	{8 7 4 1 }289391
266	0.4739939238000027	0.646079324891684	0.22858055408794858	1.0116098409315628	[2180, 1549, 162, 107, 10, 734, 19, 400]	{1 8 6 6 }296834
267	0.4752580527825695	0.6475303480676928	0.22858055408794858	1.0292504722053564	[241, 1031, 132, 19, 734, 2229, 1529, 156]	{6 2 3 8 }324204
268	0.47651914373543125	0.6487947879861362	0.22858055408794858	0.8607458901041045	[2047, 232, 1792, 496, 3366, 438, 1580, 301]	{5 6 6 7 }296022
269	0.477777203959761	0.6498972038999633	0.22858055408794858	0.6963537400914321	[377, 162, 1549, 232, 10, 158, 420, 1791]	{2 6 5 6 }298823
270	0.47903224073918504	0.6517719734393815	0.22858055408794858	0.7724691468982505	[2627, 301, 2729, 496, 1792, 232, 10, 1873]	{8 8 2 6 }321236
271	0.4802842613398256	0.6536367037535635	0.22858055408794858	0.9185740050330844	[1792, 232, 1799, 1019, 10, 734, 19, 3308]	{5 3 1 4 }291917
272	0.4815332730103422	0.6547239211315692	0.22858055408794858	0.7620462911032231	[1468, 2307, 420, 158, 10, 734, 19, 132]	{7 1 6 8 }299381
273	0.48277928298197414	0.6561395027231398	0.22858055408794858	0.8359610071210897	[394, 193, 1265, 415, 10, 734, 19, 1987]	{7 8 8 7 }316750
274	0.48402229846858214	0.6572188639380853	0.22858055408794858	0.9221248728237216	[1791, 420, 162, 10, 734, 19, 241, 2872]	{3 4 3 5 }295253
275	0.48526232666669	0.658824981297809	0.22858055408794858	0.8929150890219418	[734, 19, 132, 217, 261, 2627, 438, 3366]	{8 6 5 2 }294870
276	0.4864993747555266	0.6600489031601813	0.22858055408794858	0.7382924252352308	[257, 320, 232, 10, 734, 19, 132, 217]	{8 6 1 8 }313973
277	0.48773344989706724	0.6612684343589847	0.22858055408794858	0.5886991353005039	[1791, 420, 107, 10, 734, 19, 132, 241]	{7 8 4 1 }325384
278	0.48896455923607496	0.6626571844003337	0.22858055408794858	0.6600936661472595	[2051, 1849, 420, 158, 10, 734, 19, 409]	{4 6 4 1 }298319
279	0.4901927099001423	0.6638673587228772	0.22858055408794858	0.8771310546076359	[1791, 420, 162, 107, 10, 494, 2229, 1529]	{6 3 1 8 }321977
280	0.49141790899973226	0.665245453553186	0.22858055408794858	0.7861955926954431	[1879, 496, 1792, 232, 10, 158, 420, 1582]	{6 1 5 1 }294927
281	0.4926401636282195	0.66644634279028	0.22858055408794858	0.9213813446723919	[1791, 420, 162, 10, 232, 1792, 496, 3366]	{1 8 2 4 }301439
282	0.49385948086193154	0.6678138641618577	0.22858055408794858	0.5277457326021664	[87, 1265, 193, 232, 10, 734, 19, 1987]	{6 1 1 5 }324214
283	0.49507586776018964	0.6691757788951591	0.22858055408794858	0.5826289272877523	[1879, 496, 1792, 232, 10, 158, 420, 1791]	{6 6 5 2 }297949
284	0.4962893313653497	0.670532109976584	0.22858055408794858	1.0752505564716426	[10, 158, 1557, 15, 432, 422, 19, 1460]	{2 2 5 7 }295095
285	0.49749987870284296	0.6718828802982907	0.22858055408794858	0.8630047887241346	[1792, 496, 2729, 301, 10, 158, 420, 1791]	{5 4 7 6 }314847
286	0.4987075167812167	0.6727840808834089	0.22858055408794858	0.5126095839448059	[1549, 162, 107, 10, 734, 19, 132, 1715]	{6 8 5 7 }298640
287	0.499912252592175	0.673811195584877	0.22858055408794858	0.5898933704546431	[2636, 162, 1549, 107, 10, 734, 19, 1460]	{7 6 2 3 }297861
288	0.5011140931106188	0.6755579078117682	0.22858055408794858	1.0096407070439901	[432, 394, 193, 1265, 415, 10, 232, 2047]	{8 7 4 4 }366584
289	0.5023130452946867	0.6772952665490171	0.22858055408794858	0.9790477944318898	[10, 232, 1792, 496, 2729, 438, 80, 909]	{8 5 3 3 }332178
290	0.5035091160857952	0.6788073149668944	0.22858055408794858	0.7517702901971454	[2051, 1849, 420, 158, 10, 734, 2229, 494]	{3 3 1 8 }298846
291	0.5047023124086787	0.6803122786098026	0.22858055408794858	1.1205445158725027	[2047, 232, 193, 1743, 1742, 400, 19, 132]	{6 2 4 2 }369746
292	0.5058926411714294	0.6813157626682957	0.22858055408794858	0.9523793878389633	[2040, 438, 1580, 301, 10, 158, 420, 1791]	{7 1 5 2 }293223
293	0.5070801092655379	0.6821910550681936	0.22858055408794858	0.8659292198886078	[1549, 162, 107, 10, 1019, 1799, 232, 2047]	{1 6 2 1 }343096
294	0.5082647235659328	0.6829548323635237	0.22858055408794858	0.4871952555222384	[1549, 162, 107, 10, 734, 19, 132, 168]	{2 8 6 5 }343644
295	0.5094464909310201	0.6840921914629849	0.22858055408794858	0.5985635203069305	[1265, 193, 232, 10, 734, 19, 132, 1031]	{8 5 4 1 }344787
296	0.5106254182027237	0.6852254704317482	0.22858055408794858	0.6676366066321484	[2306, 420, 158, 10, 734, 19, 132, 241]	{8 6 5 1 }301792
297	0.5118015122065243	0.6862135322223851	0.22858055408794858	0.9260927585712827	[107, 162, 420, 158, 10, 438, 2627, 301]	{6 4 3 8 }367154
298	0.5129747797514992	0.6873392011517532	0.22858055408794858	0.9567121953858699	[257, 320, 232, 10, 107, 162, 420, 1791]	{1 6 8 8 }292337
299	0.5141452276303617	0.6886210648496551	0.22858055408794858	0.9582519574245381	[158, 1557, 15, 432, 422, 19, 132, 217]	{5 8 5 2 }343811
300	0.5153128626195008	0.6898976730932562	0.22858055408794858	0.5602944237215381	[1879, 232, 10, 734, 19, 132, 241, 1031]	{1 5 4 8 }340296
301	0.5164776914790197	0.6908710690691772	0.22858055408794858	0.7625957261065338	[2309, 420, 162, 1549, 107, 10, 232, 2047]	{2 7 3 5 }291622
302	0.5176397209527754	0.6923195074169373	0.22858055408794858	0.7777739970879921	[377, 162, 1583, 1579, 1580, 438, 2627, 301]	{3 6 3 8 }301345
303	0.5187989577684178	0.693761159037745	0.22858055408794858	1.1509519706221838	[19, 422, 432, 394, 193, 1265, 87, 1815]	{8 7 2 5 }367072
304	0.5199554086374283	0.6950166936444597	0.22858055408794858	0.3820828136324923	[320, 232, 10, 734, 19, 132, 241, 1729]	{8 2 4 5 }347153
305	0.521109080255159	0.6962670807423096	0.22858055408794858	0.7332331341776858	[2636, 162, 1549, 107, 10, 734, 2229, 494]	{1 4 3 5 }334776
306	0.5222599793008715	0.6973566838487028	0.22858055408794858	0.3441138700103165	[1849, 420, 158, 10, 734, 19, 132, 241]	{4 3 8 7 }313706
307	0.5234081124377751	0.6984423781429316	0.22858055408794858	0.9673873130009962	[193, 394, 432, 422, 19, 132, 1032, 370]	{2 1 8 8 }297715
308	0.5245534863130658	0.6995241776473615	0.22858055408794858	0.8587705982742075	[320, 232, 10, 162, 1583, 1579, 1580, 301]	{1 8 6 3 }295307
309	0.5256961075579647	0.7007560847178671	0.22858055408794858	0.5954285011384068	[420, 158, 10, 232, 1792, 496, 2728, 301]	{2 8 8 2 }318477
310	0.5268359827877562	0.7019829411489618	0.22858055408794858	0.9855426322159875	[420, 158, 1557, 15, 432, 422, 19, 3308]	{7 2 8 7 }317648
311	0.5279731186018268	0.70305203933521	0.22858055408794858	0.8978032354832114	[377, 162, 107, 10, 494, 2229, 1529, 156]	{6 3 7 5 }299238
312	0.5291075215837026	0.7042694826870608	0.22858055408794858	0.6131253707783104	[2051, 1849, 420, 158, 10, 734, 19, 400]	{3 5 7 4 }371297
313	0.5302391983010879	0.7054819346986391	0.22858055408794858	0.4722614008248937	[2636, 162, 10, 734, 19, 132, 241, 1031]	{4 8 3 1 }291298
314	0.5313681553059033	0.706538480691828	0.22858055408794858	0.657088682269622	[2636, 162, 107, 10, 734, 19, 422, 432]	{8 7 8 8 }298628
315	0.5324943991343231	0.7077416301423443	0.22858055408794858	0.8919325705712464	[1849, 420, 158, 10, 734, 2229, 1529, 156]	{6 2 8 5 }314570
316	0.5336179363068136	0.7091110206716649	0.22858055408794858	0.8586827731399579	[1792, 232, 193, 394, 432, 422, 19, 132]	{8 8 3 3 }325993
317	0.534738773328171	0.7101545477818192	0.22858055408794858	0.9144544842475943	[837, 162, 107, 10, 734, 2229, 494, 2626]	{5 6 8 7 }297746
318	0.5358569166875584	0.7113428718843899	0.22858055408794858	0.8838700665935654	[377, 162, 420, 158, 10, 734, 2229, 1529]	{6 6 6 5 }320354
319	0.536972372858544	0.712248952434418	0.22858055408794858	0.8103584664321682	[359, 158, 420, 162, 107, 10, 232, 2047]	{7 2 4 7 }291986
320	0.5380851482991382	0.7131521888420946	0.22858055408794858	0.8224767232255575	[160, 320, 232, 10, 734, 19, 132, 168]	{4 6 7 7 }328026
321	0.5391952494518312	0.7140525900350427	0.22858055408794858	0.5316671508538642	[377, 162, 1549, 107, 10, 734, 19, 3308]	{6 8 4 3 }320246
322	0.5403026827436301	0.7152249327326032	0.22858055408794858	0.5862429475892403	[2627, 438, 10, 734, 19, 132, 241, 1031]	{2 8 6 5 }289422
323	0.5414074545860965	0.7163924689959991	0.22858055408794858	0.3280673200675872	[1792, 232, 10, 734, 19, 132, 241, 1126]	{4 6 5 3 }300351
324	0.5425095713753831	0.7174098748390458	0.22858055408794858	0.6587112844569967	[1529, 2229, 494, 10, 734, 19, 132, 217]	{4 3 7 2 }362720
325	0.5436090394922712	0.7189231199907378	0.22858055408794858	1.0546646134267752	[421, 438, 1580, 301, 10, 734, 2229, 494]	{8 6 4 6 }292946
326	0.5447058653022072	0.7199314474461281	0.22858055408794858	1.1750165696057957	[1549, 162, 10, 301, 2627, 438, 80, 909]	{3 5 7 4 }293621
327	0.5458000551553399	0.7210796876852794	0.22858055408794858	0.5712260593395756	[1579, 1580, 301, 10, 734, 19, 132, 241]	{1 6 2 8 }365185
328	0.5468916153865568	0.7225732813134298	0.22858055408794858	0.9420219131666361	[1580, 438, 2627, 261, 217, 132, 1032, 370]	{1 7 8 7 }298547
329	0.5479805523155213	0.7237106904188322	0.22858055408794858	0.44310970425036134	[320, 232, 10, 734, 19, 132, 241, 89]	{2 1 6 7 }295941
330	0.5490668722467089	0.7248434363127054	0.22858055408794858	1.0468283337309943	[1530, 156, 1529, 2229, 494, 10, 232, 2047]	{6 4 1 7 }365058
331	0.5501505814694436	0.725971538113537	0.22858055408794858	1.0424362554148647	[158, 1557, 15, 432, 422, 19, 132, 168]	{7 5 1 1 }293470
332	0.5512316862579348	0.7270950148614317	0.22858055408794858	0.7561514582127083	[2051, 1849, 420, 158, 10, 734, 2229, 1529]	{5 5 7 6 }320125
333	0.5523101928713134	0.7279516502081975	0.22858055408794858	0.7996135617435007	[988, 420, 158, 10, 734, 19, 241, 2872]	{8 5 7 4 }317501
334	0.5533861075536677	0.7286054529287207	0.22858055408794858	0.6999178204163299	[1529, 2229, 494, 10, 734, 19, 132, 1032]	{4 2 3 6 }347954
335	0.5544594365340798	0.7300587467489394	0.22858055408794858	0.9492939939935165	[320, 232, 193, 1265, 87, 1529, 2229, 494]	{7 6 6 4 }300412
336	0.5555301860266624	0.7308001625446119	0.22858055408794858	0.5898933704546431	[2636, 162, 1549, 107, 10, 734, 19, 1460]	{5 7 6 3 }312738
337	0.556598362230593	0.731765882624769	0.22858055408794858	0.8587705982742075	[320, 232, 10, 162, 1583, 1579, 1580, 301]	{4 7 2 6 }292606
338	0.5576639713301517	0.7330227063734036	0.22858055408794858	0.6346335424485795	[1579, 1580, 438, 2627, 261, 217, 132, 19]	{8 8 5 3 }290946
339	0.558727019494756	0.7337559814108301	0.22858055408794858	0.9426390569519268	[157, 320, 232, 10, 734, 19, 400, 4079]	{8 2 2 2 }363588
340	0.5597875128789963	0.7345917083106984	0.22858055408794858	0.6872065200411286	[107, 162, 420, 158, 10, 734, 19, 3308]	{4 1 7 6 }293609
341	0.5608454576226725	0.7356798436173693	0.22858055408794858	0.9007191163429749	[3869, 438, 2729, 301, 10, 158, 420, 1791]	{1 2 8 2 }335154
342	0.5619008598508284	0.7370952547005154	0.22858055408794858	1.1909744115422656	[1537, 156, 1529, 2229, 734, 10, 232, 2047]	{7 7 4 5 }324122
343	0.5629537256737882	0.7378173441498852	0.22858055408794858	1.0328642567755433	[377, 162, 1549, 232, 10, 438, 1580, 301]	{2 5 5 1 }291414
344	0.5640040611871913	0.7385374503213487	0.22858055408794858	0.8414123030886097	[320, 232, 10, 107, 162, 420, 158, 318]	{1 6 5 5 }295908
345	0.5650518724720273	0.7393581684251112	0.22858055408794858	0.7190876432853712	[1265, 415, 10, 734, 19, 132, 241, 1126]	{5 3 7 2 }326386
346	0.5660971655946722	0.7405794181565637	0.22858055408794858	0.8844014569853184	[394, 193, 1265, 415, 733, 734, 19, 132]	{4 1 7 7 }341689
347	0.5671399466069225	0.7413937266235666	0.22858055408794858	0.962436405121737	[394, 193, 232, 10, 301, 1580, 438, 3366]	{7 7 5 3 }299545
348	0.568180221546031	0.7423407710817322	0.22858055408794858	0.7410592884839474	[1265, 193, 232, 10, 734, 19, 400, 4079]	{1 6 3 5 }319960
349	0.569217996434741	0.7433971363606428	0.22858055408794858	0.4798413711438436	[2636, 162, 1549, 107, 10, 158, 420, 1791]	{3 2 3 5 }294486
350	0.5702532772813219	0.7444491706958989	0.22858055408794858	0.7961510226531423	[1742, 1743, 193, 232, 10, 158, 420, 1791]	{6 8 8 6 }333570
351	0.5712860700796036	0.7454968918437381	0.22858055408794858	0.8594132670874113	[1265, 415, 733, 734, 19, 132, 241, 1126]	{1 4 2 8 }331519
352	0.5723163808090113	0.7466893782938664	0.22858055408794858	0.6980097920181575	[1579, 1580, 438, 2729, 301, 2728, 496, 3366]	{4 3 3 3 }319706
353	0.5733442154346	0.747727914917115	0.22858055408794858	0.5486569155892225	[19, 734, 10, 232, 1792, 496, 2728, 301]	{2 7 4 5 }294901
354	0.5743695799070891	0.7487621936915985	0.22858055408794858	0.6328168484142378	[1549, 162, 10, 232, 1792, 496, 2728, 301]	{1 4 4 6 }315754
355	0.5753924801628971	0.7494522389359757	0.22858055408794858	0.6872065200411286	[107, 162, 420, 158, 10, 734, 19, 3308]	{5 3 7 7 }291107
356	0.5764129221241756	0.750479448233341	0.22858055408794858	0.4629630727915729	[1799, 232, 10, 734, 19, 132, 241, 1126]	{6 2 8 4 }319896
357	0.5774309116988436	0.7513745713862029	0.22858055408794858	0.6637622058578585	[377, 162, 10, 734, 19, 132, 1032, 370]	{8 3 7 1 }358012
358	0.5784464547806221	0.7523938994007455	0.22858055408794858	0.7260488631284274	[1579, 1580, 438, 3366, 496, 1792, 232, 10]	{4 8 5 6 }290690
359	0.5794595572490676	0.7531711227912985	0.22858055408794858	0.8012728503929332	[421, 438, 1580, 301, 10, 158, 420, 1791]	{1 1 2 2 }294244
360	0.580470224969607	0.7543276512663497	0.22858055408794858	0.8863658667879466	[1799, 1019, 10, 232, 1792, 496, 2728, 301]	{8 3 1 7 }337375
361	0.5814784637935708	0.7554787607720779	0.22858055408794858	0.7749692303191569	[421, 438, 2627, 301, 10, 734, 19, 132]	{3 7 5 1 }295504
362	0.582484279558227	0.7560664087087601	0.22858055408794858	0.26129515566389994	[1549, 162, 107, 10, 734, 19, 132, 241]	{3 7 8 5 }294447
363	0.5834876780868156	0.7567363923274188	0.22858055408794858	0.4411100299132249	[2636, 162, 1549, 107, 10, 734, 19, 132]	{1 6 5 6 }333742
364	0.5844886651885814	0.7574045357811094	0.22858055408794858	0.47476898425025754	[377, 162, 1549, 107, 10, 734, 19, 1987]	{2 7 1 8 }321909
365	0.5854872466588084	0.7587036130572264	0.22858055408794858	1.1773881283744942	[1743, 1742, 400, 19, 132, 1720, 241, 89]	{4 4 3 1 }292300
366	0.5864834282788529	0.7592835108377363	0.22858055408794858	0.6057148240511083	[1549, 162, 10, 734, 19, 132, 1032, 370]	{8 6 7 8 }319891
367	0.5874772158161772	0.7604113994271054	0.22858055408794858	0.9950779848369907	[2872, 241, 132, 217, 261, 2627, 438, 3366]	{1 4 6 5 }291555
368	0.5884686150243825	0.7612708929718902	0.22858055408794858	0.6431557109813357	[2047, 232, 10, 734, 19, 132, 241, 2545]	{3 8 2 6 }298239
369	0.5894576316432434	0.7621273031932123	0.22858055408794858	0.7360273749930983	[1019, 1799, 232, 10, 734, 19, 241, 1031]	{5 3 5 2 }315057
370	0.5904442713987395	0.7631025465747999	0.22858055408794858	0.8070412521005097	[1794, 1791, 420, 158, 10, 494, 2229, 1529]	{1 8 5 7 }292014
371	0.5914285400030896	0.7640737916006868	0.22858055408794858	0.5954285011384068	[420, 158, 10, 232, 1792, 496, 2729, 301]	{8 8 3 7 }350291
372	0.5924104431547851	0.7650410546635483	0.22858055408794858	1.2081610710395325	[1820, 10, 232, 193, 1265, 87, 1529, 156]	{7 7 4 1 }358541
373	0.5933899865386218	0.7658839399106896	0.22858055408794858	0.5873657943135415	[377, 162, 420, 158, 10, 734, 19, 132]	{5 1 7 5 }294073
374	0.5943671758257337	0.766526958874558	0.2207872834051713	0.2207872834051713	[320, 232, 10, 734, 19, 132, 241, 1031]	{7 5 4 2 }341275
375	0.5953420166736256	0.7674841643092013	0.2207872834051713	0.9813082799649558	[2309, 420, 162, 107, 10, 734, 2229, 1529]	{5 6 8 8 }317586
376	0.596314514726206	0.7683182852121099	0.2207872834051713	0.8195832568849986	[420, 158, 10, 232, 193, 1265, 808, 331]	{7 8 4 4 }289806
377	0.5972846756138193	0.7692681464698955	0.2207872834051713	0.9228473807437476	[1580, 438, 2627, 301, 10, 494, 2229, 1529]	{8 6 8 4 }295202
378	0.5982525049532789	0.7699924024275444	0.2207872834051713	0.5957011110120926	[1580, 438, 2627, 301, 10, 734, 19, 132]	{3 7 5 6 }319191
379	0.5992180083478995	0.7708175253461318	0.2207872834051713	0.7582251959835512	[1582, 420, 162, 10, 734, 19, 132, 241]	{5 1 4 6 }328599
380	0.6001811913875297	0.7717571400836887	0.2207872834051713	0.7572409190152881	[107, 10, 734, 19, 132, 241, 4018, 2197]	{5 1 2 4 }325700
381	0.6011420596485841	0.772384027821496	0.2207872834051713	0.740837906471948	[2047, 232, 10, 107, 162, 1583, 1013, 156]	{5 7 6 4 }360702
382	0.6021006186940759	0.7730985031805941	0.2207872834051713	0.32335263409066817	[320, 232, 10, 734, 19, 132, 241, 2872]	{8 5 7 2 }326930
383	0.6030568740736487	0.7736438063078686	0.2207872834051713	0.8305462837641712	[107, 162, 420, 158, 10, 734, 2229, 494]	{8 8 5 1 }338563
384	0.604010831323609	0.7745718337054766	0.2207872834051713	0.5486569155892225	[19, 734, 10, 232, 1792, 496, 2729, 301]	{2 4 5 5 }317316
385	0.6049624959669582	0.7754960563260354	0.2207872834051713	1.0317001798119438	[1580, 438, 2627, 301, 2636, 162, 107, 10]	{8 6 8 8 }323305
386	0.6059118735134243	0.7762007631804807	0.2207872834051713	0.7455390592603358	[377, 162, 107, 10, 734, 19, 241, 1729]	{6 5 4 2 }300781
387	0.6068589694594942	0.7771183074276453	0.2207872834051713	1.076034861421998	[1820, 10, 107, 1549, 162, 837, 420, 1791]	{7 5 5 7 }313769
388	0.6078037892884451	0.7776539499230699	0.2207872834051713	0.5315505787187041	[320, 232, 10, 734, 19, 241, 132, 168]	{1 7 5 3 }345072
389	0.6087463384703768	0.7783518832554821	0.2207872834051713	0.6997073808099048	[734, 10, 107, 1549, 162, 1583, 1013, 156]	{4 4 1 3 }298423
390	0.6096866224622426	0.7793904260765466	0.2207872834051713	0.8922053832921163	[1580, 438, 2627, 301, 10, 734, 2229, 1529]	{1 6 1 3 }316264
391	0.6106246467078815	0.7800829086955865	0.2207872834051713	0.554445230212033	[320, 232, 10, 107, 1549, 162, 420, 1791]	{8 4 8 7 }291088
392	0.6115604166380499	0.7812605452885177	0.2207872834051713	0.739454418296801	[846, 10, 734, 19, 132, 1032, 370, 4612]	{7 5 1 2 }325011
393	0.612493937670452	0.7818613311443537	0.2207872834051713	0.7495075727986249	[377, 162, 1549, 232, 10, 734, 19, 1987]	{8 6 6 6 }322398
394	0.6134252152097724	0.7827556678880221	0.2207872834051713	1.0410143069157323	[107, 1549, 162, 846, 10, 494, 2229, 1529]	{8 7 7 8 }292020
395	0.6143542546477068	0.7836463379814113	0.2207872834051713	0.5826289272877523	[1879, 496, 1792, 232, 10, 158, 420, 1791]	{6 3 1 7 }348312
396	0.6152810613629928	0.784660073382373	0.2207872834051713	0.9322496320358722	[87, 1265, 808, 331, 241, 132, 19, 1987]	{4 5 4 7 }321236
397	0.616205640721442	0.7858131996628268	0.2207872834051713	0.7509362647001303	[1580, 438, 2627, 261, 217, 132, 241, 1126]	{4 6 6 4 }331603
398	0.6171279980759704	0.7868167821300459	0.2207872834051713	1.1495008936853168	[87, 415, 733, 734, 10, 494, 2229, 1529]	{6 6 8 6 }299230
399	0.6180481387666295	0.7876908022470419	0.2207872834051713	0.6923368502348177	[394, 193, 232, 10, 734, 19, 241, 1126]	{7 5 5 1 }328528
400	0.6189660681206373	0.7882739268746592	0.2207872834051713	0.46105833933866197	[377, 162, 107, 10, 734, 19, 132, 217]	{6 4 8 1 }321198
401	0.6198817914524092	0.789141972910614	0.2207872834051713	0.6311987620344006	[1579, 1580, 438, 10, 734, 19, 132, 217]	{4 7 3 3 }297913
402	0.6207953140635885	0.7897211117789626	0.2207872834051713	0.8224767232255575	[157, 320, 232, 10, 734, 19, 132, 168]	{4 2 1 4 }317409
403	0.6217066412430774	0.7907063835375994	0.2207872834051713	1.2000593639920567	[394, 193, 1265, 415, 10, 107, 162, 3284]	{6 3 7 3 }294997
404	0.6226157782670674	0.7914571976910438	0.2207872834051713	1.0083552754517322	[160, 837, 162, 1549, 107, 10, 232, 2047]	{7 5 4 6 }339558
405	0.6235227303990702	0.7923121927806851	0.2207872834051713	1.2087175615496135	[2238, 1549, 107, 162, 1583, 1013, 156, 1540]	{4 5 5 4 }363966
406	0.6244275028899477	0.7932853239057236	0.2207872834051713	1.0117046962975003	[160, 87, 1265, 193, 394, 432, 422, 19]	{5 5 7 7 }384281
407	0.6253301009779426	0.7943922627317178	0.2207872834051713	1.022625267079066	[2047, 232, 193, 1265, 87, 1529, 2229, 494]	{8 5 8 2 }298039
408	0.6262305298887088	0.7952352244825444	0.2207872834051713	0.8987150824336676	[1807, 157, 320, 232, 10, 734, 19, 400]	{2 5 4 6 }319578
409	0.6271287948353417	0.7963317217632352	0.2207872834051713	1.1994136955482548	[1743, 1742, 400, 19, 132, 1587, 241, 1126]	{4 7 8 2 }329158
410	0.6280249010184079	0.7974223473978701	0.2207872834051713	0.9464079389649209	[421, 438, 2627, 261, 217, 132, 19, 3308]	{5 6 2 7 }297816
411	0.6289188536259762	0.798149068887594	0.2207872834051713	0.768309910869891	[1726, 132, 19, 734, 10, 494, 2229, 1529]	{2 4 7 4 }371637
412	0.629810657833647	0.7987034690279784	0.2207872834051713	0.5456471171493534	[837, 162, 107, 10, 734, 19, 132, 217]	{2 8 4 8 }341177
413	0.6307003188045821	0.7994255946572626	0.2207872834051713	0.9709803642708478	[394, 193, 1265, 87, 160, 320, 232, 10]	{5 6 5 6 }294222
414	0.6315878416895351	0.8001451297529596	0.2207872834051713	0.3441138700103165	[1849, 420, 158, 10, 734, 19, 132, 241]	{6 1 7 2 }373468
415	0.6324732316268808	0.8009645055876095	0.2207872834051713	0.9605893315831444	[377, 162, 10, 232, 193, 1265, 87, 1815]	{8 8 3 7 }323518
416	0.6333564937426458	0.8017805221007798	0.2207872834051713	0.7613660933516148	[2238, 1549, 162, 107, 10, 734, 2229, 1529]	{6 6 7 5 }339267
417	0.6342376331505366	0.8024027233079132	0.2207872834051713	0.4596471859326845	[2051, 1849, 420, 158, 10, 734, 19, 132]	{1 7 5 1 }318138
418	0.6351166549519708	0.8031115783343118	0.2207872834051713	0.7795583161299493	[320, 232, 1549, 162, 10, 158, 420, 1791]	{6 4 5 2 }294684
419	0.6359935642361056	0.8038178904337183	0.2207872834051713	0.7678701468856888	[87, 1265, 415, 733, 734, 10, 232, 2047]	{7 7 8 5 }334175
420	0.6368683660798682	0.8046222084849649	0.2207872834051713	1.2377280843437601	[1580, 438, 2021, 232, 10, 158, 420, 1791]	{7 2 2 5 }318024
421	0.6377410655479837	0.805423228949449	0.2207872834051713	0.7391037230542011	[1791, 420, 158, 10, 734, 2229, 494, 2626]	{7 8 1 4 }328534
422	0.6386116676930063	0.8060339958786673	0.2207872834051713	0.7818964741513493	[1529, 2229, 494, 10, 734, 19, 241, 1031]	{2 4 4 3 }336404
423	0.6394801775553467	0.8067298241778909	0.2207872834051713	0.7444844515535107	[1580, 438, 2627, 301, 10, 734, 19, 1460]	{2 4 1 7 }320448
424	0.6403466001633031	0.8074231562818445	0.2207872834051713	0.9086909806823629	[1791, 420, 158, 10, 734, 19, 123, 2388]	{5 6 6 5 }330409
425	0.641210940533089	0.8080276455373772	0.2207872834051713	0.6853742970113494	[2654, 232, 10, 734, 19, 132, 241, 89]	{5 7 8 4 }295720
426	0.6420732036688623	0.8088147042063657	0.2207872834051713	1.0890784666044824	[1791, 420, 158, 10, 415, 1265, 87, 1529]	{8 7 7 4 }311604
427	0.642933394562755	0.8095005570691458	0.2207872834051713	0.6034688569297676	[2636, 162, 107, 10, 734, 19, 132, 168]	{7 2 6 6 }293635
428	0.6437915181949017	0.8102815770155642	0.2207872834051713	1.0445352384404085	[1743, 1742, 400, 19, 241, 132, 1714, 2168]	{7 7 5 4 }345819
429	0.6446475795334683	0.8111705117338378	0.2207872834051713	0.8918934608194791	[1579, 1580, 438, 2729, 496, 217, 132, 241]	{4 6 6 3 }369120
430	0.6455015835346811	0.8118479134375988	0.2207872834051713	0.9847686685924685	[377, 162, 1549, 232, 10, 494, 2229, 1529]	{3 3 3 8 }290845
431	0.6463535351428551	0.8125228850491507	0.2207872834051713	0.8918934608194791	[1579, 1580, 438, 2729, 496, 217, 132, 241]	{6 6 4 5 }295743
432	0.6472034392904229	0.8131113665065159	0.2207872834051713	0.7341274891870625	[1743, 193, 232, 10, 734, 19, 132, 241]	{6 5 7 4 }322334
433	0.6480513008979631	0.8138775826605982	0.2207872834051713	0.964735938712218	[1265, 193, 1743, 1742, 400, 19, 132, 241]	{7 5 6 8 }291902
434	0.6488971248742291	0.814640657440142	0.2207872834051713	0.597469793671439	[1807, 157, 10, 734, 19, 132, 241, 1031]	{1 8 6 7 }299158
435	0.6497409161161771	0.8155091674792084	0.2207872834051713	1.102331390446786	[421, 438, 1580, 301, 2627, 261, 217, 241]	{2 8 7 5 }317800
436	0.6505826795089948	0.8163736080730688	0.2207872834051713	0.7965154077871777	[1529, 2229, 494, 10, 734, 19, 422, 432]	{8 3 8 7 }344751
437	0.6514224199261295	0.8172339982893029	0.2207872834051713	0.8100441126447798	[320, 232, 193, 394, 432, 422, 19, 132]	{6 3 1 3 }353741
438	0.652260142229316	0.8179833122540425	0.2207872834051713	0.641921615407157	[107, 162, 10, 232, 1792, 496, 2728, 301]	{6 2 1 1 }374413
439	0.6530958512686056	0.818729554140756	0.2207872834051713	0.870746111759105	[1849, 420, 158, 10, 734, 19, 132, 239]	{5 7 6 1 }297261
440	0.6539295518823933	0.8194727365445157	0.2207872834051713	0.7428955824473233	[1529, 2229, 494, 10, 734, 19, 132, 168]	{6 5 3 3 }299728
441	0.6547612488974466	0.8203186056465042	0.2207872834051713	0.8739216991900464	[734, 10, 301, 2729, 496, 1792, 232, 2047]	{2 6 4 1 }365486
442	0.6555909471289323	0.8210552731707303	0.2207872834051713	0.8630047887241346	[1792, 496, 2729, 301, 10, 158, 420, 1791]	{5 6 2 1 }320167
443	0.6564186513804459	0.8217889204654932	0.2207872834051713	1.0541693953676838	[1468, 2307, 420, 158, 10, 734, 2229, 494]	{4 8 4 8 }298544
444	0.6572443664440382	0.8223483162927151	0.2207872834051713	0.7789692341631549	[2149, 420, 158, 10, 734, 19, 241, 2872]	{6 4 6 7 }358236
445	0.6580680971002433	0.8230766622991681	0.2207872834051713	0.641921615407157	[107, 162, 10, 232, 1792, 496, 2729, 301]	{5 7 3 2 }323397
446	0.6588898481181069	0.8238020221931674	0.2207872834051713	0.6011893097203033	[837, 162, 10, 734, 19, 132, 241, 2872]	{3 5 4 1 }292849
447	0.6597096242552133	0.8245244082173391	0.2207872834051713	0.7678701468856888	[87, 1265, 415, 733, 734, 10, 232, 2047]	{7 7 8 1 }358008
448	0.6605274302577127	0.8254640645070064	0.2207872834051713	1.271380266323695	[87, 1265, 808, 331, 241, 132, 19, 786]	{7 6 7 4 }290757
449	0.6613432708603496	0.8260901899133508	0.2207872834051713	0.6458327436661084	[3284, 162, 107, 10, 734, 19, 132, 241]	{1 6 7 4 }291964
450	0.6621571507864894	0.8269050526220034	0.2207872834051713	0.6806215359510435	[1579, 1580, 438, 2729, 301, 2627, 261, 217]	{6 8 8 4 }315716
451	0.662969074748146	0.8273210446601509	0.2207872834051713	0.5293184125067912	[1549, 162, 420, 158, 10, 734, 19, 132]	{5 7 1 3 }294682
452	0.6637790474460092	0.8281301401401898	0.2207872834051713	0.6483144077034084	[394, 193, 232, 10, 734, 19, 422, 432]	{3 2 8 3 }294018
453	0.664587073569472	0.8288347815116995	0.2207872834051713	0.9553110795261196	[3621, 1720, 241, 132, 19, 734, 2229, 1529]	{1 3 4 7 }322583
454	0.6653931577966572	0.8295365339563036	0.2207872834051713	0.8100441126447798	[320, 232, 193, 394, 432, 422, 19, 132]	{8 1 8 4 }292823
455	0.666197304794445	0.830235409318181	0.2207872834051713	0.3850903346964476	[193, 232, 10, 734, 19, 132, 241, 1031]	{2 1 7 6 }342179
456	0.6669995192185001	0.8307682920316772	0.2207872834051713	0.5192845589394408	[2636, 162, 107, 10, 734, 19, 132, 217]	{3 8 1 6 }366256
457	0.6677998057132982	0.831299502052504	0.2207872834051713	0.6266441174695252	[1799, 232, 10, 734, 19, 132, 241, 217]	{5 4 8 1 }297670
458	0.6685981689121532	0.8320899562807046	0.2207872834051713	1.2734928430150745	[1265, 193, 232, 10, 157, 2149, 420, 1791]	{8 4 8 7 }289073
459	0.6693946134372437	0.8326923121454501	0.2207872834051713	0.9043160552797666	[320, 232, 10, 494, 2229, 734, 19, 400]	{8 6 7 6 }308956
460	0.6701891438996405	0.8331518364346014	0.2207872834051713	0.6369276497424543	[1580, 301, 10, 734, 19, 132, 241, 1031]	{7 6 2 4 }291554
461	0.6709817648993324	0.8337503829397388	0.2207872834051713	0.7706541293778734	[837, 162, 107, 10, 232, 1792, 496, 3366]	{8 6 2 7 }342939
462	0.6717724810252532	0.8345293534486633	0.2207872834051713	0.7197266152812417	[1549, 162, 1583, 1579, 1580, 438, 2627, 301]	{7 8 8 8 }365236
463	0.6725612968553089	0.8350487576823973	0.2207872834051713	0.46105833933866197	[377, 162, 107, 10, 734, 19, 132, 217]	{1 5 6 4 }299032
464	0.6733482169564027	0.8355018098005792	0.2207872834051713	0.81415824798488	[2047, 232, 1549, 162, 10, 734, 19, 132]	{1 6 8 6 }338679
465	0.6741332458844631	0.836018161541579	0.2207872834051713	0.78754854553412	[3284, 162, 107, 10, 734, 19, 132, 217]	{5 2 4 4 }314426
466	0.6749163881844692	0.8367865062657178	0.2207872834051713	0.5895170305537488	[1579, 1580, 301, 2728, 496, 1792, 232, 10]	{7 5 5 6 }296040
467	0.6756976483904773	0.8372988254076014	0.2207872834051713	0.7189723453766866	[107, 162, 10, 734, 19, 132, 1714, 2168]	{7 2 3 6 }295300
468	0.6764770310256473	0.8381700758219118	0.2207872834051713	0.573962807042313	[320, 232, 1792, 496, 2729, 438, 2627, 301]	{1 7 3 8 }318375
469	0.6772545406022688	0.8386145549837779	0.2207872834051713	1.1097693945070908	[377, 162, 420, 158, 10, 734, 811, 3284]	{7 2 4 4 }349473
470	0.6780301816217869	0.8393707341826253	0.2207872834051713	0.720740839852452	[1580, 438, 2729, 301, 10, 734, 19, 1987]	{1 2 2 6 }387088
471	0.678803958574829	0.8398749415599818	0.2207872834051713	0.4358605586643549	[87, 1265, 193, 232, 10, 734, 19, 132]	{4 8 6 6 }353159
472	0.6795758759412301	0.8405314309577405	0.2207872834051713	0.9364088486339316	[1265, 193, 232, 10, 162, 1583, 1013, 156]	{7 1 1 3 }292860
473	0.6803459381900592	0.8411035041088009	0.2207872834051713	0.6128421852987456	[1019, 1799, 232, 10, 734, 19, 132, 217]	{2 6 1 6 }297876
474	0.6811141497796445	0.8414853735866888	0.2207872834051713	0.3850903346964476	[193, 232, 10, 734, 19, 132, 241, 1031]	{2 8 7 6 }367121
475	0.6818805151576002	0.8420540245902443	0.2207872834051713	0.8362583808680021	[2238, 1549, 162, 10, 232, 1792, 496, 3366]	{5 5 8 1 }292232
476	0.6826450387608515	0.8425498092507799	0.2207872834051713	0.8855258637450084	[1849, 420, 158, 10, 162, 1583, 1013, 156]	{2 2 1 7 }339255
477	0.6834077250156605	0.8432875496280929	0.2207872834051713	0.6770712723003275	[734, 10, 232, 1792, 496, 2729, 438, 3366]	{6 8 1 8 }331872
478	0.6841685783376521	0.8437794623141097	0.2207872834051713	0.9373863503911688	[320, 232, 10, 1820, 733, 734, 19, 1987]	{5 8 3 8 }348090
479	0.6849276031318388	0.8443398835669689	0.2207872834051713	0.6128421852987456	[1019, 1799, 232, 10, 734, 19, 132, 217]	{3 2 1 8 }296901
480	0.6856848037926471	0.8450692364657075	0.2207872834051713	0.8908109980278565	[87, 1265, 415, 10, 734, 19, 422, 432]	{8 1 6 7 }326710
481	0.6864401847039425	0.8455555565242345	0.2207872834051713	0.7630723357147298	[377, 162, 10, 734, 19, 132, 241, 2197]	{3 6 4 1 }322554
482	0.687193750239055	0.8461887562287179	0.2207872834051713	0.9541266711408373	[377, 162, 1549, 232, 10, 734, 2229, 1529]	{2 2 3 5 }294548
483	0.6879455047608041	0.8466715621696852	0.2207872834051713	0.8427797378712145	[1089, 836, 320, 232, 10, 734, 19, 1460]	{4 5 8 8 }331439
484	0.6886954526215245	0.8471528526065131	0.2207872834051713	0.6209507729687634	[837, 162, 1549, 107, 10, 734, 19, 400]	{4 6 8 4 }370189
485	0.6894435981630911	0.8477011722519776	0.2207872834051713	1.0083552754517322	[160, 837, 162, 1549, 107, 10, 232, 2047]	{1 1 5 1 }297693
486	0.6901899457169443	0.8481194734756508	0.2207872834051713	0.7417881015156229	[420, 158, 10, 734, 19, 132, 1032, 1729]	{5 4 2 6 }291401
487	0.6909344996041143	0.8488311169256295	0.2207872834051713	0.9777516323391416	[1792, 496, 2728, 301, 10, 734, 19, 400]	{2 6 7 2 }295496
488	0.6916772641352477	0.8492463146635656	0.2207872834051713	0.5706569657515563	[377, 162, 107, 10, 734, 19, 132, 1715]	{4 7 5 5 }335127
489	0.6924182436106306	0.849719523078754	0.2207872834051713	0.7153830600247274	[1579, 1580, 438, 10, 734, 19, 132, 168]	{5 2 1 2 }294358
490	0.6931574423202151	0.8501322807363135	0.2207872834051713	0.4321472194956394	[1582, 420, 158, 10, 734, 19, 132, 241]	{5 1 3 7 }334614
491	0.6938948645436429	0.8507467165386884	0.2207872834051713	0.7205621479966758	[1529, 2229, 494, 10, 734, 19, 132, 1031]	{5 3 2 1 }289534
492	0.6946305145502709	0.8512821436556972	0.2207872834051713	0.613645161613009	[2238, 1549, 162, 107, 10, 734, 19, 1460]	{7 3 2 4 }290915
493	0.6953643965991958	0.8517489617036529	0.2207872834051713	0.6286783229102727	[1794, 1791, 420, 158, 10, 734, 19, 1460]	{1 3 4 1 }297521
494	0.6960965149392779	0.8524435990134547	0.2207872834051713	1.152960948985444	[1917, 10, 734, 19, 400, 654, 493, 217]	{3 6 1 8 }287043
495	0.6968268738091672	0.8529729387810243	0.2207872834051713	0.5438455811244645	[2047, 232, 10, 734, 19, 132, 1032, 370]	{2 1 6 5 }296016
496	0.6975554774373266	0.8534344495061118	0.2207872834051713	0.8417625898440853	[2149, 420, 158, 10, 232, 193, 394, 432]	{8 7 5 7 }296010
497	0.6982823300420571	0.8540353468978962	0.2207872834051713	0.901475807742669	[377, 162, 1549, 107, 10, 734, 19, 784]	{7 3 3 6 }327301
498	0.6990074358315221	0.8544935227760766	0.2207872834051713	0.83612705090194	[1579, 1580, 301, 10, 734, 19, 241, 1031]	{5 7 7 2 }329875
499	0.6997307990037714	0.8550155087036178	0.2207872834051713	0.6483144077034084	[394, 193, 232, 10, 734, 19, 422, 432]	{2 1 2 8 }335991
