0	0.015432098765432056	0.532	
1	0.030626047858558048	1.041	
2	0.045585522428642	1.597	
3	0.06031414090968146	2.099	
4	0.07481546589564314	2.599	
5	0.08909300500219186	3.16	
6	0.10315021171512095	3.73	
7	0.11699048622569008	4.28	
8	0.13061717625307134	4.835	
9	0.1440335778541042	5.366	
10	0.1572429362205532	5.922	
11	0.17024844646406312	6.471	
12	0.18305325438900033	7.026	
13	0.19566045725336756	7.586	
14	0.208073104517976	8.125	
15	0.22029419858405663	8.684	
16	0.2323266955194878	9.237	
17	0.2441735057738167	9.788	
18	0.2558374948822454	10.341	
19	0.2673214841587539	10.854	
20	0.2786282513785262	11.525	
21	0.28976053144984526	12.053	
22	0.30072101707561927	12.564	
23	0.31151235940469924	13.08	
24	0.32213716867314524	13.593	
25	0.3325980148355967	14.104	
26	0.34289742818689917	14.616	
27	0.35303789997413837	15.129	
28	0.3630218829992288	15.646	
29	0.37285179221220366	16.164	
30	0.38253000529534864	16.684	
31	0.3920588632383216	17.297	
32	0.40144067090439683	17.855	
33	0.4106776975879709	18.414	
34	0.4197721775634652	18.97	
35	0.4287263106257574	19.53	
36	0.43754226262227347	20.085	
37	0.44622216597686803	20.64	
38	0.4547681202056201	21.195	
39	0.46318219242466907	21.757	
40	0.47146641785021426	22.315	
41	0.4796228002907974	22.875	
42	0.48765331263198874	23.432	
43	0.49555989731359384	23.986	
44	0.5033444667994951	24.54	
45	0.5110089040402437	25.099	
46	0.5185550629285114	25.649	
47	0.5259847687475159	26.207	
48	0.5332998186125233	26.769	
49	0.5405019819055399	27.322	
50	0.5475930007032939	27.88	
51	0.5545745901986134	28.432	
52	0.5614484391153014	28.984	
53	0.5682162101166085	29.535	
54	0.5748795402074016	30.094	
55	0.5814400411301268	30.65	
56	0.5878992997546619	31.208	
57	0.5942588784621516	31.773	
58	0.6005203155229208	32.333	
59	0.6066851254685548	32.902	
60	0.6127547994582376	33.457	
61	0.6187308056394376	34.01	
62	0.6246145895030265	34.563	
63	0.630407574232918	35.114	
64	0.6361111610503113	35.674	
65	0.6417267295526212	36.234	
66	0.6472556380471796	36.79	
67	0.6526992238797849	37.343	
68	0.6580588037581832	37.894	
69	0.6633356740705569	38.452	
70	0.6685311111990977	39.016	
71	0.6736463718287411	39.571	
72	0.6786826932511372	40.133	
73	0.6836412936639282	40.692	
74	0.6885233724654107	41.25	
75	0.6933301105446482	41.8	
76	0.6980626705671074	42.358	
77	0.7027221972558866	42.918	
78	0.7073098176686043	43.473	
79	0.7118266414700147	44.03	
80	0.7162737612004157	44.584	
81	0.7206522525399155	45.141	
82	0.7249631745686205	45.699	
83	0.7292075700228084	46.254	
84	0.7333864655471478	46.813	
85	0.7375008719430252	47.371	
86	0.7415517844130401	47.929	
87	0.7455401828017278	48.485	
88	0.7494670318325654	49.046	
89	0.753333281341322	49.598	
90	0.7571398665058078	50.155	
91	0.7608877080720762	50.708	
92	0.7645777125771367	51.263	
93	0.7682107725682302	51.823	
94	0.7717877668187205	52.38	
95	0.7753095605406538	52.935	
96	0.7787770055940388	53.492	
97	0.7821909406928962	54.047	
98	0.7855521916081293	54.607	
99	0.7888615713672631	55.17	
100	0.7921198804511016	55.729	
101	0.79532790698735	56.284	
102	0.7984864269412489	56.897	
103	0.8015962043032667	57.516	
104	0.8046579912738953	58.033	
105	0.8076725284455943	58.64	
106	0.8106405449819278	59.162	
107	0.8135627587939351	59.719	
108	0.8164398767137817	60.276	
109	0.8192725946657295	60.828	
110	0.8220615978344683	61.37	
111	0.8248075608308499	61.892	
112	0.8275111478550652	62.412	
113	0.8301730128573019	63.047	
114	0.8327937996959238	63.563	
115	0.8353741422932088	64.081	
116	0.837914664788684	64.619	
117	0.8404159816900932	65.14	
118	0.8428786980220363	65.661	
119	0.8453034094723135	66.184	
120	0.8476907025360123	66.706	
121	0.8500411546573702	67.231	
122	0.8523553343694478	67.752	
123	0.8546338014316477	68.274	
124	0.8568771069651099	68.796	
125	0.8590857935860187	69.318	
126	0.8612603955368516	69.839	
127	0.8634014388156039	70.407	
128	0.8655094413030175	70.929	
129	0.8675849128878474	71.473	
130	0.8696283555901955	71.991	
131	0.8716402636829393	72.511	
132	0.8736211238112891	73.03	
133	0.8755714151104975	73.554	
134	0.8774916093217553	74.079	
135	0.8793821709062961	74.595	
136	0.8812435571577422	75.121	
137	0.8830762183127152	75.666	
138	0.8848805976597413	76.2	
139	0.8866571316464736	76.717	
140	0.8884062499852626	77.236	
141	0.890128375757095	77.811	
142	0.89182392551393	78.332	
143	0.8934933093794557	78.854	
144	0.8951369311482913	79.37	
145	0.8967551883836571	79.888	
146	0.898348472513539	80.406	
147	0.8999171689253671	80.918	
148	0.9014616570592349	81.429	
149	0.9029823104996788	81.942	
150	0.9044794970660417	82.458	
151	0.9059535789014423	82.974	
152	0.9074049125603707	83.495	
153	0.9088338490949328	84.016	
154	0.9102407341397641	84.535	
155	0.9116259079956319	85.054	
156	0.9129897057117488	85.572	
157	0.9143324571668143	86.09	
158	0.9156544871488079	86.607	
159	0.9169561154335486	87.083	
160	0.9182376568620432	87.562	
161	0.9194994214166413	88.04	
162	0.9207417142960141	88.517	
163	0.9219648359889768	88.993	
164	0.9231690823471717	89.47	
165	0.9243547446566289	89.952	
166	0.9255221097082241	90.428	
167	0.9266714598670478	90.905	
168	0.9278030731407044	91.382	
169	0.9289172232465578	91.859	
170	0.9300141796779381	92.333	
171	0.9310942077693279	92.808	
172	0.932157568760542	93.285	
173	0.9332045198599164	93.759	
174	0.9342353143065225	94.234	
175	0.9352502014314219	94.71	
176	0.936249426717974	95.187	
177	0.9372332318612151	95.661	
178	0.9382018548263199	96.137	
179	0.9391555299061606	96.612	
180	0.9400944877779791	97.087	
181	0.9410189555591831	97.565	
182	0.9419291568622822	98.046	
183	0.9428253118489753	98.523	
184	0.9437076372834047	98.996	
185	0.9445763465845868	99.472	
186	0.9454316498780345	99.948	
187	0.9462737540465833	100.445	
188	0.9471028627804323	100.918	
189	0.9479191766264133	101.392	
190	0.9487228930364995	101.867	
191	0.9495142064155659	102.341	
192	0.9502933081684121	102.817	
193	0.9510603867460601	103.292	
194	0.9518156276913369	103.768	
195	0.9525592136837545	104.242	
196	0.9532913245836966	104.719	
197	0.9540121374759235	105.197	
198	0.9547218267124061	105.672	
199	0.9554205639544987	106.149	
200	0.9561085182144601	106.625	
201	0.9567858558963357	107.098	
202	0.9574527408362071	107.576	
203	0.9581093343418212	108.053	
204	0.9587557952316079	108.528	
205	0.9593922798730954	109.002	
206	0.9600189422207328	109.477	
207	0.960635933853129	109.952	
208	0.9612434040097164	110.424	
209	0.9618414996268504	110.9	
210	0.9624303653733497	111.374	
211	0.9630101436854893	111.89	
212	0.963580974801454	112.365	
213	0.9641429967952587	112.838	
214	0.9646963456101467	113.313	
215	0.9652411550914716	113.814	
216	0.9657775570190723	114.288	
217	0.9663056811391484	114.762	
218	0.966825655195643	115.241	
219	0.9673376049611423	115.718	
220	0.9678416542672975	116.193	
221	0.9683379250347776	116.67	
222	0.9688265373027594	117.147	
223	0.9693076092579637	117.628	
224	0.969781257263242	118.104	
225	0.9702475958857228	118.577	
226	0.9707067379245234	119.051	
227	0.9711587944380339	119.523	
228	0.9716038747707803	120.018	
229	0.9720420865798731	120.494	
230	0.9724735358610479	120.968	
231	0.9728983269743033	121.442	
232	0.9733165626691443	121.922	
233	0.9737283441094353	122.396	
234	0.97413377089787	122.87	
235	0.9745329411000634	123.345	
236	0.9749259512682722	123.822	
237	0.9753128964647495	124.294	
238	0.975693870284738	124.772	
239	0.9760689648791093	125.247	
240	0.9764382709766539	125.723	
241	0.9768018779060265	126.2	
242	0.9771598736173532	126.676	
243	0.9775123447035052	127.166	
244	0.9778593764210437	127.64	
245	0.9782010527108425	128.113	
246	0.9785374562183912	128.588	
247	0.9788686683137864	129.059	
248	0.9791947691114131	129.547	
249	0.9795158374893234	130.022	
250	0.9798319511083153	130.501	
251	0.9801431864307178	130.98	
252	0.9804496187388858	131.455	
253	0.9807513221534092	132.02	
254	0.9810483696510417	132.494	
255	0.9813408330823528	133.051	
256	0.9816287831891066	133.553	
257	0.9819122896213734	134.032	
258	0.982191420954377	134.511	
259	0.982466244705081	134.999	
260	0.9827368273485212	135.477	
261	0.9830032343338835	135.971	
262	0.9832655301003359	136.445	
263	0.9835237780926147	136.922	
264	0.9837780407763707	137.394	
265	0.9840283796532785	137.868	
266	0.9842748552759131	138.343	
267	0.9845175272623958	138.841	
268	0.9847564543108157	139.327	
269	0.9849916942134266	139.798	
270	0.9852233038706267	140.275	
271	0.9854513393047221	140.75	
272	0.9856758556734764	141.224	
273	0.9858969072834536	141.71	
274	0.9861145476031533	142.214	
275	0.9863288292759441	142.694	
276	0.9865398041327968	143.166	
277	0.9867475232048216	143.685	
278	0.9869520367356114	144.17	
279	0.9871533941933952	144.649	
280	0.9873516442830033	145.124	
281	0.9875468349576483	145.602	
282	0.9877390134305241	146.08	
283	0.9879282261862259	146.553	
284	0.988114518991994	147.03	
285	0.9882979369087842	147.504	
286	0.9884785243021672	147.98	
287	0.9886563248530597	148.458	
288	0.9888313815682902	148.934	
289	0.9890037367910018	149.408	
290	0.9891734322108937	149.884	
291	0.9893405088743059	150.369	
292	0.9895050071941468	150.845	
293	0.9896669669596693	151.319	
294	0.9898264273460942	151.793	
295	0.9899834269240865	152.272	
296	0.9901380036690851	152.749	
297	0.9902901949704882	153.221	
298	0.9904400376406967	153.695	
299	0.9905875679240193	154.176	
300	0.9907328215054387	154.648	
301	0.9908758335192437	155.145	
302	0.991016638557527	155.616	
303	0.9911552706785528	156.086	
304	0.9912917634149948	156.559	
305	0.9914261497820474	157.032	
306	0.9915584622854109	157.508	
307	0.9916887329291545	157.985	
308	0.9918169932234577	158.465	
309	0.9919432741922315	158.94	
310	0.992067606380623	159.415	
311	0.9921900198624035	159.89	
312	0.992310544247243	160.365	
313	0.9924292086878719	160.841	
314	0.9925460418871331	161.319	
315	0.9926610721049243	161.798	
316	0.9927743271650334	162.272	
317	0.9928858344618694	162.757	
318	0.9929956209670875	163.233	
319	0.9931037132361139	163.709	
320	0.9932101374145689	164.187	
321	0.993314919244591	164.678	
322	0.9934180840710634	165.158	
323	0.9935196568477445	165.639	
324	0.993619662143304	166.12	
325	0.9937181241472653	166.602	
326	0.993815066675857	167.083	
327	0.9939105131777727	167.556	
328	0.9940044867398441	168.038	
329	0.9940970100926243	168.557	
330	0.9941881056158863	169.056	
331	0.9942777953440362	169.559	
332	0.9943661009714431	170.063	
333	0.9944530438576862	170.561	
334	0.9945386450327219	171.061	
335	0.99462292520197	171.568	
336	0.9947059047513224	172.078	
337	0.9947876037520735	172.64	
338	0.994868041965776	173.138	
339	0.9949472388490203	173.649	
340	0.9950252135581403	174.147	
341	0.995101984953848	174.646	
342	0.9951775716057949	175.14	
343	0.9952519917970635	175.64	
344	0.9953252635285903	176.136	
345	0.9953974045235194	176.634	
346	0.9954684322314897	177.158	
347	0.9955383638328557	177.656	
348	0.9956072162428424	178.154	
349	0.9956750061156381	178.653	
350	0.9957417498484215	179.154	
351	0.9958074635853286	179.653	
352	0.9958721632213574	180.151	
353	0.9959358644062131	180.648	
354	0.9959985825480925	181.149	
355	0.996060332817412	181.649	
356	0.9961211301504767	182.151	
357	0.9961809892530927	182.651	
358	0.9962399246041252	183.159	
359	0.9962979504589998	183.659	
360	0.9963550808531512	184.156	
361	0.9964113296054173	184.676	
362	0.9964667103213831	185.173	
363	0.9965212363966703	185.669	
364	0.9965749210201785	186.164	
365	0.9966277771772746	186.66	
366	0.9966798176529339	187.161	
367	0.9967310550348331	187.655	
368	0.9967815017163943	188.149	
369	0.9968311698997833	188.646	
370	0.9968800715988607	189.14	
371	0.9969282186420881	189.635	
372	0.9969756226753893	190.13	
373	0.9970222951649665	190.625	
374	0.9970682474000752	191.118	
375	0.9971134904957529	191.612	
376	0.9971580353955098	192.107	
377	0.9972018928739742	192.604	
378	0.9972450735394993	193.098	
379	0.9972875878367292	193.594	
380	0.9973294460491254	194.091	
381	0.9973706583014538	194.585	
382	0.9974112345622338	195.084	
383	0.9974511846461499	195.581	
384	0.9974905182164254	196.078	
385	0.9975292447871595	196.571	
386	0.9975673737256293	197.067	
387	0.9976049142545548	197.587	
388	0.9976418754543301	198.08	
389	0.9976782662652202	198.576	
390	0.9977140954895223	199.067	
391	0.9977493717936964	199.565	
392	0.9977841037104603	200.06	
393	0.9978182996408544	200.561	
394	0.9978519678562733	201.06	
395	0.9978851165004666	201.56	
396	0.9979177535915088	202.057	
397	0.9979498870237387	202.56	
398	0.9979815245696686	203.072	
399	0.9980126738818651	203.574	
400	0.9980433424947992	204.074	
401	0.9980735378266696	204.575	
402	0.9981032671811964	205.074	
403	0.9981325377493877	205.605	
404	0.9981613566112799	206.151	
405	0.998189730737649	206.644	
406	0.9982176669916977	207.138	
407	0.9982451721307147	207.634	
408	0.9982722528077098	208.13	
409	0.998298915573023	208.629	
410	0.9983251668759084	209.127	
411	0.998351013066095	209.623	
412	0.9983764603953219	210.118	
413	0.9984015150188509	210.639	
414	0.9984261829969551	211.148	
415	0.9984504702963848	211.643	
416	0.9984743827918109	212.176	
417	0.998497926267246	212.698	
418	0.9985211064174427	213.193	
419	0.9985439288492723	213.694	
420	0.9985663990830799	214.19	
421	0.99858852255402	214.684	
422	0.9986103046133715	215.268	
423	0.9986317505298319	215.766	
424	0.9986528654907912	216.264	
425	0.9986736546035877	216.756	
426	0.9986941228967422	217.25	
427	0.9987142753211752	217.746	
428	0.998734116751404	218.22	
429	0.9987536519867218	218.717	
430	0.9987728857523588	219.219	
431	0.9987918227006248	219.721	
432	0.9988104674120349	220.312	
433	0.9988288243964172	220.808	
434	0.9988468980940033	221.454	
435	0.9988646928765033	221.95	
436	0.9988822130481622	222.455	
437	0.9988994628468016	222.957	
438	0.9989164464448448	223.457	
439	0.9989331679503256	223.957	
440	0.9989496314078823	224.454	
441	0.9989658407997359	224.953	
442	0.9989818000466536	225.451	
443	0.9989975130088966	225.95	
444	0.9990129834871544	226.45	
445	0.9990282152234637	226.949	
446	0.999043211902114	227.444	
447	0.9990579771505381	227.947	
448	0.9990725145401903	228.448	
449	0.9990868275874096	228.947	
450	0.9991009197542706	229.443	
451	0.9991147944494208	229.942	
452	0.999128455028905	230.481	
453	0.9991419047969774	230.98	
454	0.9991551470069007	231.479	
455	0.9991681848617324	231.982	
456	0.9991810215151007	232.481	
457	0.9991936600719664	232.98	
458	0.9992061035893743	233.48	
459	0.9992183550771927	233.98	
460	0.999230417498841	234.478	
461	0.999242293772007	234.984	
462	0.9992539867693525	235.479	
463	0.9992654993192083	235.975	
464	0.9992768342062575	236.48	
465	0.9992879941722103	236.986	
466	0.9992989819164663	237.487	
467	0.9993098000967677	237.982	
468	0.9993204513298424	238.478	
469	0.9993309381920361	238.972	
470	0.9993412632199368	239.468	
471	0.9993514289109872	239.968	
472	0.9993614377240893	240.462	
473	0.9993712920801989	240.958	
474	0.999380994362912	241.456	
475	0.9993905469190398	241.955	
476	0.9993999520591781	242.451	
477	0.9994092120582648	242.949	
478	0.9994183291561312	243.445	
479	0.9994273055580427	243.94	
480	0.9994361434352333	244.443	
481	0.9994448449254304	244.942	
482	0.9994534121333712	245.439	
483	0.9994618471313131	245.935	
484	0.9994701519595336	246.5	
485	0.9994783286268247	247.041	
486	0.9994863791109787	247.538	
487	0.999494305359266	248.037	
488	0.999502109288907	248.531	
489	0.9995097927875349	249.029	
490	0.9995173577136532	249.525	
491	0.9995248058970845	250.02	
492	0.9995321391394135	250.515	
493	0.9995393592144225	251.008	
494	0.999546467868521	251.503	
495	0.9995534668211672	252.011	
496	0.9995603577652851	252.521	
497	0.9995671423676726	253.017	
498	0.999573822269406	253.518	
499	0.9995803990862362	254.011	
