0	0.015432098765432056	0.015432098765432056	0.22657955342078154	0.22657955342078154	[420, 158, 10, 734, 19, 132]	{3 6 5 3 }69063
1	0.030626047858558048	0.03731138545953361	0.22657955342078154	0.33159198238328924	[377, 162, 107, 10, 232, 2047]	{4 6 4 2 }61558
2	0.045585522428642	0.052167691239479064	0.1287673846844192	0.1287673846844192	[320, 232, 10, 734, 19, 132]	{4 6 5 2 }61685
3	0.06031414090968146	0.0697201414017109	0.1287673846844192	0.5604721729766363	[1549, 162, 10, 734, 2229, 1529]	{4 2 5 2 }61054
4	0.07481546589564314	0.08407631205909183	0.1287673846844192	0.20635641730273835	[158, 10, 734, 19, 132, 241]	{4 5 2 3 }57288
5	0.08909300500219186	0.09821093687299465	0.1287673846844192	0.2512539106781674	[1549, 162, 107, 10, 734, 19]	{4 3 5 5 }59247
6	0.10315021171512095	0.11212743476075704	0.1287673846844192	0.22065255862223065	[320, 232, 10, 734, 19, 1987]	{5 6 2 6 }57803
7	0.11699048622569008	0.131857936210518	0.1287673846844192	0.67856464890317	[2051, 1849, 420, 158, 10, 161]	{4 2 3 3 }59274
8	0.13061717625307134	0.15500839124490418	0.1287673846844192	0.6985621756689098	[734, 10, 1820, 841, 1268, 1380]	{6 2 4 4 }59999
9	0.1440335778541042	0.17065638399962813	0.1287673846844192	0.3938900702956092	[837, 162, 107, 10, 734, 19]	{5 2 5 5 }57522
10	0.1572429362205532	0.18345489659222647	0.1287673846844192	0.3607466237339816	[377, 162, 10, 158, 420, 1791]	{6 1 2 4 }60051
11	0.17024844646406312	0.19857610221088895	0.1287673846844192	0.2161373864102161	[1792, 232, 10, 158, 420, 1791]	{1 6 1 3 }59708
12	0.18305325438900033	0.2109437549545481	0.1287673846844192	0.30269924192723124	[1549, 162, 10, 158, 420, 1791]	{6 5 2 1 }59576
13	0.19566045725336756	0.2284783381777804	0.1287673846844192	0.4161807601939807	[837, 162, 107, 10, 232, 2047]	{2 4 3 2 }63068
14	0.208073104517976	0.24276577635967334	0.1287673846844192	0.33585663140262606	[846, 10, 734, 19, 132, 217]	{5 1 3 1 }58300
15	0.22029419858405663	0.25678863235301275	0.1287673846844192	0.26929121911740883	[1792, 232, 10, 734, 19, 1987]	{5 2 4 6 }58773
16	0.2323266955194878	0.26825794358213284	0.1287673846844192	0.18644425498262523	[10, 734, 19, 132, 241, 1031]	{4 5 2 6 }59765
17	0.2441735057738167	0.28451887816919663	0.1287673846844192	0.5491215492298357	[1742, 400, 19, 132, 241, 1126]	{5 4 2 3 }60366
18	0.2558374948822454	0.3004184586543256	0.1287673846844192	0.5553874008554724	[837, 162, 10, 734, 19, 3308]	{2 6 5 2 }64755
19	0.2673214841587539	0.3133736723829492	0.1287673846844192	0.2735446005765389	[1549, 162, 107, 10, 232, 2047]	{3 1 2 5 }58736
20	0.2786282513785262	0.3260889747462279	0.1287673846844192	0.2735446005765389	[1549, 162, 107, 10, 232, 2047]	{2 3 2 3 }56416
21	0.28976053144984526	0.34106477530742285	0.1287673846844192	0.48471517633303335	[811, 734, 10, 158, 420, 1791]	{4 4 1 5 }56757
22	0.30072101707561927	0.3512335287749009	0.1287673846844192	0.27755072522583735	[320, 232, 10, 734, 19, 3308]	{3 2 5 2 }57768
23	0.31151235940469924	0.36565056146879205	0.1287673846844192	0.5276865571949214	[734, 10, 232, 193, 394, 432]	{1 1 2 2 }56254
24	0.32213716867314524	0.37543990465600197	0.1287673846844192	0.1287673846844192	[320, 232, 10, 734, 19, 132]	{4 6 2 2 }57334
25	0.3325980148355967	0.3870058323475575	0.1287673846844192	0.5017324050790279	[1579, 1580, 438, 10, 232, 2047]	{6 2 4 3 }56326
26	0.34289742818689917	0.39646561888540377	0.1287673846844192	0.29307043597569554	[193, 232, 10, 734, 19, 132]	{2 1 6 6 }56348
27	0.35303789997413837	0.40577942106309817	0.1287673846844192	0.41390045644117435	[377, 162, 10, 734, 19, 1987]	{3 4 4 2 }57152
28	0.3630218829992288	0.416783505858226	0.1287673846844192	0.3261893857210155	[1792, 232, 10, 734, 19, 1460]	{5 1 3 6 }56706
29	0.37285179221220366	0.4297438723947099	0.1287673846844192	0.5809632329672156	[87, 1265, 193, 232, 10, 494]	{1 5 5 5 }59613
30	0.38253000529534864	0.4385441212775075	0.1287673846844192	0.37785252539417236	[1792, 232, 10, 734, 19, 409]	{4 5 4 1 }56792
31	0.3920588632383216	0.45102091858245186	0.1287673846844192	0.39062181355682657	[432, 422, 19, 132, 241, 1031]	{6 4 1 2 }56632
32	0.40144067090439683	0.46118719786796203	0.1287673846844192	0.20209865776996874	[2047, 232, 10, 734, 19, 132]	{4 2 5 1 }59187
33	0.4106776975879709	0.4731608156931184	0.1287673846844192	0.5446172855901277	[1791, 420, 162, 10, 734, 19]	{2 5 2 4 }56930
34	0.4197721775634652	0.48129105001884187	0.1287673846844192	0.6071577096280001	[1265, 415, 10, 158, 420, 1791]	{4 2 6 3 }56684
35	0.4287263106257574	0.4928179155739787	0.1287673846844192	0.6244005274634061	[846, 10, 232, 193, 394, 432]	{3 6 6 5 }57113
36	0.43754226262227347	0.5040886285612236	0.1287673846844192	0.6815122288466096	[2627, 261, 217, 132, 241, 1126]	{1 1 5 4 }58521
37	0.44622216597686803	0.5132721724767565	0.1287673846844192	0.18644425498262523	[10, 734, 19, 132, 241, 1031]	{2 6 5 4 }58500
38	0.4547681202056201	0.5207834043829793	0.1287673846844192	0.318464727358593	[420, 158, 10, 734, 19, 1987]	{3 2 2 4 }57629
39	0.46318219242466907	0.5296577857832945	0.1287673846844192	0.507005866231405	[1879, 232, 10, 158, 420, 1791]	{2 2 1 1 }59552
40	0.47146641785021426	0.5401098349881102	0.1287673846844192	0.8001128505621972	[2796, 1791, 420, 158, 10, 1873]	{4 3 3 4 }58145
41	0.4796228002907974	0.5486263195253674	0.1287673846844192	0.2890096056681221	[2872, 241, 132, 19, 734, 10]	{6 3 1 4 }57183
42	0.48765331263198874	0.5569850913860088	0.1287673846844192	0.4956783435985729	[1820, 10, 734, 19, 132, 168]	{5 1 3 3 }56321
43	0.49555989731359384	0.5668298671329863	0.1287673846844192	0.44533540154467305	[837, 162, 10, 158, 420, 1791]	{5 4 4 2 }58678
44	0.5033444667994951	0.5748515362601533	0.1287673846844192	0.6273201326521649	[1743, 1742, 400, 19, 132, 1031]	{3 1 3 1 }56076
45	0.5110089040402437	0.5827246559590393	0.1287673846844192	0.3753628939621997	[420, 158, 10, 734, 19, 1460]	{2 5 3 3 }55391
46	0.5185550629285114	0.5891640902806591	0.1287673846844192	0.3495185398623855	[1549, 107, 10, 158, 420, 1791]	{4 4 5 2 }57128
47	0.5259847687475159	0.596772162682869	0.1287673846844192	0.21853930910221597	[19, 734, 10, 158, 420, 1791]	{6 5 5 4 }55938
48	0.5332998186125233	0.6122561116358469	0.1287673846844192	0.6133339985552317	[193, 232, 1792, 496, 2729, 301]	{4 5 4 2 }55626
49	0.5405019819055399	0.622595948658891	0.1287673846844192	0.6496535671028125	[1743, 1742, 400, 19, 132, 168]	{3 2 6 6 }57387
50	0.5475930007032939	0.63098270535536	0.1287673846844192	0.5921234298627334	[2051, 1849, 420, 158, 10, 1873]	{2 2 4 1 }55966
51	0.5545745901986134	0.6366774166924687	0.1287673846844192	0.3107871986317668	[1549, 107, 10, 734, 19, 132]	{3 5 1 3 }58521
52	0.5614484391153014	0.6447512518770806	0.1287673846844192	0.4454552578155204	[846, 10, 734, 19, 132, 1715]	{4 1 5 2 }57122
53	0.5682162101166085	0.6513299323978754	0.1287673846844192	0.1287673846844192	[320, 232, 10, 734, 19, 132]	{6 2 4 6 }57307
54	0.5748795402074016	0.6577867855016184	0.1287673846844192	0.3753628939621997	[420, 158, 10, 734, 19, 3308]	{4 5 1 3 }57915
55	0.5814400411301268	0.6641240672515885	0.1287673846844192	0.5492981689384273	[1820, 10, 734, 19, 422, 432]	{4 3 4 3 }58475
56	0.5878992997546619	0.6703439919321146	0.1287673846844192	0.3587532375194829	[394, 193, 232, 10, 734, 19]	{5 6 1 2 }56462
57	0.5942588784621516	0.6754312760072362	0.1287673846844192	0.22065255862223065	[320, 232, 10, 734, 19, 1987]	{6 2 5 1 }57199
58	0.6005203155229208	0.6840864419803765	0.1287673846844192	0.4927957536832894	[1792, 496, 2729, 438, 1580, 301]	{4 6 4 4 }57258
59	0.6066851254685548	0.6911067432697016	0.1287673846844192	0.5153600542424949	[377, 162, 1549, 107, 10, 1873]	{4 1 1 6 }56569
60	0.6127547994582376	0.6979710378637082	0.1287673846844192	0.42375346724447405	[1743, 1742, 400, 19, 132, 241]	{3 2 3 1 }55640
61	0.6187308056394376	0.7035641667921579	0.1287673846844192	0.5735862738432738	[2636, 162, 1549, 107, 10, 1873]	{3 3 3 1 }55010
62	0.6246145895030265	0.7090537192589699	0.1287673846844192	0.5808899061631212	[837, 162, 1549, 107, 420, 1791]	{5 4 4 4 }56886
63	0.630407574232918	0.7144416133467667	0.1287673846844192	0.33159198238328924	[377, 162, 107, 10, 232, 2047]	{1 2 3 5 }55677
64	0.6361111610503113	0.7207873552723941	0.1287673846844192	0.3649578416273432	[107, 162, 10, 734, 19, 1987]	{3 2 1 4 }56727
65	0.6417267295526212	0.725096192382388	0.1287673846844192	0.4754934673489888	[377, 162, 10, 734, 19, 400]	{3 2 5 5 }56835
66	0.6472556380471796	0.7293385350925363	0.1287673846844192	0.5537258231524366	[420, 158, 10, 494, 2229, 1529]	{5 2 6 5 }57818
67	0.6526992238797849	0.7335154095509848	0.1287673846844192	0.32201528250336287	[377, 162, 10, 734, 19, 132]	{2 1 5 1 }59243
68	0.6580588037581832	0.7376278260702598	0.1287673846844192	0.6666726230843754	[734, 19, 132, 217, 261, 165]	{1 2 6 3 }58793
69	0.6633356740705569	0.7434583188242541	0.1287673846844192	0.6427710166013454	[1579, 1580, 438, 2627, 261, 165]	{3 3 1 4 }57608
70	0.6685311111990977	0.7482090906978789	0.1287673846844192	0.6935798297102929	[158, 10, 734, 19, 241, 89]	{1 4 1 2 }56726
71	0.6736463718287411	0.7528718853145848	0.1287673846844192	0.18644425498262523	[10, 734, 19, 132, 241, 1031]	{1 4 5 3 }56815
72	0.6786826932511372	0.7566855907881253	0.1287673846844192	0.3587532375194829	[394, 193, 232, 10, 734, 19]	{4 5 5 1 }56007
73	0.6836412936639282	0.7620925776595002	0.1287673846844192	0.5930455237480948	[1742, 400, 19, 132, 241, 2872]	{3 6 4 1 }55244
74	0.6885233724654107	0.7664982706658058	0.1287673846844192	0.6394480676352382	[1799, 232, 10, 494, 2229, 1529]	{1 4 1 6 }55476
75	0.6933301105446482	0.7739703260045	0.1287673846844192	0.753945343477456	[320, 232, 1792, 496, 2729, 969]	{1 6 5 5 }56146
76	0.6980626705671074	0.7781560607081204	0.1287673846844192	0.45101234996618306	[320, 232, 10, 734, 19, 2004]	{3 5 5 4 }55005
77	0.7027221972558866	0.7830859260257177	0.1287673846844192	0.7578430669609562	[846, 10, 107, 162, 420, 1582]	{6 6 3 3 }54610
78	0.7073098176686043	0.7871028533215377	0.1287673846844192	0.18644425498262523	[10, 734, 19, 132, 241, 1031]	{4 1 5 2 }53694
79	0.7118266414700147	0.7903883031159584	0.1287673846844192	0.1287673846844192	[320, 232, 10, 734, 19, 132]	{3 4 6 2 }55371
80	0.7162737612004157	0.7970958774162478	0.1287673846844192	0.5492981689384273	[1820, 10, 734, 19, 422, 432]	{5 1 6 5 }56567
81	0.7206522525399155	0.8048873957234639	0.1287673846844192	0.5315804008900062	[2627, 438, 2729, 496, 2728, 301]	{6 6 1 3 }56323
82	0.7249631745686205	0.8100903985041714	0.1287673846844192	0.5113353056757508	[1579, 1580, 301, 2729, 438, 3366]	{3 1 2 6 }59658
83	0.7292075700228084	0.8173829272016113	0.1287673846844192	0.5223622203495049	[2047, 232, 1792, 496, 2729, 301]	{2 1 6 6 }56647
84	0.7333864655471478	0.8222527158095683	0.1287673846844192	0.42210597450990683	[988, 420, 158, 10, 734, 19]	{1 2 2 6 }56780
85	0.7375008719430252	0.8290782115224808	0.1287673846844192	0.7952761459373944	[846, 10, 1820, 841, 1268, 1380]	{5 2 1 2 }55897
86	0.7415517844130401	0.832876473488648	0.1287673846844192	0.4161807601939807	[837, 162, 107, 10, 232, 2047]	{4 2 6 2 }56691
87	0.7455401828017278	0.8359713536092286	0.1287673846844192	0.5153706743278413	[107, 162, 10, 158, 420, 1582]	{1 1 6 2 }56072
88	0.7494670318325654	0.8390089211349836	0.1287673846844192	0.4942217620344296	[2047, 232, 10, 734, 2229, 494]	{2 2 4 4 }56944
89	0.753333281341322	0.841493351364382	0.1287673846844192	0.5048666701956248	[1549, 162, 107, 420, 158, 10]	{3 4 1 6 }55762
90	0.7571398665058078	0.844428659672449	0.1287673846844192	0.2161373864102161	[1792, 232, 10, 158, 420, 1791]	{6 3 3 2 }55955
91	0.7608877080720762	0.8468294519614544	0.1287673846844192	0.3649578416273432	[107, 162, 10, 734, 19, 1987]	{1 3 1 4 }56745
92	0.7645777125771367	0.8496659435917978	0.1287673846844192	0.3533585319111673	[2309, 420, 158, 10, 734, 19]	{5 3 4 2 }56947
93	0.7682107725682302	0.8519859135980973	0.1287673846844192	0.31230179790358314	[1799, 232, 10, 734, 19, 132]	{3 2 5 6 }60758
94	0.7717877668187205	0.8547269151981325	0.1287673846844192	0.21853930910221597	[19, 734, 10, 158, 420, 1791]	{4 1 3 3 }56849
95	0.7753095605406538	0.8574171575092782	0.1287673846844192	0.4942217620344296	[2047, 232, 10, 734, 2229, 494]	{6 4 3 4 }54221
96	0.7787770055940388	0.8605856651201831	0.1287673846844192	0.5045523149112524	[1792, 232, 10, 494, 2229, 1529]	{5 5 4 5 }55518
97	0.7821909406928962	0.863167412062402	0.1287673846844192	0.4025451379845437	[2047, 232, 10, 734, 19, 409]	{4 5 5 1 }55766
98	0.7855521916081293	0.8657013488760612	0.1287673846844192	0.3563633149229554	[1849, 420, 158, 10, 232, 2047]	{4 3 3 6 }57592
99	0.7888615713672631	0.8677738589242701	0.1287673846844192	0.6367929249595137	[1580, 301, 10, 734, 19, 1987]	{1 4 4 2 }57274
100	0.7921198804511016	0.8702224911664133	0.1287673846844192	0.4963011283524297	[377, 162, 1549, 107, 420, 1791]	{4 6 4 5 }59079
101	0.79532790698735	0.8736832247353089	0.1287673846844192	0.8032317720650537	[394, 432, 422, 19, 132, 1715]	{4 4 1 1 }58884
102	0.7984864269412489	0.8756325576869245	0.1287673846844192	0.26977824374023446	[1820, 10, 734, 19, 132, 241]	{2 4 1 5 }57174
103	0.8015962043032667	0.8779356584704999	0.1287673846844192	0.20209865776996874	[2047, 232, 10, 734, 19, 132]	{4 6 1 4 }57762
104	0.8046579912738953	0.8806481993933777	0.1287673846844192	0.3261893857210155	[1792, 232, 10, 734, 19, 3308]	{1 6 4 2 }59785
105	0.8076725284455943	0.8824900481681712	0.1287673846844192	0.27755072522583735	[320, 232, 10, 734, 19, 1460]	{2 5 5 6 }56115
106	0.8106405449819278	0.8851013804311008	0.1287673846844192	0.45591365441607423	[320, 232, 10, 494, 2229, 1529]	{2 2 5 5 }55917
107	0.8135627587939351	0.8876546830881875	0.1287673846844192	0.1287673846844192	[320, 232, 10, 734, 19, 132]	{5 1 3 1 }55932
108	0.8164398767137817	0.8906505582058358	0.1287673846844192	0.5391578771720784	[1791, 420, 158, 1557, 15, 432]	{4 3 6 5 }55947
109	0.8192725946657295	0.8923380495915482	0.1287673846844192	0.43884999420539195	[1549, 162, 10, 734, 19, 241]	{6 2 1 3 }55009
110	0.8220615978344683	0.8943317894139269	0.1287673846844192	0.3118040089201504	[107, 162, 10, 158, 420, 1791]	{2 1 1 5 }57225
111	0.8248075608308499	0.8962886081284839	0.1287673846844192	0.5329543900991072	[2627, 438, 10, 158, 420, 1791]	{2 6 4 2 }57504
112	0.8275111478550652	0.8990542452450576	0.1287673846844192	0.5597491176370573	[1579, 1580, 438, 2729, 301, 10]	{2 5 2 5 }54835
113	0.8301730128573019	0.9017461320385227	0.1287673846844192	0.5815936667923084	[734, 19, 132, 1031, 241, 2872]	{5 1 2 4 }55918
114	0.8327937996959238	0.9039295513265555	0.1287673846844192	0.318464727358593	[420, 158, 10, 734, 19, 1987]	{1 4 2 1 }56471
115	0.8353741422932088	0.9054121199789236	0.1287673846844192	0.5040092425991489	[320, 232, 10, 438, 1580, 301]	{4 4 2 5 }57141
116	0.837914664788684	0.9068718094854216	0.1287673846844192	0.22065255862223065	[320, 232, 10, 734, 19, 1987]	{3 6 6 5 }55950
117	0.8404159816900932	0.9093552278991437	0.1287673846844192	0.4927957536832894	[1792, 496, 2729, 438, 1580, 301]	{6 3 6 3 }55549
118	0.8428786980220363	0.9113695561680516	0.1287673846844192	0.6876121530801484	[734, 10, 232, 1792, 496, 217]	{6 4 3 3 }54468
119	0.8453034094723135	0.9137330346702369	0.1287673846844192	0.2939838317077802	[2047, 232, 10, 734, 19, 1987]	{6 4 2 6 }55828
120	0.8476907025360123	0.9153305710652325	0.1287673846844192	0.55624826030094	[1799, 1019, 10, 158, 420, 1791]	{2 4 2 6 }55176
121	0.8500411546573702	0.9168985234529134	0.1287673846844192	0.42375346724447405	[1743, 1742, 400, 19, 132, 241]	{2 1 6 3 }55581
122	0.8523553343694478	0.9181809536465413	0.1287673846844192	0.48471517633303335	[811, 734, 10, 158, 420, 1791]	{3 2 2 1 }55995
123	0.8546338014316477	0.9199991546766182	0.1287673846844192	0.5549890759376366	[107, 1549, 162, 1583, 1013, 156]	{1 5 5 5 }57229
124	0.8568771069651099	0.9212337356229666	0.1287673846844192	0.21853930910221597	[19, 734, 10, 158, 420, 1791]	{1 4 3 1 }57071
125	0.8590857935860187	0.9226923701484673	0.1287673846844192	0.7689481025270646	[1586, 107, 1549, 162, 420, 1791]	{2 4 4 6 }55701
126	0.8612603955368516	0.9241239929234957	0.1287673846844192	0.5241416910988883	[359, 158, 10, 734, 19, 1987]	{1 2 2 6 }54818
127	0.8634014388156039	0.9255291041656531	0.1287673846844192	0.38024150210414165	[2636, 162, 10, 734, 19, 132]	{5 6 2 1 }56645
128	0.8655094413030175	0.9269081948292521	0.1287673846844192	0.42375233682793245	[2149, 420, 158, 10, 232, 2047]	{6 6 4 1 }55297
129	0.8675849128878474	0.9282617467768586	0.1287673846844192	0.5519173437841476	[432, 422, 19, 132, 241, 1729]	{6 1 3 4 }54724
130	0.8696283555901955	0.9295902329476575	0.1287673846844192	0.3533585319111673	[2309, 420, 158, 10, 734, 19]	{2 5 5 3 }57999
131	0.8716402636829393	0.9311548944377095	0.1287673846844192	0.33159198238328924	[377, 162, 107, 10, 232, 2047]	{3 3 3 4 }57388
132	0.8736211238112891	0.9329907639193706	0.1287673846844192	0.1941408295346144	[846, 10, 734, 19, 132, 241]	{3 5 6 4 }57236
133	0.8755714151104975	0.9342316756986415	0.1287673846844192	0.6066990890158055	[1792, 232, 10, 158, 420, 1550]	{6 5 1 3 }58245
134	0.8774916093217553	0.9356931940164495	0.1287673846844192	0.2408299990005875	[2047, 232, 10, 158, 420, 1791]	{5 6 3 1 }57362
135	0.8793821709062961	0.9366855829976771	0.1287673846844192	0.46414967336266133	[734, 10, 232, 1792, 496, 3366]	{5 5 5 1 }56434
136	0.8812435571577422	0.9376626573341327	0.1287673846844192	0.2730726676895317	[107, 162, 10, 734, 19, 132]	{5 6 4 4 }57358
137	0.8830762183127152	0.9393249864718891	0.1287673846844192	0.7220802149994234	[2149, 420, 158, 1557, 15, 432]	{5 1 2 1 }58157
138	0.8848805976597413	0.9406733201058471	0.1287673846844192	0.3898182019840681	[2636, 162, 107, 10, 232, 2047]	{2 3 1 6 }56432
139	0.8866571316464736	0.9417719623261093	0.1287673846844192	0.20209865776996874	[2047, 232, 10, 734, 19, 132]	{4 1 3 5 }57009
140	0.8884062499852626	0.94267054315441	0.1287673846844192	0.48234947979600745	[1529, 2229, 734, 19, 132, 241]	{3 5 4 6 }57337
141	0.890128375757095	0.9435552569946197	0.1287673846844192	0.34807221917075004	[158, 10, 734, 19, 132, 217]	{6 4 3 2 }59893
142	0.89182392551393	0.944600530013238	0.1287673846844192	0.6235405177423026	[87, 1265, 415, 10, 232, 2047]	{3 3 1 1 }57284
143	0.8934933093794557	0.9456264461241038	0.1287673846844192	0.5871311116065423	[158, 420, 162, 10, 232, 2047]	{4 2 1 1 }56862
144	0.8951369311482913	0.946834747321346	0.1287673846844192	0.5005220038700334	[1580, 438, 2729, 496, 2728, 301]	{3 4 6 2 }58237
145	0.8967551883836571	0.9476551987515721	0.1287673846844192	0.16749872591503795	[320, 232, 10, 158, 420, 1791]	{1 1 4 5 }55291
146	0.898348472513539	0.9486245469228394	0.1287673846844192	0.2408299990005875	[2047, 232, 10, 158, 420, 1791]	{3 5 1 3 }55232
147	0.8999171689253671	0.9494173779888448	0.1287673846844192	0.4026723725695783	[1549, 107, 10, 734, 19, 1987]	{1 3 5 3 }56171
148	0.9014616570592349	0.9501979740075356	0.1287673846844192	0.7903109215801707	[1580, 438, 10, 494, 2229, 1529]	{3 1 3 1 }56134
149	0.9029823104996788	0.951304685696257	0.1287673846844192	0.7357678030220941	[2309, 420, 107, 10, 232, 2047]	{3 3 4 3 }56334
150	0.9044794970660417	0.9522064507759559	0.1287673846844192	0.3710319774454073	[2654, 232, 10, 734, 19, 132]	{4 6 1 2 }56504
151	0.9059535789014423	0.9530915165023272	0.1287673846844192	0.36752751208569656	[2636, 162, 107, 10, 734, 19]	{3 2 4 5 }56352
152	0.9074049125603707	0.9545925879742526	0.1287673846844192	0.7917048461905779	[377, 162, 1583, 1013, 156, 1529]	{6 6 5 6 }55393
153	0.9088338490949328	0.9552933196413167	0.1287673846844192	0.35103313913420187	[1799, 232, 10, 158, 420, 1791]	{4 1 4 6 }58379
154	0.9102407341397641	0.9562868014270651	0.1287673846844192	0.5113353056757508	[1579, 1580, 301, 2729, 438, 3366]	{5 3 5 6 }56629
155	0.9116259079956319	0.957258205839797	0.1287673846844192	0.5597296726288383	[2872, 241, 132, 19, 400, 4079]	{2 5 2 6 }56006
156	0.9129897057117488	0.9580497205464675	0.1287673846844192	0.3563633149229554	[1849, 420, 158, 10, 232, 2047]	{6 3 4 2 }60644
157	0.9143324571668143	0.9588265775733847	0.1287673846844192	0.5808899061631212	[837, 162, 1549, 107, 420, 1791]	{3 6 5 3 }57451
158	0.9156544871488079	0.9594619698947832	0.1287673846844192	0.7709005068429038	[1580, 438, 2627, 261, 217, 241]	{2 5 5 1 }56038
159	0.9169561154335486	0.9602126741559909	0.1287673846844192	0.33585663140262606	[846, 10, 734, 19, 132, 217]	{2 6 3 2 }57136
160	0.9182376568620432	0.9610968369525243	0.1287673846844192	0.41970405181790693	[1792, 232, 10, 158, 420, 1582]	{1 1 4 4 }56825
161	0.9194994214166413	0.9619613516869128	0.1287673846844192	0.46327330397949845	[10, 232, 1792, 496, 2729, 301]	{6 4 1 3 }56673
162	0.9207417142960141	0.9626657711001181	0.1287673846844192	0.39062181355682657	[432, 422, 19, 132, 241, 1031]	{2 6 2 3 }56514
163	0.9219648359889768	0.9633571457093751	0.1287673846844192	0.6408269299094118	[3621, 1720, 241, 132, 19, 3308]	{1 2 4 3 }55463
164	0.9231690823471717	0.9640357170851275	0.1287673846844192	0.3495185398623855	[1549, 107, 10, 158, 420, 1791]	{3 5 6 5 }56230
165	0.9243547446566289	0.9645907214510977	0.1287673846844192	0.22065255862223065	[320, 232, 10, 734, 19, 1987]	{5 4 4 1 }56491
166	0.9255221097082241	0.9652464488316329	0.1287673846844192	0.48287649559483514	[1579, 1580, 438, 2627, 261, 217]	{4 3 3 4 }55763
167	0.9266714598670478	0.9657827690657127	0.1287673846844192	0.42210597450990683	[19, 734, 10, 158, 420, 1582]	{2 6 2 1 }58135
168	0.9278030731407044	0.9668777204556098	0.1287673846844192	0.4736607547328072	[846, 10, 734, 19, 422, 432]	{2 6 6 6 }56093
169	0.9289172232465578	0.9674910960027282	0.1287673846844192	0.5153600542424949	[377, 162, 1549, 107, 10, 1873]	{1 2 2 6 }57372
170	0.9300141796779381	0.9685313809306408	0.1287673846844192	0.6325653604831192	[1799, 232, 1792, 496, 2728, 301]	{3 3 1 4 }56036
171	0.9310942077693279	0.9693705441058238	0.1287673846844192	0.5292449275016238	[2047, 232, 10, 494, 2229, 1529]	{6 2 5 2 }59404
172	0.932157568760542	0.9699377562520123	0.1287673846844192	0.7020609234908376	[734, 10, 1019, 1799, 232, 2047]	{4 6 4 1 }56073
173	0.9332045198599164	0.9704944644695676	0.1287673846844192	0.5526479030943271	[1792, 232, 10, 438, 1580, 301]	{5 5 5 3 }59877
174	0.9342353143065225	0.9709497968080002	0.1287673846844192	0.6018012732829315	[377, 162, 1549, 107, 10, 161]	{6 3 2 3 }57559
175	0.9352502014314219	0.971487763533778	0.1287673846844192	0.5542764015532653	[846, 10, 107, 162, 420, 1791]	{2 5 6 5 }56539
176	0.936249426717974	0.971927767182948	0.1287673846844192	0.49357670240294965	[320, 232, 10, 162, 420, 1791]	{1 1 3 3 }59125
177	0.9372332318612151	0.972360980652347	0.1287673846844192	0.3093012924849177	[377, 162, 107, 10, 734, 19]	{5 3 6 6 }59069
178	0.9382018548263199	0.9730980211682844	0.1287673846844192	0.26977824374023446	[1820, 10, 734, 19, 132, 241]	{4 3 6 2 }56703
179	0.9391555299061606	0.9739588844908993	0.1287673846844192	0.46327330397949845	[10, 232, 1792, 496, 2729, 301]	{5 6 6 6 }58199
180	0.9400944877779791	0.9747922001871905	0.1287673846844192	0.3508819983113869	[2047, 232, 10, 734, 19, 3308]	{2 6 4 4 }57860
181	0.9410189555591831	0.9755988497812004	0.1287673846844192	0.5005220038700334	[1580, 438, 2729, 496, 2728, 301]	{5 2 5 3 }57329
182	0.9419291568622822	0.9760507229334004	0.1287673846844192	0.2939838317077802	[2047, 232, 10, 734, 19, 1987]	{3 5 4 3 }56025
183	0.9428253118489753	0.9764942280642633	0.1287673846844192	0.5290248426455598	[2636, 162, 10, 734, 19, 3308]	{6 4 5 4 }55619
184	0.9437076372834047	0.9768569714583334	0.1287673846844192	0.22065255862223065	[320, 232, 10, 734, 19, 1987]	{3 4 5 2 }61797
185	0.9445763465845868	0.9772855460609569	0.1287673846844192	0.4963011283524297	[377, 162, 1549, 107, 420, 1791]	{5 6 4 3 }58062
186	0.9454316498780345	0.977636077757547	0.1287673846844192	0.5230838257008054	[420, 158, 10, 734, 2229, 1529]	{2 3 1 1 }55602
187	0.9462737540465833	0.9780502244657405	0.1287673846844192	0.5735862738432738	[2636, 162, 1549, 107, 10, 1873]	{2 6 5 6 }56261
188	0.9471028627804323	0.9783889555696643	0.1287673846844192	0.507005866231405	[1879, 232, 10, 158, 420, 1791]	{5 3 4 3 }55972
189	0.9479191766264133	0.9788692010014496	0.1287673846844192	0.4695291494440582	[1792, 232, 10, 734, 2229, 494]	{2 2 6 1 }55222
190	0.9487228930364995	0.9791952935785877	0.1287673846844192	0.4418537765171137	[193, 232, 10, 734, 19, 1460]	{2 6 1 6 }55326
191	0.9495142064155659	0.979580565919725	0.1287673846844192	0.24508563114986298	[10, 734, 19, 132, 241, 1126]	{2 4 5 6 }57258
192	0.9502933081684121	0.9799587035878782	0.1287673846844192	0.16749872591503795	[320, 232, 10, 158, 420, 1791]	{4 1 3 1 }56456
193	0.9510603867460601	0.9803298387066212	0.1287673846844192	0.16749872591503795	[320, 232, 10, 158, 420, 1791]	{5 6 3 2 }56622
194	0.9518156276913369	0.9806333905784326	0.1287673846844192	0.27755072522583735	[320, 232, 10, 734, 19, 3308]	{5 1 1 5 }57540
195	0.9525592136837545	0.9811498334963411	0.1287673846844192	0.614061877125219	[1579, 1580, 301, 2729, 496, 3366]	{3 6 3 5 }56112
196	0.9532913245836966	0.9814989106538162	0.1287673846844192	0.17740604517959738	[1792, 232, 10, 734, 19, 132]	{5 1 4 2 }55452
197	0.9540121374759235	0.9817844212918746	0.1287673846844192	0.5911141704282676	[1549, 162, 10, 494, 2229, 1529]	{2 2 3 5 }56337
198	0.9547218267124061	0.9823673198105346	0.1287673846844192	0.5005220038700334	[1580, 438, 2729, 496, 2728, 301]	{4 1 2 5 }56145
199	0.9554205639544987	0.9826394290727177	0.1287673846844192	0.26929121911740883	[1792, 232, 10, 734, 19, 1987]	{3 2 4 1 }56402
200	0.9561085182144601	0.9831023776307786	0.1287673846844192	0.6826022322335642	[193, 1265, 415, 10, 232, 2047]	{1 1 3 4 }56983
201	0.9567858558963357	0.983415296563542	0.1287673846844192	0.4527005815675794	[1820, 10, 734, 19, 132, 1032]	{3 4 5 6 }56866
202	0.9574527408362071	0.9836712333449688	0.1287673846844192	0.43225651716107677	[359, 158, 10, 734, 19, 132]	{1 3 6 3 }56862
203	0.9581093343418212	0.9839736179126546	0.1287673846844192	0.20209865776996874	[2047, 232, 10, 734, 19, 132]	{1 2 6 2 }56178
204	0.9587557952316079	0.984220938623879	0.1287673846844192	0.3349518871601905	[241, 132, 19, 734, 10, 494]	{6 4 3 1 }55410
205	0.9593922798730954	0.9844644426574611	0.1287673846844192	0.2639679006966125	[1549, 162, 10, 734, 19, 132]	{3 2 4 2 }56258
206	0.9600189422207328	0.9848096772650731	0.1287673846844192	0.9364734615300048	[2051, 1849, 420, 162, 107, 1586]	{2 5 4 4 }55348
207	0.960635933853129	0.9850909795379421	0.1287673846844192	0.1941408295346144	[846, 10, 734, 19, 132, 241]	{2 5 4 6 }56031
208	0.9612434040097164	0.9854222911037656	0.1287673846844192	0.6540587114736021	[1820, 733, 734, 10, 232, 2047]	{4 2 3 4 }59367
209	0.9618414996268504	0.985647255747226	0.1287673846844192	0.17740604517959738	[1792, 232, 10, 734, 19, 132]	{1 5 4 5 }57493
210	0.9624303653733497	0.9858687487140898	0.1287673846844192	0.3710653913227288	[320, 232, 10, 158, 420, 1582]	{5 2 5 4 }55906
211	0.9630101436854893	0.9860868235796131	0.1287673846844192	0.2822455695300451	[320, 232, 10, 734, 19, 400]	{3 5 5 3 }61006
212	0.963580974801454	0.9863444749948055	0.1287673846844192	0.26929121911740883	[1792, 232, 10, 734, 19, 1987]	{1 6 4 5 }56045
213	0.9641429967952587	0.9865973550874942	0.1287673846844192	0.20209865776996874	[2047, 232, 10, 734, 19, 132]	{4 6 2 5 }56630
214	0.9646963456101467	0.9868041860275021	0.1287673846844192	0.3495185398623855	[1549, 107, 10, 158, 420, 1791]	{4 3 3 1 }59907
215	0.9652411550914716	0.9870485529529187	0.1287673846844192	0.33159198238328924	[377, 162, 107, 10, 232, 2047]	{1 5 2 6 }56583
216	0.9657775570190723	0.9872883945649017	0.1287673846844192	0.41149404560824615	[1820, 10, 734, 19, 132, 217]	{6 2 3 4 }54926
217	0.9663056811391484	0.9874845613154433	0.1287673846844192	0.5937511310169713	[160, 87, 1265, 193, 232, 10]	{3 1 5 3 }52676
218	0.966825655195643	0.9876777008013161	0.1287673846844192	0.5847509154931978	[320, 232, 10, 107, 162, 3284]	{2 3 3 1 }51449
219	0.9673376049611423	0.9879058915272176	0.1287673846844192	0.1941408295346144	[846, 10, 734, 19, 132, 241]	{5 1 6 2 }54740
220	0.9678416542672975	0.9881746494932795	0.1287673846844192	0.6984567777033391	[1549, 107, 10, 438, 2627, 301]	{2 1 1 1 }57153
221	0.9683379250347776	0.9884374350600955	0.1287673846844192	0.6379334683634219	[1549, 107, 10, 494, 2229, 1529]	{1 4 1 6 }55861
222	0.9688265373027594	0.9887457701251596	0.1287673846844192	0.48287649559483514	[1579, 1580, 438, 2627, 261, 217]	{3 3 4 4 }51695
223	0.9693076092579637	0.988919446512117	0.1287673846844192	0.20635641730273835	[158, 10, 734, 19, 132, 241]	{1 2 3 5 }52573
224	0.969781257263242	0.98916568103407	0.1287673846844192	0.2408299990005875	[2047, 232, 10, 158, 420, 1791]	{1 2 1 1 }54807
225	0.9702475958857228	0.9893663165704761	0.1287673846844192	0.6099644953744515	[2238, 1549, 162, 107, 10, 494]	{2 2 3 4 }59112
226	0.9707067379245234	0.9897065944402209	0.1287673846844192	0.703273392442667	[1743, 1742, 400, 19, 422, 432]	{3 6 4 6 }52667
227	0.9711587944380339	0.989865443291452	0.1287673846844192	0.48287649559483514	[1579, 1580, 438, 2627, 261, 217]	{3 1 5 6 }51482
228	0.9716038747707803	0.9900218407715222	0.1287673846844192	0.6910687818826513	[734, 10, 301, 1580, 438, 3366]	{5 5 4 5 }59785
229	0.9720420865798731	0.9902435776432662	0.1287673846844192	0.49860293004999257	[2047, 232, 10, 734, 2229, 1529]	{3 4 3 5 }51576
230	0.9724735358610479	0.9904603870289713	0.1287673846844192	0.5545998045418927	[1799, 232, 10, 158, 420, 1582]	{2 2 3 4 }51428
231	0.9728983269743033	0.9906370465284349	0.1287673846844192	0.26929121911740883	[1792, 232, 10, 734, 19, 1987]	{6 4 5 6 }55255
232	0.9733165626691443	0.9908104345556861	0.1287673846844192	0.5530852052700764	[1549, 107, 10, 158, 420, 1582]	{2 2 6 6 }57568
233	0.9737283441094353	0.9910146471211152	0.1287673846844192	0.45591365441607423	[320, 232, 10, 494, 2229, 1529]	{2 4 6 2 }55730
234	0.97413377089787	0.9911810425447983	0.1287673846844192	0.44170782420474275	[107, 10, 734, 19, 132, 1031]	{1 2 5 2 }56580
235	0.9745329411000634	0.9914162147436036	0.1287673846844192	0.47818075077320266	[1579, 1580, 301, 2627, 438, 3366]	{4 2 4 6 }57764
236	0.9749259512682722	0.9915486805654616	0.1287673846844192	0.45957053917318497	[1549, 107, 10, 734, 19, 3308]	{6 1 1 3 }54766
237	0.9753128964647495	0.9917051864809161	0.1287673846844192	0.39062181355682657	[432, 422, 19, 132, 241, 1031]	{1 1 3 5 }55471
238	0.975693870284738	0.9918895156702291	0.1287673846844192	0.3261893857210155	[1792, 232, 10, 734, 19, 3308]	{6 3 1 1 }54707
239	0.9760689648791093	0.9920397098244841	0.1287673846844192	0.3710319774454073	[2654, 232, 10, 734, 19, 132]	{3 1 5 2 }54679
240	0.9764382709766539	0.9922519842291645	0.1287673846844192	0.5683368025944038	[87, 1265, 193, 232, 10, 1873]	{6 3 6 1 }57420
241	0.9768018779060265	0.9923715523737762	0.1287673846844192	0.7402071976963416	[1742, 400, 19, 132, 1032, 370]	{5 3 6 3 }54670
242	0.9771598736173532	0.992489275330971	0.1287673846844192	0.4640412586553903	[107, 10, 734, 19, 132, 168]	{5 2 4 2 }56603
243	0.9775123447035052	0.992656180323616	0.1287673846844192	0.48234947979600745	[1529, 2229, 734, 19, 132, 241]	{2 1 5 4 }57982
244	0.9778593764210437	0.9927695108741775	0.1287673846844192	0.22657955342078154	[420, 158, 10, 734, 19, 132]	{2 6 4 6 }55101
245	0.9782010527108425	0.9929623239175328	0.1287673846844192	0.5247141785668131	[1579, 1580, 438, 2729, 496, 3366]	{6 1 4 4 }56216
246	0.9785374562183912	0.9931187167193654	0.1287673846844192	0.49318716424232345	[2872, 241, 132, 19, 422, 432]	{4 3 5 2 }54650
247	0.9788686683137864	0.9932716341256017	0.1287673846844192	0.2730726676895317	[107, 162, 10, 734, 19, 132]	{2 1 4 4 }56535
248	0.9791947691114131	0.9933962334936461	0.1287673846844192	0.5526479030943271	[1792, 232, 10, 438, 1580, 301]	{4 3 3 1 }55315
249	0.9795158374893234	0.993542983860454	0.1287673846844192	0.42089048894888004	[320, 232, 10, 734, 2229, 494]	{5 2 6 3 }58674
250	0.9798319511083153	0.9936864731079995	0.1287673846844192	0.2381411587970519	[107, 10, 734, 19, 132, 241]	{1 6 2 4 }61487
251	0.9801431864307178	0.9938033902726662	0.1287673846844192	0.6235405177423026	[87, 1265, 415, 10, 232, 2047]	{6 3 6 5 }58342
252	0.9804496187388858	0.9939181423046538	0.1287673846844192	0.18644425498262523	[10, 734, 19, 132, 241, 1031]	{4 5 2 3 }58172
253	0.9807513221534092	0.994030769299012	0.1287673846844192	0.6047498602355452	[2051, 1849, 420, 158, 10, 494]	{6 6 4 6 }56167
254	0.9810483696510417	0.9941634188701451	0.1287673846844192	0.425271656964443	[320, 232, 10, 734, 2229, 1529]	{3 5 3 6 }69630
255	0.9813408330823528	0.9942715037058831	0.1287673846844192	0.3607466237339816	[377, 162, 10, 158, 420, 1791]	{1 5 6 5 }58164
256	0.9816287831891066	0.9943775869705891	0.1287673846844192	0.841371926627308	[1820, 733, 734, 19, 132, 1031]	{2 1 3 3 }56888
257	0.9819122896213734	0.994464352603759	0.1287673846844192	0.29307043597569554	[193, 232, 10, 734, 19, 132]	{2 6 1 5 }61166
258	0.982191420954377	0.9945873669903421	0.1287673846844192	0.42375346724447405	[1743, 1742, 400, 19, 132, 241]	{6 6 1 3 }57481
259	0.982466244705081	0.9946876009349654	0.1287673846844192	0.5650756242511695	[1792, 232, 10, 438, 2627, 301]	{5 2 2 1 }55562
260	0.9827368273485212	0.994785978695429	0.1287673846844192	0.6815122288466096	[2627, 261, 217, 132, 241, 1126]	{1 2 5 1 }56959
261	0.9830032343338835	0.9950362517180484	0.1287673846844192	0.6534714422620012	[1549, 162, 846, 10, 232, 2047]	{2 4 3 3 }54425
262	0.9832655301003359	0.9951128527717822	0.1287673846844192	0.46108513844500126	[1019, 1799, 232, 10, 734, 19]	{3 1 4 1 }54421
263	0.9835237780926147	0.995243176697868	0.1287673846844192	0.5339997284818205	[811, 734, 19, 132, 241, 1031]	{5 6 3 2 }58293
264	0.9837780407763707	0.9953488838823599	0.1287673846844192	0.5937511310169713	[160, 87, 1265, 193, 232, 10]	{3 3 6 5 }58660
265	0.9840283796532785	0.9954206603656568	0.1287673846844192	0.555049825786327	[1580, 438, 10, 734, 19, 1987]	{3 5 5 1 }58143
266	0.9842748552759131	0.9955054629514779	0.1287673846844192	0.44439666440827835	[2047, 232, 10, 158, 420, 1582]	{1 4 6 3 }52050
267	0.9845175272623958	0.9955886951190431	0.1287673846844192	0.55624826030094	[1799, 1019, 10, 158, 420, 1791]	{1 2 1 3 }51425
268	0.9847564543108157	0.995670385950172	0.1287673846844192	0.2735446005765389	[1549, 162, 107, 10, 232, 2047]	{5 1 3 5 }57941
269	0.9849916942134266	0.9957505639881318	0.1287673846844192	0.5062659073349222	[1549, 162, 10, 158, 420, 1582]	{3 2 5 4 }56756
270	0.9852233038706267	0.9958161417043643	0.1287673846844192	0.2730726676895317	[107, 162, 10, 734, 19, 132]	{2 6 1 5 }56296
271	0.9854513393047221	0.995893620561691	0.1287673846844192	0.5953176329712956	[107, 162, 10, 734, 19, 2004]	{3 2 3 2 }53782
272	0.9856758556734764	0.9959696646253633	0.1287673846844192	0.4218560082309499	[107, 162, 10, 734, 19, 1460]	{3 4 4 1 }58528
273	0.9858969072834536	0.9960443004656343	0.1287673846844192	0.29307043597569554	[193, 232, 10, 734, 19, 132]	{3 6 1 1 }55574
274	0.9861145476031533	0.9961497857865508	0.1287673846844192	0.21853930910221597	[19, 734, 10, 158, 420, 1791]	{6 3 4 6 }59461
275	0.9863288292759441	0.9962210860497628	0.1287673846844192	0.6133299840837169	[2654, 232, 10, 158, 420, 1582]	{6 2 1 6 }52646
276	0.9865398041327968	0.9962910659377301	0.1287673846844192	0.36752751208569656	[2636, 162, 107, 10, 734, 19]	{6 2 4 6 }51953
277	0.9867475232048216	0.9963597499018463	0.1287673846844192	0.5839287633058052	[3621, 1720, 241, 132, 19, 1987]	{5 4 2 1 }59964
278	0.9869520367356114	0.9964159266008918	0.1287673846844192	0.30269924192723124	[1549, 162, 10, 158, 420, 1791]	{3 1 1 2 }52320
279	0.9871533941933952	0.996482298330505	0.1287673846844192	0.42375346724447405	[1743, 1742, 400, 19, 132, 241]	{1 2 4 5 }51863
280	0.9873516442830033	0.9965365838500959	0.1287673846844192	0.34807221917075004	[158, 10, 734, 19, 132, 217]	{2 1 4 4 }58983
281	0.9875468349576483	0.996590031630187	0.1287673846844192	0.5069542376032523	[19, 734, 10, 494, 2229, 1529]	{3 2 3 3 }57109
282	0.9877390134305241	0.9966426545988569	0.1287673846844192	0.4127512412380307	[1549, 162, 10, 734, 19, 3308]	{4 6 3 2 }55918
283	0.9879282261862259	0.9967048276618411	0.1287673846844192	0.2161373864102161	[1792, 232, 10, 158, 420, 1791]	{2 1 2 1 }52050
284	0.988114518991994	0.9967556790868127	0.1287673846844192	0.21853930910221597	[19, 734, 10, 158, 420, 1791]	{4 2 3 2 }55970
285	0.9882979369087842	0.9968057457675717	0.1287673846844192	0.27755072522583735	[320, 232, 10, 734, 19, 1460]	{5 4 5 1 }55360
286	0.9884785243021672	0.9968767291949591	0.1287673846844192	0.33585663140262606	[846, 10, 734, 19, 132, 217]	{3 1 2 2 }54652
287	0.9886563248530597	0.9969461352128488	0.1287673846844192	0.33088423002522327	[1792, 232, 10, 734, 19, 400]	{3 6 6 6 }55943
288	0.9888313815682902	0.9970026882644628	0.1287673846844192	0.27755072522583735	[320, 232, 10, 734, 19, 1460]	{2 3 3 5 }55227
289	0.9890037367910018	0.9970489430751963	0.1287673846844192	0.20635641730273835	[158, 10, 734, 19, 132, 241]	{6 3 2 1 }54865
290	0.9891734322108937	0.9971145221179698	0.1287673846844192	0.4490309472639553	[320, 232, 1792, 496, 2728, 301]	{6 5 2 4 }57096
291	0.9893405088743059	0.9971590510976307	0.1287673846844192	0.2822455695300451	[320, 232, 10, 734, 19, 400]	{1 6 1 1 }55627
292	0.9895050071941468	0.9972221832954612	0.1287673846844192	0.5164369637559915	[320, 232, 10, 438, 2627, 301]	{1 4 5 5 }55465
293	0.9896669669596693	0.9972650508371979	0.1287673846844192	0.2822455695300451	[320, 232, 10, 734, 19, 400]	{1 3 1 4 }61327
294	0.9898264273460942	0.9973379828148726	0.1287673846844192	0.6244988051897356	[734, 19, 132, 241, 1031, 227]	{1 2 3 5 }58514
295	0.9899834269240865	0.9973971387523198	0.1287673846844192	0.27755072522583735	[320, 232, 10, 734, 19, 3308]	{2 1 1 5 }55149
296	0.9901380036690851	0.9974549801133794	0.1287673846844192	0.22065255862223065	[320, 232, 10, 734, 19, 1987]	{4 1 6 5 }62809
297	0.9902901949704882	0.9975021101112798	0.1287673846844192	0.6299138157588855	[1820, 10, 107, 162, 420, 1791]	{2 2 3 6 }56029
298	0.9904400376406967	0.9975483673314413	0.1287673846844192	0.3093012924849177	[377, 162, 107, 10, 734, 19]	{4 3 4 2 }60225
299	0.9905875679240193	0.997586201168919	0.1287673846844192	0.5847509154931978	[320, 232, 10, 107, 162, 3284]	{1 4 5 1 }62974
300	0.9907328215054387	0.9976234511508801	0.1287673846844192	0.47079862304478104	[377, 162, 10, 734, 19, 3308]	{5 1 6 1 }65024
301	0.9908758335192437	0.9976601262874407	0.1287673846844192	0.2381411587970519	[107, 10, 734, 19, 132, 241]	{5 4 2 1 }68480
302	0.991016638557527	0.9977034572821177	0.1287673846844192	0.39062181355682657	[432, 422, 19, 132, 241, 1031]	{6 2 5 6 }63958
303	0.9911552706785528	0.9977459858509674	0.1287673846844192	0.657879753694226	[193, 232, 10, 162, 420, 1791]	{1 4 1 1 }62221
304	0.9912917634149948	0.9977807700199339	0.1287673846844192	0.47818075077320266	[1579, 1580, 301, 2627, 438, 3366]	{6 4 3 1 }67092
305	0.9914261497820474	0.9978150173961695	0.1287673846844192	0.318464727358593	[420, 158, 10, 734, 19, 1987]	{4 6 1 2 }61265
306	0.9915584622854109	0.9978554800369812	0.1287673846844192	0.4099230827104292	[158, 10, 734, 19, 132, 1031]	{2 4 6 4 }62377
307	0.9916887329291545	0.9978885744808549	0.1287673846844192	0.2381411587970519	[107, 10, 734, 19, 132, 241]	{2 4 1 6 }58329
308	0.9918169932234577	0.9979211582080022	0.1287673846844192	0.5040092425991489	[320, 232, 10, 438, 1580, 301]	{2 2 6 2 }59910
309	0.9919432741922315	0.9979596552782244	0.1287673846844192	0.20209865776996874	[2047, 232, 10, 734, 19, 132]	{5 6 3 5 }57116
310	0.992067606380623	0.9979974394397387	0.1287673846844192	0.4959113874208292	[1917, 10, 734, 19, 132, 217]	{1 5 4 5 }62827
311	0.9921900198624035	0.9980345238945584	0.1287673846844192	0.490480173062598	[1742, 400, 19, 132, 241, 1031]	{6 6 5 1 }57346
312	0.992310544247243	0.9980648553159387	0.1287673846844192	0.5629140520023752	[377, 162, 107, 420, 158, 10]	{1 4 5 1 }59711
313	0.9924292086878719	0.99810785853114	0.1287673846844192	0.7779115098963899	[2238, 1549, 162, 107, 232, 2047]	{5 5 5 3 }61825
314	0.9925460418871331	0.9981428981879708	0.1287673846844192	0.21853930910221597	[19, 734, 10, 158, 420, 1791]	{3 6 2 4 }59200
315	0.9926610721049243	0.9981715571665515	0.1287673846844192	0.22065255862223065	[320, 232, 10, 734, 19, 1987]	{6 2 5 1 }60111
316	0.9927743271650334	0.9982054172190228	0.1287673846844192	0.490480173062598	[1742, 400, 19, 132, 241, 1031]	{4 4 6 2 }61319
317	0.9928858344618694	0.9982386502334853	0.1287673846844192	0.2735446005765389	[1549, 162, 107, 10, 232, 2047]	{5 6 1 1 }61371
318	0.9929956209670875	0.9982777913394079	0.1287673846844192	0.3756492218095388	[2309, 420, 158, 10, 232, 2047]	{4 4 3 2 }61467
319	0.9931037132361139	0.9983160626429766	0.1287673846844192	0.6125226141430199	[734, 19, 132, 241, 4018, 2197]	{4 6 3 1 }60671
320	0.9932101374145689	0.9983807258374863	0.1287673846844192	0.5052234748401319	[1792, 496, 2729, 438, 2627, 301]	{5 6 6 2 }61066
321	0.993314919244591	0.9984057146362905	0.1287673846844192	0.3710653913227288	[320, 232, 10, 158, 420, 1582]	{5 5 4 2 }62334
322	0.9934180840710634	0.9984352384393221	0.1287673846844192	0.4695291494440582	[1792, 232, 10, 734, 2229, 494]	{1 1 4 1 }62333
323	0.9935196568477445	0.9984593859942709	0.1287673846844192	0.31230179790358314	[1799, 232, 10, 734, 19, 132]	{4 2 1 1 }61176
324	0.993619662143304	0.9984936218610648	0.1287673846844192	0.49318716424232345	[2872, 241, 132, 19, 422, 432]	{1 6 3 4 }60474
325	0.9937181241472653	0.9985215177525266	0.1287673846844192	0.5782791391115745	[2238, 1549, 162, 107, 420, 1791]	{1 4 1 4 }60851
326	0.993815066675857	0.9985488970534058	0.1287673846844192	0.17740604517959738	[1792, 232, 10, 734, 19, 132]	{1 2 3 2 }61741
327	0.9939105131777727	0.9985811437855523	0.1287673846844192	0.4492631897240643	[432, 422, 19, 132, 241, 1126]	{1 1 4 6 }63494
328	0.9940044867398441	0.9986030397147876	0.1287673846844192	0.46108513844500126	[1019, 1799, 232, 10, 734, 19]	{2 5 2 5 }71264
329	0.9940970100926243	0.9986402919890599	0.1287673846844192	0.6763738299871823	[1879, 496, 1792, 232, 10, 1873]	{5 5 2 4 }62263
330	0.9941881056158863	0.9986654717670403	0.1287673846844192	0.33407262502458396	[1849, 420, 158, 10, 734, 19]	{1 3 3 3 }59542
331	0.9942777953440362	0.9986901852528358	0.1287673846844192	0.47079862304478104	[377, 162, 10, 734, 19, 3308]	{3 5 1 5 }53669
332	0.9943661009714431	0.998714441081487	0.1287673846844192	0.3892787551300833	[158, 10, 734, 19, 132, 1032]	{1 3 4 5 }58899
333	0.9944530438576862	0.9987382477281261	0.1287673846844192	0.16749872591503795	[320, 232, 10, 158, 420, 1791]	{1 2 6 6 }58700
334	0.9945386450327219	0.9987662866675011	0.1287673846844192	0.355853074634424	[1549, 162, 10, 734, 19, 1987]	{2 3 2 6 }61322
335	0.99462292520197	0.9987937025193344	0.1287673846844192	0.629867303764823	[734, 10, 158, 1557, 15, 432]	{3 3 2 1 }58863
336	0.9947059047513224	0.998820509130016	0.1287673846844192	0.6002749898121404	[1580, 438, 2627, 261, 217, 132]	{1 2 5 3 }61501
337	0.9947876037520735	0.9988387111496144	0.1287673846844192	0.2512539106781674	[1549, 162, 107, 10, 734, 19]	{3 5 2 6 }57944
338	0.994868041965776	0.9988602164986956	0.1287673846844192	0.5292449275016238	[2047, 232, 10, 494, 2229, 1529]	{2 1 6 4 }57369
339	0.9949472388490203	0.9988906107253971	0.1287673846844192	0.27755072522583735	[320, 232, 10, 734, 19, 3308]	{4 3 6 4 }60649
340	0.9950252135581403	0.9989111549712231	0.1287673846844192	0.16749872591503795	[320, 232, 10, 158, 420, 1791]	{2 6 3 2 }57908
341	0.995101984953848	0.9989353515274181	0.1287673846844192	0.6066758050718191	[1743, 1742, 400, 19, 132, 1032]	{5 3 5 5 }55212
342	0.9951775716057949	0.9989517812877975	0.1287673846844192	0.6392097586113423	[1549, 162, 10, 438, 1580, 301]	{2 5 5 1 }51203
343	0.9952519917970635	0.9989711927454309	0.1287673846844192	0.5069542376032523	[19, 734, 10, 494, 2229, 1529]	{2 4 2 2 }61753
344	0.9953252635285903	0.9989902447316266	0.1287673846844192	0.26977824374023446	[1820, 10, 734, 19, 132, 241]	{3 4 6 5 }67382
345	0.9953974045235194	0.9990089439032631	0.1287673846844192	0.3533585319111673	[2309, 420, 158, 10, 734, 19]	{4 1 4 1 }64568
346	0.9954684322314897	0.99902423797883	0.1287673846844192	0.30269924192723124	[1549, 162, 10, 158, 420, 1791]	{6 1 2 2 }66016
347	0.9955383638328557	0.9990459215793005	0.1287673846844192	0.5164369637559915	[320, 232, 10, 438, 2627, 301]	{1 6 4 4 }62873
348	0.9956072162428424	0.9990606450117187	0.1287673846844192	0.425271656964443	[320, 232, 10, 734, 2229, 1529]	{5 4 1 4 }59126
349	0.9956750061156381	0.9990907043713437	0.1287673846844192	0.6739770999810297	[2309, 420, 158, 1557, 15, 432]	{6 4 1 2 }64588
350	0.9957417498484215	0.9991047367112921	0.1287673846844192	0.1287673846844192	[320, 232, 10, 734, 19, 132]	{6 4 2 6 }66231
351	0.9958074635853286	0.9991185525027845	0.1287673846844192	0.1287673846844192	[320, 232, 10, 734, 19, 132]	{4 5 6 3 }62175
352	0.9958721632213574	0.9991321550876181	0.1287673846844192	0.2730726676895317	[107, 162, 10, 734, 19, 132]	{1 5 2 5 }62156
353	0.9959358644062131	0.999145547756019	0.1287673846844192	0.3753628939621997	[420, 158, 10, 734, 19, 1460]	{1 5 1 1 }57622
354	0.9959985825480925	0.9991613709457223	0.1287673846844192	0.1941408295346144	[846, 10, 734, 19, 132, 241]	{5 4 3 1 }60696
355	0.996060332817412	0.9991800071469286	0.1287673846844192	0.4492631897240643	[432, 422, 19, 132, 241, 1126]	{4 3 4 2 }55243
356	0.9961211301504767	0.9991951921997632	0.1287673846844192	0.3587532375194829	[394, 193, 232, 10, 734, 19]	{2 3 4 5 }58422
357	0.9961809892530927	0.9992100960479158	0.1287673846844192	0.6972571404180927	[377, 162, 10, 438, 1580, 301]	{1 1 1 5 }60654
358	0.9962399246041252	0.9992222859237195	0.1287673846844192	0.41897284333476037	[2636, 162, 10, 158, 420, 1791]	{6 6 6 1 }62342
359	0.9962979504589998	0.9992430249657537	0.1287673846844192	0.42089048894888004	[320, 232, 10, 734, 2229, 494]	{2 5 4 2 }62437
360	0.9963550808531512	0.9992672481668495	0.1287673846844192	0.4490309472639553	[320, 232, 1792, 496, 2728, 301]	{1 6 6 1 }58148
361	0.9964113296054173	0.9992835315409195	0.1287673846844192	0.44439666440827835	[2047, 232, 10, 158, 420, 1582]	{3 5 5 2 }60542
362	0.9964667103213831	0.999296799475347	0.1287673846844192	0.27755072522583735	[320, 232, 10, 734, 19, 3308]	{5 2 2 6 }59275
363	0.9965212363966703	0.9993076513352953	0.1287673846844192	0.42106349662439685	[107, 10, 734, 19, 132, 1032]	{3 5 4 5 }61626
364	0.9965749210201785	0.999320472606864	0.1287673846844192	0.33407262502458396	[1849, 420, 158, 10, 734, 19]	{6 3 6 2 }69064
365	0.9966277771772746	0.9993355732156003	0.1287673846844192	0.2161373864102161	[1792, 232, 10, 158, 420, 1791]	{5 2 5 5 }58854
366	0.9966798176529339	0.9993478774153114	0.1287673846844192	0.5279864846153067	[377, 162, 1549, 107, 10, 494]	{1 2 3 6 }62663
367	0.9967310550348331	0.9993623690283044	0.1287673846844192	0.39062181355682657	[432, 422, 19, 132, 241, 1031]	{4 1 5 6 }55652
368	0.9967815017163943	0.9993741770092618	0.1287673846844192	0.20209865776996874	[2047, 232, 10, 734, 19, 132]	{5 1 6 3 }57473
369	0.9968311698997833	0.9993908656223481	0.1287673846844192	0.32201528250336287	[377, 162, 10, 734, 19, 132]	{4 5 3 5 }59210
370	0.9968800715988607	0.9994002658442255	0.1287673846844192	0.5045523149112524	[1792, 232, 10, 494, 2229, 1529]	{4 6 2 3 }59257
371	0.9969282186420881	0.9994113720322954	0.1287673846844192	0.48234947979600745	[1529, 2229, 734, 19, 132, 241]	{5 6 1 4 }56842
372	0.9969756226753893	0.9994270687781008	0.1287673846844192	0.38024150210414165	[2636, 162, 10, 734, 19, 132]	{2 6 3 3 }60358
373	0.9970222951649665	0.9994376786155434	0.1287673846844192	0.1941408295346144	[846, 10, 734, 19, 132, 241]	{4 2 5 1 }57483
374	0.9970682474000752	0.9994526738524623	0.1287673846844192	0.3710319774454073	[2654, 232, 10, 734, 19, 132]	{6 2 4 2 }60318
375	0.9971134904957529	0.9994648366557408	0.1287673846844192	0.7221435261135749	[160, 87, 1265, 193, 394, 432]	{4 3 1 1 }57696
376	0.9971580353955098	0.9994791076782544	0.1287673846844192	0.6144718123583833	[432, 422, 19, 734, 10, 494]	{3 1 1 5 }62719
377	0.9972018928739742	0.9994906830631821	0.1287673846844192	0.44533540154467305	[837, 162, 10, 158, 420, 1791]	{5 6 3 5 }61000
378	0.9972450735394993	0.9995020012173337	0.1287673846844192	0.45591365441607423	[320, 232, 10, 494, 2229, 1529]	{4 3 1 2 }59148
379	0.9972875878367292	0.9995112234170126	0.1287673846844192	0.3710653913227288	[320, 232, 10, 158, 420, 1582]	{1 2 4 3 }58637
380	0.9973294460491254	0.9995187662655155	0.1287673846844192	0.3261893857210155	[1792, 232, 10, 734, 19, 1460]	{5 3 4 2 }53778
381	0.9973706583014538	0.9995294603485041	0.1287673846844192	0.5276865571949214	[734, 10, 232, 193, 394, 432]	{6 1 3 3 }62551
382	0.9974112345622338	0.999538174045754	0.1287673846844192	0.4218560082309499	[107, 162, 10, 734, 19, 3308]	{5 4 5 1 }63024
383	0.9974511846461499	0.99954672637824	0.1287673846844192	0.3093012924849177	[377, 162, 107, 10, 734, 19]	{6 1 6 4 }70551
384	0.9974905182164254	0.9995551203341986	0.1287673846844192	0.5422153628981279	[1792, 232, 10, 162, 420, 1791]	{4 2 1 5 }57385
385	0.9975292447871595	0.9995633588465282	0.1287673846844192	0.4640412586553903	[1873, 10, 734, 19, 132, 217]	{2 4 6 2 }61097
386	0.9975673737256293	0.9995714447938148	0.1287673846844192	0.41149404560824615	[1820, 10, 734, 19, 132, 217]	{3 1 5 2 }64094
387	0.9976049142545548	0.999580968242841	0.1287673846844192	0.5286043096192637	[2238, 1549, 107, 10, 232, 2047]	{2 5 6 6 }64517
388	0.9976418754543301	0.9995887280901958	0.1287673846844192	0.35557684261559463	[2047, 232, 10, 734, 19, 400]	{3 6 5 1 }63404
389	0.9976782662652202	0.9995950748789274	0.1287673846844192	0.4174460855422384	[1549, 162, 10, 734, 19, 400]	{6 3 2 5 }58840
390	0.9977140954895223	0.9996040732149513	0.1287673846844192	0.6874280597260901	[331, 808, 1265, 193, 232, 10]	{1 1 3 5 }62950
391	0.9977493717936964	0.9996114051924522	0.1287673846844192	0.35103313913420187	[1799, 232, 10, 158, 420, 1791]	{4 3 3 2 }62822
392	0.9977841037104603	0.999617402025902	0.1287673846844192	0.5262770751585718	[2627, 301, 10, 734, 19, 132]	{6 4 1 4 }59638
393	0.9978182996408544	0.9996244871735704	0.1287673846844192	0.3508819983113869	[2047, 232, 10, 734, 19, 1460]	{3 5 5 6 }61989
394	0.9978519678562733	0.9996302821245956	0.1287673846844192	0.3892787551300833	[158, 10, 734, 19, 132, 1032]	{5 4 2 1 }59459
395	0.9978851165004666	0.9996384980773824	0.1287673846844192	0.6272597104081391	[394, 432, 422, 19, 734, 10]	{3 2 3 1 }57911
396	0.9979177535915088	0.9996440768107561	0.1287673846844192	0.6141466970190333	[241, 132, 217, 261, 2627, 301]	{1 5 1 2 }58675
397	0.9979498870237387	0.9996495694525654	0.1287673846844192	0.21853930910221597	[19, 734, 10, 158, 420, 1791]	{3 4 3 2 }56499
398	0.9979815245696686	0.9996560589071475	0.1287673846844192	0.6066758050718191	[1743, 1742, 400, 19, 132, 1032]	{4 4 1 1 }52441
399	0.9980126738818651	0.9996613666400619	0.1287673846844192	0.16749872591503795	[320, 232, 10, 158, 420, 1791]	{1 4 5 6 }53631
400	0.9980433424947992	0.9996676376282089	0.1287673846844192	0.41970405181790693	[1792, 232, 10, 158, 420, 1582]	{3 3 6 3 }55137
401	0.9980735378266696	0.9996737924869458	0.1287673846844192	0.1941408295346144	[846, 10, 734, 19, 132, 241]	{6 3 1 4 }63913
402	0.9981032671811964	0.9996798333668172	0.1287673846844192	0.18644425498262523	[10, 734, 19, 132, 241, 1031]	{3 2 4 5 }61649
403	0.9981325377493877	0.9996857623785428	0.1287673846844192	0.5684263683973814	[1265, 415, 10, 734, 19, 132]	{3 2 6 6 }68286
404	0.9981613566112799	0.9996915815937549	0.1287673846844192	0.4817850116841094	[2238, 1549, 162, 10, 232, 2047]	{3 1 1 5 }59307
405	0.998189730737649	0.9996972930457224	0.1287673846844192	0.33088423002522327	[1792, 232, 10, 734, 19, 400]	{2 3 3 6 }60135
406	0.9982176669916977	0.9997028987300609	0.1287673846844192	0.45756243128478064	[734, 10, 107, 162, 420, 1791]	{5 3 5 2 }65557
407	0.9982451721307147	0.999707483626202	0.1287673846844192	0.5048666701956248	[1549, 162, 107, 420, 158, 10]	{5 1 5 1 }60677
408	0.9982722528077098	0.9997139839900642	0.1287673846844192	0.6141466970190333	[241, 132, 217, 261, 2627, 301]	{3 3 5 6 }61788
409	0.998298915573023	0.9997183978173779	0.1287673846844192	0.2161373864102161	[1792, 232, 10, 158, 420, 1791]	{4 4 5 5 }55700
410	0.9983251668759084	0.9997236126726117	0.1287673846844192	0.2735446005765389	[1549, 162, 107, 10, 232, 2047]	{3 1 4 4 }58092
411	0.998351013066095	0.9997278779091454	0.1287673846844192	0.2730726676895317	[107, 162, 10, 734, 19, 132]	{4 3 1 2 }55949
412	0.9983764603953219	0.99973392506672	0.1287673846844192	0.5597296726288383	[2872, 241, 132, 19, 400, 4079]	{3 4 3 5 }58933
413	0.9984015150188509	0.9997410203982742	0.1287673846844192	0.6546911930944466	[1849, 420, 158, 1557, 15, 432]	{1 1 2 6 }61360
414	0.9984261829969551	0.9997458163168246	0.1287673846844192	0.41970405181790693	[1792, 232, 10, 158, 420, 1582]	{2 4 5 5 }63983
415	0.9984504702963848	0.999752594548376	0.1287673846844192	0.47944171518065637	[1579, 1580, 438, 10, 734, 19]	{4 1 4 5 }73216
416	0.9984743827918109	0.9997571761308135	0.1287673846844192	0.6333895759883759	[1792, 232, 10, 107, 162, 3284]	{5 4 5 6 }58003
417	0.998497926267246	0.9997625722167953	0.1287673846844192	0.5017324050790279	[1579, 1580, 438, 10, 232, 2047]	{4 4 2 4 }57920
418	0.9985211064174427	0.9997662362257954	0.1287673846844192	0.4418537765171137	[193, 232, 10, 734, 19, 1460]	{4 3 1 6 }59971
419	0.9985439288492723	0.99977371666657	0.1287673846844192	0.5005220038700334	[1580, 438, 2729, 496, 2728, 301]	{4 5 4 1 }55863
420	0.9985663990830799	0.9997797508887948	0.1287673846844192	0.686931911463658	[394, 193, 232, 1792, 496, 3366]	{2 4 2 1 }57729
421	0.99858852255402	0.999783149794832	0.1287673846844192	0.27755072522583735	[320, 232, 10, 734, 19, 1460]	{4 1 5 6 }62211
422	0.9986103046133715	0.9997879686882801	0.1287673846844192	0.3753628939621997	[420, 158, 10, 734, 19, 1460]	{3 4 4 3 }70694
423	0.9986317505298319	0.9997912407764239	0.1287673846844192	0.2161373864102161	[1792, 232, 10, 158, 420, 1791]	{4 5 5 1 }61217
424	0.9986528654907912	0.9997944623693803	0.1287673846844192	0.4026723725695783	[1549, 107, 10, 734, 19, 1987]	{6 5 6 3 }71813
425	0.9986736546035877	0.9997976342463961	0.1287673846844192	0.2512539106781674	[1549, 162, 107, 10, 734, 19]	{5 1 4 4 }60781
426	0.9986941228967422	0.9998021312631428	0.1287673846844192	0.6860290565464966	[1549, 107, 10, 438, 1580, 301]	{3 2 2 1 }58686
427	0.9987142753211752	0.9998057954990105	0.1287673846844192	0.1941408295346144	[846, 10, 734, 19, 132, 241]	{6 1 3 2 }62662
428	0.998734116751404	0.9998087924820505	0.1287673846844192	0.4779683117804445	[241, 132, 19, 734, 2229, 494]	{5 2 6 1 }61266
429	0.9987536519867218	0.9998117432153522	0.1287673846844192	0.16749872591503795	[320, 232, 10, 158, 420, 1791]	{4 2 5 4 }61029
430	0.9987728857523588	0.9998146484126461	0.1287673846844192	0.4418537765171137	[193, 232, 10, 734, 19, 1460]	{2 4 2 1 }61541
431	0.9987918227006248	0.9998175087766485	0.1287673846844192	0.5836390922523209	[1580, 301, 10, 158, 420, 1791]	{5 5 6 2 }57302
432	0.9988104674120349	0.9998208882437476	0.1287673846844192	0.34807221917075004	[158, 10, 734, 19, 132, 217]	{3 2 1 6 }59450
433	0.9988288243964172	0.9998242051281226	0.1287673846844192	0.1941408295346144	[846, 10, 734, 19, 132, 241]	{2 1 6 5 }60872
434	0.9988468980940033	0.999827460588713	0.1287673846844192	0.5948652828045891	[2297, 400, 19, 132, 241, 1031]	{1 1 6 3 }61937
435	0.9988646928765033	0.9998329818498741	0.1287673846844192	0.5005220038700334	[1580, 438, 2729, 496, 2728, 301]	{5 3 2 4 }64955
436	0.9988822130481622	0.9998366933643215	0.1287673846844192	0.5113353056757508	[1579, 1580, 301, 2729, 438, 3366]	{3 4 2 6 }66275
437	0.9988994628468016	0.9998392135284523	0.1287673846844192	0.5857347020067026	[359, 158, 10, 734, 19, 400]	{6 4 6 5 }63333
438	0.9989164464448448	0.9998416948011614	0.1287673846844192	0.2512539106781674	[1549, 162, 107, 10, 734, 19]	{3 4 5 5 }60145
439	0.9989331679503256	0.9998452126944688	0.1287673846844192	0.42089048894888004	[320, 232, 10, 734, 2229, 494]	{3 5 2 3 }67589
440	0.9989496314078823	0.9998480791260528	0.1287673846844192	0.3261893857210155	[1792, 232, 10, 734, 19, 1460]	{1 2 5 5 }61508
441	0.9989658407997359	0.9998508924755704	0.1287673846844192	0.4984892342518658	[837, 162, 10, 734, 19, 1987]	{3 2 2 1 }63333
442	0.9989818000466536	0.9998542059761132	0.1287673846844192	0.3508819983113869	[2047, 232, 10, 734, 19, 1460]	{5 1 3 2 }59311
443	0.9989975130088966	0.9998588713848776	0.1287673846844192	0.46327330397949845	[10, 232, 1792, 496, 2728, 301]	{6 3 1 6 }64764
444	0.9990129834871544	0.9998610492956047	0.1287673846844192	0.355853074634424	[1549, 162, 10, 734, 19, 1987]	{3 1 3 4 }61717
445	0.9990282152234637	0.999864754647722	0.1287673846844192	0.5223622203495049	[2047, 232, 1792, 496, 2728, 301]	{3 3 3 2 }57672
446	0.999043211902114	0.9998672591912827	0.1287673846844192	0.33159198238328924	[377, 162, 107, 10, 232, 2047]	{1 1 4 1 }63317
447	0.9990579771505381	0.999869307660553	0.1287673846844192	0.4174460855422384	[1549, 162, 10, 734, 19, 400]	{4 3 3 4 }57512
448	0.9990725145401903	0.9998713245176433	0.1287673846844192	0.46414967336266133	[734, 10, 232, 1792, 496, 3366]	{5 2 5 2 }60935
449	0.9990868275874096	0.9998754421330787	0.1287673846844192	0.4490309472639553	[320, 232, 1792, 496, 2728, 301]	{5 5 1 2 }58720
450	0.9991009197542706	0.9998777487602438	0.1287673846844192	0.16749872591503795	[320, 232, 10, 158, 420, 1791]	{4 6 3 1 }60565
451	0.9991147944494208	0.9998804654544606	0.1287673846844192	0.3756492218095388	[2309, 420, 158, 10, 232, 2047]	{3 3 2 4 }61779
452	0.999128455028905	0.9998823101233733	0.1287673846844192	0.5062659073349222	[1549, 162, 10, 158, 420, 1582]	{4 4 1 3 }64187
453	0.9991419047969774	0.9998841263251731	0.1287673846844192	0.3107871986317668	[1549, 107, 10, 734, 19, 132]	{3 4 5 2 }59927
454	0.9991551470069007	0.9998878342827675	0.1287673846844192	0.4490309472639553	[320, 232, 1792, 496, 2728, 301]	{6 3 4 3 }62347
455	0.9991681848617324	0.9998908253685604	0.1287673846844192	0.8614678087510476	[2872, 241, 132, 19, 84, 3308]	{1 5 3 6 }64304
456	0.9991810215151007	0.9998928471209945	0.1287673846844192	0.5622342297886197	[420, 162, 107, 10, 232, 2047]	{5 2 5 3 }64443
457	0.9991936600719664	0.9998948314335687	0.1287673846844192	0.44439666440827835	[2047, 232, 10, 158, 420, 1582]	{1 3 6 6 }61690
458	0.9992061035893743	0.9998967789996137	0.1287673846844192	0.3118040089201504	[107, 162, 10, 158, 420, 1791]	{4 3 2 5 }60490
459	0.9992183550771927	0.9998986904996209	0.1287673846844192	0.9213990886471214	[1549, 162, 1583, 1013, 156, 1540]	{1 6 1 6 }63119
460	0.999230417498841	0.9999009418218515	0.1287673846844192	0.32201528250336287	[377, 162, 10, 734, 19, 132]	{1 4 2 5 }53698
461	0.999242293772007	0.9999024704974402	0.1287673846844192	0.34773978520994625	[10, 734, 19, 132, 241, 1729]	{1 4 2 3 }62346
462	0.9992539867693525	0.9999039755823562	0.1287673846844192	0.20635641730273835	[158, 10, 734, 19, 132, 241]	{3 1 6 4 }61642
463	0.9992654993192083	0.9999061094583039	0.1287673846844192	0.4490309472639553	[320, 232, 1792, 496, 2729, 301]	{5 5 4 5 }71168
464	0.9992768342062575	0.9999081959147861	0.1287673846844192	0.5276865571949214	[734, 10, 232, 193, 394, 432]	{1 1 1 6 }61458
465	0.9992879941722103	0.9999102360055686	0.1287673846844192	0.6002189374211868	[107, 162, 10, 494, 2229, 1529]	{6 6 4 6 }60686
466	0.9992989819164663	0.9999118983017617	0.1287673846844192	0.5018959930791344	[1580, 438, 10, 158, 420, 1791]	{5 5 5 3 }56551
467	0.9993098000967677	0.9999138561172781	0.1287673846844192	0.4739103174596212	[1792, 232, 10, 734, 2229, 1529]	{4 2 2 4 }59433
468	0.9993204513298424	0.9999154513743655	0.1287673846844192	0.6244005274634061	[846, 10, 232, 193, 394, 432]	{1 5 6 6 }59104
469	0.9993309381920361	0.9999170170896551	0.1287673846844192	0.6047498602355452	[2051, 1849, 420, 158, 10, 494]	{4 4 4 1 }57530
470	0.9993412632199368	0.9999185538102171	0.1287673846844192	0.5553874008554724	[837, 162, 10, 734, 19, 3308]	{1 3 3 2 }67893
471	0.9993514289109872	0.9999216813439047	0.1287673846844192	0.733654113067749	[3869, 438, 2729, 496, 2728, 301]	{1 1 6 6 }57592
472	0.9993614377240893	0.999923131689388	0.1287673846844192	0.1941408295346144	[846, 10, 734, 19, 132, 241]	{6 3 1 2 }59976
473	0.9993712920801989	0.9999245551766215	0.1287673846844192	0.5683368025944038	[87, 1265, 193, 232, 10, 1873]	{5 2 5 2 }57679
474	0.999380994362912	0.9999257194485872	0.1287673846844192	0.2512539106781674	[1549, 162, 107, 10, 734, 19]	{2 1 2 6 }58065
475	0.9993905469190398	0.9999277002632916	0.1287673846844192	0.614061877125219	[1579, 1580, 301, 2728, 496, 3366]	{3 1 3 1 }61885
476	0.9993999520591781	0.9999296282562705	0.1287673846844192	0.20209865776996874	[2047, 232, 10, 734, 19, 132]	{1 2 4 3 }62237
477	0.9994092120582648	0.9999309314367099	0.1287673846844192	0.18644425498262523	[10, 734, 19, 132, 241, 1031]	{2 1 3 6 }63492
478	0.9994183291561312	0.9999319973096001	0.1287673846844192	0.27755072522583735	[320, 232, 10, 734, 19, 1460]	{6 4 5 6 }58730
479	0.9994273055580427	0.9999332566186817	0.1287673846844192	0.3495185398623855	[1549, 107, 10, 158, 420, 1791]	{1 4 6 2 }62372
480	0.9994361434352333	0.9999342866091341	0.1287673846844192	0.31230179790358314	[1799, 232, 10, 734, 19, 132]	{1 2 5 1 }64565
481	0.9994448449254304	0.9999355035237798	0.1287673846844192	0.45904182109697883	[846, 10, 734, 19, 241, 1031]	{5 3 5 6 }67749
482	0.9994534121333712	0.999936697902969	0.1287673846844192	0.1941408295346144	[846, 10, 734, 19, 132, 241]	{4 6 5 1 }56692
483	0.9994618471313131	0.9999376747871824	0.1287673846844192	0.4479547611983111	[107, 162, 10, 734, 19, 241]	{2 1 6 4 }57939
484	0.9994701519595336	0.9999386365960222	0.1287673846844192	0.22065255862223065	[320, 232, 10, 734, 19, 1987]	{4 1 4 5 }58129
485	0.9994783286268247	0.9999397729553552	0.1287673846844192	0.5017324050790279	[1579, 1580, 438, 10, 232, 2047]	{3 2 6 4 }59028
486	0.9994863791109787	0.9999407023850565	0.1287673846844192	0.5048666701956248	[1549, 162, 107, 420, 158, 10]	{1 5 4 4 }60523
487	0.999494305359266	0.9999416174717068	0.1287673846844192	0.384955609913507	[193, 232, 10, 734, 19, 1987]	{1 2 1 1 }60888
488	0.999502109288907	0.9999425184366496	0.1287673846844192	0.46426538347739266	[1549, 107, 10, 734, 19, 400]	{3 6 6 4 }67312
489	0.9995097927875349	0.9999434054978125	0.1287673846844192	0.2161373864102161	[1792, 232, 10, 158, 420, 1791]	{3 6 6 6 }62587
490	0.9995173577136532	0.9999442788697598	0.1287673846844192	0.4127512412380307	[1549, 162, 10, 734, 19, 3308]	{6 3 6 5 }61581
491	0.9995248058970845	0.9999455171170984	0.1287673846844192	0.5276865571949214	[734, 10, 232, 193, 394, 432]	{6 2 5 4 }63055
492	0.9995321391394135	0.9999467278478296	0.1287673846844192	0.3756492218095388	[2309, 420, 158, 10, 232, 2047]	{3 3 2 1 }58904
493	0.9995393592144225	0.9999479116734334	0.1287673846844192	0.5292449275016238	[2047, 232, 10, 494, 2229, 1529]	{3 2 6 1 }57740
494	0.999546467868521	0.9999487155056335	0.1287673846844192	0.6511709848779684	[320, 232, 10, 734, 811, 3284]	{5 1 3 3 }56100
495	0.9995534668211672	0.9999500830921499	0.1287673846844192	0.5683368025944038	[87, 1265, 193, 232, 10, 1873]	{6 5 4 3 }62174
496	0.9995603577652851	0.9999511923567689	0.1287673846844192	0.21853930910221597	[19, 734, 10, 158, 420, 1791]	{5 6 4 6 }57805
497	0.9995671423676726	0.9999522769710628	0.1287673846844192	0.5730792313992699	[158, 10, 232, 1792, 496, 3366]	{3 2 4 2 }58280
498	0.999573822269406	0.999953337482817	0.1287673846844192	0.7594027868927319	[359, 158, 10, 494, 2229, 1529]	{1 1 3 1 }57755
499	0.9995803990862362	0.9999542016035056	0.1287673846844192	0.3261893857210155	[1792, 232, 10, 734, 19, 3308]	{3 6 6 6 }54551
