0	0.015432098765432056	0.015432098765432056	0.4631646518485155	0.4631646518485155	[1580, 438, 10, 734, 19, 132]	{4 6 2 2 }66089
1	0.030626047858558048	0.030626047858558048	0.3261893857210155	0.3261893857210155	[1792, 232, 10, 734, 19, 1460]	{6 5 5 3 }65828
2	0.045585522428642	0.048577417342658746	0.3261893857210155	0.3533585319111673	[2309, 420, 158, 10, 734, 19]	{3 1 5 2 }60795
3	0.06031414090968146	0.06619635405853541	0.3261893857210155	0.7147803058406799	[2051, 1849, 420, 158, 10, 301]	{5 4 4 4 }65395
4	0.07481546589564314	0.08060690415022465	0.2161373864102161	0.2161373864102161	[1792, 232, 10, 158, 420, 1791]	{6 4 4 6 }64777
5	0.08909300500219186	0.10103786183577523	0.2161373864102161	0.6202167057073507	[193, 232, 10, 494, 2229, 1529]	{6 6 6 4 }63458
6	0.10315021171512095	0.11491073433830956	0.2161373864102161	0.3292138648989942	[320, 232, 10, 734, 19, 409]	{1 4 5 5 }65876
7	0.11699048622569008	0.1285695193022245	0.20635641730273835	0.20635641730273835	[158, 10, 734, 19, 132, 241]	{4 1 2 6 }63816
8	0.13061717625307134	0.14201752054756045	0.20635641730273835	0.2512539106781674	[1549, 162, 107, 10, 734, 19]	{5 3 2 6 }62390
9	0.1440335778541042	0.15790608498186487	0.20635641730273835	0.3318017772063142	[193, 232, 10, 158, 420, 1791]	{4 6 2 3 }64781
10	0.1572429362205532	0.17090136144819412	0.20635641730273835	0.318464727358593	[420, 158, 10, 734, 19, 1987]	{4 3 3 3 }65679
11	0.17024844646406312	0.18932577563823427	0.20635641730273835	0.44439666440827835	[2047, 232, 10, 158, 420, 1582]	{3 6 6 1 }66612
12	0.18305325438900033	0.20433826127456323	0.20635641730273835	0.33088423002522327	[1792, 232, 10, 734, 19, 400]	{1 6 6 5 }63555
13	0.19566045725336756	0.21907273791762683	0.20635641730273835	0.5290248426455598	[2636, 162, 10, 734, 19, 3308]	{6 4 6 2 }61755
14	0.208073104517976	0.23112408455470046	0.20635641730273835	0.42089048894888004	[320, 232, 10, 734, 2229, 494]	{2 2 4 1 }64358
15	0.22029419858405663	0.2453625274333171	0.1941408295346144	0.1941408295346144	[846, 10, 734, 19, 132, 241]	{3 2 5 4 }62131
16	0.2323266955194878	0.25700816744206223	0.1941408295346144	0.49357670240294965	[320, 232, 10, 162, 420, 1791]	{3 4 2 3 }61536
17	0.2441735057738167	0.27076727545239443	0.1941408295346144	0.507005866231405	[1879, 232, 10, 158, 420, 1791]	{5 3 3 1 }65484
18	0.2558374948822454	0.28697244710900793	0.1941408295346144	0.5376696922740493	[734, 19, 132, 1031, 241, 1126]	{1 3 2 6 }61499
19	0.2673214841587539	0.297975958727696	0.1941408295346144	0.3710653913227288	[320, 232, 10, 158, 420, 1582]	{3 2 3 3 }63938
20	0.2786282513785262	0.3109764039364423	0.1941408295346144	0.3495185398623855	[1549, 107, 10, 158, 420, 1791]	{1 1 5 1 }64123
21	0.28976053144984526	0.3293503664981372	0.1941408295346144	0.6622472911833186	[1579, 1580, 301, 2627, 438, 970]	{5 4 6 1 }61011
22	0.30072101707561927	0.3417698041555791	0.1941408295346144	0.45957053917318497	[1549, 107, 10, 734, 19, 3308]	{2 3 1 3 }63266
23	0.31151235940469924	0.35395925222677205	0.1941408295346144	0.35103313913420187	[1799, 232, 10, 158, 420, 1791]	{5 5 4 4 }66489
24	0.32213716867314524	0.3711870055007248	0.1941408295346144	0.6601958453775932	[87, 1265, 415, 733, 734, 10]	{2 2 3 2 }61864
25	0.3325980148355967	0.3851606276007087	0.1941408295346144	0.6491615522350179	[377, 162, 10, 494, 2229, 1529]	{1 6 3 5 }62101
26	0.34289742818689917	0.3965465419043992	0.17740604517959738	0.17740604517959738	[1792, 232, 10, 734, 19, 132]	{1 6 3 2 }63343
27	0.35303789997413837	0.4099566187509681	0.17740604517959738	0.8184001794230326	[2627, 301, 10, 734, 2229, 494]	{5 5 3 5 }65311
28	0.3630218829992288	0.4288380069509371	0.17740604517959738	0.4490309472639553	[320, 232, 1792, 496, 2728, 301]	{3 4 5 6 }61236
29	0.37285179221220366	0.4394150808962901	0.17740604517959738	0.45756243128478064	[734, 10, 107, 162, 420, 1791]	{3 3 1 2 }63999
30	0.38253000529534864	0.44979628310191433	0.17740604517959738	0.5153600542424949	[377, 162, 1549, 107, 10, 1873]	{5 3 6 1 }61400
31	0.3920588632383216	0.4582870812021934	0.17740604517959738	0.3495185398623855	[1549, 107, 10, 158, 420, 1791]	{5 2 2 4 }61543
32	0.40144067090439683	0.4683188019206713	0.17740604517959738	0.33407262502458396	[1849, 420, 158, 10, 734, 19]	{2 3 3 3 }62053
33	0.4106776975879709	0.4765237586811548	0.17740604517959738	0.35228813868837683	[1792, 232, 10, 734, 19, 241]	{6 1 1 5 }63053
34	0.4197721775634652	0.4862177631500223	0.17740604517959738	0.36752751208569656	[2636, 162, 107, 10, 734, 19]	{5 3 5 5 }63757
35	0.4287263106257574	0.49991862279935506	0.17740604517959738	0.425271656964443	[320, 232, 10, 734, 2229, 1529]	{2 5 5 6 }62327
36	0.43754226262227347	0.5132541261913722	0.17740604517959738	0.8963408529420295	[2636, 162, 1549, 107, 1794, 1791]	{1 5 5 2 }62688
37	0.44622216597686803	0.5262340161596023	0.17740604517959738	0.5339997284818205	[811, 734, 19, 132, 241, 1031]	{4 6 5 1 }66201
38	0.4547681202056201	0.5350074603047948	0.17740604517959738	0.2161373864102161	[1792, 232, 10, 158, 420, 1791]	{2 5 2 6 }65102
39	0.46318219242466907	0.5421832711025603	0.17740604517959738	0.490480173062598	[1742, 400, 19, 132, 241, 1031]	{2 2 3 6 }64811
40	0.47146641785021426	0.5492483440793726	0.1287673846844192	0.1287673846844192	[320, 232, 10, 734, 19, 132]	{3 4 5 2 }61845
41	0.4796228002907974	0.5592650475442755	0.1287673846844192	0.48234947979600745	[1529, 2229, 734, 19, 132, 241]	{1 3 5 6 }63304
42	0.48765331263198874	0.5660665128599502	0.1287673846844192	0.5526479030943271	[1792, 232, 10, 438, 1580, 301]	{3 3 6 2 }65472
43	0.49555989731359384	0.5741023181773586	0.1287673846844192	0.31230179790358314	[1799, 232, 10, 734, 19, 132]	{1 6 2 2 }61067
44	0.5033444667994951	0.5819893122851851	0.1287673846844192	0.37706316736195933	[846, 10, 734, 19, 132, 1032]	{2 6 1 2 }62763
45	0.5110089040402437	0.5884400945030064	0.1287673846844192	0.2730726676895317	[107, 162, 10, 734, 19, 132]	{2 3 1 2 }61911
46	0.5185550629285114	0.5960615742344322	0.1287673846844192	0.5276865571949214	[734, 10, 232, 193, 394, 432]	{5 5 3 6 }60196
47	0.5259847687475159	0.6068332655881806	0.1287673846844192	0.5113353056757508	[1579, 1580, 301, 2729, 438, 3366]	{6 1 2 6 }62775
48	0.5332998186125233	0.6129006534649062	0.1287673846844192	0.5857347020067026	[359, 158, 10, 734, 19, 400]	{3 1 3 1 }64800
49	0.5405019819055399	0.6200691598822228	0.1287673846844192	0.1941408295346144	[846, 10, 734, 19, 132, 241]	{4 3 1 2 }64194
50	0.5475930007032939	0.6285120674403957	0.1287673846844192	0.4492631897240643	[432, 422, 19, 132, 241, 1126]	{5 5 4 1 }62643
51	0.5545745901986134	0.6342449059058216	0.1287673846844192	0.22657955342078154	[420, 158, 10, 734, 19, 132]	{6 3 5 5 }64448
52	0.5614484391153014	0.6423727968856923	0.1287673846844192	0.5495915186585395	[320, 232, 10, 438, 2729, 301]	{3 6 6 2 }62400
53	0.5682162101166085	0.6503200680660102	0.1287673846844192	0.2161373864102161	[1792, 232, 10, 158, 420, 1791]	{6 3 5 4 }64729
54	0.5748795402074016	0.656795622361084	0.1287673846844192	0.4066040603140543	[837, 162, 10, 734, 19, 132]	{1 4 6 4 }62269
55	0.5814400411301268	0.6644223863086156	0.1287673846844192	0.42375233682793245	[2149, 420, 158, 10, 232, 2047]	{4 4 2 4 }63472
56	0.5878992997546619	0.669601053186569	0.1287673846844192	0.3292138648989942	[320, 232, 10, 734, 19, 409]	{4 6 6 6 }63188
57	0.5942588784621516	0.6769432520046452	0.1287673846844192	0.48471517633303335	[811, 734, 10, 158, 420, 1791]	{2 2 3 6 }62046
58	0.6005203155229208	0.6829257843749296	0.1287673846844192	0.5286043096192637	[2238, 1549, 107, 10, 232, 2047]	{2 5 2 5 }63191
59	0.6066851254685548	0.6878189049864276	0.1287673846844192	0.4490309472639553	[320, 232, 1792, 496, 2729, 301]	{5 5 3 3 }65000
60	0.6127547994582376	0.6961437341867895	0.1287673846844192	0.17740604517959738	[1792, 232, 10, 734, 19, 132]	{2 1 4 4 }61950
61	0.6187308056394376	0.7058671346928123	0.1287673846844192	0.5005220038700334	[1580, 438, 2729, 496, 2728, 301]	{2 5 5 2 }65649
62	0.6246145895030265	0.7124034205885276	0.1287673846844192	0.4817850116841094	[2238, 1549, 162, 10, 232, 2047]	{5 3 5 3 }61294
63	0.630407574232918	0.7177292831702216	0.1287673846844192	0.21853930910221597	[19, 734, 10, 158, 420, 1791]	{6 3 2 6 }63090
64	0.6361111610503113	0.7240019657664388	0.1287673846844192	0.5290248426455598	[2636, 162, 10, 734, 19, 3308]	{4 3 2 4 }64979
65	0.6417267295526212	0.7301352554160736	0.1287673846844192	0.596673621058105	[1579, 1580, 301, 2627, 261, 217]	{2 5 5 2 }66702
66	0.6472556380471796	0.7387709272427592	0.1287673846844192	0.5872264483497431	[1873, 10, 734, 19, 241, 1031]	{6 5 6 3 }66163
67	0.6526992238797849	0.7436085026641897	0.1287673846844192	0.42375346724447405	[1743, 1742, 400, 19, 132, 241]	{3 4 5 2 }65432
68	0.6580588037581832	0.7493060914938743	0.1287673846844192	0.5243436230517327	[2047, 232, 10, 734, 19, 2004]	{1 5 6 1 }67861
69	0.6633356740705569	0.753174824649833	0.1287673846844192	0.5629140520023752	[377, 162, 107, 420, 158, 10]	{6 3 1 4 }65453
70	0.6685311111990977	0.7577456612303917	0.1287673846844192	0.24508563114986298	[10, 734, 19, 132, 241, 1126]	{6 5 3 2 }62201
71	0.6736463718287411	0.7642057769309145	0.1287673846844192	0.4927957536832894	[1792, 496, 2729, 438, 1580, 301]	{1 4 1 4 }63174
72	0.6786826932511372	0.7704936228794235	0.1287673846844192	0.5339997284818205	[811, 734, 19, 132, 241, 1031]	{3 1 5 6 }62622
73	0.6836412936639282	0.775593764593214	0.1287673846844192	0.5876478482757559	[1879, 496, 2729, 438, 1580, 301]	{4 4 3 3 }61649
74	0.6885233724654107	0.7790568237815904	0.1287673846844192	0.5040092425991489	[320, 232, 10, 438, 1580, 301]	{3 5 3 2 }61259
75	0.6933301105446482	0.7831483640819312	0.1287673846844192	0.33407262502458396	[1849, 420, 158, 10, 734, 19]	{5 6 4 2 }60182
76	0.6980626705671074	0.7864948399448645	0.1287673846844192	0.5839287633058052	[3621, 1720, 241, 132, 19, 1987]	{3 1 6 3 }66410
77	0.7027221972558866	0.7912393990572008	0.1287673846844192	0.7078753572285972	[1794, 1791, 420, 162, 107, 10]	{3 3 6 4 }62977
78	0.7073098176686043	0.794461013269281	0.1287673846844192	0.47926281625203476	[320, 232, 10, 734, 19, 77]	{2 1 2 2 }60345
79	0.7118266414700147	0.7990285463077414	0.1287673846844192	0.3261893857210155	[1792, 232, 10, 734, 19, 3308]	{5 6 3 3 }60583
80	0.7162737612004157	0.8027502398946351	0.1287673846844192	0.20209865776996874	[2047, 232, 10, 734, 19, 132]	{2 6 3 4 }62473
81	0.7206522525399155	0.8090622322180068	0.1287673846844192	0.47818075077320266	[1579, 1580, 301, 2627, 438, 3366]	{6 6 6 4 }63303
82	0.7249631745686205	0.8120088027084696	0.1287673846844192	0.2161373864102161	[1792, 232, 10, 158, 420, 1791]	{4 2 4 6 }63510
83	0.7292075700228084	0.8180245210217987	0.1287673846844192	0.629929288245196	[1580, 438, 2627, 301, 2729, 969]	{3 3 5 4 }65536
84	0.7333864655471478	0.8220684205546476	0.1287673846844192	0.5422153628981279	[1792, 232, 10, 162, 420, 1791]	{6 3 6 6 }63451
85	0.7375008719430252	0.8253634498036355	0.1287673846844192	0.5176610839952447	[107, 10, 734, 19, 422, 432]	{1 3 6 6 }63126
86	0.7415517844130401	0.8300204244755386	0.1287673846844192	0.5683368025944038	[87, 1265, 193, 232, 10, 1873]	{4 1 2 5 }64310
87	0.7455401828017278	0.8331681943926582	0.1287673846844192	0.38005773826640743	[420, 158, 10, 734, 19, 400]	{5 1 1 1 }62785
88	0.7494670318325654	0.8362576722742756	0.1287673846844192	0.4640412586553903	[1873, 10, 734, 19, 132, 217]	{2 3 1 1 }63355
89	0.753333281341322	0.8387845600478208	0.1287673846844192	0.355853074634424	[1549, 162, 10, 734, 19, 1987]	{1 6 1 2 }62269
90	0.7571398665058078	0.8412724526396754	0.1287673846844192	0.4963011283524297	[377, 162, 1549, 107, 420, 1791]	{2 5 4 1 }67781
91	0.7608877080720762	0.8455051872359507	0.1287673846844192	0.49860293004999257	[2047, 232, 10, 734, 2229, 1529]	{3 3 2 1 }64852
92	0.7645777125771367	0.8483662022871368	0.1287673846844192	0.2161373864102161	[1792, 232, 10, 158, 420, 1791]	{1 2 1 6 }63962
93	0.7682107725682302	0.8507062300296193	0.1287673846844192	0.21853930910221597	[19, 734, 10, 158, 420, 1791]	{4 6 4 3 }65111
94	0.7717877668187205	0.8530101462328659	0.1287673846844192	0.3349518871601905	[241, 132, 19, 734, 10, 494]	{3 1 5 2 }60831
95	0.7753095605406538	0.8569298756666561	0.1287673846844192	0.3587532375194829	[394, 193, 232, 10, 734, 19]	{4 5 1 5 }62560
96	0.7787770055940388	0.8591377479557509	0.1287673846844192	0.6141466970190333	[241, 132, 217, 261, 2627, 301]	{5 5 4 3 }65154
97	0.7821909406928962	0.8622680202234009	0.1287673846844192	0.42089048894888004	[320, 232, 10, 734, 2229, 494]	{6 5 2 6 }67472
98	0.7855521916081293	0.8643935137384718	0.1287673846844192	0.20635641730273835	[158, 10, 734, 19, 132, 241]	{5 2 3 4 }64683
99	0.7888615713672631	0.866486206427693	0.1287673846844192	0.29307043597569554	[193, 232, 10, 734, 19, 132]	{3 6 4 3 }63603
100	0.7921198804511016	0.8689586840864394	0.1287673846844192	0.2161373864102161	[1792, 232, 10, 158, 420, 1791]	{3 3 5 3 }62342
101	0.79532790698735	0.8718707133289629	0.1287673846844192	0.3898182019840681	[2636, 162, 107, 10, 232, 2047]	{4 5 4 6 }62366
102	0.7984864269412489	0.8747180308105416	0.1287673846844192	0.5604721729766363	[1549, 162, 10, 734, 2229, 1529]	{2 3 1 1 }62365
103	0.8015962043032667	0.8770380672770131	0.1287673846844192	0.4963011283524297	[377, 162, 1549, 107, 420, 1791]	{5 1 1 5 }66044
104	0.8046579912738953	0.8789356279671825	0.1287673846844192	0.21853930910221597	[19, 734, 10, 158, 420, 1791]	{5 2 4 6 }62261
105	0.8076725284455943	0.8811775607826051	0.1287673846844192	0.2161373864102161	[1792, 232, 10, 158, 420, 1791]	{2 1 4 4 }63124
106	0.8106405449819278	0.8838180594318805	0.1287673846844192	0.592083293092601	[1791, 420, 158, 10, 494, 2626]	{1 1 6 1 }66225
107	0.8135627587939351	0.8863998803333943	0.1287673846844192	0.5604721729766363	[1549, 162, 10, 734, 2229, 1529]	{5 1 2 6 }64762
108	0.8164398767137817	0.8881529685998543	0.1287673846844192	0.5040092425991489	[320, 232, 10, 438, 1580, 301]	{6 1 2 3 }64148
109	0.8192725946657295	0.8898790030350416	0.1287673846844192	0.46414967336266133	[734, 10, 232, 1792, 496, 3366]	{1 5 2 6 }64294
110	0.8220615978344683	0.891918280756615	0.1287673846844192	0.2939838317077802	[2047, 232, 10, 734, 19, 1987]	{3 6 3 2 }63474
111	0.8248075608308499	0.8953768957724033	0.1287673846844192	0.4490309472639553	[320, 232, 1792, 496, 2728, 301]	{5 2 5 4 }63488
112	0.8275111478550652	0.8977018536441277	0.1287673846844192	0.425271656964443	[320, 232, 10, 734, 2229, 1529]	{5 5 5 4 }65344
113	0.8301730128573019	0.899596263761829	0.1287673846844192	0.1941408295346144	[846, 10, 734, 19, 132, 241]	{4 2 5 3 }62954
114	0.8327937996959238	0.9011457041358749	0.1287673846844192	0.2512539106781674	[1549, 162, 107, 10, 734, 19]	{2 6 5 6 }65430
115	0.8353741422932088	0.9026712333930373	0.1287673846844192	0.2512539106781674	[1549, 162, 107, 10, 734, 19]	{5 6 5 2 }64679
116	0.837914664788684	0.9041732205320336	0.1287673846844192	0.2512539106781674	[1549, 162, 107, 10, 734, 19]	{4 6 6 3 }66492
117	0.8404159816900932	0.9059477905221811	0.1287673846844192	0.4736607547328072	[846, 10, 734, 19, 422, 432]	{4 2 3 6 }66181
118	0.8428786980220363	0.9073992135079499	0.1287673846844192	0.22657955342078154	[420, 158, 10, 734, 19, 132]	{5 2 6 4 }64587
119	0.8453034094723135	0.908828237990852	0.1287673846844192	0.6331636049638525	[10, 107, 162, 1583, 1013, 156]	{2 4 1 1 }66641
120	0.8476907025360123	0.9102352096267956	0.1287673846844192	0.6876121530801484	[734, 10, 232, 1792, 496, 217]	{4 4 2 5 }66023
121	0.8500411546573702	0.912628937370081	0.1287673846844192	0.26929121911740883	[1792, 232, 10, 734, 19, 1987]	{4 5 4 2 }64175
122	0.8523553343694478	0.9145705165396348	0.1287673846844192	0.596673621058105	[1579, 1580, 301, 2627, 261, 217]	{4 2 3 6 }64331
123	0.8546338014316477	0.9158888727658749	0.1287673846844192	0.39062181355682657	[432, 422, 19, 132, 241, 1031]	{2 2 6 3 }63072
124	0.8568771069651099	0.9177580089266333	0.1287673846844192	0.32201528250336287	[377, 162, 10, 734, 19, 132]	{1 4 5 1 }63742
125	0.8590857935860187	0.9195856087282637	0.1287673846844192	0.6047498602355452	[2051, 1849, 420, 158, 10, 494]	{5 5 3 4 }64742
126	0.8612603955368516	0.9213725952009689	0.1287673846844192	0.7674340542859942	[837, 162, 107, 10, 494, 2626]	{1 1 4 2 }65929
127	0.8634014388156039	0.9231198708631696	0.1287673846844192	0.46327330397949845	[10, 232, 1792, 496, 2728, 301]	{1 3 2 6 }62383
128	0.8655094413030175	0.9243062926091083	0.1287673846844192	0.3318017772063142	[193, 232, 10, 158, 420, 1791]	{2 3 2 3 }63503
129	0.8675849128878474	0.9259883749955726	0.1287673846844192	0.44439666440827835	[988, 420, 158, 10, 232, 2047]	{6 4 4 5 }66453
130	0.8696283555901955	0.9276330777734488	0.1287673846844192	0.4161807601939807	[837, 162, 107, 10, 232, 2047]	{2 4 4 6 }64418
131	0.8716402636829393	0.9292412316007055	0.1287673846844192	0.5052234748401319	[1792, 496, 2729, 438, 2627, 301]	{2 1 5 1 }64226
132	0.8736211238112891	0.9305515791636554	0.1287673846844192	0.2735446005765389	[1549, 162, 107, 10, 232, 2047]	{2 6 3 1 }66743
133	0.8755714151104975	0.9324035370526246	0.1287673846844192	0.17740604517959738	[1792, 232, 10, 734, 19, 132]	{4 6 2 1 }64562
134	0.8774916093217553	0.9334466923450223	0.1287673846844192	0.22065255862223065	[320, 232, 10, 734, 19, 1987]	{3 4 3 3 }64595
135	0.8793821709062961	0.9346791610052997	0.1287673846844192	0.3563633149229554	[1849, 420, 158, 10, 232, 2047]	{3 3 5 4 }63946
136	0.8812435571577422	0.9356871986441068	0.1287673846844192	0.16749872591503795	[320, 232, 10, 158, 420, 1791]	{2 5 5 3 }62597
137	0.8830762183127152	0.9366796801465126	0.1287673846844192	0.3292138648989942	[320, 232, 10, 734, 19, 409]	{5 6 6 3 }62009
138	0.8848805976597413	0.9376568455763503	0.1287673846844192	0.6071386106698562	[359, 158, 10, 734, 19, 241]	{4 5 4 1 }60951
139	0.8866571316464736	0.9388113484360475	0.1287673846844192	0.6100518707880587	[734, 19, 241, 132, 1032, 370]	{2 6 3 5 }60853
140	0.8884062499852626	0.9404430458110863	0.1287673846844192	0.48287649559483514	[1579, 1580, 438, 2627, 261, 217]	{1 4 5 3 }65268
141	0.890128375757095	0.9417665336819511	0.1287673846844192	0.5930455237480948	[1742, 400, 19, 132, 241, 2872]	{3 3 1 5 }61073
142	0.89182392551393	0.9426651982856247	0.1287673846844192	0.45957053917318497	[1549, 107, 10, 734, 19, 1460]	{5 4 2 1 }62101
143	0.8934933093794557	0.9437269538729278	0.1287673846844192	0.7726015275471755	[846, 10, 494, 2229, 1529, 156]	{6 4 6 3 }66990
144	0.8951369311482913	0.944977466009085	0.1287673846844192	0.5495915186585395	[320, 232, 10, 438, 2729, 301]	{5 6 1 5 }64570
145	0.8967551883836571	0.9462001889866609	0.1287673846844192	0.6048639728935834	[107, 10, 232, 1792, 496, 3366]	{1 6 1 6 }63664
146	0.898348472513539	0.9473957403425128	0.1287673846844192	0.3977074949423053	[846, 10, 734, 19, 132, 1031]	{3 5 1 1 }60356
147	0.8999171689253671	0.948369893299133	0.1287673846844192	0.20209865776996874	[2047, 232, 10, 734, 19, 132]	{2 5 1 5 }64280
148	0.9014616570592349	0.9491666542050106	0.1287673846844192	0.4174460855422384	[1549, 162, 10, 734, 19, 400]	{5 3 6 3 }62252
149	0.9029823104996788	0.950522210092877	0.1287673846844192	0.20209865776996874	[2047, 232, 10, 734, 19, 132]	{2 3 6 4 }64877
150	0.9044794970660417	0.9514384654615274	0.1287673846844192	0.7457820283058187	[1792, 232, 10, 162, 420, 1582]	{1 3 3 6 }63085
151	0.9059535789014423	0.9529924345667585	0.1287673846844192	0.6739770999810297	[2309, 420, 158, 1557, 15, 432]	{2 4 4 2 }64595
152	0.9074049125603707	0.9537178599592468	0.1287673846844192	0.30364947819319865	[320, 232, 10, 734, 19, 241]	{1 5 1 2 }62899
153	0.9088338490949328	0.9544320905154313	0.1287673846844192	0.2381411587970519	[107, 10, 734, 19, 132, 241]	{5 2 1 3 }63131
154	0.9102407341397641	0.9551352989951314	0.1287673846844192	0.1287673846844192	[320, 232, 10, 734, 19, 132]	{6 4 3 6 }62280
155	0.9116259079956319	0.9559661267915178	0.1287673846844192	0.7187560486261115	[320, 232, 193, 1265, 87, 1815]	{1 4 6 3 }63176
156	0.9129897057117488	0.9566456618718957	0.1287673846844192	0.5048666701956248	[1549, 162, 107, 420, 158, 10]	{2 1 3 5 }63622
157	0.9143324571668143	0.9576090916080757	0.1287673846844192	0.4927957536832894	[1792, 496, 2729, 438, 1580, 301]	{3 4 2 4 }61835
158	0.9156544871488079	0.9587395158318605	0.1287673846844192	0.4927957536832894	[1792, 496, 2729, 438, 1580, 301]	{5 2 1 3 }66787
159	0.9169561154335486	0.9593762516986527	0.1287673846844192	0.384955609913507	[193, 232, 10, 734, 19, 1987]	{5 1 2 3 }67484
160	0.9182376568620432	0.9602790016609049	0.1287673846844192	0.5948652828045891	[2297, 400, 19, 132, 241, 1031]	{4 2 4 5 }62281
161	0.9194994214166413	0.9608919800303354	0.1287673846844192	0.4856692921405462	[1549, 107, 10, 734, 19, 241]	{1 5 5 4 }62006
162	0.9207417142960141	0.9614954988570277	0.1287673846844192	0.7415754516459712	[87, 1265, 415, 733, 734, 19]	{4 5 6 6 }64341
163	0.9219648359889768	0.9625222855541736	0.1287673846844192	0.7175255635843119	[1265, 193, 394, 432, 422, 19]	{5 3 4 4 }66119
164	0.9231690823471717	0.9631006453450043	0.1287673846844192	0.16749872591503795	[320, 232, 10, 158, 420, 1791]	{1 4 3 6 }61091
165	0.9243547446566289	0.9636700798304209	0.1287673846844192	0.3107871986317668	[1549, 107, 10, 734, 19, 132]	{2 5 6 4 }62635
166	0.9255221097082241	0.9644774113897449	0.1287673846844192	0.41897284333476037	[2636, 162, 10, 158, 420, 1791]	{4 6 1 4 }63492
167	0.9266714598670478	0.9652668022477505	0.1287673846844192	0.42210597450990683	[988, 420, 158, 10, 734, 19]	{2 4 3 1 }61396
168	0.9278030731407044	0.9660386510866894	0.1287673846844192	0.4490309472639553	[320, 232, 1792, 496, 2728, 301]	{3 5 1 3 }62943
169	0.9289172232465578	0.9665627459773269	0.1287673846844192	0.5937511310169713	[160, 87, 1265, 193, 232, 10]	{4 3 2 4 }62326
170	0.9300141796779381	0.9673057960667196	0.1287673846844192	0.425271656964443	[320, 232, 10, 734, 2229, 1529]	{3 3 1 5 }62068
171	0.9310942077693279	0.9679112442877064	0.1287673846844192	0.4127512412380307	[1549, 162, 10, 734, 19, 3308]	{6 4 4 5 }64625
172	0.932157568760542	0.9684064411351183	0.1287673846844192	0.5651957719539925	[107, 162, 10, 734, 2229, 494]	{5 3 3 4 }60939
173	0.9332045198599164	0.9688939960558726	0.1287673846844192	0.21853930910221597	[19, 734, 10, 158, 420, 1791]	{1 4 4 5 }65081
174	0.9342353143065225	0.9697234894943827	0.1287673846844192	0.5265945627345092	[1579, 1580, 438, 2627, 301, 10]	{3 3 4 3 }63690
175	0.9352502014314219	0.9703963008389519	0.1287673846844192	0.5402032631193221	[846, 10, 734, 19, 400, 4079]	{3 4 2 2 }64094
176	0.936249426717974	0.9709445174900825	0.1287673846844192	0.657879753694226	[193, 232, 10, 162, 420, 1791]	{4 5 6 3 }65114
177	0.9372332318612151	0.9713929045658528	0.1287673846844192	0.6491615522350179	[377, 162, 10, 494, 2229, 1529]	{3 2 2 2 }62798
178	0.9382018548263199	0.971922665592411	0.1287673846844192	0.2161373864102161	[1792, 232, 10, 158, 420, 1791]	{6 3 3 2 }63400
179	0.9391555299061606	0.972355957790059	0.1287673846844192	0.5040092425991489	[320, 232, 10, 438, 1580, 301]	{3 5 4 3 }62132
180	0.9400944877779791	0.9727825633797186	0.1287673846844192	0.30269924192723124	[1549, 162, 10, 158, 420, 1791]	{2 5 3 2 }67419
181	0.9410189555591831	0.9735083616895928	0.1287673846844192	0.7785534955486315	[3136, 1468, 2307, 420, 158, 10]	{5 5 1 1 }63898
182	0.9419291568622822	0.9739171832684571	0.1287673846844192	0.22657955342078154	[420, 158, 10, 734, 19, 132]	{5 3 1 6 }66412
183	0.9428253118489753	0.9744001983931153	0.1287673846844192	0.27755072522583735	[320, 232, 10, 734, 19, 1460]	{2 5 3 5 }65622
184	0.9437076372834047	0.9747952570598882	0.1287673846844192	0.3649578416273432	[107, 162, 10, 734, 19, 1987]	{2 5 1 3 }64591
185	0.9445763465845868	0.9752620115587791	0.1287673846844192	0.3563633149229554	[1849, 420, 158, 10, 232, 2047]	{6 3 5 3 }60123
186	0.9454316498780345	0.9757201224558388	0.1287673846844192	0.39062181355682657	[432, 422, 19, 132, 241, 1031]	{4 2 5 3 }56773
187	0.9462737540465833	0.9761697498177677	0.1287673846844192	0.27755072522583735	[320, 232, 10, 734, 19, 1460]	{3 2 5 2 }55363
188	0.9471028627804323	0.9765375005921849	0.1287673846844192	0.20635641730273835	[158, 10, 734, 19, 132, 241]	{4 2 5 1 }61692
189	0.9479191766264133	0.9768995762003302	0.1287673846844192	0.4779683117804445	[241, 132, 19, 734, 2229, 494]	{6 4 5 2 }61061
190	0.9487228930364995	0.97725606422193	0.1287673846844192	0.16749872591503795	[320, 232, 10, 158, 420, 1791]	{5 6 6 3 }63539
191	0.9495142064155659	0.9776772482178202	0.1287673846844192	0.5441812361813056	[1807, 157, 10, 158, 420, 1791]	{5 2 1 3 }66755
192	0.9502933081684121	0.9780906325100828	0.1287673846844192	0.2735446005765389	[1549, 162, 107, 10, 232, 2047]	{6 1 4 6 }62268
193	0.9510603867460601	0.978577507343192	0.1287673846844192	0.5339997284818205	[811, 734, 19, 132, 241, 1031]	{4 2 1 5 }64929
194	0.9518156276913369	0.9789081013656736	0.1287673846844192	0.3318017772063142	[193, 232, 10, 158, 420, 1791]	{2 5 5 2 }61995
195	0.9525592136837545	0.9792335936285491	0.1287673846844192	0.3107871986317668	[1549, 107, 10, 734, 19, 132]	{2 6 4 4 }64123
196	0.9532913245836966	0.9795540628626764	0.1287673846844192	0.42210597450990683	[988, 420, 158, 10, 734, 19]	{3 2 5 3 }65035
197	0.9540121374759235	0.9799326913281824	0.1287673846844192	0.7046639985008669	[846, 10, 734, 2229, 494, 2626]	{3 2 1 2 }63267
198	0.9547218267124061	0.9803043081554382	0.1287673846844192	0.37706316736195933	[846, 10, 734, 19, 132, 1032]	{1 4 3 1 }63769
199	0.9554205639544987	0.9806082540172371	0.1287673846844192	0.355853074634424	[1549, 162, 10, 734, 19, 1987]	{2 1 1 4 }63725
200	0.9561085182144601	0.9809673604243253	0.1287673846844192	0.3769807512787482	[2047, 232, 10, 734, 19, 241]	{6 5 5 1 }64248
201	0.9567858558963357	0.981261073998024	0.1287673846844192	0.5279864846153067	[377, 162, 1549, 107, 10, 494]	{6 1 5 6 }66416
202	0.9574527408362071	0.9816080911462087	0.1287673846844192	0.2161373864102161	[1792, 232, 10, 158, 420, 1791]	{3 3 3 2 }65703
203	0.9581093343418212	0.9819486820509086	0.1287673846844192	0.6403488381905702	[432, 422, 19, 132, 1032, 370]	{1 1 5 6 }61442
204	0.9587557952316079	0.9822829657166324	0.1287673846844192	0.42375346724447405	[1743, 1742, 400, 19, 132, 241]	{2 6 1 4 }64922
205	0.9593922798730954	0.9827554199641889	0.1287673846844192	0.5683368025944038	[87, 1265, 193, 232, 10, 1873]	{5 3 5 4 }63946
206	0.9600189422207328	0.9833072465253349	0.1287673846844192	0.4490309472639553	[320, 232, 1792, 496, 2729, 301]	{4 3 2 5 }61811
207	0.960635933853129	0.9837523866179926	0.1287673846844192	0.42089048894888004	[320, 232, 10, 734, 2229, 494]	{2 3 6 1 }63274
208	0.9612434040097164	0.984053268347289	0.1287673846844192	0.3495185398623855	[1549, 107, 10, 158, 420, 1791]	{4 1 1 3 }63313
209	0.9618414996268504	0.9843485781927096	0.1287673846844192	0.5545998045418927	[1799, 232, 10, 158, 420, 1582]	{5 5 6 6 }61323
210	0.9624303653733497	0.984638419337289	0.1287673846844192	0.5279864846153067	[377, 162, 1549, 107, 10, 494]	{1 3 2 2 }64202
211	0.9630101436854893	0.9849797877964604	0.1287673846844192	0.4492631897240643	[432, 422, 19, 132, 241, 1126]	{2 4 1 3 }63450
212	0.963580974801454	0.9853135702898724	0.1287673846844192	0.6071577096280001	[1265, 415, 10, 158, 420, 1791]	{2 2 6 2 }65849
213	0.9641429967952587	0.9855402127236706	0.1287673846844192	0.2822455695300451	[320, 232, 10, 734, 19, 400]	{2 6 6 5 }62500
214	0.9646963456101467	0.9858079865621212	0.1287673846844192	0.5519173437841476	[432, 422, 19, 132, 241, 1729]	{1 4 1 6 }61775
215	0.9652411550914716	0.9860269991151749	0.1287673846844192	0.26929121911740883	[1792, 232, 10, 734, 19, 1987]	{6 2 2 3 }68779
216	0.9657775570190723	0.9863375102459488	0.1287673846844192	0.43617127961636887	[10, 734, 19, 132, 1032, 370]	{2 4 5 2 }64752
217	0.9663056811391484	0.9866411211293722	0.1287673846844192	0.4218560082309499	[107, 162, 10, 734, 19, 3308]	{5 6 6 6 }61268
218	0.966825655195643	0.9868885077751245	0.1287673846844192	0.39062181355682657	[432, 422, 19, 132, 241, 1031]	{5 6 5 1 }63703
219	0.9673376049611423	0.987090845618101	0.1287673846844192	0.2512539106781674	[1549, 162, 107, 10, 734, 19]	{2 1 3 3 }65925
220	0.9678416542672975	0.9873777157154765	0.1287673846844192	0.44439666440827835	[988, 420, 158, 10, 232, 2047]	{4 1 6 3 }62240
221	0.9683379250347776	0.9876114617207454	0.1287673846844192	0.7900986427908622	[377, 162, 1549, 232, 10, 1873]	{2 6 6 4 }60970
222	0.9688265373027594	0.9878026428670302	0.1287673846844192	0.45756243128478064	[734, 10, 107, 162, 420, 1791]	{6 6 5 1 }69058
223	0.9693076092579637	0.9880285198509742	0.1287673846844192	0.7689481025270646	[1586, 107, 1549, 162, 420, 1791]	{3 6 1 3 }61185
224	0.969781257263242	0.9882132649150024	0.1287673846844192	0.48471517633303335	[811, 734, 10, 158, 420, 1791]	{2 2 2 2 }60667
225	0.9702475958857228	0.9884315377869467	0.1287673846844192	0.6387364426869702	[734, 19, 132, 1032, 370, 4612]	{1 4 6 3 }62669
226	0.9707067379245234	0.9886457685686699	0.1287673846844192	0.7933145280032494	[420, 158, 10, 1799, 232, 2047]	{1 4 1 4 }57771
227	0.9711587944380339	0.9888209881895238	0.1287673846844192	0.3753628939621997	[420, 158, 10, 734, 19, 1460]	{5 2 2 1 }60074
228	0.9716038747707803	0.9890280069267549	0.1287673846844192	0.20209865776996874	[2047, 232, 10, 734, 19, 132]	{6 3 4 3 }61639
229	0.9720420865798731	0.9891973278075148	0.1287673846844192	0.2381411587970519	[107, 10, 734, 19, 132, 241]	{3 1 5 6 }56200
230	0.9724735358610479	0.9893640357117198	0.1287673846844192	0.5526479030943271	[1792, 232, 10, 438, 1580, 301]	{3 6 1 5 }61147
231	0.9728983269743033	0.9895281709630822	0.1287673846844192	0.47818075077320266	[1579, 1580, 301, 2627, 438, 3366]	{2 6 4 6 }61548
232	0.9733165626691443	0.9896897732630346	0.1287673846844192	0.48234947979600745	[1529, 2229, 734, 19, 132, 241]	{6 5 1 3 }59153
233	0.9737283441094353	0.9898488817003335	0.1287673846844192	0.35678962072986414	[157, 10, 734, 19, 132, 241]	{1 3 4 6 }58119
234	0.97413377089787	0.9900368653725495	0.1287673846844192	0.6169516629167041	[734, 10, 107, 1549, 162, 3284]	{2 2 1 4 }59985
235	0.9745329411000634	0.9902582683642707	0.1287673846844192	0.3898182019840681	[2636, 162, 107, 10, 232, 2047]	{6 6 4 2 }57751
236	0.9749259512682722	0.9904086037290195	0.1287673846844192	0.5839287633058052	[3621, 1720, 241, 132, 19, 1987]	{2 3 4 6 }58632
237	0.9753128964647495	0.9906217458683746	0.1287673846844192	0.42375346724447405	[1743, 1742, 400, 19, 132, 241]	{3 2 3 1 }57465
238	0.975693870284738	0.9907664720123812	0.1287673846844192	0.6240652816640191	[1529, 2229, 734, 19, 132, 217]	{3 6 1 4 }66615
239	0.9760689648791093	0.9909374632714112	0.1287673846844192	0.3508819983113869	[2047, 232, 10, 734, 19, 1460]	{6 2 3 6 }61906
240	0.9764382709766539	0.9911791309175069	0.1287673846844192	0.6534714422620012	[1549, 162, 846, 10, 232, 2047]	{4 4 2 5 }62007
241	0.9768018779060265	0.9913424803449604	0.1287673846844192	0.17740604517959738	[1792, 232, 10, 734, 19, 132]	{3 1 5 5 }63990
242	0.9771598736173532	0.9915028047830168	0.1287673846844192	0.35228813868837683	[1792, 232, 10, 734, 19, 241]	{1 6 4 5 }62461
243	0.9775123447035052	0.9917293966554697	0.1287673846844192	0.4942217620344296	[2047, 232, 10, 734, 2229, 494]	{4 4 2 3 }64778
244	0.9778593764210437	0.9918825559766646	0.1287673846844192	0.7254362033648687	[2627, 261, 217, 132, 241, 2872]	{4 2 3 2 }65186
245	0.9782010527108425	0.9920078251745557	0.1287673846844192	0.27755072522583735	[320, 232, 10, 734, 19, 3308]	{2 4 4 2 }64736
246	0.9785374562183912	0.9921558284120638	0.1287673846844192	0.29307043597569554	[193, 232, 10, 734, 19, 132]	{2 3 6 1 }64251
247	0.9788686683137864	0.9923010908488775	0.1287673846844192	0.1941408295346144	[846, 10, 734, 19, 132, 241]	{5 3 1 6 }65247
248	0.9791947691114131	0.9925967289602806	0.1287673846844192	0.5223622203495049	[2047, 232, 1792, 496, 2728, 301]	{4 3 4 6 }63802
249	0.9795158374893234	0.9927109769701528	0.1287673846844192	0.3118040089201504	[107, 162, 10, 158, 420, 1791]	{4 4 1 3 }63752
250	0.9798319511083153	0.9929053509176153	0.1287673846844192	0.48287649559483514	[1579, 1580, 438, 2627, 261, 217]	{1 6 1 6 }65118
251	0.9801431864307178	0.9930367333080299	0.1287673846844192	0.33159198238328924	[377, 162, 107, 10, 232, 2047]	{1 1 6 1 }65510
252	0.9804496187388858	0.9931656826912145	0.1287673846844192	0.507005866231405	[1879, 232, 10, 158, 420, 1791]	{6 1 1 1 }67437
253	0.9807513221534092	0.9933175564091875	0.1287673846844192	0.4161807601939807	[837, 162, 107, 10, 232, 2047]	{2 4 3 4 }65353
254	0.9810483696510417	0.9934957549049426	0.1287673846844192	0.42089048894888004	[320, 232, 10, 734, 2229, 494]	{5 4 5 1 }65814
255	0.9813408330823528	0.993596129057644	0.1287673846844192	0.3292138648989942	[320, 232, 10, 734, 19, 409]	{1 5 1 1 }65306
256	0.9816287831891066	0.9936949542265076	0.1287673846844192	0.2639679006966125	[1549, 162, 10, 734, 19, 132]	{6 4 3 2 }63595
257	0.9819122896213734	0.9937922543156047	0.1287673846844192	0.27755072522583735	[320, 232, 10, 734, 19, 3308]	{5 4 4 4 }63287
258	0.982191420954377	0.9939072125690194	0.1287673846844192	0.17740604517959738	[1792, 232, 10, 734, 19, 132]	{6 1 3 4 }64639
259	0.982466244705081	0.9940012370664111	0.1287673846844192	0.5549890759376366	[107, 1549, 162, 1583, 1013, 156]	{1 1 5 6 }66095
260	0.9827368273485212	0.9941123252688849	0.1287673846844192	0.4200409293929528	[846, 10, 734, 19, 132, 168]	{1 6 3 3 }64072
261	0.9830032343338835	0.9943007308602806	0.1287673846844192	0.8074917337055184	[158, 10, 1820, 841, 1268, 1380]	{2 6 1 1 }64952
262	0.9832655301003359	0.9944273812856077	0.1287673846844192	0.7334682604813685	[846, 10, 162, 1549, 107, 1586]	{3 3 4 6 }68718
263	0.9835237780926147	0.9945305779284669	0.1287673846844192	0.6387364426869702	[734, 19, 132, 1032, 370, 4612]	{1 2 4 3 }60060
264	0.9837780407763707	0.994712891997518	0.1287673846844192	0.8207623053128409	[196, 190, 195, 10, 232, 2047]	{6 6 3 3 }62490
265	0.9840283796532785	0.9947944831703958	0.1287673846844192	0.697715783804336	[2627, 261, 217, 132, 19, 3308]	{2 2 3 3 }66280
266	0.9842748552759131	0.9948908816302032	0.1287673846844192	0.33159198238328924	[377, 162, 107, 10, 232, 2047]	{3 6 2 4 }60721
267	0.9845175272623958	0.9949697260494902	0.1287673846844192	0.355853074634424	[1549, 162, 10, 734, 19, 1987]	{6 2 6 1 }58060
268	0.9847564543108157	0.995062879270796	0.1287673846844192	0.18644425498262523	[10, 734, 19, 132, 241, 1031]	{3 4 6 1 }55796
269	0.9849916942134266	0.9951390694055059	0.1287673846844192	0.38005773826640743	[420, 158, 10, 734, 19, 400]	{6 2 2 3 }59957
270	0.9852233038706267	0.9952290866387373	0.1287673846844192	0.36752751208569656	[2636, 162, 107, 10, 734, 19]	{2 4 6 2 }60743
271	0.9854513393047221	0.9953351069356542	0.1287673846844192	0.5735862738432738	[2636, 162, 1549, 107, 10, 1873]	{2 6 6 1 }63039
272	0.9856758556734764	0.9954070960261534	0.1287673846844192	0.3798569606650636	[107, 10, 734, 19, 132, 217]	{4 5 1 4 }63661
273	0.9858969072834536	0.995529573465456	0.1287673846844192	0.6002749898121404	[1580, 438, 2627, 261, 217, 132]	{6 2 2 2 }55844
274	0.9861145476031533	0.9956123591420216	0.1287673846844192	0.3118040089201504	[107, 162, 10, 158, 420, 1791]	{2 4 1 2 }56458
275	0.9863288292759441	0.9956936117505026	0.1287673846844192	0.37706316736195933	[846, 10, 734, 19, 132, 1032]	{4 3 2 4 }63654
276	0.9865398041327968	0.9957600683592912	0.1287673846844192	0.20635641730273835	[158, 10, 734, 19, 132, 241]	{6 1 2 4 }62298
277	0.9867475232048216	0.995838585611897	0.1287673846844192	0.6408269299094118	[3621, 1720, 241, 132, 19, 3308]	{6 3 6 2 }59913
278	0.9869520367356114	0.995902804969738	0.1287673846844192	0.384955609913507	[1265, 193, 232, 10, 734, 19]	{2 3 2 6 }62388
279	0.9871533941933952	0.9959660332881063	0.1287673846844192	0.45591365441607423	[320, 232, 10, 494, 2229, 1529]	{6 5 5 6 }56445
280	0.9873516442830033	0.9960736057337568	0.1287673846844192	0.6403238463341325	[734, 19, 132, 1031, 241, 1729]	{5 2 6 1 }58320
281	0.9875468349576483	0.9961341982378654	0.1287673846844192	0.18644425498262523	[10, 734, 19, 132, 241, 1031]	{3 5 4 6 }62388
282	0.9877390134305241	0.9961938556724663	0.1287673846844192	0.3292138648989942	[320, 232, 10, 734, 19, 409]	{2 5 5 2 }63626
283	0.9879282261862259	0.9962525924676443	0.1287673846844192	0.318464727358593	[420, 158, 10, 734, 19, 1987]	{4 3 4 2 }58203
284	0.988114518991994	0.9963725095086797	0.1287673846844192	0.46327330397949845	[10, 232, 1792, 496, 2729, 301]	{4 1 3 1 }61263
285	0.9882979369087842	0.9964396852585189	0.1287673846844192	0.20209865776996874	[2047, 232, 10, 734, 19, 132]	{4 3 5 4 }59318
286	0.9884785243021672	0.9965536153302463	0.1287673846844192	0.6000755694325983	[1879, 496, 2729, 438, 2627, 301]	{3 4 1 1 }55988
287	0.9886563248530597	0.9966174372685751	0.1287673846844192	0.27755072522583735	[320, 232, 10, 734, 19, 3308]	{2 1 2 1 }58708
288	0.9888313815682902	0.9966800773191571	0.1287673846844192	0.2939838317077802	[2047, 232, 10, 734, 19, 1987]	{6 2 6 3 }59184
289	0.9890037367910018	0.9967538533787313	0.1287673846844192	0.2408299990005875	[2047, 232, 10, 158, 420, 1791]	{6 6 1 5 }58650
290	0.9891734322108937	0.9968139672050511	0.1287673846844192	0.4418537765171137	[193, 232, 10, 734, 19, 3308]	{4 2 1 4 }61156
291	0.9893405088743059	0.9968989280795831	0.1287673846844192	0.3508819983113869	[2047, 232, 10, 734, 19, 3308]	{1 2 3 2 }52987
292	0.9895050071941468	0.9969467841277376	0.1287673846844192	0.47818075077320266	[1579, 1580, 301, 2627, 438, 3366]	{2 3 2 2 }60265
293	0.9896669669596693	0.9970033251624092	0.1287673846844192	0.6273201326521649	[1743, 1742, 400, 19, 132, 1031]	{4 1 4 2 }59720
294	0.9898264273460942	0.9970699179365778	0.1287673846844192	0.629929288245196	[1580, 438, 2627, 301, 2729, 969]	{6 1 2 1 }64615
295	0.9899834269240865	0.9971241787155302	0.1287673846844192	0.41970405181790693	[1792, 232, 10, 158, 420, 1582]	{5 1 6 5 }63465
296	0.9901380036690851	0.9971685586736239	0.1287673846844192	0.43225651716107677	[359, 158, 10, 734, 19, 132]	{5 3 2 5 }62347
297	0.9902901949704882	0.9972209927722604	0.1287673846844192	0.3563633149229554	[1849, 420, 158, 10, 232, 2047]	{6 3 1 6 }63203
298	0.9904400376406967	0.9972638786862688	0.1287673846844192	0.2512539106781674	[1549, 162, 107, 10, 734, 19]	{5 2 3 2 }62647
299	0.9905875679240193	0.9973061027806165	0.1287673846844192	0.4779683117804445	[241, 132, 19, 734, 2229, 494]	{3 6 2 4 }65142
300	0.9907328215054387	0.9973659671632694	0.1287673846844192	0.3292138648989942	[320, 232, 10, 734, 19, 409]	{3 1 4 1 }62406
301	0.9908758335192437	0.9974362080389155	0.1287673846844192	0.6675362497254311	[2654, 232, 10, 734, 2229, 1529]	{3 5 4 5 }66425
302	0.991016638557527	0.9975182493816702	0.1287673846844192	0.5005220038700334	[1580, 438, 2729, 496, 2728, 301]	{2 2 4 3 }64351
303	0.9911552706785528	0.9975844293981591	0.1287673846844192	0.3223254567873786	[1873, 10, 734, 19, 132, 241]	{1 2 6 3 }63859
304	0.9912917634149948	0.9976291621870821	0.1287673846844192	0.6403488381905702	[432, 422, 19, 132, 1032, 370]	{4 6 2 2 }64045
305	0.9914261497820474	0.9976657491903678	0.1287673846844192	0.3892787551300833	[158, 10, 734, 19, 132, 1032]	{5 1 4 4 }67166
306	0.9915584622854109	0.9977553844214577	0.1287673846844192	0.5052234748401319	[1792, 496, 2729, 438, 2627, 301]	{1 3 6 6 }67131
307	0.9916887329291545	0.9977969513766158	0.1287673846844192	0.1941408295346144	[846, 10, 734, 19, 132, 241]	{2 3 5 4 }61503
308	0.9918169932234577	0.9978459080126911	0.1287673846844192	0.5224617627179379	[377, 162, 10, 734, 19, 409]	{3 1 3 6 }63716
309	0.9919432741922315	0.9978937767235202	0.1287673846844192	0.7274161483068692	[1019, 10, 232, 1792, 496, 3366]	{5 4 1 1 }66840
310	0.992067606380623	0.9979499426775597	0.1287673846844192	0.6546911930944466	[1849, 420, 158, 1557, 15, 432]	{4 3 1 3 }70502
311	0.9921900198624035	0.9979879067020493	0.1287673846844192	0.6380169302204414	[377, 162, 1549, 107, 10, 301]	{3 1 5 1 }62712
312	0.992310544247243	0.9980326198864482	0.1287673846844192	0.4817850116841094	[2238, 1549, 162, 10, 232, 2047]	{6 5 3 5 }60642
313	0.9924292086878719	0.9980690528515139	0.1287673846844192	0.67008404445939	[119, 409, 19, 132, 241, 1031]	{1 1 4 5 }61287
314	0.9925460418871331	0.9981048111320414	0.1287673846844192	0.6833764703768513	[734, 19, 132, 1720, 241, 1126]	{5 6 3 4 }72808
315	0.9926610721049243	0.9981469264402183	0.1287673846844192	0.7445015925232294	[432, 422, 19, 132, 1714, 2168]	{5 3 5 6 }60055
316	0.9927743271650334	0.9981812426172513	0.1287673846844192	0.41390045644117435	[377, 162, 10, 734, 19, 1987]	{1 3 4 4 }68625
317	0.9928858344618694	0.9982149233095244	0.1287673846844192	0.2735446005765389	[1549, 162, 107, 10, 232, 2047]	{4 3 4 4 }59698
318	0.9929956209670875	0.9982545916804239	0.1287673846844192	0.16749872591503795	[320, 232, 10, 158, 420, 1791]	{5 1 5 4 }58231
319	0.9931037132361139	0.9982815269939976	0.1287673846844192	0.2381411587970519	[107, 10, 734, 19, 132, 241]	{4 2 3 5 }62233
320	0.9932101374145689	0.9983133505681828	0.1287673846844192	0.21853930910221597	[19, 734, 10, 158, 420, 1791]	{2 3 2 2 }60146
321	0.993314919244591	0.9983508316666676	0.1287673846844192	0.7885380875803223	[1879, 232, 1792, 496, 2728, 301]	{2 2 5 2 }56886
322	0.9934180840710634	0.9983762817952685	0.1287673846844192	0.17740604517959738	[1792, 232, 10, 734, 19, 132]	{1 6 5 5 }55122
323	0.9935196568477445	0.9984123644220403	0.1287673846844192	0.5391578771720784	[1791, 420, 158, 1557, 15, 432]	{1 1 5 3 }64634
324	0.993619662143304	0.9984476452126616	0.1287673846844192	0.425271656964443	[320, 232, 10, 734, 2229, 1529]	{5 3 5 4 }63525
325	0.9937181241472653	0.998489041340324	0.1287673846844192	0.4927957536832894	[1792, 496, 2729, 438, 1580, 301]	{4 1 2 1 }62506
326	0.993815066675857	0.9985226181994279	0.1287673846844192	0.5808899061631212	[837, 162, 1549, 107, 420, 1791]	{4 5 5 5 }60321
327	0.9939105131777727	0.9985454173012885	0.1287673846844192	0.555049825786327	[1580, 438, 10, 734, 19, 1987]	{5 6 2 5 }64029
328	0.9940044867398441	0.9985777413612599	0.1287673846844192	0.2408299990005875	[2047, 232, 10, 158, 420, 1791]	{5 6 5 5 }60643
329	0.9940970100926243	0.9986040794841996	0.1287673846844192	0.21853930910221597	[19, 734, 10, 158, 420, 1791]	{3 1 1 5 }61744
330	0.9941881056158863	0.9986299298641218	0.1287673846844192	0.33159198238328924	[377, 162, 107, 10, 232, 2047]	{3 6 6 5 }64202
331	0.9942777953440362	0.9986603758671413	0.1287673846844192	0.759331653723748	[320, 232, 193, 1265, 415, 10]	{5 5 2 2 }63006
332	0.9943661009714431	0.9986810490790682	0.1287673846844192	0.22657955342078154	[420, 158, 10, 734, 19, 132]	{4 3 1 5 }63336
333	0.9944530438576862	0.9987014032599467	0.1287673846844192	0.318464727358593	[420, 158, 10, 734, 19, 1987]	{4 2 2 2 }60317
334	0.9945386450327219	0.9987429583556284	0.1287673846844192	0.5391578771720784	[1791, 420, 158, 1557, 15, 432]	{2 4 1 6 }59926
335	0.99462292520197	0.9987662369045982	0.1287673846844192	0.16749872591503795	[320, 232, 10, 158, 420, 1791]	{6 4 6 5 }61919
336	0.9947059047513224	0.9987936538622738	0.1287673846844192	0.6408269299094118	[3621, 1720, 241, 132, 19, 3308]	{3 1 3 4 }63230
337	0.9947876037520735	0.9988159936055651	0.1287673846844192	0.37706316736195933	[846, 10, 734, 19, 132, 1032]	{2 5 3 5 }55952
338	0.994868041965776	0.9988423048587748	0.1287673846844192	0.624257128410753	[2264, 232, 10, 158, 420, 1791]	{1 3 6 1 }59383
339	0.9949472388490203	0.9988680314174686	0.1287673846844192	0.33407262502458396	[1849, 420, 158, 10, 734, 19]	{2 5 4 6 }58883
340	0.9950252135581403	0.9988855000684336	0.1287673846844192	0.22065255862223065	[320, 232, 10, 734, 19, 1987]	{1 6 3 1 }63204
341	0.995101984953848	0.9989026991414516	0.1287673846844192	0.47944171518065637	[1579, 1580, 438, 10, 734, 19]	{2 4 4 4 }63484
342	0.9951775716057949	0.998927083604975	0.1287673846844192	0.44533540154467305	[837, 162, 10, 158, 420, 1791]	{5 4 4 5 }62182
343	0.9952519917970635	0.9989614169296157	0.1287673846844192	0.6546911930944466	[1849, 420, 158, 1557, 15, 432]	{1 2 4 4 }62796
344	0.9953252635285903	0.9989806499494377	0.1287673846844192	0.33088423002522327	[1792, 232, 10, 734, 19, 400]	{5 2 5 4 }64856
345	0.9953974045235194	0.9990132691510557	0.1287673846844192	0.5052234748401319	[1792, 496, 2729, 438, 2627, 301]	{1 2 5 5 }59095
346	0.9954684322314897	0.9990315419445546	0.1287673846844192	0.5982301791537177	[1792, 232, 10, 438, 2729, 301]	{1 1 2 6 }59259
347	0.9955383638328557	0.9990494763529888	0.1287673846844192	0.35103313913420187	[1799, 232, 10, 158, 420, 1791]	{5 3 2 6 }52868
348	0.9956072162428424	0.9990670786427482	0.1287673846844192	0.6919203584188696	[193, 232, 10, 107, 420, 1791]	{6 6 4 1 }53906
349	0.9956750061156381	0.9990814755772738	0.1287673846844192	0.5298987850323406	[158, 10, 734, 19, 241, 1126]	{1 5 5 2 }55846
350	0.9957417498484215	0.9990956503368837	0.1287673846844192	0.2161373864102161	[1792, 232, 10, 158, 420, 1791]	{6 6 2 4 }51314
351	0.9958074635853286	0.9991096063502034	0.1287673846844192	0.6627904422455371	[107, 734, 10, 158, 420, 1791]	{2 3 3 6 }60025
352	0.9958721632213574	0.999126095121496	0.1287673846844192	0.35557684261559463	[2047, 232, 10, 734, 19, 400]	{5 6 5 2 }64906
353	0.9959358644062131	0.9991395813078926	0.1287673846844192	0.5376696922740493	[734, 19, 132, 1031, 241, 1126]	{4 1 6 2 }60764
354	0.9959985825480925	0.9991555149873761	0.1287673846844192	0.1941408295346144	[846, 10, 734, 19, 132, 241]	{1 4 6 2 }64042
355	0.996060332817412	0.9991780345877127	0.1287673846844192	0.5608636436311459	[846, 10, 232, 1792, 496, 3366]	{6 6 1 4 }62474
356	0.9961211301504767	0.9991999536653737	0.1287673846844192	0.1941408295346144	[846, 10, 734, 19, 132, 241]	{3 4 1 2 }63945
357	0.9961809892530927	0.9992123000594266	0.1287673846844192	0.7143311575714685	[1917, 10, 107, 162, 420, 1791]	{6 6 2 6 }65728
358	0.9962399246041252	0.9992268870953631	0.1287673846844192	0.6611290966924716	[734, 10, 107, 162, 420, 1582]	{1 1 2 1 }63852
359	0.9962979504589998	0.9992412040010046	0.1287673846844192	0.5762559676227714	[1792, 232, 10, 107, 420, 1791]	{2 4 6 4 }61900
360	0.9963550808531512	0.9992529138158038	0.1287673846844192	0.5580604285206273	[320, 232, 10, 158, 420, 1550]	{6 1 1 6 }57759
361	0.9964113296054173	0.9992667487451409	0.1287673846844192	0.17740604517959738	[1792, 232, 10, 734, 19, 132]	{3 2 1 1 }63271
362	0.9964667103213831	0.9992780643509257	0.1287673846844192	0.35678962072986414	[157, 10, 734, 19, 132, 241]	{2 3 1 5 }61118
363	0.9965212363966703	0.9992973159682343	0.1287673846844192	0.5265945627345092	[1579, 1580, 438, 2627, 301, 10]	{3 2 4 2 }57985
364	0.9965749210201785	0.9993129311689403	0.1287673846844192	0.648902066952364	[837, 162, 10, 158, 420, 1582]	{1 1 4 1 }60358
365	0.9966277771772746	0.999328199365186	0.1287673846844192	0.2161373864102161	[1792, 232, 10, 158, 420, 1791]	{5 5 5 6 }61589
366	0.9966798176529339	0.9993406401176825	0.1287673846844192	0.5286043096192637	[2238, 1549, 107, 10, 232, 2047]	{5 2 4 5 }60689
367	0.9967310550348331	0.9993552925595118	0.1287673846844192	0.5005220038700334	[1580, 438, 2729, 496, 2728, 301]	{2 3 2 2 }63239
368	0.9967815017163943	0.9993759231976075	0.1287673846844192	0.7872376639596377	[1849, 420, 1791, 1792, 232, 2047]	{4 1 4 6 }71000
369	0.9968311698997833	0.9993855540124592	0.1287673846844192	0.5847509154931978	[320, 232, 10, 107, 162, 3284]	{4 5 1 4 }58077
370	0.9968800715988607	0.9993992083677379	0.1287673846844192	0.4779683117804445	[241, 132, 19, 734, 2229, 494]	{1 4 6 3 }66637
371	0.9969282186420881	0.9994184336999703	0.1287673846844192	0.48287649559483514	[1579, 1580, 438, 2627, 261, 217]	{4 3 1 1 }73775
372	0.9969756226753893	0.9994292034462672	0.1287673846844192	0.3563633149229554	[1849, 420, 158, 10, 232, 2047]	{1 1 3 3 }61236
373	0.9970222951649665	0.9994380120350593	0.1287673846844192	0.3107871986317668	[1549, 107, 10, 734, 19, 132]	{1 3 2 3 }62478
374	0.9970682474000752	0.9994466846888392	0.1287673846844192	0.6018214113355114	[420, 158, 10, 438, 1580, 301]	{4 2 4 2 }63935
375	0.9971134904957529	0.9994589805846428	0.1287673846844192	0.4779683117804445	[241, 132, 19, 734, 2229, 494]	{5 3 4 1 }61396
376	0.9971580353955098	0.9994710032383174	0.1287673846844192	0.4779683117804445	[241, 132, 19, 734, 2229, 494]	{1 3 6 4 }61900
377	0.9972018928739742	0.9994791667685903	0.1287673846844192	0.5279864846153067	[377, 162, 1549, 107, 10, 494]	{2 4 2 4 }58932
378	0.9972450735394993	0.9994872043184577	0.1287673846844192	0.43617127961636887	[10, 734, 19, 132, 1032, 370]	{5 4 1 4 }59879
379	0.9972875878367292	0.9994985997780476	0.1287673846844192	0.2408299990005875	[2047, 232, 10, 158, 420, 1791]	{5 6 6 2 }55860
380	0.9973294460491254	0.99951464458515	0.1287673846844192	0.46327330397949845	[10, 232, 1792, 496, 2728, 301]	{1 6 4 1 }59339
381	0.9973706583014538	0.9995275873962127	0.1287673846844192	0.7175255635843119	[193, 394, 432, 422, 19, 1987]	{3 1 1 2 }59368
382	0.9974112345622338	0.9995348777141724	0.1287673846844192	0.5545998045418927	[1799, 232, 10, 158, 420, 1582]	{6 6 2 6 }61268
383	0.9974511846461499	0.9995420555272253	0.1287673846844192	0.22657955342078154	[420, 158, 10, 734, 19, 132]	{4 1 2 1 }61815
384	0.9974905182164254	0.9995491225715583	0.1287673846844192	0.5549890759376366	[107, 1549, 162, 1583, 1013, 156]	{5 5 2 6 }59782
385	0.9975292447871595	0.9995560805565651	0.1287673846844192	0.7179633992848962	[1799, 1019, 10, 734, 19, 409]	{4 1 5 1 }67238
386	0.9975673737256293	0.9995659454330859	0.1287673846844192	0.45591365441607423	[320, 232, 10, 494, 2229, 1529]	{3 3 6 6 }60110
387	0.9976049142545548	0.9995726438060321	0.1287673846844192	0.5048666701956248	[1549, 162, 107, 420, 158, 10]	{1 1 1 2 }58734
388	0.9976418754543301	0.9995840399712045	0.1287673846844192	0.5276865571949214	[734, 10, 232, 193, 394, 432]	{4 5 1 6 }64127
389	0.9976782662652202	0.9995932835274	0.1287673846844192	0.48234947979600745	[1529, 2229, 734, 19, 132, 241]	{4 5 3 2 }60678
390	0.9977140954895223	0.9995995600161747	0.1287673846844192	0.20635641730273835	[158, 10, 734, 19, 132, 241]	{1 2 5 4 }63217
391	0.9977493717936964	0.9996084586824819	0.1287673846844192	0.46414967336266133	[734, 10, 232, 1792, 496, 3366]	{1 5 5 5 }64146
392	0.9977841037104603	0.9996145009867646	0.1287673846844192	0.2730726676895317	[107, 162, 10, 734, 19, 132]	{5 6 1 1 }66349
393	0.9978182996408544	0.9996268369551881	0.1287673846844192	0.4490309472639553	[320, 232, 1792, 496, 2729, 301]	{6 4 3 4 }57364
394	0.9978519678562733	0.9996387781726221	0.1287673846844192	0.4490309472639553	[320, 232, 1792, 496, 2728, 301]	{1 3 5 1 }60583
395	0.9978851165004666	0.9996443525835385	0.1287673846844192	0.47079862304478104	[377, 162, 10, 734, 19, 1460]	{6 2 2 3 }57683
396	0.9979177535915088	0.999649840969595	0.1287673846844192	0.1287673846844192	[320, 232, 10, 734, 19, 132]	{4 5 2 1 }58638
397	0.9979498870237387	0.9996576222813817	0.1287673846844192	0.2161373864102161	[1792, 232, 10, 158, 420, 1791]	{3 5 6 4 }59071
398	0.9979815245696686	0.9996629058881505	0.1287673846844192	0.4739103174596212	[1792, 232, 10, 734, 2229, 1529]	{1 1 5 3 }61599
399	0.9980126738818651	0.9996681079577778	0.1287673846844192	0.2381411587970519	[107, 10, 734, 19, 132, 241]	{1 5 6 2 }65481
400	0.9980433424947992	0.9996732297485529	0.1287673846844192	0.6018214113355114	[420, 158, 10, 438, 1580, 301]	{1 1 5 3 }64242
401	0.9980735378266696	0.9996792810495055	0.1287673846844192	0.3508819983113869	[2047, 232, 10, 734, 19, 3308]	{5 1 6 4 }63140
402	0.9981032671811964	0.9996852202893295	0.1287673846844192	0.5542764015532653	[846, 10, 107, 162, 420, 1791]	{2 6 3 5 }62362
403	0.9981325377493877	0.9996936144149474	0.1287673846844192	0.6874280597260901	[331, 808, 1265, 193, 232, 10]	{4 4 1 4 }61083
404	0.9981613566112799	0.9996983425875563	0.1287673846844192	0.3292138648989942	[320, 232, 10, 734, 19, 409]	{6 5 2 4 }60794
405	0.998189730737649	0.9997050460856105	0.1287673846844192	0.5017324050790279	[1579, 1580, 438, 10, 232, 2047]	{6 5 6 4 }52780
406	0.9982176669916977	0.9997095978435486	0.1287673846844192	0.2512539106781674	[1549, 162, 107, 10, 734, 19]	{5 3 2 3 }60352
407	0.9982451721307147	0.9997207492863563	0.1287673846844192	0.5315804008900062	[2627, 438, 2729, 496, 2728, 301]	{1 1 2 4 }56527
408	0.9982722528077098	0.9997259205958683	0.1287673846844192	0.33159198238328924	[377, 162, 107, 10, 232, 2047]	{3 4 2 5 }52775
409	0.998298915573023	0.9997309961403893	0.1287673846844192	0.5839287633058052	[3621, 1720, 241, 132, 19, 1987]	{6 2 6 5 }51962
410	0.9983251668759084	0.9997369740039361	0.1287673846844192	0.6780380222837703	[107, 162, 1583, 1579, 1580, 301]	{2 2 1 1 }52525
411	0.998351013066095	0.9997418448557152	0.1287673846844192	0.48471517633303335	[811, 734, 10, 158, 420, 1791]	{4 4 4 6 }61447
412	0.9983764603953219	0.9997466255065353	0.1287673846844192	0.3508819983113869	[2047, 232, 10, 734, 19, 3308]	{2 5 5 4 }59483
413	0.9984015150188509	0.9997547334903261	0.1287673846844192	0.6546911930944466	[1849, 420, 158, 1557, 15, 432]	{2 2 1 3 }63805
414	0.9984261829969551	0.9997601838572078	0.1287673846844192	0.3977074949423053	[846, 10, 734, 19, 132, 1031]	{6 4 5 4 }60902
415	0.9984504702963848	0.9997665789543488	0.1287673846844192	0.4174460855422384	[1549, 162, 10, 734, 19, 400]	{4 1 1 6 }62166
416	0.9984743827918109	0.9997709015663053	0.1287673846844192	0.4492631897240643	[432, 422, 19, 132, 241, 1126]	{3 3 1 5 }68673
417	0.998497926267246	0.9997744370359611	0.1287673846844192	0.3607466237339816	[377, 162, 10, 158, 420, 1791]	{1 5 4 4 }74894
418	0.9985211064174427	0.9997804520483355	0.1287673846844192	0.1941408295346144	[846, 10, 734, 19, 132, 241]	{5 1 2 6 }60577
419	0.9985439288492723	0.9997845177511441	0.1287673846844192	0.44439666440827835	[2047, 232, 10, 158, 420, 1582]	{3 5 4 1 }63037
420	0.9985663990830799	0.9997878430944906	0.1287673846844192	0.5530852052700764	[1549, 107, 10, 158, 420, 1582]	{1 6 3 3 }60319
421	0.99858852255402	0.9997925576923908	0.1287673846844192	0.42375346724447405	[1743, 1742, 400, 19, 132, 241]	{4 1 5 3 }59559
422	0.9986103046133715	0.99979575896257	0.1287673846844192	0.5847509154931978	[320, 232, 10, 107, 162, 3284]	{5 6 5 3 }61158
423	0.9986317505298319	0.9997995412040039	0.1287673846844192	0.27755072522583735	[320, 232, 10, 734, 19, 3308]	{3 4 2 1 }56955
424	0.9986528654907912	0.9998026347039422	0.1287673846844192	0.30364947819319865	[320, 232, 10, 734, 19, 241]	{5 2 6 3 }70743
425	0.9986736546035877	0.999806289616832	0.1287673846844192	0.39062181355682657	[432, 422, 19, 132, 241, 1031]	{2 5 4 6 }60546
426	0.9986941228967422	0.9998105942920136	0.1287673846844192	0.5187026576852424	[420, 158, 10, 734, 2229, 494]	{5 5 4 1 }59492
427	0.9987142753211752	0.999813517219606	0.1287673846844192	0.355853074634424	[1549, 162, 10, 734, 19, 1987]	{2 4 2 1 }61451
428	0.998734116751404	0.9998176612813925	0.1287673846844192	0.46327330397949845	[10, 232, 1792, 496, 2729, 301]	{4 1 3 2 }61793
429	0.9987536519867218	0.9998217132529171	0.1287673846844192	0.6066758050718191	[1743, 1742, 400, 19, 132, 1032]	{2 4 5 3 }64298
430	0.9987728857523588	0.9998244645916067	0.1287673846844192	0.45957053917318497	[1549, 107, 10, 734, 19, 3308]	{1 5 5 4 }60115
431	0.9987918227006248	0.9998283653784599	0.1287673846844192	0.43884999420539195	[1549, 162, 10, 734, 19, 241]	{6 2 6 5 }70257
432	0.9988104674120349	0.9998321794811608	0.1287673846844192	0.44533540154467305	[837, 162, 10, 158, 420, 1791]	{4 3 3 1 }59423
433	0.9988288243964172	0.9998352872685466	0.1287673846844192	0.16749872591503795	[320, 232, 10, 158, 420, 1791]	{3 3 6 1 }58086
434	0.9988468980940033	0.9998396796080521	0.1287673846844192	0.6936910915631203	[1580, 301, 10, 734, 19, 1460]	{5 3 5 5 }62898
435	0.9988646928765033	0.9998426485041992	0.1287673846844192	0.16749872591503795	[320, 232, 10, 158, 420, 1791]	{4 6 2 2 }62541
436	0.9988822130481622	0.9998476837520649	0.1287673846844192	0.5005220038700334	[1580, 438, 2729, 496, 2728, 301]	{5 2 5 3 }59609
437	0.9988994628468016	0.9998510685575746	0.1287673846844192	0.2408299990005875	[2047, 232, 10, 158, 420, 1791]	{4 4 2 1 }58982
438	0.9989164464448448	0.9998533668823033	0.1287673846844192	0.4026723725695783	[1549, 107, 10, 734, 19, 1987]	{2 5 1 4 }61703
439	0.9989331679503256	0.9998566253960299	0.1287673846844192	0.4779683117804445	[241, 132, 19, 734, 2229, 494]	{2 3 1 6 }54840
440	0.9989496314078823	0.9998604487188025	0.1287673846844192	0.6985621756689098	[734, 10, 1820, 841, 1268, 1380]	{3 2 3 3 }62805
441	0.9989658407997359	0.9998630330017876	0.1287673846844192	0.39062181355682657	[432, 422, 19, 132, 241, 1031]	{5 1 4 5 }62645
442	0.9989818000466536	0.999866076712859	0.1287673846844192	0.4736607547328072	[846, 10, 734, 19, 422, 432]	{3 1 1 2 }62193
443	0.9989975130088966	0.9998681434302532	0.1287673846844192	0.1287673846844192	[320, 232, 10, 734, 19, 132]	{4 6 2 4 }60109
444	0.9990129834871544	0.9998710735762475	0.1287673846844192	0.2408299990005875	[2047, 232, 10, 158, 420, 1791]	{5 4 2 4 }65186
445	0.9990282152234637	0.9998730631815523	0.1287673846844192	0.22065255862223065	[320, 232, 10, 734, 19, 1987]	{4 1 1 1 }58859
446	0.999043211902114	0.9998754138633754	0.1287673846844192	0.3607466237339816	[377, 162, 10, 158, 420, 1791]	{3 6 1 4 }61926
447	0.9990579771505381	0.999878736160352	0.1287673846844192	0.4099230827104292	[158, 10, 734, 19, 132, 1031]	{3 5 6 6 }64343
448	0.9990725145401903	0.9998806075159022	0.1287673846844192	0.2381411587970519	[107, 10, 734, 19, 132, 241]	{1 3 2 4 }61563
449	0.9990868275874096	0.99988281848783	0.1287673846844192	0.66179465643684	[1549, 162, 420, 158, 10, 1873]	{4 4 1 4 }58659
450	0.9991009197542706	0.9998854225214338	0.1287673846844192	0.2161373864102161	[1792, 232, 10, 158, 420, 1791]	{1 5 5 2 }63592
451	0.9991147944494208	0.9998871906923993	0.1287673846844192	0.21853930910221597	[19, 734, 10, 158, 420, 1791]	{4 2 5 4 }60134
452	0.999128455028905	0.9998889315767758	0.1287673846844192	0.5176610839952447	[107, 10, 734, 19, 422, 432]	{4 1 4 2 }57611
453	0.9991419047969774	0.9998913997639586	0.1287673846844192	0.5937511310169713	[160, 87, 1265, 193, 232, 10]	{1 5 1 1 }58337
454	0.9991551470069007	0.9998934108794408	0.1287673846844192	0.2735446005765389	[1549, 162, 107, 10, 232, 2047]	{4 2 3 4 }58219
455	0.9991681848617324	0.9998950557732766	0.1287673846844192	0.4127512412380307	[1549, 162, 10, 734, 19, 1460]	{6 3 3 3 }56770
456	0.9991810215151007	0.9998973878672038	0.1287673846844192	0.46327330397949845	[10, 232, 1792, 496, 2729, 301]	{6 6 4 1 }60982
457	0.9991936600719664	0.9998989713877716	0.1287673846844192	0.318464727358593	[420, 158, 10, 734, 19, 1987]	{6 1 5 2 }58584
458	0.9992061035893743	0.9999012164680434	0.1287673846844192	0.3587532375194829	[394, 193, 232, 10, 734, 19]	{4 2 5 1 }58747
459	0.9992183550771927	0.9999030457927093	0.1287673846844192	0.39062181355682657	[432, 422, 19, 132, 241, 1031]	{2 3 6 5 }74304
460	0.999230417498841	0.9999045419996119	0.1287673846844192	0.5948652828045891	[2297, 400, 19, 132, 241, 1031]	{4 3 4 2 }57632
461	0.999242293772007	0.9999066632885094	0.1287673846844192	0.3756492218095388	[2309, 420, 158, 10, 232, 2047]	{4 2 4 2 }62698
462	0.9992539867693525	0.9999081036698596	0.1287673846844192	0.46414967336266133	[734, 10, 232, 1792, 496, 3366]	{4 6 5 5 }63224
463	0.9992654993192083	0.9999095218231024	0.1287673846844192	0.4963011283524297	[377, 162, 1549, 107, 420, 1791]	{1 5 3 1 }53334
464	0.9992768342062575	0.9999111973448969	0.1287673846844192	0.3508819983113869	[2047, 232, 10, 734, 19, 1460]	{1 2 6 6 }60193
465	0.9992879941722103	0.9999131707372325	0.1287673846844192	0.608806070183607	[1799, 232, 10, 734, 2229, 1529]	{4 4 2 2 }52046
466	0.9992989819164663	0.9999145106949913	0.1287673846844192	0.22065255862223065	[320, 232, 10, 734, 19, 1987]	{6 2 6 4 }56007
467	0.9993098000967677	0.9999160938302692	0.1287673846844192	0.3495185398623855	[1549, 107, 10, 158, 420, 1791]	{4 6 2 2 }52598
468	0.9993204513298424	0.9999173886785675	0.1287673846844192	0.4856692921405462	[1549, 107, 10, 734, 19, 241]	{4 5 1 2 }49880
469	0.9993309381920361	0.9999189185178533	0.1287673846844192	0.6002611305689398	[1851, 159, 10, 158, 420, 1791]	{3 2 3 5 }50420
470	0.9993412632199368	0.999921513125282	0.1287673846844192	0.47818075077320266	[1579, 1580, 301, 2627, 438, 3366]	{4 6 5 3 }54556
471	0.9993514289109872	0.9999227243424844	0.1287673846844192	0.6910687818826513	[734, 10, 301, 1580, 438, 3366]	{2 2 3 3 }59183
472	0.9993614377240893	0.9999247850266848	0.1287673846844192	0.8498158220438689	[2872, 241, 19, 734, 2229, 1529]	{6 3 3 2 }61045
473	0.9993712920801989	0.9999259457515817	0.1287673846844192	0.5449077510217022	[1580, 301, 10, 734, 19, 132]	{3 2 4 2 }59634
474	0.999380994362912	0.9999275914015465	0.1287673846844192	0.8080286422228095	[1582, 1579, 1580, 438, 2729, 301]	{2 5 5 1 }67062
475	0.9993905469190398	0.9999287088181893	0.1287673846844192	0.6388388530008217	[734, 10, 162, 1583, 1013, 156]	{2 2 4 2 }60160
476	0.9993999520591781	0.9999298089907481	0.1287673846844192	0.22065255862223065	[320, 232, 10, 734, 19, 1987]	{1 6 1 4 }57685
477	0.9994092120582648	0.9999313687909538	0.1287673846844192	0.3977074949423053	[846, 10, 734, 19, 132, 1031]	{5 3 1 2 }70618
478	0.9994183291561312	0.9999326397392694	0.1287673846844192	0.5526479030943271	[1792, 232, 10, 438, 1580, 301]	{6 6 2 1 }61214
479	0.9994273055580427	0.9999336792494659	0.1287673846844192	0.40146164692956093	[2149, 420, 158, 10, 734, 19]	{3 6 5 5 }59504
480	0.9994361434352333	0.9999349074115128	0.1287673846844192	0.35103313913420187	[1799, 232, 10, 158, 420, 1791]	{5 5 4 2 }59025
481	0.9994448449254304	0.9999370771644623	0.1287673846844192	0.5402032631193221	[846, 10, 734, 19, 400, 4079]	{2 6 6 4 }60069
482	0.9994534121333712	0.9999382424021576	0.1287673846844192	0.17740604517959738	[1792, 232, 10, 734, 19, 132]	{4 3 2 5 }60321
483	0.9994618471313131	0.9999391954515069	0.1287673846844192	0.5048666701956248	[1549, 162, 107, 420, 158, 10]	{3 1 4 3 }60763
484	0.9994701519595336	0.9999401337933047	0.1287673846844192	0.3710653913227288	[320, 232, 10, 158, 420, 1582]	{2 2 1 4 }64299
485	0.9994783286268247	0.9999414641534534	0.1287673846844192	0.47926281625203476	[320, 232, 10, 734, 19, 77]	{5 1 5 5 }66243
486	0.9994863791109787	0.9999423674844187	0.1287673846844192	0.2730726676895317	[107, 162, 10, 734, 19, 132]	{2 6 1 1 }63501
487	0.999494305359266	0.9999436482069871	0.1287673846844192	0.6273201326521649	[1743, 1742, 400, 19, 132, 1031]	{4 2 4 2 }64263
488	0.999502109288907	0.9999449004690542	0.1287673846844192	0.43884999420539195	[1549, 162, 10, 734, 19, 241]	{1 3 3 6 }65408
489	0.9995097927875349	0.9999457507704576	0.1287673846844192	0.30269924192723124	[1549, 162, 10, 158, 420, 1791]	{5 4 1 3 }65231
490	0.9995173577136532	0.9999465879499259	0.1287673846844192	0.6392097586113423	[1549, 162, 10, 438, 1580, 301]	{3 5 2 6 }61439
491	0.9995248058970845	0.9999475770619642	0.1287673846844192	0.37706316736195933	[846, 10, 734, 19, 132, 1032]	{6 3 2 2 }63724
492	0.9995321391394135	0.9999489750069785	0.1287673846844192	0.5276865571949214	[734, 10, 232, 193, 394, 432]	{1 4 1 4 }66024
493	0.9995393592144225	0.9999499199142567	0.1287673846844192	0.18644425498262523	[10, 734, 19, 132, 241, 1031]	{1 2 6 5 }62153
494	0.999546467868521	0.9999506927550861	0.1287673846844192	0.27755072522583735	[320, 232, 10, 734, 19, 1460]	{1 2 4 3 }63375
495	0.9995534668211672	0.9999520076149504	0.1287673846844192	0.4959113874208292	[1917, 10, 734, 19, 132, 217]	{5 4 1 4 }62993
496	0.9995603577652851	0.9999528963628217	0.1287673846844192	0.35557684261559463	[2047, 232, 10, 734, 19, 400]	{2 5 2 3 }58313
497	0.9995671423676726	0.9999539431103146	0.1287673846844192	0.3756492218095388	[2309, 420, 158, 10, 232, 2047]	{5 5 6 5 }60161
498	0.999573822269406	0.9999547960156792	0.1287673846844192	0.2890096056681221	[2872, 241, 132, 19, 734, 10]	{6 3 5 1 }57165
499	0.9995803990862362	0.9999558005486641	0.1287673846844192	0.3563633149229554	[1849, 420, 158, 10, 232, 2047]	{2 2 5 2 }57751
