0	0.015432098765432056	0.01851851851851849	0.38024150210414165	0.38024150210414165	[2636, 162, 10, 734, 19, 132]	{4 3 5 3 }65829
1	0.030626047858558048	0.03669410150891628	0.38024150210414165	0.41970405181790693	[1792, 232, 10, 158, 420, 1582]	{1 1 3 2 }56883
2	0.045585522428642	0.05453309962912145	0.38024150210414165	0.40146164692956093	[2149, 420, 158, 10, 734, 19]	{2 6 3 4 }56426
3	0.06031414090968146	0.07554347519291882	0.38024150210414165	0.5542764015532653	[846, 10, 107, 162, 420, 1791]	{2 2 4 6 }52947
4	0.07481546589564314	0.08980977958808978	0.38024150210414165	0.5164369637559915	[320, 232, 10, 438, 2627, 301]	{3 2 6 6 }52164
5	0.08909300500219186	0.11003622893057674	0.38024150210414165	0.6002749898121404	[1580, 438, 2627, 261, 217, 132]	{6 5 6 6 }51997
6	0.10315021171512095	0.1298132016210084	0.38024150210414165	0.5851935402401564	[193, 232, 10, 734, 2229, 494]	{2 6 3 1 }51796
7	0.11699048622569008	0.1459277719613601	0.3223254567873786	0.3223254567873786	[1873, 10, 734, 19, 132, 241]	{5 1 2 6 }52336
8	0.13061717625307134	0.15910789893726496	0.3223254567873786	0.4218560082309499	[107, 162, 10, 734, 19, 1460]	{5 2 2 6 }52096
9	0.1440335778541042	0.17208462889193676	0.22065255862223065	0.22065255862223065	[320, 232, 10, 734, 19, 1987]	{4 5 5 6 }52671
10	0.1572429362205532	0.18486110066829575	0.22065255862223065	0.22065255862223065	[320, 232, 10, 734, 19, 1987]	{4 6 4 4 }52789
11	0.17024844646406312	0.20659813798380777	0.22065255862223065	0.6071577096280001	[1265, 415, 10, 158, 420, 1791]	{6 6 6 2 }52901
12	0.18305325438900033	0.2242292904730565	0.2161373864102161	0.2161373864102161	[1792, 232, 10, 158, 420, 1791]	{5 2 3 4 }53754
13	0.19566045725336756	0.2385954147235554	0.2161373864102161	0.4200409293929528	[846, 10, 734, 19, 132, 168]	{6 1 2 2 }53901
14	0.208073104517976	0.25269549963608207	0.2161373864102161	0.27755072522583735	[320, 232, 10, 734, 19, 3308]	{2 6 5 4 }55279
15	0.22029419858405663	0.26653447186504353	0.2161373864102161	0.5815936667923084	[734, 19, 132, 1031, 241, 2872]	{3 5 6 4 }53307
16	0.2323266955194878	0.27785338433626194	0.2161373864102161	0.4270260336353565	[420, 158, 10, 734, 19, 409]	{4 5 5 4 }51458
17	0.2441735057738167	0.29390108690656724	0.2161373864102161	0.6047498602355452	[2051, 1849, 420, 158, 10, 494]	{4 3 1 2 }51905
18	0.2558374948822454	0.3095921738641991	0.2161373864102161	0.22065255862223065	[320, 232, 10, 734, 19, 1987]	{5 1 1 3 }51797
19	0.2673214841587539	0.320246615625554	0.2161373864102161	0.27755072522583735	[320, 232, 10, 734, 19, 1460]	{6 3 2 1 }51211
20	0.2786282513785262	0.3328346412621178	0.16749872591503795	0.16749872591503795	[320, 232, 10, 158, 420, 1791]	{5 3 2 2 }51477
21	0.28976053144984526	0.3541839327417301	0.16749872591503795	0.46327330397949845	[10, 232, 1792, 496, 2728, 301]	{6 1 4 6 }51141
22	0.30072101707561927	0.37140569453528394	0.16749872591503795	0.5223622203495049	[2047, 232, 1792, 496, 2728, 301]	{2 2 4 4 }53613
23	0.31151235940469924	0.38537445687894434	0.16749872591503795	0.5017324050790279	[1579, 1580, 438, 10, 232, 2047]	{4 1 5 6 }54799
24	0.32213716867314524	0.3990328022816345	0.16749872591503795	0.46327330397949845	[10, 232, 1792, 496, 2729, 301]	{6 6 5 4 }54223
25	0.3325980148355967	0.4083069874316093	0.16749872591503795	0.45957053917318497	[1549, 107, 10, 734, 19, 3308]	{4 5 3 5 }54771
26	0.34289742818689917	0.42145572104424023	0.16749872591503795	0.47818075077320266	[1579, 1580, 301, 2627, 438, 3366]	{2 2 1 5 }51686
27	0.35303789997413837	0.43038387349726115	0.16749872591503795	0.22065255862223065	[320, 232, 10, 734, 19, 1987]	{5 3 4 4 }51514
28	0.3630218829992288	0.4391742458198342	0.16749872591503795	0.4963011283524297	[377, 162, 1549, 107, 420, 1791]	{1 2 5 2 }51178
29	0.37285179221220366	0.4516370403571712	0.16749872591503795	0.4490309472639553	[320, 232, 1792, 496, 2728, 301]	{4 4 5 3 }54533
30	0.38253000529534864	0.46382288390478965	0.16749872591503795	0.20635641730273835	[158, 10, 734, 19, 132, 241]	{1 5 4 2 }55471
31	0.3920588632383216	0.47375208975840466	0.16749872591503795	0.20209865776996874	[2047, 232, 10, 734, 19, 132]	{4 5 3 2 }54746
32	0.40144067090439683	0.4877853673648471	0.16749872591503795	0.18644425498262523	[10, 734, 19, 132, 241, 1031]	{1 4 3 2 }56011
33	0.4106776975879709	0.4991679147567394	0.16749872591503795	0.49318716424232345	[2872, 241, 132, 19, 422, 432]	{5 2 6 4 }50207
34	0.4197721775634652	0.508442583001985	0.16749872591503795	0.4736607547328072	[846, 10, 734, 19, 422, 432]	{1 5 3 3 }49577
35	0.4287263106257574	0.5175454981315778	0.16749872591503795	0.42375346724447405	[1743, 1742, 400, 19, 132, 241]	{4 3 5 1 }53944
36	0.43754226262227347	0.5264798407587707	0.16749872591503795	0.5542764015532653	[846, 10, 107, 162, 420, 1791]	{1 3 6 4 }54149
37	0.44622216597686803	0.5370025109641314	0.16749872591503795	0.5113353056757508	[1579, 1580, 301, 2729, 438, 3366]	{2 2 6 5 }53878
38	0.4547681202056201	0.5441475339430801	0.16749872591503795	0.4127512412380307	[1549, 162, 10, 734, 19, 3308]	{6 5 4 1 }54572
39	0.46318219242466907	0.5525892462774675	0.16749872591503795	0.5030421503594164	[107, 10, 734, 19, 241, 1031]	{3 5 5 1 }54722
40	0.47146641785021426	0.55949373321763	0.16749872591503795	0.21853930910221597	[19, 734, 10, 158, 420, 1791]	{6 5 3 5 }55501
41	0.4796228002907974	0.5676512566765628	0.16749872591503795	0.7252208194222561	[1549, 162, 107, 420, 158, 318]	{3 1 1 1 }55753
42	0.48765331263198874	0.5756577148862561	0.16749872591503795	0.27755072522583735	[320, 232, 10, 734, 19, 3308]	{4 3 2 4 }52462
43	0.49555989731359384	0.5822062069404805	0.16749872591503795	0.47818075077320266	[1579, 1580, 301, 2627, 438, 3366]	{3 3 3 2 }52398
44	0.5033444667994951	0.5914905134529143	0.16749872591503795	0.3607466237339816	[377, 162, 10, 158, 420, 1791]	{4 4 5 1 }51311
45	0.5110089040402437	0.6005685020428495	0.16749872591503795	0.6798860515447872	[2306, 420, 158, 10, 232, 2047]	{6 3 2 2 }50803
46	0.5185550629285114	0.6094447575530084	0.16749872591503795	0.490480173062598	[1742, 400, 19, 132, 241, 1031]	{4 4 5 2 }52290
47	0.5259847687475159	0.6154718446278076	0.16749872591503795	0.2822455695300451	[320, 232, 10, 734, 19, 400]	{4 6 6 3 }51569
48	0.5332998186125233	0.6214059210996007	0.16749872591503795	0.2639679006966125	[1549, 162, 10, 734, 19, 132]	{1 2 4 6 }52069
49	0.5405019819055399	0.6298191228529428	0.16749872591503795	0.42375346724447405	[1743, 1742, 400, 19, 132, 241]	{5 3 6 5 }54587
50	0.5475930007032939	0.6366743242815921	0.16749872591503795	0.36752751208569656	[2636, 162, 107, 10, 734, 19]	{1 5 1 4 }55169
51	0.5545745901986134	0.6447482281864456	0.16749872591503795	0.5247141785668131	[1579, 1580, 438, 2729, 496, 3366]	{3 4 2 3 }55933
52	0.5614484391153014	0.6502305086156671	0.16749872591503795	0.30269924192723124	[1549, 162, 10, 158, 420, 1791]	{3 2 2 5 }56539
53	0.5682162101166085	0.6567077214190806	0.16749872591503795	0.3261893857210155	[1792, 232, 10, 734, 19, 3308]	{3 1 1 2 }56794
54	0.5748795402074016	0.6676930743336701	0.16749872591503795	0.6133339985552317	[193, 232, 1792, 496, 2729, 301]	{5 2 1 1 }55741
55	0.5814400411301268	0.6728212676309899	0.16749872591503795	0.43225651716107677	[158, 10, 734, 19, 132, 168]	{1 3 5 5 }57249
56	0.5878992997546619	0.6800919061280791	0.16749872591503795	0.2408299990005875	[2047, 232, 10, 158, 420, 1791]	{2 5 1 1 }54545
57	0.5942588784621516	0.6872009748807885	0.16749872591503795	0.5286043096192637	[2238, 1549, 107, 10, 232, 2047]	{5 4 5 1 }55248
58	0.6005203155229208	0.694152064327882	0.16749872591503795	0.27755072522583735	[320, 232, 10, 734, 19, 3308]	{6 4 1 6 }54397
59	0.6066851254685548	0.6988719398783777	0.1287673846844192	0.1287673846844192	[320, 232, 10, 734, 19, 132]	{1 4 6 3 }50678
60	0.6127547994582376	0.706902021481621	0.1287673846844192	0.6213336312960929	[1799, 10, 734, 19, 132, 217]	{1 3 2 3 }51293
61	0.6187308056394376	0.7114251384340651	0.1287673846844192	0.22657955342078154	[420, 158, 10, 734, 19, 132]	{5 4 2 4 }52633
62	0.6246145895030265	0.7191204680758233	0.1287673846844192	0.6739770999810297	[2309, 420, 158, 1557, 15, 432]	{4 2 3 3 }51997
63	0.630407574232918	0.7234550287536655	0.1287673846844192	0.6066990890158055	[1792, 232, 10, 158, 420, 1550]	{3 3 6 6 }51304
64	0.6361111610503113	0.7296004725591396	0.1287673846844192	0.26929121911740883	[1792, 232, 10, 734, 19, 1987]	{4 2 2 2 }52531
65	0.6417267295526212	0.7337733047727331	0.1287673846844192	0.3798569606650636	[107, 10, 734, 19, 132, 217]	{2 6 1 1 }55890
66	0.6472556380471796	0.7378817414274749	0.1287673846844192	0.22065255862223065	[320, 232, 10, 734, 19, 1987]	{3 4 2 3 }55707
67	0.6526992238797849	0.7437065916179755	0.1287673846844192	0.44439666440827835	[988, 420, 158, 10, 232, 2047]	{2 2 5 3 }55427
68	0.6580588037581832	0.7494020006931315	0.1287673846844192	0.6225395087424512	[2636, 162, 10, 158, 420, 1582]	{6 3 4 3 }55215
69	0.6633356740705569	0.7540427043839995	0.1287673846844192	0.36752751208569656	[2636, 162, 107, 10, 734, 19]	{4 3 3 2 }55760
70	0.6685311111990977	0.759508422064355	0.1287673846844192	0.45904182109697883	[846, 10, 734, 19, 241, 1031]	{6 5 1 4 }55848
71	0.6736463718287411	0.7648526793518138	0.1287673846844192	0.8698368336216182	[241, 1031, 132, 217, 261, 165]	{5 4 4 1 }55073
72	0.6786826932511372	0.7692072593638173	0.1287673846844192	0.21853930910221597	[19, 734, 10, 158, 420, 1791]	{5 3 2 3 }52983
73	0.6836412936639282	0.7743359869335102	0.1287673846844192	0.49318716424232345	[2872, 241, 132, 19, 422, 432]	{2 6 1 3 }52547
74	0.6885233724654107	0.7785149501384452	0.1287673846844192	0.26929121911740883	[1792, 232, 10, 734, 19, 1987]	{1 3 1 2 }51897
75	0.6933301105446482	0.7826165251358814	0.1287673846844192	0.2735446005765389	[1549, 162, 107, 10, 232, 2047]	{6 2 6 5 }52341
76	0.6980626705671074	0.7874472690217507	0.1287673846844192	0.4490309472639553	[320, 232, 1792, 496, 2728, 301]	{5 4 3 3 }51509
77	0.7027221972558866	0.7921706630434896	0.1287673846844192	0.5542764015532653	[846, 10, 107, 162, 420, 1791]	{5 5 3 1 }52041
78	0.7073098176686043	0.7967890927536343	0.1287673846844192	0.5650756242511695	[1792, 232, 10, 438, 2627, 301]	{6 6 5 2 }51577
79	0.7118266414700147	0.800552257702641	0.1287673846844192	0.384955609913507	[1265, 193, 232, 10, 734, 19]	{4 6 6 6 }52009
80	0.7162737612004157	0.8036301549603163	0.1287673846844192	0.1287673846844192	[320, 232, 10, 734, 19, 132]	{1 6 5 3 }52530
81	0.7206522525399155	0.8079939292945315	0.1287673846844192	0.33159198238328924	[377, 162, 107, 10, 232, 2047]	{4 3 4 4 }52127
82	0.7249631745686205	0.8122607308657641	0.1287673846844192	0.17740604517959738	[1792, 232, 10, 734, 19, 132]	{4 1 3 5 }52564
83	0.7292075700228084	0.8164327146243028	0.1287673846844192	0.3563633149229554	[1849, 420, 158, 10, 232, 2047]	{4 5 1 1 }54149
84	0.7333864655471478	0.8205119876326517	0.1287673846844192	0.4490309472639553	[320, 232, 1792, 496, 2728, 301]	{5 2 4 1 }51574
85	0.7375008719430252	0.8252983346291142	0.1287673846844192	0.636501057836766	[1820, 10, 232, 1792, 496, 3366]	{2 4 4 5 }51112
86	0.7415517844130401	0.8291805938595783	0.1287673846844192	0.3756492218095388	[2309, 420, 158, 10, 232, 2047]	{5 5 3 6 }50891
87	0.7455401828017278	0.8323439161955121	0.1287673846844192	0.2735446005765389	[1549, 162, 107, 10, 232, 2047]	{3 3 5 4 }50492
88	0.7494670318325654	0.8368147450969651	0.1287673846844192	0.1941408295346144	[846, 10, 734, 19, 132, 241]	{1 3 5 6 }50290
89	0.753333281341322	0.8411663518943793	0.1287673846844192	0.4739103174596212	[1792, 232, 10, 734, 2229, 1529]	{5 3 5 2 }50600
90	0.7571398665058078	0.8454019158438626	0.1287673846844192	0.26929121911740883	[1792, 232, 10, 734, 19, 1987]	{6 2 3 3 }50767
91	0.7608877080720762	0.8482648433282355	0.1287673846844192	0.1941408295346144	[846, 10, 734, 19, 132, 241]	{1 6 3 2 }50265
92	0.7645777125771367	0.8506064352521825	0.1287673846844192	0.6380169302204414	[377, 162, 1549, 107, 10, 301]	{1 1 5 1 }53089
93	0.7682107725682302	0.8533729827475124	0.1287673846844192	0.3261893857210155	[1792, 232, 10, 734, 19, 1460]	{4 2 4 3 }55086
94	0.7717877668187205	0.8556357453594334	0.1287673846844192	0.2822455695300451	[320, 232, 10, 734, 19, 400]	{6 5 4 4 }54998
95	0.7753095605406538	0.8578635887952447	0.1287673846844192	0.21853930910221597	[19, 734, 10, 158, 420, 1791]	{2 1 5 2 }54483
96	0.7787770055940388	0.8610221757109059	0.1287673846844192	0.21853930910221597	[19, 734, 10, 158, 420, 1791]	{2 3 2 1 }54670
97	0.7821909406928962	0.8647282510252817	0.1287673846844192	0.49860293004999257	[2047, 232, 10, 734, 2229, 1529]	{4 4 3 3 }54669
98	0.7855521916081293	0.8677342898913866	0.1287673846844192	0.48234947979600745	[1529, 2229, 734, 19, 132, 241]	{3 5 4 1 }55794
99	0.7888615713672631	0.8701836548933979	0.1287673846844192	0.41897284333476037	[2636, 162, 10, 158, 420, 1791]	{3 1 1 5 }55494
100	0.7921198804511016	0.8721869935524504	0.1287673846844192	0.46414967336266133	[734, 10, 232, 1792, 496, 3366]	{6 4 6 5 }53550
101	0.79532790698735	0.8750272825846183	0.1287673846844192	0.6947021361754542	[1549, 107, 734, 19, 132, 241]	{4 3 6 2 }51915
102	0.7984864269412489	0.8783598883823618	0.1287673846844192	0.614061877125219	[1579, 1580, 301, 2728, 496, 3366]	{3 2 6 3 }51596
103	0.8015962043032667	0.8806124830419476	0.1287673846844192	0.5973380650016397	[2238, 1549, 162, 107, 10, 1873]	{1 5 2 5 }56110
104	0.8046579912738953	0.882454882995004	0.1287673846844192	0.4712574088651028	[158, 10, 734, 19, 241, 1031]	{3 6 5 2 }53377
105	0.8076725284455943	0.8855894194484706	0.1287673846844192	0.1941408295346144	[846, 10, 734, 19, 132, 241]	{3 5 6 4 }55240
106	0.8106405449819278	0.88813187679406	0.1287673846844192	0.42375346724447405	[1743, 1742, 400, 19, 132, 241]	{4 4 3 2 }56513
107	0.8135627587939351	0.8898582367200777	0.1287673846844192	0.22657955342078154	[420, 158, 10, 734, 19, 132]	{4 5 2 4 }55060
108	0.8164398767137817	0.8923058314596315	0.1287673846844192	0.5286043096192637	[2238, 1549, 107, 10, 232, 2047]	{6 6 3 1 }52475
109	0.8192725946657295	0.8946990352049731	0.1287673846844192	0.7705816032957451	[107, 10, 158, 1557, 15, 432]	{3 3 1 3 }52948
110	0.8220615978344683	0.8966490530715476	0.1287673846844192	0.5862663154410965	[1715, 132, 19, 734, 10, 494]	{5 6 2 2 }53740
111	0.8248075608308499	0.8982439750920485	0.1287673846844192	0.384955609913507	[193, 232, 10, 734, 19, 1987]	{3 5 3 4 }55236
112	0.8275111478550652	0.9001283459236772	0.1287673846844192	0.27755072522583735	[320, 232, 10, 734, 19, 3308]	{4 6 6 6 }55584
113	0.8301730128573019	0.9039634174402079	0.1287673846844192	0.5223622203495049	[2047, 232, 1792, 496, 2728, 301]	{5 4 4 5 }54257
114	0.8327937996959238	0.9060975637193145	0.1287673846844192	0.42375346724447405	[1743, 1742, 400, 19, 132, 241]	{1 6 3 2 }53499
115	0.8353741422932088	0.9078364977245124	0.1287673846844192	0.6065547784592378	[320, 232, 10, 158, 420, 1661]	{6 5 2 5 }55316
116	0.837914664788684	0.9092587739941957	0.1287673846844192	0.5560910049610733	[1549, 162, 10, 734, 2229, 494]	{1 5 4 1 }55006
117	0.8404159816900932	0.9106591015560137	0.1287673846844192	0.3710653913227288	[320, 232, 10, 158, 420, 1582]	{3 3 1 2 }53499
118	0.8428786980220363	0.91304152551452	0.1287673846844192	0.5608636436311459	[846, 10, 232, 1792, 496, 3366]	{2 2 1 1 }54215
119	0.8453034094723135	0.9146518676346215	0.1287673846844192	0.4712574088651028	[158, 10, 734, 19, 241, 1031]	{6 3 6 2 }54573
120	0.8476907025360123	0.9173830078703136	0.1287673846844192	0.46327330397949845	[10, 232, 1792, 496, 2729, 301]	{6 6 6 3 }54758
121	0.8500411546573702	0.9189129521690115	0.1287673846844192	0.17740604517959738	[1792, 232, 10, 734, 19, 132]	{4 3 1 2 }54943
122	0.8523553343694478	0.9201642954997367	0.1287673846844192	0.1287673846844192	[320, 232, 10, 734, 19, 132]	{3 5 4 3 }54907
123	0.8546338014316477	0.9213963279765925	0.1287673846844192	0.39062181355682657	[432, 422, 19, 132, 241, 1031]	{3 3 4 5 }53337
124	0.8568771069651099	0.9239116454813416	0.1287673846844192	0.7221435261135749	[160, 87, 1265, 193, 394, 432]	{3 3 6 3 }51392
125	0.8590857935860187	0.9253206890835389	0.1287673846844192	0.16749872591503795	[320, 232, 10, 158, 420, 1791]	{6 3 4 2 }53166
126	0.8612603955368516	0.9267036392856957	0.1287673846844192	0.26929121911740883	[1792, 232, 10, 734, 19, 1987]	{3 5 4 1 }52096
127	0.8634014388156039	0.928332447301569	0.1287673846844192	0.3649578416273432	[107, 162, 10, 734, 19, 1987]	{5 4 3 4 }51293
128	0.8655094413030175	0.9306258089879189	0.1287673846844192	0.45904182109697883	[846, 10, 734, 19, 241, 1031]	{6 4 6 3 }53326
129	0.8675849128878474	0.9316963983553892	0.1287673846844192	0.5560910049610733	[1549, 162, 10, 734, 2229, 494]	{4 6 4 4 }54455
130	0.8696283555901955	0.933214256169714	0.1287673846844192	0.33585663140262606	[846, 10, 734, 19, 132, 217]	{6 5 3 5 }54926
131	0.8716402636829393	0.9342449003646258	0.1287673846844192	0.22657955342078154	[420, 158, 10, 734, 19, 132]	{6 2 5 1 }55572
132	0.8736211238112891	0.9354625873949105	0.1287673846844192	0.409763318676026	[2654, 232, 10, 158, 420, 1791]	{4 1 1 5 }53197
133	0.8755714151104975	0.936896752119468	0.1287673846844192	0.22065255862223065	[320, 232, 10, 734, 19, 1987]	{1 2 2 1 }54531
134	0.8774916093217553	0.9378705676731799	0.1287673846844192	0.20635641730273835	[158, 10, 734, 19, 132, 241]	{3 5 1 6 }51672
135	0.8793821709062961	0.9390211127162692	0.1287673846844192	0.5045523149112524	[1792, 232, 10, 494, 2229, 1529]	{2 1 2 4 }51861
136	0.8812435571577422	0.9399621449274379	0.1287673846844192	0.5241416910988883	[359, 158, 10, 734, 19, 1987]	{2 6 2 5 }51405
137	0.8830762183127152	0.9408886550365824	0.1287673846844192	0.27755072522583735	[320, 232, 10, 734, 19, 1460]	{3 2 1 6 }51658
138	0.8848805976597413	0.9422022404802138	0.1287673846844192	0.42375346724447405	[1743, 1742, 400, 19, 132, 241]	{2 6 5 4 }52041
139	0.8866571316464736	0.9430941812135438	0.1287673846844192	0.2639679006966125	[1549, 162, 10, 734, 19, 132]	{1 2 4 4 }51658
140	0.8884062499852626	0.944611669714516	0.1287673846844192	0.5862127042160856	[2636, 162, 1549, 107, 10, 494]	{3 6 1 4 }51958
141	0.890128375757095	0.945466427897934	0.1287673846844192	0.3093012924849177	[377, 162, 107, 10, 734, 19]	{1 3 5 1 }54000
142	0.89182392551393	0.9464763088627871	0.1287673846844192	0.6228708526793718	[2627, 261, 217, 132, 241, 1031]	{4 4 3 5 }56552
143	0.8934933093794557	0.948531618602456	0.1287673846844192	0.8506336762860691	[3869, 438, 1580, 301, 2729, 969]	{6 5 5 2 }56896
144	0.8951369311482913	0.9499041087730572	0.1287673846844192	0.425271656964443	[320, 232, 10, 734, 2229, 1529]	{4 4 4 1 }56271
145	0.8967551883836571	0.9510173508003226	0.1287673846844192	0.48234947979600745	[1529, 2229, 734, 19, 132, 241]	{5 1 3 4 }56779
146	0.898348472513539	0.9519244368966129	0.1287673846844192	0.40146164692956093	[2149, 420, 158, 10, 734, 19]	{4 3 6 3 }58437
147	0.8999171689253671	0.9529927827433549	0.1287673846844192	0.3508819983113869	[2047, 232, 10, 734, 19, 3308]	{2 5 3 5 }55538
148	0.9014616570592349	0.9537182027627475	0.1287673846844192	0.48234947979600745	[1529, 2229, 734, 19, 132, 241]	{5 3 2 1 }56745
149	0.9029823104996788	0.9545752730819559	0.1287673846844192	0.4942217620344296	[2047, 232, 10, 734, 2229, 494]	{5 5 4 1 }55725
150	0.9044794970660417	0.9557865991331037	0.1287673846844192	0.36752751208569656	[2636, 162, 107, 10, 734, 19]	{1 3 2 5 }56852
151	0.9059535789014423	0.956605365815824	0.1287673846844192	0.20209865776996874	[2047, 232, 10, 734, 19, 132]	{6 5 1 6 }57217
152	0.9074049125603707	0.9575696910199168	0.1287673846844192	0.34807221917075004	[158, 10, 734, 19, 132, 217]	{5 3 6 6 }57911
153	0.9088338490949328	0.9582244797387452	0.1287673846844192	0.41970405181790693	[1792, 232, 10, 158, 420, 1582]	{1 6 3 2 }58445
154	0.9102407341397641	0.9589981004843241	0.1287673846844192	0.5018959930791344	[1580, 438, 10, 158, 420, 1791]	{5 6 5 2 }58022
155	0.9116259079956319	0.9597573949197996	0.1287673846844192	0.20209865776996874	[2047, 232, 10, 734, 19, 132]	{1 6 5 3 }55988
156	0.9129897057117488	0.9603784227759755	0.1287673846844192	0.22657955342078154	[420, 158, 10, 734, 19, 132]	{3 1 2 6 }54615
157	0.9143324571668143	0.9609898668689388	0.1287673846844192	0.33088423002522327	[1792, 232, 10, 734, 19, 400]	{5 2 5 4 }55246
158	0.9156544871488079	0.96159187509627	0.1287673846844192	0.6256403896465005	[193, 394, 432, 422, 19, 132]	{6 1 4 4 }55026
159	0.9169561154335486	0.9623031366685613	0.1287673846844192	0.17740604517959738	[1792, 232, 10, 734, 19, 132]	{3 2 4 2 }56923
160	0.9182376568620432	0.962884878386639	0.1287673846844192	0.4041869718413946	[1799, 232, 10, 734, 19, 1987]	{4 5 2 3 }55412
161	0.9194994214166413	0.9637096588669359	0.1287673846844192	0.42089048894888004	[320, 232, 10, 734, 2229, 494]	{3 2 6 3 }54689
162	0.9207417142960141	0.9642696949955326	0.1287673846844192	0.1287673846844192	[320, 232, 10, 734, 19, 132]	{5 6 1 6 }57433
163	0.9219648359889768	0.9649313673104302	0.1287673846844192	0.2735446005765389	[1549, 162, 107, 10, 232, 2047]	{5 4 6 1 }55693
164	0.9231690823471717	0.9657106702590873	0.1287673846844192	0.33159198238328924	[377, 162, 107, 10, 232, 2047]	{2 4 6 4 }58076
165	0.9243547446566289	0.9662398265822495	0.1287673846844192	0.3107871986317668	[1549, 107, 10, 734, 19, 132]	{5 4 2 4 }59698
166	0.9255221097082241	0.9669900526581996	0.1287673846844192	0.4739103174596212	[1792, 232, 10, 734, 2229, 1529]	{5 5 4 4 }59523
167	0.9266714598670478	0.9676013479793439	0.1287673846844192	0.6018012732829315	[377, 162, 1549, 107, 10, 161]	{1 1 1 2 }58603
168	0.9278030731407044	0.9681013271771937	0.1287673846844192	0.2639679006966125	[1549, 162, 10, 734, 19, 132]	{4 6 2 6 }60120
169	0.9289172232465578	0.968810186573256	0.1287673846844192	0.30364947819319865	[320, 232, 10, 734, 19, 241]	{5 6 2 4 }60112
170	0.9300141796779381	0.9692915108545329	0.1287673846844192	0.1287673846844192	[320, 232, 10, 734, 19, 132]	{5 2 4 6 }58459
171	0.9310942077693279	0.9697654072919629	0.1287673846844192	0.4041869718413946	[1799, 232, 10, 734, 19, 1987]	{1 6 1 3 }58364
172	0.932157568760542	0.9703253071569266	0.1287673846844192	0.5762559676227714	[1792, 232, 10, 107, 420, 1791]	{5 1 1 1 }59702
173	0.9332045198599164	0.9708748385058724	0.1287673846844192	0.5847509154931978	[320, 232, 10, 107, 162, 3284]	{2 2 2 2 }60167
174	0.9342353143065225	0.9716515094790491	0.1287673846844192	0.3533585319111673	[2309, 420, 158, 10, 734, 19]	{6 4 2 1 }57942
175	0.9352502014314219	0.9720889861846194	0.1287673846844192	0.17740604517959738	[1792, 232, 10, 734, 19, 132]	{1 3 2 6 }59291
176	0.936249426717974	0.9727092309360723	0.1287673846844192	0.8798576037112772	[2238, 1549, 107, 10, 494, 2626]	{2 4 2 2 }58039
177	0.9372332318612151	0.9733156924708262	0.1287673846844192	0.3261893857210155	[1792, 232, 10, 734, 19, 1460]	{2 6 4 1 }57360
178	0.9382018548263199	0.9739086770825857	0.1287673846844192	0.5839287633058052	[3621, 1720, 241, 132, 19, 1987]	{2 1 3 4 }56171
179	0.9391555299061606	0.9746044456937166	0.1287673846844192	0.636501057836766	[1820, 10, 232, 1792, 496, 3366]	{2 2 2 6 }56715
180	0.9400944877779791	0.9749963523959742	0.1287673846844192	0.22657955342078154	[420, 158, 10, 734, 19, 132]	{1 4 2 2 }59611
181	0.9410189555591831	0.9755519890093969	0.1287673846844192	0.3508819983113869	[2047, 232, 10, 734, 19, 3308]	{1 3 6 6 }60580
182	0.9419291568622822	0.9762039359691463	0.1287673846844192	0.5247141785668131	[1579, 1580, 438, 2729, 496, 3366]	{1 1 5 3 }60943
183	0.9428253118489753	0.9766446038215696	0.1287673846844192	0.20209865776996874	[2047, 232, 10, 734, 19, 132]	{2 4 3 5 }58332
184	0.9437076372834047	0.9770771111582072	0.1287673846844192	0.4739103174596212	[1792, 232, 10, 734, 2229, 1529]	{2 3 4 2 }57509
185	0.9445763465845868	0.9775865086880248	0.1287673846844192	0.3563633149229554	[1849, 420, 158, 10, 232, 2047]	{1 2 3 6 }61278
186	0.9454316498780345	0.9780845862727353	0.1287673846844192	0.39062181355682657	[432, 422, 19, 132, 241, 1031]	{3 6 4 3 }57422
187	0.9462737540465833	0.9786689973054624	0.1287673846844192	0.5276865571949214	[734, 10, 232, 193, 394, 432]	{5 4 1 6 }61099
188	0.9471028627804323	0.9791430195875632	0.1287673846844192	0.45591365441607423	[320, 232, 10, 494, 2229, 1529]	{3 3 1 5 }62046
189	0.9479191766264133	0.9794648865692367	0.1287673846844192	0.5519173437841477	[394, 432, 422, 19, 132, 241]	{2 1 6 5 }60150
190	0.9487228930364995	0.9797817864678595	0.1287673846844192	0.4026723725695783	[1549, 107, 10, 734, 19, 1987]	{2 5 6 5 }62119
191	0.9495142064155659	0.9801561978295659	0.1287673846844192	0.2890096056681221	[2872, 241, 132, 19, 734, 10]	{3 5 1 6 }63633
192	0.9502933081684121	0.980597171211131	0.1287673846844192	0.6141383867678237	[377, 162, 10, 734, 2229, 494]	{5 5 4 4 }54962
193	0.9510603867460601	0.981028345184217	0.1287673846844192	0.33159198238328924	[377, 162, 107, 10, 232, 2047]	{4 5 2 1 }51947
194	0.9518156276913369	0.9813211176350779	0.1287673846844192	0.5560910049610733	[1549, 162, 10, 734, 2229, 494]	{5 5 3 1 }57025
195	0.9525592136837545	0.9819188418707554	0.1287673846844192	0.46108513844500126	[1019, 1799, 232, 10, 734, 19]	{5 6 3 5 }56597
196	0.9532913245836966	0.9824010060875352	0.1287673846844192	0.6949837089222468	[1549, 162, 10, 734, 19, 1126]	{6 1 1 4 }54808
197	0.9540121374759235	0.9827269133822105	0.1287673846844192	0.5683368025944038	[87, 1265, 193, 232, 10, 1873]	{2 2 2 4 }57447
198	0.9547218267124061	0.98299347336088	0.1287673846844192	0.2381411587970519	[107, 10, 734, 19, 132, 241]	{3 6 4 2 }55988
199	0.9554205639544987	0.9832559197596319	0.1287673846844192	0.42375346724447405	[1743, 1742, 400, 19, 132, 241]	{2 6 3 4 }57536
200	0.9561085182144601	0.9835659953196387	0.1287673846844192	0.33159198238328924	[377, 162, 107, 10, 232, 2047]	{1 3 2 6 }57494
201	0.9567858558963357	0.9840042354444484	0.1287673846844192	0.5608636436311459	[846, 10, 232, 1792, 496, 3366]	{2 1 3 3 }59843
202	0.9574527408362071	0.9842510836628983	0.1287673846844192	0.32201528250336287	[377, 162, 10, 734, 19, 132]	{1 5 3 5 }60140
203	0.9581093343418212	0.9844941224952609	0.1287673846844192	0.384955609913507	[193, 232, 10, 734, 19, 1987]	{4 3 1 5 }59072
204	0.9587557952316079	0.9848386975509218	0.1287673846844192	0.22657955342078154	[420, 158, 10, 734, 19, 132]	{3 4 2 2 }56169
205	0.9593922798730954	0.9851194624110899	0.1287673846844192	0.5773405156846985	[2047, 232, 10, 438, 1580, 301]	{3 3 5 5 }55203
206	0.9600189422207328	0.9853950279219956	0.1287673846844192	0.2939838317077802	[2047, 232, 10, 734, 19, 1987]	{2 1 4 4 }54996
207	0.960635933853129	0.9856204132935698	0.1287673846844192	0.3710653913227288	[320, 232, 10, 158, 420, 1582]	{1 1 6 6 }56884
208	0.9612434040097164	0.9859399596648238	0.1287673846844192	0.4161807601939807	[837, 162, 107, 10, 232, 2047]	{6 6 4 2 }54491
209	0.9618414996268504	0.9862003307821419	0.1287673846844192	0.5810398577024949	[359, 158, 10, 734, 19, 3308]	{5 1 1 4 }55182
210	0.9624303653733497	0.9865069900980943	0.1287673846844192	0.44439666440827835	[2047, 232, 10, 158, 420, 1582]	{3 3 3 1 }56709
211	0.9630101436854893	0.9869387664149553	0.1287673846844192	0.7221435261135749	[160, 87, 1265, 193, 394, 432]	{2 4 6 6 }55705
212	0.963580974801454	0.9872290160501785	0.1287673846844192	0.5391578771720784	[1791, 420, 158, 1557, 15, 432]	{5 6 5 6 }57517
213	0.9641429967952587	0.9875128156935079	0.1287673846844192	0.7316113326058872	[1549, 107, 10, 438, 2729, 301]	{1 3 3 3 }55212
214	0.9646963456101467	0.9877903086780966	0.1287673846844192	0.5921234298627334	[2051, 1849, 420, 158, 10, 1873]	{5 5 4 2 }59301
215	0.9652411550914716	0.9879787298404716	0.1287673846844192	0.2822455695300451	[320, 232, 10, 734, 19, 400]	{3 2 6 4 }56990
216	0.9657775570190723	0.988201345954537	0.1287673846844192	0.35557684261559463	[2047, 232, 10, 734, 19, 400]	{1 2 1 6 }58225
217	0.9663056811391484	0.9883834239490658	0.1287673846844192	0.6408269299094118	[3621, 1720, 241, 132, 19, 3308]	{5 2 4 5 }61650
218	0.966825655195643	0.9886415700835309	0.1287673846844192	0.5017324050790279	[1579, 1580, 438, 10, 232, 2047]	{3 4 6 2 }59818
219	0.9673376049611423	0.9888519113782803	0.1287673846844192	0.2939838317077802	[2047, 232, 10, 734, 19, 1987]	{3 6 3 3 }59209
220	0.9678416542672975	0.9892086502141754	0.1287673846844192	0.4490309472639553	[320, 232, 1792, 496, 2729, 301]	{5 5 1 5 }59991
221	0.9683379250347776	0.9894484579871937	0.1287673846844192	0.41149404560824615	[1820, 10, 734, 19, 132, 217]	{2 4 5 3 }63030
222	0.9688265373027594	0.9896829366985894	0.1287673846844192	0.5017324050790279	[1579, 1580, 438, 10, 232, 2047]	{3 3 6 6 }61563
223	0.9693076092579637	0.9898739934263933	0.1287673846844192	0.1941408295346144	[846, 10, 734, 19, 132, 241]	{6 2 1 5 }59308
224	0.969781257263242	0.9902628320788198	0.1287673846844192	0.5223622203495049	[2047, 232, 1792, 496, 2728, 301]	{1 5 5 4 }60390
225	0.9702475958857228	0.9904431500032861	0.1287673846844192	0.5762559676227714	[1792, 232, 10, 107, 420, 1791]	{2 2 5 4 }62907
226	0.9707067379245234	0.9906555244476575	0.1287673846844192	0.5597491176370573	[1579, 1580, 438, 2729, 301, 10]	{1 2 5 5 }61535
227	0.9711587944380339	0.9908285702912194	0.1287673846844192	0.2408299990005875	[2047, 232, 10, 158, 420, 1791]	{1 1 3 3 }63747
228	0.9716038747707803	0.9911220560419004	0.1287673846844192	0.4490309472639553	[320, 232, 1792, 496, 2728, 301]	{3 4 4 6 }59072
229	0.9720420865798731	0.9913193436854137	0.1287673846844192	0.6072914709117906	[1549, 107, 10, 734, 2229, 1529]	{4 6 4 6 }66330
230	0.9724735358610479	0.9914800965801283	0.1287673846844192	0.40146164692956093	[2149, 420, 158, 10, 734, 19]	{4 5 5 6 }63875
231	0.9728983269743033	0.9916378725693852	0.1287673846844192	0.6259311023794796	[1819, 1513, 1031, 241, 132, 19]	{4 6 5 1 }59412
232	0.9733165626691443	0.9917927267810632	0.1287673846844192	0.38024150210414165	[2636, 162, 10, 734, 19, 132]	{1 3 2 5 }54035
233	0.9737283441094353	0.9919193822319727	0.1287673846844192	0.27755072522583735	[320, 232, 10, 734, 19, 1460]	{3 4 3 5 }60769
234	0.97413377089787	0.9920690233017511	0.1287673846844192	0.3223254567873786	[1873, 10, 734, 19, 132, 241]	{3 5 2 1 }51287
235	0.9745329411000634	0.9922452672283788	0.1287673846844192	0.7628150490276189	[1879, 496, 1792, 232, 10, 161]	{3 5 3 3 }50615
236	0.9749259512682722	0.99236493903041	0.1287673846844192	0.33407262502458396	[1849, 420, 158, 10, 734, 19]	{6 5 6 3 }60054
237	0.9753128964647495	0.9924827640453727	0.1287673846844192	0.5040092425991489	[320, 232, 10, 438, 1580, 301]	{5 5 6 2 }52212
238	0.975693870284738	0.9925987707730677	0.1287673846844192	0.16749872591503795	[320, 232, 10, 158, 420, 1791]	{2 6 3 1 }59316
239	0.9760689648791093	0.9927129872734832	0.1287673846844192	0.2730726676895317	[107, 162, 10, 734, 19, 132]	{5 2 6 3 }51213
240	0.9764382709766539	0.992847931953604	0.1287673846844192	0.55624826030094	[1799, 1019, 10, 158, 420, 1791]	{1 2 2 6 }59619
241	0.9768018779060265	0.9929803776581668	0.1287673846844192	0.41390045644117435	[377, 162, 10, 734, 19, 1987]	{6 4 4 3 }57692
242	0.9771598736173532	0.993110370664497	0.1287673846844192	0.1941408295346144	[846, 10, 734, 19, 132, 241]	{1 6 2 4 }55941
243	0.9775123447035052	0.9932379563929323	0.1287673846844192	0.16749872591503795	[320, 232, 10, 158, 420, 1791]	{5 1 4 2 }59569
244	0.9778593764210437	0.9933882240286449	0.1287673846844192	0.3898182019840681	[2636, 162, 107, 10, 232, 2047]	{1 2 5 2 }55948
245	0.9782010527108425	0.9934902576084498	0.1287673846844192	0.18644425498262523	[10, 734, 19, 132, 241, 1031]	{3 5 1 6 }54696
246	0.9785374562183912	0.9936108083934785	0.1287673846844192	0.16749872591503795	[320, 232, 10, 158, 420, 1791]	{2 1 4 1 }56877
247	0.9788686683137864	0.9937291267565622	0.1287673846844192	0.5862663154410965	[1726, 132, 19, 734, 10, 494]	{1 5 6 1 }58274
248	0.9791947691114131	0.9938258994918004	0.1287673846844192	0.27755072522583735	[320, 232, 10, 734, 19, 3308]	{4 3 3 3 }55288
249	0.9795158374893234	0.993963101725316	0.1287673846844192	0.42375233682793245	[2149, 420, 158, 10, 232, 2047]	{2 6 6 3 }55726
250	0.9798319511083153	0.9940748961378102	0.1287673846844192	0.5738227595505997	[158, 10, 734, 19, 241, 2872]	{6 5 5 4 }57771
251	0.9801431864307178	0.9941663329258069	0.1287673846844192	0.16749872591503795	[320, 232, 10, 158, 420, 1791]	{6 6 6 3 }55712
252	0.9804496187388858	0.9942959699719001	0.1287673846844192	0.5495915186585395	[320, 232, 10, 438, 2729, 301]	{5 4 2 1 }61350
253	0.9807513221534092	0.9943839951266548	0.1287673846844192	0.2161373864102161	[1792, 232, 10, 158, 420, 1791]	{4 4 1 2 }59926
254	0.9810483696510417	0.9945337552566106	0.1287673846844192	0.5247141785668131	[1579, 1580, 438, 2729, 496, 3366]	{4 2 2 2 }60581
255	0.9813408330823528	0.9946181108853666	0.1287673846844192	0.5937511310169713	[160, 87, 1265, 193, 232, 10]	{1 2 3 1 }58248
256	0.9816287831891066	0.9947011647297282	0.1287673846844192	0.40146164692956093	[2149, 420, 158, 10, 734, 19]	{3 6 6 6 }62040
257	0.9819122896213734	0.9947829368789608	0.1287673846844192	0.6910687818826513	[734, 10, 301, 1580, 438, 3366]	{6 6 5 5 }60614
258	0.982191420954377	0.9948634471123102	0.1287673846844192	0.5018959930791344	[1580, 438, 10, 158, 420, 1791]	{6 5 5 6 }62174
259	0.982466244705081	0.9949585684620822	0.1287673846844192	0.2735446005765389	[1549, 162, 107, 10, 232, 2047]	{3 2 6 1 }62346
260	0.9827368273485212	0.9950363683314946	0.1287673846844192	0.4218560082309499	[107, 162, 10, 734, 19, 3308]	{2 6 2 2 }56603
261	0.9830032343338835	0.9951129675856382	0.1287673846844192	0.3649578416273432	[107, 162, 10, 734, 19, 1987]	{3 5 5 3 }64245
262	0.9832655301003359	0.9951883847525265	0.1287673846844192	0.45756243128478064	[734, 10, 107, 162, 420, 1791]	{3 4 2 2 }54043
263	0.9835237780926147	0.9952626380742468	0.1287673846844192	0.2161373864102161	[1792, 232, 10, 158, 420, 1791]	{6 1 5 4 }58464
264	0.9837780407763707	0.9953679127837078	0.1287673846844192	0.5265945627345092	[1579, 1580, 438, 2627, 301, 10]	{1 3 3 3 }63277
265	0.9840283796532785	0.995470848055181	0.1287673846844192	0.39062181355682657	[432, 422, 19, 132, 241, 1031]	{4 3 4 2 }61490
266	0.9842748552759131	0.995571495876177	0.1287673846844192	0.6831844948357721	[1799, 10, 734, 19, 132, 1031]	{5 6 4 3 }59701
267	0.9845175272623958	0.9956535052118034	0.1287673846844192	0.6045535427893775	[320, 232, 10, 162, 107, 1586]	{3 2 2 6 }60459
268	0.9847564543108157	0.9957339958560293	0.1287673846844192	0.5153600542424949	[377, 162, 1549, 107, 10, 1873]	{1 5 3 1 }56839
269	0.9849916942134266	0.9958287959481175	0.1287673846844192	0.5164369637559915	[320, 232, 10, 438, 2627, 301]	{6 3 5 2 }54488
270	0.9852233038706267	0.9959214893714926	0.1287673846844192	0.33159198238328924	[377, 162, 107, 10, 232, 2047]	{6 6 1 1 }55243
271	0.9854513393047221	0.9959970173460947	0.1287673846844192	0.35557684261559463	[2047, 232, 10, 734, 19, 400]	{6 2 6 4 }58213
272	0.9856758556734764	0.996058791769766	0.1287673846844192	0.318464727358593	[420, 158, 10, 734, 19, 1987]	{5 1 2 1 }54552
273	0.9858969072834536	0.9961638906559056	0.1287673846844192	0.5597491176370573	[1579, 1580, 438, 2729, 301, 10]	{2 4 6 5 }55158
274	0.9861145476031533	0.9962349297178332	0.1287673846844192	0.26977824374023446	[1820, 10, 734, 19, 132, 241]	{6 3 5 4 }55551
275	0.9863288292759441	0.9963046532415771	0.1287673846844192	0.24508563114986298	[10, 734, 19, 132, 241, 1126]	{6 2 1 5 }56323
276	0.9865398041327968	0.996386772058431	0.1287673846844192	0.3756492218095388	[2309, 420, 158, 10, 232, 2047]	{3 3 2 5 }52613
277	0.9867475232048216	0.996467066012688	0.1287673846844192	0.5782791391115745	[2238, 1549, 162, 107, 420, 1791]	{4 2 5 6 }59610
278	0.9869520367356114	0.9965455756568505	0.1287673846844192	0.45591365441607423	[320, 232, 10, 494, 2229, 1529]	{3 3 1 4 }62497
279	0.9871533941933952	0.9966223406422539	0.1287673846844192	0.4270260336353565	[420, 158, 10, 734, 19, 409]	{1 5 1 5 }54582
280	0.9873516442830033	0.9966848898896195	0.1287673846844192	0.4174460855422384	[1549, 162, 10, 734, 19, 400]	{3 2 1 2 }55293
281	0.9875468349576483	0.9967360489962612	0.1287673846844192	0.27755072522583735	[320, 232, 10, 734, 19, 1460]	{2 4 5 2 }50734
282	0.9877390134305241	0.9968085812407887	0.1287673846844192	0.6273201326521649	[1743, 1742, 400, 19, 132, 1031]	{5 4 5 4 }54110
283	0.9879282261862259	0.9968676815881815	0.1287673846844192	0.651775703289919	[1742, 400, 19, 132, 241, 1729]	{5 5 4 2 }55743
284	0.988114518991994	0.9969372886639997	0.1287673846844192	0.7778174436424861	[394, 432, 422, 19, 132, 168]	{2 5 1 5 }55924
285	0.9882979369087842	0.997018960966293	0.1287673846844192	0.3533585319111673	[2309, 420, 158, 10, 734, 19]	{1 2 5 2 }57195
286	0.9884785243021672	0.9970649646550848	0.1287673846844192	0.2161373864102161	[1792, 232, 10, 158, 420, 1791]	{5 4 1 3 }55102
287	0.9886563248530597	0.9971301876627496	0.1287673846844192	0.42375233682793245	[2149, 420, 158, 10, 232, 2047]	{3 1 6 2 }51487
288	0.9888313815682902	0.9971744748901763	0.1287673846844192	0.5018959930791344	[1580, 438, 10, 158, 420, 1791]	{3 3 3 3 }56805
289	0.9890037367910018	0.9972180786727353	0.1287673846844192	0.5808899061631212	[837, 162, 1549, 107, 420, 1791]	{2 2 4 6 }59768
290	0.9891734322108937	0.9972695957343514	0.1287673846844192	0.6924900695825686	[3621, 1720, 241, 132, 19, 409]	{6 6 5 1 }57806
291	0.9893405088743059	0.9973424065147686	0.1287673846844192	0.47818075077320266	[1579, 1580, 301, 2627, 438, 3366]	{3 1 2 2 }58244
292	0.9895050071941468	0.9973916212089395	0.1287673846844192	0.24508563114986298	[10, 734, 19, 132, 241, 1126]	{1 6 3 4 }60345
293	0.9896669669596693	0.9974917829545162	0.1287673846844192	0.5223622203495049	[2047, 232, 1792, 496, 2729, 301]	{1 4 1 2 }61473
294	0.9898264273460942	0.9975304900076873	0.1287673846844192	0.29307043597569554	[193, 232, 10, 734, 19, 132]	{6 2 3 1 }61190
295	0.9899834269240865	0.9975762216742117	0.1287673846844192	0.2161373864102161	[1792, 232, 10, 158, 420, 1791]	{3 6 5 6 }54231
296	0.9901380036690851	0.9976408557628993	0.1287673846844192	0.5265945627345092	[1579, 1580, 438, 2627, 301, 10]	{4 5 2 5 }58519
297	0.9902901949704882	0.9976772623097682	0.1287673846844192	0.2512539106781674	[1549, 162, 107, 10, 734, 19]	{2 6 1 1 }60262
298	0.9904400376406967	0.9977664554370731	0.1287673846844192	0.4490309472639553	[320, 232, 1792, 496, 2729, 301]	{6 6 1 3 }53350
299	0.9905875679240193	0.9978078173734236	0.1287673846844192	0.507005866231405	[1879, 232, 10, 158, 420, 1791]	{4 5 3 2 }60322
300	0.9907328215054387	0.997877967217474	0.1287673846844192	0.4454552578155204	[846, 10, 734, 19, 132, 1715]	{4 6 3 2 }57797
301	0.9908758335192437	0.9979107146369575	0.1287673846844192	0.3118040089201504	[107, 162, 10, 158, 420, 1791]	{1 1 3 5 }52375
302	0.991016638557527	0.9979429566950291	0.1287673846844192	0.4754934673489888	[377, 162, 10, 734, 19, 400]	{4 2 2 5 }58330
303	0.9911552706785528	0.9979810500895656	0.1287673846844192	0.17740604517959738	[1792, 232, 10, 734, 19, 132]	{6 4 3 1 }55961
304	0.9912917634149948	0.9980122067239858	0.1287673846844192	0.5549890759376366	[107, 1549, 162, 1583, 1013, 156]	{6 6 2 6 }55930
305	0.9914261497820474	0.9980652145446796	0.1287673846844192	0.5683368025944038	[87, 1265, 193, 232, 10, 1873]	{3 1 6 1 }55695
306	0.9915584622854109	0.9981010439049632	0.1287673846844192	0.3223254567873786	[1873, 10, 734, 19, 132, 241]	{6 5 4 1 }56201
307	0.9916887329291545	0.9981516827341643	0.1287673846844192	0.425271656964443	[320, 232, 10, 734, 2229, 1529]	{3 6 6 3 }53185
308	0.9918169932234577	0.9982009711945865	0.1287673846844192	0.4927957536832894	[1792, 496, 2729, 438, 1580, 301]	{6 1 2 6 }57525
309	0.9919432741922315	0.9982287339847935	0.1287673846844192	0.20635641730273835	[158, 10, 734, 19, 132, 241]	{4 1 2 3 }55171
310	0.992067606380623	0.9982615352072973	0.1287673846844192	0.66179465643684	[1549, 162, 420, 158, 10, 1873]	{2 4 2 5 }58381
311	0.9921900198624035	0.9982937289997549	0.1287673846844192	0.6886544588068385	[1743, 1742, 400, 19, 241, 1031]	{6 6 4 1 }57156
312	0.992310544247243	0.9983316461330937	0.1287673846844192	0.701703741491343	[1742, 400, 19, 734, 10, 1873]	{5 3 4 4 }58682
313	0.9924292086878719	0.9983573923347434	0.1287673846844192	0.2381411587970519	[107, 10, 734, 19, 132, 241]	{6 5 3 2 }52150
314	0.9925460418871331	0.9983938947273047	0.1287673846844192	0.5930455237480948	[1742, 400, 19, 132, 241, 2872]	{5 5 2 6 }54362
315	0.9926610721049243	0.9984186803025006	0.1287673846844192	0.2730726676895317	[107, 162, 10, 734, 19, 132]	{5 3 4 6 }57015
316	0.9927743271650334	0.9984538207402228	0.1287673846844192	0.5597296726288383	[2872, 241, 132, 19, 400, 4079]	{1 3 5 1 }56999
317	0.9928858344618694	0.9985032984765356	0.1287673846844192	0.6763738299871823	[1879, 496, 1792, 232, 10, 1873]	{2 1 6 2 }62286
318	0.9929956209670875	0.9985432105171613	0.1287673846844192	0.5265945627345092	[1579, 1580, 438, 2627, 301, 10]	{5 2 4 4 }59008
319	0.9931037132361139	0.998570188100177	0.1287673846844192	0.21853930910221597	[19, 734, 10, 158, 420, 1791]	{4 2 4 1 }60929
320	0.9932101374145689	0.998592253098631	0.1287673846844192	0.22065255862223065	[320, 232, 10, 734, 19, 1987]	{6 2 6 3 }60270
321	0.993314919244591	0.9986183224856934	0.1287673846844192	0.3938900702956092	[837, 162, 107, 10, 734, 19]	{1 5 5 6 }60425
322	0.9934180840710634	0.9986396446695561	0.1287673846844192	0.18644425498262523	[10, 734, 19, 132, 241, 1031]	{3 6 1 4 }62001
323	0.9935196568477445	0.9986606378073716	0.1287673846844192	0.3118040089201504	[107, 162, 10, 158, 420, 1791]	{4 5 1 4 }59315
324	0.993619662143304	0.998681306977011	0.1287673846844192	0.5537258231524366	[420, 158, 10, 494, 2229, 1529]	{5 5 4 5 }71615
325	0.9937181241472653	0.9987106112664107	0.1287673846844192	0.3563633149229554	[1849, 420, 158, 10, 232, 2047]	{2 2 2 5 }58295
326	0.993815066675857	0.9987305092406945	0.1287673846844192	0.1287673846844192	[320, 232, 10, 734, 19, 132]	{5 2 4 6 }58066
327	0.9939105131777727	0.9987587201464568	0.1287673846844192	0.425271656964443	[320, 232, 10, 734, 2229, 1529]	{4 3 2 2 }61800
328	0.9940044867398441	0.9987918209425513	0.1287673846844192	0.5921234298627334	[2051, 1849, 420, 158, 10, 1873]	{4 3 3 5 }55548
329	0.9940970100926243	0.9988104656810922	0.1287673846844192	0.3107871986317668	[1549, 107, 10, 734, 19, 132]	{3 5 6 2 }59392
330	0.9941881056158863	0.9988288226921864	0.1287673846844192	0.5127482781181582	[1799, 232, 10, 734, 19, 409]	{2 1 1 2 }51363
331	0.9942777953440362	0.9988548488545823	0.1287673846844192	0.5017324050790279	[1579, 1580, 438, 10, 232, 2047]	{5 3 3 3 }58576
332	0.9943661009714431	0.9988760553572752	0.1287673846844192	0.3710319774454073	[2654, 232, 10, 734, 19, 132]	{5 4 3 3 }54917
333	0.9944530438576862	0.9989010319048913	0.1287673846844192	0.3898182019840681	[2636, 162, 107, 10, 232, 2047]	{1 1 3 4 }59212
334	0.9945386450327219	0.9989213831659118	0.1287673846844192	0.3541955855528175	[1917, 10, 734, 19, 132, 241]	{1 6 2 4 }56447
335	0.99462292520197	0.9989453524288916	0.1287673846844192	0.5948652828045891	[2297, 400, 19, 132, 241, 1031]	{3 5 2 3 }55305
336	0.9947059047513224	0.9989687890415829	0.1287673846844192	0.24508563114986298	[10, 734, 19, 132, 241, 1126]	{4 3 1 5 }51747
337	0.9947876037520735	0.9989847027909412	0.1287673846844192	0.33088423002522327	[1792, 232, 10, 734, 19, 400]	{2 3 2 4 }59445
338	0.994868041965776	0.9990003709577476	0.1287673846844192	0.5495915186585395	[320, 232, 10, 438, 2729, 301]	{2 5 5 5 }63022
339	0.9949472388490203	0.9990225849364643	0.1287673846844192	0.3977074949423053	[846, 10, 734, 19, 132, 1031]	{2 3 1 1 }58177
340	0.9950252135581403	0.9990406852154187	0.1287673846844192	0.47212667604195313	[2636, 162, 10, 734, 19, 1987]	{6 5 3 5 }56557
341	0.995101984953848	0.9990584503040221	0.1287673846844192	0.33407262502458396	[1849, 420, 158, 10, 734, 19]	{3 4 2 6 }53597
342	0.9951775716057949	0.9990793736305994	0.1287673846844192	0.6859161452036984	[1529, 2229, 734, 19, 132, 1031]	{4 2 1 2 }56501
343	0.9952519917970635	0.9990998319943638	0.1287673846844192	0.355853074634424	[1549, 162, 10, 734, 19, 1987]	{6 1 1 6 }58166
344	0.9953252635285903	0.9991198357278224	0.1287673846844192	0.2161373864102161	[1792, 232, 10, 158, 420, 1791]	{5 5 4 2 }57454
345	0.9953974045235194	0.9991393949338708	0.1287673846844192	0.6002749898121404	[1580, 438, 2627, 261, 217, 132]	{5 4 2 1 }61449
346	0.9954684322314897	0.9991553320647251	0.1287673846844192	0.3587532375194829	[394, 193, 232, 10, 734, 19]	{5 2 4 4 }56621
347	0.9955383638328557	0.9991683670637262	0.1287673846844192	0.2639679006966125	[1549, 162, 10, 734, 19, 132]	{2 6 4 1 }59592
348	0.9956072162428424	0.9991812009053354	0.1287673846844192	0.22657955342078154	[420, 158, 10, 734, 19, 132]	{6 4 1 3 }70066
349	0.9956750061156381	0.9992030355478597	0.1287673846844192	0.6256403896465005	[193, 394, 432, 422, 19, 132]	{6 6 4 2 }57970
350	0.9957417498484215	0.9992177941488253	0.1287673846844192	0.6387364426869702	[734, 19, 132, 1032, 370, 4612]	{5 3 1 5 }55064
351	0.9958074635853286	0.9992322794423656	0.1287673846844192	0.5491215492298357	[1742, 400, 19, 132, 241, 1126]	{3 2 3 5 }54221
352	0.9958721632213574	0.9992464964897292	0.1287673846844192	0.7147803058406799	[2051, 1849, 420, 158, 10, 301]	{4 6 6 5 }53551
353	0.9959358644062131	0.9992604502584379	0.1287673846844192	0.3318017772063142	[193, 232, 10, 158, 420, 1791]	{2 2 6 6 }55004
354	0.9959985825480925	0.9992741456240224	0.1287673846844192	0.18644425498262523	[10, 734, 19, 132, 241, 1031]	{6 2 5 1 }57815
355	0.996060332817412	0.9992902757212664	0.1287673846844192	0.3898182019840681	[2636, 162, 107, 10, 232, 2047]	{2 6 6 2 }56390
356	0.9961211301504767	0.9993034187634651	0.1287673846844192	0.38024150210414165	[2636, 162, 10, 734, 19, 132]	{6 3 2 4 }57590
357	0.9961809892530927	0.9993188983464992	0.1287673846844192	0.4817850116841094	[2238, 1549, 162, 10, 232, 2047]	{6 6 3 3 }59295
358	0.9962399246041252	0.9993340339387993	0.1287673846844192	0.2408299990005875	[2047, 232, 10, 158, 420, 1791]	{3 6 5 2 }57027
359	0.9962979504589998	0.9993488331846037	0.1287673846844192	0.409763318676026	[2654, 232, 10, 158, 420, 1791]	{5 1 6 2 }63107
360	0.9963550808531512	0.9993661976330143	0.1287673846844192	0.5376696922740493	[734, 19, 132, 1031, 241, 1126]	{1 5 3 4 }60524
361	0.9964113296054173	0.9993759785337394	0.1287673846844192	0.35228813868837683	[1792, 232, 10, 734, 19, 241]	{5 1 4 6 }58686
362	0.9964667103213831	0.9993875344868183	0.1287673846844192	0.7715635145661865	[3621, 1720, 132, 19, 422, 432]	{2 5 2 5 }57240
363	0.9965212363966703	0.9993988764407661	0.1287673846844192	0.3093012924849177	[377, 162, 107, 10, 734, 19]	{3 6 6 2 }55280
364	0.9965749210201785	0.9994081530389024	0.1287673846844192	0.4041869718413946	[1799, 232, 10, 734, 19, 1987]	{2 6 2 5 }58093
365	0.9966277771772746	0.9994172864796601	0.1287673846844192	0.46441438091118753	[1549, 162, 10, 734, 19, 409]	{3 6 4 1 }64520
366	0.9966798176529339	0.9994262789722579	0.1287673846844192	0.21853930910221597	[19, 734, 10, 158, 420, 1791]	{2 3 5 3 }57810
367	0.9967310550348331	0.9994351326918218	0.1287673846844192	0.3798569606650636	[107, 10, 734, 19, 132, 217]	{1 2 3 2 }55353
368	0.9967815017163943	0.9994476852986702	0.1287673846844192	0.46327330397949845	[10, 232, 1792, 496, 2728, 301]	{5 2 3 5 }67399
369	0.9968311698997833	0.9994599589586998	0.1287673846844192	0.33159198238328924	[377, 162, 107, 10, 232, 2047]	{1 1 1 4 }58680
370	0.9968800715988607	0.9994719598707287	0.1287673846844192	0.5187026576852424	[420, 158, 10, 734, 2229, 494]	{5 5 1 1 }57435
371	0.9969282186420881	0.9994801086381557	0.1287673846844192	0.5187026576852424	[420, 158, 10, 734, 2229, 494]	{3 3 3 3 }61901
372	0.9969756226753893	0.999488131652999	0.1287673846844192	0.355853074634424	[1549, 162, 10, 734, 19, 1987]	{6 3 3 4 }59521
373	0.9970222951649665	0.9994976106964619	0.1287673846844192	0.21853930910221597	[19, 734, 10, 158, 420, 1791]	{3 5 5 2 }72796
374	0.9970682474000752	0.999506914202083	0.1287673846844192	0.3892787551300833	[158, 10, 734, 19, 132, 1032]	{6 3 4 4 }61910
375	0.9971134904957529	0.9995160454205629	0.1287673846844192	0.2939838317077802	[2047, 232, 10, 734, 19, 1987]	{5 3 5 5 }60355
376	0.9971580353955098	0.9995235138554308	0.1287673846844192	0.22065255862223065	[320, 232, 10, 734, 19, 1987]	{2 6 3 5 }57879
377	0.9972018928739742	0.9995323376729228	0.1287673846844192	0.17740604517959738	[1792, 232, 10, 734, 19, 132]	{4 2 3 6 }62086
378	0.9972450735394993	0.9995409980863872	0.1287673846844192	0.6622472911833186	[1579, 1580, 301, 2627, 438, 970]	{3 2 6 2 }59504
379	0.9972875878367292	0.999551198128912	0.1287673846844192	0.42375233682793245	[2149, 420, 158, 10, 232, 2047]	{3 1 1 2 }54539
380	0.9973294460491254	0.9995595092746729	0.1287673846844192	0.3318017772063142	[193, 232, 10, 158, 420, 1791]	{6 4 1 4 }62224
381	0.9973706583014538	0.9995692979574579	0.1287673846844192	0.33407262502458396	[1849, 420, 158, 10, 734, 19]	{3 6 4 2 }58750
382	0.9974112345622338	0.9995788691139589	0.1287673846844192	0.4454552578155204	[846, 10, 734, 19, 132, 1715]	{4 5 1 6 }53710
383	0.9974511846461499	0.9995853680473854	0.1287673846844192	0.5580604285206273	[320, 232, 10, 158, 420, 1550]	{5 1 1 1 }63048
384	0.9974905182164254	0.9995930464168783	0.1287673846844192	0.3118040089201504	[107, 162, 10, 158, 420, 1791]	{5 5 5 6 }59428
385	0.9975292447871595	0.9996038985124281	0.1287673846844192	0.6622472911833186	[1579, 1580, 301, 2627, 438, 970]	{2 4 2 3 }56405
386	0.9975673737256293	0.9996144612187634	0.1287673846844192	0.3223254567873786	[1873, 10, 734, 19, 132, 241]	{5 1 6 4 }59869
387	0.9976049142545548	0.9996247422529297	0.1287673846844192	0.27755072522583735	[320, 232, 10, 734, 19, 3308]	{1 4 4 6 }58598
388	0.9976418754543301	0.999634749126185	0.1287673846844192	0.5608636436311459	[846, 10, 232, 1792, 496, 3366]	{6 1 1 1 }55060
389	0.9976782662652202	0.9996444891494867	0.1287673846844192	0.6273201326521649	[1743, 1742, 400, 19, 132, 1031]	{6 5 1 6 }57751
390	0.9977140954895223	0.9996510726837554	0.1287673846844192	0.27755072522583735	[320, 232, 10, 734, 19, 3308]	{6 4 5 4 }69481
391	0.9977493717936964	0.9996575343007229	0.1287673846844192	0.6387364426869702	[734, 19, 132, 1032, 370, 4612]	{3 4 5 4 }60648
392	0.9977841037104603	0.9996628192652179	0.1287673846844192	0.31230179790358314	[1799, 232, 10, 734, 19, 132]	{6 5 2 2 }58386
393	0.9978182996408544	0.9996680226716189	0.1287673846844192	0.425271656964443	[320, 232, 10, 734, 2229, 1529]	{2 2 5 6 }58012
394	0.9978519678562733	0.9996741703999222	0.1287673846844192	0.17740604517959738	[1792, 232, 10, 734, 19, 132]	{1 5 3 6 }59030
395	0.9978851165004666	0.9996791986344914	0.1287673846844192	0.490480173062598	[1742, 400, 19, 132, 241, 1031]	{2 3 4 6 }57987
396	0.9979177535915088	0.999684149272848	0.1287673846844192	0.384955609913507	[1265, 193, 232, 10, 734, 19]	{2 3 3 3 }56033
397	0.9979498870237387	0.9996899983603879	0.1287673846844192	0.4959113874208292	[1917, 10, 734, 19, 132, 217]	{3 1 4 3 }60838
398	0.9979815245696686	0.9996968872857126	0.1287673846844192	0.5537258231524366	[420, 158, 10, 494, 2229, 1529]	{6 6 5 3 }60309
399	0.9980126738818651	0.9997065868925697	0.1287673846844192	0.46327330397949845	[10, 232, 1792, 496, 2728, 301]	{6 6 6 1 }58376
400	0.9980433424947992	0.9997120204686333	0.1287673846844192	0.6066990890158055	[1792, 232, 10, 158, 420, 1550]	{4 6 4 6 }62172
401	0.9980735378266696	0.9997173534229178	0.1287673846844192	0.2939838317077802	[2047, 232, 10, 734, 19, 1987]	{2 3 2 4 }59288
402	0.9981032671811964	0.9997248906649734	0.1287673846844192	0.4695291494440582	[1792, 232, 10, 734, 2229, 494]	{2 3 3 2 }57021
403	0.9981325377493877	0.9997322269139074	0.1287673846844192	0.6002749898121404	[1580, 438, 2627, 261, 217, 132]	{4 3 6 4 }60143
404	0.9981613566112799	0.999737185674761	0.1287673846844192	0.3118040089201504	[107, 162, 10, 158, 420, 1791]	{1 6 6 6 }58955
405	0.998189730737649	0.9997420526067099	0.1287673846844192	0.6244988051897356	[734, 19, 132, 241, 1031, 227]	{6 3 2 1 }61768
406	0.9982176669916977	0.9997489312038642	0.1287673846844192	0.6739770999810297	[2309, 420, 158, 1557, 15, 432]	{1 2 5 4 }59545
407	0.9982451721307147	0.9997535806260149	0.1287673846844192	0.2408299990005875	[2047, 232, 10, 158, 420, 1791]	{2 4 5 2 }55553
408	0.9982722528077098	0.9997590566121035	0.1287673846844192	0.6580821885787472	[3131, 162, 107, 10, 232, 2047]	{1 6 5 4 }50421
409	0.998298915573023	0.9997644109096123	0.1287673846844192	0.2161373864102161	[1792, 232, 10, 158, 420, 1791]	{2 6 6 1 }55770
410	0.9983251668759084	0.9997680465437232	0.1287673846844192	0.22657955342078154	[420, 158, 10, 734, 19, 132]	{4 1 5 4 }54279
411	0.998351013066095	0.9997723419780987	0.1287673846844192	0.21853930910221597	[19, 734, 10, 158, 420, 1791]	{1 6 1 2 }54749
412	0.9983764603953219	0.9997758552191774	0.1287673846844192	0.3292138648989942	[320, 232, 10, 734, 19, 409]	{5 6 1 1 }55770
413	0.9984015150188509	0.999780006048452	0.1287673846844192	0.3495185398623855	[1549, 107, 10, 158, 420, 1791]	{1 6 6 4 }53982
414	0.9984261829969551	0.9997848948029308	0.1287673846844192	0.2639679006966125	[1549, 162, 10, 734, 19, 132]	{3 5 2 2 }57276
415	0.9984504702963848	0.9997906309415193	0.1287673846844192	0.5650756242511695	[1792, 232, 10, 438, 2627, 301]	{1 1 1 2 }56241
416	0.9984743827918109	0.9997938619455081	0.1287673846844192	0.2512539106781674	[1549, 162, 107, 10, 734, 19]	{5 2 6 1 }66993
417	0.998497926267246	0.9997976793168877	0.1287673846844192	0.3541955855528175	[1917, 10, 734, 19, 132, 241]	{1 4 5 6 }52120
418	0.9985211064174427	0.9998021753320679	0.1287673846844192	0.5164369637559915	[320, 232, 10, 438, 2627, 301]	{5 5 4 3 }55621
419	0.9985439288492723	0.9998065714357998	0.1287673846844192	0.5329543900991072	[2627, 438, 10, 158, 420, 1791]	{6 1 4 4 }57926
420	0.9985663990830799	0.9998117295308451	0.1287673846844192	0.6675362497254311	[2654, 232, 10, 734, 2229, 1529]	{4 4 4 3 }57108
421	0.99858852255402	0.9998152160210146	0.1287673846844192	0.16749872591503795	[320, 232, 10, 158, 420, 1791]	{6 4 3 3 }55264
422	0.9986103046133715	0.9998193223316587	0.1287673846844192	0.5017324050790279	[1579, 1580, 438, 10, 232, 2047]	{6 6 3 4 }58681
423	0.9986317505298319	0.9998233373909552	0.1287673846844192	0.5241416910988883	[359, 158, 10, 734, 19, 1987]	{2 3 3 4 }56990
424	0.9986528654907912	0.9998280483938631	0.1287673846844192	0.6833764703768513	[734, 19, 132, 1720, 241, 1126]	{3 1 4 6 }54895
425	0.9986736546035877	0.9998307019680318	0.1287673846844192	0.42089048894888004	[320, 232, 10, 734, 2229, 494]	{3 2 3 2 }59127
426	0.9986941228967422	0.999833314591982	0.1287673846844192	0.1287673846844192	[320, 232, 10, 734, 19, 132]	{5 3 6 4 }62200
427	0.9987142753211752	0.9998358868976612	0.1287673846844192	0.1287673846844192	[320, 232, 10, 734, 19, 132]	{4 5 2 2 }58724
428	0.998734116751404	0.999840263247057	0.1287673846844192	0.47212667604195313	[2636, 162, 10, 734, 19, 1987]	{3 6 5 1 }60074
429	0.9987536519867218	0.9998432213350744	0.1287673846844192	0.3563633149229554	[1849, 420, 158, 10, 232, 2047]	{2 6 1 4 }55572
430	0.9987728857523588	0.9998467053054061	0.1287673846844192	0.6325653604831192	[1799, 232, 1792, 496, 2728, 301]	{3 3 3 3 }56529
431	0.9987918227006248	0.9998490709642733	0.1287673846844192	0.4858763425009312	[158, 10, 734, 19, 422, 432]	{2 4 5 6 }56005
432	0.9988104674120349	0.9998518659464164	0.1287673846844192	0.604424902168044	[1799, 232, 10, 734, 2229, 494]	{6 1 6 3 }59716
433	0.9988288243964172	0.9998541519657618	0.1287673846844192	0.3292138648989942	[320, 232, 10, 734, 19, 409]	{3 1 2 2 }61471
434	0.9988468980940033	0.9998580412466749	0.1287673846844192	0.7076992827199815	[2872, 241, 1031, 132, 19, 409]	{1 1 5 2 }59310
435	0.9988646928765033	0.9998606701124771	0.1287673846844192	0.33159198238328924	[377, 162, 107, 10, 232, 2047]	{2 1 1 1 }57734
436	0.9988822130481622	0.9998632502955794	0.1287673846844192	0.20209865776996874	[2047, 232, 10, 734, 19, 132]	{6 1 3 5 }52766
437	0.9988994628468016	0.9998662891778999	0.1287673846844192	0.17740604517959738	[1792, 232, 10, 734, 19, 132]	{4 6 1 2 }57726
438	0.9989164464448448	0.9998687653042351	0.1287673846844192	0.6465796515379912	[377, 162, 1549, 10, 232, 2047]	{5 5 3 5 }56540
439	0.9989331679503256	0.9998716816308076	0.1287673846844192	0.5265945627345092	[1579, 1580, 438, 2627, 301, 10]	{6 3 1 1 }61264
440	0.9989496314078823	0.9998740578969038	0.1287673846844192	0.2939838317077802	[2047, 232, 10, 734, 19, 1987]	{1 2 1 5 }55588
441	0.9989658407997359	0.9998760014478775	0.1287673846844192	0.4963011283524297	[377, 162, 1549, 107, 420, 1791]	{2 3 4 6 }73163
442	0.9989818000466536	0.9998782977173613	0.1287673846844192	0.5176610839952447	[107, 10, 734, 19, 422, 432]	{6 5 5 5 }55227
443	0.9989975130088966	0.999881002212531	0.1287673846844192	0.3563633149229554	[1849, 420, 158, 10, 232, 2047]	{4 3 4 3 }59997
444	0.9990129834871544	0.9998828385981401	0.1287673846844192	0.27755072522583735	[320, 232, 10, 734, 19, 1460]	{1 3 2 2 }58135
445	0.9990282152234637	0.9998846466444651	0.1287673846844192	0.2381411587970519	[107, 10, 734, 19, 132, 241]	{6 1 5 4 }56760
446	0.999043211902114	0.9998864267888407	0.1287673846844192	0.3710653913227288	[320, 232, 10, 158, 420, 1582]	{1 4 2 2 }58522
447	0.9990579771505381	0.9998885299964547	0.1287673846844192	0.2735446005765389	[1549, 162, 107, 10, 232, 2047]	{4 4 3 5 }54783
448	0.9990725145401903	0.9998905942557796	0.1287673846844192	0.42375346724447405	[1743, 1742, 400, 19, 132, 241]	{3 2 4 5 }55504
449	0.9990868275874096	0.9998935117422921	0.1287673846844192	0.5247141785668131	[1579, 1580, 438, 2729, 496, 3366]	{3 4 3 6 }56196
450	0.9991009197542706	0.9998951550796025	0.1287673846844192	0.4779683117804445	[241, 132, 19, 734, 2229, 494]	{5 4 3 6 }53607
451	0.9991147944494208	0.999896773056769	0.1287673846844192	0.2730726676895317	[107, 162, 10, 734, 19, 132]	{5 6 4 6 }55421
452	0.999128455028905	0.9998986846668289	0.1287673846844192	0.3318017772063142	[193, 232, 10, 158, 420, 1791]	{5 2 2 6 }57597
453	0.9991419047969774	0.9999013864090468	0.1287673846844192	0.4927957536832894	[1792, 496, 2729, 438, 1580, 301]	{6 4 3 2 }61244
454	0.9991551470069007	0.999902908223722	0.1287673846844192	0.3753628939621997	[420, 158, 10, 734, 19, 3308]	{5 1 2 5 }58775
455	0.9991681848617324	0.9999044065536028	0.1287673846844192	0.4026723725695783	[1549, 107, 10, 734, 19, 1987]	{4 3 3 1 }56969
456	0.9991810215151007	0.999905881761109	0.1287673846844192	0.1287673846844192	[320, 232, 10, 734, 19, 132]	{4 6 1 1 }54199
457	0.9991936600719664	0.9999079732775288	0.1287673846844192	0.6601958453775932	[87, 1265, 415, 733, 734, 10]	{2 3 6 6 }60987
458	0.9992061035893743	0.9999109181326479	0.1287673846844192	0.48287649559483514	[1579, 1580, 438, 2627, 261, 217]	{5 2 5 6 }56827
459	0.9992183550771927	0.9999125677968581	0.1287673846844192	0.4594943217857379	[2238, 1549, 162, 10, 734, 19]	{6 2 2 4 }60591
460	0.999230417498841	0.9999148993222752	0.1287673846844192	0.47818075077320266	[1579, 1580, 301, 2627, 438, 3366]	{1 1 5 2 }58823
461	0.999242293772007	0.9999162126043388	0.1287673846844192	0.318464727358593	[420, 158, 10, 734, 19, 1987]	{1 3 3 6 }56939
462	0.9992539867693525	0.9999180745464646	0.1287673846844192	0.5542764015532653	[846, 10, 107, 162, 420, 1791]	{5 3 3 3 }60658
463	0.9992654993192083	0.999919338828155	0.1287673846844192	0.4779683117804445	[241, 132, 19, 734, 2229, 494]	{4 3 6 2 }58712
464	0.9992768342062575	0.9999211312986405	0.1287673846844192	0.35557684261559463	[2047, 232, 10, 734, 19, 400]	{5 4 4 3 }53801
465	0.9992879941722103	0.9999223484082294	0.1287673846844192	0.3118040089201504	[107, 162, 10, 158, 420, 1791]	{2 3 2 5 }56672
466	0.9992989819164663	0.9999240739991576	0.1287673846844192	0.44439666440827835	[988, 420, 158, 10, 232, 2047]	{3 6 4 5 }55085
467	0.9993098000967677	0.9999257612436208	0.1287673846844192	0.5290248426455598	[2636, 162, 10, 734, 19, 1460]	{2 1 1 3 }62507
468	0.9993204513298424	0.9999271360354055	0.1287673846844192	0.1941408295346144	[846, 10, 734, 19, 132, 241]	{5 6 3 2 }59473
469	0.9993309381920361	0.9999282604793036	0.1287673846844192	0.5153706743278413	[107, 162, 10, 158, 420, 1582]	{3 3 4 2 }54011
470	0.9993412632199368	0.9999295889889461	0.1287673846844192	0.44439666440827835	[988, 420, 158, 10, 232, 2047]	{5 1 6 1 }58173
471	0.9993514289109872	0.9999311536780806	0.1287673846844192	0.3892787551300833	[158, 10, 734, 19, 132, 1032]	{5 6 1 5 }56537
472	0.9993614377240893	0.999932428609968	0.1287673846844192	0.3710653913227288	[320, 232, 10, 158, 420, 1582]	{4 1 2 1 }53974
473	0.9993712920801989	0.9999334713783328	0.1287673846844192	0.5201022017894869	[1791, 420, 162, 1549, 107, 10]	{4 6 6 2 }56315
474	0.999380994362912	0.999934498054593	0.1287673846844192	0.6368445827672387	[377, 162, 1549, 107, 232, 10]	{6 6 4 3 }56471
475	0.9993905469190398	0.9999359536533798	0.1287673846844192	0.7799066184635828	[2405, 1743, 1742, 400, 19, 1987]	{1 4 3 3 }61003
476	0.9993999520591781	0.999937376905527	0.1287673846844192	0.48287649559483514	[1579, 1580, 438, 2627, 261, 217]	{5 6 3 3 }57744
477	0.9994092120582648	0.9999385365924617	0.1287673846844192	0.6009485802131427	[1791, 420, 107, 10, 232, 2047]	{6 6 3 5 }56771
478	0.9994183291561312	0.9999396748037124	0.1287673846844192	0.7357311798680504	[846, 162, 10, 158, 420, 1791]	{2 4 4 2 }57981
479	0.9994273055580427	0.9999410153636299	0.1287673846844192	0.5017324050790279	[1579, 1580, 438, 10, 232, 2047]	{6 3 6 2 }56961
480	0.9994361434352333	0.9999421076717108	0.1287673846844192	0.5153600542424949	[377, 162, 1549, 107, 10, 1873]	{3 5 5 3 }55650
481	0.9994448449254304	0.9999430010718388	0.1287673846844192	0.8662546782993487	[320, 232, 1799, 1019, 10, 494]	{2 2 2 4 }56584
482	0.9994534121333712	0.9999440566075454	0.1287673846844192	0.5441812361813056	[1807, 157, 10, 158, 420, 1791]	{2 5 1 1 }57042
483	0.9994618471313131	0.999944919931503	0.1287673846844192	0.318464727358593	[420, 158, 10, 734, 19, 1987]	{2 5 5 2 }54982
484	0.9994701519595336	0.9999457699325601	0.1287673846844192	0.2730726676895317	[107, 162, 10, 734, 19, 132]	{5 1 4 4 }58559
485	0.9994783286268247	0.9999467741930682	0.1287673846844192	0.6100518707880587	[734, 19, 241, 132, 1032, 370]	{3 1 4 6 }56623
486	0.9994863791109787	0.9999479569887778	0.1287673846844192	0.39062181355682657	[432, 422, 19, 132, 241, 1031]	{3 3 1 6 }54071
487	0.999494305359266	0.9999489207482449	0.1287673846844192	0.6047498602355452	[2051, 1849, 420, 158, 10, 494]	{3 6 1 1 }54548
488	0.999502109288907	0.9999497090083028	0.1287673846844192	0.5279864846153067	[377, 162, 1549, 107, 10, 494]	{1 1 4 2 }58201
489	0.9995097927875349	0.9999504851038538	0.1287673846844192	0.22657955342078154	[420, 158, 10, 734, 19, 132]	{2 5 1 5 }54670
490	0.9995173577136532	0.9999512492226215	0.1287673846844192	0.5836390922523209	[1580, 301, 10, 158, 420, 1791]	{3 2 4 4 }58720
491	0.9995248058970845	0.9999520015494329	0.1287673846844192	0.555049825786327	[1580, 438, 10, 734, 19, 1987]	{2 3 2 5 }57453
492	0.9995321391394135	0.9999527422662625	0.1287673846844192	0.20635641730273835	[158, 10, 734, 19, 132, 241]	{2 5 4 1 }51115
493	0.9995393592144225	0.99995361740948	0.1287673846844192	0.17740604517959738	[1792, 232, 10, 734, 19, 132]	{4 6 1 2 }53458
494	0.999546467868521	0.9999546481337137	0.1287673846844192	0.3898182019840681	[2636, 162, 107, 10, 232, 2047]	{1 3 4 1 }55313
495	0.9995534668211672	0.9999553480081934	0.1287673846844192	0.20635641730273835	[158, 10, 734, 19, 132, 241]	{4 5 2 3 }66081
496	0.9995603577652851	0.9999561748969306	0.1287673846844192	0.3541955855528175	[1917, 10, 734, 19, 132, 241]	{5 3 1 4 }56390
497	0.9995671423676726	0.9999569864729133	0.1287673846844192	0.17740604517959738	[1792, 232, 10, 734, 19, 132]	{5 3 2 1 }57737
498	0.999573822269406	0.9999579423290709	0.1287673846844192	0.3607466237339816	[377, 162, 10, 158, 420, 1791]	{6 3 4 4 }56343
499	0.9995803990862362	0.9999587211748288	0.1287673846844192	0.5683368025944038	[87, 1265, 193, 232, 10, 1873]	{5 3 2 4 }57067
