0	0.015432098765432056	0.015432098765432056	0.3349518871601905	0.3349518871601905	[241, 132, 19, 734, 10, 494]	{5 3 6 1 }89679
1	0.030626047858558048	0.030626047858558048	0.3349518871601905	0.5422153628981279	[1792, 232, 10, 162, 420, 1791]	{5 2 4 2 }80410
2	0.045585522428642	0.045585522428642	0.3349518871601905	0.3710653913227288	[320, 232, 10, 158, 420, 1582]	{1 3 6 1 }66995
3	0.06031414090968146	0.0632598646058894	0.3349518871601905	0.4418537765171137	[193, 232, 10, 734, 19, 1460]	{5 1 1 5 }71691
4	0.07481546589564314	0.08407631205909183	0.3349518871601905	0.6427710166013454	[1579, 1580, 438, 2627, 261, 165]	{6 1 1 3 }77812
5	0.08909300500219186	0.09821093687299465	0.31230179790358314	0.31230179790358314	[1799, 232, 10, 734, 19, 132]	{3 5 6 6 }73948
6	0.10315021171512095	0.11825069383137254	0.31230179790358314	0.3977074949423053	[846, 10, 734, 19, 132, 1031]	{4 5 2 5 }79303
7	0.11699048622569008	0.131857936210518	0.22065255862223065	0.22065255862223065	[320, 232, 10, 734, 19, 1987]	{2 5 1 4 }76262
8	0.13061717625307134	0.14793464109550836	0.22065255862223065	0.5153600542424949	[377, 162, 1549, 107, 10, 1873]	{1 1 2 2 }79971
9	0.1440335778541042	0.1637136292233693	0.22065255862223065	0.4984892342518658	[837, 162, 10, 734, 19, 1987]	{4 3 3 1 }76644
10	0.1572429362205532	0.17920041386738095	0.22065255862223065	0.5040092425991489	[320, 232, 10, 438, 1580, 301]	{3 3 1 6 }73511
11	0.17024844646406312	0.20108840283091745	0.22065255862223065	0.5223622203495049	[2047, 232, 1792, 496, 2729, 301]	{3 3 3 4 }75116
12	0.18305325438900033	0.22239271208875966	0.22065255862223065	0.6235405177423026	[87, 1265, 415, 10, 232, 2047]	{5 5 3 4 }77521
13	0.19566045725336756	0.24727614530191933	0.22065255862223065	0.4490309472639553	[320, 232, 1792, 496, 2729, 301]	{2 1 2 6 }75208
14	0.208073104517976	0.26121547594447636	0.18644425498262523	0.18644425498262523	[10, 734, 19, 132, 241, 1031]	{4 5 6 3 }77057
15	0.22029419858405663	0.27261647168607395	0.18644425498262523	0.2822455695300451	[320, 232, 10, 734, 19, 400]	{1 3 1 2 }81899
16	0.2323266955194878	0.28384152613536284	0.18644425498262523	0.39062181355682657	[432, 422, 19, 132, 241, 1031]	{4 4 2 1 }72358
17	0.2441735057738167	0.2997561588879104	0.18644425498262523	0.5491215492298357	[1742, 400, 19, 132, 241, 1126]	{2 2 4 6 }73263
18	0.2558374948822454	0.3153171331348458	0.18644425498262523	0.47818075077320266	[1579, 1580, 301, 2627, 438, 3366]	{2 5 5 1 }74858
19	0.2673214841587539	0.32588322675930803	0.1287673846844192	0.1287673846844192	[320, 232, 10, 734, 19, 132]	{5 1 4 1 }74667
20	0.2786282513785262	0.3383668707082097	0.1287673846844192	0.4942217620344296	[2047, 232, 10, 734, 2229, 494]	{6 4 1 1 }77370
21	0.28976053144984526	0.3530698291369162	0.1287673846844192	0.4739103174596212	[1792, 232, 10, 734, 2229, 1529]	{5 2 3 1 }71535
22	0.30072101707561927	0.3630533194280131	0.1287673846844192	0.29307043597569554	[193, 232, 10, 734, 19, 132]	{3 4 5 3 }78545
23	0.31151235940469924	0.3728827435109141	0.1287673846844192	0.651775703289919	[1742, 400, 19, 132, 241, 1729]	{6 6 3 2 }77765
24	0.32213716867314524	0.3929504957185649	0.1287673846844192	0.7885380875803223	[1879, 232, 1792, 496, 2728, 301]	{6 4 4 1 }74705
25	0.3325980148355967	0.40231854362414254	0.1287673846844192	0.22657955342078154	[420, 158, 10, 734, 19, 132]	{4 3 2 3 }75632
26	0.34289742818689917	0.41154202288920205	0.1287673846844192	0.17740604517959738	[1792, 232, 10, 734, 19, 132]	{5 3 2 3 }75891
27	0.35303789997413837	0.4272342356121567	0.1287673846844192	0.6987271645785152	[837, 162, 10, 734, 2229, 494]	{5 5 2 2 }73461
28	0.3630218829992288	0.43996236370966435	0.1287673846844192	0.6123712262989034	[1794, 1791, 420, 158, 10, 1873]	{1 1 5 1 }78207
29	0.37285179221220366	0.4503334310483742	0.1287673846844192	0.1941408295346144	[846, 10, 734, 19, 132, 241]	{6 5 1 4 }76472
30	0.38253000529534864	0.46051244158451543	0.1287673846844192	0.1941408295346144	[846, 10, 734, 19, 132, 241]	{2 6 4 1 }75910
31	0.3920588632383216	0.468837866868705	0.1287673846844192	0.3495185398623855	[1549, 107, 10, 158, 420, 1791]	{5 5 3 6 }76602
32	0.40144067090439683	0.47867420266743266	0.1287673846844192	0.5773405156846985	[2047, 232, 10, 438, 1580, 301]	{4 3 3 6 }78867
33	0.4106776975879709	0.4883283840995172	0.1287673846844192	0.42375346724447405	[1743, 1742, 400, 19, 132, 241]	{5 6 1 4 }74050
34	0.4197721775634652	0.50197296052353	0.1287673846844192	0.6002749898121404	[1580, 438, 2627, 261, 217, 132]	{1 1 3 1 }77625
35	0.4287263106257574	0.5111956834767979	0.1287673846844192	0.6299138157588855	[1820, 10, 107, 162, 420, 1791]	{1 1 1 6 }77029
36	0.43754226262227347	0.5202476152642647	0.1287673846844192	0.3938900702956092	[837, 162, 107, 10, 734, 19]	{3 2 1 5 }78328
37	0.44622216597686803	0.5355996915758082	0.1287673846844192	0.4490309472639553	[320, 232, 1792, 496, 2728, 301]	{3 1 1 1 }78121
38	0.4547681202056201	0.5441996972873673	0.1287673846844192	0.21853930910221597	[19, 734, 10, 158, 420, 1791]	{5 2 5 1 }78552
39	0.46318219242466907	0.5512336525761425	0.1287673846844192	0.7489831536143308	[420, 158, 10, 734, 811, 3284]	{5 5 4 1 }71497
40	0.47146641785021426	0.5595441404913991	0.1287673846844192	0.26929121911740883	[1792, 232, 10, 734, 19, 1987]	{5 6 5 6 }74163
41	0.4796228002907974	0.5677007304822992	0.1287673846844192	0.41897284333476037	[2636, 162, 10, 158, 420, 1791]	{3 4 3 4 }77551
42	0.48765331263198874	0.5743720155057204	0.1287673846844192	0.22065255862223065	[320, 232, 10, 734, 19, 1987]	{5 1 4 4 }73907
43	0.49555989731359384	0.580940348599768	0.1287673846844192	0.2822455695300451	[320, 232, 10, 734, 19, 400]	{3 2 5 3 }75413
44	0.5033444667994951	0.5902527852975509	0.1287673846844192	0.6854249674444859	[318, 158, 10, 734, 19, 3308]	{5 4 4 5 }70922
45	0.5110089040402437	0.5978406966809295	0.1287673846844192	0.5113353056757508	[1579, 1580, 301, 2729, 438, 3366]	{3 2 2 3 }76509
46	0.5185550629285114	0.60677757008802	0.1287673846844192	0.3756492218095388	[2309, 420, 158, 10, 232, 2047]	{1 5 4 1 }74424
47	0.5259847687475159	0.6155158463082863	0.1287673846844192	0.6240652816640191	[1529, 2229, 734, 19, 132, 217]	{3 5 1 5 }73201
48	0.5332998186125233	0.6214492437418003	0.1287673846844192	0.4449823327653251	[241, 132, 19, 734, 10, 301]	{6 1 3 4 }72914
49	0.5405019819055399	0.6272910764001058	0.1287673846844192	0.6029103028962276	[1549, 107, 10, 734, 2229, 494]	{2 2 3 4 }76375
50	0.5475930007032939	0.6355734969245479	0.1287673846844192	0.5402032631193221	[846, 10, 734, 19, 400, 4079]	{1 6 2 4 }76839
51	0.5545745901986134	0.647721047027063	0.1287673846844192	0.7408993385020191	[2872, 241, 132, 1032, 370, 4612]	{6 6 5 4 }76560
52	0.5614484391153014	0.6542447313413766	0.1287673846844192	0.45767084558364435	[158, 10, 734, 19, 132, 1715]	{3 6 4 3 }78289
53	0.5682162101166085	0.659580460795985	0.1287673846844192	0.24508563114986298	[10, 734, 19, 132, 241, 1126]	{6 4 2 1 }72156
54	0.5748795402074016	0.6671453394449631	0.1287673846844192	0.490480173062598	[1742, 400, 19, 132, 241, 1031]	{2 3 5 6 }78256
55	0.5814400411301268	0.6745421096795196	0.1287673846844192	0.4492631897240643	[432, 422, 19, 132, 241, 1126]	{5 1 4 6 }77021
56	0.5878992997546619	0.6795646079869344	0.1287673846844192	0.2639679006966125	[1549, 162, 10, 734, 19, 132]	{5 2 3 4 }74198
57	0.5942588784621516	0.685498596727917	0.1287673846844192	0.16749872591503795	[320, 232, 10, 158, 420, 1791]	{5 6 5 5 }76334
58	0.6005203155229208	0.6913226967885111	0.1287673846844192	0.4984892342518658	[837, 162, 10, 734, 19, 1987]	{4 1 4 2 }76419
59	0.6066851254685548	0.6970389431442794	0.1287673846844192	0.2408299990005875	[2047, 232, 10, 158, 420, 1791]	{2 5 5 4 }73666
60	0.6127547994582376	0.7017142680957567	0.1287673846844192	0.6547780216348404	[87, 1265, 193, 232, 10, 161]	{4 6 4 5 }75693
61	0.6187308056394376	0.7063174429708221	0.1287673846844192	0.2639679006966125	[1549, 162, 10, 734, 19, 132]	{2 4 6 3 }76862
62	0.6246145895030265	0.7108495811965809	0.1287673846844192	0.2161373864102161	[1792, 232, 10, 158, 420, 1791]	{5 5 5 2 }77794
63	0.630407574232918	0.7162042185818295	0.1287673846844192	0.4736607547328072	[846, 10, 734, 19, 422, 432]	{5 4 6 5 }73217
64	0.6361111610503113	0.7225107915022333	0.1287673846844192	0.2408299990005875	[2047, 232, 10, 158, 420, 1791]	{6 6 2 3 }77218
65	0.6417267295526212	0.7276494805484882	0.1287673846844192	0.17740604517959738	[1792, 232, 10, 734, 19, 132]	{3 5 4 4 }79703
66	0.6472556380471796	0.7363646971709366	0.1287673846844192	0.7265812740333075	[846, 10, 158, 1557, 15, 432]	{4 4 4 1 }74898
67	0.6526992238797849	0.7412468324085119	0.1287673846844192	0.5524188508874461	[158, 10, 734, 19, 400, 4079]	{4 3 6 5 }76388
68	0.6580588037581832	0.7469969027994339	0.1287673846844192	0.5495915186585395	[320, 232, 10, 438, 2729, 301]	{6 5 6 1 }69027
69	0.6633356740705569	0.7516821453401851	0.1287673846844192	0.16749872591503795	[320, 232, 10, 158, 420, 1791]	{6 1 1 5 }71545
70	0.6685311111990977	0.7572003198881809	0.1287673846844192	0.2822455695300451	[320, 232, 10, 734, 19, 400]	{5 2 5 5 }75817
71	0.6736463718287411	0.761696610260622	0.1287673846844192	0.7094561000301187	[1555, 2229, 494, 10, 734, 19]	{4 2 4 4 }74276
72	0.6786826932511372	0.7653741317072174	0.1287673846844192	0.2512539106781674	[1549, 162, 107, 10, 734, 19]	{4 1 4 1 }76483
73	0.6836412936639282	0.7697190551941208	0.1287673846844192	0.5024091360783491	[1019, 10, 734, 19, 132, 217]	{4 5 3 3 }76622
74	0.6885233724654107	0.7748364095231403	0.1287673846844192	0.6066990890158055	[1792, 232, 10, 158, 420, 1550]	{6 6 6 1 }78676
75	0.6933301105446482	0.7783111562897584	0.1287673846844192	0.29307043597569554	[193, 232, 10, 734, 19, 132]	{3 2 4 3 }76763
76	0.6980626705671074	0.7817322804210893	0.1287673846844192	0.6256403896465005	[193, 394, 432, 422, 19, 132]	{1 1 4 1 }73769
77	0.7027221972558866	0.7851006094269367	0.1287673846844192	0.33407262502458396	[1849, 420, 158, 10, 734, 19]	{3 5 3 3 }76021
78	0.7073098176686043	0.7890802277708824	0.1287673846844192	0.44439666440827835	[2047, 232, 10, 158, 420, 1582]	{4 1 1 1 }75049
79	0.7118266414700147	0.7937673338204183	0.1287673846844192	0.3756492218095388	[2309, 420, 158, 10, 232, 2047]	{2 5 5 2 }73198
80	0.7162737612004157	0.7975864572681883	0.1287673846844192	0.4963011283524297	[377, 162, 1549, 107, 420, 1791]	{5 5 6 4 }73998
81	0.7206522525399155	0.8013348562076663	0.1287673846844192	0.17740604517959738	[1792, 232, 10, 734, 19, 132]	{5 3 1 5 }75255
82	0.7249631745686205	0.8057496371808293	0.1287673846844192	0.5597296726288383	[2872, 241, 132, 19, 400, 4079]	{2 4 6 2 }74604
83	0.7292075700228084	0.8087473279650758	0.1287673846844192	0.5062659073349222	[1549, 162, 10, 158, 420, 1582]	{2 2 4 5 }74870
84	0.7333864655471478	0.8138473992193404	0.1287673846844192	0.4025451379845437	[2047, 232, 10, 734, 19, 409]	{4 6 6 3 }81952
85	0.7375008719430252	0.8188114685734913	0.1287673846844192	0.3508819983113869	[2047, 232, 10, 734, 19, 3308]	{1 5 1 2 }75562
86	0.7415517844130401	0.8221668117480563	0.1287673846844192	0.3093012924849177	[377, 162, 107, 10, 734, 19]	{3 6 5 6 }76500
87	0.7455401828017278	0.8254600189379071	0.1287673846844192	0.45756243128478064	[734, 10, 107, 162, 420, 1791]	{4 2 3 2 }78046
88	0.7494670318325654	0.8286922408094273	0.1287673846844192	0.45101234996618306	[320, 232, 10, 734, 19, 2004]	{2 4 6 3 }76105
89	0.753333281341322	0.8318646067203639	0.1287673846844192	0.2735446005765389	[1549, 162, 107, 10, 232, 2047]	{3 1 5 6 }77190
90	0.7571398665058078	0.83445928871542	0.1287673846844192	0.4465486208213214	[193, 232, 10, 734, 19, 400]	{6 5 5 5 }73416
91	0.7608877080720762	0.8375248574429122	0.1287673846844192	0.4200409293929528	[846, 10, 734, 19, 132, 168]	{3 2 4 2 }76810
92	0.7645777125771367	0.8400321898897808	0.1287673846844192	0.6185195547833867	[377, 162, 10, 734, 2229, 1529]	{3 2 3 2 }73913
93	0.7682107725682302	0.8425008289346916	0.1287673846844192	0.18644425498262523	[10, 734, 19, 132, 241, 1031]	{4 2 1 6 }77455
94	0.7717877668187205	0.8460008105139207	0.1287673846844192	0.3756492218095388	[2309, 420, 158, 10, 232, 2047]	{5 3 6 2 }75652
95	0.7753095605406538	0.8488526473562554	0.1287673846844192	0.20209865776996874	[2047, 232, 10, 734, 19, 132]	{5 6 2 2 }77399
96	0.7787770055940388	0.8516516724052137	0.1287673846844192	0.3223254567873786	[1873, 10, 734, 19, 132, 241]	{3 5 6 2 }76360
97	0.7821909406928962	0.854398863656969	0.1287673846844192	0.409763318676026	[2654, 232, 10, 158, 420, 1791]	{2 1 3 6 }79013
98	0.7855521916081293	0.8566457947733738	0.1287673846844192	0.41390045644117435	[377, 162, 10, 734, 19, 1987]	{2 4 5 2 }75616
99	0.7888615713672631	0.8598314437784099	0.1287673846844192	0.5519173437841477	[394, 432, 422, 19, 132, 241]	{5 5 6 3 }73900
100	0.7921198804511016	0.8619945387818295	0.1287673846844192	0.5537258231524366	[420, 158, 10, 494, 2229, 1529]	{6 6 6 6 }75841
101	0.79532790698735	0.866410713540811	0.1287673846844192	0.7785534955486315	[3136, 1468, 2307, 420, 158, 10]	{2 3 1 2 }77680
102	0.7984864269412489	0.8688845892159811	0.1287673846844192	0.2735446005765389	[1549, 162, 107, 10, 232, 2047]	{2 5 2 3 }74518
103	0.8015962043032667	0.8709079751848703	0.1287673846844192	0.3607466237339816	[377, 162, 10, 158, 420, 1791]	{5 3 2 3 }78842
104	0.8046579912738953	0.8737766868474288	0.1287673846844192	0.5164369637559915	[320, 232, 10, 438, 2627, 301]	{2 3 2 5 }74851
105	0.8076725284455943	0.8765816493619304	0.1287673846844192	0.6221869413375989	[19, 132, 217, 261, 2627, 301]	{5 4 5 3 }72683
106	0.8106405449819278	0.8788671743737465	0.1287673846844192	0.16749872591503795	[320, 232, 10, 158, 420, 1791]	{3 6 6 2 }73623
107	0.8135627587939351	0.8820973830571133	0.1287673846844192	0.5241416910988883	[359, 158, 10, 734, 19, 1987]	{2 5 2 4 }77744
108	0.8164398767137817	0.8839168678864787	0.1287673846844192	0.48287649559483514	[1579, 1580, 438, 2627, 261, 217]	{1 5 6 4 }75629
109	0.8192725946657295	0.8860665555182107	0.1287673846844192	0.3587532375194829	[394, 193, 232, 10, 734, 19]	{4 6 6 3 }80931
110	0.8220615978344683	0.8885984098400281	0.1287673846844192	0.5449077510217022	[1580, 301, 10, 734, 19, 132]	{1 5 3 1 }72888
111	0.8248075608308499	0.8915691189109608	0.1287673846844192	0.3508819983113869	[2047, 232, 10, 734, 19, 3308]	{6 5 5 6 }77747
112	0.8275111478550652	0.8939786940462727	0.1287673846844192	0.5286043096192637	[2238, 1549, 107, 10, 232, 2047]	{3 3 6 1 }75549
113	0.8301730128573019	0.8959420515639344	0.1287673846844192	0.3769807512787482	[2047, 232, 10, 734, 19, 241]	{6 3 6 4 }74289
114	0.8327937996959238	0.8982544504180692	0.1287673846844192	0.6388388530008217	[734, 10, 162, 1583, 1013, 156]	{3 3 1 3 }74606
115	0.8353741422932088	0.8998245977881607	0.1287673846844192	0.318464727358593	[420, 158, 10, 734, 19, 1987]	{5 1 4 1 }74549
116	0.837914664788684	0.9020507178373126	0.1287673846844192	0.7366510579420419	[734, 10, 301, 2729, 438, 3366]	{1 1 1 3 }77330
117	0.8404159816900932	0.904227368552039	0.1287673846844192	0.7485382334799275	[1535, 496, 2729, 438, 1580, 301]	{6 3 3 3 }76956
118	0.8428786980220363	0.9063556492508826	0.1287673846844192	0.2161373864102161	[1792, 232, 10, 158, 420, 1791]	{6 2 6 3 }77126
119	0.8453034094723135	0.9080898038943848	0.1287673846844192	0.4610851384450013	[1799, 232, 10, 734, 19, 1460]	{1 6 1 6 }79274
120	0.8476907025360123	0.9097918445630073	0.1287673846844192	0.47212667604195313	[2636, 162, 10, 734, 19, 1987]	{5 1 4 2 }79350
121	0.8500411546573702	0.9114623659599886	0.1287673846844192	0.5643132891416724	[377, 162, 10, 158, 420, 1582]	{4 4 2 5 }77082
122	0.8523553343694478	0.9134298689386555	0.1287673846844192	0.6002749898121404	[1580, 438, 2627, 261, 217, 132]	{5 2 5 5 }79183
123	0.8546338014316477	0.9147658277513306	0.1287673846844192	0.7917048461905779	[377, 162, 1583, 1013, 156, 1529]	{2 2 4 6 }76365
124	0.8568771069651099	0.9170387390112952	0.1287673846844192	0.6427710166013454	[1579, 1580, 438, 2627, 261, 165]	{2 3 3 3 }78204
125	0.8590857935860187	0.9183190053845776	0.1287673846844192	0.45957053917318497	[1549, 107, 10, 734, 19, 3308]	{1 4 1 4 }78199
126	0.8612603955368516	0.9204971652409889	0.1287673846844192	0.38024150210414165	[2636, 162, 10, 734, 19, 132]	{1 6 4 1 }75922
127	0.8634014388156039	0.9219694399587484	0.1287673846844192	0.608087569709638	[1549, 162, 107, 10, 158, 318]	{1 4 2 2 }74958
128	0.8655094413030175	0.9237034524041094	0.1287673846844192	0.5851935402401564	[193, 232, 10, 734, 2229, 494]	{3 5 6 6 }76292
129	0.8675849128878474	0.9257380270066665	0.1287673846844192	0.5017324050790279	[1579, 1580, 438, 10, 232, 2047]	{3 5 5 5 }75478
130	0.8696283555901955	0.927388293073185	0.1287673846844192	0.3898182019840681	[2636, 162, 107, 10, 232, 2047]	{3 4 3 5 }74532
131	0.8716402636829393	0.9290018865604477	0.1287673846844192	0.490480173062598	[1742, 400, 19, 132, 241, 1031]	{1 1 5 6 }77990
132	0.8736211238112891	0.9308951695855023	0.1287673846844192	0.6874280597260901	[331, 808, 1265, 193, 232, 10]	{3 4 1 3 }77505
133	0.8755714151104975	0.9321748886672523	0.1287673846844192	0.6225395087424512	[2636, 162, 10, 158, 420, 1582]	{1 6 2 1 }76762
134	0.8774916093217553	0.9336821133635356	0.1287673846844192	0.49909583386846557	[1743, 1742, 400, 19, 734, 10]	{1 4 2 4 }77139
135	0.8793821709062961	0.9354505903405079	0.1287673846844192	0.4200409293929528	[846, 10, 734, 19, 132, 168]	{6 4 1 4 }74762
136	0.8812435571577422	0.9366459497786467	0.1287673846844192	0.2161373864102161	[1792, 232, 10, 158, 420, 1791]	{5 4 2 1 }76127
137	0.8830762183127152	0.9376236357388528	0.1287673846844192	0.20635641730273835	[158, 10, 734, 19, 132, 241]	{2 3 5 6 }76734
138	0.8848805976597413	0.9387787535955407	0.1287673846844192	0.5054498949506869	[1807, 157, 10, 734, 19, 132]	{5 6 2 5 }75281
139	0.8866571316464736	0.940139225737862	0.1287673846844192	0.6807400150472679	[193, 232, 10, 438, 2627, 301]	{1 6 1 6 }73130
140	0.8884062499852626	0.9410630031184506	0.1287673846844192	0.555049825786327	[1580, 438, 10, 734, 19, 1987]	{6 2 4 1 }79056
141	0.890128375757095	0.9421544289866274	0.1287673846844192	0.3533585319111673	[2309, 420, 158, 10, 734, 19]	{1 3 1 2 }75089
142	0.89182392551393	0.9432256432646529	0.1287673846844192	0.1941408295346144	[846, 10, 734, 19, 132, 241]	{3 4 6 5 }75383
143	0.8934933093794557	0.9441017907451366	0.1287673846844192	0.7054626584868252	[1580, 438, 10, 158, 420, 1582]	{1 6 6 3 }75355
144	0.8951369311482913	0.9453439731730224	0.1287673846844192	0.5948652828045891	[2297, 400, 19, 132, 241, 1031]	{3 3 1 6 }75208
145	0.8967551883836571	0.9461874303771425	0.1287673846844192	0.6971433678106406	[320, 232, 10, 162, 420, 1582]	{5 5 1 4 }72372
146	0.898348472513539	0.947017871266384	0.1287673846844192	0.6018012732829315	[377, 162, 1549, 107, 10, 161]	{4 1 4 5 }80538
147	0.8999171689253671	0.947999021798488	0.1287673846844192	0.42375233682793245	[2149, 420, 158, 10, 232, 2047]	{4 4 5 5 }71944
148	0.9014616570592349	0.9488015060299929	0.1287673846844192	0.2639679006966125	[1549, 162, 10, 734, 19, 132]	{4 1 2 4 }72802
149	0.9029823104996788	0.9499392503404375	0.1287673846844192	0.46414967336266133	[734, 10, 232, 1792, 496, 3366]	{4 3 3 6 }75521
150	0.9044794970660417	0.950866301260059	0.1287673846844192	0.5999488320531864	[837, 162, 1549, 107, 10, 1873]	{5 4 6 4 }76389
151	0.9059535789014423	0.9516245373517248	0.1287673846844192	0.3710653913227288	[320, 232, 10, 158, 420, 1582]	{2 3 1 6 }77913
152	0.9074049125603707	0.9525203792526188	0.1287673846844192	0.2735446005765389	[1549, 162, 107, 10, 232, 2047]	{4 4 4 4 }79286
153	0.9088338490949328	0.9533996314886813	0.1287673846844192	0.33159198238328924	[377, 162, 107, 10, 232, 2047]	{5 6 1 4 }73772
154	0.9102407341397641	0.954262601275928	0.1287673846844192	0.20209865776996874	[2047, 232, 10, 734, 19, 132]	{6 4 1 1 }77621
155	0.9116259079956319	0.9557261980350983	0.1287673846844192	0.5005220038700334	[1580, 438, 2729, 496, 2728, 301]	{5 5 3 4 }76415
156	0.9129897057117488	0.956710060300985	0.1287673846844192	0.38005773826640743	[420, 158, 10, 734, 19, 400]	{5 4 6 5 }74225
157	0.9143324571668143	0.9573781149259698	0.1287673846844192	0.22657955342078154	[420, 158, 10, 734, 19, 132]	{2 5 6 2 }75738
158	0.9156544871488079	0.9580358600660012	0.1287673846844192	0.4026723725695783	[1549, 107, 10, 734, 19, 1987]	{4 5 1 3 }77561
159	0.9169561154335486	0.9589683965089789	0.1287673846844192	0.4733449091479254	[1820, 10, 734, 19, 132, 1031]	{6 1 5 1 }78846
160	0.9182376568620432	0.9598802099198905	0.1287673846844192	0.843661410092386	[734, 10, 232, 107, 420, 1791]	{1 6 5 5 }78401
161	0.9194994214166413	0.9607717608105596	0.1287673846844192	0.5329543900991072	[2627, 438, 10, 158, 420, 1791]	{3 4 3 4 }79864
162	0.9207417142960141	0.9616434994592138	0.1287673846844192	0.5495915186585395	[320, 232, 10, 438, 2729, 301]	{4 1 3 1 }80316
163	0.9219648359889768	0.962495866137898	0.1287673846844192	0.3756492218095388	[2309, 420, 158, 10, 232, 2047]	{6 3 5 4 }79247
164	0.9231690823471717	0.9631903871353443	0.1287673846844192	0.3710319774454073	[2654, 232, 10, 734, 19, 132]	{4 5 6 5 }78238
165	0.9243547446566289	0.963758436716589	0.1287673846844192	0.30364947819319865	[320, 232, 10, 734, 19, 241]	{1 3 5 4 }78828
166	0.9255221097082241	0.9644295767773928	0.1287673846844192	0.5153706743278413	[107, 162, 10, 158, 420, 1582]	{1 5 1 5 }79342
167	0.9266714598670478	0.9652200306267842	0.1287673846844192	0.3756492218095388	[2309, 420, 158, 10, 232, 2047]	{3 1 2 2 }77170
168	0.9278030731407044	0.9657567585492103	0.1287673846844192	0.20635641730273835	[158, 10, 734, 19, 132, 241]	{6 4 2 3 }78363
169	0.9289172232465578	0.9662852036333275	0.1287673846844192	0.2730726676895317	[107, 162, 10, 734, 19, 132]	{2 5 3 2 }78298
170	0.9300141796779381	0.9668054937007143	0.1287673846844192	0.2512539106781674	[1549, 162, 107, 10, 734, 19]	{3 1 3 2 }72865
171	0.9310942077693279	0.9675431493962541	0.1287673846844192	0.4127512412380307	[1549, 162, 10, 734, 19, 1460]	{2 5 5 1 }79049
172	0.932157568760542	0.968264412743004	0.1287673846844192	0.5921234298627334	[2051, 1849, 420, 158, 10, 1873]	{6 3 3 3 }77729
173	0.9332045198599164	0.9687541594599329	0.1287673846844192	0.318464727358593	[420, 158, 10, 734, 19, 1987]	{3 4 3 1 }77138
174	0.9342353143065225	0.9697540263572151	0.1287673846844192	0.4490309472639553	[320, 232, 1792, 496, 2728, 301]	{4 2 3 4 }79175
175	0.9352502014314219	0.970560585654356	0.1287673846844192	0.589768236841541	[2047, 232, 10, 438, 2627, 301]	{4 2 6 5 }77179
176	0.936249426717974	0.971214794862037	0.1287673846844192	0.6661349515163882	[377, 162, 107, 10, 158, 318]	{2 1 4 2 }77779
177	0.9372332318612151	0.9717478542164437	0.1287673846844192	0.5519173437841476	[432, 422, 19, 132, 241, 1729]	{5 6 5 4 }75537
178	0.9382018548263199	0.972183844120511	0.1287673846844192	0.355853074634424	[1549, 162, 10, 734, 19, 1987]	{2 5 2 6 }74950
179	0.9391555299061606	0.9726131057853178	0.1287673846844192	0.2381411587970519	[107, 10, 734, 19, 132, 241]	{3 1 4 2 }79265
180	0.9400944877779791	0.9731202704929971	0.1287673846844192	0.5045523149112524	[1792, 232, 10, 494, 2229, 1529]	{1 1 3 5 }77174
181	0.9410189555591831	0.9735350811335373	0.1287673846844192	0.42106349662439685	[107, 10, 734, 19, 132, 1032]	{2 3 6 3 }79398
182	0.9419291568622822	0.9742408123033096	0.1287673846844192	0.614061877125219	[1579, 1580, 301, 2729, 496, 3366]	{1 1 6 1 }73350
183	0.9428253118489753	0.9746383306319623	0.1287673846844192	0.3798569606650636	[107, 10, 734, 19, 132, 217]	{2 6 3 3 }78000
184	0.9437076372834047	0.975029714418506	0.1287673846844192	0.3318017772063142	[193, 232, 10, 158, 420, 1791]	{1 4 6 1 }73155
185	0.9445763465845868	0.9754150583318008	0.1287673846844192	0.22065255862223065	[320, 232, 10, 734, 19, 1987]	{5 2 1 5 }74007
186	0.9454316498780345	0.9758703350293599	0.1287673846844192	0.7928757220804373	[377, 162, 107, 10, 438, 3366]	{3 3 2 2 }73803
187	0.9462737540465833	0.9763171806769644	0.1287673846844192	0.55624826030094	[1799, 1019, 10, 158, 420, 1791]	{5 5 2 2 }75883
188	0.9471028627804323	0.9769487225255787	0.1287673846844192	0.21853930910221597	[19, 734, 10, 158, 420, 1791]	{1 2 5 1 }73996
189	0.9479191766264133	0.9774609731361213	0.1287673846844192	0.2161373864102161	[1792, 232, 10, 158, 420, 1791]	{6 5 6 6 }72247
190	0.9487228930364995	0.9779618403997631	0.1287673846844192	0.46327330397949845	[10, 232, 1792, 496, 2729, 301]	{2 1 6 6 }77217
191	0.9495142064155659	0.9784515772797684	0.1287673846844192	0.41149404560824615	[1820, 10, 734, 19, 132, 217]	{3 5 2 2 }75016
192	0.9502933081684121	0.9790262018856413	0.1287673846844192	0.599137976443218	[2872, 241, 1031, 132, 19, 1987]	{1 1 2 5 }76764
193	0.9510603867460601	0.9794146055544256	0.1287673846844192	0.39062181355682657	[432, 422, 19, 132, 241, 1031]	{3 1 2 4 }80351
194	0.9518156276913369	0.9802050847011358	0.1287673846844192	0.5223622203495049	[2047, 232, 1792, 496, 2728, 301]	{1 5 6 5 }74382
195	0.9525592136837545	0.9805105617890811	0.1287673846844192	0.16749872591503795	[320, 232, 10, 158, 420, 1791]	{6 3 1 4 }76212
196	0.9532913245836966	0.9808714773115056	0.1287673846844192	0.7282952552402386	[2872, 241, 19, 132, 1032, 370]	{1 1 4 2 }79483
197	0.9540121374759235	0.9814835900375374	0.1287673846844192	0.4490309472639553	[320, 232, 1792, 496, 2728, 301]	{1 2 5 2 }75873
198	0.9547218267124061	0.9817693371048594	0.1287673846844192	0.46426538347739266	[1549, 107, 10, 734, 19, 400]	{2 4 2 1 }78508
199	0.9554205639544987	0.9820506744952164	0.1287673846844192	0.18644425498262523	[10, 734, 19, 132, 241, 1031]	{4 1 2 3 }79149
200	0.9561085182144601	0.9823276702591791	0.1287673846844192	0.2639679006966125	[1549, 162, 10, 734, 19, 132]	{2 5 4 3 }74187
201	0.9567858558963357	0.9826003913971548	0.1287673846844192	0.22657955342078154	[420, 158, 10, 734, 19, 132]	{3 2 6 2 }77570
202	0.9574527408362071	0.9831571788724458	0.1287673846844192	0.7218243635057253	[1792, 232, 193, 1265, 808, 331]	{4 1 5 5 }77142
203	0.9581093343418212	0.9835314637863914	0.1287673846844192	0.5730792313992699	[158, 10, 232, 1792, 496, 3366]	{1 4 1 1 }76270
204	0.9587557952316079	0.983836436679236	0.1287673846844192	0.5683368025944038	[87, 1265, 193, 232, 10, 1873]	{4 1 4 4 }76795
205	0.9593922798730954	0.9841357619259169	0.1287673846844192	0.1941408295346144	[846, 10, 734, 19, 132, 241]	{2 5 6 1 }80108
206	0.9600189422207328	0.984429544112474	0.1287673846844192	0.3563633149229554	[1849, 420, 158, 10, 232, 2047]	{6 5 2 6 }81226
207	0.960635933853129	0.9847178858881689	0.1287673846844192	0.4099230827104292	[158, 10, 734, 19, 132, 1031]	{5 4 2 2 }77802
208	0.9612434040097164	0.9850574884239874	0.1287673846844192	0.48287649559483514	[1579, 1580, 438, 2627, 261, 217]	{1 3 2 5 }77774
209	0.9618414996268504	0.985288082738432	0.1287673846844192	0.3292138648989942	[320, 232, 10, 734, 19, 409]	{3 4 6 1 }80731
210	0.9624303653733497	0.9855605256506833	0.1287673846844192	0.7979943447283975	[1849, 420, 162, 107, 10, 1873]	{6 2 2 4 }79285
211	0.9630101436854893	0.9858814028584458	0.1287673846844192	0.45591365441607423	[320, 232, 10, 494, 2229, 1529]	{4 1 1 1 }74250
212	0.963580974801454	0.9860992824439637	0.1287673846844192	0.2381411587970519	[107, 10, 734, 19, 132, 241]	{4 6 5 1 }76644
213	0.9641429967952587	0.9863567031394458	0.1287673846844192	0.39062181355682657	[432, 422, 19, 132, 241, 1031]	{6 6 1 2 }79042
214	0.9646963456101467	0.9866093567850117	0.1287673846844192	0.42375233682793245	[2149, 420, 158, 10, 232, 2047]	{6 3 2 2 }78388
215	0.9652411550914716	0.986816002513638	0.1287673846844192	0.3093012924849177	[377, 162, 107, 10, 734, 19]	{2 4 2 1 }79910
216	0.9657775570190723	0.987167575779941	0.1287673846844192	0.5654692691124857	[1743, 1742, 400, 19, 132, 217]	{4 3 4 5 }76503
217	0.9663056811391484	0.987452740762609	0.1287673846844192	0.6535066589718268	[2297, 400, 19, 132, 241, 1126]	{4 5 3 1 }77285
218	0.966825655195643	0.9876850974151533	0.1287673846844192	0.747250471358372	[1529, 2229, 734, 19, 241, 1031]	{6 2 2 3 }77978
219	0.9673376049611423	0.9878751422081293	0.1287673846844192	0.4712574088651028	[158, 10, 734, 19, 241, 1031]	{5 4 1 6 }71203
220	0.9678416542672975	0.9880996766116824	0.1287673846844192	0.4942217620344296	[2047, 232, 10, 734, 2229, 494]	{3 3 6 4 }78010
221	0.9683379250347776	0.9883200529707253	0.1287673846844192	0.45591365441607423	[320, 232, 10, 494, 2229, 1529]	{1 3 4 6 }77200
222	0.9688265373027594	0.9885796073491537	0.1287673846844192	0.6072914709117906	[1549, 107, 10, 734, 2229, 1529]	{3 4 4 2 }76131
223	0.9693076092579637	0.9887558479764815	0.1287673846844192	0.6408176172007294	[2627, 261, 217, 132, 19, 1987]	{4 4 1 3 }78581
224	0.969781257263242	0.9889640730139542	0.1287673846844192	0.33407262502458396	[1849, 420, 158, 10, 734, 19]	{2 1 1 3 }78200
225	0.9702475958857228	0.9892093158358662	0.1287673846844192	0.3977074949423053	[846, 10, 734, 19, 132, 1031]	{2 4 6 2 }78133
226	0.9707067379245234	0.9894970674135765	0.1287673846844192	0.20209865776996874	[2047, 232, 10, 734, 19, 132]	{1 3 6 6 }78759
227	0.9711587944380339	0.9896591497065769	0.1287673846844192	0.3107871986317668	[1549, 107, 10, 734, 19, 132]	{1 4 2 2 }77887
228	0.9716038747707803	0.9898506469342329	0.1287673846844192	0.3607466237339816	[377, 162, 10, 158, 420, 1791]	{2 2 5 5 }75541
229	0.9720420865798731	0.990007272753149	0.1287673846844192	0.37785252539417236	[1792, 232, 10, 734, 19, 409]	{2 4 1 1 }73796
230	0.9724735358610479	0.9901614815069585	0.1287673846844192	0.34807221917075004	[158, 10, 734, 19, 132, 217]	{6 4 3 5 }74986
231	0.9728983269743033	0.9903133104960485	0.1287673846844192	0.5847509154931978	[320, 232, 10, 107, 162, 3284]	{1 3 2 3 }75859
232	0.9733165626691443	0.9905716222161539	0.1287673846844192	0.7131342838576821	[1265, 193, 232, 1792, 496, 3366]	{6 4 6 5 }72237
233	0.9737283441094353	0.9907462218047437	0.1287673846844192	0.3977074949423053	[846, 10, 734, 19, 132, 1031]	{2 1 6 4 }73800
234	0.97413377089787	0.9909175880676188	0.1287673846844192	0.48287649559483514	[1579, 1580, 438, 2627, 261, 217]	{2 1 1 2 }78513
235	0.9745329411000634	0.9910577487455876	0.1287673846844192	0.2161373864102161	[1792, 232, 10, 158, 420, 1791]	{1 5 5 3 }77434
236	0.9749259512682722	0.9912233459910398	0.1287673846844192	0.5290248426455598	[2636, 162, 10, 734, 19, 3308]	{2 4 3 3 }73446
237	0.9753128964647495	0.9913587881825361	0.1287673846844192	0.3093012924849177	[377, 162, 107, 10, 734, 19]	{3 4 2 5 }66481
238	0.975693870284738	0.9915188106236001	0.1287673846844192	0.5519173437841476	[432, 422, 19, 132, 241, 1729]	{6 6 4 1 }54450
239	0.9760689648791093	0.9916496931757051	0.1287673846844192	0.1287673846844192	[320, 232, 10, 734, 19, 132]	{4 6 5 4 }55143
240	0.9764382709766539	0.9917785559353393	0.1287673846844192	0.4041869718413946	[1799, 232, 10, 734, 19, 1987]	{1 4 4 4 }58328
241	0.9768018779060265	0.9919308048994997	0.1287673846844192	0.3223254567873786	[1873, 10, 734, 19, 132, 241]	{5 4 3 6 }54004
242	0.9771598736173532	0.9920553295152481	0.1287673846844192	0.2381411587970519	[107, 10, 734, 19, 132, 241]	{3 5 1 4 }52390
243	0.9775123447035052	0.9921779324548277	0.1287673846844192	0.22657955342078154	[420, 158, 10, 734, 19, 132]	{2 3 4 2 }59755
244	0.9778593764210437	0.9923227855575161	0.1287673846844192	0.2408299990005875	[2047, 232, 10, 158, 420, 1791]	{3 2 4 6 }67286
245	0.9782010527108425	0.9924933903229045	0.1287673846844192	0.507005866231405	[1879, 232, 10, 158, 420, 1791]	{2 5 5 2 }66510
246	0.9785374562183912	0.9926324016132211	0.1287673846844192	0.4942217620344296	[2047, 232, 10, 734, 2229, 494]	{5 2 4 3 }71536
247	0.9788686683137864	0.99274609911919	0.1287673846844192	0.47926281625203476	[320, 232, 10, 734, 19, 77]	{5 6 4 1 }78072
248	0.9791947691114131	0.9928804306169827	0.1287673846844192	0.2735446005765389	[1549, 162, 107, 10, 232, 2047]	{2 3 5 3 }75505
249	0.9795158374893234	0.9930386432699386	0.1287673846844192	0.5553874008554724	[837, 162, 10, 734, 19, 3308]	{4 6 2 2 }78732
250	0.9798319511083153	0.9931460716145384	0.1287673846844192	0.3093012924849177	[377, 162, 107, 10, 734, 19]	{2 1 6 6 }80360
251	0.9801431864307178	0.9932729962142691	0.1287673846844192	0.3563633149229554	[1849, 420, 158, 10, 232, 2047]	{3 4 5 5 }79519
252	0.9804496187388858	0.9934224851872854	0.1287673846844192	0.2822455695300451	[320, 232, 10, 734, 19, 400]	{5 4 6 2 }76412
253	0.9807513221534092	0.9936329656612922	0.1287673846844192	0.47818075077320266	[1579, 1580, 301, 2627, 438, 3366]	{6 6 2 6 }76599
254	0.9810483696510417	0.9938027532436577	0.1287673846844192	0.6859097015106125	[2238, 1549, 162, 1583, 1013, 156]	{3 2 4 2 }76641
255	0.9813408330823528	0.993917517072479	0.1287673846844192	0.44533540154467305	[837, 162, 10, 158, 420, 1791]	{3 5 6 3 }76408
256	0.9816287831891066	0.9940526833597572	0.1287673846844192	0.3892787551300833	[158, 10, 734, 19, 132, 1032]	{3 1 4 6 }75141
257	0.9819122896213734	0.9941848459517626	0.1287673846844192	0.1287673846844192	[320, 232, 10, 734, 19, 132]	{5 4 3 6 }76688
258	0.982191420954377	0.9942925339896929	0.1287673846844192	0.45756243128478064	[734, 10, 107, 162, 420, 1791]	{3 3 6 3 }77955
259	0.982466244705081	0.9943806121688643	0.1287673846844192	0.4594943217857379	[2238, 1549, 162, 10, 734, 19]	{4 5 6 6 }77664
260	0.9827368273485212	0.9945054874540007	0.1287673846844192	0.49909583386846557	[1743, 1742, 400, 19, 734, 10]	{4 6 3 5 }77242
261	0.9830032343338835	0.994716476735767	0.1287673846844192	0.5315804008900062	[2627, 438, 2729, 496, 2728, 301]	{3 1 4 2 }77254
262	0.9832655301003359	0.9948573706894799	0.1287673846844192	0.6603115423351927	[193, 1265, 415, 10, 734, 19]	{1 2 2 6 }78227
263	0.9835237780926147	0.9949367322529139	0.1287673846844192	0.555049825786327	[1580, 438, 10, 734, 19, 1987]	{6 3 3 3 }78864
264	0.9837780407763707	0.9950148691008627	0.1287673846844192	0.42106349662439685	[107, 10, 734, 19, 132, 1032]	{1 4 3 4 }77460
265	0.9840283796532785	0.9951071863397356	0.1287673846844192	0.20209865776996874	[2047, 232, 10, 734, 19, 132]	{6 1 5 5 }78014
266	0.9842748552759131	0.9952637563768642	0.1287673846844192	0.5005220038700334	[1580, 438, 2729, 496, 2728, 301]	{1 6 1 4 }79608
267	0.9845175272623958	0.9953368465562334	0.1287673846844192	0.5276173071275932	[320, 232, 10, 107, 420, 1791]	{6 5 1 6 }76701
268	0.9847564543108157	0.995408808800736	0.1287673846844192	0.6331636049638525	[10, 107, 162, 1583, 1013, 156]	{1 2 6 4 }76021
269	0.9849916942134266	0.9954796605167741	0.1287673846844192	0.3093012924849177	[377, 162, 107, 10, 734, 19]	{6 1 1 3 }71181
270	0.9852233038706267	0.9955801125052902	0.1287673846844192	0.409763318676026	[2654, 232, 10, 158, 420, 1791]	{2 5 2 2 }78637
271	0.9854513393047221	0.9956783322273949	0.1287673846844192	0.6123712262989034	[1794, 1791, 420, 158, 10, 1873]	{5 5 5 4 }78830
272	0.9856758556734764	0.9957450246312931	0.1287673846844192	0.30364947819319865	[320, 232, 10, 734, 19, 241]	{4 2 1 5 }79485
273	0.9858969072834536	0.9958106878314275	0.1287673846844192	0.47926281625203476	[320, 232, 10, 734, 19, 77]	{6 4 5 5 }76185
274	0.9861145476031533	0.9959447458208218	0.1287673846844192	0.7265812740333075	[846, 10, 158, 1557, 15, 432]	{6 6 6 3 }73430
275	0.9863288292759441	0.9960198431204362	0.1287673846844192	0.1941408295346144	[846, 10, 734, 19, 132, 241]	{3 6 5 1 }80565
276	0.9865398041327968	0.996093549729317	0.1287673846844192	0.6125752624259981	[837, 162, 1549, 107, 10, 494]	{2 1 4 1 }79424
277	0.9867475232048216	0.9961538344557165	0.1287673846844192	0.2381411587970519	[107, 10, 734, 19, 132, 241]	{2 3 6 5 }73120
278	0.9869520367356114	0.9962769117531335	0.1287673846844192	0.46327330397949845	[10, 232, 1792, 496, 2728, 301]	{3 3 1 4 }68170
279	0.9871533941933952	0.9963960505770333	0.1287673846844192	0.5315804008900062	[2627, 438, 2729, 496, 2728, 301]	{1 2 2 6 }61811
280	0.9873516442830033	0.9964627903811623	0.1287673846844192	0.2890096056681221	[2872, 241, 132, 19, 734, 10]	{6 1 4 2 }66521
281	0.9875468349576483	0.9965413950393587	0.1287673846844192	0.318464727358593	[420, 158, 10, 734, 19, 1987]	{4 6 3 6 }53099
282	0.9877390134305241	0.9965947685727019	0.1287673846844192	0.34773978520994625	[10, 734, 19, 132, 241, 1729]	{4 5 3 6 }55524
283	0.9879282261862259	0.9966704403821974	0.1287673846844192	0.44533540154467305	[837, 162, 10, 158, 420, 1791]	{3 3 3 1 }60618
284	0.988114518991994	0.9967320988936382	0.1287673846844192	0.18644425498262523	[10, 734, 19, 132, 241, 1031]	{2 1 5 3 }61179
285	0.9882979369087842	0.996792615580793	0.1287673846844192	0.3318017772063142	[193, 232, 10, 158, 420, 1791]	{5 2 1 5 }69507
286	0.9884785243021672	0.9968638907901087	0.1287673846844192	0.42375346724447405	[1743, 1742, 400, 19, 132, 241]	{1 1 6 2 }65173
287	0.9886563248530597	0.9969335821058841	0.1287673846844192	0.608806070183607	[1799, 232, 10, 734, 2229, 1529]	{1 3 1 4 }69298
288	0.9888313815682902	0.9969903676224418	0.1287673846844192	0.2735446005765389	[1549, 162, 107, 10, 232, 2047]	{3 6 4 6 }70576
289	0.9890037367910018	0.9970706244858434	0.1287673846844192	0.614061877125219	[1579, 1580, 301, 2728, 496, 3366]	{4 5 6 6 }54669
290	0.9891734322108937	0.9971357217194913	0.1287673846844192	0.7155868965509534	[394, 193, 232, 10, 158, 318]	{6 5 4 4 }52511
291	0.9893405088743059	0.997199372347947	0.1287673846844192	0.6815122288466096	[2627, 261, 217, 132, 241, 1126]	{2 4 4 5 }53896
292	0.9895050071941468	0.9972616085179926	0.1287673846844192	0.3756492218095388	[2309, 420, 158, 10, 232, 2047]	{3 1 1 6 }56347
293	0.9896669669596693	0.9973123194713631	0.1287673846844192	0.3710653913227288	[320, 232, 10, 158, 420, 1582]	{2 6 1 4 }54009
294	0.9898264273460942	0.9973620913330046	0.1287673846844192	0.26977824374023446	[1820, 10, 734, 19, 132, 241]	{1 5 4 2 }55881
295	0.9899834269240865	0.9974324355641244	0.1287673846844192	0.5247141785668131	[1579, 1580, 438, 2729, 496, 3366]	{6 3 3 1 }61414
296	0.9901380036690851	0.9974720584720855	0.1287673846844192	0.425271656964443	[320, 232, 10, 734, 2229, 1529]	{4 3 1 4 }69438
297	0.9902901949704882	0.9975188722040839	0.1287673846844192	0.5017324050790279	[1579, 1580, 438, 10, 232, 2047]	{3 1 1 1 }55630
298	0.9904400376406967	0.9975648190151194	0.1287673846844192	0.20209865776996874	[2047, 232, 10, 734, 19, 132]	{5 3 4 3 }80684
299	0.9905875679240193	0.9976023989685898	0.1287673846844192	0.3093012924849177	[377, 162, 107, 10, 734, 19]	{6 1 1 3 }70391
300	0.9907328215054387	0.9976393989845066	0.1287673846844192	0.34807221917075004	[158, 10, 734, 19, 132, 217]	{5 4 2 6 }66010
301	0.9908758335192437	0.997691856784851	0.1287673846844192	0.37706316736195933	[846, 10, 734, 19, 132, 1032]	{1 4 5 4 }73690
302	0.991016638557527	0.9977346001777241	0.1287673846844192	0.21853930910221597	[19, 734, 10, 158, 420, 1791]	{3 2 6 3 }70248
303	0.9911552706785528	0.9977765520262847	0.1287673846844192	0.5491215492298357	[1742, 400, 19, 132, 241, 1126]	{4 6 1 2 }77050
304	0.9912917634149948	0.9978177269887609	0.1287673846844192	0.31230179790358314	[1799, 232, 10, 734, 19, 132]	{3 1 5 2 }76850
305	0.9914261497820474	0.997858139451932	0.1287673846844192	0.5298987850323406	[158, 10, 734, 19, 241, 1126]	{1 4 3 6 }75976
306	0.9915584622854109	0.9979057363530002	0.1287673846844192	0.41897284333476037	[2636, 162, 10, 158, 420, 1791]	{2 2 3 5 }78202
307	0.9916887329291545	0.9979445190131297	0.1287673846844192	0.33159198238328924	[377, 162, 107, 10, 232, 2047]	{5 6 5 1 }78392
308	0.9918169932234577	0.9979993318394463	0.1287673846844192	0.6408176172007294	[2627, 261, 217, 132, 19, 1987]	{1 1 6 2 }79419
309	0.9919432741922315	0.9980437911319031	0.1287673846844192	0.384955609913507	[193, 232, 10, 734, 19, 1987]	{1 3 1 5 }74771
310	0.992067606380623	0.9980739795403614	0.1287673846844192	0.5622335949446732	[1549, 10, 734, 19, 132, 241]	{6 3 4 5 }78291
311	0.9921900198624035	0.9981096465859103	0.1287673846844192	0.7355528232693063	[846, 10, 162, 1583, 1013, 156]	{2 2 3 3 }78350
312	0.992310544247243	0.9981446531306156	0.1287673846844192	0.6144718123583833	[432, 422, 19, 734, 10, 494]	{6 4 6 5 }76242
313	0.9924292086878719	0.9981790114059745	0.1287673846844192	0.42375346724447405	[1743, 1742, 400, 19, 132, 241]	{6 5 1 2 }78701
314	0.9925460418871331	0.998212733416975	0.1287673846844192	0.2161373864102161	[1792, 232, 10, 158, 420, 1791]	{1 6 5 2 }78063
315	0.9926610721049243	0.9982403146914044	0.1287673846844192	0.2381411587970519	[107, 10, 734, 19, 132, 241]	{4 1 6 5 }77463
316	0.9927743271650334	0.9982729014563785	0.1287673846844192	0.2161373864102161	[1792, 232, 10, 158, 420, 1791]	{1 3 6 6 }77294
317	0.9928858344618694	0.9983048847627418	0.1287673846844192	0.5265945627345092	[1579, 1580, 438, 2627, 301, 10]	{2 4 5 5 }75732
318	0.9929956209670875	0.9983310439485019	0.1287673846844192	0.3606933342103375	[1019, 10, 734, 19, 132, 241]	{3 1 6 4 }76164
319	0.9931037132361139	0.9983619505420482	0.1287673846844192	0.2939838317077802	[2047, 232, 10, 734, 19, 1987]	{2 6 3 3 }79056
320	0.9932101374145689	0.998387229083066	0.1287673846844192	0.16749872591503795	[320, 232, 10, 158, 420, 1791]	{1 4 2 2 }81176
321	0.993314919244591	0.9984121175231422	0.1287673846844192	0.6002611305689398	[1851, 159, 10, 158, 420, 1791]	{1 2 5 6 }68497
322	0.9934180840710634	0.9984366218823529	0.1287673846844192	0.21853930910221597	[19, 734, 10, 158, 420, 1791]	{3 1 1 2 }72259
323	0.9935196568477445	0.998465573328976	0.1287673846844192	0.3093012924849177	[377, 162, 107, 10, 734, 19]	{4 5 1 1 }69134
324	0.993619662143304	0.9984892527529116	0.1287673846844192	0.3292138648989942	[320, 232, 10, 734, 19, 409]	{4 6 4 5 }64258
325	0.9937181241472653	0.9985172295537835	0.1287673846844192	0.26929121911740883	[1792, 232, 10, 734, 19, 1987]	{1 6 1 2 }61822
326	0.993815066675857	0.9985501800081439	0.1287673846844192	0.5921234298627334	[2051, 1849, 420, 158, 10, 1873]	{6 2 6 5 }70572
327	0.9939105131777727	0.9985725537734503	0.1287673846844192	0.27755072522583735	[320, 232, 10, 734, 19, 1460]	{4 2 4 5 }83200
328	0.9940044867398441	0.9985945822646008	0.1287673846844192	0.47944171518065637	[1579, 1580, 438, 10, 734, 19]	{5 3 6 6 }71468
329	0.9940970100926243	0.9986162708099001	0.1287673846844192	0.27755072522583735	[320, 232, 10, 734, 19, 1460]	{1 2 1 6 }74400
330	0.9941881056158863	0.9986418954245316	0.1287673846844192	0.6333895759883759	[1792, 232, 10, 107, 162, 3284]	{5 5 3 4 }74317
331	0.9942777953440362	0.9986720755262087	0.1287673846844192	0.5391578771720784	[1791, 420, 158, 1557, 15, 432]	{5 2 3 4 }72203
332	0.9943661009714431	0.9986966667201678	0.1287673846844192	0.2408299990005875	[2047, 232, 10, 158, 420, 1791]	{1 6 5 3 }70720
333	0.9944530438576862	0.9987314222742967	0.1287673846844192	0.7281773549421413	[1580, 438, 2627, 301, 10, 1873]	{6 5 5 4 }63979
334	0.9945386450327219	0.9987549144544023	0.1287673846844192	0.45756243128478064	[734, 10, 107, 162, 420, 1791]	{3 4 6 2 }68048
335	0.99462292520197	0.9987825830220822	0.1287673846844192	0.3607466237339816	[377, 162, 10, 158, 420, 1791]	{5 4 1 1 }65536
336	0.9947059047513224	0.9988150474748267	0.1287673846844192	0.5650756242511695	[1792, 232, 10, 438, 2627, 301]	{1 2 2 4 }54439
337	0.9947876037520735	0.9988333337792276	0.1287673846844192	0.2639679006966125	[1549, 162, 10, 734, 19, 132]	{5 6 4 5 }59291
338	0.994868041965776	0.9988549387092418	0.1287673846844192	0.30269924192723124	[1549, 162, 10, 158, 420, 1791]	{5 4 5 3 }60493
339	0.9949472388490203	0.9988726094081734	0.1287673846844192	0.4735191479041067	[107, 162, 10, 734, 19, 409]	{4 1 4 1 }58869
340	0.9950252135581403	0.9988900074111335	0.1287673846844192	0.22065255862223065	[320, 232, 10, 734, 19, 1987]	{5 1 5 2 }68319
341	0.995101984953848	0.9989146739131084	0.1287673846844192	0.5730792313992699	[158, 10, 232, 1792, 496, 3366]	{2 5 5 6 }61353
342	0.9951775716057949	0.9989347725443471	0.1287673846844192	0.384955609913507	[193, 232, 10, 734, 19, 1987]	{2 5 2 5 }72702
343	0.9952519917970635	0.998954498978711	0.1287673846844192	0.5175169190703213	[1799, 1019, 10, 734, 19, 132]	{2 5 4 5 }69417
344	0.9953252635285903	0.9989823790059454	0.1287673846844192	0.4712574088651028	[158, 10, 734, 19, 241, 1031]	{5 4 2 6 }60433
345	0.9953974045235194	0.9990095155657869	0.1287673846844192	0.21853930910221597	[19, 734, 10, 158, 420, 1791]	{3 1 6 5 }53009
346	0.9954684322314897	0.9990248008194013	0.1287673846844192	0.37785252539417236	[1792, 232, 10, 734, 19, 409]	{3 4 1 1 }53362
347	0.9955383638328557	0.9990428600634864	0.1287673846844192	0.3938900702956092	[837, 162, 107, 10, 734, 19]	{1 5 6 3 }56537
348	0.9956072162428424	0.9990576307415191	0.1287673846844192	0.5629140520023752	[377, 162, 107, 420, 158, 10]	{1 1 3 5 }53875
349	0.9956750061156381	0.9990750820240836	0.1287673846844192	0.4174460855422384	[1549, 162, 10, 734, 19, 400]	{6 2 6 4 }52495
350	0.9957417498484215	0.9990997465034414	0.1287673846844192	0.5519173437841477	[394, 432, 422, 19, 132, 241]	{2 4 2 6 }59970
351	0.9958074635853286	0.9991164178644887	0.1287673846844192	0.3541955855528175	[1917, 10, 734, 19, 132, 241]	{5 4 1 6 }68125
352	0.9958721632213574	0.9991360530230556	0.1287673846844192	0.5911141704282676	[1549, 162, 10, 494, 2229, 1529]	{4 5 6 6 }64785
353	0.9959358644062131	0.9991493855381319	0.1287673846844192	0.26929121911740883	[1792, 232, 10, 734, 19, 1987]	{1 2 2 5 }69488
354	0.9959985825480925	0.999168288081729	0.1287673846844192	0.55624826030094	[1799, 1019, 10, 158, 420, 1791]	{3 2 5 3 }67933
355	0.996060332817412	0.9991811231421961	0.1287673846844192	0.3093012924849177	[377, 162, 107, 10, 734, 19]	{2 1 1 2 }71346
356	0.9961211301504767	0.9991993204057029	0.1287673846844192	0.409763318676026	[2654, 232, 10, 158, 420, 1791]	{1 4 6 3 }66179
357	0.9961809892530927	0.9992116765722815	0.1287673846844192	0.45957053917318497	[1549, 107, 10, 734, 19, 1460]	{2 6 2 5 }53358
358	0.9962399246041252	0.9992419481919059	0.1287673846844192	0.6133339985552317	[193, 232, 1792, 496, 2728, 301]	{5 1 2 2 }65091
359	0.9962979504589998	0.9992536465222778	0.1287673846844192	0.30364947819319865	[320, 232, 10, 734, 19, 241]	{6 3 1 5 }71752
360	0.9963550808531512	0.9992651643228598	0.1287673846844192	0.5024091360783491	[1019, 10, 734, 19, 132, 217]	{1 3 2 1 }74419
361	0.9964113296054173	0.9992765043796059	0.1287673846844192	0.55624826030094	[1799, 1019, 10, 158, 420, 1791]	{1 2 6 2 }68907
362	0.9964667103213831	0.9992925820600591	0.1287673846844192	0.42089048894888004	[320, 232, 10, 734, 2229, 494]	{6 3 3 3 }75654
363	0.9965212363966703	0.9993056823922802	0.1287673846844192	0.30269924192723124	[1549, 162, 10, 158, 420, 1791]	{6 5 3 1 }72925
364	0.9965749210201785	0.9993163971701771	0.1287673846844192	0.16749872591503795	[320, 232, 10, 158, 420, 1791]	{5 6 1 3 }76891
365	0.9966277771772746	0.9993290564818404	0.1287673846844192	0.5292449275016238	[2047, 232, 10, 494, 2229, 1529]	{6 5 5 6 }78797
366	0.9966798176529339	0.9993439663377996	0.1287673846844192	0.39062181355682657	[432, 422, 19, 132, 241, 1031]	{6 1 6 3 }79004
367	0.9967310550348331	0.9993540903140681	0.1287673846844192	0.6547780216348404	[87, 1265, 193, 232, 10, 161]	{3 2 1 1 }76077
368	0.9967815017163943	0.9993660516045484	0.1287673846844192	0.507005866231405	[1879, 232, 10, 158, 420, 1791]	{5 1 2 1 }77141
369	0.9968311698997833	0.9993829568950937	0.1287673846844192	0.747250471358372	[1529, 2229, 734, 19, 241, 1031]	{2 6 2 1 }72758
370	0.9968800715988607	0.9993994113778912	0.1287673846844192	0.5524188508874461	[158, 10, 734, 19, 400, 4079]	{5 2 5 2 }68144
371	0.9969282186420881	0.9994105333894118	0.1287673846844192	0.5353684426140051	[193, 232, 10, 158, 420, 1582]	{6 1 6 6 }74302
372	0.9969756226753893	0.9994196300963653	0.1287673846844192	0.1287673846844192	[320, 232, 10, 734, 19, 132]	{1 2 5 2 }74915
373	0.9970222951649665	0.9994285864220387	0.1287673846844192	0.2822455695300451	[320, 232, 10, 734, 19, 400]	{4 1 4 2 }71295
374	0.9970682474000752	0.9994505287034323	0.1287673846844192	0.5315804008900062	[2627, 438, 2729, 496, 2728, 301]	{5 1 3 2 }69908
375	0.9971134904957529	0.9994627391766894	0.1287673846844192	0.3563633149229554	[1849, 420, 158, 10, 232, 2047]	{3 3 1 3 }64557
376	0.9971580353955098	0.9994710302387776	0.1287673846844192	0.2512539106781674	[1549, 162, 107, 10, 734, 19]	{3 4 2 2 }66250
377	0.9972018928739742	0.9994791933523767	0.1287673846844192	0.355853074634424	[1549, 162, 10, 734, 19, 1987]	{2 1 4 3 }70499
378	0.9972450735394993	0.9994888379199253	0.1287673846844192	0.3607466237339816	[377, 162, 10, 158, 420, 1791]	{1 1 2 2 }68172
379	0.9972875878367292	0.9994967262236301	0.1287673846844192	0.22657955342078154	[420, 158, 10, 734, 19, 132]	{5 4 2 1 }72367
380	0.9973294460491254	0.9995044927942531	0.1287673846844192	0.4127512412380307	[1549, 162, 10, 734, 19, 1460]	{2 3 3 6 }69656
381	0.9973706583014538	0.9995121395103912	0.1287673846844192	0.5048666701956248	[1549, 162, 107, 420, 158, 10]	{1 5 2 2 }64730
382	0.9974112345622338	0.9995229808546047	0.1287673846844192	0.6119479923899337	[1580, 438, 10, 734, 19, 1460]	{5 6 5 6 }70738
383	0.9974511846461499	0.9995318145424824	0.1287673846844192	0.2735446005765389	[1549, 162, 107, 10, 232, 2047]	{1 2 1 2 }70632
384	0.9974905182164254	0.9995390396267033	0.1287673846844192	0.30269924192723124	[1549, 162, 10, 158, 420, 1791]	{2 4 4 1 }68985
385	0.9975292447871595	0.9995475759299125	0.1287673846844192	0.2939838317077802	[2047, 232, 10, 734, 19, 1987]	{2 3 4 1 }72262
386	0.9975673737256293	0.9995620535001554	0.1287673846844192	0.4490309472639553	[320, 232, 1792, 496, 2728, 301]	{6 2 2 3 }72171
387	0.9976049142545548	0.9995688119337949	0.1287673846844192	0.34807221917075004	[158, 10, 734, 19, 132, 217]	{5 3 2 5 }70707
388	0.9976418754543301	0.9995767968979838	0.1287673846844192	0.38024150210414165	[2636, 162, 10, 734, 19, 132]	{4 5 3 3 }72399
389	0.9976782662652202	0.9995903393972484	0.1287673846844192	0.6158406773249423	[1820, 10, 734, 19, 400, 4079]	{3 6 5 3 }72784
390	0.9977140954895223	0.9995979257047067	0.1287673846844192	0.20209865776996874	[2047, 232, 10, 734, 19, 132]	{1 4 5 6 }72156
391	0.9977493717936964	0.9996086476859146	0.1287673846844192	0.42375346724447405	[1743, 1742, 400, 19, 132, 241]	{3 5 2 3 }68681
392	0.9977841037104603	0.9996146870734777	0.1287673846844192	0.20635641730273835	[158, 10, 734, 19, 132, 241]	{2 6 3 4 }60325
393	0.9978182996408544	0.9996249620848515	0.1287673846844192	0.8356145055506617	[846, 10, 734, 651, 2308, 3284]	{5 6 6 6 }73875
394	0.9978519678562733	0.9996319072314284	0.1287673846844192	0.30269924192723124	[1549, 162, 10, 158, 420, 1791]	{4 1 2 2 }71066
395	0.9978851165004666	0.9996400870707299	0.1287673846844192	0.35103313913420187	[1799, 232, 10, 158, 420, 1791]	{2 2 3 2 }62791
396	0.9979177535915088	0.9996467521249757	0.1287673846844192	0.5422153628981279	[1792, 232, 10, 162, 420, 1791]	{5 6 6 2 }54069
397	0.9979498870237387	0.999654602077754	0.1287673846844192	0.5597296726288383	[2872, 241, 132, 19, 400, 4079]	{2 6 4 3 }57643
398	0.9979815245696686	0.9996599322926035	0.1287673846844192	0.5018959930791344	[1580, 438, 10, 158, 420, 1791]	{4 2 2 6 }71724
399	0.9980126738818651	0.999665180251051	0.1287673846844192	0.4490309472639553	[320, 232, 1792, 496, 2729, 301]	{3 6 2 2 }72414
400	0.9980433424947992	0.9996713806167723	0.1287673846844192	0.36752751208569656	[2636, 162, 107, 10, 734, 19]	{4 3 2 4 }71429
401	0.9980735378266696	0.9996774661609061	0.1287673846844192	0.658407346839366	[432, 422, 19, 241, 132, 1032]	{2 6 2 5 }70935
402	0.9981032671811964	0.9996846335795526	0.1287673846844192	0.6739770999810297	[2309, 420, 158, 1557, 15, 432]	{2 5 2 3 }70343
403	0.9981325377493877	0.9996904736984498	0.1287673846844192	0.5551235956129211	[2636, 162, 10, 734, 19, 241]	{4 2 2 1 }57901
404	0.9981613566112799	0.9996973520607065	0.1287673846844192	0.39062181355682657	[432, 422, 19, 132, 241, 1031]	{1 3 5 4 }55685
405	0.998189730737649	0.9997029566521749	0.1287673846844192	0.30269924192723124	[1549, 162, 10, 158, 420, 1791]	{2 3 2 1 }54103
406	0.9982176669916977	0.9997075406544561	0.1287673846844192	0.4695291494440582	[1792, 232, 10, 734, 2229, 494]	{5 1 3 6 }57135
407	0.9982451721307147	0.9997120539159614	0.1287673846844192	0.29307043597569554	[193, 232, 10, 734, 19, 132]	{2 4 3 2 }51860
408	0.9982722528077098	0.9997164975283694	0.1287673846844192	0.5549890759376366	[107, 1549, 162, 1583, 1013, 156]	{3 2 2 4 }57087
409	0.998298915573023	0.9997217475741403	0.1287673846844192	0.27755072522583735	[320, 232, 10, 734, 19, 3308]	{4 3 4 4 }73236
410	0.9983251668759084	0.9997269003968415	0.1287673846844192	0.20209865776996874	[2047, 232, 10, 734, 19, 132]	{5 1 2 5 }73738
411	0.998351013066095	0.9997319577968999	0.1287673846844192	0.4087666758278153	[10, 734, 19, 132, 241, 89]	{4 5 1 2 }70896
412	0.9983764603953219	0.9997408925370033	0.1287673846844192	0.5402032631193221	[846, 10, 734, 19, 400, 4079]	{2 4 4 2 }65732
413	0.9984015150188509	0.9997456908233551	0.1287673846844192	0.655193438954416	[1792, 232, 10, 158, 420, 1661]	{2 6 4 4 }75882
414	0.9984261829969551	0.999749615347686	0.1287673846844192	0.5422153628981279	[1792, 232, 10, 162, 420, 1791]	{6 1 3 3 }70040
415	0.9984504702963848	0.9997542521005067	0.1287673846844192	0.5492981689384273	[1820, 10, 734, 19, 422, 432]	{3 2 3 1 }69246
416	0.9984743827918109	0.9997580445063631	0.1287673846844192	0.5187026576852424	[420, 158, 10, 734, 2229, 494]	{1 5 5 4 }73323
417	0.998497926267246	0.9997617783874377	0.1287673846844192	0.26929121911740883	[1792, 232, 10, 734, 19, 1987]	{2 5 2 2 }64869
418	0.9985211064174427	0.9997670722010502	0.1287673846844192	0.3756492218095388	[2309, 420, 158, 10, 232, 2047]	{1 4 5 1 }72559
419	0.9985439288492723	0.9997732836090222	0.1287673846844192	0.7281487475896312	[1849, 420, 1791, 1792, 232, 10]	{6 6 5 2 }72755
420	0.9985663990830799	0.9997774820607069	0.1287673846844192	0.5597491176370573	[1579, 1580, 438, 2729, 301, 10]	{4 5 5 2 }70132
421	0.99858852255402	0.9997846026347643	0.1287673846844192	0.6797901231770977	[421, 438, 2729, 496, 2728, 301]	{5 5 4 6 }68770
422	0.9986103046133715	0.9997893892428806	0.1287673846844192	0.8381146333412507	[377, 162, 1549, 107, 1794, 1791]	{5 5 6 2 }68781
423	0.9986317505298319	0.9997940694819277	0.1287673846844192	0.70480587113877	[2636, 162, 1549, 10, 232, 2047]	{5 1 5 5 }75603
424	0.9986528654907912	0.9997986457156627	0.1287673846844192	0.5005220038700334	[1580, 438, 2729, 496, 2728, 301]	{3 6 3 6 }75002
425	0.9986736546035877	0.9998017530348654	0.1287673846844192	0.5276865571949214	[734, 10, 232, 193, 394, 432]	{4 4 5 2 }78692
426	0.9986941228967422	0.9998054242749606	0.1287673846844192	0.3093012924849177	[377, 162, 107, 10, 734, 19]	{4 6 3 4 }77549
427	0.9987142753211752	0.9998090275291279	0.1287673846844192	0.384955609913507	[193, 232, 10, 734, 19, 1987]	{1 3 1 5 }76444
428	0.998734116751404	0.9998125640563663	0.1287673846844192	0.527901476747213	[1792, 232, 10, 734, 19, 77]	{1 2 1 1 }74371
429	0.9987536519867218	0.9998160350923595	0.1287673846844192	0.18644425498262523	[10, 734, 19, 132, 241, 1031]	{6 3 2 4 }72480
430	0.9987728857523588	0.9998209408232299	0.1287673846844192	0.24508563114986298	[10, 734, 19, 132, 241, 1126]	{6 2 5 4 }74851
431	0.9987918227006248	0.9998242567339108	0.1287673846844192	0.42375346724447405	[1743, 1742, 400, 19, 132, 241]	{3 2 3 5 }76115
432	0.9988104674120349	0.9998275112388384	0.1287673846844192	0.6045535427893775	[320, 232, 10, 162, 107, 1586]	{4 3 6 5 }75832
433	0.9988288243964172	0.9998307054751563	0.1287673846844192	0.6465796515379912	[377, 162, 1549, 10, 232, 2047]	{4 2 5 5 }76189
434	0.9988468980940033	0.9998338405589496	0.1287673846844192	0.41970405181790693	[1792, 232, 10, 158, 420, 1582]	{6 1 5 1 }75161
435	0.9988646928765033	0.9998369175856358	0.1287673846844192	0.16749872591503795	[320, 232, 10, 158, 420, 1791]	{2 3 1 1 }76768
436	0.9988822130481622	0.9998399376303462	0.1287673846844192	0.26977824374023446	[1820, 10, 734, 19, 132, 241]	{1 6 4 3 }75072
437	0.9988994628468016	0.9998424077286433	0.1287673846844192	0.30364947819319865	[320, 232, 10, 734, 19, 241]	{4 1 1 6 }76849
438	0.9989164464448448	0.9998453261040389	0.1287673846844192	0.7105725316390958	[1879, 232, 10, 158, 420, 1582]	{2 2 1 4 }76505
439	0.9989331679503256	0.9998477130468777	0.1287673846844192	0.35678962072986414	[157, 10, 734, 19, 132, 241]	{1 6 3 5 }76798
440	0.9989496314078823	0.9998525862293777	0.1287673846844192	0.6797901231770977	[421, 438, 2729, 496, 2728, 301]	{1 2 6 2 }75431
441	0.9989658407997359	0.9998553161140188	0.1287673846844192	0.2939838317077802	[2047, 232, 10, 734, 19, 1987]	{5 6 6 3 }77083
442	0.9989818000466536	0.9998579954452407	0.1287673846844192	0.20209865776996874	[2047, 232, 10, 734, 19, 132]	{2 5 6 5 }75706
443	0.9989975130088966	0.9998611511020131	0.1287673846844192	0.48471517633303335	[811, 734, 10, 158, 420, 1791]	{4 1 2 3 }76717
444	0.9990129834871544	0.9998642366330794	0.1287673846844192	0.48234947979600745	[1529, 2229, 734, 19, 132, 241]	{3 4 2 1 }69715
445	0.9990282152234637	0.9998667507695039	0.1287673846844192	0.48287649559483514	[1579, 1580, 438, 2627, 261, 217]	{6 2 2 2 }71682
446	0.999043211902114	0.9998697118635149	0.1287673846844192	0.2408299990005875	[2047, 232, 10, 158, 420, 1791]	{5 6 1 4 }69596
447	0.9990579771505381	0.9998721246067832	0.1287673846844192	0.7254362033648687	[2627, 261, 217, 132, 241, 2872]	{3 6 1 6 }69634
448	0.9990725145401903	0.999874966282188	0.1287673846844192	0.7410714960760816	[2636, 162, 107, 10, 494, 2626]	{3 3 3 6 }66303
449	0.9990868275874096	0.9998768958148703	0.1287673846844192	0.2730726676895317	[107, 162, 10, 734, 19, 132]	{4 2 1 3 }70132
450	0.9991009197542706	0.9998787955708137	0.1287673846844192	0.1287673846844192	[320, 232, 10, 734, 19, 132]	{3 2 1 5 }69622
451	0.9991147944494208	0.9998814890025733	0.1287673846844192	0.42089048894888004	[320, 232, 10, 734, 2229, 494]	{3 4 1 4 }67563
452	0.999128455028905	0.9998841225802939	0.1287673846844192	0.3587532375194829	[394, 193, 232, 10, 734, 19]	{6 2 2 4 }70677
453	0.9991419047969774	0.9998866976340652	0.1287673846844192	0.1287673846844192	[320, 232, 10, 734, 19, 132]	{4 6 5 2 }70108
454	0.9991551470069007	0.999888795826027	0.1287673846844192	0.45756243128478064	[734, 10, 107, 162, 420, 1791]	{1 2 6 5 }71530
455	0.9991681848617324	0.9998905119398228	0.1287673846844192	0.2161373864102161	[1792, 232, 10, 158, 420, 1791]	{5 6 1 1 }73235
456	0.9991810215151007	0.9998922015703812	0.1287673846844192	0.4127512412380307	[1549, 162, 10, 734, 19, 3308]	{4 1 2 1 }83439
457	0.9991936600719664	0.9998956511201289	0.1287673846844192	0.4490309472639553	[320, 232, 1792, 496, 2728, 301]	{3 2 2 1 }71685
458	0.9992061035893743	0.9998989902842849	0.1287673846844192	0.5597491176370573	[1579, 1580, 438, 2729, 301, 10]	{3 3 2 6 }72366
459	0.9992183550771927	0.9999008608345759	0.1287673846844192	0.39062181355682657	[432, 422, 19, 132, 241, 1031]	{6 1 6 3 }77214
460	0.999230417498841	0.9999026967450466	0.1287673846844192	0.4963011283524297	[377, 162, 1549, 107, 420, 1791]	{4 6 4 4 }68772
461	0.999242293772007	0.9999048590396011	0.1287673846844192	0.6403238463341325	[734, 19, 132, 1031, 241, 1729]	{2 3 5 1 }71649
462	0.9992539867693525	0.9999069732831656	0.1287673846844192	0.5495915186585395	[320, 232, 10, 438, 2729, 301]	{5 5 4 2 }61365
463	0.9992654993192083	0.9999090405435397	0.1287673846844192	0.39062181355682657	[432, 422, 19, 132, 241, 1031]	{5 5 6 2 }66708
464	0.9992768342062575	0.9999107249779186	0.1287673846844192	0.3977074949423053	[846, 10, 734, 19, 132, 1031]	{2 5 6 5 }68777
465	0.9992879941722103	0.9999123782190682	0.1287673846844192	0.3261893857210155	[1792, 232, 10, 734, 19, 1460]	{2 5 1 5 }67076
466	0.9992989819164663	0.9999147147998931	0.1287673846844192	0.5223622203495049	[2047, 232, 1792, 496, 2729, 301]	{2 2 6 4 }72003
467	0.9993098000967677	0.9999162941554506	0.1287673846844192	0.2890096056681221	[2872, 241, 132, 19, 734, 10]	{4 3 2 1 }68679
468	0.9993204513298424	0.999917844263683	0.1287673846844192	0.7688355188994243	[2872, 241, 132, 217, 261, 165]	{6 1 3 1 }71793
469	0.9993309381920361	0.9999196699467123	0.1287673846844192	0.5999488320531864	[837, 162, 1549, 107, 10, 1873]	{3 3 6 2 }69571
470	0.9993412632199368	0.9999214550590075	0.1287673846844192	0.4695291494440582	[1792, 232, 10, 734, 2229, 494]	{4 4 2 5 }70876
471	0.9993514289109872	0.9999232005021407	0.1287673846844192	0.355853074634424	[1549, 162, 10, 734, 19, 1987]	{3 5 3 5 }67339
472	0.9993614377240893	0.999924622715064	0.1287673846844192	0.1941408295346144	[846, 10, 734, 19, 132, 241]	{3 4 1 5 }68996
473	0.9993712920801989	0.999926018590711	0.1287673846844192	0.5062659073349222	[1549, 162, 10, 158, 420, 1582]	{1 1 2 5 }70214
474	0.999380994362912	0.999927388616809	0.1287673846844192	0.2890096056681221	[2872, 241, 132, 19, 734, 10]	{2 4 3 1 }68252
475	0.9993905469190398	0.9999290022031021	0.1287673846844192	0.7805222769479366	[837, 162, 1549, 107, 232, 2047]	{3 3 3 6 }72760
476	0.9993999520591781	0.9999312741326029	0.1287673846844192	0.46327330397949845	[10, 232, 1792, 496, 2728, 301]	{4 5 5 2 }68383
477	0.9994092120582648	0.9999328013741006	0.1287673846844192	0.6408269299094118	[3621, 1720, 241, 132, 19, 1460]	{1 2 3 1 }71054
478	0.9994183291561312	0.9999338383899323	0.1287673846844192	0.6100518707880587	[734, 19, 241, 132, 1032, 370]	{1 3 2 5 }72370
479	0.9994273055580427	0.9999348594024333	0.1287673846844192	0.22657955342078154	[420, 158, 10, 734, 19, 132]	{5 2 6 3 }68727
480	0.9994361434352333	0.9999360657097957	0.1287673846844192	0.3798569606650636	[107, 10, 734, 19, 132, 217]	{1 5 6 5 }69104
481	0.9994448449254304	0.9999374864718003	0.1287673846844192	0.3898182019840681	[2636, 162, 107, 10, 232, 2047]	{6 6 2 2 }69568
482	0.9994534121333712	0.9999388756613158	0.1287673846844192	0.2408299990005875	[2047, 232, 10, 158, 420, 1791]	{5 2 3 5 }65907
483	0.9994618471313131	0.9999400075935136	0.1287673846844192	0.42375346724447405	[1743, 1742, 400, 19, 132, 241]	{6 5 1 3 }69148
484	0.9994701519595336	0.9999413407581023	0.1287673846844192	0.318464727358593	[420, 158, 10, 734, 19, 1987]	{6 1 6 3 }70949
485	0.9994783286268247	0.9999424270403596	0.1287673846844192	0.16749872591503795	[320, 232, 10, 158, 420, 1791]	{6 2 4 5 }67541
486	0.9994863791109787	0.9999437064394627	0.1287673846844192	0.5376696922740493	[734, 19, 132, 1031, 241, 1126]	{6 5 4 3 }68603
487	0.999494305359266	0.9999449574074747	0.1287673846844192	0.2161373864102161	[1792, 232, 10, 158, 420, 1791]	{4 1 5 2 }78804
488	0.999502109288907	0.9999461805761974	0.1287673846844192	0.34773978520994625	[10, 734, 19, 132, 241, 1729]	{1 2 5 4 }77275
489	0.9995097927875349	0.9999471772321938	0.1287673846844192	0.3607466237339816	[377, 162, 10, 158, 420, 1791]	{4 4 5 4 }65855
490	0.9995173577136532	0.9999481554315977	0.1287673846844192	0.4218560082309499	[107, 162, 10, 734, 19, 1460]	{2 4 1 1 }71895
491	0.9995248058970845	0.9999498144577865	0.1287673846844192	0.5052234748401319	[1792, 496, 2729, 438, 2627, 301]	{2 2 5 3 }68183
492	0.9995321391394135	0.9999507438196793	0.1287673846844192	0.3495185398623855	[1549, 107, 10, 158, 420, 1791]	{1 3 2 4 }67081
493	0.9995393592144225	0.9999516559711668	0.1287673846844192	0.4492631897240643	[432, 422, 19, 132, 241, 1126]	{6 2 1 5 }69765
494	0.999546467868521	0.9999524020209944	0.1287673846844192	0.3093012924849177	[377, 162, 107, 10, 734, 19]	{5 2 3 3 }70189
495	0.9995534668211672	0.9999534597538612	0.1287673846844192	0.44533540154467305	[837, 162, 10, 158, 420, 1791]	{2 3 2 6 }69707
496	0.9995603577652851	0.9999541779675362	0.1287673846844192	0.2639679006966125	[1549, 162, 10, 734, 19, 132]	{4 2 5 1 }72271
497	0.9995671423676726	0.9999551962349242	0.1287673846844192	0.42375346724447405	[1743, 1742, 400, 19, 132, 241]	{5 1 5 6 }70542
498	0.999573822269406	0.9999561918741482	0.1287673846844192	0.5069542376032523	[19, 734, 10, 494, 2229, 1529]	{5 3 4 4 }68530
499	0.9995803990862362	0.999957003135738	0.1287673846844192	0.21853930910221597	[19, 734, 10, 158, 420, 1791]	{4 1 4 6 }70410
