0	0.015432098765432056	0.022222222222222254	0.46414967336266133	0.46414967336266133	[734, 10, 232, 1792, 496, 3366]	{5 2 1 1 }63244
1	0.030626047858558048	0.04032921810699586	0.3508819983113869	0.3508819983113869	[2047, 232, 10, 734, 19, 1460]	{6 5 1 3 }60502
2	0.045585522428642	0.055138952395468066	0.3508819983113869	0.384955609913507	[193, 232, 10, 734, 19, 1987]	{4 2 2 4 }60354
3	0.06031414090968146	0.06972014140171079	0.18644425498262523	0.18644425498262523	[10, 734, 19, 132, 241, 1031]	{3 5 4 2 }60847
4	0.07481546589564314	0.08694754619056799	0.18644425498262523	0.32201528250336287	[377, 162, 10, 734, 19, 132]	{3 4 1 5 }60431
5	0.08909300500219186	0.10385592496481666	0.18644425498262523	0.2161373864102161	[1792, 232, 10, 158, 420, 1791]	{5 6 1 3 }60151
6	0.10315021171512095	0.12045118561361634	0.18644425498262523	0.654233235492105	[1807, 157, 10, 734, 19, 1460]	{1 3 1 6 }59581
7	0.11699048622569008	0.13402446978624571	0.18644425498262523	0.22657955342078154	[420, 158, 10, 734, 19, 132]	{3 1 4 5 }61721
8	0.13061717625307134	0.14738828969695172	0.18644425498262523	0.35103313913420187	[1799, 232, 10, 158, 420, 1791]	{3 3 2 1 }62789
9	0.1440335778541042	0.16054587781891227	0.18644425498262523	0.2639679006966125	[1549, 162, 10, 734, 19, 132]	{1 4 5 6 }59028
10	0.1572429362205532	0.17350041674145988	0.18644425498262523	0.318464727358593	[420, 158, 10, 734, 19, 1987]	{6 1 6 1 }62143
11	0.17024844646406312	0.18625503993989412	0.18644425498262523	0.355853074634424	[1549, 162, 10, 734, 19, 1987]	{6 3 4 5 }60476
12	0.18305325438900033	0.2013243910521183	0.18644425498262523	0.2161373864102161	[1792, 232, 10, 158, 420, 1791]	{4 4 2 1 }62431
13	0.19566045725336756	0.21611468010670865	0.18644425498262523	0.5054498949506869	[1807, 157, 10, 734, 19, 132]	{4 3 6 5 }60261
14	0.208073104517976	0.2335343538821152	0.18644425498262523	0.42089048894888004	[320, 232, 10, 734, 2229, 494]	{2 6 5 5 }60935
15	0.22029419858405663	0.250566923795846	0.18644425498262523	0.21853930910221597	[19, 734, 10, 158, 420, 1791]	{1 6 1 4 }63920
16	0.2323266955194878	0.2705518058279567	0.18644425498262523	0.24508563114986298	[10, 734, 19, 132, 241, 1126]	{3 5 1 6 }61962
17	0.2441735057738167	0.2818087224046857	0.18644425498262523	0.4418537765171137	[193, 232, 10, 734, 19, 1460]	{6 3 1 3 }60388
18	0.2558374948822454	0.29289192113300844	0.18644425498262523	0.3261893857210155	[1792, 232, 10, 734, 19, 1460]	{2 1 5 4 }61482
19	0.2673214841587539	0.3038040828439188	0.18644425498262523	0.27755072522583735	[320, 232, 10, 734, 19, 3308]	{1 2 4 4 }62442
20	0.2786282513785262	0.314547846997562	0.18644425498262523	0.46108513844500126	[1019, 1799, 232, 10, 734, 19]	{6 3 5 5 }60273
21	0.28976053144984526	0.32724140538649604	0.18644425498262523	0.35228813868837683	[1792, 232, 10, 734, 19, 241]	{6 3 6 5 }58884
22	0.30072101707561927	0.33969989787933874	0.18644425498262523	0.3710319774454073	[2654, 232, 10, 734, 19, 132]	{5 6 3 1 }57201
23	0.31151235940469924	0.3543732334820201	0.18644425498262523	0.7987748937593222	[846, 10, 1019, 1799, 232, 2047]	{3 3 4 3 }57597
24	0.32213716867314524	0.3643366095085321	0.18644425498262523	0.4779683117804445	[241, 132, 19, 734, 2229, 494]	{1 3 5 2 }59601
25	0.3325980148355967	0.3784624626305647	0.18644425498262523	0.7164818961355107	[1849, 420, 107, 10, 232, 2047]	{3 3 4 6 }59906
26	0.34289742818689917	0.3899724170262949	0.18644425498262523	0.44439666440827835	[988, 420, 158, 10, 232, 2047]	{1 4 2 2 }61143
27	0.35303789997413837	0.40949329968145354	0.18644425498262523	0.4490309472639553	[320, 232, 1792, 496, 2729, 301]	{6 2 5 5 }59381
28	0.3630218829992288	0.41860605740241874	0.18644425498262523	0.5526575299086933	[420, 162, 10, 734, 19, 132]	{5 6 4 4 }59856
29	0.37285179221220366	0.42757818614620857	0.18644425498262523	0.41149404560824615	[1820, 10, 734, 19, 132, 217]	{5 4 2 5 }58867
30	0.38253000529534864	0.44029867089851504	0.18644425498262523	0.5604721729766363	[1549, 162, 10, 734, 2229, 1529]	{5 1 2 1 }60588
31	0.3920588632383216	0.45273647821188134	0.18644425498262523	0.5069542376032523	[19, 734, 10, 494, 2229, 1529]	{4 6 4 4 }60108
32	0.40144067090439683	0.4611819029308337	0.18644425498262523	0.3292138648989942	[320, 232, 10, 734, 19, 409]	{6 2 4 4 }60530
33	0.4106776975879709	0.47116001583952194	0.18644425498262523	0.49357670240294965	[320, 232, 10, 162, 420, 1791]	{5 1 2 3 }58539
34	0.4197721775634652	0.479321126706196	0.18644425498262523	0.5048666701956248	[1549, 162, 107, 420, 158, 10]	{4 4 2 4 }61846
35	0.4287263106257574	0.4873562945039398	0.17740604517959738	0.17740604517959738	[1792, 232, 10, 734, 19, 132]	{3 2 1 5 }59854
36	0.43754226262227347	0.4968496964575705	0.17740604517959738	0.3495185398623855	[1549, 107, 10, 158, 420, 1791]	{1 1 2 4 }59241
37	0.44622216597686803	0.5080308143140689	0.17740604517959738	0.45591365441607423	[320, 232, 10, 494, 2229, 1529]	{1 3 5 3 }59927
38	0.4547681202056201	0.5171413547897343	0.17740604517959738	0.3563633149229554	[1849, 420, 158, 10, 232, 2047]	{2 4 5 6 }59526
39	0.46318219242466907	0.5325928314364629	0.17740604517959738	0.6133339985552317	[193, 232, 1792, 496, 2728, 301]	{3 1 3 1 }59162
40	0.47146641785021426	0.5429796574045415	0.17740604517959738	0.5604721729766363	[1549, 162, 10, 734, 2229, 1529]	{6 4 6 4 }61292
41	0.4796228002907974	0.5514429970822351	0.17740604517959738	0.4099230827104292	[158, 10, 734, 19, 132, 1031]	{1 2 6 1 }59747
42	0.48765331263198874	0.5583651730531882	0.17740604517959738	0.21853930910221597	[19, 734, 10, 158, 420, 1791]	{3 6 1 6 }59992
43	0.49555989731359384	0.5651805253208859	0.17740604517959738	0.6002749898121404	[1580, 438, 2627, 261, 217, 132]	{3 3 1 4 }57919
44	0.5033444667994951	0.5732327378149435	0.17740604517959738	0.4739103174596212	[1792, 232, 10, 734, 2229, 1529]	{4 5 3 1 }59597
45	0.5110089040402437	0.5874583132211121	0.17740604517959738	0.6387364426869702	[734, 19, 132, 1032, 370, 4612]	{1 5 6 5 }61129
46	0.5185550629285114	0.5966259062606429	0.17740604517959738	0.3756492218095388	[2309, 420, 158, 10, 232, 2047]	{4 1 5 2 }60385
47	0.5259847687475159	0.6040957968854459	0.17740604517959738	0.29307043597569554	[193, 232, 10, 734, 19, 132]	{3 6 2 4 }59701
48	0.5332998186125233	0.611427356202382	0.16749872591503795	0.16749872591503795	[320, 232, 10, 158, 420, 1791]	{5 3 3 2 }60226
49	0.5405019819055399	0.6200623038423292	0.16749872591503795	0.2408299990005875	[2047, 232, 10, 158, 420, 1791]	{3 6 3 4 }62075
50	0.5475930007032939	0.6270981871045083	0.16749872591503795	0.2161373864102161	[1792, 232, 10, 158, 420, 1791]	{1 4 4 2 }61713
51	0.5545745901986134	0.6328528447109201	0.16749872591503795	0.5449077510217022	[1580, 301, 10, 734, 19, 132]	{1 3 4 3 }61116
52	0.5614484391153014	0.6469512954740209	0.16749872591503795	0.5223622203495049	[2047, 232, 1792, 496, 2728, 301]	{2 1 1 2 }62379
53	0.5682162101166085	0.6582488540188521	0.16749872591503795	0.46327330397949845	[10, 232, 1792, 496, 2729, 301]	{6 2 2 4 }61155
54	0.5748795402074016	0.6635227914568328	0.16749872591503795	0.35103313913420187	[1799, 232, 10, 158, 420, 1791]	{3 5 3 3 }59739
55	0.5814400411301268	0.6697538508742988	0.16749872591503795	0.6129442344020166	[432, 422, 19, 132, 241, 89]	{1 6 5 3 }60455
56	0.5878992997546619	0.6785604148509842	0.16749872591503795	0.3798569606650636	[107, 10, 734, 19, 132, 217]	{4 1 5 5 }61572
57	0.5942588784621516	0.6845129997611511	0.16749872591503795	0.47818075077320266	[1579, 1580, 301, 2627, 438, 3366]	{3 2 3 1 }60709
58	0.6005203155229208	0.6903553516174261	0.16749872591503795	0.6125752624259981	[837, 162, 1549, 107, 10, 494]	{1 1 2 1 }61067
59	0.6066851254685548	0.6972363438037055	0.16749872591503795	0.5017324050790279	[1579, 1580, 438, 10, 232, 2047]	{2 6 3 5 }61229
60	0.6127547994582376	0.70190862244871	0.16749872591503795	0.45957053917318497	[1549, 107, 10, 734, 19, 1460]	{2 3 2 4 }60353
61	0.6187308056394376	0.7074288331441043	0.16749872591503795	0.7402071976963416	[1742, 400, 19, 132, 1032, 370]	{3 1 6 6 }61174
62	0.6246145895030265	0.7128468177155097	0.16749872591503795	0.5492981689384273	[1820, 10, 734, 19, 422, 432]	{5 2 3 6 }61454
63	0.630407574232918	0.7172781939853321	0.16749872591503795	0.5153706743278413	[107, 162, 10, 158, 420, 1582]	{3 3 4 1 }60050
64	0.6361111610503113	0.723560900785658	0.16749872591503795	0.4779683117804445	[241, 132, 19, 734, 2229, 494]	{1 6 4 2 }61399
65	0.6417267295526212	0.7278269362673608	0.16749872591503795	0.26929121911740883	[1792, 232, 10, 734, 19, 1987]	{1 2 2 4 }62131
66	0.6472556380471796	0.7328671781883356	0.16749872591503795	0.2408299990005875	[2047, 232, 10, 158, 420, 1791]	{1 1 2 6 }58598
67	0.6526992238797849	0.737814082295959	0.16749872591503795	0.3533585319111673	[2309, 420, 158, 10, 734, 19]	{3 6 1 3 }59831
68	0.6580588037581832	0.7418601612728732	0.16749872591503795	0.6807400150472679	[193, 232, 10, 438, 2627, 301]	{3 2 2 4 }61493
69	0.6633356740705569	0.745843800759403	0.16749872591503795	0.355853074634424	[1549, 162, 10, 734, 19, 1987]	{4 6 4 5 }62754
70	0.6685311111990977	0.751491716298083	0.16749872591503795	0.6048639728935834	[107, 10, 232, 1792, 496, 3366]	{5 1 4 1 }58109
71	0.6736463718287411	0.7581186038634673	0.16749872591503795	0.7594826939479493	[2636, 162, 107, 734, 19, 132]	{2 4 6 6 }59338
72	0.6786826932511372	0.7625978889771068	0.16749872591503795	0.2735446005765389	[1549, 162, 107, 10, 232, 2047]	{4 5 2 3 }57880
73	0.6836412936639282	0.7662615018015342	0.16749872591503795	0.4041869718413946	[1799, 232, 10, 734, 19, 1987]	{1 4 1 3 }61707
74	0.6885233724654107	0.7705899925089131	0.16749872591503795	0.16749872591503795	[320, 232, 10, 158, 420, 1791]	{4 2 2 1 }60548
75	0.6933301105446482	0.7756879926753818	0.16749872591503795	0.46108513844500126	[1019, 1799, 232, 10, 734, 19]	{4 3 3 4 }61005
76	0.6980626705671074	0.7806727039492622	0.16749872591503795	0.5329543900991072	[2627, 438, 10, 158, 420, 1791]	{4 3 6 2 }60305
77	0.7027221972558866	0.7865214318439485	0.16749872591503795	0.4695291494440582	[1792, 232, 10, 734, 2229, 494]	{6 3 2 6 }60842
78	0.7073098176686043	0.7898158541920357	0.16749872591503795	0.2161373864102161	[1792, 232, 10, 158, 420, 1791]	{3 5 1 2 }61266
79	0.7118266414700147	0.7930594366890722	0.16749872591503795	0.5560910049610733	[1549, 162, 10, 734, 2229, 494]	{1 4 5 1 }61386
80	0.7162737612004157	0.798577851710697	0.16749872591503795	0.5339997284818205	[811, 734, 19, 132, 241, 1031]	{3 4 5 6 }62817
81	0.7206522525399155	0.8030538994504592	0.16749872591503795	0.48234947979600745	[1529, 2229, 734, 19, 132, 241]	{5 4 1 3 }57541
82	0.7249631745686205	0.8083057954651136	0.16749872591503795	0.5654692691124857	[1743, 1742, 400, 19, 132, 217]	{6 4 6 1 }60310
83	0.7292075700228084	0.811264039362257	0.16749872591503795	0.4779683117804445	[241, 132, 19, 734, 2229, 494]	{1 4 2 6 }62227
84	0.7333864655471478	0.8147591497444374	0.16749872591503795	0.3710653913227288	[320, 232, 10, 158, 420, 1582]	{5 3 5 2 }62247
85	0.7375008719430252	0.8181895358602811	0.16749872591503795	0.5608636436311459	[846, 10, 232, 1792, 496, 3366]	{1 1 4 5 }60914
86	0.7415517844130401	0.8209952528994744	0.16749872591503795	0.27755072522583735	[320, 232, 10, 734, 19, 1460]	{4 2 1 4 }61575
87	0.7455401828017278	0.8237576718362108	0.16749872591503795	0.3495185398623855	[1549, 107, 10, 158, 420, 1791]	{1 1 1 3 }58993
88	0.7494670318325654	0.8264774608510841	0.16749872591503795	0.4127512412380307	[1549, 162, 10, 734, 19, 3308]	{2 4 3 3 }59735
89	0.753333281341322	0.8296908412056937	0.16749872591503795	0.3261893857210155	[1792, 232, 10, 734, 19, 1460]	{5 4 4 1 }61790
90	0.7571398665058078	0.8328447145166993	0.16749872591503795	0.21853930910221597	[19, 734, 10, 158, 420, 1791]	{4 5 1 1 }59651
91	0.7608877080720762	0.8359401827663901	0.16749872591503795	0.18644425498262523	[10, 734, 19, 132, 241, 1031]	{4 1 5 2 }60206
92	0.7645777125771367	0.840315111225953	0.16749872591503795	0.17740604517959738	[1792, 232, 10, 734, 19, 132]	{4 1 3 1 }60265
93	0.7682107725682302	0.8427793842008611	0.16749872591503795	0.21853930910221597	[19, 734, 10, 158, 420, 1791]	{1 6 1 3 }58077
94	0.7717877668187205	0.8452056282718354	0.16749872591503795	0.355853074634424	[1549, 162, 10, 734, 19, 1987]	{3 4 2 5 }62142
95	0.7753095605406538	0.8475944303046775	0.16749872591503795	0.5176610839952447	[107, 10, 734, 19, 422, 432]	{1 4 1 6 }60805
96	0.7787770055940388	0.8509812207423514	0.16749872591503795	0.3756492218095388	[2309, 420, 158, 10, 232, 2047]	{2 2 6 5 }62536
97	0.7821909406928962	0.8532808932617595	0.16749872591503795	0.5040092425991489	[320, 232, 10, 438, 1580, 301]	{2 2 5 5 }59920
98	0.7855521916081293	0.8565413178559427	0.16749872591503795	0.4449823327653251	[241, 132, 19, 734, 10, 301]	{5 4 1 2 }58169
99	0.7888615713672631	0.8591979601178696	0.16749872591503795	0.7355528232693063	[846, 10, 162, 1583, 1013, 156]	{5 5 2 5 }58374
100	0.7921198804511016	0.8623268943374726	0.16749872591503795	0.5391578771720784	[1791, 420, 158, 1557, 15, 432]	{2 6 3 1 }59155
101	0.79532790698735	0.8653862966855287	0.16749872591503795	0.5549890759376366	[107, 1549, 162, 1583, 1013, 156]	{6 3 3 1 }58949
102	0.7984864269412489	0.8689759954405812	0.16749872591503795	0.5247141785668131	[1579, 1580, 438, 2729, 496, 3366]	{2 5 3 6 }59709
103	0.8015962043032667	0.8714023658953853	0.16749872591503795	0.4817850116841094	[2238, 1549, 162, 10, 232, 2047]	{4 5 4 6 }57544
104	0.8046579912738953	0.8742600910977101	0.16749872591503795	0.42375346724447405	[1743, 1742, 400, 19, 132, 241]	{6 5 2 3 }61378
105	0.8076725284455943	0.8762005217906467	0.16749872591503795	0.48287649559483514	[1579, 1580, 438, 2627, 261, 217]	{6 1 5 6 }61121
106	0.8106405449819278	0.8781110075654823	0.16749872591503795	0.4754934673489888	[377, 162, 10, 734, 19, 400]	{3 4 4 6 }60042
107	0.8135627587939351	0.8803682111290845	0.16749872591503795	0.26929121911740883	[1792, 232, 10, 734, 19, 1987]	{5 3 5 1 }61715
108	0.8164398767137817	0.8822143807104258	0.16749872591503795	0.35103313913420187	[1799, 232, 10, 158, 420, 1791]	{5 5 4 3 }62873
109	0.8192725946657295	0.884395595882455	0.16749872591503795	0.46291715138321876	[2654, 232, 10, 734, 19, 1987]	{4 3 4 5 }60626
110	0.8220615978344683	0.8861796144645159	0.16749872591503795	0.3118040089201504	[107, 162, 10, 158, 420, 1791]	{1 4 2 6 }61162
111	0.8248075608308499	0.8887089563653043	0.16749872591503795	0.5164369637559915	[320, 232, 10, 438, 2627, 301]	{5 1 5 3 }60633
112	0.8275111478550652	0.8907699016177988	0.16749872591503795	0.5030421503594164	[107, 10, 734, 19, 241, 1031]	{3 2 2 4 }61009
113	0.8301730128573019	0.8931972371374032	0.16749872591503795	0.8174424524656752	[1794, 107, 1549, 162, 420, 1791]	{3 5 5 5 }60625
114	0.8327937996959238	0.8951750660793032	0.16749872591503795	0.30269924192723124	[1549, 162, 10, 158, 420, 1791]	{6 4 5 3 }59842
115	0.8353741422932088	0.8979703976505218	0.16749872591503795	0.5223622203495049	[2047, 232, 1792, 496, 2728, 301]	{2 3 4 2 }61386
116	0.837914664788684	0.8995449285509767	0.16749872591503795	0.38005773826640743	[420, 158, 10, 734, 19, 400]	{3 5 4 4 }61951
117	0.8404159816900932	0.9014052076518845	0.16749872591503795	0.3710653913227288	[320, 232, 10, 158, 420, 1582]	{5 3 5 1 }60827
118	0.8428786980220363	0.9029267322251578	0.16749872591503795	0.5040092425991489	[320, 232, 10, 438, 1580, 301]	{5 5 2 6 }62599
119	0.8453034094723135	0.9066543457077118	0.16749872591503795	0.806523570846221	[2309, 420, 1791, 1792, 232, 2047]	{2 2 5 2 }61531
120	0.8476907025360123	0.9080948650640742	0.16749872591503795	0.6048639728935834	[107, 10, 232, 1792, 496, 3366]	{3 1 2 6 }61429
121	0.8500411546573702	0.9097968120073321	0.16749872591503795	0.7136656331851887	[846, 10, 107, 1549, 162, 3284]	{4 1 5 4 }62016
122	0.8523553343694478	0.9126833140230975	0.16749872591503795	0.42089048894888004	[320, 232, 10, 734, 2229, 494]	{6 6 6 4 }60740
123	0.8546338014316477	0.9150117589824815	0.16749872591503795	0.6622472911833186	[1579, 1580, 301, 2627, 438, 970]	{1 1 2 5 }60412
124	0.8568771069651099	0.9165856152976208	0.16749872591503795	0.2161373864102161	[1792, 232, 10, 158, 420, 1791]	{3 6 4 4 }60945
125	0.8590857935860187	0.9178728743208057	0.16749872591503795	0.2639679006966125	[1549, 162, 10, 734, 19, 132]	{1 5 4 5 }62339
126	0.8612603955368516	0.9196979215581211	0.16749872591503795	0.5329543900991072	[2627, 438, 10, 158, 420, 1791]	{2 2 5 1 }60926
127	0.8634014388156039	0.9211849970848226	0.16749872591503795	0.384955609913507	[193, 232, 10, 734, 19, 1987]	{4 2 2 3 }61164
128	0.8655094413030175	0.9229364415940488	0.16749872591503795	0.4817850116841094	[2238, 1549, 162, 10, 232, 2047]	{2 4 5 3 }61195
129	0.8675849128878474	0.924125694038585	0.16749872591503795	0.401461646929561	[420, 158, 10, 734, 19, 241]	{4 5 5 3 }60735
130	0.8696283555901955	0.9252965938219402	0.16749872591503795	0.2639679006966125	[1549, 162, 10, 734, 19, 132]	{2 4 6 2 }61527
131	0.8716402636829393	0.9272886846533551	0.16749872591503795	0.18644425498262523	[10, 734, 19, 132, 241, 1031]	{5 4 2 1 }59963
132	0.8736211238112891	0.9286351904931078	0.16749872591503795	0.38024150210414165	[2636, 162, 10, 734, 19, 132]	{4 5 1 2 }59651
133	0.8755714151104975	0.9297364992817944	0.16749872591503795	0.16749872591503795	[320, 232, 10, 158, 420, 1791]	{1 4 4 3 }59450
134	0.8774916093217553	0.9308208125644828	0.16749872591503795	0.3261893857210155	[1792, 232, 10, 734, 19, 1460]	{2 5 2 6 }62003
135	0.8793821709062961	0.9323581278408276	0.16749872591503795	0.318464727358593	[420, 158, 10, 734, 19, 1987]	{4 1 6 6 }62007
136	0.8812435571577422	0.9338612805554758	0.16749872591503795	0.46327330397949845	[10, 232, 1792, 496, 2729, 301]	{1 4 6 6 }60113
137	0.8830762183127152	0.934881939806163	0.16749872591503795	0.6169516629167041	[734, 10, 107, 1549, 162, 3284]	{6 5 1 6 }58415
138	0.8848805976597413	0.9363290078104705	0.16749872591503795	0.5491215492298357	[1742, 400, 19, 132, 241, 1126]	{2 5 3 1 }60739
139	0.8866571316464736	0.9373115848504323	0.16749872591503795	0.6932609445328206	[1549, 162, 10, 158, 420, 1550]	{3 3 5 5 }60496
140	0.8884062499852626	0.9387046607426449	0.16749872591503795	0.43884999420539195	[1549, 162, 10, 734, 19, 241]	{1 5 1 4 }61004
141	0.890128375757095	0.9396505764719251	0.16749872591503795	0.22657955342078154	[420, 158, 10, 734, 19, 132]	{5 3 6 5 }61332
142	0.89182392551393	0.9405818947362472	0.16749872591503795	0.30269924192723124	[1549, 162, 10, 158, 420, 1791]	{6 4 4 1 }62101
143	0.8934933093794557	0.942562498245039	0.16749872591503795	0.5597296726288383	[2872, 241, 132, 19, 400, 4079]	{5 6 3 5 }65418
144	0.8951369311482913	0.9436261556849457	0.16749872591503795	0.7011591686673512	[2627, 301, 10, 734, 19, 241]	{2 4 4 1 }62230
145	0.8967551883836571	0.9448789077808358	0.16749872591503795	0.5495915186585395	[320, 232, 10, 438, 2729, 301]	{2 3 2 5 }63476
146	0.898348472513539	0.9461038209412617	0.16749872591503795	0.22657955342078154	[420, 158, 10, 734, 19, 132]	{1 3 4 4 }67907
147	0.8999171689253671	0.9473015138092337	0.16749872591503795	0.4817850116841094	[2238, 1549, 162, 10, 232, 2047]	{3 2 6 5 }64094
148	0.9014616570592349	0.9482774117016552	0.16749872591503795	0.21853930910221597	[19, 734, 10, 158, 420, 1791]	{5 6 1 1 }63336
149	0.9029823104996788	0.9492352374108839	0.16749872591503795	0.45767084558364435	[158, 10, 734, 19, 132, 1715]	{1 2 5 5 }68122
150	0.9044794970660417	0.9500186442409628	0.16749872591503795	0.30269924192723124	[1549, 162, 10, 158, 420, 1791]	{6 1 2 1 }68469
151	0.9059535789014423	0.9509442249031672	0.16749872591503795	0.21853930910221597	[19, 734, 10, 158, 420, 1791]	{1 3 2 2 }63848
152	0.9074049125603707	0.9518526651827381	0.16749872591503795	0.33407262502458396	[1849, 420, 158, 10, 734, 19]	{4 5 2 3 }64091
153	0.9088338490949328	0.9529226059564551	0.16749872591503795	0.44439666440827835	[988, 420, 158, 10, 232, 2047]	{3 4 1 4 }63786
154	0.9102407341397641	0.9537944095498541	0.16749872591503795	0.5608636436311459	[846, 10, 232, 1792, 496, 3366]	{3 3 5 1 }65257
155	0.9116259079956319	0.9545074587851958	0.16749872591503795	0.22657955342078154	[420, 158, 10, 734, 19, 132]	{3 2 5 2 }66731
156	0.9129897057117488	0.9553499132521366	0.16749872591503795	0.5018959930791344	[1580, 438, 10, 158, 420, 1791]	{1 4 4 4 }65270
157	0.9143324571668143	0.9560389578007148	0.16749872591503795	0.3798569606650636	[107, 10, 734, 19, 132, 217]	{5 2 4 1 }65583
158	0.9156544871488079	0.9567173689457654	0.16749872591503795	0.20635641730273835	[158, 10, 734, 19, 132, 241]	{5 2 4 6 }62574
159	0.9169561154335486	0.9576792051914151	0.16749872591503795	0.45957053917318497	[1549, 107, 10, 734, 19, 3308]	{2 6 2 1 }63423
160	0.9182376568620432	0.9583323038767328	0.16749872591503795	0.3118040089201504	[107, 162, 10, 158, 420, 1791]	{2 4 1 5 }66121
161	0.9194994214166413	0.9591039278790155	0.16749872591503795	0.5052234748401319	[1792, 496, 2729, 438, 2627, 301]	{1 1 5 4 }65442
162	0.9207417142960141	0.9598612625479226	0.16749872591503795	0.2822455695300451	[320, 232, 10, 734, 19, 400]	{2 4 2 4 }66042
163	0.9219648359889768	0.9604806875086028	0.16749872591503795	0.6247978946685524	[1549, 162, 107, 10, 494, 2626]	{3 3 6 6 }64593
164	0.9231690823471717	0.961090553442112	0.16749872591503795	0.34807221917075004	[158, 10, 734, 19, 132, 217]	{5 2 6 6 }64245
165	0.9243547446566289	0.9616910078643017	0.16749872591503795	0.34807221917075004	[158, 10, 734, 19, 132, 217]	{2 3 5 3 }63255
166	0.9255221097082241	0.9625423188006506	0.16749872591503795	0.33159198238328924	[377, 162, 107, 10, 232, 2047]	{1 1 3 5 }64038
167	0.9266714598670478	0.963120369436443	0.16749872591503795	0.22657955342078154	[420, 158, 10, 734, 19, 132]	{3 5 1 5 }66619
168	0.9278030731407044	0.9638033255579903	0.16749872591503795	0.3118040089201504	[107, 162, 10, 158, 420, 1791]	{6 3 1 2 }64130
169	0.9289172232465578	0.9644736343439535	0.16749872591503795	0.44439666440827835	[988, 420, 158, 10, 232, 2047]	{6 2 2 2 }67726
170	0.9300141796779381	0.9651315300042507	0.16749872591503795	0.26929121911740883	[1792, 232, 10, 734, 19, 1987]	{2 5 5 3 }63571
171	0.9310942077693279	0.965906384893045	0.16749872591503795	0.2408299990005875	[2047, 232, 10, 158, 420, 1791]	{2 2 3 3 }65180
172	0.932157568760542	0.9664325209286462	0.16749872591503795	0.5492981689384273	[1820, 10, 734, 19, 422, 432]	{5 4 3 3 }64675
173	0.9332045198599164	0.9671784649080096	0.16749872591503795	0.5560910049610733	[1549, 162, 10, 734, 2229, 494]	{2 2 3 1 }67122
174	0.9342353143065225	0.9676849700791823	0.16749872591503795	0.3093012924849177	[377, 162, 107, 10, 734, 19]	{3 4 1 4 }63927
175	0.9352502014314219	0.9682833965591975	0.16749872591503795	0.5045523149112524	[1792, 232, 10, 494, 2229, 1529]	{2 1 1 6 }64630
176	0.936249426717974	0.968988209968993	0.16749872591503795	0.4454552578155204	[846, 10, 734, 19, 132, 1715]	{1 6 4 4 }64025
177	0.9372332318612151	0.969677360858571	0.16749872591503795	0.5017324050790279	[1579, 1580, 438, 10, 232, 2047]	{5 5 3 4 }62682
178	0.9382018548263199	0.9704859645690092	0.16749872591503795	0.5597491176370573	[1579, 1580, 438, 2729, 301, 10]	{1 1 2 6 }64435
179	0.9391555299061606	0.9709414280787466	0.16749872591503795	0.22065255862223065	[320, 232, 10, 734, 19, 1987]	{3 6 6 5 }62549
180	0.9400944877779791	0.971479549780992	0.16749872591503795	0.16749872591503795	[320, 232, 10, 158, 420, 1791]	{4 5 3 3 }61616
181	0.9410189555591831	0.9721133375636367	0.16749872591503795	0.5187026576852424	[420, 158, 10, 734, 2229, 494]	{2 2 5 3 }63819
182	0.9419291568622822	0.9726297572383842	0.16749872591503795	0.2890096056681221	[2872, 241, 132, 19, 734, 10]	{3 4 5 6 }63272
183	0.9428253118489753	0.973237984855309	0.16749872591503795	0.41897284333476037	[2636, 162, 10, 158, 420, 1791]	{2 2 6 1 }70111
184	0.9437076372834047	0.9736509789161838	0.16749872591503795	0.46441438091118753	[1549, 162, 10, 734, 19, 409]	{5 1 1 6 }64123
185	0.9445763465845868	0.9742365127180463	0.16749872591503795	0.3898182019840681	[2636, 162, 107, 10, 232, 2047]	{2 2 1 2 }63003
186	0.9454316498780345	0.9747136143343789	0.16749872591503795	0.42375346724447405	[1743, 1742, 400, 19, 132, 241]	{4 2 5 1 }64980
187	0.9462737540465833	0.9752755340158371	0.16749872591503795	0.5542764015532653	[846, 10, 107, 162, 420, 1791]	{5 6 6 6 }62148
188	0.9471028627804323	0.9756570844168273	0.16749872591503795	0.2730726676895317	[107, 162, 10, 734, 19, 132]	{5 1 2 1 }64584
189	0.9479191766264133	0.9760327466943454	0.16749872591503795	0.6859161452036984	[1529, 2229, 734, 19, 132, 1031]	{5 2 4 1 }65392
190	0.9487228930364995	0.9766718734491628	0.16749872591503795	0.622922791744089	[2047, 232, 10, 438, 2729, 301]	{4 3 3 6 }66995
191	0.9495142064155659	0.9771038757926969	0.16749872591503795	0.6684008567258435	[107, 10, 232, 193, 394, 432]	{4 4 6 4 }66206
192	0.9502933081684121	0.977527878092832	0.16749872591503795	0.3093012924849177	[377, 162, 107, 10, 734, 19]	{5 4 4 1 }64843
193	0.9510603867460601	0.9778746700975723	0.16749872591503795	0.7598149257086309	[1799, 1019, 10, 158, 420, 1582]	{3 3 1 4 }66693
194	0.9518156276913369	0.978366344095404	0.16749872591503795	0.5654692691124857	[1743, 1742, 400, 19, 132, 217]	{2 2 4 2 }63681
195	0.9525592136837545	0.9787669673528966	0.16749872591503795	0.42375233682793245	[2149, 420, 158, 10, 232, 2047]	{5 5 1 6 }64236
196	0.9532913245836966	0.9790946376097963	0.16749872591503795	0.6256403896465005	[193, 394, 432, 422, 19, 132]	{4 3 4 6 }64435
197	0.9540121374759235	0.9794817739503556	0.16749872591503795	0.5683368025944038	[87, 1265, 193, 232, 10, 1873]	{2 2 6 2 }64811
198	0.9547218267124061	0.9797984132412452	0.16749872591503795	0.22065255862223065	[320, 232, 10, 734, 19, 1987]	{4 2 4 4 }65256
199	0.9554205639544987	0.9801725166997407	0.16749872591503795	0.2939838317077802	[2047, 232, 10, 734, 19, 1987]	{1 2 5 3 }62740
200	0.9561085182144601	0.9804784963803003	0.16749872591503795	0.2512539106781674	[1549, 162, 107, 10, 734, 19]	{3 6 3 4 }66233
201	0.9567858558963357	0.9807797541522092	0.16749872591503795	0.29307043597569554	[193, 232, 10, 734, 19, 132]	{4 2 3 2 }65058
202	0.9574527408362071	0.9810763628844281	0.16749872591503795	0.16749872591503795	[320, 232, 10, 158, 420, 1791]	{5 3 1 3 }64327
203	0.9581093343418212	0.9814268006087906	0.16749872591503795	0.5230838257008054	[420, 158, 10, 734, 2229, 1529]	{1 3 3 2 }64266
204	0.9587557952316079	0.9818395383730397	0.16749872591503795	0.4174460855422384	[1549, 162, 10, 734, 19, 400]	{6 1 1 5 }64817
205	0.9593922798730954	0.9824206731451024	0.16749872591503795	0.5315804008900062	[2627, 438, 2729, 496, 2728, 301]	{2 2 2 6 }64568
206	0.9600189422207328	0.9827462162350079	0.16749872591503795	0.20209865776996874	[2047, 232, 10, 734, 19, 132]	{6 4 2 5 }66082
207	0.960635933853129	0.9830657307491745	0.16749872591503795	0.26977824374023446	[1820, 10, 734, 19, 132, 241]	{1 4 2 5 }64667
208	0.9612434040097164	0.9833793283278934	0.16749872591503795	0.5018959930791344	[1580, 438, 10, 158, 420, 1791]	{4 4 3 3 }64674
209	0.9618414996268504	0.9837486765872736	0.16749872591503795	0.5597296726288383	[2872, 241, 132, 19, 400, 4079]	{1 5 2 1 }67852
210	0.9624303653733497	0.9841098171075564	0.16749872591503795	0.45591365441607423	[320, 232, 10, 494, 2229, 1529]	{2 1 3 5 }66346
211	0.9630101436854893	0.984462932282944	0.16749872591503795	0.47818075077320266	[1579, 1580, 301, 2627, 438, 3366]	{2 2 2 4 }66439
212	0.963580974801454	0.9847506557591859	0.16749872591503795	0.5198153179868255	[2654, 232, 10, 734, 19, 3308]	{3 4 4 4 }65338
213	0.9641429967952587	0.9850330510229046	0.16749872591503795	0.30269924192723124	[1549, 162, 10, 158, 420, 1791]	{3 6 1 1 }65450
214	0.9646963456101467	0.9852640224577364	0.16749872591503795	0.47944171518065637	[1579, 1580, 438, 10, 734, 19]	{6 4 2 1 }65367
215	0.9652411550914716	0.9854914295185737	0.16749872591503795	0.35228813868837683	[1792, 232, 10, 734, 19, 241]	{1 3 5 4 }65367
216	0.9657775570190723	0.9858783247314118	0.16749872591503795	0.37706316736195933	[846, 10, 734, 19, 132, 1032]	{4 1 2 6 }65074
217	0.9663056811391484	0.9861921397373804	0.16749872591503795	0.22657955342078154	[420, 158, 10, 734, 19, 132]	{4 5 3 5 }66764
218	0.966825655195643	0.9864478408533548	0.16749872591503795	0.36752751208569656	[2636, 162, 107, 10, 734, 19]	{4 2 6 5 }66939
219	0.9673376049611423	0.9866569791117907	0.16749872591503795	0.6368445827672387	[377, 162, 1549, 107, 232, 10]	{1 3 3 6 }65918
220	0.9678416542672975	0.986904072091202	0.16749872591503795	0.26977824374023446	[1820, 10, 734, 19, 132, 241]	{3 6 1 2 }63022
221	0.9683379250347776	0.9871061697441156	0.16749872591503795	0.2512539106781674	[1549, 162, 107, 10, 734, 19]	{6 4 4 6 }66614
222	0.9688265373027594	0.9873926993053574	0.16749872591503795	0.49860293004999257	[2047, 232, 10, 734, 2229, 1529]	{1 1 3 3 }57320
223	0.9693076092579637	0.9875872564148427	0.16749872591503795	0.45756243128478064	[734, 10, 107, 162, 420, 1791]	{6 5 6 4 }54258
224	0.969781257263242	0.9879182629104468	0.16749872591503795	0.561529789338321	[1851, 159, 10, 734, 19, 132]	{3 2 5 6 }58582
225	0.9702475958857228	0.9881419987824756	0.16749872591503795	0.16749872591503795	[320, 232, 10, 158, 420, 1791]	{2 4 1 6 }56208
226	0.9707067379245234	0.9883249926284251	0.16749872591503795	0.355853074634424	[1549, 162, 10, 734, 19, 1987]	{5 4 2 5 }56218
227	0.9711587944380339	0.9886363261583337	0.16749872591503795	0.4927957536832894	[1792, 496, 2729, 438, 1580, 301]	{2 2 1 1 }54387
228	0.9716038747707803	0.988888852243704	0.16749872591503795	0.5911141704282676	[1549, 162, 10, 494, 2229, 1529]	{4 3 4 4 }54055
229	0.9720420865798731	0.9890946142391911	0.16749872591503795	0.20209865776996874	[2047, 232, 10, 734, 19, 132]	{3 2 5 4 }63622
230	0.9724735358610479	0.989262907229327	0.16749872591503795	0.2639679006966125	[1549, 162, 10, 734, 19, 132]	{6 2 4 4 }62795
231	0.9728983269743033	0.9894286031054176	0.16749872591503795	0.30269924192723124	[1549, 162, 10, 158, 420, 1791]	{4 4 2 1 }59820
232	0.9733165626691443	0.9896243697145766	0.16749872591503795	0.4963011283524297	[377, 162, 1549, 107, 420, 1791]	{3 5 2 5 }66525
233	0.9737283441094353	0.9897844874658948	0.16749872591503795	0.46414967336266133	[734, 10, 232, 1792, 496, 3366]	{1 3 2 2 }62988
234	0.97413377089787	0.990056901133471	0.16749872591503795	0.5376696922740493	[734, 19, 132, 1031, 241, 1126]	{6 1 3 2 }62445
235	0.9745329411000634	0.9902103440172136	0.1287673846844192	0.1287673846844192	[320, 232, 10, 734, 19, 132]	{5 1 3 2 }63998
236	0.9749259512682722	0.9904278919279422	0.1287673846844192	0.5153600542424949	[377, 162, 1549, 107, 10, 1873]	{1 2 2 6 }66230
237	0.9753128964647495	0.9906051531885359	0.1287673846844192	0.48287649559483514	[1579, 1580, 438, 2627, 261, 217]	{2 2 2 2 }62901
238	0.975693870284738	0.9907791318331927	0.1287673846844192	0.3938900702956092	[837, 162, 107, 10, 734, 19]	{6 2 2 2 }64397
239	0.9760689648791093	0.9909498886510965	0.1287673846844192	0.6009485802131427	[1791, 420, 107, 10, 232, 2047]	{1 1 1 5 }66451
240	0.9764382709766539	0.9911510022366277	0.1287673846844192	0.42375346724447405	[1743, 1742, 400, 19, 132, 241]	{1 4 3 5 }65076
241	0.9768018779060265	0.9913476466313693	0.1287673846844192	0.3563633149229554	[1849, 420, 158, 10, 232, 2047]	{4 1 4 5 }63174
242	0.9771598736173532	0.9915399211506722	0.1287673846844192	0.9925837685630902	[432, 422, 19, 241, 4018, 2197]	{2 3 3 5 }63353
243	0.9775123447035052	0.9917655232533209	0.1287673846844192	0.7187560486261115	[320, 232, 193, 1265, 87, 1815]	{1 1 4 2 }66459
244	0.9778593764210437	0.9918925985117574	0.1287673846844192	0.42655085253515757	[107, 162, 10, 734, 19, 400]	{6 1 1 5 }63670
245	0.9782010527108425	0.9920427355763545	0.1287673846844192	0.3223254567873786	[1873, 10, 734, 19, 132, 241]	{5 3 4 2 }63198
246	0.9785374562183912	0.9921900923249405	0.1287673846844192	0.33585663140262606	[846, 10, 734, 19, 132, 217]	{2 6 4 2 }66217
247	0.9788686683137864	0.9923347202448489	0.1287673846844192	0.30269924192723124	[1549, 162, 10, 158, 420, 1791]	{4 5 3 2 }68247
248	0.9791947691114131	0.9924766698699443	0.1287673846844192	0.18644425498262523	[10, 734, 19, 132, 241, 1031]	{6 4 3 5 }65321
249	0.9795158374893234	0.9925927706435563	0.1287673846844192	0.21853930910221597	[19, 734, 10, 158, 420, 1791]	{4 1 1 5 }63868
250	0.9798319511083153	0.9927573757403662	0.1287673846844192	0.686931911463658	[394, 193, 232, 1792, 496, 3366]	{2 2 6 3 }69190
251	0.9801431864307178	0.9928691446332618	0.1287673846844192	0.29307043597569554	[193, 232, 10, 734, 19, 132]	{6 5 4 5 }64599
252	0.9804496187388858	0.9930973320049974	0.1287673846844192	0.5391578771720784	[1791, 420, 158, 1557, 15, 432]	{5 4 3 1 }62099
253	0.9807513221534092	0.9932507246271086	0.1287673846844192	0.7744237301879187	[193, 394, 432, 422, 19, 3308]	{4 4 1 4 }60434
254	0.9810483696510417	0.9933548801112582	0.1287673846844192	0.3495185398623855	[1549, 107, 10, 158, 420, 1791]	{2 4 1 1 }71251
255	0.9813408330823528	0.9934779378869756	0.1287673846844192	0.5491215492298357	[1742, 400, 19, 132, 241, 1126]	{6 2 4 5 }69182
256	0.9816287831891066	0.9936518595433229	0.1287673846844192	0.6560361430468247	[2872, 241, 1031, 132, 19, 1460]	{6 6 2 5 }63334
257	0.9819122896213734	0.9938211432888343	0.1287673846844192	0.6066758050718191	[1743, 1742, 400, 19, 132, 1032]	{3 5 2 5 }69027
258	0.982191420954377	0.9939584512157491	0.1287673846844192	0.5491215492298357	[1742, 400, 19, 132, 241, 1126]	{3 4 5 3 }60773
259	0.982466244705081	0.9940703317487908	0.1287673846844192	0.7187560486261115	[320, 232, 193, 1265, 87, 1815]	{5 1 1 5 }56334
260	0.9827368273485212	0.9942021021543732	0.1287673846844192	0.4492631897240643	[432, 422, 19, 132, 241, 1126]	{3 5 2 1 }59292
261	0.9830032343338835	0.9943094706329959	0.1287673846844192	0.5893869748368723	[107, 420, 158, 10, 232, 2047]	{1 3 4 6 }61626
262	0.9832655301003359	0.9944359268411516	0.1287673846844192	0.5286043096192637	[2238, 1549, 107, 10, 232, 2047]	{4 6 5 3 }62204
263	0.9835237780926147	0.9945595729113482	0.1287673846844192	0.6259311023794796	[1819, 1513, 1031, 241, 132, 19]	{3 4 6 1 }61810
264	0.9837780407763707	0.994680471291096	0.1287673846844192	0.4490309472639553	[320, 232, 1792, 496, 2729, 301]	{3 3 4 4 }63533
265	0.9840283796532785	0.9947986830401827	0.1287673846844192	0.5999488320531864	[837, 162, 1549, 107, 10, 1873]	{5 2 3 5 }70868
266	0.9842748552759131	0.994878950277217	0.1287673846844192	0.48471517633303335	[811, 734, 10, 158, 420, 1791]	{3 4 2 4 }59553
267	0.9845175272623958	0.9950155116031578	0.1287673846844192	0.5650756242511695	[1792, 232, 10, 438, 2627, 301]	{6 2 6 6 }55035
268	0.9847564543108157	0.995092432720393	0.1287673846844192	0.6972571404180927	[377, 162, 10, 438, 1580, 301]	{3 3 5 3 }71202
269	0.9849916942134266	0.99516816678335	0.1287673846844192	0.31230179790358314	[1799, 232, 10, 734, 19, 132]	{3 5 1 1 }55866
270	0.9852233038706267	0.9952427321107674	0.1287673846844192	0.42089048894888004	[320, 232, 10, 734, 2229, 494]	{6 6 5 1 }54149
271	0.9854513393047221	0.9953161467386876	0.1287673846844192	0.2639679006966125	[1549, 162, 10, 734, 19, 132]	{4 5 3 4 }59678
272	0.9856758556734764	0.9954028847620453	0.1287673846844192	0.3261893857210155	[1792, 232, 10, 734, 19, 3308]	{2 1 6 6 }55696
273	0.9858969072834536	0.9954880165257112	0.1287673846844192	0.3563633149229554	[1849, 420, 158, 10, 232, 2047]	{4 4 2 2 }55138
274	0.9861145476031533	0.9955576459003144	0.1287673846844192	0.16749872591503795	[320, 232, 10, 158, 420, 1791]	{1 4 1 4 }55354
275	0.9863288292759441	0.9956399117169752	0.1287673846844192	0.2735446005765389	[1549, 162, 107, 10, 232, 2047]	{6 1 6 4 }53504
276	0.9865398041327968	0.9957071970299848	0.1287673846844192	0.4218560082309499	[107, 162, 10, 734, 19, 1460]	{3 6 3 4 }62964
277	0.9867475232048216	0.9957734439893986	0.1287673846844192	0.49357670240294965	[320, 232, 10, 162, 420, 1791]	{3 6 6 5 }58212
278	0.9869520367356114	0.9958517135451506	0.1287673846844192	0.26929121911740883	[1792, 232, 10, 734, 19, 1987]	{3 6 6 6 }55368
279	0.9871533941933952	0.9959157303114291	0.1287673846844192	0.4218560082309499	[107, 162, 10, 734, 19, 3308]	{6 4 6 2 }53100
280	0.9873516442830033	0.9959913649352915	0.1287673846844192	0.1941408295346144	[846, 10, 734, 19, 132, 241]	{3 6 2 5 }53451
281	0.9875468349576483	0.9960804457145073	0.1287673846844192	0.3753628939621997	[420, 158, 10, 734, 19, 3308]	{5 4 5 2 }62883
282	0.9877390134305241	0.9961849671621203	0.1287673846844192	0.6540587114736021	[1820, 733, 734, 10, 232, 2047]	{5 1 5 1 }64013
283	0.9879282261862259	0.9962556159183774	0.1287673846844192	0.18644425498262523	[10, 734, 19, 132, 241, 1031]	{2 1 6 4 }67503
284	0.988114518991994	0.9963249563643334	0.1287673846844192	0.18644425498262523	[10, 734, 19, 132, 241, 1031]	{2 1 6 4 }63490
285	0.9882979369087842	0.9963816700006862	0.1287673846844192	0.49357670240294965	[320, 232, 10, 162, 420, 1791]	{1 5 3 2 }63064
286	0.9884785243021672	0.9964375084266016	0.1287673846844192	0.2639679006966125	[1549, 162, 10, 734, 19, 132]	{3 4 1 3 }65366
287	0.9886563248530597	0.9964924851484133	0.1287673846844192	0.34807221917075004	[158, 10, 734, 19, 132, 217]	{5 1 2 5 }67199
288	0.9888313815682902	0.9966047256236641	0.1287673846844192	0.6560361430468247	[2872, 241, 1031, 132, 19, 1460]	{4 5 4 2 }65138
289	0.9890037367910018	0.9966676010750777	0.1287673846844192	0.5815936667923084	[734, 19, 132, 1031, 241, 2872]	{3 4 6 2 }66782
290	0.9891734322108937	0.9967416543845204	0.1287673846844192	0.6824412914108672	[1849, 420, 162, 10, 232, 2047]	{4 1 1 3 }65387
291	0.9893405088743059	0.9968019941181404	0.1287673846844192	0.5265945627345092	[1579, 1580, 438, 2627, 301, 10]	{3 1 3 4 }64917
292	0.9895050071941468	0.9968513460607618	0.1287673846844192	0.17740604517959738	[1792, 232, 10, 734, 19, 132]	{2 6 3 5 }62648
293	0.9896669669596693	0.9969213161483004	0.1287673846844192	0.22065255862223065	[320, 232, 10, 734, 19, 1987]	{1 6 1 4 }68141
294	0.9898264273460942	0.9969688267015673	0.1287673846844192	0.318464727358593	[420, 158, 10, 734, 19, 1987]	{2 1 4 2 }67407
295	0.9899834269240865	0.9970496579895255	0.1287673846844192	0.4942217620344296	[2047, 232, 10, 734, 2229, 494]	{2 6 2 2 }64248
296	0.9901380036690851	0.9970951879588229	0.1287673846844192	0.18644425498262523	[10, 734, 19, 132, 241, 1031]	{1 5 6 2 }66059
297	0.9902901949704882	0.9971489807744003	0.1287673846844192	0.2735446005765389	[1549, 162, 107, 10, 232, 2047]	{3 3 4 4 }67391
298	0.9904400376406967	0.9971929779846719	0.1287673846844192	0.318464727358593	[420, 158, 10, 734, 19, 1987]	{4 5 2 3 }62686
299	0.9905875679240193	0.9972362962256492	0.1287673846844192	0.42089048894888004	[320, 232, 10, 734, 2229, 494]	{3 3 3 1 }64216
300	0.9907328215054387	0.9972874759251742	0.1287673846844192	0.5017324050790279	[1579, 1580, 438, 10, 232, 2047]	{4 5 6 2 }59890
301	0.9908758335192437	0.9973293358646005	0.1287673846844192	0.22065255862223065	[320, 232, 10, 734, 19, 1987]	{4 6 4 5 }65586
302	0.991016638557527	0.9974147971169333	0.1287673846844192	0.7175255635843119	[1265, 193, 394, 432, 422, 19]	{4 6 6 6 }62045
303	0.9911552706785528	0.9974722460698904	0.1287673846844192	0.3508819983113869	[2047, 232, 10, 734, 19, 3308]	{4 3 3 6 }62050
304	0.9912917634149948	0.9975112546181946	0.1287673846844192	0.49357670240294965	[320, 232, 10, 162, 420, 1791]	{4 5 5 3 }57893
305	0.9914261497820474	0.9975573424956353	0.1287673846844192	0.27755072522583735	[320, 232, 10, 734, 19, 3308]	{5 6 5 4 }59852
306	0.9915584622854109	0.9976025768938643	0.1287673846844192	0.2735446005765389	[1549, 162, 107, 10, 232, 2047]	{3 4 4 3 }60939
307	0.9916887329291545	0.9976558529628896	0.1287673846844192	0.33159198238328924	[377, 162, 107, 10, 232, 2047]	{6 4 5 2 }72759
308	0.9918169932234577	0.9977079451192697	0.1287673846844192	0.42375346724447405	[1743, 1742, 400, 19, 132, 241]	{3 6 4 2 }61841
309	0.9919432741922315	0.997750390580024	0.1287673846844192	0.36752751208569656	[2636, 162, 107, 10, 734, 19]	{2 3 6 1 }59537
310	0.992067606380623	0.9978003819004679	0.1287673846844192	0.490480173062598	[1742, 400, 19, 132, 241, 1031]	{2 6 3 2 }60739
311	0.9921900198624035	0.9978343266242262	0.1287673846844192	0.3223254567873786	[1873, 10, 734, 19, 132, 241]	{2 5 3 6 }63156
312	0.992310544247243	0.9978824526992434	0.1287673846844192	0.44439666440827835	[988, 420, 158, 10, 232, 2047]	{2 3 6 6 }61973
313	0.9924292086878719	0.9979295093059268	0.1287673846844192	0.7709005068429038	[1580, 438, 2627, 261, 217, 241]	{6 6 4 3 }62025
314	0.9925460418871331	0.9979847223911021	0.1287673846844192	0.20209865776996874	[2047, 232, 10, 734, 19, 132]	{6 3 5 3 }62413
315	0.9926610721049243	0.9980220423468225	0.1287673846844192	0.26929121911740883	[1792, 232, 10, 734, 19, 1987]	{3 4 3 3 }63651
316	0.9927743271650334	0.9980525663846801	0.1287673846844192	0.5048666701956248	[1549, 162, 107, 420, 158, 10]	{1 1 5 1 }62318
317	0.9928858344618694	0.9981044979477554	0.1287673846844192	0.7014177932606356	[2627, 438, 1580, 1579, 4018, 2197]	{1 6 6 1 }62419
318	0.9929956209670875	0.9981337495226357	0.1287673846844192	0.6141466970190333	[241, 132, 217, 261, 2627, 301]	{3 4 3 1 }54054
319	0.9931037132361139	0.9981625496843234	0.1287673846844192	0.20635641730273835	[158, 10, 734, 19, 132, 241]	{2 6 1 5 }62432
320	0.9932101374145689	0.9982115483594081	0.1287673846844192	0.47818075077320266	[1579, 1580, 301, 2627, 438, 3366]	{3 4 3 3 }57445
321	0.993314919244591	0.9982391479217629	0.1287673846844192	0.4127512412380307	[1549, 162, 10, 734, 19, 1460]	{5 6 6 4 }55789
322	0.9934180840710634	0.9982663215649455	0.1287673846844192	0.33407262502458396	[1849, 420, 158, 10, 734, 19]	{4 5 2 3 }63164
323	0.9935196568477445	0.9983048477523913	0.1287673846844192	0.41897284333476037	[2636, 162, 10, 158, 420, 1791]	{3 3 5 1 }56059
324	0.993619662143304	0.9983362394606803	0.1287673846844192	0.5153600542424949	[377, 162, 1549, 107, 10, 1873]	{4 4 1 6 }60667
325	0.9937181241472653	0.9983670498410381	0.1287673846844192	0.2735446005765389	[1549, 162, 107, 10, 232, 2047]	{5 3 3 4 }60319
326	0.993815066675857	0.9984033376223483	0.1287673846844192	0.46414967336266133	[734, 10, 232, 1792, 496, 3366]	{4 4 4 5 }53519
327	0.9939105131777727	0.9984329054441566	0.1287673846844192	0.35103313913420187	[1799, 232, 10, 158, 420, 1791]	{6 5 4 5 }64377
328	0.9940044867398441	0.9984677297676199	0.1287673846844192	0.46327330397949845	[10, 232, 1792, 496, 2729, 301]	{5 6 5 4 }61015
329	0.9940970100926243	0.9984961051422936	0.1287673846844192	0.3118040089201504	[107, 162, 10, 158, 420, 1791]	{2 2 6 2 }56255
330	0.9941881056158863	0.9985193133962705	0.1287673846844192	0.2639679006966125	[1549, 162, 10, 734, 19, 132]	{4 1 6 3 }53553
331	0.9942777953440362	0.9985421634981799	0.1287673846844192	0.42210597450990683	[19, 734, 10, 158, 420, 1582]	{1 6 2 6 }52839
332	0.9943661009714431	0.9985745598648871	0.1287673846844192	0.6886544588068385	[1743, 1742, 400, 19, 241, 1031]	{2 6 6 5 }55904
333	0.9944530438576862	0.9985965573978364	0.1287673846844192	0.16749872591503795	[320, 232, 10, 158, 420, 1791]	{4 4 5 2 }52648
334	0.9945386450327219	0.998633982533894	0.1287673846844192	0.5276865571949214	[734, 10, 232, 193, 394, 432]	{2 3 4 2 }52701
335	0.99462292520197	0.9986592791536367	0.1287673846844192	0.5735862738432738	[2636, 162, 1549, 107, 10, 1873]	{1 6 1 6 }61398
336	0.9947059047513224	0.9986799692901547	0.1287673846844192	0.5491215492298357	[1742, 400, 19, 132, 241, 1126]	{5 2 6 1 }57497
337	0.9947876037520735	0.9987003401344424	0.1287673846844192	0.6256403896465005	[193, 394, 432, 422, 19, 132]	{6 2 4 4 }63757
338	0.994868041965776	0.9987292214647882	0.1287673846844192	0.5491215492298357	[1742, 400, 19, 132, 241, 1126]	{6 4 3 5 }61917
339	0.9949472388490203	0.9987574609877928	0.1287673846844192	0.4736607547328072	[846, 10, 734, 19, 422, 432]	{3 6 5 1 }59937
340	0.9950252135581403	0.9987804709695004	0.1287673846844192	0.5545273479532086	[2636, 162, 1549, 107, 420, 1791]	{5 2 1 1 }65745
341	0.995101984953848	0.9988273008842715	0.1287673846844192	0.5223622203495049	[2047, 232, 1792, 496, 2728, 301]	{5 1 1 3 }64129
342	0.9951775716057949	0.9988490175345628	0.1287673846844192	0.2939838317077802	[2047, 232, 10, 734, 19, 1987]	{1 2 4 2 }60218
343	0.9952519917970635	0.9988745949226837	0.1287673846844192	0.44533540154467305	[837, 162, 10, 158, 420, 1791]	{3 2 3 1 }61043
344	0.9953252635285903	0.9988996039244018	0.1287673846844192	0.3756492218095388	[2309, 420, 158, 10, 232, 2047]	{1 1 5 3 }64177
345	0.9953974045235194	0.9989165853453216	0.1287673846844192	0.45756243128478064	[734, 10, 107, 162, 420, 1791]	{6 6 2 1 }60735
346	0.9954684322314897	0.9989366485796675	0.1287673846844192	0.2161373864102161	[1792, 232, 10, 158, 420, 1791]	{1 2 3 4 }60953
347	0.9955383638328557	0.9989602786112304	0.1287673846844192	0.4736607547328072	[846, 10, 734, 19, 422, 432]	{2 4 3 3 }57593
348	0.9956072162428424	0.9989763236943904	0.1287673846844192	0.48234947979600745	[1529, 2229, 734, 19, 132, 241]	{2 5 6 1 }58914
349	0.9956750061156381	0.9990036217292066	0.1287673846844192	0.48287649559483514	[1579, 1580, 438, 2627, 261, 217]	{5 4 5 5 }64813
350	0.9957417498484215	0.9990301918164278	0.1287673846844192	0.17740604517959738	[1792, 232, 10, 734, 19, 132]	{4 5 6 4 }63451
351	0.9958074635853286	0.9990481512272347	0.1287673846844192	0.5808899061631212	[837, 162, 1549, 107, 420, 1791]	{2 6 6 4 }62637
352	0.9958721632213574	0.99906577805636	0.1287673846844192	0.7590523710864945	[1579, 1583, 162, 1549, 107, 10]	{5 5 1 4 }60904
353	0.9959358644062131	0.9990865385439964	0.1287673846844192	0.3649578416273432	[107, 162, 10, 734, 19, 1987]	{5 1 1 4 }63534
354	0.9959985825480925	0.9991108975161566	0.1287673846844192	0.33088423002522327	[1792, 232, 10, 734, 19, 400]	{6 1 6 3 }61391
355	0.996060332817412	0.9991246182334997	0.1287673846844192	0.3495185398623855	[1549, 107, 10, 158, 420, 1791]	{3 4 6 5 }67824
356	0.9961211301504767	0.9991479617472732	0.1287673846844192	0.1941408295346144	[846, 10, 734, 19, 132, 241]	{2 3 5 1 }58851
357	0.9961809892530927	0.9991611104857411	0.1287673846844192	0.4127512412380307	[1549, 162, 10, 734, 19, 1460]	{5 2 2 5 }57969
358	0.9962399246041252	0.9991834808727881	0.1287673846844192	0.5815936667923084	[734, 19, 132, 1031, 241, 2872]	{2 3 1 4 }56212
359	0.9962979504589998	0.9992016257422817	0.1287673846844192	0.7024106281085437	[2627, 261, 217, 132, 19, 400]	{1 1 5 1 }61723
360	0.9963550808531512	0.9992139463326786	0.1287673846844192	0.4026723725695783	[1549, 107, 10, 734, 19, 1987]	{5 1 6 2 }58617
361	0.9964113296054173	0.9992285028820733	0.1287673846844192	0.39062181355682657	[432, 422, 19, 132, 241, 1031]	{5 2 1 5 }65055
362	0.9964667103213831	0.9992404087017944	0.1287673846844192	0.3607466237339816	[377, 162, 10, 158, 420, 1791]	{6 6 1 2 }63750
363	0.9965212363966703	0.9992572885084212	0.1287673846844192	0.712802593907788	[1742, 400, 19, 132, 241, 89]	{4 4 2 5 }60627
364	0.9965749210201785	0.9992737932082341	0.1287673846844192	0.4779683117804445	[241, 132, 19, 734, 2229, 494]	{5 6 4 2 }59053
365	0.9966277771772746	0.9992872414821556	0.1287673846844192	0.4492631897240643	[432, 422, 19, 132, 241, 1126]	{1 5 3 2 }62717
366	0.9966798176529339	0.99930308056033	0.1287673846844192	0.48234947979600745	[1529, 2229, 734, 19, 132, 241]	{3 6 1 4 }74934
367	0.9967310550348331	0.9993216650787212	0.1287673846844192	0.5654692691124857	[1743, 1742, 400, 19, 132, 217]	{3 6 4 6 }57645
368	0.9967815017163943	0.999336739188083	0.1287673846844192	0.4127512412380307	[1549, 162, 10, 734, 19, 3308]	{1 2 3 3 }62359
369	0.9968311698997833	0.9993490217957111	0.1287673846844192	0.18644425498262523	[10, 734, 19, 132, 241, 1031]	{6 1 4 3 }64319
370	0.9968800715988607	0.9993663812144921	0.1287673846844192	0.2890096056681221	[2872, 241, 132, 19, 734, 10]	{2 6 5 4 }62553
371	0.9969282186420881	0.9993781148957052	0.1287673846844192	0.5018959930791344	[1580, 438, 10, 158, 420, 1791]	{2 6 3 4 }60100
372	0.9969756226753893	0.9993896312865255	0.1287673846844192	0.3533585319111673	[2309, 420, 158, 10, 734, 19]	{1 3 3 2 }57109
373	0.9970222951649665	0.9994031950357138	0.1287673846844192	0.3898182019840681	[2636, 162, 107, 10, 232, 2047]	{1 6 2 2 }62195
374	0.9970682474000752	0.9994142469794969	0.1287673846844192	0.6119479923899337	[1580, 438, 10, 734, 19, 1460]	{6 5 2 2 }58157
375	0.9971134904957529	0.9994250942576544	0.1287673846844192	0.7540386768448035	[1743, 1742, 400, 19, 132, 1108]	{1 1 5 3 }58010
376	0.9971580353955098	0.9994378699408176	0.1287673846844192	0.35103313913420187	[1799, 232, 10, 158, 420, 1791]	{5 1 2 2 }62731
377	0.9972018928739742	0.9994528600757291	0.1287673846844192	0.4927957536832894	[1792, 496, 2729, 438, 1580, 301]	{1 1 4 6 }55256
378	0.9972450735394993	0.9994674504737097	0.1287673846844192	0.6954018460858666	[1579, 1580, 301, 2729, 438, 970]	{6 6 1 1 }63170
379	0.9972875878367292	0.9994773125019744	0.1287673846844192	0.27755072522583735	[320, 232, 10, 734, 19, 1460]	{6 4 5 6 }60449
380	0.9973294460491254	0.9994869919000859	0.1287673846844192	0.24508563114986298	[10, 734, 19, 132, 241, 1126]	{2 3 5 6 }52618
381	0.9973706583014538	0.9994964920500843	0.1287673846844192	0.3563633149229554	[1849, 420, 158, 10, 232, 2047]	{6 5 5 2 }56210
382	0.9974112345622338	0.9995042622344966	0.1287673846844192	0.45591365441607423	[320, 232, 10, 494, 2229, 1529]	{1 3 4 1 }58181
383	0.9974511846461499	0.9995134425634874	0.1287673846844192	0.2161373864102161	[1792, 232, 10, 158, 420, 1791]	{4 5 1 1 }54653
384	0.9974905182164254	0.9995290124014558	0.1287673846844192	0.6427710166013454	[1579, 1580, 438, 2627, 261, 165]	{2 3 1 3 }52685
385	0.9975292447871595	0.9995362807285938	0.1287673846844192	0.3607466237339816	[377, 162, 10, 158, 420, 1791]	{6 3 3 3 }52693
386	0.9975673737256293	0.9995434368901895	0.1287673846844192	0.5526479030943271	[1792, 232, 10, 438, 1580, 301]	{4 1 4 1 }55793
387	0.9976049142545548	0.9995518917625935	0.1287673846844192	0.5519173437841476	[432, 422, 19, 132, 241, 1729]	{1 1 2 3 }52508
388	0.9976418754543301	0.9995588070131708	0.1287673846844192	0.41390045644117435	[377, 162, 10, 734, 19, 1987]	{4 5 4 2 }53351
389	0.9976782662652202	0.999568611301767	0.1287673846844192	0.49318716424232345	[2872, 241, 132, 19, 422, 432]	{6 2 6 4 }54913
390	0.9977140954895223	0.9995781977172833	0.1287673846844192	0.6129442344020166	[432, 422, 19, 132, 241, 89]	{2 1 2 3 }53511
391	0.9977493717936964	0.9995860088706668	0.1287673846844192	0.5973350688884984	[1807, 157, 10, 734, 19, 1987]	{2 3 3 5 }56676
392	0.9977841037104603	0.9995923976226627	0.1287673846844192	0.30269924192723124	[1549, 162, 10, 158, 420, 1791]	{6 1 1 3 }62820
393	0.9978182996408544	0.9995999458148357	0.1287673846844192	0.5622342297886197	[420, 162, 107, 10, 232, 2047]	{1 1 5 1 }64031
394	0.9978519678562733	0.999607354225672	0.1287673846844192	0.45767084558364435	[158, 10, 734, 19, 132, 1715]	{2 4 5 5 }63335
395	0.9978851165004666	0.9996146254437152	0.1287673846844192	0.6600274928837104	[2636, 162, 1549, 107, 10, 161]	{3 1 5 6 }56850
396	0.9979177535915088	0.9996217620095723	0.1287673846844192	0.33088423002522327	[1792, 232, 10, 734, 19, 400]	{5 2 2 1 }62301
397	0.9979498870237387	0.9996275990155974	0.1287673846844192	0.355853074634424	[1549, 162, 10, 734, 19, 1987]	{1 5 1 3 }66218
398	0.9979815245696686	0.9996375297085148	0.1287673846844192	0.686931911463658	[394, 193, 232, 1792, 496, 3366]	{5 5 2 2 }66469
399	0.9980126738818651	0.9996455846038812	0.1287673846844192	0.5441812361813056	[1807, 157, 10, 158, 420, 1791]	{6 6 6 6 }61320
400	0.9980433424947992	0.9996534605015727	0.1287673846844192	0.4161807601939807	[837, 162, 107, 10, 232, 2047]	{2 2 5 6 }57399
401	0.9980735378266696	0.9996598778996917	0.1287673846844192	0.4640412586553903	[1873, 10, 734, 19, 132, 217]	{5 3 1 1 }61806
402	0.9981032671811964	0.9996651266975359	0.1287673846844192	0.30269924192723124	[1549, 162, 10, 158, 420, 1791]	{1 2 3 1 }61423
403	0.9981325377493877	0.9996725683264797	0.1287673846844192	0.44533540154467305	[837, 162, 10, 158, 420, 1791]	{5 4 4 4 }69555
404	0.9981613566112799	0.9996786318759893	0.1287673846844192	0.3607466237339816	[377, 162, 10, 158, 420, 1791]	{6 2 5 6 }60282
405	0.998189730737649	0.999684583137545	0.1287673846844192	0.2939838317077802	[2047, 232, 10, 734, 19, 1987]	{5 4 2 2 }62587
406	0.9982176669916977	0.9996904241905534	0.1287673846844192	0.7287254206266277	[119, 409, 19, 132, 241, 1126]	{2 3 6 2 }60384
407	0.9982451721307147	0.9996973036529856	0.1287673846844192	0.4963011283524297	[377, 162, 1549, 107, 420, 1791]	{4 4 2 1 }65272
408	0.9982722528077098	0.9997029091408932	0.1287673846844192	0.7281773549421413	[1580, 438, 2627, 301, 10, 1873]	{4 2 2 4 }63136
409	0.998298915573023	0.9997074938763733	0.1287673846844192	0.33407262502458396	[1849, 420, 158, 10, 734, 19]	{6 1 2 6 }62341
410	0.9983251668759084	0.9997129106564404	0.1287673846844192	0.5622342297886197	[420, 162, 107, 10, 232, 2047]	{4 6 1 1 }63207
411	0.998351013066095	0.9997182271257656	0.1287673846844192	0.2735446005765389	[1549, 162, 107, 10, 232, 2047]	{6 3 1 3 }67891
412	0.9983764603953219	0.9997234451419552	0.1287673846844192	0.20209865776996874	[2047, 232, 10, 734, 19, 132]	{3 1 2 1 }59712
413	0.9984015150188509	0.9997308199381697	0.1287673846844192	0.5113353056757508	[1579, 1580, 301, 2729, 438, 3366]	{6 4 5 6 }58682
414	0.9984261829969551	0.9997368017173215	0.1287673846844192	0.42375346724447405	[1743, 1742, 400, 19, 132, 241]	{6 1 6 4 }57374
415	0.9984504702963848	0.9997408634192146	0.1287673846844192	0.3107871986317668	[1549, 107, 10, 734, 19, 132]	{6 5 1 6 }61352
416	0.9984743827918109	0.9997477737280356	0.1287673846844192	0.4739103174596212	[1792, 232, 10, 734, 2229, 1529]	{1 5 5 1 }60152
417	0.998497926267246	0.9997533787563014	0.1287673846844192	0.42375233682793245	[2149, 420, 158, 10, 232, 2047]	{3 1 1 3 }61020
418	0.9985211064174427	0.9997599553228002	0.1287673846844192	0.837489272970243	[734, 10, 846, 162, 420, 1791]	{4 4 4 4 }60656
419	0.9985439288492723	0.9997636597159668	0.1287673846844192	0.384955609913507	[193, 232, 10, 734, 19, 1987]	{6 4 6 2 }66496
420	0.9985663990830799	0.9997680363878934	0.1287673846844192	0.20209865776996874	[2047, 232, 10, 734, 19, 132]	{4 1 6 6 }59412
421	0.99858852255402	0.9997716160732654	0.1287673846844192	0.16749872591503795	[320, 232, 10, 158, 420, 1791]	{5 5 1 3 }62917
422	0.9986103046133715	0.9997751405165791	0.1287673846844192	0.17740604517959738	[1792, 232, 10, 734, 19, 132]	{2 5 4 2 }61120
423	0.9986317505298319	0.9997786105703357	0.1287673846844192	0.7980447257743284	[19, 132, 217, 493, 654, 400]	{3 3 4 4 }59360
424	0.9986528654907912	0.99978451428846	0.1287673846844192	0.5113353056757508	[1579, 1580, 301, 2729, 438, 3366]	{3 2 4 6 }61672
425	0.9986736546035877	0.999787839685243	0.1287673846844192	0.45591365441607423	[320, 232, 10, 494, 2229, 1529]	{1 6 4 4 }58590
426	0.9986941228967422	0.9997911137641745	0.1287673846844192	0.2639679006966125	[1549, 162, 10, 734, 19, 132]	{3 5 6 6 }61964
427	0.9987142753211752	0.9997957556805261	0.1287673846844192	0.42375233682793245	[2149, 420, 158, 10, 232, 2047]	{5 6 3 3 }61796
428	0.998734116751404	0.9997989075990366	0.1287673846844192	0.22657955342078154	[420, 158, 10, 734, 19, 132]	{2 5 4 6 }54907
429	0.9987536519867218	0.9998026315323877	0.1287673846844192	0.2939838317077802	[2047, 232, 10, 734, 19, 1987]	{2 3 1 1 }64754
430	0.9987728857523588	0.9998062865040102	0.1287673846844192	0.27755072522583735	[320, 232, 10, 734, 19, 1460]	{5 3 4 2 }57930
431	0.9987918227006248	0.9998092759098125	0.1287673846844192	0.3892787551300833	[158, 10, 734, 19, 132, 1032]	{3 5 2 2 }56516
432	0.9988104674120349	0.9998128078374086	0.1287673846844192	0.6408176172007294	[2627, 261, 217, 132, 19, 1987]	{1 1 2 6 }62922
433	0.9988288243964172	0.9998156966053497	0.1287673846844192	0.5153706743278413	[107, 162, 10, 158, 420, 1582]	{1 2 3 1 }55957
434	0.9988468980940033	0.9998191096311766	0.1287673846844192	0.27755072522583735	[320, 232, 10, 734, 19, 1460]	{4 1 5 4 }62620
435	0.9988646928765033	0.9998224594528216	0.1287673846844192	0.7105725316390958	[1879, 232, 10, 158, 420, 1582]	{1 6 1 1 }59245
436	0.9988822130481622	0.9998257472407323	0.1287673846844192	0.3607466237339816	[377, 162, 10, 158, 420, 1791]	{2 5 4 2 }52656
437	0.9988994628468016	0.9998284363265234	0.1287673846844192	0.6663002596117393	[1799, 1019, 10, 734, 19, 3308]	{1 4 4 3 }62175
438	0.9989164464448448	0.9998339263640746	0.1287673846844192	0.6954018460858666	[1579, 1580, 301, 2729, 438, 970]	{5 5 3 1 }60173
439	0.9989331679503256	0.9998364892288266	0.1287673846844192	0.1287673846844192	[320, 232, 10, 734, 19, 132]	{6 5 3 5 }56369
440	0.9989496314078823	0.9998401228015193	0.1287673846844192	0.49318716424232345	[2872, 241, 132, 19, 422, 432]	{5 6 4 1 }53423
441	0.9989658407997359	0.9998430834903801	0.1287673846844192	0.30269924192723124	[1549, 162, 10, 158, 420, 1791]	{4 5 1 3 }53947
442	0.9989818000466536	0.9998455050414544	0.1287673846844192	0.2512539106781674	[1549, 162, 107, 10, 734, 19]	{6 4 1 6 }56983
443	0.9989975130088966	0.9998504488801279	0.1287673846844192	0.48287649559483514	[1579, 1580, 438, 2627, 261, 217]	{1 1 2 2 }55535
444	0.9990129834871544	0.9998527567677803	0.1287673846844192	0.3318017772063142	[193, 232, 10, 158, 420, 1791]	{5 5 5 6 }52898
445	0.9990282152234637	0.9998560288396073	0.1287673846844192	0.7155868965509534	[394, 193, 232, 10, 158, 318]	{4 4 1 5 }53497
446	0.999043211902114	0.9998586949722073	0.1287673846844192	0.37706316736195933	[846, 10, 734, 19, 132, 1032]	{2 1 6 1 }53850
447	0.9990579771505381	0.9998613117319811	0.1287673846844192	0.3710653913227288	[320, 232, 10, 158, 420, 1582]	{1 1 3 5 }53495
448	0.9990725145401903	0.9998638800332408	0.1287673846844192	0.33159198238328924	[377, 162, 107, 10, 232, 2047]	{2 4 1 3 }61027
449	0.9990868275874096	0.999866400773366	0.1287673846844192	0.7031083325940782	[837, 162, 10, 734, 2229, 1529]	{2 3 5 3 }61453
450	0.9991009197542706	0.9998693696450689	0.1287673846844192	0.3977074949423053	[846, 10, 734, 19, 132, 1031]	{1 3 2 2 }62324
451	0.9991147944494208	0.9998722725418452	0.1287673846844192	0.27755072522583735	[320, 232, 10, 734, 19, 1460]	{5 4 4 2 }66096
452	0.999128455028905	0.9998746378651443	0.1287673846844192	0.17740604517959738	[1792, 232, 10, 734, 19, 132]	{4 6 2 1 }59034
453	0.9991419047969774	0.9998769593861602	0.1287673846844192	0.37706316736195933	[846, 10, 734, 19, 132, 1032]	{3 5 6 6 }61091
454	0.9991551470069007	0.9998796936220233	0.1287673846844192	0.2408299990005875	[2047, 232, 10, 158, 420, 1791]	{3 4 3 4 }54671
455	0.9991681848617324	0.9998815502019304	0.1287673846844192	0.22065255862223065	[320, 232, 10, 734, 19, 1987]	{5 4 6 5 }59893
456	0.9991810215151007	0.9998833781309129	0.1287673846844192	0.3093012924849177	[377, 162, 107, 10, 734, 19]	{3 1 6 2 }74317
457	0.9991936600719664	0.9998851778511149	0.1287673846844192	0.4026723725695783	[1549, 107, 10, 734, 19, 1987]	{6 3 3 5 }63603
458	0.9992061035893743	0.9998869497978569	0.1287673846844192	0.27755072522583735	[320, 232, 10, 734, 19, 1460]	{1 4 1 5 }62838
459	0.9992183550771927	0.9998890433201189	0.1287673846844192	0.33407262502458396	[1849, 420, 158, 10, 734, 19]	{4 2 6 2 }60806
460	0.999230417498841	0.99989109807345	0.1287673846844192	0.18644425498262523	[10, 734, 19, 132, 241, 1031]	{3 4 2 1 }62251
461	0.999242293772007	0.9998931147757935	0.1287673846844192	0.20209865776996874	[2047, 232, 10, 734, 19, 132]	{2 4 5 5 }63314
462	0.9992539867693525	0.999895490002998	0.1287673846844192	0.21853930910221597	[19, 734, 10, 158, 420, 1791]	{4 1 5 3 }64332
463	0.9992654993192083	0.9998978124473759	0.1287673846844192	0.4418537765171137	[193, 232, 10, 734, 19, 3308]	{4 6 4 1 }60031
464	0.9992768342062575	0.9998997048094616	0.1287673846844192	0.3533585319111673	[2309, 420, 158, 10, 734, 19]	{5 4 4 1 }58880
465	0.9992879941722103	0.9999012525747476	0.1287673846844192	0.5580604285206273	[320, 232, 10, 158, 420, 1550]	{4 6 1 6 }73042
466	0.9992989819164663	0.9999030812307708	0.1287673846844192	0.49422304886848833	[2627, 438, 10, 734, 19, 132]	{1 4 3 5 }59484
467	0.9993098000967677	0.9999048760227935	0.1287673846844192	0.6950708023680174	[2636, 162, 1549, 107, 232, 10]	{3 5 6 3 }60712
468	0.9993204513298424	0.999906637577927	0.1287673846844192	0.5018959930791344	[1580, 438, 10, 158, 420, 1791]	{6 1 1 6 }59585
469	0.9993309381920361	0.9999080783560454	0.1287673846844192	0.5530852052700764	[1549, 107, 10, 158, 420, 1582]	{1 4 4 1 }61757
470	0.9993412632199368	0.9999094968999336	0.1287673846844192	0.1287673846844192	[320, 232, 10, 734, 19, 132]	{4 5 2 4 }60720
471	0.9993514289109872	0.9999108935527125	0.1287673846844192	0.5040092425991489	[320, 232, 10, 438, 1580, 301]	{6 6 4 4 }63629
472	0.9993614377240893	0.9999128736959855	0.1287673846844192	0.3508819983113869	[2047, 232, 10, 734, 19, 1460]	{4 2 4 3 }59000
473	0.9993712920801989	0.9999151970640925	0.1287673846844192	0.7218243635057253	[1792, 232, 193, 1265, 808, 331]	{5 5 1 4 }74278
474	0.999380994362912	0.9999170815737793	0.1287673846844192	0.4817850116841094	[2238, 1549, 162, 10, 232, 2047]	{1 6 6 6 }61518
475	0.9993905469190398	0.9999197349634185	0.1287673846844192	0.5113353056757508	[1579, 1580, 301, 2729, 438, 3366]	{4 1 4 4 }61841
476	0.9993999520591781	0.9999228171408231	0.1287673846844192	0.6000755694325983	[1879, 496, 2729, 438, 2627, 301]	{6 1 2 6 }62799
477	0.9994092120582648	0.9999240082343289	0.1287673846844192	0.7287607894411007	[359, 158, 10, 734, 2229, 1529]	{2 3 2 1 }61706
478	0.9994183291561312	0.9999254154892488	0.1287673846844192	0.4695291494440582	[1792, 232, 10, 734, 2229, 494]	{2 1 1 3 }59354
479	0.9994273055580427	0.9999274044095355	0.1287673846844192	0.6123712262989034	[1794, 1791, 420, 158, 10, 1873]	{3 3 4 3 }59835
480	0.9994361434352333	0.9999287487723219	0.1287673846844192	0.3607466237339816	[377, 162, 10, 158, 420, 1791]	{3 3 4 5 }60705
481	0.9994448449254304	0.9999298483283046	0.1287673846844192	0.48471517633303335	[811, 734, 10, 158, 420, 1791]	{4 4 1 4 }60605
482	0.9994534121333712	0.9999309309158307	0.1287673846844192	0.20635641730273835	[158, 10, 734, 19, 132, 241]	{5 2 3 1 }63978
483	0.9994618471313131	0.9999319967967593	0.1287673846844192	0.3495185398623855	[1549, 107, 10, 158, 420, 1791]	{5 4 3 2 }61897
484	0.9994701519595336	0.9999338102155123	0.1287673846844192	0.9989076447752628	[3136, 1468, 2307, 420, 158, 318]	{3 6 6 5 }58718
485	0.9994783286268247	0.9999350359522621	0.1287673846844192	0.3261893857210155	[1792, 232, 10, 734, 19, 1460]	{2 6 6 4 }63379
486	0.9994863791109787	0.9999371148017897	0.1287673846844192	0.46327330397949845	[10, 232, 1792, 496, 2728, 301]	{4 6 3 5 }59599
487	0.999494305359266	0.9999385122506389	0.1287673846844192	0.4492631897240643	[432, 422, 19, 132, 241, 1126]	{2 3 6 5 }61938
488	0.999502109288907	0.999939650912664	0.1287673846844192	0.33407262502458396	[1849, 420, 158, 10, 734, 19]	{1 2 6 6 }61307
489	0.9995097927875349	0.9999412602216596	0.1287673846844192	0.49860293004999257	[2047, 232, 10, 734, 2229, 1529]	{6 4 4 6 }63210
490	0.9995173577136532	0.9999423479953327	0.1287673846844192	0.18644425498262523	[10, 734, 19, 132, 241, 1031]	{3 4 1 2 }60919
491	0.9995248058970845	0.9999436291509919	0.1287673846844192	0.4161807601939807	[837, 162, 107, 10, 232, 2047]	{5 5 5 1 }58217
492	0.9995321391394135	0.9999446730556032	0.1287673846844192	0.18644425498262523	[10, 734, 19, 132, 241, 1031]	{2 3 4 1 }61464
493	0.9995393592144225	0.9999456976286476	0.1287673846844192	0.37785252539417236	[1792, 232, 10, 734, 19, 409]	{5 4 6 4 }66247
494	0.999546467868521	0.9999469043480109	0.1287673846844192	0.6272597104081391	[394, 432, 422, 19, 734, 10]	{6 4 4 6 }62382
495	0.9995534668211672	0.9999478876008255	0.1287673846844192	0.4712574088651028	[158, 10, 734, 19, 241, 1031]	{4 3 3 1 }63256
496	0.9995603577652851	0.9999486918045165	0.1287673846844192	0.425271656964443	[320, 232, 10, 734, 2229, 1529]	{5 1 3 6 }63943
497	0.9995671423676726	0.9999494835976567	0.1287673846844192	0.4026723725695783	[1549, 107, 10, 734, 19, 1987]	{2 6 3 1 }59585
498	0.999573822269406	0.999950419086589	0.1287673846844192	0.17740604517959738	[1792, 232, 10, 734, 19, 132]	{5 2 1 5 }62540
499	0.9995803990862362	0.9999511842241416	0.1287673846844192	0.1287673846844192	[320, 232, 10, 734, 19, 132]	{5 3 4 6 }64232
