0	0.015432098765432056	0.022222222222222254	0.2161373864102161	0.2161373864102161	[1792, 232, 10, 158, 420, 1791]	{2 6 5 5 }62203
1	0.030626047858558048	0.03731138545953361	0.2161373864102161	0.33407262502458396	[1849, 420, 158, 10, 734, 19]	{3 6 3 1 }63417
2	0.045585522428642	0.0629830818472793	0.2161373864102161	0.589768236841541	[2047, 232, 10, 438, 2627, 301]	{6 6 1 5 }56189
3	0.06031414090968146	0.07744321947309285	0.2161373864102161	0.45957053917318497	[1549, 107, 10, 734, 19, 3308]	{2 3 3 3 }53695
4	0.07481546589564314	0.09794448126257971	0.2161373864102161	0.5286043096192637	[2238, 1549, 107, 10, 232, 2047]	{2 2 5 6 }53546
5	0.08909300500219186	0.11464921309105047	0.2161373864102161	0.45957053917318497	[1549, 107, 10, 734, 19, 3308]	{5 1 1 6 }55060
6	0.10315021171512095	0.12831203387668233	0.2161373864102161	0.4739103174596212	[1792, 232, 10, 734, 2229, 1529]	{4 6 5 6 }56243
7	0.11699048622569008	0.1417640086625359	0.2161373864102161	0.6511709848779684	[320, 232, 10, 734, 811, 3284]	{2 3 5 5 }55620
8	0.13061717625307134	0.1608359195811463	0.20635641730273835	0.20635641730273835	[158, 10, 734, 19, 132, 241]	{5 2 6 4 }57375
9	0.1440335778541042	0.1794840102571208	0.20635641730273835	0.39062181355682657	[432, 422, 19, 132, 241, 1031]	{4 1 4 2 }57110
10	0.1572429362205532	0.19214629404944916	0.20635641730273835	0.2730726676895317	[107, 162, 10, 734, 19, 132]	{5 3 2 4 }57900
11	0.17024844646406312	0.20710654786334826	0.20635641730273835	0.2735446005765389	[1549, 162, 107, 10, 232, 2047]	{3 1 4 2 }55152
12	0.18305325438900033	0.22825037325365893	0.20635641730273835	0.4739103174596212	[1792, 232, 10, 734, 2229, 1529]	{3 3 4 1 }56831
13	0.19566045725336756	0.24016008971579383	0.20635641730273835	0.2512539106781674	[1549, 162, 107, 10, 734, 19]	{3 5 3 6 }81171
14	0.208073104517976	0.2518860142572167	0.20635641730273835	0.3892787551300833	[158, 10, 734, 19, 132, 1032]	{1 2 6 1 }58997
15	0.22029419858405663	0.2634309831730004	0.20635641730273835	0.33407262502458396	[1849, 420, 158, 10, 734, 19]	{6 2 5 1 }57236
16	0.2323266955194878	0.28700119171146443	0.20635641730273835	0.46327330397949845	[10, 232, 1792, 496, 2729, 301]	{4 4 3 1 }56133
17	0.2441735057738167	0.3060144932658253	0.20635641730273835	0.5017324050790279	[1579, 1580, 438, 10, 232, 2047]	{2 1 3 2 }54786
18	0.2558374948822454	0.32822202948131896	0.20635641730273835	0.4490309472639553	[320, 232, 1792, 496, 2728, 301]	{1 5 2 2 }53908
19	0.2673214841587539	0.33858897347080474	0.20635641730273835	0.30269924192723124	[1549, 162, 10, 158, 420, 1791]	{6 5 6 6 }54831
20	0.2786282513785262	0.3487959337567491	0.20635641730273835	0.5809632329672156	[87, 1265, 193, 232, 10, 494]	{3 4 1 3 }56442
21	0.28976053144984526	0.36085526831680925	0.20635641730273835	0.39062181355682657	[432, 422, 19, 132, 241, 1031]	{2 4 2 5 }57425
22	0.30072101707561927	0.377899127828361	0.20635641730273835	0.4927957536832894	[1792, 496, 2729, 438, 1580, 301]	{3 5 2 5 }56343
23	0.31151235940469924	0.38941951435005795	0.20635641730273835	0.47818075077320266	[1579, 1580, 301, 2627, 438, 3366]	{5 4 5 3 }56201
24	0.32213716867314524	0.4007265603806124	0.1941408295346144	0.1941408295346144	[846, 10, 734, 19, 132, 241]	{5 1 3 4 }56352
25	0.3325980148355967	0.4140437479277099	0.1941408295346144	0.8033386450679663	[1647, 1697, 241, 132, 19, 1987]	{1 3 6 1 }70785
26	0.34289742818689917	0.42308628268191195	0.1941408295346144	0.35103313913420187	[1799, 232, 10, 158, 420, 1791]	{4 5 1 4 }56504
27	0.35303789997413837	0.43198927214669725	0.1941408295346144	0.2512539106781674	[1549, 162, 107, 10, 734, 19]	{6 4 4 2 }100973
28	0.3630218829992288	0.4471362248894519	0.1941408295346144	0.48471517633303335	[811, 734, 10, 158, 420, 1791]	{1 4 4 6 }56513
29	0.37285179221220366	0.4594220865585752	0.1941408295346144	0.5449077510217022	[1580, 301, 10, 734, 19, 132]	{4 1 5 5 }56299
30	0.38253000529534864	0.46943278865934235	0.1941408295346144	0.5018959930791344	[1580, 438, 10, 158, 420, 1791]	{4 5 6 4 }61964
31	0.3920588632383216	0.4776205542664512	0.1941408295346144	0.3495185398623855	[1549, 107, 10, 158, 420, 1791]	{3 3 4 5 }68460
32	0.40144067090439683	0.4892289863938635	0.1941408295346144	0.41897284333476037	[2636, 162, 10, 158, 420, 1791]	{5 1 5 2 }70804
33	0.4106776975879709	0.5005794533628887	0.1941408295346144	0.3508819983113869	[2047, 232, 10, 734, 19, 3308]	{3 4 1 6 }77017
34	0.4197721775634652	0.5082865605640787	0.1941408295346144	0.2639679006966125	[1549, 162, 10, 734, 19, 132]	{4 3 6 3 }69239
35	0.4287263106257574	0.5158747309257441	0.1941408295346144	0.45957053917318497	[1549, 107, 10, 734, 19, 3308]	{4 2 5 2 }74797
36	0.43754226262227347	0.5233457998929394	0.1941408295346144	0.5530852052700764	[1549, 107, 10, 158, 420, 1582]	{5 4 3 5 }63394
37	0.44622216597686803	0.5360565785624609	0.1941408295346144	0.7485382334799275	[1535, 496, 2729, 438, 1580, 301]	{6 3 3 5 }60639
38	0.4547681202056201	0.5432161992636575	0.1941408295346144	0.3649578416273432	[107, 162, 10, 734, 19, 1987]	{1 5 5 4 }59146
39	0.46318219242466907	0.5516751585365527	0.1941408295346144	0.5519173437841477	[394, 432, 422, 19, 132, 241]	{6 3 6 4 }59366
40	0.47146641785021426	0.5599774704155054	0.1941408295346144	0.3769807512787482	[2047, 232, 10, 734, 19, 241]	{5 6 6 4 }62798
41	0.4796228002907974	0.5681260357781812	0.1941408295346144	0.2161373864102161	[1792, 232, 10, 158, 420, 1791]	{2 6 2 4 }185876
42	0.48765331263198874	0.576123701782289	0.1941408295346144	0.5153600542424949	[377, 162, 1549, 107, 10, 1873]	{3 3 1 6 }56347
43	0.49555989731359384	0.5826650026807104	0.1941408295346144	0.5730792313992699	[158, 10, 232, 1792, 496, 3366]	{4 4 6 6 }56041
44	0.5033444667994951	0.5891053575776131	0.1941408295346144	0.32201528250336287	[377, 162, 10, 734, 19, 132]	{4 3 6 1 }56438
45	0.5110089040402437	0.6022539861351295	0.1941408295346144	0.6815122288466096	[2627, 261, 217, 132, 241, 1126]	{1 6 6 1 }56749
46	0.5185550629285114	0.6096196530585529	0.1941408295346144	0.2735446005765389	[1549, 162, 107, 10, 232, 2047]	{2 2 5 6 }57116
47	0.5259847687475159	0.618294771879474	0.1941408295346144	0.490480173062598	[1742, 400, 19, 132, 241, 1031]	{2 4 5 1 }56236
48	0.5332998186125233	0.6241852846591117	0.1941408295346144	0.5847509154931978	[320, 232, 10, 107, 162, 3284]	{3 3 6 5 }56500
49	0.5405019819055399	0.6325367227777982	0.1941408295346144	0.6491615522350179	[377, 162, 10, 494, 2229, 1529]	{3 6 6 6 }57834
50	0.5475930007032939	0.6382074523645604	0.1941408295346144	0.6611290966924716	[734, 10, 107, 162, 420, 1582]	{4 4 6 3 }57879
51	0.5545745901986134	0.6437906706922678	0.1941408295346144	0.5560910049610733	[1549, 162, 10, 734, 2229, 494]	{3 1 3 2 }66752
52	0.5614484391153014	0.651706433565773	0.1941408295346144	0.3563633149229554	[1849, 420, 158, 10, 232, 2047]	{3 1 2 3 }93638
53	0.5682162101166085	0.6570813342823505	0.1941408295346144	0.5062659073349222	[1549, 162, 10, 158, 420, 1582]	{1 1 4 1 }79948
54	0.5748795402074016	0.664701749076076	0.1941408295346144	0.4963011283524297	[377, 162, 1549, 107, 420, 1791]	{6 4 1 3 }77307
55	0.5814400411301268	0.6721528213188299	0.1941408295346144	0.2381411587970519	[107, 10, 734, 19, 132, 241]	{4 1 6 3 }1204797
56	0.5878992997546619	0.6782240653684812	0.17740604517959738	0.17740604517959738	[1792, 232, 10, 734, 19, 132]	{6 3 5 1 }62442
57	0.5942588784621516	0.6853746416936262	0.17740604517959738	0.5491215492298357	[1742, 400, 19, 132, 241, 1126]	{6 5 6 4 }55609
58	0.6005203155229208	0.6923663163226568	0.17740604517959738	0.6048639728935834	[107, 10, 232, 1792, 496, 3366]	{6 3 3 3 }56696
59	0.6066851254685548	0.6980632363907557	0.17740604517959738	0.45756243128478064	[734, 10, 107, 162, 420, 1791]	{4 3 5 3 }56330
60	0.6127547994582376	0.7047729422487389	0.17740604517959738	0.6066758050718191	[1743, 1742, 400, 19, 132, 1032]	{3 3 1 4 }56170
61	0.6187308056394376	0.7113335435321002	0.17740604517959738	0.42375346724447405	[1743, 1742, 400, 19, 132, 241]	{4 1 5 3 }58496
62	0.6246145895030265	0.7157882727985803	0.17740604517959738	0.43225651716107677	[158, 10, 734, 19, 132, 168]	{6 3 4 3 }57898
63	0.630407574232918	0.7201742562430465	0.17740604517959738	0.555049825786327	[1580, 438, 10, 734, 19, 1987]	{1 5 5 4 }57779
64	0.6361111610503113	0.7253562144607679	0.17740604517959738	0.43225651716107677	[359, 158, 10, 734, 19, 132]	{6 5 3 5 }57003
65	0.6417267295526212	0.7295945444845214	0.17740604517959738	0.2822455695300451	[320, 232, 10, 734, 19, 400]	{5 2 1 5 }58864
66	0.6472556380471796	0.7356035546070876	0.17740604517959738	0.5597296726288383	[2872, 241, 132, 19, 400, 4079]	{2 6 1 3 }59133
67	0.6526992238797849	0.7396837466656203	0.17740604517959738	0.5062659073349222	[1549, 162, 10, 158, 420, 1582]	{6 2 4 2 }60211
68	0.6580588037581832	0.7454685522952731	0.17740604517959738	0.384955609913507	[1265, 193, 232, 10, 734, 19]	{6 3 3 3 }62093
69	0.6633356740705569	0.7493965067351609	0.17740604517959738	0.42089048894888004	[320, 232, 10, 734, 2229, 494]	{2 2 4 4 }62634
70	0.6685311111990977	0.7532638445941862	0.1287673846844192	0.1287673846844192	[320, 232, 10, 734, 19, 132]	{1 3 6 6 }809874
71	0.6736463718287411	0.7598434754050079	0.1287673846844192	0.37706316736195933	[846, 10, 734, 19, 132, 1032]	{1 4 5 4 }73844
72	0.6786826932511372	0.7635495946117207	0.1287673846844192	0.5062659073349222	[1549, 162, 10, 158, 420, 1582]	{6 6 6 1 }70003
73	0.6836412936639282	0.7679283058226147	0.1287673846844192	0.2161373864102161	[1792, 232, 10, 158, 420, 1791]	{2 2 4 5 }71478
74	0.6885233724654107	0.7715096591278213	0.1287673846844192	0.3318017772063142	[193, 232, 10, 158, 420, 1791]	{5 5 3 4 }64941
75	0.6933301105446482	0.775035744635108	0.1287673846844192	0.3607466237339816	[377, 162, 10, 158, 420, 1791]	{5 5 6 1 }71643
76	0.6980626705671074	0.7800349503098833	0.1287673846844192	0.3563633149229554	[1849, 420, 158, 10, 232, 2047]	{5 3 5 1 }82170
77	0.7027221972558866	0.7849230625252194	0.1287673846844192	0.45904182109697883	[846, 10, 734, 19, 241, 1031]	{5 3 3 6 }68265
78	0.7073098176686043	0.7889059687747523	0.1287673846844192	0.48471517633303335	[811, 734, 10, 158, 420, 1791]	{2 2 4 6 }74552
79	0.7118266414700147	0.7956609777739603	0.1287673846844192	0.4490309472639553	[320, 232, 1792, 496, 2729, 301]	{4 6 6 4 }67291
80	0.7162737612004157	0.7994450337411091	0.1287673846844192	0.37706316736195933	[846, 10, 734, 19, 132, 1032]	{3 4 5 3 }85264
81	0.7206522525399155	0.8031590145977552	0.1287673846844192	0.3261893857210155	[1792, 232, 10, 734, 19, 1460]	{3 2 2 6 }75970
82	0.7249631745686205	0.8075332587178051	0.1287673846844192	0.7014177932606356	[2627, 438, 1580, 1579, 4018, 2197]	{1 1 4 6 }62575
83	0.7292075700228084	0.8118102974129651	0.1287673846844192	0.41897284333476037	[2636, 162, 10, 158, 420, 1791]	{5 5 6 2 }283370
84	0.7333864655471478	0.815992290803788	0.1287673846844192	0.16749872591503795	[320, 232, 10, 158, 420, 1791]	{4 5 6 2 }57643
85	0.7375008719430252	0.8188319159457049	0.1287673846844192	0.42089048894888004	[320, 232, 10, 734, 2229, 494]	{6 5 5 5 }58092
86	0.7415517844130401	0.8228578733691336	0.1287673846844192	0.5674775469431694	[19, 734, 10, 438, 2627, 301]	{3 6 3 5 }61342
87	0.7455401828017278	0.8275816634126234	0.1287673846844192	0.5298987850323406	[158, 10, 734, 19, 241, 1126]	{3 4 3 6 }63972
88	0.7494670318325654	0.8302424402118114	0.1287673846844192	0.5422153628981279	[1792, 232, 10, 162, 420, 1791]	{1 2 2 6 }63694
89	0.753333281341322	0.8347693084728297	0.1287673846844192	0.5376696922740493	[734, 19, 132, 1031, 241, 1126]	{1 4 5 6 }65007
90	0.7571398665058078	0.8391754602468876	0.1287673846844192	0.49689737601214234	[377, 162, 10, 734, 19, 241]	{2 6 2 5 }71051
91	0.7608877080720762	0.8427493389080678	0.1287673846844192	0.48287649559483514	[1579, 1580, 438, 2627, 261, 217]	{4 2 1 1 }68890
92	0.7645777125771367	0.8462437980434441	0.1287673846844192	0.2639679006966125	[1549, 162, 10, 734, 19, 132]	{2 3 5 1 }78216
93	0.7682107725682302	0.8490911351167136	0.1287673846844192	0.3938900702956092	[837, 162, 107, 10, 734, 19]	{5 1 5 5 }70205
94	0.7717877668187205	0.8524446654474533	0.1287673846844192	0.20635641730273835	[158, 10, 734, 19, 132, 241]	{5 1 3 2 }84343
95	0.7753095605406538	0.8547217539436347	0.1287673846844192	0.5279864846153067	[377, 162, 1549, 107, 10, 494]	{1 3 6 1 }1575886
96	0.7787770055940388	0.857950159411554	0.1287673846844192	0.5560910049610733	[1549, 162, 10, 734, 2229, 494]	{6 6 3 1 }658296
97	0.7821909406928962	0.8611068225357416	0.1287673846844192	0.5113353056757508	[1579, 1580, 301, 2729, 438, 3366]	{5 3 2 4 }94589
98	0.7855521916081293	0.8632502357682147	0.1287673846844192	0.41390045644117435	[377, 162, 10, 734, 19, 1987]	{4 5 1 4 }104630
99	0.7888615713672631	0.8653605716359891	0.1287673846844192	0.22065255862223065	[320, 232, 10, 734, 19, 1987]	{5 4 2 1 }91367
100	0.7921198804511016	0.8678538943834708	0.1287673846844192	0.5893869748368723	[107, 420, 158, 10, 232, 2047]	{3 3 3 2 }88369
101	0.79532790698735	0.8703010444874806	0.1287673846844192	0.5839287633058052	[3621, 1720, 241, 132, 19, 1987]	{2 3 5 2 }85981
102	0.7984864269412489	0.87318324349887	0.1287673846844192	0.39062181355682657	[432, 422, 19, 132, 241, 1031]	{2 6 3 4 }87715
103	0.8015962043032667	0.8755317019525946	0.1287673846844192	0.24508563114986298	[10, 734, 19, 132, 241, 1126]	{4 2 5 1 }90159
104	0.8046579912738953	0.877836670434954	0.1287673846844192	0.4492631897240643	[432, 422, 19, 132, 241, 1126]	{2 2 4 5 }89198
105	0.8076725284455943	0.880551411091955	0.1287673846844192	0.48471517633303335	[811, 734, 10, 158, 420, 1791]	{1 2 2 2 }87004
106	0.8106405449819278	0.8823947535133754	0.1287673846844192	0.5809632329672156	[87, 1265, 193, 232, 10, 494]	{4 1 4 2 }88775
107	0.8135627587939351	0.88420964929249	0.1287673846844192	0.3753628939621997	[420, 158, 10, 734, 19, 3308]	{1 2 6 6 }2070694
108	0.8164398767137817	0.8867827681971013	0.1287673846844192	0.401461646929561	[420, 158, 10, 734, 19, 241]	{3 5 2 4 }99999
109	0.8192725946657295	0.8888793836008587	0.1287673846844192	0.5847509154931978	[320, 232, 10, 107, 162, 3284]	{2 2 5 5 }88643
110	0.8220615978344683	0.8924352433256312	0.1287673846844192	0.45904182109697883	[846, 10, 734, 19, 241, 1031]	{3 2 3 6 }86862
111	0.8248075608308499	0.8940951932743098	0.1287673846844192	0.18644425498262523	[10, 734, 19, 132, 241, 1031]	{2 3 1 5 }89961
112	0.8275111478550652	0.8964486334237696	0.1287673846844192	0.8446631888019763	[1799, 1019, 10, 494, 2229, 1529]	{3 1 1 4 }88444
113	0.8301730128573019	0.8983662513233294	0.1287673846844192	0.2735446005765389	[1549, 162, 107, 10, 232, 2047]	{2 3 3 4 }90130
114	0.8327937996959238	0.9002483577803048	0.1287673846844192	0.48287649559483514	[1579, 1580, 438, 2627, 261, 217]	{4 4 5 3 }87423
115	0.8353741422932088	0.9020956104140028	0.1287673846844192	0.40146164692956093	[2149, 420, 158, 10, 734, 19]	{3 1 1 3 }87815
116	0.837914664788684	0.9039086546655953	0.1287673846844192	0.2890096056681221	[2872, 241, 132, 19, 734, 10]	{2 1 3 4 }86665
117	0.8404159816900932	0.9056881240236399	0.1287673846844192	0.39062181355682657	[432, 422, 19, 132, 241, 1031]	{3 5 3 4 }87921
118	0.8428786980220363	0.9071435542084603	0.1287673846844192	0.46426538347739266	[1549, 107, 10, 734, 19, 400]	{1 5 4 1 }96270
119	0.8453034094723135	0.9092070307816056	0.1287673846844192	0.6141466970190333	[241, 132, 217, 261, 2627, 301]	{2 6 2 4 }92344
120	0.8476907025360123	0.9112246523197921	0.1287673846844192	0.35557684261559463	[2047, 232, 10, 734, 19, 400]	{2 3 1 4 }98009
121	0.8500411546573702	0.912868640239796	0.1287673846844192	0.5839287633058052	[3621, 1720, 241, 132, 19, 1987]	{3 1 3 5 }94606
122	0.8523553343694478	0.9148048926789116	0.1287673846844192	0.46414967336266133	[734, 10, 232, 1792, 496, 3366]	{6 6 2 6 }5458076
123	0.8546338014316477	0.9161196319894223	0.1287673846844192	0.5597831929100535	[320, 232, 10, 734, 19, 786]	{3 2 2 3 }227119
124	0.8568771069651099	0.9174140821130423	0.1287673846844192	0.2730726676895317	[107, 162, 10, 734, 19, 132]	{2 6 1 5 }100711
125	0.8590857935860187	0.9186885561545076	0.1287673846844192	0.2639679006966125	[1549, 162, 10, 734, 19, 132]	{5 4 3 2 }93652
126	0.8612603955368516	0.9204954771288519	0.1287673846844192	0.46327330397949845	[10, 232, 1792, 496, 2728, 301]	{3 4 2 4 }94478
127	0.8634014388156039	0.9222622443037664	0.1287673846844192	0.534679235302599	[1820, 10, 734, 19, 241, 1031]	{6 4 4 5 }96147
128	0.8655094413030175	0.9237018323722151	0.1287673846844192	0.5176610839952447	[107, 10, 734, 19, 422, 432]	{4 6 3 6 }95021
129	0.8675849128878474	0.9248792732306685	0.1287673846844192	0.6002189374211868	[107, 162, 10, 494, 2229, 1529]	{2 5 3 1 }92118
130	0.8696283555901955	0.926270397800471	0.1287673846844192	0.24508563114986298	[10, 734, 19, 132, 241, 1126]	{2 5 4 3 }95350
131	0.8716402636829393	0.9274082003035502	0.1287673846844192	0.4735191479041067	[107, 162, 10, 734, 19, 409]	{4 2 5 2 }93752
132	0.8736211238112891	0.9287524928905214	0.1287673846844192	0.6661349515163882	[377, 162, 107, 10, 158, 318]	{3 5 1 3 }92295
133	0.8755714151104975	0.9303357708262876	0.1287673846844192	0.4492631897240643	[432, 422, 19, 132, 241, 1126]	{5 5 3 6 }94679
134	0.8774916093217553	0.931410836091314	0.1287673846844192	0.6333895759883759	[1792, 232, 10, 107, 162, 3284]	{4 4 3 3 }95545
135	0.8793821709062961	0.9324693108429913	0.1287673846844192	0.5201022017894869	[1791, 420, 162, 1549, 107, 10]	{2 4 2 2 }93629
136	0.8812435571577422	0.9335114511077599	0.1287673846844192	0.1287673846844192	[320, 232, 10, 734, 19, 132]	{6 1 2 1 }93315
137	0.8830762183127152	0.9347427205316903	0.1287673846844192	0.27755072522583735	[320, 232, 10, 734, 19, 3308]	{3 5 5 4 }3161495
138	0.8848805976597413	0.9359511886699924	0.1287673846844192	0.7577071264953458	[331, 241, 132, 19, 400, 4079]	{1 4 1 3 }152912
139	0.8866571316464736	0.9369395962522455	0.1287673846844192	0.4640412586553903	[107, 10, 734, 19, 132, 168]	{5 4 6 6 }93846
140	0.8884062499852626	0.9381073815068336	0.1287673846844192	0.27755072522583735	[320, 232, 10, 734, 19, 1460]	{5 3 6 2 }100501
141	0.890128375757095	0.9390625145082714	0.1287673846844192	0.7552877561129764	[1580, 438, 10, 734, 2229, 494]	{6 5 5 3 }89610
142	0.89182392551393	0.9400029078028967	0.1287673846844192	0.5601596989385976	[1879, 232, 10, 734, 19, 1987]	{6 1 1 4 }90672
143	0.8934933093794557	0.9411139650658061	0.1287673846844192	0.3607466237339816	[377, 162, 10, 158, 420, 1791]	{4 4 2 3 }93131
144	0.8951369311482913	0.9420227001728152	0.1287673846844192	0.6256403896465005	[193, 394, 432, 422, 19, 132]	{4 4 2 2 }90163
145	0.8967551883836571	0.9429174115899014	0.1287673846844192	0.67008404445939	[119, 409, 19, 132, 241, 1031]	{3 2 5 3 }90993
146	0.898348472513539	0.9441859135545703	0.1287673846844192	0.48287649559483514	[1579, 1580, 438, 2627, 261, 217]	{6 6 3 3 }94163
147	0.8999171689253671	0.9450472420490985	0.1287673846844192	0.22657955342078154	[420, 158, 10, 734, 19, 132]	{3 1 6 6 }93361
148	0.9014616570592349	0.9462684144480075	0.1287673846844192	0.4739103174596212	[1792, 232, 10, 734, 2229, 1529]	{1 1 5 6 }92073
149	0.9029823104996788	0.9472634438100814	0.1287673846844192	0.6549214245984383	[2309, 420, 162, 1549, 107, 10]	{3 6 2 2 }92456
150	0.9044794970660417	0.948077279553753	0.1287673846844192	0.6427293732711612	[320, 232, 1549, 162, 107, 10]	{3 6 6 3 }93530
151	0.9059535789014423	0.9490388114138687	0.1287673846844192	0.6009485802131427	[1791, 420, 107, 10, 232, 2047]	{6 3 4 3 }94064
152	0.9074049125603707	0.9501712822713382	0.1287673846844192	0.5597491176370573	[1579, 1580, 438, 2729, 301, 10]	{6 3 3 4 }3073500
153	0.9088338490949328	0.9510940363033504	0.1287673846844192	0.3093012924849177	[377, 162, 107, 10, 734, 19]	{4 2 2 5 }154501
154	0.9102407341397641	0.9519997022977329	0.1287673846844192	0.49318716424232345	[2872, 241, 132, 19, 422, 432]	{6 3 4 2 }104192
155	0.9116259079956319	0.9527404476326444	0.1287673846844192	0.2161373864102161	[1792, 232, 10, 158, 420, 1791]	{2 1 6 6 }93612
156	0.9129897057117488	0.9534697617123875	0.1287673846844192	0.3710653913227288	[320, 232, 10, 158, 420, 1582]	{6 6 4 6 }91202
157	0.9143324571668143	0.9543314327917878	0.1287673846844192	0.4640412586553903	[1873, 10, 734, 19, 132, 217]	{4 2 1 2 }90255
158	0.9156544871488079	0.9551771469993473	0.1287673846844192	0.16749872591503795	[320, 232, 10, 158, 420, 1791]	{1 5 5 1 }91681
159	0.9169561154335486	0.9560071998326927	0.1287673846844192	0.32201528250336287	[377, 162, 10, 734, 19, 132]	{3 1 6 4 }90522
160	0.9182376568620432	0.9568218813172724	0.1287673846844192	0.3093012924849177	[377, 162, 107, 10, 734, 19]	{3 1 2 2 }91842
161	0.9194994214166413	0.9577813950657775	0.1287673846844192	0.2408299990005875	[2047, 232, 10, 158, 420, 1791]	{2 6 6 1 }92053
162	0.9207417142960141	0.9584329167468612	0.1287673846844192	0.32201528250336287	[377, 162, 10, 734, 19, 132]	{3 5 6 1 }89577
163	0.9219648359889768	0.959356629708042	0.1287673846844192	0.4161807601939807	[837, 162, 107, 10, 232, 2047]	{4 4 6 3 }91282
164	0.9231690823471717	0.9599838422125475	0.1287673846844192	0.425271656964443	[320, 232, 10, 734, 2229, 1529]	{5 5 2 2 }92229
165	0.9243547446566289	0.9607248821715745	0.1287673846844192	0.3938900702956092	[837, 162, 107, 10, 734, 19]	{3 6 5 2 }91620
166	0.9255221097082241	0.9613309796689267	0.1287673846844192	0.3261893857210155	[1792, 232, 10, 734, 19, 1460]	{6 4 6 6 }93151
167	0.9266714598670478	0.9625683883195211	0.1287673846844192	0.6325653604831192	[1799, 232, 1792, 496, 2728, 301]	{1 6 5 2 }3214130
168	0.9278030731407044	0.9637661998932964	0.1287673846844192	0.49909583386846557	[1743, 1742, 400, 19, 734, 10]	{5 3 3 5 }201758
169	0.9289172232465578	0.9644371961915686	0.1287673846844192	0.27755072522583735	[320, 232, 10, 734, 19, 3308]	{6 1 2 5 }107873
170	0.9300141796779381	0.964986004892316	0.1287673846844192	0.5279864846153067	[377, 162, 1549, 107, 10, 494]	{1 6 3 6 }107434
171	0.9310942077693279	0.9661064527357619	0.1287673846844192	0.5315804008900062	[2627, 438, 2729, 496, 2728, 301]	{3 1 3 3 }118044
172	0.932157568760542	0.9666295013046545	0.1287673846844192	0.4963011283524297	[377, 162, 1549, 107, 420, 1791]	{4 2 2 1 }135931
173	0.9332045198599164	0.9671444781363728	0.1287673846844192	0.22065255862223065	[320, 232, 10, 734, 19, 1987]	{5 2 1 2 }101045
174	0.9342353143065225	0.96775291372644	0.1287673846844192	0.42375346724447405	[1743, 1742, 400, 19, 132, 241]	{5 5 6 2 }92851
175	0.9352502014314219	0.9683500819907651	0.1287673846844192	0.5683368025944038	[87, 1265, 193, 232, 10, 1873]	{2 3 3 2 }95034
176	0.936249426717974	0.9688385066514015	0.1287673846844192	0.2639679006966125	[1549, 162, 10, 734, 19, 132]	{5 3 2 5 }97459
177	0.9372332318612151	0.9695309842813703	0.1287673846844192	0.636501057836766	[1820, 10, 232, 1792, 496, 3366]	{4 6 6 4 }94479
178	0.9382018548263199	0.9700952253131968	0.1287673846844192	0.2408299990005875	[2047, 232, 10, 158, 420, 1791]	{4 2 2 6 }93431
179	0.9391555299061606	0.9707597758617924	0.1287673846844192	0.33159198238328924	[377, 162, 107, 10, 232, 2047]	{4 4 3 5 }94166
180	0.9400944877779791	0.9714095586204193	0.1287673846844192	0.3898182019840681	[2636, 162, 107, 10, 232, 2047]	{3 2 4 6 }97091
181	0.9410189555591831	0.9720449017621877	0.1287673846844192	0.5247141785668131	[1579, 1580, 438, 2729, 496, 3366]	{4 4 6 5 }94028
182	0.9419291568622822	0.972476307599191	0.1287673846844192	0.27755072522583735	[320, 232, 10, 734, 19, 3308]	{4 5 6 4 }4853269
183	0.9428253118489753	0.9729860056066134	0.1287673846844192	0.5391578771720784	[1791, 420, 158, 1557, 15, 432]	{3 3 5 2 }106117
184	0.9437076372834047	0.9734862647620465	0.1287673846844192	0.47212667604195313	[2636, 162, 10, 734, 19, 1987]	{3 2 3 3 }95095
185	0.9445763465845868	0.9740754588784455	0.1287673846844192	0.2639679006966125	[1549, 162, 10, 734, 19, 132]	{2 6 3 3 }93568
186	0.9454316498780345	0.9749050441943352	0.1287673846844192	0.4739103174596212	[1792, 232, 10, 734, 2229, 1529]	{4 6 1 1 }93592
187	0.9462737540465833	0.9753697655981438	0.1287673846844192	0.5017324050790279	[1579, 1580, 438, 10, 232, 2047]	{2 5 4 4 }93973
188	0.9471028627804323	0.975749861808049	0.1287673846844192	0.6100518707880587	[734, 19, 241, 132, 1032, 370]	{1 4 2 3 }96689
189	0.9479191766264133	0.9765258662301914	0.1287673846844192	0.46327330397949845	[10, 232, 1792, 496, 2729, 301]	{1 1 5 6 }95666
190	0.9487228930364995	0.9769605724111138	0.1287673846844192	0.17740604517959738	[1792, 232, 10, 734, 19, 132]	{1 3 4 6 }95332
191	0.9495142064155659	0.9773161191331645	0.1287673846844192	0.5329543900991072	[2627, 438, 10, 158, 420, 1791]	{3 1 2 5 }94421
192	0.9502933081684121	0.9776661790230848	0.1287673846844192	0.39062181355682657	[432, 422, 19, 132, 241, 1031]	{6 2 1 3 }94142
193	0.9510603867460601	0.9780797683004351	0.1287673846844192	0.4200409293929528	[846, 10, 734, 19, 132, 168]	{4 6 3 4 }95593
194	0.9518156276913369	0.9784856985170938	0.1287673846844192	0.7257830705711754	[2627, 301, 1580, 438, 80, 909]	{3 4 5 5 }96354
195	0.9525592136837545	0.9789637941056027	0.1287673846844192	0.5339997284818205	[811, 734, 19, 132, 241, 1031]	{4 5 1 6 }120833
196	0.9532913245836966	0.9792884269126151	0.1287673846844192	0.5782791391115745	[2238, 1549, 162, 107, 420, 1791]	{3 2 2 2 }130355
197	0.9540121374759235	0.9797486840923347	0.1287673846844192	0.318464727358593	[420, 158, 10, 734, 19, 1987]	{2 4 5 5 }5900806
198	0.9547218267124061	0.9800612043995518	0.1287673846844192	0.2381411587970519	[107, 10, 734, 19, 132, 241]	{5 2 6 4 }1591860
199	0.9554205639544987	0.9803689018625217	0.1287673846844192	0.47079862304478104	[377, 162, 10, 734, 19, 1460]	{6 2 2 4 }158276
200	0.9561085182144601	0.9806718509078531	0.1287673846844192	0.5040092425991489	[320, 232, 10, 438, 1580, 301]	{3 6 5 3 }131375
201	0.9567858558963357	0.9809701248135961	0.1287673846844192	0.4127512412380307	[1549, 162, 10, 734, 19, 1460]	{4 3 4 2 }119240
202	0.9574527408362071	0.9812637957269665	0.1287673846844192	0.4739103174596212	[1792, 232, 10, 734, 2229, 1529]	{2 5 1 1 }115137
203	0.9581093343418212	0.9815529346817973	0.1287673846844192	0.21853930910221597	[19, 734, 10, 158, 420, 1791]	{3 1 1 1 }106355
204	0.9587557952316079	0.982044856423616	0.1287673846844192	0.6427710166013454	[1579, 1580, 438, 2627, 261, 165]	{6 3 5 6 }101744
205	0.9593922798730954	0.982377359082438	0.1287673846844192	0.3607466237339816	[377, 162, 10, 158, 420, 1791]	{6 1 1 1 }94588
206	0.9600189422207328	0.9826493134175855	0.1287673846844192	0.7415754516459712	[87, 1265, 415, 733, 734, 19]	{6 4 4 4 }93016
207	0.960635933853129	0.982970622428371	0.1287673846844192	0.2408299990005875	[2047, 232, 10, 158, 420, 1791]	{2 5 4 6 }93575
208	0.9612434040097164	0.98328598127229	0.1287673846844192	0.26929121911740883	[1792, 232, 10, 734, 19, 1987]	{6 4 3 3 }93461
209	0.9618414996268504	0.983595500137618	0.1287673846844192	0.2639679006966125	[1549, 162, 10, 734, 19, 132]	{2 6 4 5 }94378
210	0.9624303653733497	0.9838486559996917	0.1287673846844192	0.20635641730273835	[158, 10, 734, 19, 132, 241]	{3 5 1 4 }96607
211	0.9630101436854893	0.9841477549626605	0.1287673846844192	0.3563633149229554	[1849, 420, 158, 10, 232, 2047]	{1 5 3 3 }94719
212	0.963580974801454	0.9843923883737306	0.1287673846844192	0.48471517633303335	[811, 734, 10, 158, 420, 1791]	{2 2 5 6 }2268698
213	0.9641429967952587	0.9846332465778396	0.1287673846844192	0.31230179790358314	[1799, 232, 10, 734, 19, 132]	{1 5 3 5 }492636
214	0.9646963456101467	0.9848703878343544	0.1287673846844192	0.48234947979600745	[1529, 2229, 734, 19, 132, 241]	{6 5 2 3 }122058
215	0.9652411550914716	0.9852066014380354	0.1287673846844192	0.2512539106781674	[1549, 162, 107, 10, 734, 19]	{4 3 4 6 }112154
216	0.9657775570190723	0.9854348946257201	0.1287673846844192	0.1287673846844192	[320, 232, 10, 734, 19, 132]	{5 3 1 4 }145147
217	0.9663056811391484	0.9856596647703849	0.1287673846844192	0.6432090925404202	[1549, 162, 107, 734, 19, 132]	{1 5 3 6 }132871
218	0.966825655195643	0.9860420737098413	0.1287673846844192	0.604424902168044	[1799, 232, 10, 734, 2229, 494]	{4 4 3 6 }103791
219	0.9673376049611423	0.9863005538263258	0.1287673846844192	0.5441812361813056	[1807, 157, 10, 158, 420, 1791]	{1 2 5 2 }140696
220	0.9678416542672975	0.9865119650327095	0.1287673846844192	0.3495185398623855	[1549, 107, 10, 158, 420, 1791]	{1 2 5 5 }131346
221	0.9683379250347776	0.9867617434580298	0.1287673846844192	0.4200409293929528	[846, 10, 734, 19, 132, 168]	{4 2 1 4 }107401
222	0.9688265373027594	0.9870068963569552	0.1287673846844192	0.4736607547328072	[846, 10, 734, 19, 422, 432]	{5 1 6 6 }100212
223	0.9693076092579637	0.9872074072156442	0.1287673846844192	0.4418537765171137	[193, 232, 10, 734, 19, 3308]	{6 1 1 2 }124261
224	0.969781257263242	0.9874048237709583	0.1287673846844192	0.2161373864102161	[1792, 232, 10, 158, 420, 1791]	{5 3 3 4 }103100
225	0.9702475958857228	0.9876380677751998	0.1287673846844192	0.47818075077320266	[1579, 1580, 301, 2627, 438, 3366]	{5 3 5 6 }107860
226	0.9707067379245234	0.9878669924460294	0.1287673846844192	0.4963011283524297	[377, 162, 1549, 107, 420, 1791]	{4 5 4 6 }96878
227	0.9711587944380339	0.9881905393141353	0.1287673846844192	0.7074767041732606	[3895, 1030, 1032, 132, 241, 1031]	{2 2 2 4 }848599
228	0.9716038747707803	0.988568442056083	0.1287673846844192	0.5315804008900062	[2627, 438, 2729, 496, 2728, 301]	{2 5 5 3 }101517
229	0.9720420865798731	0.9887448549873162	0.1287673846844192	0.2822455695300451	[320, 232, 10, 734, 19, 400]	{6 3 5 5 }92737
230	0.9724735358610479	0.9889185454967713	0.1287673846844192	0.7199949409795862	[2238, 1549, 162, 107, 10, 301]	{6 2 6 2 }99471
231	0.9728983269743033	0.9892140509501907	0.1287673846844192	0.4025451379845437	[2047, 232, 10, 734, 19, 409]	{1 2 2 2 }94207
232	0.9733165626691443	0.989453738706853	0.1287673846844192	0.6780380222837703	[107, 162, 1583, 1579, 1580, 301]	{3 1 4 4 }101349
233	0.9737283441094353	0.9896490398419113	0.1287673846844192	0.2939838317077802	[2047, 232, 10, 734, 19, 1987]	{4 5 2 1 }120777
234	0.97413377089787	0.9898407242892834	0.1287673846844192	0.3607466237339816	[377, 162, 10, 158, 420, 1791]	{1 1 2 5 }118275
235	0.9745329411000634	0.9899975032354364	0.1287673846844192	0.22657955342078154	[420, 158, 10, 734, 19, 132]	{6 1 4 2 }126476
236	0.9749259512682722	0.9901827346570024	0.1287673846844192	0.5526479030943271	[1792, 232, 10, 438, 1580, 301]	{5 5 2 3 }118973
237	0.9753128964647495	0.990334235665382	0.1287673846844192	0.16749872591503795	[320, 232, 10, 158, 420, 1791]	{6 4 6 1 }136548
238	0.975693870284738	0.9906435401240897	0.1287673846844192	0.596673621058105	[1579, 1580, 301, 2627, 261, 217]	{1 3 4 4 }134482
239	0.9760689648791093	0.9908168078995696	0.1287673846844192	0.5580604285206273	[320, 232, 10, 158, 420, 1550]	{3 2 1 2 }115673
240	0.9764382709766539	0.9909868670125406	0.1287673846844192	0.35103313913420187	[1799, 232, 10, 158, 420, 1791]	{3 3 3 6 }161950
241	0.9768018779060265	0.9912752872681392	0.1287673846844192	0.5315804008900062	[2627, 438, 2729, 496, 2728, 301]	{6 1 5 4 }129687
242	0.9771598736173532	0.9914368560224329	0.1287673846844192	0.3533585319111673	[2309, 420, 158, 10, 734, 19]	{4 2 2 2 }2950410
243	0.9775123447035052	0.9916271481108233	0.1287673846844192	0.42089048894888004	[320, 232, 10, 734, 2229, 494]	{5 6 3 6 }95719
244	0.9778593764210437	0.9918132114861383	0.1287673846844192	0.6378052612196171	[1820, 733, 734, 19, 132, 241]	{6 3 5 1 }90839
245	0.9782010527108425	0.9919648186808395	0.1287673846844192	0.20209865776996874	[2047, 232, 10, 734, 19, 132]	{4 5 1 2 }88973
246	0.9785374562183912	0.9921433782657098	0.1287673846844192	0.45904182109697883	[846, 10, 734, 19, 241, 1031]	{3 2 6 1 }90323
247	0.9788686683137864	0.9922888712607891	0.1287673846844192	0.4817850116841094	[2238, 1549, 162, 10, 232, 2047]	{6 1 4 4 }89624
248	0.9791947691114131	0.9924078701610857	0.1287673846844192	0.5519173437841476	[432, 422, 19, 132, 241, 1729]	{6 1 5 4 }91081
249	0.9795158374893234	0.9926103269567901	0.1287673846844192	0.6455217742136196	[3621, 1720, 241, 132, 19, 400]	{2 3 4 2 }92852
250	0.9798319511083153	0.9927471727538865	0.1287673846844192	0.45756243128478064	[734, 10, 107, 162, 420, 1791]	{4 6 3 6 }97840
251	0.9801431864307178	0.9928590991002771	0.1287673846844192	0.49357670240294965	[320, 232, 10, 162, 420, 1791]	{6 6 4 2 }101481
252	0.9804496187388858	0.9929692981882359	0.1287673846844192	0.6408269299094118	[3621, 1720, 241, 132, 19, 3308]	{2 3 5 6 }103502
253	0.9807513221534092	0.9930777966729852	0.1287673846844192	0.42210597450990683	[19, 734, 10, 158, 420, 1582]	{5 6 6 5 }109170
254	0.9810483696510417	0.9932059856234855	0.1287673846844192	0.5244260391349438	[846, 10, 734, 19, 132, 1108]	{5 3 6 5 }124556
255	0.9813408330823528	0.9933318007045321	0.1287673846844192	0.5809632329672156	[87, 1265, 193, 232, 10, 494]	{2 2 3 1 }131551
256	0.9816287831891066	0.9934552858766704	0.1287673846844192	0.1941408295346144	[846, 10, 734, 19, 132, 241]	{3 2 5 6 }111859
257	0.9819122896213734	0.9936007239682999	0.1287673846844192	0.7235124348263958	[157, 10, 232, 1792, 496, 3366]	{3 6 6 6 }2404437
258	0.982191420954377	0.9937192290799981	0.1287673846844192	0.4492631897240643	[432, 422, 19, 132, 241, 1126]	{2 6 4 2 }140242
259	0.982466244705081	0.9938355396525907	0.1287673846844192	0.648902066952364	[837, 162, 10, 158, 420, 1582]	{3 6 4 2 }120441
260	0.9827368273485212	0.9939306702135076	0.1287673846844192	0.46577998274920906	[1799, 232, 10, 734, 19, 400]	{1 6 3 5 }104449
261	0.9830032343338835	0.9940243327102126	0.1287673846844192	0.3710653913227288	[320, 232, 10, 158, 420, 1582]	{5 2 6 5 }90410
262	0.9832655301003359	0.9941349932155791	0.1287673846844192	0.5650084163891905	[2627, 301, 10, 158, 420, 1791]	{3 3 5 4 }99604
263	0.9835237780926147	0.9942653266996774	0.1287673846844192	0.5286043096192637	[2238, 1549, 107, 10, 232, 2047]	{5 5 1 1 }98062
264	0.9837780407763707	0.994392763884129	0.1287673846844192	0.43225651716107677	[359, 158, 10, 734, 19, 132]	{3 5 2 6 }101327
265	0.9840283796532785	0.9944966015899784	0.1287673846844192	0.4942217620344296	[2047, 232, 10, 734, 2229, 494]	{2 2 4 5 }107840
266	0.9842748552759131	0.9946188993324233	0.1287673846844192	0.5017324050790279	[1579, 1580, 438, 10, 232, 2047]	{3 1 4 6 }102083
267	0.9845175272623958	0.9947185493447859	0.1287673846844192	0.49422304886848833	[2627, 438, 10, 734, 19, 132]	{1 4 3 4 }106560
268	0.9847564543108157	0.9948163539865491	0.1287673846844192	0.6408269299094118	[3621, 1720, 241, 132, 19, 3308]	{1 6 1 3 }95862
269	0.9849916942134266	0.9949545845469078	0.1287673846844192	0.5265945627345092	[1579, 1580, 438, 2627, 301, 10]	{2 3 6 3 }95249
270	0.9852233038706267	0.9950480181664095	0.1287673846844192	0.5201022017894869	[1791, 420, 162, 1549, 107, 10]	{6 3 5 3 }97269
271	0.9854513393047221	0.9951397215336982	0.1287673846844192	0.49422304886848833	[2627, 438, 10, 734, 19, 132]	{1 6 5 5 }94521
272	0.9856758556734764	0.9952147258310177	0.1287673846844192	0.401461646929561	[420, 158, 10, 734, 19, 241]	{3 6 3 1 }2121578
273	0.9858969072834536	0.9952885726546131	0.1287673846844192	0.5651957719539925	[107, 162, 10, 734, 2229, 494]	{3 3 4 2 }287570
274	0.9861145476031533	0.9953758213091572	0.1287673846844192	0.2890096056681221	[2872, 241, 132, 19, 734, 10]	{3 5 2 1 }137286
275	0.9863288292759441	0.9954614542478766	0.1287673846844192	0.20209865776996874	[2047, 232, 10, 734, 19, 132]	{3 1 2 1 }138876
276	0.9865398041327968	0.9955455013914345	0.1287673846844192	0.33159198238328924	[377, 162, 107, 10, 232, 2047]	{4 6 2 5 }152373
277	0.9867475232048216	0.9956279921064078	0.1287673846844192	0.47079862304478104	[377, 162, 10, 734, 19, 1460]	{2 1 1 2 }133805
278	0.9869520367356114	0.9956954613640251	0.1287673846844192	0.6144633322642281	[1549, 162, 10, 734, 19, 77]	{4 3 5 2 }119243
279	0.9871533941933952	0.995761889429395	0.1287673846844192	0.6244988051897356	[734, 19, 132, 241, 1031, 227]	{3 1 6 4 }132982
280	0.9873516442830033	0.9958975089676544	0.1287673846844192	0.17740604517959738	[1792, 232, 10, 734, 19, 132]	{3 5 1 3 }117723
281	0.9875468349576483	0.9959886754350399	0.1287673846844192	0.6133339985552317	[193, 232, 1792, 496, 2729, 301]	{5 3 4 5 }130809
282	0.9877390134305241	0.9960629592232798	0.1287673846844192	0.26929121911740883	[1792, 232, 10, 734, 19, 1987]	{1 3 1 1 }131058
283	0.9879282261862259	0.9961504490183181	0.1287673846844192	0.6974306334900859	[2297, 400, 19, 132, 241, 2872]	{5 5 4 1 }127448
284	0.988114518991994	0.9962359945956888	0.1287673846844192	0.5542764015532653	[846, 10, 107, 162, 420, 1791]	{6 6 5 5 }116477
285	0.9882979369087842	0.9963056983994724	0.1287673846844192	0.3753628939621997	[420, 158, 10, 734, 19, 1460]	{1 3 1 1 }108701
286	0.9884785243021672	0.9963741113920747	0.1287673846844192	0.32201528250336287	[377, 162, 10, 734, 19, 132]	{2 3 1 2 }103070
287	0.9886563248530597	0.996454686694473	0.1287673846844192	0.2408299990005875	[2047, 232, 10, 158, 420, 1791]	{5 2 6 5 }311848
288	0.9888313815682902	0.9965093983195583	0.1287673846844192	0.32201528250336287	[377, 162, 10, 734, 19, 132]	{2 6 5 2 }92705
289	0.9890037367910018	0.9965869672457903	0.1287673846844192	0.5198153179868255	[2654, 232, 10, 734, 19, 1460]	{6 1 5 5 }89346
290	0.9891734322108937	0.9966501715560535	0.1287673846844192	0.5198153179868255	[2654, 232, 10, 734, 19, 3308]	{3 2 3 5 }89943
291	0.9893405088743059	0.9967122054161266	0.1287673846844192	0.490480173062598	[1742, 400, 19, 132, 241, 1031]	{1 5 6 1 }88877
292	0.9895050071941468	0.9967852675179905	0.1287673846844192	0.2408299990005875	[2047, 232, 10, 158, 420, 1791]	{3 2 3 6 }89601
293	0.9896669669596693	0.9968348775871573	0.1287673846844192	0.3753628939621997	[420, 158, 10, 734, 19, 1460]	{4 1 4 2 }93738
294	0.9898264273460942	0.9968837220688369	0.1287673846844192	0.6002749898121404	[1580, 438, 2627, 261, 217, 132]	{5 1 4 1 }124123
295	0.9899834269240865	0.9969318127776512	0.1287673846844192	0.45591365441607423	[320, 232, 10, 494, 2229, 1529]	{2 2 3 6 }96163
296	0.9901380036690851	0.9969791613458973	0.1287673846844192	0.3495185398623855	[1549, 107, 10, 158, 420, 1791]	{4 2 3 2 }108724
297	0.9902901949704882	0.9970351028024548	0.1287673846844192	0.26977824374023446	[1820, 10, 734, 19, 132, 241]	{2 4 1 5 }116129
298	0.9904400376406967	0.9970900083061129	0.1287673846844192	0.3318017772063142	[193, 232, 10, 158, 420, 1791]	{3 6 3 1 }115187
299	0.9905875679240193	0.9971676080846167	0.1287673846844192	0.48287649559483514	[1579, 1580, 438, 2627, 261, 217]	{6 4 6 5 }128450
300	0.9907328215054387	0.9972305501271808	0.1287673846844192	0.355853074634424	[1549, 162, 10, 734, 19, 1987]	{3 4 3 6 }108735
301	0.9908758335192437	0.9972818362359366	0.1287673846844192	0.746273835360137	[2654, 232, 10, 438, 1580, 301]	{6 5 5 6 }100980
302	0.991016638557527	0.9973321726019378	0.1287673846844192	0.2408299990005875	[2047, 232, 10, 158, 420, 1791]	{5 1 1 4 }636848
303	0.9911552706785528	0.997381576813013	0.1287673846844192	0.16749872591503795	[320, 232, 10, 158, 420, 1791]	{5 1 1 6 }100590
304	0.9912917634149948	0.9974219845782443	0.1287673846844192	0.3118040089201504	[107, 162, 10, 158, 420, 1791]	{5 1 5 3 }97901
305	0.9914261497820474	0.9974697256045731	0.1287673846844192	0.6367542902128838	[734, 10, 162, 1549, 107, 1586]	{6 6 2 6 }112550
306	0.9915584622854109	0.9975165825378217	0.1287673846844192	0.30269924192723124	[1549, 162, 10, 158, 420, 1791]	{6 1 5 2 }105704
307	0.9916887329291545	0.9975717695925368	0.1287673846844192	0.4963011283524297	[377, 162, 1549, 107, 420, 1791]	{5 1 4 4 }103142
308	0.9918169932234577	0.99760924228401	0.1287673846844192	0.5247141785668131	[1579, 1580, 438, 2729, 496, 3366]	{3 3 6 3 }98342
309	0.9919432741922315	0.9976857465309217	0.1287673846844192	0.629929288245196	[1580, 438, 2627, 301, 2729, 969]	{2 6 1 2 }90815
310	0.992067606380623	0.9977214603190248	0.1287673846844192	0.30364947819319865	[320, 232, 10, 734, 19, 241]	{1 6 3 5 }113805
311	0.9921900198624035	0.9977636554983021	0.1287673846844192	0.34807221917075004	[158, 10, 734, 19, 132, 217]	{3 4 5 2 }132096
312	0.992310544247243	0.9978133520427843	0.1287673846844192	0.7744237301879187	[193, 394, 432, 422, 19, 3308]	{5 2 2 1 }141898
313	0.9924292086878719	0.9978538455234734	0.1287673846844192	0.40146164692956093	[2149, 420, 158, 10, 734, 19]	{2 5 4 3 }145562
314	0.9925460418871331	0.9978935891248906	0.1287673846844192	0.33585663140262606	[846, 10, 734, 19, 132, 217]	{3 1 5 5 }138346
315	0.9926610721049243	0.9979403982554486	0.1287673846844192	0.5654692691124857	[1743, 1742, 400, 19, 132, 217]	{4 2 1 6 }127903
316	0.9927743271650334	0.9979785390284959	0.1287673846844192	0.5735862738432738	[2636, 162, 1549, 107, 10, 1873]	{3 6 6 6 }120673
317	0.9928858344618694	0.9980159734909311	0.1287673846844192	0.5018959930791344	[1580, 438, 10, 158, 420, 1791]	{5 4 5 3 }1727856
318	0.9929956209670875	0.9980600629689104	0.1287673846844192	0.7017271982974504	[2309, 420, 162, 10, 232, 2047]	{6 6 1 1 }1438795
319	0.9931037132361139	0.9981031726807124	0.1287673846844192	0.42375346724447405	[1743, 1742, 400, 19, 132, 241]	{1 1 3 5 }112921
320	0.9932101374145689	0.998138299112551	0.1287673846844192	0.7217358943936799	[734, 10, 162, 1549, 232, 2047]	{6 6 4 5 }94071
321	0.993314919244591	0.9981796702433833	0.1287673846844192	0.42089048894888004	[320, 232, 10, 734, 2229, 494]	{3 5 4 3 }92131
322	0.9934180840710634	0.998213380053691	0.1287673846844192	0.3710653913227288	[320, 232, 10, 158, 420, 1582]	{2 6 4 4 }93685
323	0.9935196568477445	0.9982464656082523	0.1287673846844192	0.2735446005765389	[1549, 162, 107, 10, 232, 2047]	{2 1 5 6 }95837
324	0.993619662143304	0.9982854330391799	0.1287673846844192	0.27755072522583735	[320, 232, 10, 734, 19, 1460]	{2 4 3 1 }93697
325	0.9937181241472653	0.9983235345271982	0.1287673846844192	0.6018453819855715	[432, 422, 19, 734, 10, 1873]	{5 3 3 5 }96071
326	0.993815066675857	0.9983494059079513	0.1287673846844192	0.39062181355682657	[432, 422, 19, 132, 241, 1031]	{6 3 6 1 }95759
327	0.9939105131777727	0.9983748780390015	0.1287673846844192	0.27755072522583735	[320, 232, 10, 734, 19, 3308]	{6 4 4 5 }102525
328	0.9940044867398441	0.9984049728901311	0.1287673846844192	0.16749872591503795	[320, 232, 10, 158, 420, 1791]	{5 3 6 4 }101207
329	0.9940970100926243	0.9984295875060241	0.1287673846844192	0.1287673846844192	[320, 232, 10, 734, 19, 132]	{2 1 3 6 }104221
330	0.9941881056158863	0.9984586692188755	0.1287673846844192	0.17740604517959738	[1792, 232, 10, 734, 19, 132]	{3 2 4 4 }116636
331	0.9942777953440362	0.99848245518772	0.1287673846844192	0.45591365441607423	[320, 232, 10, 494, 2229, 1529]	{6 6 4 1 }117194
332	0.9943661009714431	0.9985105578694289	0.1287673846844192	0.1941408295346144	[846, 10, 734, 19, 132, 241]	{1 6 3 2 }2547432
333	0.9944530438576862	0.9985436565834416	0.1287673846844192	0.6780380222837703	[107, 162, 1583, 1579, 1580, 301]	{6 1 1 2 }527754
334	0.9945386450327219	0.9985706259059705	0.1287673846844192	0.3508819983113869	[2047, 232, 10, 734, 19, 1460]	{3 4 4 2 }94049
335	0.99462292520197	0.9985970957966006	0.1287673846844192	0.8135273794088402	[1879, 496, 3366, 438, 1580, 301]	{5 5 3 5 }92018
336	0.9947059047513224	0.9986345065753579	0.1287673846844192	0.5391578771720784	[1791, 420, 158, 1557, 15, 432]	{2 2 1 4 }90105
337	0.9947876037520735	0.9986648508736833	0.1287673846844192	0.33159198238328924	[377, 162, 107, 10, 232, 2047]	{4 2 4 5 }90873
338	0.994868041965776	0.998700454850385	0.1287673846844192	0.6141383867678237	[377, 162, 10, 734, 2229, 494]	{1 1 1 2 }89888
339	0.9949472388490203	0.9987245205013039	0.1287673846844192	0.1941408295346144	[846, 10, 734, 19, 132, 241]	{4 3 5 6 }89786
340	0.9950252135581403	0.9987481404920205	0.1287673846844192	0.26929121911740883	[1792, 232, 10, 734, 19, 1987]	{3 6 2 5 }88501
341	0.995101984953848	0.9987713230755016	0.1287673846844192	0.33585663140262606	[846, 10, 734, 19, 132, 217]	{4 2 5 4 }86357
342	0.9951775716057949	0.9987940763518812	0.1287673846844192	0.20209865776996874	[2047, 232, 10, 734, 19, 132]	{1 2 6 4 }88365
343	0.9952519917970635	0.9988164082712908	0.1287673846844192	0.5062659073349222	[1549, 162, 10, 158, 420, 1582]	{3 1 1 6 }87050
344	0.9953252635285903	0.9988346735757462	0.1287673846844192	0.22065255862223065	[320, 232, 10, 734, 19, 1987]	{5 3 6 6 }88181
345	0.9953974045235194	0.9988657489470596	0.1287673846844192	0.5597491176370573	[1579, 1580, 438, 2729, 301, 10]	{6 1 5 4 }87751
346	0.9954684322314897	0.9988867535961882	0.1287673846844192	0.592083293092601	[1791, 420, 158, 10, 494, 2626]	{1 2 3 3 }88352
347	0.9955383638328557	0.998903933324642	0.1287673846844192	0.3093012924849177	[377, 162, 107, 10, 734, 19]	{3 6 6 5 }124690
348	0.9956072162428424	0.9989208479338296	0.1287673846844192	0.42089048894888004	[320, 232, 10, 734, 2229, 494]	{2 3 4 2 }85699
349	0.9956750061156381	0.9989375015150977	0.1287673846844192	0.27755072522583735	[320, 232, 10, 734, 19, 3308]	{6 5 4 1 }85853
350	0.9957417498484215	0.9989658348080285	0.1287673846844192	0.48287649559483514	[1579, 1580, 438, 2627, 261, 217]	{4 4 3 1 }85539
351	0.9958074635853286	0.9989817941474107	0.1287673846844192	0.6408176172007294	[2627, 261, 217, 132, 19, 1987]	{6 2 3 6 }86515
352	0.9958721632213574	0.9989975072006915	0.1287673846844192	0.44170782420474275	[107, 10, 734, 19, 132, 1031]	{3 4 2 3 }86805
353	0.9959358644062131	0.9990160718821601	0.1287673846844192	0.42375233682793245	[2149, 420, 158, 10, 232, 2047]	{5 3 4 4 }85302
354	0.9959985825480925	0.9990342927732312	0.1287673846844192	0.3093012924849177	[377, 162, 107, 10, 734, 19]	{3 6 6 5 }86460
355	0.996060332817412	0.9990557529338261	0.1287673846844192	0.355853074634424	[1549, 162, 10, 734, 19, 1987]	{4 6 4 2 }86358
356	0.9961211301504767	0.9990703246478102	0.1287673846844192	0.6256403896465005	[193, 394, 432, 422, 19, 132]	{6 3 6 4 }86454
357	0.9961809892530927	0.9990846714896651	0.1287673846844192	0.46441438091118753	[1549, 162, 10, 734, 19, 409]	{6 5 6 6 }85598
358	0.9962399246041252	0.9991016220176342	0.1287673846844192	0.27755072522583735	[320, 232, 10, 734, 19, 3308]	{1 3 4 2 }86071
359	0.9962979504589998	0.9991154858753868	0.1287673846844192	0.5153706743278413	[107, 162, 10, 158, 420, 1582]	{3 4 3 6 }84933
360	0.9963550808531512	0.9991318657665833	0.1287673846844192	0.67506041569999	[2627, 301, 10, 734, 19, 3308]	{2 6 2 2 }85717
361	0.9964113296054173	0.999145262899815	0.1287673846844192	0.2730726676895317	[107, 162, 10, 734, 19, 132]	{6 3 4 2 }86262
362	0.9964667103213831	0.9991642570575969	0.1287673846844192	0.6072914709117906	[1549, 107, 10, 734, 2229, 1529]	{4 2 5 4 }85680
363	0.9965212363966703	0.9991797337787526	0.1287673846844192	0.5530852052700764	[1549, 107, 10, 158, 420, 1582]	{4 2 1 4 }88544
364	0.9965749210201785	0.9992059822978324	0.1287673846844192	0.629929288245196	[1580, 438, 2627, 301, 2729, 969]	{5 5 1 3 }85705
365	0.9966277771772746	0.9992271561032235	0.1287673846844192	0.45101234996618306	[320, 232, 10, 734, 19, 2004]	{3 2 4 3 }84072
366	0.9966798176529339	0.999241468027238	0.1287673846844192	0.70480587113877	[2636, 162, 1549, 10, 232, 2047]	{1 1 4 6 }85577
367	0.9967310550348331	0.9992531737675584	0.1287673846844192	0.27755072522583735	[320, 232, 10, 734, 19, 3308]	{5 1 4 1 }85155
368	0.9967815017163943	0.9992697699060571	0.1287673846844192	0.29307043597569554	[193, 232, 10, 734, 19, 132]	{6 5 4 6 }86446
369	0.9968311698997833	0.9992832926855745	0.1287673846844192	0.6259311023794796	[1819, 1513, 1031, 241, 132, 19]	{4 3 2 1 }85329
370	0.9968800715988607	0.999299219514784	0.1287673846844192	0.1287673846844192	[320, 232, 10, 734, 19, 132]	{3 6 2 3 }84783
371	0.9969282186420881	0.9993147924144554	0.1287673846844192	0.45904182109697883	[846, 10, 734, 19, 241, 1031]	{1 5 5 2 }85439
372	0.9969756226753893	0.9993274814438173	0.1287673846844192	0.3607466237339816	[377, 162, 10, 158, 420, 1791]	{2 2 4 6 }86438
373	0.9970222951649665	0.9993424263006214	0.1287673846844192	0.45904182109697883	[846, 10, 734, 19, 241, 1031]	{2 6 6 5 }86063
374	0.9970682474000752	0.9993570390494966	0.1287673846844192	0.5017324050790279	[1579, 1580, 438, 10, 232, 2047]	{3 3 5 6 }84469
375	0.9971134904957529	0.999366961286387	0.1287673846844192	0.3798569606650636	[107, 10, 734, 19, 132, 217]	{6 5 4 4 }85724
376	0.9971580353955098	0.9993767304023379	0.1287673846844192	0.3606933342103375	[1019, 10, 734, 19, 132, 241]	{4 5 1 2 }86220
377	0.9972018928739742	0.9993863487603264	0.1287673846844192	0.3107871986317668	[1549, 107, 10, 734, 19, 132]	{5 6 3 5 }85773
378	0.9972450735394993	0.9993958186868646	0.1287673846844192	0.4127512412380307	[1549, 162, 10, 734, 19, 1460]	{3 5 5 2 }85975
379	0.9972875878367292	0.9994070072297004	0.1287673846844192	0.17740604517959738	[1792, 232, 10, 734, 19, 132]	{2 6 5 5 }86763
380	0.9973294460491254	0.9994179885772986	0.1287673846844192	0.5491215492298357	[1742, 400, 19, 132, 241, 1126]	{1 6 4 3 }85189
381	0.9973706583014538	0.9994287665666078	0.1287673846844192	0.55624826030094	[1799, 1019, 10, 158, 420, 1791]	{5 6 5 5 }85817
382	0.9974112345622338	0.9994393449635225	0.1287673846844192	0.21853930910221597	[19, 734, 10, 158, 420, 1791]	{3 4 5 2 }85333
383	0.9974511846461499	0.9994518039643332	0.1287673846844192	0.5247141785668131	[1579, 1580, 438, 2729, 496, 3366]	{2 2 4 3 }85078
384	0.9974905182164254	0.9994619557427714	0.1287673846844192	0.1941408295346144	[846, 10, 734, 19, 132, 241]	{3 1 6 2 }86235
385	0.9975292447871595	0.9994719195253127	0.1287673846844192	0.40146164692956093	[2149, 420, 158, 10, 734, 19]	{2 4 6 2 }86160
386	0.9975673737256293	0.9994816987933625	0.1287673846844192	0.1941408295346144	[846, 10, 734, 19, 132, 241]	{5 2 6 4 }85755
387	0.9976049142545548	0.9994932165979544	0.1287673846844192	0.46327330397949845	[10, 232, 1792, 496, 2729, 301]	{4 5 5 6 }85040
388	0.9976418754543301	0.9995026014757701	0.1287673846844192	0.37706316736195933	[846, 10, 734, 19, 132, 1032]	{1 6 5 6 }84629
389	0.9976782662652202	0.9995217015791005	0.1287673846844192	0.5223622203495049	[2047, 232, 1792, 496, 2729, 301]	{5 1 3 1 }86318
390	0.9977140954895223	0.9995323304328982	0.1287673846844192	0.5916890136551602	[161, 10, 734, 19, 132, 1032]	{3 1 2 1 }85728
391	0.9977493717936964	0.9995409909804371	0.1287673846844192	0.5695769399695555	[107, 162, 10, 734, 2229, 1529]	{6 1 6 6 }86518
392	0.9977841037104603	0.9995532312209588	0.1287673846844192	0.5017324050790279	[1579, 1580, 438, 10, 232, 2047]	{2 2 4 6 }87170
393	0.9978182996408544	0.9995631594160487	0.1287673846844192	0.44439666440827835	[2047, 232, 10, 158, 420, 1582]	{3 2 3 4 }85535
394	0.9978519678562733	0.9995712490564922	0.1287673846844192	0.6475028298130667	[837, 162, 107, 420, 158, 10]	{4 1 1 4 }86419
395	0.9978851165004666	0.9995807768552368	0.1287673846844192	0.6299138157588855	[1820, 10, 107, 162, 420, 1791]	{3 3 1 2 }87650
396	0.9979177535915088	0.9995885402468065	0.1287673846844192	0.4492631897240643	[432, 422, 19, 132, 241, 1126]	{1 2 1 5 }86882
397	0.9979498870237387	0.9995961598718657	0.1287673846844192	0.41390045644117435	[377, 162, 10, 734, 19, 1987]	{1 5 5 3 }86464
398	0.9979815245696686	0.9996069289419492	0.1287673846844192	0.6491615522350179	[377, 162, 10, 494, 2229, 1529]	{4 4 5 1 }85103
399	0.9980126738818651	0.9996156638543504	0.1287673846844192	0.2822455695300451	[320, 232, 10, 734, 19, 400]	{5 2 2 3 }85141
400	0.9980433424947992	0.9996215949677092	0.1287673846844192	0.17740604517959738	[1792, 232, 10, 734, 19, 132]	{4 3 5 3 }85408
401	0.9980735378266696	0.9996274345515408	0.1287673846844192	0.3093012924849177	[377, 162, 107, 10, 734, 19]	{4 1 6 3 }85019
402	0.9981032671811964	0.999633184018338	0.1287673846844192	0.22657955342078154	[420, 158, 10, 734, 19, 132]	{4 6 1 1 }85758
403	0.9981325377493877	0.9996413354845972	0.1287673846844192	0.6876275607924272	[2051, 1849, 420, 162, 107, 10]	{6 3 2 6 }86067
404	0.9981613566112799	0.9996468704308226	0.1287673846844192	0.6299138157588855	[1820, 10, 107, 162, 420, 1791]	{4 3 2 3 }85872
405	0.998189730737649	0.999654717754582	0.1287673846844192	0.6636111320630905	[1580, 438, 10, 734, 19, 409]	{5 3 3 1 }85289
406	0.9982176669916977	0.999667976592806	0.1287673846844192	0.5315804008900062	[2627, 438, 2729, 496, 2728, 301]	{6 2 5 6 }86286
407	0.9982451721307147	0.9996731004108184	0.1287673846844192	0.3587532375194829	[394, 193, 232, 10, 734, 19]	{6 3 5 3 }86026
408	0.9982722528077098	0.9996781451575649	0.1287673846844192	0.26929121911740883	[1792, 232, 10, 734, 19, 1987]	{2 3 2 6 }86688
409	0.998298915573023	0.9996852974873969	0.1287673846844192	0.46414967336266133	[734, 10, 232, 1792, 496, 3366]	{4 4 2 5 }86941
410	0.9983251668759084	0.9996936895543996	0.1287673846844192	0.608806070183607	[1799, 232, 10, 734, 2229, 1529]	{4 2 4 5 }85090
411	0.998351013066095	0.9996993619700588	0.1287673846844192	0.580095685411156	[1917, 10, 734, 19, 132, 168]	{6 2 5 3 }87311
412	0.9983764603953219	0.9997049293409837	0.1287673846844192	0.4492631897240643	[432, 422, 19, 132, 241, 1126]	{6 6 5 3 }86101
413	0.9984015150188509	0.9997127978918908	0.1287673846844192	0.26977824374023446	[1820, 10, 734, 19, 132, 241]	{6 5 2 3 }85851
414	0.9984261829969551	0.9997191801609598	0.1287673846844192	0.4492631897240643	[432, 422, 19, 132, 241, 1126]	{3 2 3 5 }85691
415	0.9984504702963848	0.9997266686900009	0.1287673846844192	0.4200409293929528	[846, 10, 734, 19, 132, 168]	{5 6 4 6 }85256
416	0.9984743827918109	0.9997317303809269	0.1287673846844192	0.6018012732829315	[377, 162, 1549, 107, 10, 161]	{5 3 3 6 }86801
417	0.998497926267246	0.9997388842374355	0.1287673846844192	0.18644425498262523	[10, 734, 19, 132, 241, 1031]	{6 2 1 4 }86096
418	0.9985211064174427	0.9997446868099369	0.1287673846844192	0.4492631897240643	[432, 422, 19, 132, 241, 1126]	{2 2 5 4 }85577
419	0.9985439288492723	0.9997486268283021	0.1287673846844192	0.31230179790358314	[1799, 232, 10, 734, 19, 132]	{2 3 1 5 }86422
420	0.9985663990830799	0.9997525060439147	0.1287673846844192	0.6388388530008217	[734, 10, 162, 1583, 1013, 156]	{5 2 2 5 }86154
421	0.99858852255402	0.9997570892653237	0.1287673846844192	0.44439666440827835	[988, 420, 158, 10, 232, 2047]	{1 3 1 3 }86504
422	0.9986103046133715	0.9997615876122622	0.1287673846844192	0.26977824374023446	[1820, 10, 734, 19, 132, 241]	{6 2 5 4 }85752
423	0.9986317505298319	0.9997660026564795	0.1287673846844192	0.6273201326521649	[1743, 1742, 400, 19, 132, 1031]	{2 5 2 5 }85752
424	0.9986528654907912	0.9997712025974467	0.1287673846844192	0.4963011283524297	[377, 162, 1549, 107, 420, 1791]	{4 4 5 6 }85962
425	0.9986736546035877	0.9997799884177047	0.1287673846844192	0.6912955400249434	[2654, 232, 1792, 496, 2728, 301]	{1 1 1 4 }87013
426	0.9986941228967422	0.9997848775639779	0.1287673846844192	0.5736398850682847	[1726, 132, 19, 734, 10, 1873]	{3 6 1 4 }85206
427	0.9987142753211752	0.9997888613127931	0.1287673846844192	0.30269924192723124	[1549, 162, 10, 158, 420, 1791]	{3 6 6 1 }87453
428	0.998734116751404	0.9997944916777853	0.1287673846844192	0.5391578771720784	[1791, 420, 158, 1557, 15, 432]	{5 6 6 2 }85318
429	0.9987536519867218	0.999799971899711	0.1287673846844192	0.4739103174596212	[1792, 232, 10, 734, 2229, 1529]	{1 1 2 2 }86094
430	0.9987728857523588	0.9998036761237905	0.1287673846844192	0.6125752624259981	[837, 162, 1549, 107, 10, 494]	{2 1 1 2 }84735
431	0.9987918227006248	0.9998080388765951	0.1287673846844192	0.7582657063451375	[1742, 400, 19, 241, 132, 1032]	{3 5 6 1 }85608
432	0.9988104674120349	0.9998131578398859	0.1287673846844192	0.599137976443218	[2872, 241, 1031, 132, 19, 1987]	{2 3 1 4 }87187
433	0.9988288243964172	0.9998166178798881	0.1287673846844192	0.6133299840837169	[2654, 232, 10, 158, 420, 1582]	{1 1 4 1 }86250
434	0.9988468980940033	0.9998224861077316	0.1287673846844192	0.7265812740333075	[846, 10, 158, 1557, 15, 432]	{4 4 2 1 }85377
435	0.9988646928765033	0.9998252255196494	0.1287673846844192	0.5339997284818205	[811, 734, 19, 132, 241, 1031]	{3 2 6 5 }85860
436	0.9988822130481622	0.9998279226566917	0.1287673846844192	0.21853930910221597	[19, 734, 10, 158, 420, 1791]	{2 3 4 3 }85841
437	0.9988994628468016	0.999830578171249	0.1287673846844192	0.2512539106781674	[1549, 162, 107, 10, 734, 19]	{6 4 5 3 }87002
438	0.9989164464448448	0.9998337156125222	0.1287673846844192	0.26929121911740883	[1792, 232, 10, 734, 19, 1987]	{2 5 5 5 }85817
439	0.9989331679503256	0.999836794953031	0.1287673846844192	0.6185195547833867	[377, 162, 10, 734, 2229, 1529]	{5 1 2 4 }86424
440	0.9989496314078823	0.9998393135494349	0.1287673846844192	0.17740604517959738	[1792, 232, 10, 734, 19, 132]	{4 1 2 5 }86862
441	0.9989658407997359	0.99984359852145	0.1287673846844192	0.5773405156846985	[2047, 232, 10, 438, 1580, 301]	{6 6 1 3 }85870
442	0.9989818000466536	0.9998470741098622	0.1287673846844192	0.425271656964443	[320, 232, 10, 734, 2229, 1529]	{5 6 1 5 }87085
443	0.9989975130088966	0.9998504724629763	0.1287673846844192	0.49909583386846557	[1743, 1742, 400, 19, 734, 10]	{3 6 6 1 }87658
444	0.9990129834871544	0.9998537952971325	0.1287673846844192	0.6408269299094118	[3621, 1720, 241, 132, 19, 3308]	{5 3 5 4 }84761
445	0.9990282152234637	0.99985650279163	0.1287673846844192	0.5926411046490583	[811, 734, 19, 132, 241, 1126]	{2 4 6 1 }84817
446	0.999043211902114	0.9998591601473406	0.1287673846844192	0.16749872591503795	[320, 232, 10, 158, 420, 1791]	{2 2 3 1 }85624
447	0.9990579771505381	0.9998622899218441	0.1287673846844192	0.1287673846844192	[320, 232, 10, 734, 19, 132]	{1 6 4 2 }85258
448	0.9990725145401903	0.9998648401084765	0.1287673846844192	0.5441812361813056	[1807, 157, 10, 158, 420, 1791]	{4 6 1 5 }85032
449	0.9990868275874096	0.9998673430694307	0.1287673846844192	0.2735446005765389	[1549, 162, 107, 10, 232, 2047]	{3 3 5 3 }86051
450	0.9991009197542706	0.9998708805875792	0.1287673846844192	0.6012498278439311	[87, 1265, 415, 10, 734, 19]	{2 1 2 1 }86268
451	0.9991147944494208	0.9998732716878093	0.1287673846844192	0.592083293092601	[1791, 420, 158, 10, 494, 2626]	{4 6 2 2 }85566
452	0.999128455028905	0.9998752273716394	0.1287673846844192	0.6483145256042615	[107, 162, 10, 438, 1580, 301]	{4 1 4 1 }84558
453	0.9991419047969774	0.9998785546417289	0.1287673846844192	0.6244005274634061	[846, 10, 232, 193, 394, 432]	{1 4 6 6 }86478
454	0.9991551470069007	0.9998812534274684	0.1287673846844192	0.7082488077095329	[241, 132, 19, 734, 811, 3284]	{6 1 4 5 }85871
455	0.9991681848617324	0.9998844200027358	0.1287673846844192	0.629867303764823	[734, 10, 158, 1557, 15, 432]	{1 1 5 6 }85310
456	0.9991810215151007	0.9998875021359962	0.1287673846844192	0.1941408295346144	[846, 10, 734, 19, 132, 241]	{3 1 5 4 }85712
457	0.9991936600719664	0.9998905020790363	0.1287673846844192	0.5052234748401319	[1792, 496, 2729, 438, 2627, 301]	{5 5 4 1 }86381
458	0.9992061035893743	0.9998925298183134	0.1287673846844192	0.36752751208569656	[2636, 162, 107, 10, 734, 19]	{5 3 2 3 }86158
459	0.9992183550771927	0.9998949180445731	0.1287673846844192	0.5948652828045891	[2297, 400, 19, 132, 241, 1031]	{3 3 6 1 }88290
460	0.999230417498841	0.9998972531991381	0.1287673846844192	0.5164369637559915	[320, 232, 10, 438, 2627, 301]	{4 5 3 4 }85059
461	0.999242293772007	0.9998995364613795	0.1287673846844192	0.26929121911740883	[1792, 232, 10, 734, 19, 1987]	{5 4 2 5 }84714
462	0.9992539867693525	0.99990139689728	0.1287673846844192	0.4610851384450013	[1799, 232, 10, 734, 19, 1460]	{1 3 4 4 }84928
463	0.9992654993192083	0.9999045521965669	0.1287673846844192	0.4490309472639553	[320, 232, 1792, 496, 2729, 301]	{6 6 2 4 }85968
464	0.9992768342062575	0.9999070974713252	0.1287673846844192	0.5276865571949214	[734, 10, 232, 193, 394, 432]	{5 6 5 2 }86203
465	0.9992879941722103	0.9999088178885228	0.1287673846844192	0.24508563114986298	[10, 734, 19, 132, 241, 1126]	{5 3 4 6 }85794
466	0.9992989819164663	0.9999105064461428	0.1287673846844192	0.18644425498262523	[10, 734, 19, 132, 241, 1031]	{5 1 6 4 }85809
467	0.9993098000967677	0.9999128929409123	0.1287673846844192	0.6123712262989034	[1794, 1791, 420, 158, 10, 1873]	{4 5 4 6 }85717
468	0.9993204513298424	0.9999145060345992	0.1287673846844192	0.2161373864102161	[1792, 232, 10, 158, 420, 1791]	{4 4 4 2 }86006
469	0.9993309381920361	0.9999160892561806	0.1287673846844192	0.1287673846844192	[320, 232, 10, 734, 19, 132]	{6 5 4 6 }86596
470	0.9993412632199368	0.9999176431588439	0.1287673846844192	0.16749872591503795	[320, 232, 10, 158, 420, 1791]	{6 5 6 2 }85338
471	0.9993514289109872	0.9999191682855321	0.1287673846844192	0.41149404560824615	[1820, 10, 734, 19, 132, 217]	{2 4 6 4 }85221
472	0.9993614377240893	0.9999206651691332	0.1287673846844192	0.37706316736195933	[846, 10, 734, 19, 132, 1032]	{6 5 2 5 }86501
473	0.9993712920801989	0.9999218894720787	0.1287673846844192	0.17740604517959738	[1792, 232, 10, 734, 19, 132]	{3 2 5 6 }86328
474	0.999380994362912	0.9999230948814603	0.1287673846844192	0.26929121911740883	[1792, 232, 10, 734, 19, 1987]	{2 6 3 6 }87258
475	0.9993905469190398	0.9999242816888452	0.1287673846844192	0.29307043597569554	[193, 232, 10, 734, 19, 132]	{4 2 3 2 }86690
476	0.9993999520591781	0.9999256838797924	0.1287673846844192	0.1941408295346144	[846, 10, 734, 19, 132, 241]	{6 4 1 3 }85106
477	0.9994092120582648	0.9999270601042407	0.1287673846844192	0.18644425498262523	[10, 734, 19, 132, 241, 1031]	{2 5 6 1 }85226
478	0.9994183291561312	0.999928185719916	0.1287673846844192	0.4041869718413946	[1799, 232, 10, 734, 19, 1987]	{2 5 5 2 }85887
479	0.9994273055580427	0.9999292939649791	0.1287673846844192	0.4026723725695783	[1549, 107, 10, 734, 19, 1987]	{5 1 1 5 }85156
480	0.9994361434352333	0.9999308652102018	0.1287673846844192	0.49850542259787584	[157, 10, 734, 19, 132, 217]	{2 5 4 2 }85420
481	0.9994448449254304	0.999931932105106	0.1287673846844192	0.5973380650016397	[2238, 1549, 162, 107, 10, 1873]	{1 1 5 5 }85925
482	0.9994534121333712	0.9999329825355828	0.1287673846844192	0.3710653913227288	[320, 232, 10, 158, 420, 1582]	{1 4 2 5 }86267
483	0.9994618471313131	0.9999342235997387	0.1287673846844192	0.2161373864102161	[1792, 232, 10, 158, 420, 1791]	{1 6 1 3 }86498
484	0.9994701519595336	0.999935977637079	0.1287673846844192	0.6954018460858666	[1579, 1580, 301, 2729, 438, 970]	{2 2 4 3 }84366
485	0.9994783286268247	0.9999369656365068	0.1287673846844192	0.41970405181790693	[1792, 232, 10, 158, 420, 1582]	{1 2 1 4 }84709
486	0.9994863791109787	0.9999379383890298	0.1287673846844192	0.6601958453775932	[87, 1265, 415, 733, 734, 10]	{2 1 4 2 }85906
487	0.999494305359266	0.9999395933653223	0.1287673846844192	0.24508563114986298	[10, 734, 19, 132, 241, 1126]	{4 1 6 2 }84589
488	0.999502109288907	0.9999407120067053	0.1287673846844192	0.5921234298627334	[2051, 1849, 420, 158, 10, 1873]	{4 5 4 3 }86243
489	0.9995097927875349	0.9999420295176674	0.1287673846844192	0.48287649559483514	[1579, 1580, 438, 2627, 261, 217]	{1 4 2 1 }84932
490	0.9995173577136532	0.9999433177506081	0.1287673846844192	0.7574599320230908	[2627, 438, 3366, 496, 2729, 301]	{4 4 1 5 }86098
491	0.9995248058970845	0.9999445773561502	0.1287673846844192	0.3898182019840681	[2636, 162, 107, 10, 232, 2047]	{2 6 4 3 }87666
492	0.9995321391394135	0.9999456037014066	0.1287673846844192	0.5545273479532086	[2636, 162, 1549, 107, 420, 1791]	{6 5 2 2 }85843
493	0.9995393592144225	0.9999466110402695	0.1287673846844192	0.3261893857210155	[1792, 232, 10, 734, 19, 3308]	{4 5 3 3 }84865
494	0.999546467868521	0.9999475997247089	0.1287673846844192	0.45957053917318497	[1549, 107, 10, 734, 19, 3308]	{3 6 6 1 }85107
495	0.9995534668211672	0.9999489970653833	0.1287673846844192	0.5608636436311459	[846, 10, 232, 1792, 496, 3366]	{3 2 6 5 }85981
496	0.9995603577652851	0.9999501304639303	0.1287673846844192	0.30269924192723124	[1549, 162, 10, 158, 420, 1791]	{1 1 2 3 }86232
497	0.9995671423676726	0.9999509000555364	0.1287673846844192	0.3261893857210155	[1792, 232, 10, 734, 19, 3308]	{4 2 1 3 }85781
498	0.999573822269406	0.9999516577707287	0.1287673846844192	0.3892787551300833	[158, 10, 734, 19, 132, 1032]	{5 6 2 4 }85356
499	0.9995803990862362	0.9999527320424904	0.1287673846844192	0.4492631897240643	[432, 422, 19, 132, 241, 1126]	{2 6 2 4 }86329
