0	0.015432098765432056	0.026666666666666616	0.5948652828045891	0.5948652828045891	[2297, 400, 19, 132, 241, 1031]	{6 5 2 6 }64145
1	0.030626047858558048	0.041687242798353785	0.42089048894888004	0.42089048894888004	[320, 232, 10, 734, 2229, 494]	{3 5 4 2 }59524
2	0.045585522428642	0.05943377533912497	0.20209865776996874	0.20209865776996874	[2047, 232, 10, 734, 19, 132]	{4 5 1 1 }57363
3	0.06031414090968146	0.07394868621352113	0.20209865776996874	0.3710653913227288	[320, 232, 10, 158, 420, 1582]	{3 3 1 6 }55041
4	0.07481546589564314	0.09109778461697438	0.20209865776996874	0.3318017772063142	[193, 232, 10, 158, 420, 1791]	{5 1 5 2 }53546
5	0.08909300500219186	0.10792930712406745	0.20209865776996874	0.2890096056681221	[2872, 241, 132, 19, 734, 10]	{5 2 6 4 }53677
6	0.10315021171512095	0.12775310029908815	0.20209865776996874	0.4161807601939807	[837, 162, 107, 10, 232, 2047]	{1 1 5 2 }54552
7	0.11699048622569008	0.14713636473688618	0.20209865776996874	0.5809632329672156	[87, 1265, 193, 232, 10, 494]	{6 1 4 1 }55315
8	0.13061717625307134	0.16029784058971197	0.20209865776996874	0.6048639728935834	[107, 10, 232, 1792, 496, 3366]	{5 4 2 2 }53295
9	0.1440335778541042	0.17895788857660733	0.20209865776996874	0.4492631897240643	[432, 422, 19, 132, 241, 1126]	{6 2 5 3 }53805
10	0.1572429362205532	0.19162829153067196	0.20209865776996874	0.5062659073349222	[1549, 162, 10, 158, 420, 1582]	{1 2 1 6 }54643
11	0.17024844646406312	0.20659813798380766	0.20209865776996874	0.7427622313767468	[107, 162, 1583, 1013, 156, 1529]	{3 3 3 3 }57075
12	0.18305325438900033	0.2188419938791193	0.20209865776996874	0.21853930910221597	[19, 734, 10, 158, 420, 1791]	{3 4 2 4 }57720
13	0.19566045725336756	0.23330788288135784	0.20209865776996874	0.3261893857210155	[1792, 232, 10, 734, 19, 3308]	{3 5 4 3 }57128
14	0.208073104517976	0.24513955135541088	0.20209865776996874	0.46577998274920906	[1799, 232, 10, 734, 19, 400]	{4 1 6 1 }55666
15	0.22029419858405663	0.25911844855253285	0.20209865776996874	0.3508819983113869	[2047, 232, 10, 734, 19, 1460]	{4 5 4 1 }110145
16	0.2323266955194878	0.2705518058279567	0.20209865776996874	0.6018214113355114	[420, 158, 10, 438, 1580, 301]	{1 4 3 5 }60470
17	0.2441735057738167	0.2938941480414621	0.20209865776996874	0.7218243635057253	[1792, 232, 193, 1265, 808, 331]	{6 2 4 2 }56817
18	0.2558374948822454	0.312723637427023	0.20209865776996874	0.36752751208569656	[2636, 162, 107, 10, 734, 19]	{1 3 6 1 }55458
19	0.2673214841587539	0.32332975413339615	0.20209865776996874	0.4479547611983111	[107, 162, 10, 734, 19, 241]	{4 3 4 1 }55362
20	0.2786282513785262	0.3337721961992388	0.20209865776996874	0.5611848143538429	[1579, 1580, 301, 10, 734, 19]	{6 2 6 1 }53979
21	0.28976053144984526	0.3461097481214751	0.20209865776996874	0.33159198238328924	[377, 162, 107, 10, 232, 2047]	{4 4 3 5 }56516
22	0.30072101707561927	0.36354682150490236	0.20209865776996874	0.5223622203495049	[2047, 232, 1792, 496, 2728, 301]	{3 3 6 5 }55498
23	0.31151235940469924	0.3753329914770338	0.20209865776996874	0.5353684426140051	[193, 232, 10, 158, 420, 1582]	{5 6 3 2 }56838
24	0.32213716867314524	0.3953223357497687	0.20209865776996874	0.7131342838576821	[1265, 193, 232, 1792, 496, 3366]	{6 2 6 1 }57276
25	0.3325980148355967	0.40652007027292114	0.20209865776996874	0.5773405156846985	[2047, 232, 10, 438, 1580, 301]	{2 2 6 6 }61959
26	0.34289742818689917	0.4156787111637711	0.20209865776996874	0.2512539106781674	[1549, 162, 107, 10, 734, 19]	{2 4 3 5 }56053
27	0.35303789997413837	0.42649947577184943	0.20209865776996874	0.2161373864102161	[1792, 232, 10, 158, 420, 1791]	{6 5 5 5 }55653
28	0.3630218829992288	0.43534979250376526	0.20209865776996874	0.2822455695300451	[320, 232, 10, 734, 19, 400]	{6 5 3 3 }59928
29	0.37285179221220366	0.4458062778277696	0.20209865776996874	0.21853930910221597	[19, 734, 10, 158, 420, 1791]	{4 2 4 3 }55679
30	0.38253000529534864	0.45606912453466275	0.20209865776996874	0.4963011283524297	[377, 162, 1549, 107, 420, 1791]	{5 6 3 2 }571677
31	0.3920588632383216	0.4705739478804051	0.20209865776996874	0.318464727358593	[420, 158, 10, 734, 19, 1987]	{1 2 1 1 }57007
32	0.40144067090439683	0.4823389712608406	0.20209865776996874	0.4465486208213214	[193, 232, 10, 734, 19, 400]	{4 5 3 4 }54851
33	0.4106776975879709	0.4961432653605514	0.20209865776996874	0.4527005815675794	[1820, 10, 734, 19, 132, 1032]	{5 3 2 3 }57191
34	0.4197721775634652	0.5073400816858725	0.20209865776996874	0.3898182019840681	[2636, 162, 107, 10, 232, 2047]	{3 5 4 6 }63028
35	0.4287263106257574	0.5149428582030658	0.20209865776996874	0.4418537765171137	[193, 232, 10, 734, 19, 3308]	{2 1 2 3 }64159
36	0.43754226262227347	0.5224283079221543	0.20209865776996874	0.30364947819319865	[320, 232, 10, 734, 19, 241]	{2 3 3 5 }62082
37	0.44622216597686803	0.5330410121905509	0.20209865776996874	0.3898182019840681	[2636, 162, 107, 10, 232, 2047]	{4 4 2 1 }59929
38	0.4547681202056201	0.5416884008536889	0.18644425498262523	0.18644425498262523	[10, 734, 19, 132, 241, 1031]	{1 3 5 4 }58715
39	0.46318219242466907	0.5487611107170578	0.18644425498262523	0.5247141785668131	[1579, 1580, 438, 2729, 496, 3366]	{1 5 4 3 }60630
40	0.47146641785021426	0.5587886415900121	0.18644425498262523	0.26929121911740883	[1792, 232, 10, 734, 19, 1987]	{3 5 2 4 }60301
41	0.4796228002907974	0.5685933384435674	0.18644425498262523	0.2161373864102161	[1792, 232, 10, 158, 420, 1791]	{6 2 6 5 }59760
42	0.48765331263198874	0.5752508486527717	0.18644425498262523	0.6689332552908511	[1549, 162, 1583, 1579, 1580, 301]	{4 4 3 5 }59428
43	0.49555989731359384	0.5818056195068955	0.18644425498262523	0.5537258231524366	[420, 158, 10, 494, 2229, 1529]	{1 5 2 6 }58354
44	0.5033444667994951	0.5895499598863974	0.18644425498262523	0.6661349515163882	[377, 162, 107, 10, 158, 318]	{5 5 4 1 }60563
45	0.5110089040402437	0.5958840654437061	0.18644425498262523	0.48234947979600745	[1529, 2229, 734, 19, 132, 241]	{2 5 4 6 }1266305
46	0.5185550629285114	0.6066604903652073	0.18644425498262523	0.5861082228062998	[2627, 438, 10, 734, 19, 1987]	{1 5 5 2 }217972
47	0.5259847687475159	0.612730544526238	0.18644425498262523	0.30269924192723124	[1549, 162, 10, 158, 420, 1791]	{2 2 2 2 }66439
48	0.5332998186125233	0.621336532425655	0.18644425498262523	0.5069542376032523	[19, 734, 10, 494, 2229, 1529]	{6 3 3 6 }73176
49	0.5405019819055399	0.6283488188622168	0.18644425498262523	0.3541955855528175	[1917, 10, 734, 19, 132, 241]	{1 5 2 6 }60680
50	0.5475930007032939	0.6352312481425462	0.18644425498262523	0.45767084558364435	[158, 10, 734, 19, 132, 1715]	{1 6 5 4 }61145
51	0.5545745901986134	0.6408603955477538	0.18644425498262523	0.3093012924849177	[377, 162, 107, 10, 734, 19]	{6 4 6 6 }62255
52	0.5614484391153014	0.647511128963536	0.18644425498262523	0.39062181355682657	[432, 422, 19, 132, 241, 1031]	{2 1 3 4 }61624
53	0.5682162101166085	0.6540387006493965	0.18644425498262523	0.4099230827104292	[158, 10, 734, 19, 132, 1031]	{5 6 4 4 }58144
54	0.5748795402074016	0.6617267295238544	0.18644425498262523	0.4736607547328072	[846, 10, 734, 19, 422, 432]	{2 5 5 1 }58986
55	0.5814400411301268	0.6692439133122132	0.18644425498262523	0.44439666440827835	[988, 420, 158, 10, 232, 2047]	{5 2 4 2 }59102
56	0.5878992997546619	0.6819449470410242	0.18644425498262523	0.5315804008900062	[2627, 438, 2729, 496, 2728, 301]	{6 6 3 6 }59587
57	0.5942588784621516	0.6878348554291533	0.18644425498262523	0.35228813868837683	[1792, 232, 10, 734, 19, 241]	{3 6 6 1 }58674
58	0.6005203155229208	0.692652218771296	0.18644425498262523	0.2381411587970519	[107, 10, 734, 19, 132, 241]	{3 2 1 4 }60148
59	0.6066851254685548	0.6973952400865537	0.18644425498262523	0.30269924192723124	[1549, 162, 10, 158, 420, 1791]	{6 4 4 4 }61585
60	0.6127547994582376	0.7020650666284279	0.18644425498262523	0.5530852052700764	[1549, 107, 10, 158, 420, 1582]	{6 2 5 2 }1393208
61	0.6187308056394376	0.707582380209383	0.18644425498262523	0.33407262502458396	[1849, 420, 158, 10, 734, 19]	{1 3 3 5 }317078
62	0.6246145895030265	0.7120949977987443	0.1287673846844192	0.1287673846844192	[320, 232, 10, 734, 19, 132]	{5 6 2 6 }84819
63	0.630407574232918	0.719772464524111	0.1287673846844192	0.5376696922740493	[734, 19, 132, 1031, 241, 1126]	{6 1 3 2 }93143
64	0.6361111610503113	0.7240969635283686	0.1287673846844192	0.6511709848779684	[320, 232, 10, 734, 811, 3284]	{6 4 6 3 }89660
65	0.6417267295526212	0.7314543778342788	0.1287673846844192	0.49860293004999257	[2047, 232, 10, 734, 2229, 1529]	{6 2 2 3 }89072
66	0.6472556380471796	0.7364274449114216	0.1287673846844192	0.5545273479532086	[2636, 162, 1549, 107, 420, 1791]	{6 2 1 1 }83801
67	0.6526992238797849	0.7434560463804505	0.1287673846844192	0.5921234298627334	[2051, 1849, 420, 158, 10, 1873]	{4 3 3 2 }94280
68	0.6580588037581832	0.7482068603363681	0.1287673846844192	0.39062181355682657	[432, 422, 19, 132, 241, 1031]	{6 2 3 5 }90982
69	0.6633356740705569	0.7538022634400043	0.1287673846844192	0.5735862738432738	[2636, 162, 1549, 107, 10, 1873]	{2 3 4 2 }84116
70	0.6685311111990977	0.7592733242524486	0.1287673846844192	0.3318017772063142	[193, 232, 10, 158, 420, 1791]	{2 4 2 2 }99303
71	0.6736463718287411	0.763731225655181	0.1287673846844192	0.5650084163891905	[2627, 301, 10, 158, 420, 1791]	{1 6 2 4 }104602
72	0.6786826932511372	0.7700317263043762	0.1287673846844192	0.48287649559483514	[1579, 1580, 438, 2627, 261, 217]	{6 2 6 1 }87914
73	0.6836412936639282	0.773580619416963	0.1287673846844192	0.2381411587970519	[107, 10, 734, 19, 132, 241]	{4 5 2 6 }88707
74	0.6885233724654107	0.7770747456605284	0.1287673846844192	0.2512539106781674	[1549, 162, 107, 10, 734, 19]	{3 5 1 6 }117205
75	0.6933301105446482	0.7812029911112593	0.1287673846844192	0.5808899061631212	[837, 162, 1549, 107, 420, 1791]	{4 1 1 2 }2119241
76	0.6980626705671074	0.787037578014959	0.1287673846844192	0.5052234748401319	[1792, 496, 2729, 438, 2627, 301]	{5 6 4 6 }127584
77	0.7027221972558866	0.7903240351443578	0.1287673846844192	0.6683122938904253	[193, 232, 10, 438, 1580, 301]	{4 5 6 3 }96540
78	0.7073098176686043	0.7935597753427474	0.1287673846844192	0.2381411587970519	[107, 10, 734, 19, 132, 241]	{5 4 2 1 }85799
79	0.7118266414700147	0.7990648480002741	0.1287673846844192	0.18644425498262523	[10, 734, 19, 132, 241, 1031]	{4 1 6 5 }83937
80	0.7162737612004157	0.803530073600268	0.1287673846844192	0.3756492218095388	[2309, 420, 158, 10, 232, 2047]	{1 5 5 3 }84617
81	0.7206522525399155	0.8065620169089058	0.1287673846844192	0.43225651716107677	[158, 10, 734, 19, 132, 168]	{6 1 5 2 }83868
82	0.7249631745686205	0.8095471709689536	0.1287673846844192	0.759331653723748	[320, 232, 193, 1265, 415, 10]	{6 1 6 1 }86239
83	0.7292075700228084	0.8137794560585323	0.1287673846844192	0.6378052612196171	[1820, 733, 734, 19, 132, 241]	{4 1 5 6 }84618
84	0.7333864655471478	0.817227984650041	0.1287673846844192	0.35228813868837683	[1792, 232, 10, 734, 19, 241]	{6 1 1 2 }85956
85	0.7375008719430252	0.8206126516009662	0.1287673846844192	0.5276173071275932	[320, 232, 10, 107, 420, 1791]	{1 4 6 4 }85343
86	0.7415517844130401	0.8245990371209447	0.1287673846844192	0.33088423002522327	[1792, 232, 10, 734, 19, 400]	{1 2 3 1 }130935
87	0.7455401828017278	0.8302118679330744	0.1287673846844192	0.46327330397949845	[10, 232, 1792, 496, 2728, 301]	{5 2 4 3 }122061
88	0.7494670318325654	0.8328320551563295	0.1287673846844192	0.18644425498262523	[10, 734, 19, 132, 241, 1031]	{6 4 2 5 }107936
89	0.753333281341322	0.8359277578386197	0.1287673846844192	0.5815936667923084	[734, 19, 132, 1031, 241, 2872]	{2 4 3 1 }106568
90	0.7571398665058078	0.8389661326934601	0.1287673846844192	0.9098851503768688	[394, 193, 1265, 87, 1529, 156]	{1 1 4 1 }1970366
91	0.7608877080720762	0.8419482413472849	0.1287673846844192	0.1941408295346144	[846, 10, 734, 19, 132, 241]	{2 4 5 3 }91714
92	0.7645777125771367	0.8443873116968639	0.1287673846844192	0.16749872591503795	[320, 232, 10, 158, 420, 1791]	{2 2 1 1 }82811
93	0.7682107725682302	0.847269028146922	0.1287673846844192	0.6125752624259981	[837, 162, 1549, 107, 10, 494]	{4 4 4 3 }82198
94	0.7717877668187205	0.8500973794775344	0.1287673846844192	0.5999488320531864	[837, 162, 1549, 107, 10, 1873]	{3 1 1 2 }82050
95	0.7753095605406538	0.8528733539316542	0.1287673846844192	0.20209865776996874	[2047, 232, 10, 734, 19, 132]	{2 5 4 6 }81383
96	0.7787770055940388	0.8555979214514383	0.1287673846844192	0.3223254567873786	[1873, 10, 734, 19, 132, 241]	{6 1 5 4 }82194
97	0.7821909406928962	0.8588068565302953	0.1287673846844192	0.39062181355682657	[432, 422, 19, 132, 241, 1031]	{2 3 4 2 }85345
98	0.7855521916081293	0.8609857630653216	0.1287673846844192	0.2822455695300451	[320, 232, 10, 734, 19, 400]	{1 4 6 5 }90299
99	0.7888615713672631	0.8635601007863342	0.1287673846844192	0.5622342297886197	[420, 162, 107, 10, 232, 2047]	{2 1 1 2 }90573
100	0.7921198804511016	0.8665920985466378	0.1287673846844192	0.5286043096192637	[2238, 1549, 107, 10, 232, 2047]	{4 1 1 5 }86902
101	0.79532790698735	0.8686508624579552	0.1287673846844192	0.318464727358593	[420, 158, 10, 734, 19, 1987]	{3 6 6 1 }92580
102	0.7984864269412489	0.8728540348593006	0.1287673846844192	0.614061877125219	[1579, 1580, 301, 2728, 496, 3366]	{2 3 3 5 }128271
103	0.8015962043032667	0.8752085897693135	0.1287673846844192	0.2735446005765389	[1549, 162, 107, 10, 232, 2047]	{4 5 5 4 }135834
104	0.8046579912738953	0.8779817322188843	0.1287673846844192	0.2161373864102161	[1792, 232, 10, 158, 420, 1791]	{1 6 3 3 }145664
105	0.8076725284455943	0.8806932492806869	0.1287673846844192	0.5329543900991072	[2627, 438, 10, 158, 420, 1791]	{3 6 5 5 }979200
106	0.8106405449819278	0.8829026335532668	0.1287673846844192	0.42375346724447405	[1743, 1742, 400, 19, 132, 241]	{5 4 6 5 }94331
107	0.8135627587939351	0.8855047972520831	0.1287673846844192	0.5673859559919853	[3621, 1720, 132, 19, 734, 10]	{4 6 3 3 }82233
108	0.8164398767137817	0.8872716985290571	0.1287673846844192	0.3649578416273432	[107, 162, 10, 734, 19, 1987]	{2 5 5 2 }92348
109	0.8192725946657295	0.8890113328110161	0.1287673846844192	0.16749872591503795	[320, 232, 10, 158, 420, 1791]	{3 5 6 2 }89799
110	0.8220615978344683	0.8907241208849201	0.1287673846844192	0.6998677937601205	[377, 162, 1549, 107, 420, 1582]	{5 5 5 2 }85686
111	0.8248075608308499	0.8942209490166028	0.1287673846844192	0.4490309472639553	[320, 232, 1792, 496, 2728, 301]	{2 3 5 6 }86207
112	0.8275111478550652	0.8965715945940116	0.1287673846844192	0.2161373864102161	[1792, 232, 10, 158, 420, 1791]	{6 2 6 1 }92116
113	0.8301730128573019	0.8981677119613879	0.1287673846844192	0.425271656964443	[320, 232, 10, 734, 2229, 1529]	{2 6 1 4 }102376
114	0.8327937996959238	0.9000534950732141	0.1287673846844192	0.20209865776996874	[2047, 232, 10, 734, 19, 132]	{1 6 4 2 }119644
115	0.8353741422932088	0.901904356275562	0.1287673846844192	0.3769807512787482	[2047, 232, 10, 734, 19, 241]	{2 4 4 1 }105711
116	0.837914664788684	0.9040842594694384	0.1287673846844192	0.2730726676895317	[107, 162, 10, 734, 19, 132]	{2 6 1 4 }112627
117	0.8404159816900932	0.9058604768866709	0.1287673846844192	0.2939838317077802	[2047, 232, 10, 734, 19, 1987]	{2 3 6 3 }108834
118	0.8428786980220363	0.9073132473050866	0.1287673846844192	0.2161373864102161	[1792, 232, 10, 158, 420, 1791]	{5 3 3 3 }96745
119	0.8453034094723135	0.9093729529205291	0.1287673846844192	0.7220802149994234	[2149, 420, 158, 1557, 15, 432]	{2 2 4 2 }106724
120	0.8476907025360123	0.9110512315701489	0.1287673846844192	0.32201528250336287	[377, 162, 10, 734, 19, 132]	{3 1 4 4 }109742
121	0.8500411546573702	0.9138975921599042	0.1287673846844192	0.6235405177423026	[87, 1265, 415, 10, 232, 2047]	{2 3 1 1 }2908622
122	0.8523553343694478	0.91549208119398	0.1287673846844192	0.18644425498262523	[10, 734, 19, 132, 241, 1031]	{2 1 5 4 }92354
123	0.8546338014316477	0.9170570426533508	0.1287673846844192	0.3533585319111673	[2309, 420, 158, 10, 734, 19]	{5 6 1 4 }88522
124	0.8568771069651099	0.9185930233449553	0.1287673846844192	0.42655085253515757	[107, 162, 10, 734, 19, 400]	{4 2 1 2 }88939
125	0.8590857935860187	0.920402067270623	0.1287673846844192	0.4927957536832894	[1792, 496, 2729, 438, 1580, 301]	{1 1 2 2 }90252
126	0.8612603955368516	0.9218761030619078	0.1287673846844192	0.4712574088651028	[158, 10, 734, 19, 241, 1031]	{3 2 3 1 }85686
127	0.8634014388156039	0.9239594069802569	0.1287673846844192	0.5597491176370573	[1579, 1580, 438, 2729, 301, 10]	{6 6 2 1 }90378
128	0.8655094413030175	0.9251328729219196	0.1287673846844192	0.2512539106781674	[1549, 162, 107, 10, 734, 19]	{1 5 1 1 }87000
129	0.8675849128878474	0.9262882298212727	0.1287673846844192	0.2161373864102161	[1792, 232, 10, 158, 420, 1791]	{2 1 3 4 }90037
130	0.8696283555901955	0.9286470064669919	0.1287673846844192	0.4490309472639553	[320, 232, 1792, 496, 2728, 301]	{1 3 2 1 }89305
131	0.8716402636829393	0.9299683581990847	0.1287673846844192	0.17740604517959738	[1792, 232, 10, 734, 19, 132]	{6 2 1 5 }91356
132	0.8736211238112891	0.9312652404546572	0.1287673846844192	0.47944171518065637	[1579, 1580, 438, 10, 734, 19]	{1 4 5 4 }91251
133	0.8755714151104975	0.9334647527601082	0.1287673846844192	0.6203373513242998	[846, 10, 734, 19, 241, 1729]	{2 4 4 1 }89487
134	0.8774916093217553	0.9344915312668967	0.1287673846844192	0.38024150210414165	[2636, 162, 10, 734, 19, 132]	{4 5 6 6 }89809
135	0.8793821709062961	0.9355024644263581	0.1287673846844192	0.3093012924849177	[377, 162, 107, 10, 734, 19]	{1 4 2 5 }104821
136	0.8812435571577422	0.9369357429946612	0.1287673846844192	0.6427710166013454	[1579, 1580, 438, 2627, 261, 165]	{6 2 4 6 }3305053
137	0.8830762183127152	0.9383371709281132	0.1287673846844192	0.5654692691124857	[1743, 1742, 400, 19, 132, 217]	{5 5 4 6 }84121
138	0.8848805976597413	0.9392887577965066	0.1287673846844192	0.6683122938904253	[193, 232, 10, 438, 1580, 301]	{3 3 6 6 }82297
139	0.8866571316464736	0.9404130400595342	0.1287673846844192	0.5292449275016238	[2047, 232, 10, 494, 2229, 1529]	{6 6 2 5 }82274
140	0.8884062499852626	0.9417371947248778	0.1287673846844192	0.44439666440827835	[988, 420, 158, 10, 232, 2047]	{1 1 1 1 }82876
141	0.890128375757095	0.9426363120902347	0.1287673846844192	0.20635641730273835	[158, 10, 734, 19, 132, 241]	{6 4 5 3 }82422
142	0.89182392551393	0.9435215541876076	0.1287673846844192	0.46108513844500126	[1019, 1799, 232, 10, 734, 19]	{4 3 5 6 }84796
143	0.8934933093794557	0.9447766307612163	0.1287673846844192	0.6366161152315299	[158, 10, 232, 193, 394, 432]	{1 6 6 6 }88337
144	0.8951369311482913	0.9457992857471197	0.1287673846844192	0.20209865776996874	[2047, 232, 10, 734, 19, 132]	{1 3 5 5 }86778
145	0.8967551883836571	0.9466357165226271	0.1287673846844192	0.4856692921405462	[1549, 107, 10, 734, 19, 241]	{4 6 4 3 }86325
146	0.898348472513539	0.9476239439944303	0.1287673846844192	0.4527005815675794	[1820, 10, 734, 19, 132, 1032]	{6 3 2 2 }88179
147	0.8999171689253671	0.9485938709574965	0.1287673846844192	0.527901476747213	[1792, 232, 10, 734, 19, 77]	{4 2 4 3 }86360
148	0.9014616570592349	0.9495458363101353	0.1287673846844192	0.5847509154931978	[320, 232, 10, 107, 162, 3284]	{3 2 2 5 }88441
149	0.9029823104996788	0.950667039947688	0.1287673846844192	0.5230838257008054	[420, 158, 10, 734, 2229, 1529]	{2 3 5 5 }88405
150	0.9044794970660417	0.9517633279488504	0.1287673846844192	0.41970405181790693	[1792, 232, 10, 158, 420, 1582]	{5 5 4 4 }97146
151	0.9059535789014423	0.9528352539944316	0.1287673846844192	0.5247141785668131	[1579, 1580, 438, 2729, 496, 3366]	{3 3 2 6 }3195068
152	0.9074049125603707	0.95409298055458	0.1287673846844192	0.33585663140262606	[846, 10, 734, 19, 132, 217]	{5 4 2 5 }102895
153	0.9088338490949328	0.95494311054431	0.1287673846844192	0.18644425498262523	[10, 734, 19, 132, 241, 1031]	{1 6 5 3 }87302
154	0.9102407341397641	0.9557774973860821	0.1287673846844192	0.26977824374023446	[1820, 10, 734, 19, 132, 241]	{5 1 3 4 }86288
155	0.9116259079956319	0.9564599434140746	0.1287673846844192	0.31230179790358314	[1799, 232, 10, 734, 19, 132]	{5 3 6 6 }86269
156	0.9129897057117488	0.9571318578675612	0.1287673846844192	0.20635641730273835	[158, 10, 734, 19, 132, 241]	{2 4 5 6 }86722
157	0.9143324571668143	0.9587779945254468	0.1287673846844192	0.5223622203495049	[2047, 232, 1792, 496, 2729, 301]	{6 6 6 3 }90005
158	0.9156544871488079	0.9594141365852392	0.1287673846844192	0.5353684426140051	[193, 232, 10, 158, 420, 1582]	{6 6 5 1 }87770
159	0.9169561154335486	0.9604964262762995	0.1287673846844192	0.5262770751585718	[2627, 301, 10, 734, 19, 132]	{5 1 2 5 }85799
160	0.9182376568620432	0.9613742834701595	0.1287673846844192	0.47818075077320266	[1579, 1580, 301, 2627, 438, 3366]	{2 2 2 2 }87570
161	0.9194994214166413	0.962404302577622	0.1287673846844192	0.5276865571949214	[734, 10, 232, 193, 394, 432]	{1 1 2 2 }87622
162	0.9207417142960141	0.9629844830933993	0.1287673846844192	0.1287673846844192	[320, 232, 10, 734, 19, 132]	{2 1 3 5 }87895
163	0.9219648359889768	0.9636699556287068	0.1287673846844192	0.3710319774454073	[2654, 232, 10, 734, 19, 132]	{4 3 2 2 }89831
164	0.9231690823471717	0.9642306044615971	0.1287673846844192	0.7628150490276189	[1879, 496, 1792, 232, 10, 161]	{6 6 2 5 }242056
165	0.9243547446566289	0.9648930006752713	0.1287673846844192	0.4858763425009312	[158, 10, 734, 19, 422, 432]	{3 4 4 1 }215458
166	0.9255221097082241	0.9656731562158207	0.1287673846844192	0.4956783435985729	[1820, 10, 734, 19, 132, 168]	{6 3 5 6 }3527664
167	0.9266714598670478	0.9662028914594037	0.1287673846844192	0.40146164692956093	[2149, 420, 158, 10, 734, 19]	{2 4 2 4 }95272
168	0.9278030731407044	0.9668287638397852	0.1287673846844192	0.41390045644117435	[377, 162, 10, 734, 19, 1987]	{2 1 2 3 }95775
169	0.9289172232465578	0.9674430459909003	0.1287673846844192	0.2735446005765389	[1549, 162, 107, 10, 232, 2047]	{3 4 4 2 }95119
170	0.9300141796779381	0.9679454681206704	0.1287673846844192	0.2381411587970519	[107, 10, 734, 19, 132, 241]	{4 3 6 1 }94599
171	0.9310942077693279	0.9684401368225118	0.1287673846844192	0.1287673846844192	[320, 232, 10, 734, 19, 132]	{5 4 6 5 }94424
172	0.932157568760542	0.9689271717480904	0.1287673846844192	0.1287673846844192	[320, 232, 10, 734, 19, 132]	{5 1 4 6 }94729
173	0.9332045198599164	0.9699215022521515	0.1287673846844192	0.5005220038700334	[1580, 438, 2729, 496, 2728, 301]	{6 6 5 3 }95280
174	0.9342353143065225	0.9705899133132148	0.1287673846844192	0.7175255635843119	[193, 394, 432, 422, 19, 1987]	{3 6 1 6 }96486
175	0.9352502014314219	0.9710437726756652	0.1287673846844192	0.2512539106781674	[1549, 162, 107, 10, 734, 19]	{2 3 5 2 }94345
176	0.936249426717974	0.9718159387376475	0.1287673846844192	0.2939838317077802	[2047, 232, 10, 734, 19, 1987]	{3 2 2 6 }107217
177	0.9372332318612151	0.972250877954659	0.1287673846844192	0.5353684426140051	[193, 232, 10, 158, 420, 1582]	{5 4 6 2 }111322
178	0.9382018548263199	0.9728675251112222	0.1287673846844192	0.4161807601939807	[837, 162, 107, 10, 232, 2047]	{5 5 2 3 }104462
179	0.9391555299061606	0.9734704689976394	0.1287673846844192	0.5258921221950695	[1873, 10, 734, 19, 132, 1031]	{2 4 1 2 }101779
180	0.9400944877779791	0.9739617566087942	0.1287673846844192	0.6299138157588855	[1820, 10, 107, 162, 420, 1791]	{3 3 5 1 }113642
181	0.9410189555591831	0.9743635813524857	0.1287673846844192	0.47944171518065637	[1579, 1580, 438, 10, 734, 19]	{5 6 4 5 }3636423
182	0.9419291568622822	0.9747592050970462	0.1287673846844192	0.5175169190703213	[1799, 1019, 10, 734, 19, 132]	{6 3 4 3 }420119
183	0.9428253118489753	0.9752266272248786	0.1287673846844192	0.4127512412380307	[1549, 162, 10, 734, 19, 3308]	{6 1 4 5 }108014
184	0.9437076372834047	0.9757771466198814	0.1287673846844192	0.67856464890317	[2051, 1849, 420, 158, 10, 161]	{3 1 3 1 }102891
185	0.9445763465845868	0.9762257179787724	0.1287673846844192	0.2939838317077802	[2047, 232, 10, 734, 19, 1987]	{2 6 5 5 }95089
186	0.9454316498780345	0.9765926050470012	0.1287673846844192	0.21853930910221597	[19, 734, 10, 158, 420, 1791]	{2 3 1 2 }93016
187	0.9462737540465833	0.9772168022457478	0.1287673846844192	0.48471517633303335	[811, 734, 10, 158, 420, 1791]	{5 5 3 4 }92999
188	0.9471028627804323	0.9776387133152711	0.1287673846844192	0.6833764703768513	[734, 19, 132, 1720, 241, 1126]	{3 2 5 6 }90971
189	0.9479191766264133	0.9780528112168401	0.1287673846844192	0.49689737601214234	[377, 162, 10, 734, 19, 241]	{4 3 3 1 }93717
190	0.9487228930364995	0.9783915024017654	0.1287673846844192	0.43225651716107677	[158, 10, 734, 19, 132, 168]	{2 3 5 4 }96245
191	0.9495142064155659	0.9787916597646956	0.1287673846844192	0.4099230827104292	[158, 10, 734, 19, 132, 1031]	{5 1 6 5 }93133
192	0.9502933081684121	0.9791844068060902	0.1287673846844192	0.2735446005765389	[1549, 162, 107, 10, 232, 2047]	{3 3 2 1 }92476
193	0.9510603867460601	0.9795698807541255	0.1287673846844192	0.3508819983113869	[2047, 232, 10, 734, 19, 1460]	{5 4 3 5 }92451
194	0.9518156276913369	0.9799482162957158	0.1287673846844192	0.7223634798119036	[193, 232, 10, 158, 420, 1550]	{4 4 3 1 }95180
195	0.9525592136837545	0.9803195456235729	0.1287673846844192	0.20209865776996874	[2047, 232, 10, 734, 19, 132]	{3 2 5 1 }95084
196	0.9532913245836966	0.9808443577402777	0.1287673846844192	0.3533585319111673	[2309, 420, 158, 10, 734, 19]	{2 1 2 1 }2595154
197	0.9540121374759235	0.9813551748672036	0.1287673846844192	0.6890002603599941	[1879, 496, 1792, 232, 10, 494]	{3 1 3 1 }104572
198	0.9547218267124061	0.9818523702040781	0.1287673846844192	0.6273201326521649	[1743, 1742, 400, 19, 132, 1031]	{4 3 5 5 }108954
199	0.9554205639544987	0.9821324262194473	0.1287673846844192	0.39062181355682657	[432, 422, 19, 132, 241, 1031]	{6 1 4 6 }114951
200	0.9561085182144601	0.9825294834145707	0.1287673846844192	0.7366510579420419	[734, 10, 301, 2729, 438, 3366]	{4 4 4 1 }122353
201	0.9567858558963357	0.9828530114994861	0.1287673846844192	0.9580834868754017	[87, 1265, 415, 10, 158, 318]	{4 5 3 3 }102127
202	0.9574527408362071	0.9834017151315025	0.1287673846844192	0.4640412586553903	[1873, 10, 734, 19, 132, 217]	{1 5 4 4 }104076
203	0.9581093343418212	0.98365786150293	0.1287673846844192	0.3892787551300833	[158, 10, 734, 19, 132, 1032]	{3 1 4 4 }118948
204	0.9587557952316079	0.9840936518628518	0.1287673846844192	0.5773405156846985	[2047, 232, 10, 438, 1580, 301]	{2 2 2 6 }127068
205	0.9593922798730954	0.9843882138653915	0.1287673846844192	0.2408299990005875	[2047, 232, 10, 158, 420, 1791]	{6 6 6 1 }113552
206	0.9600189422207328	0.9847351424461607	0.1287673846844192	0.5933206114698367	[1820, 10, 734, 19, 241, 1126]	{6 4 6 2 }117433
207	0.960635933853129	0.9849707112355718	0.1287673846844192	0.2639679006966125	[1549, 162, 10, 734, 19, 132]	{4 2 3 4 }117572
208	0.9612434040097164	0.9852026447041586	0.1287673846844192	0.5040092425991489	[320, 232, 10, 438, 1580, 301]	{6 1 1 4 }122018
209	0.9618414996268504	0.9854766698022298	0.1287673846844192	0.5545998045418927	[1799, 232, 10, 158, 420, 1582]	{4 5 2 4 }111254
210	0.9624303653733497	0.9858639586075036	0.1287673846844192	0.5560910049610733	[1549, 162, 10, 734, 2229, 494]	{5 5 1 1 }100841
211	0.9630101436854893	0.9861780928606703	0.1287673846844192	0.555049825786327	[19, 734, 10, 438, 1580, 301]	{3 5 3 4 }3889249
212	0.963580974801454	0.9864852463526553	0.1287673846844192	0.355853074634424	[1549, 162, 10, 734, 19, 1987]	{5 1 5 4 }315948
213	0.9641429967952587	0.9867355195683469	0.1287673846844192	0.384955609913507	[1265, 193, 232, 10, 734, 19]	{4 5 1 3 }96504
214	0.9646963456101467	0.9870302858001614	0.1287673846844192	0.3898182019840681	[2636, 162, 107, 10, 232, 2047]	{3 6 2 4 }100606
215	0.9652411550914716	0.9872304357106527	0.1287673846844192	0.1287673846844192	[320, 232, 10, 734, 19, 132]	{3 5 2 4 }92310
216	0.9657775570190723	0.9875709574250353	0.1287673846844192	0.26977824374023446	[1820, 10, 734, 19, 132, 241]	{3 1 6 2 }91187
217	0.9663056811391484	0.9878471583711457	0.1287673846844192	0.3898182019840681	[2636, 162, 107, 10, 232, 2047]	{4 6 4 1 }91678
218	0.966825655195643	0.9880722109939022	0.1287673846844192	0.614061877125219	[1579, 1580, 301, 2729, 496, 3366]	{4 3 3 3 }92580
219	0.9673376049611423	0.9882562818118976	0.1287673846844192	0.16749872591503795	[320, 232, 10, 158, 420, 1791]	{5 4 5 4 }92436
220	0.9678416542672975	0.9884737580746402	0.1287673846844192	0.24508563114986298	[10, 734, 19, 132, 241, 1126]	{3 1 5 4 }93438
221	0.9683379250347776	0.9887298967840926	0.1287673846844192	0.49909583386846557	[1743, 1742, 400, 19, 734, 10]	{6 2 2 2 }94833
222	0.9688265373027594	0.988980343522224	0.1287673846844192	0.5545273479532086	[2636, 162, 1549, 107, 420, 1791]	{2 2 4 3 }96238
223	0.9693076092579637	0.9891503999493501	0.1287673846844192	0.2512539106781674	[1549, 162, 107, 10, 734, 19]	{2 6 6 5 }98707
224	0.969781257263242	0.9893513184688065	0.1287673846844192	0.17740604517959738	[1792, 232, 10, 734, 19, 132]	{2 4 1 3 }102607
225	0.9702475958857228	0.9895156499739176	0.1287673846844192	0.20635641730273835	[158, 10, 734, 19, 132, 241]	{6 1 4 5 }112942
226	0.9707067379245234	0.9896774454990115	0.1287673846844192	0.4610851384450013	[1799, 232, 10, 734, 19, 1460]	{6 5 6 1 }3181274
227	0.9711587944380339	0.9899068355990334	0.1287673846844192	0.409763318676026	[2654, 232, 10, 158, 420, 1791]	{6 4 2 4 }136872
228	0.9716038747707803	0.9901311281412771	0.1287673846844192	0.614061877125219	[1579, 1580, 301, 2728, 496, 3366]	{2 2 6 3 }95073
229	0.9720420865798731	0.9903504364048042	0.1287673846844192	0.3756492218095388	[2309, 420, 158, 10, 232, 2047]	{3 3 2 2 }102275
230	0.9724735358610479	0.9906077581006761	0.1287673846844192	0.35228813868837683	[1792, 232, 10, 734, 19, 241]	{4 6 4 1 }94981
231	0.9728983269743033	0.9908164745873278	0.1287673846844192	0.6133339985552317	[193, 232, 1792, 496, 2728, 301]	{1 3 4 3 }106472
232	0.9733165626691443	0.9909581956585111	0.1287673846844192	0.22657955342078154	[420, 158, 10, 734, 19, 132]	{1 6 2 6 }106031
233	0.9737283441094353	0.9910977296761266	0.1287673846844192	0.22657955342078154	[420, 158, 10, 734, 19, 132]	{1 6 2 6 }94862
234	0.97413377089787	0.991295557905546	0.1287673846844192	0.22657955342078154	[420, 158, 10, 734, 19, 132]	{2 1 5 1 }103089
235	0.9745329411000634	0.9914567512776655	0.1287673846844192	0.3223254567873786	[1873, 10, 734, 19, 132, 241]	{5 4 1 2 }114073
236	0.9749259512682722	0.9916845712435944	0.1287673846844192	0.5376696922740493	[734, 19, 132, 1031, 241, 1126]	{6 4 2 1 }102425
237	0.9753128964647495	0.9918385606650093	0.1287673846844192	0.5643132891416724	[377, 162, 10, 158, 420, 1582]	{2 2 2 4 }97328
238	0.975693870284738	0.991964508802895	0.1287673846844192	0.45591365441607423	[320, 232, 10, 494, 2229, 1529]	{4 4 3 1 }105933
239	0.9760689648791093	0.9920885132966775	0.1287673846844192	0.3107871986317668	[1549, 107, 10, 734, 19, 132]	{5 1 6 5 }103335
240	0.9764382709766539	0.992235022309702	0.1287673846844192	0.33585663140262606	[846, 10, 734, 19, 132, 217]	{3 2 6 6 }103511
241	0.9768018779060265	0.9923788181928557	0.1287673846844192	0.39062181355682657	[432, 422, 19, 132, 241, 1031]	{3 6 2 5 }3147812
242	0.9771598736173532	0.9925820497077128	0.1287673846844192	0.35557684261559463	[2047, 232, 10, 734, 19, 400]	{6 1 6 5 }1235515
243	0.9775123447035052	0.99271941915757	0.1287673846844192	0.4871838914123626	[1799, 232, 10, 734, 19, 241]	{5 6 5 1 }131653
244	0.9778593764210437	0.9928812098429574	0.1287673846844192	0.5650756242511695	[1792, 232, 10, 438, 2627, 301]	{5 5 4 6 }99653
245	0.9782010527108425	0.9930394051797805	0.1287673846844192	0.5069542376032523	[19, 734, 10, 494, 2229, 1529]	{5 4 4 3 }93591
246	0.9785374562183912	0.9931468217665123	0.1287673846844192	0.22065255862223065	[320, 232, 10, 734, 19, 1987]	{3 6 1 1 }91030
247	0.9788686683137864	0.9932525806898685	0.1287673846844192	0.29307043597569554	[193, 232, 10, 734, 19, 132]	{5 2 3 4 }89752
248	0.9791947691114131	0.9934684981077928	0.1287673846844192	0.4490309472639553	[320, 232, 1792, 496, 2728, 301]	{1 4 6 1 }91354
249	0.9795158374893234	0.9936775061683434	0.1287673846844192	0.6546911930944466	[1849, 420, 158, 1557, 15, 432]	{6 6 3 6 }89981
250	0.9798319511083153	0.9937945893874481	0.1287673846844192	0.21853930910221597	[19, 734, 10, 158, 420, 1791]	{5 3 2 5 }91272
251	0.9801431864307178	0.9938903518969011	0.1287673846844192	0.38024150210414165	[2636, 162, 10, 734, 19, 132]	{4 2 5 2 }94194
252	0.9804496187388858	0.9940261218547478	0.1287673846844192	0.35103313913420187	[1799, 232, 10, 158, 420, 1791]	{5 1 4 3 }91663
253	0.9807513221534092	0.9941854252719545	0.1287673846844192	0.4927957536832894	[1792, 496, 2729, 438, 1580, 301]	{2 3 2 1 }94490
254	0.9810483696510417	0.9943404805980357	0.1287673846844192	0.3223254567873786	[1873, 10, 734, 19, 132, 241]	{1 5 4 3 }99551
255	0.9813408330823528	0.9944278188604118	0.1287673846844192	0.29307043597569554	[193, 232, 10, 734, 19, 132]	{5 1 4 3 }102841
256	0.9816287831891066	0.9945310074000338	0.1287673846844192	0.2161373864102161	[1792, 232, 10, 158, 420, 1791]	{4 1 1 1 }3244384
257	0.9819122896213734	0.9946154054339839	0.1287673846844192	0.6331636049638525	[10, 107, 162, 1583, 1013, 156]	{2 4 4 5 }233230
258	0.982191420954377	0.9947350630910063	0.1287673846844192	0.3898182019840681	[2636, 162, 107, 10, 232, 2047]	{1 2 1 3 }111333
259	0.982466244705081	0.9948325619226545	0.1287673846844192	0.6828452764753028	[377, 162, 107, 10, 494, 2626]	{2 4 3 1 }121179
260	0.9827368273485212	0.9949282552203831	0.1287673846844192	0.384955609913507	[193, 232, 10, 734, 19, 1987]	{5 4 1 2 }110934
261	0.9830032343338835	0.9950065228867352	0.1287673846844192	0.5519173437841476	[432, 422, 19, 132, 241, 1729]	{4 3 6 2 }100126
262	0.9832655301003359	0.995098994685129	0.1287673846844192	0.37785252539417236	[1792, 232, 10, 734, 19, 409]	{5 3 1 2 }92582
263	0.9835237780926147	0.9952558268552049	0.1287673846844192	0.6133339985552317	[193, 232, 1792, 496, 2729, 301]	{2 2 3 1 }92349
264	0.9837780407763707	0.9953612529250891	0.1287673846844192	0.5553874008554724	[837, 162, 10, 734, 19, 3308]	{3 2 2 5 }93086
265	0.9840283796532785	0.9954643361934206	0.1287673846844192	0.42375233682793245	[2149, 420, 158, 10, 232, 2047]	{4 4 4 1 }92946
266	0.9842748552759131	0.9955483299676164	0.1287673846844192	0.5601596989385976	[1879, 232, 10, 734, 19, 1987]	{2 5 2 6 }93850
267	0.9845175272623958	0.9956170285792273	0.1287673846844192	0.5530852052700764	[1549, 107, 10, 158, 420, 1582]	{5 5 5 2 }238438
268	0.9847564543108157	0.995698194716649	0.1287673846844192	0.33159198238328924	[377, 162, 107, 10, 232, 2047]	{3 4 2 2 }121158
269	0.9849916942134266	0.9957937903896124	0.1287673846844192	0.318464727358593	[420, 158, 10, 734, 19, 1987]	{2 1 5 5 }113149
270	0.9852233038706267	0.9958872617142877	0.1287673846844192	0.5519173437841476	[432, 422, 19, 132, 241, 1729]	{5 2 1 6 }100074
271	0.9854513393047221	0.9959786558984146	0.1287673846844192	0.5017324050790279	[1579, 1580, 438, 10, 232, 2047]	{6 1 5 1 }3133645
272	0.9856758556734764	0.996068019100672	0.1287673846844192	0.5422153628981279	[1792, 232, 10, 162, 420, 1791]	{2 6 1 3 }161032
273	0.9858969072834536	0.9961553964539904	0.1287673846844192	0.5339997284818205	[811, 734, 19, 132, 241, 1031]	{5 3 4 6 }105000
274	0.9861145476031533	0.9962265928159536	0.1287673846844192	0.3753628939621997	[420, 158, 10, 734, 19, 3308]	{3 2 5 2 }92798
275	0.9863288292759441	0.9962964707267693	0.1287673846844192	0.1941408295346144	[846, 10, 734, 19, 132, 241]	{1 6 3 5 }92859
276	0.9865398041327968	0.9963650546021995	0.1287673846844192	0.5842035923817597	[107, 10, 734, 19, 400, 4079]	{6 5 5 5 }98699
277	0.9867475232048216	0.996445831166595	0.1287673846844192	0.42375233682793245	[2149, 420, 158, 10, 232, 2047]	{3 3 2 4 }94434
278	0.9869520367356114	0.9965116491079544	0.1287673846844192	0.3898182019840681	[2636, 162, 107, 10, 232, 2047]	{2 4 1 6 }92713
279	0.9871533941933952	0.9965762481985478	0.1287673846844192	0.3093012924849177	[377, 162, 107, 10, 734, 19]	{5 6 1 3 }93988
280	0.9873516442830033	0.9966396510096858	0.1287673846844192	0.4492631897240643	[432, 422, 19, 132, 241, 1126]	{3 1 3 4 }94316
281	0.9875468349576483	0.9967292603160942	0.1287673846844192	0.596673621058105	[1579, 1580, 301, 2627, 261, 217]	{1 5 6 4 }94104
282	0.9877390134305241	0.996801943420181	0.1287673846844192	0.22657955342078154	[420, 158, 10, 734, 19, 132]	{2 5 1 5 }115534
283	0.9879282261862259	0.9968611666901777	0.1287673846844192	0.4527005815675794	[1820, 10, 734, 19, 132, 1032]	{5 2 4 4 }131123
284	0.988114518991994	0.9969096054758231	0.1287673846844192	0.4927957536832894	[1792, 496, 2729, 438, 1580, 301]	{5 5 5 1 }103511
285	0.9882979369087842	0.9969668350040486	0.1287673846844192	0.41149404560824615	[1820, 10, 734, 19, 132, 217]	{1 5 6 5 }112966
286	0.9884785243021672	0.9970342386706252	0.1287673846844192	0.5491215492298357	[1742, 400, 19, 132, 241, 1126]	{4 3 2 4 }5721799
287	0.9886563248530597	0.9971291430331652	0.1287673846844192	0.5005220038700334	[1580, 438, 2729, 496, 2728, 301]	{4 3 3 1 }135179
288	0.9888313815682902	0.9971929398546504	0.1287673846844192	0.41897284333476037	[2636, 162, 10, 158, 420, 1791]	{6 2 3 5 }99934
289	0.9890037367910018	0.997236258684054	0.1287673846844192	0.5230838257008054	[420, 158, 10, 734, 2229, 1529]	{2 4 4 4 }96416
290	0.9891734322108937	0.9972976751577417	0.1287673846844192	0.2639679006966125	[1549, 162, 10, 734, 19, 132]	{3 1 5 6 }93515
291	0.9893405088743059	0.997347718210376	0.1287673846844192	0.5245101622910332	[2654, 232, 10, 734, 19, 400]	{4 2 6 5 }92189
292	0.9895050071941468	0.9973968345398135	0.1287673846844192	0.55624826030094	[1799, 1019, 10, 158, 420, 1791]	{6 1 1 1 }92186
293	0.9896669669596693	0.9974370068462979	0.1287673846844192	0.42210597450990683	[19, 734, 10, 158, 420, 1582]	{2 1 2 4 }94953
294	0.9898264273460942	0.9974844696824776	0.1287673846844192	0.3261893857210155	[1792, 232, 10, 734, 19, 3308]	{2 6 2 4 }93205
295	0.9899834269240865	0.9975310535772466	0.1287673846844192	0.30269924192723124	[1549, 162, 10, 158, 420, 1791]	{2 6 3 1 }93312
296	0.9901380036690851	0.9975767748072976	0.1287673846844192	0.26929121911740883	[1792, 232, 10, 734, 19, 1987]	{5 6 6 5 }91884
297	0.9902901949704882	0.9976141702578022	0.1287673846844192	0.6666726230843754	[734, 19, 132, 217, 261, 165]	{6 4 3 6 }93892
298	0.9904400376406967	0.9976583522900652	0.1287673846844192	0.5519173437841476	[432, 422, 19, 132, 241, 1729]	{4 3 6 2 }98965
299	0.9905875679240193	0.9977103889058414	0.1287673846844192	0.5597296726288383	[2872, 241, 132, 19, 400, 4079]	{5 1 4 6 }98485
300	0.9907328215054387	0.997745722410381	0.1287673846844192	0.401461646929561	[420, 158, 10, 734, 19, 241]	{2 4 2 1 }102043
301	0.9908758335192437	0.9977874682916702	0.1287673846844192	0.35557684261559463	[2047, 232, 10, 734, 19, 400]	{2 1 2 5 }3339209
302	0.991016638557527	0.9978284411010837	0.1287673846844192	0.5608636436311459	[846, 10, 232, 1792, 496, 3366]	{1 4 5 4 }91306
303	0.9911552706785528	0.9978619528124867	0.1287673846844192	0.5153706743278413	[107, 162, 10, 158, 420, 1582]	{1 1 3 5 }88518
304	0.9912917634149948	0.9979015462789221	0.1287673846844192	0.6408176172007294	[2627, 261, 217, 132, 19, 1987]	{6 1 6 1 }87710
305	0.9914261497820474	0.9979404065330162	0.1287673846844192	0.33585663140262606	[846, 10, 734, 19, 132, 217]	{6 5 3 6 }87529
306	0.9915584622854109	0.9980194949221484	0.1287673846844192	0.5005220038700334	[1580, 438, 2729, 496, 2728, 301]	{5 2 3 6 }86958
307	0.9916887329291545	0.9980561709421085	0.1287673846844192	0.7652115850889821	[432, 394, 193, 232, 10, 494]	{3 3 5 5 }86082
308	0.9918169932234577	0.9981080063836524	0.1287673846844192	0.27755072522583735	[320, 232, 10, 734, 19, 3308]	{5 1 1 3 }86956
309	0.9919432741922315	0.998158459546755	0.1287673846844192	0.6125226141430199	[734, 19, 132, 241, 4018, 2197]	{1 3 2 6 }85298
310	0.992067606380623	0.9981993826679382	0.1287673846844192	0.2408299990005875	[2047, 232, 10, 158, 420, 1791]	{1 4 4 2 }86351
311	0.9921900198624035	0.9982327274333467	0.1287673846844192	0.37785252539417236	[1792, 232, 10, 734, 19, 409]	{2 4 5 4 }85484
312	0.992310544247243	0.9982600001581408	0.1287673846844192	0.20635641730273835	[158, 10, 734, 19, 132, 241]	{6 2 3 5 }85218
313	0.9924292086878719	0.9982922223774344	0.1287673846844192	0.24508563114986298	[10, 734, 19, 132, 241, 1126]	{2 1 5 4 }85393
314	0.9925460418871331	0.9983185769703753	0.1287673846844192	0.2381411587970519	[107, 10, 734, 19, 132, 241]	{2 1 6 3 }85595
315	0.9926610721049243	0.9983559419265892	0.1287673846844192	0.5542764015532653	[846, 10, 107, 162, 420, 1791]	{3 5 2 1 }84776
316	0.9927743271650334	0.9983863874464671	0.1287673846844192	0.5526479030943271	[1792, 232, 10, 438, 1580, 301]	{3 2 2 2 }110117
317	0.9928858344618694	0.9984162691604215	0.1287673846844192	0.3587532375194829	[394, 193, 232, 10, 734, 19]	{4 3 4 5 }83169
318	0.9929956209670875	0.9984407094511557	0.1287673846844192	0.42655085253515757	[107, 162, 10, 734, 19, 400]	{5 3 3 3 }82941
319	0.9931037132361139	0.9984647725769095	0.1287673846844192	0.1287673846844192	[320, 232, 10, 734, 19, 132]	{1 4 6 3 }83622
320	0.9932101374145689	0.99848846435813	0.1287673846844192	0.27755072522583735	[320, 232, 10, 734, 19, 3308]	{2 1 1 3 }84300
321	0.993314919244591	0.9985117905254428	0.1287673846844192	0.5062659073349222	[1549, 162, 10, 158, 420, 1582]	{2 4 1 1 }84192
322	0.9934180840710634	0.9985347567210379	0.1287673846844192	0.3495185398623855	[1549, 107, 10, 158, 420, 1791]	{6 6 3 3 }84025
323	0.9935196568477445	0.9985618908558334	0.1287673846844192	0.759609533748729	[2872, 241, 217, 132, 19, 1987]	{3 3 5 1 }83552
324	0.993619662143304	0.9985840838981817	0.1287673846844192	0.4041869718413946	[1799, 232, 10, 734, 19, 1987]	{3 4 4 3 }83835
325	0.9937181241472653	0.9986059344553084	0.1287673846844192	0.3318017772063142	[193, 232, 10, 158, 420, 1791]	{5 5 6 4 }83287
326	0.993815066675857	0.9986317504839138	0.1287673846844192	0.5862128659783764	[1549, 162, 10, 734, 19, 2004]	{6 2 6 5 }83472
327	0.9939105131777727	0.9986621560287158	0.1287673846844192	0.425271656964443	[320, 232, 10, 734, 2229, 1529]	{4 6 2 1 }83202
328	0.9940044867398441	0.998686930917073	0.1287673846844192	0.49422304886848833	[2627, 438, 10, 734, 19, 132]	{2 1 5 6 }84814
329	0.9940970100926243	0.9987112470112012	0.1287673846844192	0.16749872591503795	[320, 232, 10, 158, 420, 1791]	{3 1 6 2 }83935
330	0.9941881056158863	0.9987311351746085	0.1287673846844192	0.21853930910221597	[19, 734, 10, 158, 420, 1791]	{4 5 4 1 }83563
331	0.9942777953440362	0.998750716421914	0.1287673846844192	0.5112336788463419	[1549, 107, 10, 734, 19, 409]	{4 1 4 6 }84381
332	0.9943661009714431	0.998784030650663	0.1287673846844192	0.6071577096280001	[1265, 415, 10, 158, 420, 1791]	{3 5 3 6 }85426
333	0.9944530438576862	0.9988110521917594	0.1287673846844192	0.3756492218095388	[2309, 420, 158, 10, 232, 2047]	{1 1 5 4 }83403
334	0.9945386450327219	0.998829400151763	0.1287673846844192	0.33407262502458396	[1849, 420, 158, 10, 734, 19]	{2 6 5 5 }83149
335	0.99462292520197	0.9988510779267304	0.1287673846844192	0.5519173437841477	[394, 432, 422, 19, 132, 241]	{2 4 2 1 }84229
336	0.9947059047513224	0.9988766095283587	0.1287673846844192	0.3563633149229554	[1849, 420, 158, 10, 232, 2047]	{2 2 3 5 }83607
337	0.9947876037520735	0.9988974130556112	0.1287673846844192	0.26977824374023446	[1820, 10, 734, 19, 132, 241]	{3 6 2 4 }84060
338	0.994868041965776	0.9989178313323592	0.1287673846844192	0.3563633149229554	[1849, 420, 158, 10, 232, 2047]	{5 5 4 1 }82618
339	0.9949472388490203	0.9989418795249734	0.1287673846844192	0.6029103028962276	[1549, 107, 10, 734, 2229, 494]	{4 1 2 1 }84022
340	0.9950252135581403	0.9989582085446498	0.1287673846844192	0.5549890759376366	[107, 1549, 162, 1583, 1013, 156]	{2 2 3 3 }85253
341	0.995101984953848	0.9989742855732817	0.1287673846844192	0.355853074634424	[1549, 162, 10, 734, 19, 1987]	{4 6 6 6 }83653
342	0.9951775716057949	0.9989901144996199	0.1287673846844192	0.29307043597569554	[193, 232, 10, 734, 19, 132]	{4 2 5 4 }84352
343	0.9952519917970635	0.9990125563996284	0.1287673846844192	0.5674775469431694	[19, 734, 10, 438, 2627, 301]	{3 4 4 3 }83793
344	0.9953252635285903	0.9990344995907477	0.1287673846844192	0.7143311575714685	[1917, 10, 107, 162, 420, 1791]	{2 2 2 1 }84268
345	0.9953974045235194	0.9990559551553978	0.1287673846844192	0.409763318676026	[2654, 232, 10, 158, 420, 1791]	{6 6 4 6 }84916
346	0.9954684322314897	0.9990769339297223	0.1287673846844192	0.7396589680474415	[1819, 241, 132, 19, 422, 432]	{1 4 3 1 }84394
347	0.9955383638328557	0.9990911787764859	0.1287673846844192	0.6601958453775932	[87, 1265, 415, 733, 734, 10]	{3 3 2 5 }84561
348	0.9956072162428424	0.9991052037953673	0.1287673846844192	0.2822455695300451	[320, 232, 10, 734, 19, 400]	{2 3 5 5 }85033
349	0.9956750061156381	0.999121774095453	0.1287673846844192	0.1941408295346144	[846, 10, 734, 19, 132, 241]	{1 5 4 3 }82665
350	0.9957417498484215	0.9991380375381298	0.1287673846844192	0.30269924192723124	[1549, 162, 10, 158, 420, 1791]	{2 6 3 2 }83256
351	0.9958074635853286	0.9991571922595047	0.1287673846844192	0.4779683117804445	[241, 132, 19, 734, 2229, 494]	{1 6 3 4 }83533
352	0.9958721632213574	0.9991727998102546	0.1287673846844192	0.18644425498262523	[10, 734, 19, 132, 241, 1031]	{6 5 1 3 }84415
353	0.9959358644062131	0.9991855652452816	0.1287673846844192	0.4871838914123626	[1799, 232, 10, 734, 19, 241]	{5 4 5 1 }83439
354	0.9959985825480925	0.9991981336828544	0.1287673846844192	0.5048666701956248	[1549, 162, 107, 420, 158, 10]	{4 4 4 3 }83990
355	0.996060332817412	0.9992159529343465	0.1287673846844192	0.7287607894411007	[359, 158, 10, 734, 2229, 1529]	{1 4 1 1 }83642
356	0.9961211301504767	0.9992280524261005	0.1287673846844192	0.3753628939621997	[420, 158, 10, 734, 19, 3308]	{2 1 1 1 }83819
357	0.9961809892530927	0.999242347751543	0.1287673846844192	0.2939838317077802	[2047, 232, 10, 734, 19, 1987]	{1 6 3 2 }84285
358	0.9962399246041252	0.999254039915871	0.1287673846844192	0.355853074634424	[1549, 162, 10, 734, 19, 1987]	{6 3 2 2 }84760
359	0.9962979504589998	0.9992779106385632	0.1287673846844192	0.5005220038700334	[1580, 438, 2729, 496, 2728, 301]	{4 4 1 1 }84264
360	0.9963550808531512	0.9992939570688173	0.1287673846844192	0.49318716424232345	[2872, 241, 132, 19, 422, 432]	{6 4 3 1 }84987
361	0.9964113296054173	0.9993070319379133	0.1287673846844192	0.6723646063686025	[2636, 162, 10, 734, 2229, 494]	{2 5 6 5 }84104
362	0.9964667103213831	0.9993198646798038	0.1287673846844192	0.3118040089201504	[107, 162, 10, 158, 420, 1791]	{4 3 4 6 }82746
363	0.9965212363966703	0.999332459778326	0.1287673846844192	0.39062181355682657	[432, 422, 19, 132, 241, 1031]	{4 6 1 4 }85070
364	0.9965749210201785	0.9993427613249567	0.1287673846844192	0.2381411587970519	[107, 10, 734, 19, 132, 241]	{3 1 6 4 }85514
365	0.9966277771772746	0.9993529038971024	0.1287673846844192	0.3093012924849177	[377, 162, 107, 10, 734, 19]	{1 5 3 6 }83423
366	0.9966798176529339	0.9993648871582672	0.1287673846844192	0.2939838317077802	[2047, 232, 10, 734, 19, 1987]	{4 3 4 4 }83052
367	0.9967310550348331	0.9993790007769724	0.1287673846844192	0.46327330397949845	[10, 232, 1792, 496, 2729, 301]	{5 3 6 4 }83425
368	0.9967815017163943	0.9993885840983154	0.1287673846844192	0.5526479030943271	[1792, 232, 10, 438, 1580, 301]	{1 3 3 4 }83639
369	0.9968311698997833	0.9993999066150133	0.1287673846844192	0.2735446005765389	[1549, 162, 107, 10, 232, 2047]	{2 2 2 2 }84226
370	0.9968800715988607	0.9994159091052796	0.1287673846844192	0.5223622203495049	[2047, 232, 1792, 496, 2729, 301]	{2 2 3 2 }83198
371	0.9969282186420881	0.99942888890294	0.1287673846844192	0.6777379532824197	[1917, 10, 734, 19, 241, 1126]	{3 4 4 5 }83316
372	0.9969756226753893	0.9994377023457959	0.1287673846844192	0.26929121911740883	[1792, 232, 10, 734, 19, 1987]	{3 2 6 2 }84099
373	0.9970222951649665	0.999452696949908	0.1287673846844192	0.27755072522583735	[320, 232, 10, 734, 19, 3308]	{2 4 2 4 }83896
374	0.9970682474000752	0.9994611429846316	0.1287673846844192	0.42106349662439685	[107, 10, 734, 19, 132, 1032]	{2 5 4 2 }83669
375	0.9971134904957529	0.9994711218182496	0.1287673846844192	0.18644425498262523	[10, 734, 19, 132, 241, 1031]	{4 1 3 5 }85007
376	0.9971580353955098	0.9994792835185853	0.1287673846844192	0.4026723725695783	[1549, 107, 10, 734, 19, 1987]	{5 2 4 4 }84932
377	0.9972018928739742	0.9994873192667553	0.1287673846844192	0.31230179790358314	[1799, 232, 10, 734, 19, 132]	{2 5 4 2 }84090
378	0.9972450735394993	0.9994952310064658	0.1287673846844192	0.33407262502458396	[1849, 420, 158, 10, 734, 19]	{4 1 5 6 }83844
379	0.9972875878367292	0.9995045785804201	0.1287673846844192	0.3563633149229554	[1849, 420, 158, 10, 232, 2047]	{6 1 5 5 }84373
380	0.9973294460491254	0.9995204320658467	0.1287673846844192	0.596673621058105	[1579, 1580, 301, 2627, 261, 217]	{2 5 2 1 }85184
381	0.9973706583014538	0.9995278328055712	0.1287673846844192	0.46414967336266133	[734, 10, 232, 1792, 496, 3366]	{4 4 4 5 }84261
382	0.9974112345622338	0.999542942155793	0.1287673846844192	0.5052234748401319	[1792, 496, 2729, 438, 2627, 301]	{4 5 1 3 }83655
383	0.9974511846461499	0.999551406189945	0.1287673846844192	0.3587532375194829	[394, 193, 232, 10, 734, 19]	{2 3 4 2 }83116
384	0.9974905182164254	0.9995686321922511	0.1287673846844192	0.5315804008900062	[2627, 438, 2729, 496, 2728, 301]	{6 2 4 3 }83534
385	0.9975292447871595	0.9995766204849872	0.1287673846844192	0.26977824374023446	[1820, 10, 734, 19, 132, 241]	{2 4 3 6 }83867
386	0.9975673737256293	0.9995860289186541	0.1287673846844192	0.33159198238328924	[377, 162, 107, 10, 232, 2047]	{4 6 3 2 }83152
387	0.9976049142545548	0.99959706814749	0.1287673846844192	0.2381411587970519	[107, 10, 734, 19, 132, 241]	{6 4 3 1 }83126
388	0.9976418754543301	0.9996060221886569	0.1287673846844192	0.4817850116841094	[2238, 1549, 162, 10, 232, 2047]	{5 1 5 5 }83848
389	0.9976782662652202	0.999612102093153	0.1287673846844192	0.18644425498262523	[10, 734, 19, 132, 241, 1031]	{5 2 3 1 }84250
390	0.9977140954895223	0.9996192853877242	0.1287673846844192	0.34773978520994625	[10, 734, 19, 132, 241, 1729]	{3 6 4 1 }84160
391	0.9977493717936964	0.9996277457124414	0.1287673846844192	0.4594943217857379	[2238, 1549, 162, 10, 734, 19]	{2 1 1 5 }84519
392	0.9977841037104603	0.9996346393103591	0.1287673846844192	0.3292138648989942	[320, 232, 10, 734, 19, 409]	{3 4 3 2 }84038
393	0.9978182996408544	0.9996427584367956	0.1287673846844192	0.5403240339490281	[10, 734, 19, 132, 1714, 2168]	{5 6 4 1 }85319
394	0.9978519678562733	0.9996493740212994	0.1287673846844192	0.33159198238328924	[377, 162, 107, 10, 232, 2047]	{2 1 6 1 }83907
395	0.9978851165004666	0.999657165709715	0.1287673846844192	0.49909583386846557	[1743, 1742, 400, 19, 734, 10]	{3 1 5 5 }85128
396	0.9979177535915088	0.9996624563623429	0.1287673846844192	0.22657955342078154	[420, 158, 10, 734, 19, 132]	{4 5 6 1 }84088
397	0.9979498870237387	0.9996699573320685	0.1287673846844192	0.42375346724447405	[1743, 1742, 400, 19, 132, 241]	{2 5 6 2 }83042
398	0.9979815245696686	0.9996760692333265	0.1287673846844192	0.636501057836766	[1820, 10, 232, 1792, 496, 3366]	{3 5 3 1 }82429
399	0.9980126738818651	0.999681068164911	0.1287673846844192	0.5836390922523209	[1580, 301, 10, 158, 420, 1791]	{3 3 3 6 }83356
400	0.9980433424947992	0.9996869743100053	0.1287673846844192	0.44439666440827835	[2047, 232, 10, 158, 420, 1582]	{6 5 4 6 }83555
401	0.9980735378266696	0.9996918049533694	0.1287673846844192	0.20635641730273835	[158, 10, 734, 19, 132, 241]	{5 4 3 1 }83471
402	0.9981032671811964	0.999696561049768	0.1287673846844192	0.1287673846844192	[320, 232, 10, 734, 19, 132]	{3 4 6 3 }82994
403	0.9981325377493877	0.9997012437496172	0.1287673846844192	0.16749872591503795	[320, 232, 10, 158, 420, 1791]	{4 5 4 6 }82878
404	0.9981613566112799	0.99970585418558	0.1287673846844192	0.20635641730273835	[158, 10, 734, 19, 132, 241]	{5 1 3 6 }84142
405	0.998189730737649	0.9997103934728395	0.1287673846844192	0.2512539106781674	[1549, 162, 107, 10, 734, 19]	{4 6 5 4 }83728
406	0.9982176669916977	0.9997157565566758	0.1287673846844192	0.712802593907788	[1742, 400, 19, 132, 241, 89]	{2 1 4 5 }83532
407	0.9982451721307147	0.9997210203241448	0.1287673846844192	0.5847509154931978	[320, 232, 10, 107, 162, 3284]	{5 5 6 6 }84539
408	0.9982722528077098	0.9997253255660561	0.1287673846844192	0.3753628939621997	[420, 158, 10, 734, 19, 3308]	{5 3 5 5 }83961
409	0.998298915573023	0.9997341151479423	0.1287673846844192	0.9603039449982904	[2040, 438, 2627, 301, 2729, 969]	{2 6 6 2 }83649
410	0.9983251668759084	0.9997426234632082	0.1287673846844192	0.619096577115182	[1917, 10, 734, 19, 241, 1031]	{6 1 1 4 }84175
411	0.998351013066095	0.9997465953233439	0.1287673846844192	0.1287673846844192	[320, 232, 10, 734, 19, 132]	{5 6 4 1 }83741
412	0.9983764603953219	0.9997505058893417	0.1287673846844192	0.45957053917318497	[1549, 107, 10, 734, 19, 3308]	{6 1 5 5 }86056
413	0.9984015150188509	0.9997543561070987	0.1287673846844192	0.2639679006966125	[1549, 162, 10, 734, 19, 132]	{4 6 3 1 }84170
414	0.9984261829969551	0.9997589050680784	0.1287673846844192	0.5862127042160856	[2636, 162, 1549, 107, 10, 494]	{3 5 2 3 }82957
415	0.9984504702963848	0.9997642627332322	0.1287673846844192	0.5597296726288383	[2872, 241, 132, 19, 400, 4079]	{4 2 3 4 }83740
416	0.9984743827918109	0.999770549060346	0.1287673846844192	0.3541955855528175	[1917, 10, 734, 19, 132, 241]	{5 6 3 1 }83131
417	0.998497926267246	0.999774798151821	0.1287673846844192	0.2939838317077802	[2047, 232, 10, 734, 19, 1987]	{6 5 5 2 }84433
418	0.9985211064174427	0.9997820046109628	0.1287673846844192	0.47818075077320266	[1579, 1580, 301, 2627, 438, 3366]	{2 5 4 4 }83906
419	0.9985439288492723	0.9997860415626116	0.1287673846844192	0.3118040089201504	[107, 162, 10, 158, 420, 1791]	{6 2 2 5 }84479
420	0.9985663990830799	0.9997900037558966	0.1287673846844192	0.4739103174596212	[1792, 232, 10, 734, 2229, 1529]	{2 5 2 1 }84572
421	0.99858852255402	0.9997938925752319	0.1287673846844192	0.8017235736129058	[320, 232, 10, 162, 1549, 2180]	{3 3 3 3 }84239
422	0.9986103046133715	0.9997970732453672	0.1287673846844192	0.35678962072986414	[157, 10, 734, 19, 132, 241]	{6 4 1 5 }83687
423	0.9986317505298319	0.9998008311482307	0.1287673846844192	0.3563633149229554	[1849, 420, 158, 10, 232, 2047]	{5 1 5 5 }84568
424	0.9986528654907912	0.9998045194603006	0.1287673846844192	0.4942217620344296	[2047, 232, 10, 734, 2229, 494]	{3 4 2 4 }83615
425	0.9986736546035877	0.9998088634722938	0.1287673846844192	0.46327330397949845	[10, 232, 1792, 496, 2729, 301]	{6 4 4 6 }83758
426	0.9986941228967422	0.9998124030376218	0.1287673846844192	0.5815936667923084	[734, 19, 132, 1031, 241, 2872]	{2 6 1 5 }84054
427	0.9987142753211752	0.999816571859008	0.1287673846844192	0.490480173062598	[1742, 400, 19, 132, 241, 1031]	{2 2 5 6 }83564
428	0.998734116751404	0.9998199686764337	0.1287673846844192	0.3508819983113869	[2047, 232, 10, 734, 19, 1460]	{3 2 5 1 }85020
429	0.9987536519867218	0.9998239693725129	0.1287673846844192	0.5560910049610733	[1549, 162, 10, 734, 2229, 494]	{5 5 5 2 }82535
430	0.9987728857523588	0.999827229198948	0.1287673846844192	0.3118040089201504	[107, 162, 10, 158, 420, 1791]	{6 6 3 5 }83021
431	0.9987918227006248	0.9998310685500824	0.1287673846844192	0.4161807601939807	[837, 162, 107, 10, 232, 2047]	{2 6 3 5 }83298
432	0.9988104674120349	0.9998348225823028	0.1287673846844192	0.37706316736195933	[846, 10, 734, 19, 132, 1032]	{2 6 5 2 }82936
433	0.9988288243964172	0.9998378814233713	0.1287673846844192	0.3093012924849177	[377, 162, 107, 10, 734, 19]	{1 5 6 2 }83014
434	0.9988468980940033	0.9998403832532575	0.1287673846844192	0.16749872591503795	[320, 232, 10, 158, 420, 1791]	{1 6 1 3 }83800
435	0.9988646928765033	0.999843930292074	0.1287673846844192	0.5276865571949214	[734, 10, 232, 193, 394, 432]	{6 5 1 1 }84325
436	0.9988822130481622	0.999846338775221	0.1287673846844192	0.384955609913507	[1265, 193, 232, 10, 734, 19]	{5 4 4 4 }83581
437	0.9988994628468016	0.9998491843534576	0.1287673846844192	0.5018959930791344	[1580, 438, 10, 158, 420, 1791]	{6 6 4 6 }83906
438	0.9989164464448448	0.999851977235801	0.1287673846844192	0.3607466237339816	[377, 162, 10, 158, 420, 1791]	{2 6 4 4 }83775
439	0.9989331679503256	0.999854718398101	0.1287673846844192	0.5773405156846985	[2047, 232, 10, 438, 1580, 301]	{5 1 2 2 }83336
440	0.9989496314078823	0.9998569603981303	0.1287673846844192	0.384955609913507	[193, 232, 10, 734, 19, 1987]	{4 2 4 5 }84964
441	0.9989658407997359	0.9998591677993938	0.1287673846844192	0.318464727358593	[420, 158, 10, 734, 19, 1987]	{6 5 3 4 }84583
442	0.9989818000466536	0.9998617758031086	0.1287673846844192	0.2735446005765389	[1549, 162, 107, 10, 232, 2047]	{4 6 5 6 }83989
443	0.9989975130088966	0.9998639088925668	0.1287673846844192	0.3093012924849177	[377, 162, 107, 10, 734, 19]	{6 2 6 5 }84076
444	0.9990129834871544	0.9998664290982601	0.1287673846844192	0.5017324050790279	[1579, 1580, 438, 10, 232, 2047]	{4 1 5 4 }85710
445	0.9990282152234637	0.9998693973405209	0.1287673846844192	0.5542764015532653	[846, 10, 107, 162, 420, 1791]	{1 1 6 3 }83625
446	0.999043211902114	0.9998718159082891	0.1287673846844192	0.3541955855528175	[1917, 10, 734, 19, 132, 241]	{2 1 4 5 }83183
447	0.9990579771505381	0.9998752341507348	0.1287673846844192	0.5926411046490583	[811, 734, 19, 132, 241, 1126]	{1 3 4 5 }82853
448	0.9990725145401903	0.9998775446294248	0.1287673846844192	0.37706316736195933	[846, 10, 734, 19, 132, 1032]	{5 2 4 4 }82923
449	0.9990868275874096	0.9998808101059735	0.1287673846844192	0.46414967336266133	[734, 10, 232, 1792, 496, 3366]	{2 3 4 2 }83321
450	0.9991009197542706	0.99988264945619	0.1287673846844192	0.24508563114986298	[10, 734, 19, 132, 241, 1126]	{5 3 6 1 }83271
451	0.9991147944494208	0.9998852572460524	0.1287673846844192	0.4594943217857379	[2238, 1549, 162, 10, 734, 19]	{4 3 4 6 }83026
452	0.999128455028905	0.9998870279675639	0.1287673846844192	0.555049825786327	[19, 734, 10, 438, 1580, 301]	{1 2 5 6 }82612
453	0.9991419047969774	0.9998895384571737	0.1287673846844192	0.42375346724447405	[1743, 1742, 400, 19, 132, 241]	{6 2 1 5 }83587
454	0.9991551470069007	0.9998912431106123	0.1287673846844192	0.6919203584188696	[193, 232, 10, 107, 420, 1791]	{4 4 4 6 }83748
455	0.9991681848617324	0.9998929214576707	0.1287673846844192	0.7258812209533128	[158, 10, 107, 1549, 162, 3284]	{4 4 2 2 }85013
456	0.9991810215151007	0.9998949043936398	0.1287673846844192	0.47818075077320266	[1579, 1580, 301, 2627, 438, 3366]	{5 6 2 1 }83835
457	0.9991936600719664	0.9998989400649241	0.1287673846844192	0.5223622203495049	[2047, 232, 1792, 496, 2728, 301]	{6 3 3 5 }84432
458	0.9992061035893743	0.9999008115452033	0.1287673846844192	0.2161373864102161	[1792, 232, 10, 158, 420, 1791]	{6 1 6 2 }83995
459	0.9992183550771927	0.9999034565706645	0.1287673846844192	0.6890002603599941	[1879, 496, 1792, 232, 10, 494]	{6 2 6 1 }84009
460	0.999230417498841	0.9999056019802053	0.1287673846844192	0.490480173062598	[1742, 400, 19, 132, 241, 1031]	{5 6 2 4 }85076
461	0.999242293772007	0.99990705873977	0.1287673846844192	0.22065255862223065	[320, 232, 10, 734, 19, 1987]	{4 1 3 5 }83227
462	0.9992539867693525	0.9999087798742187	0.1287673846844192	0.35557684261559463	[2047, 232, 10, 734, 19, 400]	{5 2 6 5 }84249
463	0.9992654993192083	0.9999101875922092	0.1287673846844192	0.384955609913507	[1265, 193, 232, 10, 734, 19]	{4 6 6 6 }84008
464	0.9992768342062575	0.9999125825897502	0.1287673846844192	0.7292827400613505	[1726, 132, 19, 734, 2229, 494]	{2 4 5 4 }84163
465	0.9992879941722103	0.9999149137206902	0.1287673846844192	0.18644425498262523	[10, 734, 19, 132, 241, 1031]	{6 3 1 2 }83750
466	0.9992989819164663	0.9999164893925293	0.1287673846844192	0.2735446005765389	[1549, 162, 107, 10, 232, 2047]	{6 1 4 6 }83141
467	0.9993098000967677	0.9999180358852603	0.1287673846844192	0.67856464890317	[2051, 1849, 420, 158, 10, 161]	{2 5 5 1 }84554
468	0.9993204513298424	0.9999198573100322	0.1287673846844192	0.5113353056757508	[1579, 1580, 301, 2729, 438, 3366]	{4 6 3 6 }83289
469	0.9993309381920361	0.9999219944484313	0.1287673846844192	0.7417892689449775	[1265, 193, 232, 10, 158, 318]	{6 1 2 1 }83793
470	0.9993412632199368	0.9999231982378074	0.1287673846844192	0.43225651716107677	[158, 10, 734, 19, 132, 168]	{1 6 4 1 }83659
471	0.9993514289109872	0.999924383450187	0.1287673846844192	0.5018959930791344	[1580, 438, 10, 158, 420, 1791]	{4 4 1 6 }82747
472	0.9993614377240893	0.9999260638179606	0.1287673846844192	0.3977074949423053	[846, 10, 734, 19, 132, 1031]	{6 4 1 1 }82365
473	0.9993712920801989	0.9999272048084241	0.1287673846844192	0.5018959930791344	[1580, 438, 10, 158, 420, 1791]	{6 6 5 6 }81916
474	0.999380994362912	0.9999285528675274	0.1287673846844192	0.24508563114986298	[10, 734, 19, 132, 241, 1126]	{5 1 4 2 }81738
475	0.9993905469190398	0.9999298759625732	0.1287673846844192	0.490480173062598	[1742, 400, 19, 132, 241, 1031]	{3 1 6 5 }81854
476	0.9993999520591781	0.9999311745558589	0.1287673846844192	0.4066040603140543	[837, 162, 10, 734, 19, 132]	{5 3 4 4 }82354
477	0.9994092120582648	0.9999333769700713	0.1287673846844192	0.48287649559483514	[1579, 1580, 438, 2627, 261, 217]	{4 3 4 1 }81300
478	0.9994183291561312	0.9999344051032493	0.1287673846844192	0.5187026576852424	[420, 158, 10, 734, 2229, 494]	{1 1 1 4 }82234
479	0.9994273055580427	0.9999356198235595	0.1287673846844192	0.26977824374023446	[1820, 10, 734, 19, 132, 241]	{5 4 1 2 }82022
480	0.9994361434352333	0.9999366133448009	0.1287673846844192	0.45591365441607423	[320, 232, 10, 494, 2229, 1529]	{5 2 3 6 }81578
481	0.9994448449254304	0.9999375915339243	0.1287673846844192	0.6427293732711612	[320, 232, 1549, 162, 107, 10]	{4 6 1 1 }81178
482	0.9994534121333712	0.9999387472462591	0.1287673846844192	0.21853930910221597	[19, 734, 10, 158, 420, 1791]	{3 4 6 3 }83289
483	0.9994618471313131	0.9999396925048044	0.1287673846844192	0.5175169190703213	[1799, 1019, 10, 734, 19, 132]	{2 3 1 3 }80974
484	0.9994701519595336	0.9999406231760266	0.1287673846844192	0.49850542259787584	[157, 10, 734, 19, 132, 217]	{5 1 4 5 }81964
485	0.9994783286268247	0.9999415394850385	0.1287673846844192	0.384955609913507	[1265, 193, 232, 10, 734, 19]	{6 1 3 2 }82405
486	0.9994863791109787	0.9999424416534792	0.1287673846844192	0.40146164692956093	[2149, 420, 158, 10, 734, 19]	{2 3 6 1 }81707
487	0.999494305359266	0.9999433298995676	0.1287673846844192	0.1287673846844192	[320, 232, 10, 734, 19, 132]	{2 4 5 3 }83184
488	0.999502109288907	0.9999445892351327	0.1287673846844192	0.44533540154467305	[837, 162, 10, 158, 420, 1791]	{5 6 4 1 }83144
489	0.9995097927875349	0.9999458205854631	0.1287673846844192	0.490480173062598	[1742, 400, 19, 132, 241, 1031]	{6 1 5 3 }82686
490	0.9995173577136532	0.9999466566875393	0.1287673846844192	0.27755072522583735	[320, 232, 10, 734, 19, 1460]	{5 6 1 3 }82474
491	0.9995248058970845	0.9999478420944828	0.1287673846844192	0.4963011283524297	[377, 162, 1549, 107, 420, 1791]	{4 3 2 4 }82425
492	0.9995321391394135	0.9999488079816221	0.1287673846844192	0.384955609913507	[1265, 193, 232, 10, 734, 19]	{4 6 2 4 }83232
493	0.9995393592144225	0.9999495979819056	0.1287673846844192	0.3710653913227288	[320, 232, 10, 158, 420, 1582]	{3 6 2 4 }81506
494	0.999546467868521	0.9999503757908269	0.1287673846844192	0.35103313913420187	[1799, 232, 10, 158, 420, 1791]	{1 1 6 6 }82223
495	0.9995534668211672	0.9999512947576634	0.1287673846844192	0.21853930910221597	[19, 734, 10, 158, 420, 1791]	{4 1 1 2 }81215
496	0.9995603577652851	0.9999521967065956	0.1287673846844192	0.5519173437841476	[432, 422, 19, 132, 241, 1729]	{3 6 2 3 }81346
497	0.9995671423676726	0.9999529344117407	0.1287673846844192	0.6247978946685524	[1549, 162, 107, 10, 494, 2626]	{2 3 3 3 }81779
498	0.999573822269406	0.9999538059967085	0.1287673846844192	0.3261893857210155	[1792, 232, 10, 734, 19, 1460]	{3 2 3 3 }82100
499	0.9995803990862362	0.9999546614412139	0.1287673846844192	0.1941408295346144	[846, 10, 734, 19, 132, 241]	{3 6 4 2 }82598
