0	0.015432098765432056	0.015432098765432056	0.3292138648989942	0.3292138648989942	[320, 232, 10, 734, 19, 409]	{2 6 2 6 }67133
1	0.030626047858558048	0.03731138545953361	0.3292138648989942	0.5519173437841477	[394, 432, 422, 19, 132, 241]	{5 4 6 2 }61547
2	0.045585522428642	0.0629830818472793	0.3292138648989942	0.6235405177423026	[87, 1265, 415, 10, 232, 2047]	{3 3 4 6 }63560
3	0.06031414090968146	0.07744321947309285	0.27755072522583735	0.27755072522583735	[320, 232, 10, 734, 19, 1460]	{4 2 2 1 }64869
4	0.07481546589564314	0.09168020682690314	0.27755072522583735	0.3349518871601905	[241, 132, 19, 734, 10, 494]	{4 1 6 3 }65292
5	0.08909300500219186	0.1118650911196386	0.27755072522583735	0.5545273479532086	[2636, 162, 1549, 107, 420, 1791]	{2 2 4 4 }63583
6	0.10315021171512095	0.13160142242809114	0.27755072522583735	0.5391578771720784	[1791, 420, 158, 1557, 15, 432]	{2 1 1 5 }64222
7	0.11699048622569008	0.1450026350449416	0.27755072522583735	0.31230179790358314	[1799, 232, 10, 734, 19, 132]	{2 3 5 6 }63552
8	0.13061717625307134	0.1608359195811464	0.27755072522583735	0.46414967336266133	[734, 10, 232, 1792, 496, 3366]	{2 5 4 3 }64046
9	0.1440335778541042	0.1737859825505731	0.1287673846844192	0.1287673846844192	[320, 232, 10, 734, 19, 132]	{2 6 4 4 }64868
10	0.1572429362205532	0.19214629404944927	0.1287673846844192	0.6006321018457176	[19, 734, 10, 438, 2729, 301]	{6 2 6 3 }63457
11	0.17024844646406312	0.21009859862612823	0.1287673846844192	0.425271656964443	[320, 232, 10, 734, 2229, 1529]	{1 1 3 3 }62656
12	0.18305325438900033	0.22228843506708296	0.1287673846844192	0.3710653913227288	[320, 232, 10, 158, 420, 1582]	{6 5 1 2 }63213
13	0.19566045725336756	0.23957091428781452	0.1287673846844192	0.726799437292927	[432, 422, 19, 241, 132, 1715]	{6 6 3 5 }177245
14	0.208073104517976	0.25646933841475195	0.1287673846844192	0.629867303764823	[734, 10, 158, 1557, 15, 432]	{4 1 4 5 }91469
15	0.22029419858405663	0.2702384247404047	0.1287673846844192	0.6661349515163882	[377, 162, 107, 10, 158, 318]	{2 6 3 3 }84411
16	0.2323266955194878	0.2815001774450281	0.1287673846844192	0.5201022017894869	[1791, 420, 162, 1549, 107, 10]	{3 1 1 5 }85442
17	0.2441735057738167	0.29258813766964187	0.1287673846844192	0.3649578416273432	[107, 162, 10, 734, 19, 1987]	{3 6 2 1 }85929
18	0.2558374948822454	0.3083084012769832	0.1287673846844192	0.425271656964443	[320, 232, 10, 734, 2229, 1529]	{2 2 5 1 }89569
19	0.2673214841587539	0.31898265434369644	0.1287673846844192	0.6181622490963832	[2627, 301, 10, 734, 19, 1987]	{5 3 3 4 }85255
20	0.2786282513785262	0.3341163731360588	0.1287673846844192	0.31230179790358314	[1799, 232, 10, 734, 19, 132]	{5 1 6 5 }90184
21	0.28976053144984526	0.34891378706636866	0.1287673846844192	0.42375233682793245	[2149, 420, 158, 10, 232, 2047]	{5 1 3 1 }84224
22	0.30072101707561927	0.36097093915773215	0.1287673846844192	0.48287649559483514	[1579, 1580, 438, 2627, 261, 217]	{6 4 1 3 }119889
23	0.31151235940469924	0.37801171411352597	0.1287673846844192	0.47944171518065637	[1579, 1580, 438, 10, 734, 19]	{6 5 4 5 }136836
24	0.32213716867314524	0.40189606429156655	0.1287673846844192	0.5052234748401319	[1792, 496, 2729, 438, 2627, 301]	{5 1 1 1 }153219
25	0.3325980148355967	0.4151872628628651	0.1287673846844192	0.39062181355682657	[432, 422, 19, 132, 241, 1031]	{1 4 1 5 }103441
26	0.34289742818689917	0.4260171283654046	0.1287673846844192	0.41897284333476037	[2636, 162, 10, 158, 420, 1791]	{5 2 3 5 }103709
27	0.35303789997413837	0.43664644080308235	0.1287673846844192	0.4066040603140543	[837, 162, 10, 734, 19, 132]	{3 5 4 1 }204631
28	0.3630218829992288	0.44916540878523614	0.1287673846844192	0.3756492218095388	[2309, 420, 158, 10, 232, 2047]	{1 4 4 4 }84132
29	0.37285179221220366	0.4593660493632873	0.1287673846844192	0.5580604285206273	[320, 232, 10, 158, 420, 1550]	{3 6 1 6 }87551
30	0.38253000529534864	0.4713801371552142	0.1287673846844192	0.7267994372929271	[1726, 132, 241, 19, 422, 432]	{6 4 3 5 }83590
31	0.3920588632383216	0.47953785108800406	0.1287673846844192	0.5018959930791344	[1580, 438, 10, 158, 420, 1791]	{2 2 6 6 }85410
32	0.40144067090439683	0.4911036766193818	0.1287673846844192	0.34807221917075004	[158, 10, 734, 19, 132, 217]	{2 4 6 6 }86843
33	0.4106776975879709	0.5005276826079117	0.1287673846844192	0.5113353056757508	[1579, 1580, 301, 2729, 438, 3366]	{3 3 6 3 }113066
34	0.4197721775634652	0.5097771699670245	0.1287673846844192	0.3710653913227288	[320, 232, 10, 158, 420, 1582]	{6 6 5 6 }123655
35	0.4287263106257574	0.5254643005280797	0.1287673846844192	0.6133339985552317	[193, 232, 1792, 496, 2728, 301]	{3 3 4 4 }105681
36	0.43754226262227347	0.538118585847331	0.1287673846844192	0.7427245425797695	[988, 420, 158, 1557, 15, 432]	{6 6 3 3 }103663
37	0.44622216597686803	0.5466719453686766	0.1287673846844192	0.425271656964443	[320, 232, 10, 734, 2229, 1529]	{1 1 5 6 }127243
38	0.4547681202056201	0.5611784431168789	0.1287673846844192	0.47818075077320266	[1579, 1580, 301, 2627, 438, 3366]	{4 5 4 4 }130104
39	0.46318219242466907	0.5728803513004288	0.1287673846844192	0.3223254567873786	[1873, 10, 734, 19, 132, 241]	{6 2 3 4 }99206
40	0.47146641785021426	0.5794717039038173	0.1287673846844192	0.3261893857210155	[1792, 232, 10, 734, 19, 3308]	{5 1 5 1 }101413
41	0.4796228002907974	0.5859613381028325	0.1287673846844192	0.35103313913420187	[1799, 232, 10, 158, 420, 1791]	{4 4 4 1 }84881
42	0.48765331263198874	0.5923508236259369	0.1287673846844192	0.22065255862223065	[320, 232, 10, 734, 19, 1987]	{5 1 1 6 }86827
43	0.49555989731359384	0.5998998824476788	0.1287673846844192	0.5542764015532653	[846, 10, 107, 162, 420, 1791]	{6 3 5 4 }259662
44	0.5033444667994951	0.6060742669778072	0.1287673846844192	0.1287673846844192	[320, 232, 10, 734, 19, 132]	{4 2 1 2 }121668
45	0.5110089040402437	0.6133691879596996	0.1287673846844192	0.5164369637559915	[320, 232, 10, 438, 2627, 301]	{5 5 3 1 }101054
46	0.5185550629285114	0.6205290178122977	0.1287673846844192	0.1941408295346144	[846, 10, 734, 19, 132, 241]	{4 6 3 5 }101050
47	0.5259847687475159	0.6289617063053579	0.1287673846844192	0.5153600542424949	[377, 162, 1549, 107, 10, 1873]	{6 5 1 2 }90096
48	0.5332998186125233	0.6388560608038816	0.1287673846844192	0.4200409293929528	[846, 10, 734, 19, 132, 168]	{1 4 6 3 }95962
49	0.5405019819055399	0.6455439115297357	0.1287673846844192	0.32201528250336287	[377, 162, 10, 734, 19, 132]	{3 6 4 1 }90518
50	0.5475930007032939	0.6534207134957415	0.1287673846844192	0.5921234298627334	[2051, 1849, 420, 158, 10, 1873]	{6 1 1 3 }89391
51	0.5545745901986134	0.6598388484310056	0.1287673846844192	0.6890482708839102	[1873, 10, 232, 1792, 496, 3366]	{4 4 1 5 }123437
52	0.5614484391153014	0.6650882489181814	0.1287673846844192	0.43884999420539195	[1549, 162, 10, 734, 19, 241]	{5 2 2 1 }144605
53	0.5682162101166085	0.6740192289470299	0.1287673846844192	0.5982301791537177	[1792, 232, 10, 438, 2729, 301]	{2 2 6 3 }116575
54	0.5748795402074016	0.6800559098924552	0.1287673846844192	0.5519173437841476	[432, 422, 19, 132, 241, 1729]	{4 6 4 2 }112576
55	0.5814400411301268	0.6849933186904111	0.1287673846844192	0.5391578771720784	[1791, 420, 158, 1557, 15, 432]	{6 6 2 2 }107124
56	0.5878992997546619	0.6908267757516998	0.1287673846844192	0.27755072522583735	[320, 232, 10, 734, 19, 1460]	{1 3 1 3 }109784
57	0.5942588784621516	0.6976972918461065	0.1287673846844192	0.45591365441607423	[320, 232, 10, 494, 2229, 1529]	{6 3 2 6 }93911
58	0.6005203155229208	0.7032954901452526	0.1287673846844192	0.4492631897240643	[432, 422, 19, 132, 241, 1126]	{4 4 5 6 }306032
59	0.6066851254685548	0.7078742634454802	0.1287673846844192	0.5549890759376366	[107, 1549, 162, 1583, 1013, 156]	{1 1 3 1 }94161
60	0.6127547994582376	0.7123823766639141	0.1287673846844192	0.43884999420539195	[1549, 162, 10, 734, 19, 241]	{2 1 2 3 }89003
61	0.6187308056394376	0.7177086289479158	0.1287673846844192	0.22065255862223065	[320, 232, 10, 734, 19, 1987]	{2 4 2 6 }98316
62	0.6246145895030265	0.723981770526851	0.1287673846844192	0.5930455237480948	[1742, 400, 19, 132, 241, 2872]	{5 6 2 4 }90768
63	0.630407574232918	0.7301155089595877	0.1287673846844192	0.44533540154467305	[837, 162, 10, 158, 420, 1791]	{2 4 6 2 }89719
64	0.6361111610503113	0.7342803930805817	0.1287673846844192	0.35103313913420187	[1799, 232, 10, 158, 420, 1791]	{1 6 4 6 }89089
65	0.6417267295526212	0.7392011265420524	0.1287673846844192	0.425271656964443	[320, 232, 10, 734, 2229, 1529]	{3 3 3 3 }92513
66	0.6472556380471796	0.7432258005151688	0.1287673846844192	0.30364947819319865	[320, 232, 10, 734, 19, 241]	{2 5 4 1 }90640
67	0.6526992238797849	0.7479808782834063	0.1287673846844192	0.16749872591503795	[320, 232, 10, 158, 420, 1791]	{3 1 5 5 }108372
68	0.6580588037581832	0.7518700622605143	0.1287673846844192	0.2512539106781674	[1549, 162, 107, 10, 734, 19]	{6 2 1 1 }98230
69	0.6633356740705569	0.7556992279663706	0.1287673846844192	0.5937511310169713	[160, 87, 1265, 193, 232, 10]	{1 1 3 3 }96659
70	0.6685311111990977	0.7602233163373637	0.1287673846844192	0.2939838317077802	[2047, 232, 10, 734, 19, 1987]	{2 4 4 2 }141730
71	0.6736463718287411	0.7655516870854222	0.1287673846844192	0.6607309873510324	[2872, 241, 1031, 132, 19, 400]	{1 1 6 4 }106312
72	0.6786826932511372	0.7707616495946351	0.1287673846844192	0.2408299990005875	[2047, 232, 10, 158, 420, 1791]	{2 4 5 3 }99831
73	0.6836412936639282	0.7768746722721115	0.1287673846844192	0.20209865776996874	[2047, 232, 10, 734, 19, 132]	{2 6 4 4 }749054
74	0.6885233724654107	0.7803179643666777	0.1287673846844192	0.5040092425991489	[320, 232, 10, 438, 1580, 301]	{3 1 1 2 }138130
75	0.6933301105446482	0.7837081192375622	0.1287673846844192	0.5062659073349222	[1549, 162, 10, 158, 420, 1582]	{1 4 3 2 }105314
76	0.6980626705671074	0.7870459569036492	0.1287673846844192	0.49689737601214234	[377, 162, 10, 734, 19, 241]	{2 6 6 1 }95808
77	0.7027221972558866	0.7909895502943224	0.1287673846844192	0.26977824374023446	[1820, 10, 734, 19, 132, 241]	{4 6 2 1 }98378
78	0.7073098176686043	0.7948601141777609	0.1287673846844192	0.2161373864102161	[1792, 232, 10, 158, 420, 1791]	{1 4 3 4 }93100
79	0.7118266414700147	0.8003305111330206	0.1287673846844192	0.41390045644117435	[377, 162, 10, 734, 19, 1987]	{4 5 5 3 }91865
80	0.7162737612004157	0.8040280942601868	0.1287673846844192	0.5842035923817597	[107, 10, 734, 19, 400, 4079]	{4 5 4 2 }92581
81	0.7206522525399155	0.8076572036257389	0.1287673846844192	0.21853930910221597	[19, 734, 10, 158, 420, 1791]	{2 3 2 5 }100373
82	0.7249631745686205	0.8112191072622993	0.1287673846844192	0.5519173437841476	[432, 422, 19, 132, 241, 1729]	{2 6 2 4 }116373
83	0.7292075700228084	0.815414238212026	0.1287673846844192	0.7445015925232294	[432, 422, 19, 132, 1714, 2168]	{6 4 2 4 }113871
84	0.7333864655471478	0.8182627839186305	0.1287673846844192	0.2512539106781674	[1549, 162, 107, 10, 734, 19]	{4 3 3 6 }99122
85	0.7375008719430252	0.8210673705865529	0.1287673846844192	0.4218560082309499	[107, 162, 10, 734, 19, 3308]	{3 6 3 3 }95089
86	0.7415517844130401	0.824380937797913	0.1287673846844192	0.48287649559483514	[1579, 1580, 438, 2627, 261, 217]	{5 3 6 6 }98070
87	0.7455401828017278	0.8276331426535072	0.1287673846844192	0.18644425498262523	[10, 734, 19, 132, 241, 1031]	{1 2 4 3 }97707
88	0.7494670318325654	0.830825121493257	0.1287673846844192	0.3533585319111673	[2309, 420, 158, 10, 734, 19]	{1 5 3 6 }1992919
89	0.753333281341322	0.8334358449270031	0.1287673846844192	0.4779683117804445	[241, 132, 19, 734, 2229, 494]	{5 4 2 3 }123858
90	0.7571398665058078	0.8371372705952919	0.1287673846844192	0.629867303764823	[734, 10, 158, 1557, 15, 432]	{4 2 2 2 }131114
91	0.7608877080720762	0.8396505843206732	0.1287673846844192	0.22065255862223065	[320, 232, 10, 734, 19, 1987]	{5 6 6 2 }102609
92	0.7645777125771367	0.8426200179443644	0.1287673846844192	0.5153600542424949	[377, 162, 1549, 107, 10, 1873]	{2 1 5 3 }98429
93	0.7682107725682302	0.845048721371149	0.1287673846844192	0.30269924192723124	[1549, 162, 10, 158, 420, 1791]	{2 3 4 2 }98167
94	0.7717877668187205	0.8500071622872721	0.1287673846844192	0.4490309472639553	[320, 232, 1792, 496, 2728, 301]	{4 1 6 5 }98499
95	0.7753095605406538	0.8540069712929449	0.1287673846844192	0.5391578771720784	[1791, 420, 158, 1557, 15, 432]	{5 5 1 1 }97790
96	0.7787770055940388	0.8562599501310167	0.1287673846844192	0.6683122938904253	[193, 232, 10, 438, 1580, 301]	{1 5 2 4 }113815
97	0.7821909406928962	0.858478160777143	0.1287673846844192	0.2512539106781674	[1549, 162, 107, 10, 734, 19]	{5 3 1 4 }106697
98	0.7855521916081293	0.8630068596322744	0.1287673846844192	0.46327330397949845	[10, 232, 1792, 496, 2728, 301]	{6 6 3 4 }115000
99	0.7888615713672631	0.8660511516404461	0.1287673846844192	0.714204625120718	[734, 19, 241, 132, 1714, 2168]	{6 4 1 3 }100657
100	0.7921198804511016	0.8685316858693267	0.1287673846844192	0.3261893857210155	[1792, 232, 10, 734, 19, 3308]	{3 1 3 4 }108910
101	0.79532790698735	0.8705605178775162	0.1287673846844192	0.7549170315096712	[19, 132, 241, 217, 261, 165]	{5 5 6 2 }126333
102	0.7984864269412489	0.8725580407497767	0.1287673846844192	0.46414967336266133	[734, 10, 232, 1792, 496, 3366]	{2 2 4 4 }114971
103	0.8015962043032667	0.8753900842886706	0.1287673846844192	0.7899353470343127	[734, 10, 438, 2627, 261, 217]	{1 6 2 3 }2520788
104	0.8046579912738953	0.878713015374306	0.1287673846844192	0.18644425498262523	[10, 734, 19, 132, 241, 1031]	{5 4 2 1 }125716
105	0.8076725284455943	0.8819473349643245	0.1287673846844192	0.2939838317077802	[2047, 232, 10, 734, 19, 1987]	{5 2 3 6 }100170
106	0.8106405449819278	0.8837691353506775	0.1287673846844192	0.2730726676895317	[107, 162, 10, 734, 19, 132]	{4 6 1 4 }101037
107	0.8135627587939351	0.8863520434539958	0.1287673846844192	0.6833764703768513	[734, 19, 132, 1720, 241, 1126]	{6 5 3 1 }100533
108	0.8164398767137817	0.8881058699439033	0.1287673846844192	0.2381411587970519	[107, 10, 734, 19, 132, 241]	{1 3 4 5 }98412
109	0.8192725946657295	0.8898326312102011	0.1287673846844192	0.39062181355682657	[432, 422, 19, 132, 241, 1031]	{3 1 4 3 }101467
110	0.8220615978344683	0.8927704277112624	0.1287673846844192	0.425271656964443	[320, 232, 10, 734, 2229, 1529]	{1 4 5 1 }99633
111	0.8248075608308499	0.8947561605314241	0.1287673846844192	0.5153600542424949	[377, 162, 1549, 107, 10, 1873]	{3 3 3 5 }111175
112	0.8275111478550652	0.8967051205215829	0.1287673846844192	0.7419595300955442	[846, 10, 734, 2229, 1529, 156]	{1 1 2 6 }122888
113	0.8301730128573019	0.8986179886600721	0.1287673846844192	0.3769807512787482	[2047, 232, 10, 734, 19, 241]	{5 2 2 4 }132709
114	0.8327937996959238	0.9008709222454039	0.1287673846844192	0.6394480676352382	[1799, 232, 10, 494, 2229, 1529]	{1 2 1 2 }119903
115	0.8353741422932088	0.9030737906399505	0.1287673846844192	0.5650756242511695	[1792, 232, 10, 438, 2627, 301]	{3 3 3 5 }130231
116	0.837914664788684	0.9052277064035071	0.1287673846844192	0.1287673846844192	[320, 232, 10, 734, 19, 132]	{2 1 4 5 }118278
117	0.8404159816900932	0.9073337573723181	0.1287673846844192	0.27755072522583735	[320, 232, 10, 734, 19, 1460]	{6 2 6 5 }124444
118	0.8428786980220363	0.90876379198077	0.1287673846844192	0.3093012924849177	[377, 162, 107, 10, 734, 19]	{6 3 3 2 }2315065
119	0.8453034094723135	0.9111967575279495	0.1287673846844192	0.20209865776996874	[2047, 232, 10, 734, 19, 132]	{1 2 4 2 }114699
120	0.8476907025360123	0.9125671779364688	0.1287673846844192	0.27755072522583735	[320, 232, 10, 734, 19, 1460]	{6 5 1 4 }95835
121	0.8500411546573702	0.9145101295378806	0.1287673846844192	0.4779683117804445	[241, 132, 19, 734, 2229, 494]	{5 4 6 1 }97836
122	0.8523553343694478	0.9160932752871791	0.1287673846844192	0.26977824374023446	[1820, 10, 734, 19, 132, 241]	{2 3 5 4 }102259
123	0.8546338014316477	0.9176471035226017	0.1287673846844192	0.6408269299094118	[3621, 1720, 241, 132, 19, 3308]	{4 1 4 3 }114214
124	0.8568771069651099	0.919172157161072	0.1287673846844192	0.16749872591503795	[320, 232, 10, 158, 420, 1791]	{4 6 2 2 }99157
125	0.8590857935860187	0.9213275663034434	0.1287673846844192	0.3710319774454073	[2654, 232, 10, 734, 19, 132]	{4 1 3 4 }103268
126	0.8612603955368516	0.9230758426078113	0.1287673846844192	0.4963011283524297	[377, 162, 1549, 107, 420, 1791]	{6 6 6 3 }104457
127	0.8634014388156039	0.9242629438021353	0.1287673846844192	0.6002749898121404	[1580, 438, 2627, 261, 217, 132]	{1 1 1 1 }103947
128	0.8655094413030175	0.9256654818798735	0.1287673846844192	0.42375233682793245	[2149, 420, 158, 10, 232, 2047]	{4 4 5 3 }127845
129	0.8675849128878474	0.926812619505184	0.1287673846844192	0.2381411587970519	[107, 10, 734, 19, 132, 241]	{4 2 5 1 }153820
130	0.8696283555901955	0.9279420543893633	0.1287673846844192	0.22657955342078154	[420, 158, 10, 734, 19, 132]	{2 5 1 4 }129843
131	0.8716402636829393	0.9295433420695997	0.1287673846844192	0.45591365441607423	[320, 232, 10, 494, 2229, 1529]	{2 2 6 6 }147284
132	0.8736211238112891	0.9311090455791642	0.1287673846844192	0.33159198238328924	[377, 162, 107, 10, 232, 2047]	{5 4 6 2 }146219
133	0.8755714151104975	0.9323848039943647	0.1287673846844192	0.3938900702956092	[837, 162, 107, 10, 734, 19]	{5 3 5 1 }1709221
134	0.8774916093217553	0.9345484902665451	0.1287673846844192	0.4490309472639553	[320, 232, 1792, 496, 2729, 301]	{4 3 4 2 }212761
135	0.8793821709062961	0.9357605552616091	0.1287673846844192	0.41897284333476037	[2636, 162, 10, 158, 420, 1791]	{1 2 3 4 }98856
136	0.8812435571577422	0.9367519047174485	0.1287673846844192	0.34807221917075004	[158, 10, 734, 19, 132, 217]	{1 3 2 3 }93786
137	0.8830762183127152	0.9377279555705743	0.1287673846844192	0.4695291494440582	[1792, 232, 10, 734, 2229, 494]	{4 4 2 3 }95642
138	0.8848805976597413	0.9388811415785265	0.1287673846844192	0.6125752624259981	[837, 162, 1549, 107, 10, 494]	{4 3 3 6 }99039
139	0.8866571316464736	0.9400129722900353	0.1287673846844192	0.8368047850671896	[2405, 1743, 1742, 400, 19, 1460]	{5 5 1 5 }94598
140	0.8884062499852626	0.9411238431735532	0.1287673846844192	0.17740604517959738	[1792, 232, 10, 734, 19, 132]	{1 6 4 4 }97087
141	0.890128375757095	0.942214142374043	0.1287673846844192	0.18644425498262523	[10, 734, 19, 132, 241, 1031]	{1 4 2 3 }105599
142	0.89182392551393	0.943105899436172	0.1287673846844192	0.1287673846844192	[320, 232, 10, 734, 19, 132]	{4 5 2 2 }111176
143	0.8934933093794557	0.9443702127820348	0.1287673846844192	0.35678962072986414	[157, 10, 734, 19, 132, 241]	{1 6 5 3 }105526
144	0.8951369311482913	0.9452286971526824	0.1287673846844192	0.31230179790358314	[1799, 232, 10, 734, 19, 132]	{3 4 2 6 }109240
145	0.8967551883836571	0.9460739333077336	0.1287673846844192	0.31230179790358314	[1799, 232, 10, 734, 19, 132]	{4 6 1 6 }102240
146	0.898348472513539	0.9472722903453396	0.1287673846844192	0.7536921454898741	[87, 415, 1265, 193, 232, 2047]	{6 4 4 6 }99388
147	0.8999171689253671	0.9482487294130184	0.1287673846844192	0.4817850116841094	[2238, 1549, 162, 10, 232, 2047]	{4 1 5 2 }104092
148	0.9014616570592349	0.9493987576482846	0.1287673846844192	0.42375346724447405	[1743, 1742, 400, 19, 132, 241]	{5 1 5 4 }1292186
149	0.9029823104996788	0.9501796410179099	0.1287673846844192	0.22065255862223065	[320, 232, 10, 734, 19, 1987]	{1 5 5 5 }117940
150	0.9044794970660417	0.951102240258319	0.1287673846844192	0.1941408295346144	[846, 10, 734, 19, 132, 241]	{4 6 5 2 }127226
151	0.9059535789014423	0.9520077543276093	0.1287673846844192	0.6496535671028125	[1743, 1742, 400, 19, 132, 168]	{1 1 5 6 }110712
152	0.9074049125603707	0.9528964996178388	0.1287673846844192	0.35228813868837683	[1792, 232, 10, 734, 19, 241]	{1 5 1 2 }108759
153	0.9088338490949328	0.9537687866619529	0.1287673846844192	0.2161373864102161	[1792, 232, 10, 158, 420, 1791]	{6 2 5 6 }117201
154	0.9102407341397641	0.9544822313122314	0.1287673846844192	0.22065255862223065	[320, 232, 10, 734, 19, 1987]	{1 3 4 3 }131682
155	0.9116259079956319	0.9554937372830707	0.1287673846844192	0.1287673846844192	[320, 232, 10, 734, 19, 132]	{5 1 6 1 }117137
156	0.9129897057117488	0.9564827653434469	0.1287673846844192	0.3587532375194829	[394, 193, 232, 10, 734, 19]	{4 3 3 5 }120155
157	0.9143324571668143	0.957288640059309	0.1287673846844192	0.3261893857210155	[1792, 232, 10, 734, 19, 1460]	{2 3 1 2 }109838
158	0.9156544871488079	0.9579477659843196	0.1287673846844192	0.17740604517959738	[1792, 232, 10, 734, 19, 132]	{2 4 5 6 }117381
159	0.9169561154335486	0.9590691588914045	0.1287673846844192	0.5223622203495049	[2047, 232, 1792, 496, 2728, 301]	{5 5 6 4 }106756
160	0.9182376568620432	0.9599787331382622	0.1287673846844192	0.5911141704282676	[1549, 162, 10, 494, 2229, 1529]	{4 5 6 6 }102766
161	0.9194994214166413	0.9607198677097758	0.1287673846844192	0.42210597450990683	[988, 420, 158, 10, 734, 19]	{3 6 3 4 }101758
162	0.9207417142960141	0.9614472775670022	0.1287673846844192	0.2735446005765389	[1549, 162, 107, 10, 232, 2047]	{2 4 3 4 }99421
163	0.9219648359889768	0.962161216871317	0.1287673846844192	0.42106349662439685	[107, 10, 734, 19, 132, 1032]	{6 1 5 1 }452687
164	0.9231690823471717	0.9627451487097226	0.1287673846844192	0.22657955342078154	[420, 158, 10, 734, 19, 132]	{3 6 2 6 }92768
165	0.9243547446566289	0.9634350533632462	0.1287673846844192	0.18644425498262523	[10, 734, 19, 132, 241, 1031]	{1 6 3 2 }92026
166	0.9255221097082241	0.9641121820046676	0.1287673846844192	0.5847509154931978	[320, 232, 10, 107, 162, 3284]	{5 5 6 3 }93985
167	0.9266714598670478	0.9652605921805182	0.1287673846844192	0.6560361430468247	[2872, 241, 1031, 132, 19, 3308]	{3 1 5 4 }96796
168	0.9278030731407044	0.9657966941530411	0.1287673846844192	0.22657955342078154	[420, 158, 10, 734, 19, 132]	{4 6 2 4 }100206
169	0.9289172232465578	0.9663245229469757	0.1287673846844192	0.31230179790358314	[1799, 232, 10, 734, 19, 132]	{5 2 6 6 }106331
170	0.9300141796779381	0.9668442062348309	0.1287673846844192	0.3892787551300833	[158, 10, 734, 19, 132, 1032]	{3 1 2 6 }104555
171	0.9310942077693279	0.9674582024156674	0.1287673846844192	0.2735446005765389	[1549, 162, 107, 10, 232, 2047]	{4 6 5 1 }118264
172	0.932157568760542	0.9680608282968588	0.1287673846844192	0.4099230827104292	[158, 10, 734, 19, 132, 1031]	{3 6 5 5 }121701
173	0.9332045198599164	0.9686522944395095	0.1287673846844192	0.42375346724447405	[1743, 1742, 400, 19, 132, 241]	{6 6 3 5 }107658
174	0.9342353143065225	0.969488233254456	0.1287673846844192	0.793141648284982	[377, 162, 107, 734, 19, 1987]	{3 6 6 3 }128075
175	0.9352502014314219	0.9700532659719661	0.1287673846844192	0.3261893857210155	[1792, 232, 10, 734, 19, 1460]	{1 5 2 4 }122702
176	0.936249426717974	0.9706078351206333	0.1287673846844192	0.6066758050718191	[1743, 1742, 400, 19, 132, 1032]	{2 2 5 2 }118575
177	0.9372332318612151	0.971391626184083	0.1287673846844192	0.534679235302599	[1820, 10, 734, 19, 241, 1031]	{5 2 5 1 }122590
178	0.9382018548263199	0.9718331134343288	0.1287673846844192	0.17740604517959738	[1792, 232, 10, 734, 19, 132]	{3 6 4 4 }117433
179	0.9391555299061606	0.9724590442468992	0.1287673846844192	0.49909583386846557	[1743, 1742, 400, 19, 734, 10]	{1 4 1 5 }730456
180	0.9400944877779791	0.9729690619460307	0.1287673846844192	0.5930455237480948	[1742, 400, 19, 132, 241, 2872]	{1 6 1 4 }107006
181	0.9410189555591831	0.9735697494583411	0.1287673846844192	0.3710653913227288	[320, 232, 10, 158, 420, 1582]	{4 4 3 4 }101366
182	0.9419291568622822	0.9740591985424459	0.1287673846844192	0.5286043096192637	[2238, 1549, 107, 10, 232, 2047]	{4 5 1 4 }113179
183	0.9428253118489753	0.9744595195525934	0.1287673846844192	0.3798569606650636	[107, 10, 734, 19, 132, 217]	{3 4 2 4 }111305
184	0.9437076372834047	0.9750270857847579	0.1287673846844192	0.3898182019840681	[2636, 162, 107, 10, 232, 2047]	{2 3 4 6 }102159
185	0.9445763465845868	0.9754895471591143	0.1287673846844192	0.5834755042522144	[1579, 1580, 301, 10, 232, 2047]	{4 2 3 6 }137851
186	0.9454316498780345	0.9759434444339455	0.1287673846844192	0.45591365441607423	[320, 232, 10, 494, 2229, 1529]	{3 3 4 4 }124987
187	0.9462737540465833	0.976314687575397	0.1287673846844192	0.3649578416273432	[107, 162, 10, 734, 19, 1987]	{4 6 6 3 }128624
188	0.9471028627804323	0.9767533044721488	0.1287673846844192	0.17740604517959738	[1792, 232, 10, 734, 19, 132]	{2 4 5 6 }134456
189	0.9479191766264133	0.9773732163528915	0.1287673846844192	0.48287649559483514	[1579, 1580, 438, 2627, 261, 217]	{4 2 2 3 }139051
190	0.9487228930364995	0.9777223951128778	0.1287673846844192	0.5230838257008054	[420, 158, 10, 734, 2229, 1529]	{1 4 4 1 }164994
191	0.9495142064155659	0.9781349433515282	0.1287673846844192	0.2408299990005875	[2047, 232, 10, 158, 420, 1791]	{2 2 4 1 }140581
192	0.9502933081684121	0.9787180115288208	0.1287673846844192	0.17740604517959738	[1792, 232, 10, 734, 19, 132]	{6 1 3 4 }119252
193	0.9510603867460601	0.9791121224264352	0.1287673846844192	0.3318017772063142	[193, 232, 10, 158, 420, 1791]	{2 3 2 4 }132501
194	0.9518156276913369	0.9794344662161507	0.1287673846844192	0.34807221917075004	[158, 10, 734, 19, 132, 217]	{5 1 4 4 }1534242
195	0.9525592136837545	0.979891478078014	0.1287673846844192	0.32201528250336287	[377, 162, 10, 734, 19, 132]	{1 2 6 6 }136766
196	0.9532913245836966	0.9802638581136064	0.1287673846844192	0.26977824374023446	[1820, 10, 734, 19, 132, 241]	{4 6 2 3 }94453
197	0.9540121374759235	0.9805684282044458	0.1287673846844192	0.17740604517959738	[1792, 232, 10, 734, 19, 132]	{6 1 5 3 }96555
198	0.9547218267124061	0.9811902385019035	0.1287673846844192	0.4695291494440582	[1792, 232, 10, 734, 2229, 494]	{1 2 2 1 }95388
199	0.9554205639544987	0.9814805125990963	0.1287673846844192	0.1287673846844192	[320, 232, 10, 734, 19, 132]	{6 2 3 4 }97559
200	0.9561085182144601	0.9818234660694835	0.1287673846844192	0.1941408295346144	[846, 10, 734, 19, 132, 241]	{4 2 3 5 }97688
201	0.9567858558963357	0.9822273890457172	0.1287673846844192	0.5247141785668131	[1579, 1580, 438, 2729, 496, 3366]	{2 4 5 2 }96797
202	0.9574527408362071	0.9826223359558124	0.1287673846844192	0.3798569606650636	[107, 10, 734, 19, 132, 217]	{2 3 5 3 }104191
203	0.9581093343418212	0.9830085062679054	0.1287673846844192	0.2408299990005875	[2047, 232, 10, 158, 420, 1791]	{5 3 1 4 }100983
204	0.9587557952316079	0.9833860950175075	0.1287673846844192	0.4779683117804445	[241, 132, 19, 734, 2229, 494]	{2 4 6 5 }105971
205	0.9593922798730954	0.9837552929060074	0.1287673846844192	0.7221435261135749	[160, 87, 1265, 193, 394, 432]	{5 1 1 4 }107358
206	0.9600189422207328	0.9840561208151554	0.1287673846844192	0.16749872591503795	[320, 232, 10, 158, 420, 1791]	{4 4 1 2 }117790
207	0.960635933853129	0.9844104292414853	0.1287673846844192	0.5597296726288383	[2872, 241, 132, 19, 400, 4079]	{2 1 2 6 }109188
208	0.9612434040097164	0.98475686414723	0.1287673846844192	0.20635641730273835	[158, 10, 734, 19, 132, 241]	{3 6 1 2 }111066
209	0.9618414996268504	0.9849920977252048	0.1287673846844192	0.46414967336266133	[734, 10, 232, 1792, 496, 3366]	{5 6 4 1 }3402146
210	0.9624303653733497	0.9852237011553714	0.1287673846844192	0.4779683117804445	[241, 132, 19, 734, 2229, 494]	{2 4 6 1 }473524
211	0.9630101436854893	0.9856177357912282	0.1287673846844192	0.5247141785668131	[1579, 1580, 438, 2729, 496, 3366]	{5 1 5 5 }101651
212	0.963580974801454	0.9858840740173166	0.1287673846844192	0.27755072522583735	[320, 232, 10, 734, 19, 3308]	{5 2 1 4 }103385
213	0.9641429967952587	0.9861454800540329	0.1287673846844192	0.33407262502458396	[1849, 420, 158, 10, 734, 19]	{1 6 2 4 }101565
214	0.9646963456101467	0.9865149339192587	0.1287673846844192	0.24508563114986298	[10, 734, 19, 132, 241, 1126]	{2 5 3 6 }100962
215	0.9652411550914716	0.9867230367908751	0.1287673846844192	0.49909583386846557	[1743, 1742, 400, 19, 734, 10]	{6 4 4 4 }100244
216	0.9657775570190723	0.986968906479933	0.1287673846844192	0.42106349662439685	[107, 10, 734, 19, 132, 1032]	{3 2 6 6 }101572
217	0.9663056811391484	0.9872584863359345	0.1287673846844192	0.1941408295346144	[846, 10, 734, 19, 132, 241]	{4 2 6 3 }101236
218	0.966825655195643	0.9875416310840248	0.1287673846844192	0.5247141785668131	[1579, 1580, 438, 2729, 496, 3366]	{6 5 2 2 }102031
219	0.9673376049611423	0.9877338898635923	0.1287673846844192	0.2512539106781674	[1549, 162, 107, 10, 734, 19]	{1 4 6 4 }99156
220	0.9678416542672975	0.9880064700888458	0.1287673846844192	0.5402032631193221	[846, 10, 734, 19, 400, 4079]	{1 2 1 6 }100366
221	0.9683379250347776	0.9882285724946079	0.1287673846844192	0.29307043597569554	[193, 232, 10, 734, 19, 132]	{6 1 4 1 }104549
222	0.9688265373027594	0.9884102303264812	0.1287673846844192	0.5062659073349222	[1549, 162, 10, 158, 420, 1582]	{6 2 2 2 }106759
223	0.9693076092579637	0.9886248556908057	0.1287673846844192	0.3607466237339816	[377, 162, 10, 158, 420, 1791]	{1 2 1 1 }107211
224	0.969781257263242	0.9888355065113463	0.1287673846844192	0.4959113874208292	[1917, 10, 734, 19, 132, 217]	{5 3 6 1 }4779849
225	0.9702475958857228	0.9890077980775293	0.1287673846844192	0.3107871986317668	[1549, 107, 10, 734, 19, 132]	{3 6 2 4 }232355
226	0.9707067379245234	0.9893595485390483	0.1287673846844192	0.27755072522583735	[320, 232, 10, 734, 19, 3308]	{2 1 1 2 }127804
227	0.9711587944380339	0.9895237530369025	0.1287673846844192	0.5048666701956248	[1549, 162, 107, 420, 158, 10]	{2 5 6 2 }141473
228	0.9716038747707803	0.9896854235147281	0.1287673846844192	0.355853074634424	[1549, 162, 10, 734, 19, 1987]	{5 1 5 3 }131673
229	0.9720420865798731	0.9898445990777724	0.1287673846844192	0.5847509154931978	[320, 232, 10, 107, 162, 3284]	{5 6 2 3 }151679
230	0.9724735358610479	0.9900702746538219	0.1287673846844192	0.5391578771720784	[1791, 420, 158, 1557, 15, 432]	{5 1 1 5 }119771
231	0.9728983269743033	0.99033506732972	0.1287673846844192	0.4739103174596212	[1792, 232, 10, 734, 2229, 1529]	{6 4 3 2 }140648
232	0.9733165626691443	0.9905140475643548	0.1287673846844192	0.6859097015106125	[2238, 1549, 162, 1583, 1013, 156]	{5 4 5 4 }115375
233	0.9737283441094353	0.990767006295972	0.1287673846844192	0.4927957536832894	[1792, 496, 2729, 438, 1580, 301]	{5 5 1 2 }109366
234	0.97413377089787	0.9909379876608614	0.1287673846844192	0.4963011283524297	[377, 162, 1549, 107, 420, 1791]	{5 2 3 2 }132213
235	0.9745329411000634	0.9911058027041788	0.1287673846844192	0.45957053917318497	[1549, 107, 10, 734, 19, 3308]	{5 3 4 3 }134933
236	0.9749259512682722	0.9912705100615088	0.1287673846844192	0.30269924192723124	[1549, 162, 10, 158, 420, 1791]	{4 2 4 5 }116471
237	0.9753128964647495	0.991432167282592	0.1287673846844192	0.5329543900991072	[2627, 438, 10, 158, 420, 1791]	{5 2 3 5 }110199
238	0.975693870284738	0.9915643869232927	0.1287673846844192	0.6142491324923538	[420, 158, 10, 438, 2627, 301]	{6 6 6 5 }116818
239	0.9760689648791093	0.9917206019802688	0.1287673846844192	0.30269924192723124	[1549, 162, 10, 158, 420, 1791]	{4 2 4 1 }2364855
240	0.9764382709766539	0.9918739241658193	0.1287673846844192	0.5542764015532653	[846, 10, 107, 162, 420, 1791]	{2 2 1 2 }381581
241	0.9768018779060265	0.9920244070516375	0.1287673846844192	0.49860293004999257	[2047, 232, 10, 734, 2229, 1529]	{1 1 1 4 }110519
242	0.9771598736173532	0.992172103217348	0.1287673846844192	0.45756243128478064	[734, 10, 107, 162, 420, 1791]	{3 6 3 2 }130220
243	0.9775123447035052	0.9923170642688786	0.1287673846844192	0.6683122938904253	[193, 232, 10, 438, 1580, 301]	{1 3 3 3 }130538
244	0.9778593764210437	0.9924593408564919	0.1287673846844192	0.7594826939479493	[2636, 162, 107, 734, 19, 132]	{5 6 2 6 }137770
245	0.9782010527108425	0.9926604251003188	0.1287673846844192	0.6325653604831192	[1799, 232, 1792, 496, 2729, 301]	{5 3 1 5 }127078
246	0.9785374562183912	0.992773690145067	0.1287673846844192	0.2381411587970519	[107, 10, 734, 19, 132, 241]	{2 4 5 1 }152892
247	0.9788686683137864	0.992907510697936	0.1287673846844192	0.21853930910221597	[19, 734, 10, 158, 420, 1791]	{5 2 5 1 }138862
248	0.9791947691114131	0.9930169626933383	0.1287673846844192	0.27755072522583735	[320, 232, 10, 734, 19, 1460]	{4 2 4 6 }131299
249	0.9795158374893234	0.9931247256147374	0.1287673846844192	0.27755072522583735	[320, 232, 10, 734, 19, 1460]	{5 2 5 6 }139528
250	0.9798319511083153	0.9932520455107607	0.1287673846844192	0.39062181355682657	[432, 422, 19, 132, 241, 1031]	{4 5 4 1 }155886
251	0.9801431864307178	0.9933561806109034	0.1287673846844192	0.2512539106781674	[1549, 162, 107, 10, 734, 19]	{1 6 6 5 }137191
252	0.9804496187388858	0.9935038210417722	0.1287673846844192	0.2512539106781674	[1549, 162, 107, 10, 734, 19]	{4 6 3 3 }142119
253	0.9807513221534092	0.9936770524806583	0.1287673846844192	0.35557684261559463	[2047, 232, 10, 734, 19, 400]	{3 1 4 1 }138943
254	0.9810483696510417	0.9937941441013868	0.1287673846844192	0.3938900702956092	[837, 162, 107, 10, 734, 19]	{6 1 4 6 }2102025
255	0.9813408330823528	0.9938899134825382	0.1287673846844192	0.5353684426140051	[193, 232, 10, 158, 420, 1582]	{1 3 3 2 }97493
256	0.9816287831891066	0.993984204941141	0.1287673846844192	0.22065255862223065	[320, 232, 10, 734, 19, 1987]	{1 3 2 4 }94349
257	0.9819122896213734	0.9941767103830246	0.1287673846844192	0.6763738299871823	[1879, 496, 1792, 232, 10, 1873]	{3 3 2 3 }97618
258	0.982191420954377	0.9943061168189573	0.1287673846844192	0.4490309472639553	[320, 232, 1792, 496, 2728, 301]	{5 3 2 3 }94959
259	0.982466244705081	0.994393985386566	0.1287673846844192	0.318464727358593	[420, 158, 10, 734, 19, 1987]	{2 6 6 6 }98360
260	0.9827368273485212	0.994480497957761	0.1287673846844192	0.2161373864102161	[1792, 232, 10, 158, 420, 1791]	{2 1 3 2 }98251
261	0.9830032343338835	0.9945827109585432	0.1287673846844192	0.48471517633303335	[811, 734, 10, 158, 420, 1791]	{6 5 1 1 }101663
262	0.9832655301003359	0.9947030951594644	0.1287673846844192	0.42375233682793245	[2149, 420, 158, 10, 232, 2047]	{2 2 4 4 }107740
263	0.9835237780926147	0.9947848375181146	0.1287673846844192	0.5153706743278413	[107, 162, 10, 158, 420, 1582]	{1 4 2 5 }104383
264	0.9837780407763707	0.9948814146011126	0.1287673846844192	0.5622342297886197	[420, 162, 107, 10, 232, 2047]	{4 4 1 1 }102376
265	0.9840283796532785	0.9950179102117496	0.1287673846844192	0.4492631897240643	[432, 422, 19, 132, 241, 1126]	{6 3 5 1 }103909
266	0.9842748552759131	0.9950947943134201	0.1287673846844192	0.32201528250336287	[377, 162, 10, 734, 19, 132]	{3 6 1 1 }103250
267	0.9845175272623958	0.9952037988842329	0.1287673846844192	0.5441812361813056	[1807, 157, 10, 158, 420, 1791]	{2 1 4 3 }227828
268	0.9847564543108157	0.99531038113125	0.1287673846844192	0.7331259318777035	[1799, 232, 10, 438, 2729, 301]	{5 5 1 3 }146677
269	0.9849916942134266	0.9953827517928048	0.1287673846844192	0.30364947819319865	[320, 232, 10, 734, 19, 241]	{6 5 6 3 }3311261
270	0.9852233038706267	0.9954682563892343	0.1287673846844192	0.5643132891416724	[377, 162, 10, 158, 420, 1582]	{6 6 1 3 }286443
271	0.9854513393047221	0.9955381907042153	0.1287673846844192	0.46577998274920906	[1799, 232, 10, 734, 19, 400]	{1 5 6 2 }102102
272	0.9856758556734764	0.9956373420218994	0.1287673846844192	0.7017271982974504	[2309, 420, 162, 10, 232, 2047]	{6 6 5 5 }104010
273	0.9858969072834536	0.9957181319844568	0.1287673846844192	0.7498303133158442	[2149, 420, 162, 10, 232, 2047]	{3 4 3 3 }99271
274	0.9861145476031533	0.9957842101945732	0.1287673846844192	0.6910687818826513	[734, 10, 301, 1580, 438, 3366]	{5 6 4 5 }103051
275	0.9863288292759441	0.9958492686792249	0.1287673846844192	0.318464727358593	[420, 158, 10, 734, 19, 1987]	{3 5 4 4 }102025
276	0.9865398041327968	0.9959133231749159	0.1287673846844192	0.2822455695300451	[320, 232, 10, 734, 19, 400]	{5 4 6 3 }104014
277	0.9867475232048216	0.9959890023753804	0.1287673846844192	0.49318716424232345	[2872, 241, 132, 19, 422, 432]	{6 3 2 6 }99258
278	0.9869520367356114	0.996122702296201	0.1287673846844192	0.6880214445257714	[2405, 1743, 1742, 400, 19, 132]	{2 1 3 3 }101794
279	0.9871533941933952	0.9962088644673965	0.1287673846844192	0.5674775469431694	[19, 734, 10, 438, 2627, 301]	{2 1 2 1 }101279
280	0.9873516442830033	0.9962790706809633	0.1287673846844192	0.4754934673489888	[377, 162, 10, 734, 19, 400]	{4 6 3 1 }98580
281	0.9875468349576483	0.996361757999164	0.1287673846844192	0.33159198238328924	[377, 162, 107, 10, 232, 2047]	{3 4 4 2 }103903
282	0.9877390134305241	0.9964179037090536	0.1287673846844192	0.33407262502458396	[1849, 420, 158, 10, 734, 19]	{4 1 5 4 }102476
283	0.9879282261862259	0.9964731829728027	0.1287673846844192	0.3607466237339816	[377, 162, 10, 158, 420, 1791]	{5 2 4 4 }102906
284	0.988114518991994	0.9965276091614941	0.1287673846844192	0.6018012732829315	[377, 162, 1549, 107, 10, 161]	{4 2 5 6 }4026746
285	0.9882979369087842	0.9965919126955405	0.1287673846844192	0.45756243128478064	[734, 10, 107, 162, 420, 1791]	{2 2 1 4 }121699
286	0.9884785243021672	0.996644506635424	0.1287673846844192	0.49357670240294965	[320, 232, 10, 162, 420, 1791]	{1 4 4 5 }95215
287	0.9886563248530597	0.9967190731546369	0.1287673846844192	0.5735862738432738	[2636, 162, 1549, 107, 10, 1873]	{2 5 6 6 }93038
288	0.9888313815682902	0.9967697047417566	0.1287673846844192	0.318464727358593	[420, 158, 10, 734, 19, 1987]	{3 5 3 4 }96052
289	0.9890037367910018	0.9968295250243168	0.1287673846844192	0.42655085253515757	[107, 162, 10, 734, 19, 400]	{2 4 4 6 }95186
290	0.9891734322108937	0.9968882375238665	0.1287673846844192	0.37785252539417236	[1792, 232, 10, 734, 19, 409]	{1 3 4 4 }94695
291	0.9893405088743059	0.9969458627549059	0.1287673846844192	0.2735446005765389	[1549, 162, 107, 10, 232, 2047]	{3 1 2 6 }96973
292	0.9895050071941468	0.9970137324714636	0.1287673846844192	0.697715783804336	[2627, 261, 217, 132, 19, 1460]	{5 6 1 2 }96644
293	0.9896669669596693	0.9970800939720977	0.1287673846844192	0.629867303764823	[734, 10, 158, 1557, 15, 432]	{1 3 5 5 }98301
294	0.9898264273460942	0.9971341663059478	0.1287673846844192	0.1941408295346144	[846, 10, 734, 19, 132, 241]	{3 2 5 4 }96676
295	0.9899834269240865	0.997187237300282	0.1287673846844192	0.17740604517959738	[1792, 232, 10, 734, 19, 132]	{2 3 4 4 }101988
296	0.9901380036690851	0.9972497431380536	0.1287673846844192	0.7267994372929271	[1726, 132, 241, 19, 422, 432]	{4 4 6 5 }102239
297	0.9902901949704882	0.9972921853735774	0.1287673846844192	0.1287673846844192	[320, 232, 10, 734, 19, 132]	{5 2 1 2 }105250
298	0.9904400376406967	0.9973423300888815	0.1287673846844192	0.2408299990005875	[2047, 232, 10, 158, 420, 1791]	{1 1 4 4 }107192
299	0.9905875679240193	0.9974013894202397	0.1287673846844192	0.5176831972642165	[846, 10, 734, 19, 241, 1126]	{2 4 2 5 }2609954
300	0.9907328215054387	0.9974845449587921	0.1287673846844192	0.4490309472639553	[320, 232, 1792, 496, 2729, 301]	{3 2 6 2 }109918
301	0.9908758335192437	0.9975404439597078	0.1287673846844192	0.4490309472639553	[320, 232, 1792, 496, 2728, 301]	{6 2 2 4 }108551
302	0.991016638557527	0.9975784000714407	0.1287673846844192	0.2512539106781674	[1549, 162, 107, 10, 734, 19]	{2 4 4 5 }112603
303	0.9911552706785528	0.9976322134031865	0.1287673846844192	0.45756243128478064	[734, 10, 107, 162, 420, 1791]	{2 1 3 6 }107630
304	0.9912917634149948	0.997668753319804	0.1287673846844192	0.3261893857210155	[1792, 232, 10, 734, 19, 3308]	{6 4 3 3 }98237
305	0.9914261497820474	0.9977119245546224	0.1287673846844192	0.42375233682793245	[2149, 420, 158, 10, 232, 2047]	{6 5 4 2 }97726
306	0.9915584622854109	0.9977851429688745	0.1287673846844192	0.6000755694325983	[1879, 496, 2729, 438, 2627, 301]	{2 5 4 6 }97369
307	0.9916887329291545	0.9978261588398213	0.1287673846844192	0.3118040089201504	[107, 162, 10, 158, 420, 1791]	{4 2 2 2 }97076
308	0.9918169932234577	0.9978744664211586	0.1287673846844192	0.409763318676026	[2654, 232, 10, 158, 420, 1791]	{3 6 5 3 }97192
309	0.9919432741922315	0.9979138281541001	0.1287673846844192	0.33407262502458396	[1849, 420, 158, 10, 734, 19]	{6 3 2 2 }100355
310	0.992067606380623	0.9979524609660612	0.1287673846844192	0.6388388530008217	[734, 10, 162, 1583, 1013, 156]	{3 4 4 2 }99516
311	0.9921900198624035	0.9979903783555786	0.1287673846844192	0.3533585319111673	[2309, 420, 158, 10, 734, 19]	{4 6 6 4 }100846
312	0.992310544247243	0.9980213910352764	0.1287673846844192	0.22657955342078154	[420, 158, 10, 734, 19, 132]	{5 4 2 4 }103036
313	0.9924292086878719	0.9980653601233814	0.1287673846844192	0.4490309472639553	[320, 232, 1792, 496, 2728, 301]	{1 2 2 4 }105093
314	0.9925460418871331	0.998095215677033	0.1287673846844192	0.39062181355682657	[432, 422, 19, 132, 241, 1031]	{6 1 5 4 }3186908
315	0.9926610721049243	0.9981246104968318	0.1287673846844192	0.6403488381905702	[432, 422, 19, 132, 1032, 370]	{1 6 5 1 }341738
316	0.9927743271650334	0.9981593399320756	0.1287673846844192	0.24508563114986298	[10, 734, 19, 132, 241, 1126]	{2 6 1 5 }165410
317	0.9928858344618694	0.9981934262296298	0.1287673846844192	0.2512539106781674	[1549, 162, 107, 10, 734, 19]	{5 4 5 3 }129307
318	0.9929956209670875	0.9982268812994515	0.1287673846844192	0.5650084163891905	[2627, 301, 10, 158, 420, 1791]	{3 3 2 5 }142734
319	0.9931037132361139	0.9982542442423612	0.1287673846844192	0.2730726676895317	[107, 162, 10, 734, 19, 132]	{2 6 1 1 }108460
320	0.9932101374145689	0.9982811849176334	0.1287673846844192	0.1287673846844192	[320, 232, 10, 734, 19, 132]	{4 1 2 3 }102506
321	0.993314919244591	0.9983270199864965	0.1287673846844192	0.6534714422620012	[1549, 162, 846, 10, 232, 2047]	{3 5 1 1 }99673
322	0.9934180840710634	0.9983528375792975	0.1287673846844192	0.27755072522583735	[320, 232, 10, 734, 19, 1460]	{1 4 6 6 }100818
323	0.9935196568477445	0.9983894411886464	0.1287673846844192	0.22065255862223065	[320, 232, 10, 734, 19, 1987]	{1 3 6 1 }102235
324	0.993619662143304	0.9984409790706097	0.1287673846844192	0.5265945627345092	[1579, 1580, 438, 2627, 301, 10]	{4 4 1 5 }101058
325	0.9937181241472653	0.9984650380355694	0.1287673846844192	0.3118040089201504	[107, 162, 10, 158, 420, 1791]	{5 6 2 5 }102123
326	0.993815066675857	0.998493463257133	0.1287673846844192	0.4099230827104292	[158, 10, 734, 19, 132, 1031]	{3 1 2 4 }102151
327	0.9939105131777727	0.9985167122809426	0.1287673846844192	0.6731857030105471	[320, 232, 193, 1265, 808, 331]	{6 2 2 2 }102407
328	0.9940044867398441	0.9985441805720363	0.1287673846844192	0.5836390922523209	[1580, 301, 10, 158, 420, 1791]	{4 1 1 1 }101355
329	0.9940970100926243	0.9985711401910726	0.1287673846844192	0.4739103174596212	[1792, 232, 10, 734, 2229, 1529]	{1 1 6 1 }2053144
330	0.9941881056158863	0.9985976005579047	0.1287673846844192	0.1941408295346144	[846, 10, 734, 19, 132, 241]	{4 5 6 2 }236944
331	0.9942777953440362	0.9986349978763606	0.1287673846844192	0.41390045644117435	[377, 162, 10, 734, 19, 1987]	{6 5 2 6 }146330
332	0.9943661009714431	0.9986653312568858	0.1287673846844192	0.45904182109697883	[846, 10, 734, 19, 241, 1031]	{5 1 5 3 }124800
333	0.9944530438576862	0.9986900473447213	0.1287673846844192	0.5201022017894869	[1791, 420, 162, 1549, 107, 10]	{2 4 3 6 }135042
334	0.9945386450327219	0.9987249794155287	0.1287673846844192	0.1287673846844192	[320, 232, 10, 734, 19, 132]	{6 3 2 4 }143062
335	0.99462292520197	0.9987446556591163	0.1287673846844192	0.16749872591503795	[320, 232, 10, 158, 420, 1791]	{4 4 6 1 }144233
336	0.9947059047513224	0.9987848266780246	0.1287673846844192	0.46327330397949845	[10, 232, 1792, 496, 2728, 301]	{1 4 5 1 }143959
337	0.9947876037520735	0.9988073298876907	0.1287673846844192	0.2161373864102161	[1792, 232, 10, 158, 420, 1791]	{2 6 6 5 }150331
338	0.994868041965776	0.9988454953312846	0.1287673846844192	0.7427245425797695	[988, 420, 158, 1557, 15, 432]	{2 1 6 2 }136334
339	0.9949472388490203	0.9988633117613575	0.1287673846844192	0.2512539106781674	[1549, 162, 107, 10, 734, 19]	{5 2 2 5 }137943
340	0.9950252135581403	0.9988843615435545	0.1287673846844192	0.2161373864102161	[1792, 232, 10, 158, 420, 1791]	{1 1 6 2 }118677
341	0.995101984953848	0.9989091535092532	0.1287673846844192	0.20635641730273835	[158, 10, 734, 19, 132, 241]	{1 4 3 5 }116622
342	0.9951775716057949	0.998929354370193	0.1287673846844192	0.2735446005765389	[1549, 162, 107, 10, 232, 2047]	{6 6 6 2 }141462
343	0.9952519917970635	0.9989491811411154	0.1287673846844192	0.5611848143538429	[1579, 1580, 301, 10, 734, 19]	{5 1 4 4 }105351
344	0.9953252635285903	0.9989653974815302	0.1287673846844192	0.27755072522583735	[320, 232, 10, 734, 19, 1460]	{4 2 6 5 }275436
345	0.9953974045235194	0.9989845567874279	0.1287673846844192	0.2939838317077802	[2047, 232, 10, 734, 19, 1987]	{3 6 1 4 }94897
346	0.9954684322314897	0.9990071221921517	0.1287673846844192	0.5187026576852424	[420, 158, 10, 734, 2229, 494]	{1 1 6 1 }93954
347	0.9955383638328557	0.9990291861434372	0.1287673846844192	0.48471517633303335	[811, 734, 10, 158, 420, 1791]	{2 2 4 1 }94463
348	0.9956072162428424	0.9990441678387545	0.1287673846844192	0.4695291494440582	[1792, 232, 10, 734, 2229, 494]	{5 3 3 3 }95515
349	0.9956750061156381	0.9990618684343332	0.1287673846844192	0.42375233682793245	[2149, 420, 158, 10, 232, 2047]	{6 4 5 4 }93915
350	0.9957417498484215	0.9990763457733095	0.1287673846844192	0.5809632329672156	[87, 1265, 193, 232, 10, 494]	{3 1 5 1 }95380
351	0.9958074635853286	0.9990968714227915	0.1287673846844192	0.6256403896465005	[193, 394, 432, 422, 19, 132]	{1 2 6 4 }94764
352	0.9958721632213574	0.9991108085921929	0.1287673846844192	0.3093012924849177	[377, 162, 107, 10, 734, 19]	{6 2 3 3 }101178
353	0.9959358644062131	0.9991305684012552	0.1287673846844192	0.22065255862223065	[320, 232, 10, 734, 19, 1987]	{3 1 1 2 }110643
354	0.9959985825480925	0.9991466689864172	0.1287673846844192	0.2161373864102161	[1792, 232, 10, 158, 420, 1791]	{4 6 2 2 }114656
355	0.996060332817412	0.9991598376748985	0.1287673846844192	0.24508563114986298	[10, 734, 19, 132, 241, 1126]	{1 2 5 3 }130481
356	0.9961211301504767	0.9991728031428784	0.1287673846844192	0.17740604517959738	[1792, 232, 10, 734, 19, 132]	{4 2 6 1 }146126
357	0.9961809892530927	0.9991911852952589	0.1287673846844192	0.614061877125219	[1579, 1580, 301, 2728, 496, 3366]	{2 2 4 1 }135936
358	0.9962399246041252	0.9992091589553642	0.1287673846844192	0.4695291494440582	[1792, 232, 10, 734, 2229, 494]	{1 1 3 2 }137359
359	0.9962979504589998	0.9992267332008006	0.1287673846844192	0.425271656964443	[320, 232, 10, 734, 2229, 1529]	{6 2 6 5 }119864
360	0.9963550808531512	0.9992439169074494	0.1287673846844192	0.5876478482757559	[1879, 496, 2729, 438, 1580, 301]	{5 6 1 5 }2739125
361	0.9964113296054173	0.9992579184462004	0.1287673846844192	0.2939838317077802	[2047, 232, 10, 734, 19, 1987]	{6 1 6 2 }145886
362	0.9964667103213831	0.999274409147396	0.1287673846844192	0.42375346724447405	[1743, 1742, 400, 19, 132, 241]	{4 4 3 2 }109850
363	0.9965212363966703	0.9992856065370966	0.1287673846844192	0.2512539106781674	[1549, 162, 107, 10, 734, 19]	{2 3 6 4 }101557
364	0.9965749210201785	0.9992966311275735	0.1287673846844192	0.41390045644117435	[377, 162, 10, 734, 19, 1987]	{1 3 1 4 }100712
365	0.9966277771772746	0.9993074855854813	0.1287673846844192	0.1287673846844192	[320, 232, 10, 734, 19, 132]	{2 3 4 4 }96255
366	0.9966798176529339	0.9993228747946928	0.1287673846844192	0.5809632329672156	[87, 1265, 193, 232, 10, 494]	{5 2 1 2 }97660
367	0.9967310550348331	0.9993354141503467	0.1287673846844192	0.38024150210414165	[2636, 162, 10, 734, 19, 132]	{3 1 4 6 }96570
368	0.9967815017163943	0.9993477212957106	0.1287673846844192	0.18644425498262523	[10, 734, 19, 132, 241, 1031]	{1 3 2 5 }101165
369	0.9968311698997833	0.9993651153944917	0.1287673846844192	0.8573465964844088	[1742, 400, 19, 734, 2229, 494]	{1 5 2 2 }107472
370	0.9968800715988607	0.999376872516816	0.1287673846844192	0.5519173437841476	[432, 422, 19, 132, 241, 1729]	{2 6 2 1 }107156
371	0.9969282186420881	0.9993884119146527	0.1287673846844192	0.636501057836766	[1820, 10, 232, 1792, 496, 3366]	{5 1 6 5 }106897
372	0.9969756226753893	0.9994079827333838	0.1287673846844192	0.46327330397949845	[10, 232, 1792, 496, 2728, 301]	{2 1 6 4 }110064
373	0.9970222951649665	0.9994189460160989	0.1287673846844192	0.4492631897240643	[432, 422, 19, 132, 241, 1126]	{6 5 1 3 }109415
374	0.9970682474000752	0.9994318583268522	0.1287673846844192	0.3898182019840681	[2636, 162, 107, 10, 232, 2047]	{6 3 6 3 }103734
375	0.9971134904957529	0.9994470087714695	0.1287673846844192	0.5738227595505997	[158, 10, 734, 19, 241, 2872]	{2 6 4 3 }5286404
376	0.9971580353955098	0.9994592974654368	0.1287673846844192	0.43617127961636887	[10, 734, 19, 132, 1032, 370]	{2 3 4 4 }851254
377	0.9972018928739742	0.9994713130773161	0.1287673846844192	0.48287649559483514	[1579, 1580, 438, 2627, 261, 217]	{2 2 1 5 }109450
378	0.9972450735394993	0.9994794718261228	0.1287673846844192	0.6048639728935834	[107, 10, 232, 1792, 496, 3366]	{2 5 2 6 }105171
379	0.9972875878367292	0.9994875046683124	0.1287673846844192	0.20635641730273835	[158, 10, 734, 19, 132, 241]	{1 2 5 3 }101761
380	0.9973294460491254	0.9994969953226028	0.1287673846844192	0.39062181355682657	[432, 422, 19, 132, 241, 1031]	{2 4 3 1 }109564
381	0.9973706583014538	0.9995063102240361	0.1287673846844192	0.3118040089201504	[107, 162, 10, 158, 420, 1791]	{2 6 3 4 }108840
382	0.9974112345622338	0.9995154526272947	0.1287673846844192	0.48234947979600745	[1529, 2229, 734, 19, 132, 241]	{2 6 1 3 }102670
383	0.9974511846461499	0.9995244257267892	0.1287673846844192	0.27755072522583735	[320, 232, 10, 734, 19, 1460]	{5 3 3 5 }99860
384	0.9974905182164254	0.9995371077074082	0.1287673846844192	0.47944171518065637	[1579, 1580, 438, 10, 734, 19]	{5 2 6 1 }99960
385	0.9975292447871595	0.9995456797869007	0.1287673846844192	0.2939838317077802	[2047, 232, 10, 734, 19, 1987]	{1 2 3 1 }100198
386	0.9975673737256293	0.9995540931241803	0.1287673846844192	0.4817850116841094	[2238, 1549, 162, 10, 232, 2047]	{3 4 4 3 }102708
387	0.9976049142545548	0.9995659839742022	0.1287673846844192	0.5491215492298357	[1742, 400, 19, 132, 241, 1126]	{6 5 6 3 }100469
388	0.9976418754543301	0.999572681752378	0.1287673846844192	0.5391578771720784	[1791, 420, 158, 1557, 15, 432]	{4 5 4 4 }138413
389	0.9976782662652202	0.9995792761697796	0.1287673846844192	0.6652718176233524	[1529, 2229, 734, 19, 132, 1032]	{2 3 4 3 }165881
390	0.9977140954895223	0.9995870673518207	0.1287673846844192	0.33585663140262606	[846, 10, 734, 19, 132, 217]	{5 6 1 1 }3678539
391	0.9977493717936964	0.999594714252713	0.1287673846844192	0.5292449275016238	[2047, 232, 10, 494, 2229, 1529]	{1 6 5 2 }100507
392	0.9977841037104603	0.9996022195443294	0.1287673846844192	0.2735446005765389	[1549, 162, 107, 10, 232, 2047]	{4 5 4 3 }99826
393	0.9978182996408544	0.9996083581316082	0.1287673846844192	0.3892787551300833	[158, 10, 734, 19, 132, 1032]	{4 5 3 4 }98683
394	0.9978519678562733	0.999614401987602	0.1287673846844192	0.20635641730273835	[158, 10, 734, 19, 132, 241]	{3 4 1 2 }100381
395	0.9978851165004666	0.9996229708323219	0.1287673846844192	0.8222829687937625	[87, 1265, 808, 331, 241, 132]	{3 3 5 3 }100039
396	0.9979177535915088	0.9996299528539455	0.1287673846844192	0.5052477946147236	[1873, 10, 734, 19, 132, 1032]	{6 5 3 5 }99147
397	0.9979498870237387	0.9996398207778403	0.1287673846844192	0.4942217620344296	[2047, 232, 10, 734, 2229, 494]	{6 1 3 3 }100785
398	0.9979815245696686	0.999647824760555	0.1287673846844192	0.604424902168044	[1799, 232, 10, 734, 2229, 494]	{2 4 4 6 }105281
399	0.9980126738818651	0.9996556508769872	0.1287673846844192	0.5999488320531864	[837, 162, 1549, 107, 10, 1873]	{3 3 1 2 }401937
400	0.9980433424947992	0.9996609649066632	0.1287673846844192	0.318464727358593	[420, 158, 10, 734, 19, 1987]	{4 1 6 1 }2356942
401	0.9980735378266696	0.9996700058424856	0.1287673846844192	0.5492981689384273	[1820, 10, 734, 19, 422, 432]	{5 3 5 5 }240343
402	0.9981032671811964	0.9996761168454025	0.1287673846844192	0.44533540154467305	[837, 162, 10, 158, 420, 1791]	{2 6 4 4 }108494
403	0.9981325377493877	0.9996811150422327	0.1287673846844192	0.4174460855422384	[1549, 162, 10, 734, 19, 400]	{4 3 3 2 }104686
404	0.9981613566112799	0.9996882013746275	0.1287673846844192	0.42089048894888004	[320, 232, 10, 734, 2229, 494]	{3 3 5 3 }105307
405	0.998189730737649	0.9996965160046375	0.1287673846844192	0.629867303764823	[734, 10, 158, 1557, 15, 432]	{6 6 6 4 }1349105
406	0.9982176669916977	0.9997011993996276	0.1287673846844192	0.2639679006966125	[1549, 162, 10, 734, 19, 132]	{5 1 6 1 }92631
407	0.9982451721307147	0.9997091674156375	0.1287673846844192	0.5876478482757559	[1879, 496, 2729, 438, 1580, 301]	{4 4 4 1 }91529
408	0.9982722528077098	0.9997136555728037	0.1287673846844192	0.2161373864102161	[1792, 232, 10, 158, 420, 1791]	{4 5 1 3 }92616
409	0.998298915573023	0.9997189582473813	0.1287673846844192	0.3261893857210155	[1792, 232, 10, 734, 19, 1460]	{3 2 2 3 }92947
410	0.9983251668759084	0.9997252036196618	0.1287673846844192	0.3261893857210155	[1792, 232, 10, 734, 19, 1460]	{2 6 6 1 }92327
411	0.998351013066095	0.9997302924415199	0.1287673846844192	0.7287254206266277	[119, 409, 19, 132, 241, 1126]	{1 1 2 5 }93433
412	0.9983764603953219	0.9997344545952002	0.1287673846844192	0.355853074634424	[1549, 162, 10, 734, 19, 1987]	{3 6 6 4 }92545
413	0.9984015150188509	0.9997415358059948	0.1287673846844192	0.20209865776996874	[2047, 232, 10, 734, 19, 132]	{4 5 6 4 }92174
414	0.9984261829969551	0.9997463221799578	0.1287673846844192	0.27755072522583735	[320, 232, 10, 734, 19, 3308]	{6 4 2 5 }92649
415	0.9984504702963848	0.999751019917366	0.1287673846844192	0.45591365441607423	[320, 232, 10, 494, 2229, 1529]	{5 2 2 3 }92107
416	0.9984743827918109	0.9997548622025919	0.1287673846844192	0.3318017772063142	[193, 232, 10, 158, 420, 1791]	{2 6 5 3 }93747
417	0.998497926267246	0.9997594017914327	0.1287673846844192	0.490480173062598	[1742, 400, 19, 132, 241, 1031]	{5 5 6 2 }91623
418	0.9985211064174427	0.9997647484182898	0.1287673846844192	0.2639679006966125	[1549, 162, 10, 734, 19, 132]	{1 2 5 1 }91532
419	0.9985439288492723	0.9997699762312167	0.1287673846844192	0.4161807601939807	[837, 162, 107, 10, 232, 2047]	{6 2 6 2 }91339
420	0.9985663990830799	0.999775087870523	0.1287673846844192	0.4779683117804445	[241, 132, 19, 734, 2229, 494]	{2 6 1 3 }90917
421	0.99858852255402	0.9997792529099577	0.1287673846844192	0.26929121911740883	[1792, 232, 10, 734, 19, 1987]	{1 4 1 2 }92751
422	0.9986103046133715	0.9997826595008534	0.1287673846844192	0.2512539106781674	[1549, 162, 107, 10, 734, 19]	{3 6 4 2 }91382
423	0.9986317505298319	0.999786013520902	0.1287673846844192	0.2730726676895317	[107, 162, 10, 734, 19, 132]	{5 4 2 3 }91327
424	0.9986528654907912	0.9997899762334779	0.1287673846844192	0.8007954036396435	[734, 19, 132, 217, 241, 1729]	{2 4 5 3 }91529
425	0.9986736546035877	0.999793217340986	0.1287673846844192	0.5040092425991489	[320, 232, 10, 438, 1580, 301]	{5 3 6 5 }92201
426	0.9986941228967422	0.9997978125111863	0.1287673846844192	0.5265945627345092	[1579, 1580, 438, 2627, 301, 10]	{3 2 1 3 }91408
427	0.9987142753211752	0.9998009326884828	0.1287673846844192	0.660742246761104	[107, 162, 10, 438, 2627, 301]	{4 1 6 6 }90335
428	0.998734116751404	0.9998073028424513	0.1287673846844192	0.45904182109697883	[846, 10, 734, 19, 241, 1031]	{1 4 2 6 }90120
429	0.9987536519867218	0.9998102765640184	0.1287673846844192	0.3349518871601905	[241, 132, 19, 734, 10, 494]	{5 1 6 2 }91407
430	0.9987728857523588	0.9998153358556446	0.1287673846844192	0.33585663140262606	[846, 10, 734, 19, 132, 217]	{5 1 3 1 }91437
431	0.9987918227006248	0.999821245108264	0.1287673846844192	0.4490309472639553	[320, 232, 1792, 496, 2729, 301]	{5 6 4 3 }89742
432	0.9988104674120349	0.9998245553840369	0.1287673846844192	0.4066040603140543	[837, 162, 10, 734, 19, 132]	{3 5 2 2 }91729
433	0.9988288243964172	0.9998272628626783	0.1287673846844192	0.2730726676895317	[107, 162, 10, 734, 19, 132]	{4 1 6 4 }90085
434	0.9988468980940033	0.9998299285592419	0.1287673846844192	0.17740604517959738	[1792, 232, 10, 734, 19, 132]	{6 4 3 2 }91711
435	0.9988646928765033	0.999833707924592	0.1287673846844192	0.425271656964443	[320, 232, 10, 734, 2229, 1529]	{3 6 4 6 }92208
436	0.9988822130481622	0.9998362741603237	0.1287673846844192	0.2512539106781674	[1549, 162, 107, 10, 734, 19]	{2 3 1 3 }91749
437	0.9988994628468016	0.9998388007936521	0.1287673846844192	0.5492981689384273	[1820, 10, 734, 19, 422, 432]	{2 6 6 3 }90164
438	0.9989164464448448	0.9998412884357253	0.1287673846844192	0.48234947979600745	[1529, 2229, 734, 19, 132, 241]	{5 4 3 1 }89935
439	0.9989331679503256	0.9998437376882604	0.1287673846844192	0.5597491176370573	[1579, 1580, 438, 2729, 301, 10]	{6 5 5 2 }89071
440	0.9989496314078823	0.9998466314347741	0.1287673846844192	0.4492631897240643	[432, 422, 19, 132, 241, 1126]	{3 3 6 4 }89945
441	0.9989658407997359	0.9998489982336202	0.1287673846844192	0.5040092425991489	[320, 232, 10, 438, 1580, 301]	{3 2 3 2 }90901
442	0.9989818000466536	0.9998517945626272	0.1287673846844192	0.7688355188994243	[2872, 241, 132, 217, 261, 165]	{5 5 5 2 }89983
443	0.9989975130088966	0.9998557467076238	0.1287673846844192	0.4942217620344296	[2047, 232, 10, 734, 2229, 494]	{5 5 5 6 }90683
444	0.9990129834871544	0.9998589523363433	0.1287673846844192	0.4739103174596212	[1792, 232, 10, 734, 2229, 1529]	{3 4 4 3 }90585
445	0.9990282152234637	0.9998615643301147	0.1287673846844192	0.384955609913507	[193, 232, 10, 734, 19, 1987]	{5 6 6 5 }90160
446	0.999043211902114	0.9998646406783344	0.1287673846844192	0.46327330397949845	[10, 232, 1792, 496, 2728, 301]	{3 5 2 3 }89780
447	0.9990579771505381	0.9998671473324393	0.1287673846844192	0.33088423002522327	[1792, 232, 10, 734, 19, 400]	{5 1 5 4 }87913
448	0.9990725145401903	0.9998696075670238	0.1287673846844192	0.5339997284818205	[811, 734, 19, 132, 241, 1031]	{1 5 4 2 }87233
449	0.9990868275874096	0.9998720222417085	0.1287673846844192	0.16749872591503795	[320, 232, 10, 158, 420, 1791]	{6 2 3 6 }89460
450	0.9991009197542706	0.9998739972071142	0.1287673846844192	0.16749872591503795	[320, 232, 10, 158, 420, 1791]	{1 5 1 2 }89987
451	0.9991147944494208	0.9998763305921676	0.1287673846844192	0.34807221917075004	[158, 10, 734, 19, 132, 217]	{5 1 3 3 }90805
452	0.999128455028905	0.9998782390706836	0.1287673846844192	0.6731857030105471	[320, 232, 193, 1265, 808, 331]	{4 4 4 6 }91187
453	0.9991419047969774	0.9998809448691128	0.1287673846844192	0.5017324050790279	[1579, 1580, 438, 10, 232, 2047]	{4 1 5 4 }88772
454	0.9991551470069007	0.9998831495937589	0.1287673846844192	0.3563633149229554	[1849, 420, 158, 10, 232, 2047]	{2 2 1 6 }86729
455	0.9991681848617324	0.999886265604592	0.1287673846844192	0.5113353056757508	[1579, 1580, 301, 2729, 438, 3366]	{4 6 4 1 }87100
456	0.9991810215151007	0.9998892985218029	0.1287673846844192	0.596673621058105	[1579, 1580, 301, 2627, 261, 217]	{4 5 5 3 }89573
457	0.9991936600719664	0.999891006877948	0.1287673846844192	0.751308326339571	[377, 162, 10, 158, 420, 1550]	{3 3 6 6 }89183
458	0.9992061035893743	0.9998934289473268	0.1287673846844192	0.32201528250336287	[377, 162, 10, 734, 19, 132]	{2 5 3 2 }89889
459	0.9992183550771927	0.9998954024853393	0.1287673846844192	0.26929121911740883	[1792, 232, 10, 734, 19, 1987]	{5 4 6 1 }88861
460	0.999230417498841	0.9998973394763515	0.1287673846844192	0.27755072522583735	[320, 232, 10, 734, 19, 3308]	{3 1 1 4 }89832
461	0.999242293772007	0.9998996208213216	0.1287673846844192	0.425271656964443	[320, 232, 10, 734, 2229, 1529]	{6 6 3 3 }90325
462	0.9992539867693525	0.9999014796950008	0.1287673846844192	0.409763318676026	[2654, 232, 10, 158, 420, 1791]	{2 1 5 3 }90525
463	0.9992654993192083	0.9999036690351119	0.1287673846844192	0.3563633149229554	[1849, 420, 158, 10, 232, 2047]	{5 4 2 2 }87319
464	0.9992768342062575	0.9999051556240761	0.1287673846844192	0.355853074634424	[1549, 162, 10, 734, 19, 1987]	{1 3 1 3 }87594
465	0.9992879941722103	0.9999066192718528	0.1287673846844192	0.38005773826640743	[420, 158, 10, 734, 19, 400]	{2 1 4 5 }87688
466	0.9992989819164663	0.9999086943991449	0.1287673846844192	0.5339997284818205	[811, 734, 19, 132, 241, 1031]	{4 6 1 2 }87732
467	0.9993098000967677	0.9999101034361951	0.1287673846844192	0.18644425498262523	[10, 734, 19, 132, 241, 1031]	{2 6 3 5 }87626
468	0.9993204513298424	0.9999114907288464	0.1287673846844192	0.49357670240294965	[320, 232, 10, 162, 420, 1791]	{2 5 4 2 }87580
469	0.9993309381920361	0.9999128566126606	0.1287673846844192	0.4640412586553903	[107, 10, 734, 19, 132, 168]	{2 4 1 2 }91085
470	0.9993412632199368	0.9999144703790928	0.1287673846844192	0.2161373864102161	[1792, 232, 10, 158, 420, 1791]	{6 6 5 4 }89933
471	0.9993514289109872	0.9999163710373351	0.1287673846844192	0.5542764015532653	[846, 10, 107, 162, 420, 1791]	{3 1 6 1 }89678
472	0.9993614377240893	0.999917919721829	0.1287673846844192	0.5491215492298357	[1742, 400, 19, 132, 241, 1126]	{3 3 1 6 }89300
473	0.9993712920801989	0.9999194397269803	0.1287673846844192	0.33585663140262606	[846, 10, 734, 19, 132, 217]	{4 1 2 4 }87381
474	0.999380994362912	0.9999212299552696	0.1287673846844192	0.33407262502458396	[1849, 420, 158, 10, 734, 19]	{2 4 2 4 }89310
475	0.9993905469190398	0.9999224455423796	0.1287673846844192	0.2639679006966125	[1549, 162, 10, 734, 19, 132]	{5 3 4 1 }87583
476	0.9993999520591781	0.9999238817360393	0.1287673846844192	0.39062181355682657	[432, 422, 19, 132, 241, 1031]	{2 6 3 2 }87323
477	0.9994092120582648	0.9999250564006066	0.1287673846844192	0.5040092425991489	[320, 232, 10, 438, 1580, 301]	{6 3 4 3 }89327
478	0.9994183291561312	0.9999270548965904	0.1287673846844192	0.604424902168044	[1799, 232, 10, 734, 2229, 494]	{6 6 5 2 }90706
479	0.9994273055580427	0.9999281805926307	0.1287673846844192	0.2512539106781674	[1549, 162, 107, 10, 734, 19]	{2 5 6 5 }90544
480	0.9994361434352333	0.9999304788136665	0.1287673846844192	0.46327330397949845	[10, 232, 1792, 496, 2728, 301]	{1 1 2 4 }90131
481	0.9994448449254304	0.9999315516714803	0.1287673846844192	0.2730726676895317	[107, 162, 10, 734, 19, 132]	{2 6 4 4 }89773
482	0.9994534121333712	0.9999326079728463	0.1287673846844192	0.20635641730273835	[158, 10, 734, 19, 132, 241]	{3 1 2 5 }90513
483	0.9994618471313131	0.9999336479732653	0.1287673846844192	0.5224617627179379	[377, 162, 10, 734, 19, 409]	{4 2 4 5 }90181
484	0.9994701519595336	0.9999351224627483	0.1287673846844192	0.48287649559483514	[1579, 1580, 438, 2627, 261, 217]	{2 4 3 3 }90208
485	0.9994783286268247	0.9999361236593108	0.1287673846844192	0.1287673846844192	[320, 232, 10, 734, 19, 132]	{5 6 1 3 }92371
486	0.9994863791109787	0.9999373065545089	0.1287673846844192	0.43617127961636887	[10, 734, 19, 132, 1032, 370]	{3 5 4 3 }87806
487	0.999494305359266	0.9999382740459516	0.1287673846844192	0.30269924192723124	[1549, 162, 10, 158, 420, 1791]	{6 6 2 5 }87016
488	0.999502109288907	0.9999396457338193	0.1287673846844192	0.47818075077320266	[1579, 1580, 301, 2627, 438, 3366]	{2 5 5 2 }87526
489	0.9995097927875349	0.9999407634054153	0.1287673846844192	0.35557684261559463	[2047, 232, 10, 734, 19, 400]	{3 1 1 3 }87059
490	0.9995173577136532	0.9999416775503934	0.1287673846844192	0.2639679006966125	[1549, 162, 10, 734, 19, 132]	{4 5 1 2 }89395
491	0.9995248058970845	0.999942577588196	0.1287673846844192	0.21853930910221597	[19, 734, 10, 158, 420, 1791]	{6 1 2 1 }87760
492	0.9995321391394135	0.9999434637365263	0.1287673846844192	0.6071577096280001	[1265, 415, 10, 158, 420, 1791]	{5 6 4 4 }87703
493	0.9995393592144225	0.9999445107043684	0.1287673846844192	0.3710653913227288	[320, 232, 10, 158, 420, 1582]	{1 5 3 1 }88257
494	0.999546467868521	0.9999457437998269	0.1287673846844192	0.26929121911740883	[1792, 232, 10, 734, 19, 1987]	{2 3 4 2 }87294
495	0.9995534668211672	0.9999467485442746	0.1287673846844192	0.3563633149229554	[1849, 420, 158, 10, 232, 2047]	{5 2 1 5 }94168
496	0.9995603577652851	0.9999477346823435	0.1287673846844192	0.5329543900991072	[2627, 438, 10, 158, 420, 1791]	{1 6 3 5 }90567
497	0.9995671423676726	0.9999487025585965	0.1287673846844192	0.4927957536832894	[1792, 496, 2729, 438, 1580, 301]	{2 5 1 6 }90114
498	0.999573822269406	0.9999494941857786	0.1287673846844192	0.45591365441607423	[320, 232, 10, 494, 2229, 1529]	{1 5 3 2 }90395
499	0.9995803990862362	0.9999504294786346	0.1287673846844192	0.6600274928837104	[2636, 162, 1549, 107, 10, 161]	{6 4 6 6 }90261
