0	0.015432098765432056	0.015432098765432056	0.20635641730273835	0.20635641730273835	[158, 10, 734, 19, 132, 241]	{5 2 3 6 }74203
1	0.030626047858558048	0.030626047858558048	0.20635641730273835	0.22065255862223065	[320, 232, 10, 734, 19, 1987]	{3 2 3 5 }66205
2	0.045585522428642	0.052167691239479064	0.20635641730273835	0.3898182019840681	[2636, 162, 107, 10, 232, 2047]	{4 4 4 3 }66001
3	0.06031414090968146	0.07323063143415731	0.20635641730273835	0.5045523149112524	[1792, 232, 10, 494, 2229, 1529]	{4 5 2 5 }66016
4	0.07481546589564314	0.08753262786264249	0.20635641730273835	0.2512539106781674	[1549, 162, 107, 10, 734, 19]	{2 3 4 4 }67455
5	0.08909300500219186	0.10780968057680607	0.20635641730273835	0.5247141785668131	[1579, 1580, 438, 2729, 496, 3366]	{6 2 2 1 }67418
6	0.10315021171512095	0.12157804970370711	0.20635641730273835	0.47944171518065637	[1579, 1580, 438, 10, 734, 19]	{1 5 4 4 }66723
7	0.11699048622569008	0.13784512285734218	0.20635641730273835	0.4712574088651028	[158, 10, 734, 19, 241, 1031]	{6 3 3 4 }66384
8	0.13061717625307134	0.15381095391553956	0.20635641730273835	0.33585663140262606	[846, 10, 734, 19, 132, 217]	{1 4 6 6 }66933
9	0.1440335778541042	0.1694811214356221	0.20635641730273835	0.45767084558364435	[158, 10, 734, 19, 132, 1715]	{4 2 6 4 }66104
10	0.1572429362205532	0.18793709651483048	0.20635641730273835	0.5597491176370573	[1579, 1580, 438, 2729, 301, 10]	{4 4 3 1 }67227
11	0.17024844646406312	0.2004689314451571	0.20635641730273835	0.425271656964443	[320, 232, 10, 734, 2229, 1529]	{3 1 2 3 }67259
12	0.18305325438900033	0.22605392563891213	0.20635641730273835	0.4490309472639553	[320, 232, 1792, 496, 2729, 301]	{2 2 6 6 }69154
13	0.19566045725336756	0.2432527272913808	0.20635641730273835	0.44533540154467305	[837, 162, 10, 158, 420, 1791]	{3 4 2 6 }67304
14	0.208073104517976	0.25493092594429156	0.20635641730273835	0.49850542259787584	[157, 10, 734, 19, 132, 217]	{6 1 4 6 }67396
15	0.22029419858405663	0.2714880164788629	0.20635641730273835	0.2408299990005875	[2047, 232, 10, 158, 420, 1791]	{5 5 4 1 }101129
16	0.2323266955194878	0.2849789791366617	0.20635641730273835	0.49318716424232345	[2872, 241, 132, 19, 422, 432]	{1 2 6 5 }62257
17	0.2441735057738167	0.2982201091526494	0.18644425498262523	0.18644425498262523	[10, 734, 19, 132, 241, 1031]	{4 2 5 3 }62010
18	0.2558374948822454	0.31121603305723	0.18644425498262523	0.55624826030094	[1799, 1019, 10, 158, 420, 1791]	{3 3 5 5 }62737
19	0.2673214841587539	0.3218454152631369	0.18644425498262523	0.2512539106781674	[1549, 162, 107, 10, 734, 19]	{5 4 6 4 }62744
20	0.2786282513785262	0.3344038334990047	0.18644425498262523	0.4963011283524297	[377, 162, 1549, 107, 420, 1791]	{5 3 6 6 }63066
21	0.28976053144984526	0.35215306460569784	0.18644425498262523	0.3223254567873786	[1873, 10, 734, 19, 132, 241]	{4 1 3 5 }61965
22	0.30072101707561927	0.3641502300759627	0.18644425498262523	0.2161373864102161	[1792, 232, 10, 158, 420, 1791]	{6 6 5 1 }62030
23	0.31151235940469924	0.37396272652540774	0.18644425498262523	0.3798569606650636	[107, 10, 734, 19, 132, 217]	{1 2 5 4 }63552
24	0.32213716867314524	0.3878746659359542	0.18644425498262523	0.35103313913420187	[1799, 232, 10, 158, 420, 1791]	{4 3 2 4 }63223
25	0.3325980148355967	0.39921032027047354	0.18644425498262523	0.35103313913420187	[1799, 232, 10, 158, 420, 1791]	{5 6 5 3 }131079
26	0.34289742818689917	0.4152313783965942	0.18644425498262523	0.4739103174596212	[1792, 232, 10, 734, 2229, 1529]	{6 2 3 2 }181891
27	0.35303789997413837	0.42425558552010356	0.18644425498262523	0.3292138648989942	[320, 232, 10, 734, 19, 409]	{6 3 6 3 }65736
28	0.3630218829992288	0.43314053018800314	0.18644425498262523	0.20635641730273835	[158, 10, 734, 19, 132, 241]	{5 4 2 1 }139620
29	0.37285179221220366	0.4418883615122623	0.18644425498262523	0.507005866231405	[1879, 232, 10, 158, 420, 1791]	{4 6 3 1 }62444
30	0.38253000529534864	0.45050119543954215	0.18644425498262523	0.6379334683634219	[1549, 107, 10, 494, 2229, 1529]	{2 3 3 6 }62577
31	0.3920588632383216	0.458981115263006	0.18644425498262523	0.5187026576852424	[420, 158, 10, 734, 2229, 494]	{4 4 2 4 }62856
32	0.40144067090439683	0.47100375714605036	0.18644425498262523	0.3563633149229554	[1849, 420, 158, 10, 232, 2047]	{2 5 4 6 }63201
33	0.4106776975879709	0.47916727941231496	0.18644425498262523	0.22065255862223065	[320, 232, 10, 734, 19, 1987]	{3 4 4 4 }77100
34	0.4197721775634652	0.48881232979356837	0.18644425498262523	0.2161373864102161	[1792, 232, 10, 158, 420, 1791]	{4 1 5 5 }93907
35	0.4287263106257574	0.49827876813072447	0.18644425498262523	0.490480173062598	[1742, 400, 19, 132, 241, 1031]	{1 3 1 6 }66227
36	0.43754226262227347	0.5094281288389306	0.18644425498262523	0.33585663140262606	[846, 10, 734, 19, 132, 217]	{4 3 1 2 }116942
37	0.44622216597686803	0.516998682406231	0.18644425498262523	0.3349518871601905	[241, 132, 19, 734, 10, 494]	{4 5 3 6 }83421
38	0.4547681202056201	0.5259431512505601	0.18644425498262523	0.20209865776996874	[2047, 232, 10, 734, 19, 132]	{1 2 5 6 }80490
39	0.46318219242466907	0.5347219817829572	0.18644425498262523	0.36752751208569656	[2636, 162, 107, 10, 734, 19]	{4 2 5 2 }63667
40	0.47146641785021426	0.5419021981134671	0.1287673846844192	0.1287673846844192	[320, 232, 10, 734, 19, 132]	{6 3 2 5 }540296
41	0.4796228002907974	0.5520821492665011	0.1287673846844192	0.5017324050790279	[1579, 1580, 438, 10, 232, 2047]	{6 6 4 2 }74497
42	0.48765331263198874	0.5620358792828011	0.1287673846844192	0.33585663140262606	[846, 10, 734, 19, 132, 217]	{4 2 5 5 }72374
43	0.49555989731359384	0.5717684152987389	0.1287673846844192	0.47944171518065637	[1579, 1580, 438, 10, 734, 19]	{1 5 6 4 }72727
44	0.5033444667994951	0.5796986298302438	0.1287673846844192	0.42375346724447405	[1743, 1742, 400, 19, 132, 241]	{1 6 5 1 }72739
45	0.5110089040402437	0.5890386602784605	0.1287673846844192	0.2161373864102161	[1792, 232, 10, 158, 420, 1791]	{4 3 1 6 }72369
46	0.5185550629285114	0.5999976293377016	0.1287673846844192	0.6256403896465005	[193, 394, 432, 422, 19, 132]	{6 2 3 5 }73954
47	0.5259847687475159	0.6061705054281692	0.1287673846844192	0.2381411587970519	[107, 10, 734, 19, 132, 241]	{6 5 2 1 }73899
48	0.5332998186125233	0.6122481210851418	0.1287673846844192	0.35103313913420187	[1799, 232, 10, 158, 420, 1791]	{6 6 3 5 }118993
49	0.5405019819055399	0.6194287114354169	0.1287673846844192	0.2639679006966125	[1549, 162, 10, 734, 19, 132]	{6 4 5 6 }99305
50	0.5475930007032939	0.6278858511812966	0.1287673846844192	0.5247141785668131	[1579, 1580, 438, 2729, 496, 3366]	{2 6 1 1 }106594
51	0.5545745901986134	0.6378088951497953	0.1287673846844192	0.2408299990005875	[2047, 232, 10, 158, 420, 1791]	{2 1 1 3 }96645
52	0.5614484391153014	0.6458575863686888	0.1287673846844192	0.719257559868855	[193, 1265, 415, 733, 734, 10]	{1 3 1 3 }408250
53	0.5682162101166085	0.6513227470728757	0.1287673846844192	0.39062181355682657	[432, 422, 19, 132, 241, 1031]	{5 6 5 4 }88408
54	0.5748795402074016	0.6577797332381927	0.1287673846844192	0.4817850116841094	[2238, 1549, 162, 10, 232, 2047]	{4 1 6 1 }87066
55	0.5814400411301268	0.6641171455856336	0.1287673846844192	0.42375233682793245	[2149, 420, 158, 10, 232, 2047]	{4 5 6 2 }93043
56	0.5878992997546619	0.671581209017064	0.1287673846844192	0.42375233682793245	[2149, 420, 158, 10, 232, 2047]	{1 2 5 6 }84953
57	0.5942588784621516	0.6776630384797109	0.1287673846844192	0.3118040089201504	[107, 162, 10, 158, 420, 1791]	{4 3 2 2 }88746
58	0.6005203155229208	0.6836322414708274	0.1287673846844192	0.18644425498262523	[10, 734, 19, 132, 241, 1031]	{6 2 1 3 }77002
59	0.6066851254685548	0.6894909036658121	0.1287673846844192	0.3261893857210155	[1792, 232, 10, 734, 19, 3308]	{5 1 1 5 }92606
60	0.6127547994582376	0.6977711462347238	0.1287673846844192	0.6739770999810297	[2309, 420, 158, 1557, 15, 432]	{6 2 6 6 }81492
61	0.6187308056394376	0.7044873429850632	0.1287673846844192	0.5604721729766363	[1549, 162, 10, 734, 2229, 1529]	{5 2 4 2 }76363
62	0.6246145895030265	0.7110542909187285	0.1287673846844192	0.6731857030105471	[320, 232, 193, 1265, 808, 331]	{1 2 6 2 }74760
63	0.630407574232918	0.7155133296391185	0.1287673846844192	0.318464727358593	[420, 158, 10, 734, 19, 1987]	{3 5 5 4 }76936
64	0.6361111610503113	0.7207816013124682	0.1287673846844192	0.16749872591503795	[320, 232, 10, 158, 420, 1791]	{5 6 6 4 }78418
65	0.6417267295526212	0.7250905272181398	0.1287673846844192	0.318464727358593	[420, 158, 10, 734, 19, 1987]	{6 3 5 5 }76459
66	0.6472556380471796	0.7293329573536624	0.1287673846844192	0.3093012924849177	[377, 162, 107, 10, 734, 19]	{3 5 3 1 }76685
67	0.6526992238797849	0.7335099178883281	0.1287673846844192	0.40146164692956093	[2149, 420, 158, 10, 734, 19]	{2 5 1 5 }213489
68	0.6580588037581832	0.7406163200779727	0.1287673846844192	0.6987271645785152	[837, 162, 10, 734, 2229, 494]	{6 2 2 4 }71191
69	0.6633356740705569	0.7463804018540177	0.1287673846844192	0.490480173062598	[1742, 400, 19, 132, 241, 1031]	{5 4 5 2 }72166
70	0.6685311111990977	0.7502942845414557	0.1287673846844192	0.3318017772063142	[193, 232, 10, 158, 420, 1791]	{2 2 1 2 }72337
71	0.6736463718287411	0.7549184644573547	0.1287673846844192	0.2381411587970519	[107, 10, 734, 19, 132, 241]	{1 4 2 5 }72661
72	0.6786826932511372	0.7587005869194325	0.1287673846844192	0.2161373864102161	[1792, 232, 10, 158, 420, 1791]	{3 2 2 2 }73233
73	0.6836412936639282	0.7640627960990007	0.1287673846844192	0.42375346724447405	[1743, 1742, 400, 19, 132, 241]	{5 3 6 5 }74259
74	0.6885233724654107	0.7684320035786488	0.1287673846844192	0.39062181355682657	[432, 422, 19, 132, 241, 1031]	{3 1 6 3 }73972
75	0.6933301105446482	0.7727202998086738	0.1287673846844192	0.2890096056681221	[2872, 241, 132, 19, 734, 10]	{3 2 1 5 }73677
76	0.6980626705671074	0.7777709598129255	0.1287673846844192	0.2408299990005875	[2047, 232, 10, 158, 420, 1791]	{6 5 6 4 }91700
77	0.7027221972558866	0.7818863124089824	0.1287673846844192	0.30269924192723124	[1549, 162, 10, 158, 420, 1791]	{6 2 4 4 }95572
78	0.7073098176686043	0.7859254547717791	0.1287673846844192	0.5353684426140051	[193, 232, 10, 158, 420, 1582]	{5 3 6 6 }112706
79	0.7118266414700147	0.7892290742969059	0.1287673846844192	0.4026723725695783	[1549, 107, 10, 734, 19, 1987]	{1 3 5 3 }111031
80	0.7162737612004157	0.793132239587704	0.1287673846844192	0.6228708526793718	[2627, 261, 217, 132, 241, 1031]	{5 3 5 4 }99493
81	0.7206522525399155	0.7969631240397835	0.1287673846844192	0.45756243128478064	[734, 10, 107, 162, 420, 1791]	{1 1 3 5 }90350
82	0.7249631745686205	0.8014750546166772	0.1287673846844192	0.4927957536832894	[1792, 496, 2729, 438, 1580, 301]	{2 4 1 3 }92938
83	0.7292075700228084	0.8051514424941462	0.1287673846844192	0.4200409293929528	[846, 10, 734, 19, 132, 168]	{6 2 5 2 }561237
84	0.7333864655471478	0.8081583646778785	0.1287673846844192	0.22065255862223065	[320, 232, 10, 734, 19, 1987]	{3 1 6 4 }84271
85	0.7375008719430252	0.811710987554214	0.1287673846844192	0.41390045644117435	[377, 162, 10, 734, 19, 1987]	{1 6 2 4 }79160
86	0.7415517844130401	0.8158951878307871	0.1287673846844192	0.17740604517959738	[1792, 232, 10, 734, 19, 132]	{2 1 5 4 }75053
87	0.7455401828017278	0.819304536204291	0.1287673846844192	0.2408299990005875	[2047, 232, 10, 158, 420, 1791]	{1 5 4 4 }72872
88	0.7494670318325654	0.8226507484968041	0.1287673846844192	0.45904182109697883	[846, 10, 734, 19, 241, 1031]	{6 4 4 2 }72850
89	0.753333281341322	0.8265918429746529	0.1287673846844192	0.34807221917075004	[158, 10, 734, 19, 132, 217]	{5 1 2 5 }73551
90	0.7571398665058078	0.8298031051417889	0.1287673846844192	0.5276865571949214	[734, 10, 232, 193, 394, 432]	{6 6 4 6 }74475
91	0.7608877080720762	0.8335852583608603	0.1287673846844192	0.3898182019840681	[2636, 162, 107, 10, 232, 2047]	{2 5 2 3 }75925
92	0.7645777125771367	0.8366670128356593	0.1287673846844192	0.3261893857210155	[1792, 232, 10, 734, 19, 1460]	{3 2 4 3 }74782
93	0.7682107725682302	0.8391875836252324	0.1287673846844192	0.384955609913507	[1265, 193, 232, 10, 734, 19]	{3 4 6 4 }75948
94	0.7717877668187205	0.8416692567174355	0.1287673846844192	0.26929121911740883	[1792, 232, 10, 734, 19, 1987]	{5 2 5 4 }77634
95	0.7753095605406538	0.8458914098716372	0.1287673846844192	0.4927957536832894	[1792, 496, 2729, 438, 1580, 301]	{2 6 1 6 }80055
96	0.7787770055940388	0.8500009722750603	0.1287673846844192	0.18644425498262523	[10, 734, 19, 132, 241, 1031]	{2 3 6 5 }76851
97	0.7821909406928962	0.8533342840022812	0.1287673846844192	0.20635641730273835	[158, 10, 734, 19, 132, 241]	{5 2 6 3 }79579
98	0.7855521916081293	0.8555976438170607	0.1287673846844192	0.5018959930791344	[1580, 438, 10, 158, 420, 1791]	{3 3 4 6 }995073
99	0.7888615713672631	0.8578260752396369	0.1287673846844192	0.3495185398623855	[1549, 107, 10, 158, 420, 1791]	{1 4 6 6 }268062
100	0.7921198804511016	0.8604589256981623	0.1287673846844192	0.35557684261559463	[2047, 232, 10, 734, 19, 400]	{6 5 1 6 }104506
101	0.79532790698735	0.8641800210128779	0.1287673846844192	0.6985621756689098	[734, 10, 1820, 841, 1268, 1380]	{3 3 3 1 }118128
102	0.7984864269412489	0.8662760083429261	0.1287673846844192	0.5040092425991489	[320, 232, 10, 438, 1580, 301]	{3 2 1 6 }106935
103	0.8015962043032667	0.8687523785587978	0.1287673846844192	0.36752751208569656	[2636, 162, 107, 10, 734, 19]	{1 5 4 1 }109831
104	0.8046579912738953	0.8711828900669683	0.1287673846844192	0.2939838317077802	[2047, 232, 10, 734, 19, 1987]	{4 2 5 5 }118110
105	0.8076725284455943	0.8746180129985157	0.1287673846844192	0.2890096056681221	[2872, 241, 132, 19, 734, 10]	{3 2 4 1 }122799
106	0.8106405449819278	0.8787974125652319	0.1287673846844192	0.5597296726288383	[2872, 241, 132, 19, 400, 4079]	{2 2 5 4 }108467
107	0.8135627587939351	0.8806678228651512	0.1287673846844192	0.20635641730273835	[158, 10, 734, 19, 132, 241]	{4 3 6 1 }101422
108	0.8164398767137817	0.8825093688085902	0.1287673846844192	0.3798569606650636	[107, 10, 734, 19, 132, 217]	{5 1 4 6 }125295
109	0.8192725946657295	0.884322495833149	0.1287673846844192	0.45756243128478064	[734, 10, 107, 162, 420, 1791]	{3 2 4 4 }103318
110	0.8220615978344683	0.8868931070368568	0.1287673846844192	0.3563633149229554	[1849, 420, 158, 10, 232, 2047]	{4 6 4 3 }91845
111	0.8248075608308499	0.8894065935471489	0.1287673846844192	0.4161807601939807	[837, 162, 107, 10, 232, 2047]	{6 6 5 3 }95542
112	0.8275111478550652	0.891454619592572	0.1287673846844192	0.6356355177118549	[1849, 420, 162, 1549, 107, 10]	{1 1 1 3 }86583
113	0.8301730128573019	0.8938667391571815	0.1287673846844192	0.5735862738432738	[2636, 162, 1549, 107, 10, 1873]	{4 4 5 3 }744603
114	0.8327937996959238	0.8955045981208053	0.1287673846844192	0.46414967336266133	[734, 10, 232, 1792, 496, 3366]	{5 4 4 6 }86512
115	0.8353741422932088	0.8974396981556052	0.1287673846844192	0.7844565715708121	[837, 162, 1549, 107, 420, 1582]	{4 1 1 3 }82824
116	0.837914664788684	0.8993389630045754	0.1287673846844192	0.3318017772063142	[193, 232, 10, 158, 420, 1791]	{3 3 6 2 }83659
117	0.8404159816900932	0.9020232573244534	0.1287673846844192	0.45957053917318497	[1549, 107, 10, 734, 19, 3308]	{3 5 2 1 }83488
118	0.8428786980220363	0.9038376414480747	0.1287673846844192	0.39062181355682657	[432, 422, 19, 132, 241, 1031]	{6 6 3 5 }84949
119	0.8453034094723135	0.905618425865703	0.1287673846844192	0.5683368025944038	[87, 1265, 193, 232, 10, 1873]	{3 3 4 5 }83399
120	0.8476907025360123	0.9077157941797984	0.1287673846844192	0.7415754516459712	[87, 1265, 415, 733, 734, 19]	{2 5 4 3 }88361
121	0.8500411546573702	0.9097665543091362	0.1287673846844192	0.33585663140262606	[846, 10, 734, 19, 132, 217]	{1 4 5 5 }116592
122	0.8523553343694478	0.9111590457549829	0.1287673846844192	0.22657955342078154	[420, 158, 10, 734, 19, 132]	{5 3 6 5 }104405
123	0.8546338014316477	0.9131332891826499	0.1287673846844192	0.48471517633303335	[811, 734, 10, 158, 420, 1791]	{1 1 4 2 }109833
124	0.8568771069651099	0.9154497348044459	0.1287673846844192	0.49860293004999257	[2047, 232, 10, 734, 2229, 1529]	{5 5 1 4 }126089
125	0.8590857935860187	0.9173286295865694	0.1287673846844192	0.42375233682793245	[2149, 420, 158, 10, 232, 2047]	{3 3 4 4 }113230
126	0.8612603955368516	0.9186044223398631	0.1287673846844192	0.355853074634424	[1549, 162, 10, 734, 19, 1987]	{2 1 2 1 }140823
127	0.8634014388156039	0.9198605269333837	0.1287673846844192	0.49357670240294965	[320, 232, 10, 162, 420, 1791]	{5 3 5 4 }115035
128	0.8655094413030175	0.9210972471967573	0.1287673846844192	0.6860290565464966	[1549, 107, 10, 438, 1580, 301]	{5 5 4 2 }583222
129	0.8675849128878474	0.9223148822708815	0.1287673846844192	0.27755072522583735	[320, 232, 10, 734, 19, 1460]	{1 5 3 6 }92226
130	0.8696283555901955	0.9240412182204174	0.1287673846844192	0.3318017772063142	[193, 232, 10, 158, 420, 1791]	{4 3 3 4 }90361
131	0.8716402636829393	0.9252134216429418	0.1287673846844192	0.5937511310169713	[160, 87, 1265, 193, 232, 10]	{6 2 6 4 }96837
132	0.8736211238112891	0.9263675355064767	0.1287673846844192	0.27755072522583735	[320, 232, 10, 734, 19, 1460]	{1 4 5 6 }102933
133	0.8755714151104975	0.9280038124952217	0.1287673846844192	0.3753628939621997	[420, 158, 10, 734, 19, 3308]	{1 4 3 3 }91770
134	0.8774916093217553	0.9299237108286824	0.1287673846844192	0.32201528250336287	[377, 162, 10, 734, 19, 132]	{5 1 2 1 }92103
135	0.8793821709062961	0.9310051350442892	0.1287673846844192	0.355853074634424	[1549, 162, 10, 734, 19, 1987]	{4 2 2 2 }106685
136	0.8812435571577422	0.9320698706145933	0.1287673846844192	0.2161373864102161	[1792, 232, 10, 158, 420, 1791]	{5 6 6 3 }96868
137	0.8830762183127152	0.9333278359735824	0.1287673846844192	0.36752751208569656	[2636, 162, 107, 10, 734, 19]	{3 4 4 3 }100097
138	0.8848805976597413	0.9354613452224277	0.1287673846844192	0.4490309472639553	[320, 232, 1792, 496, 2729, 301]	{4 4 4 3 }89158
139	0.8866571316464736	0.9366565054960865	0.1287673846844192	0.1941408295346144	[846, 10, 734, 19, 132, 241]	{4 3 5 6 }89311
140	0.8884062499852626	0.9376340285594185	0.1287673846844192	0.22065255862223065	[320, 232, 10, 734, 19, 1987]	{4 3 6 6 }94354
141	0.890128375757095	0.9385964663902916	0.1287673846844192	0.30269924192723124	[1549, 162, 10, 158, 420, 1791]	{3 2 2 2 }93952
142	0.89182392551393	0.9395440517855032	0.1287673846844192	0.6984567777033391	[1549, 107, 10, 438, 2627, 301]	{2 2 1 2 }85557
143	0.8934933093794557	0.9404770139493072	0.1287673846844192	0.3093012924849177	[377, 162, 107, 10, 734, 19]	{5 4 3 5 }588810
144	0.8951369311482913	0.9420642935773256	0.1287673846844192	0.5597491176370573	[1579, 1580, 438, 2729, 301, 10]	{5 5 3 2 }91089
145	0.8967551883836571	0.9431371770295973	0.1287673846844192	0.409763318676026	[2654, 232, 10, 158, 420, 1791]	{1 4 3 5 }83330
146	0.898348472513539	0.9444007953178285	0.1287673846844192	0.7017271982974504	[2309, 420, 162, 10, 232, 2047]	{4 4 5 2 }82467
147	0.8999171689253671	0.9454304102193503	0.1287673846844192	0.39062181355682657	[432, 422, 19, 132, 241, 1031]	{3 2 6 3 }83207
148	0.9014616570592349	0.9466430677700314	0.1287673846844192	0.5153600542424949	[377, 162, 1549, 107, 10, 1873]	{6 6 6 3 }107735
149	0.9029823104996788	0.9478287773751417	0.1287673846844192	0.3892787551300833	[158, 10, 734, 19, 132, 1032]	{4 2 6 2 }118915
150	0.9044794970660417	0.9489881378779164	0.1287673846844192	0.6029103028962276	[1549, 107, 10, 734, 2229, 494]	{4 6 3 4 }119896
151	0.9059535789014423	0.950348454201172	0.1287673846844192	0.47818075077320266	[1579, 1580, 301, 2627, 438, 3366]	{5 4 4 4 }118052
152	0.9074049125603707	0.9514518218855903	0.1287673846844192	0.41970405181790693	[1792, 232, 10, 158, 420, 1582]	{4 2 4 1 }97740
153	0.9088338490949328	0.9525306702881328	0.1287673846844192	0.46414967336266133	[734, 10, 232, 1792, 496, 3366]	{1 1 4 1 }140746
154	0.9102407341397641	0.9534097319494637	0.1287673846844192	0.47818075077320266	[1579, 1580, 301, 2627, 438, 3366]	{3 4 3 1 }97018
155	0.9116259079956319	0.9541287175675275	0.1287673846844192	0.21853930910221597	[19, 734, 10, 158, 420, 1791]	{6 2 2 6 }95570
156	0.9129897057117488	0.9555965986053666	0.1287673846844192	0.5265945627345092	[1579, 1580, 438, 2627, 301, 10]	{6 1 5 6 }114801
157	0.9143324571668143	0.9564188838163783	0.1287673846844192	0.17740604517959738	[1792, 232, 10, 734, 19, 132]	{4 6 2 2 }120678
158	0.9156544871488079	0.9572259415234824	0.1287673846844192	0.33159198238328924	[377, 162, 107, 10, 232, 2047]	{2 2 3 6 }1993942
159	0.9169561154335486	0.9583665830828563	0.1287673846844192	0.4066040603140543	[837, 162, 10, 734, 19, 132]	{2 5 6 2 }591831
160	0.9182376568620432	0.959009074084664	0.1287673846844192	0.30269924192723124	[1549, 162, 10, 158, 420, 1791]	{6 2 3 1 }98250
161	0.9194994214166413	0.9597681653053184	0.1287673846844192	0.5492981689384273	[1820, 10, 734, 19, 422, 432]	{6 2 4 6 }87492
162	0.9207417142960141	0.9603890269518413	0.1287673846844192	0.5339997284818205	[811, 734, 19, 132, 241, 1031]	{6 1 2 3 }87431
163	0.9219648359889768	0.9614453195664588	0.1287673846844192	0.5815936667923084	[734, 19, 132, 1031, 241, 2872]	{1 4 6 3 }89088
164	0.9231690823471717	0.962159295130043	0.1287673846844192	0.37785252539417236	[1792, 232, 10, 734, 19, 409]	{2 5 4 2 }87904
165	0.9243547446566289	0.962860048923931	0.1287673846844192	0.3607466237339816	[377, 162, 10, 158, 420, 1791]	{5 3 6 6 }95248
166	0.9255221097082241	0.9634331963170802	0.1287673846844192	0.47944171518065637	[1579, 1580, 438, 10, 734, 19]	{1 2 1 4 }90200
167	0.9266714598670478	0.9641103593482454	0.1287673846844192	0.24508563114986298	[10, 734, 19, 132, 241, 1126]	{2 1 3 6 }92326
168	0.9278030731407044	0.9647749823232779	0.1287673846844192	0.6002189374211868	[107, 162, 10, 494, 2229, 1529]	{3 2 1 2 }91094
169	0.9289172232465578	0.9653185782750792	0.1287673846844192	0.2512539106781674	[1549, 162, 107, 10, 734, 19]	{3 6 4 4 }90680
170	0.9300141796779381	0.9658537854004637	0.1287673846844192	0.2161373864102161	[1792, 232, 10, 158, 420, 1791]	{1 1 5 5 }90748
171	0.9310942077693279	0.9664861227078625	0.1287673846844192	0.3607466237339816	[377, 162, 10, 158, 420, 1791]	{3 3 6 4 }92585
172	0.932157568760542	0.9672308755365767	0.1287673846844192	0.6047498602355452	[2051, 1849, 420, 158, 10, 494]	{3 2 6 2 }90959
173	0.9332045198599164	0.9678377111747882	0.1287673846844192	0.17740604517959738	[1792, 232, 10, 734, 19, 132]	{1 6 2 2 }2551552
174	0.9342353143065225	0.9685524287042374	0.1287673846844192	0.6811641123861987	[421, 438, 10, 158, 420, 1791]	{2 1 3 3 }575367
175	0.9352502014314219	0.9695587509857018	0.1287673846844192	0.4695291494440582	[1792, 232, 10, 734, 2229, 494]	{2 2 5 4 }152112
176	0.936249426717974	0.9700285233470336	0.1287673846844192	0.22065255862223065	[320, 232, 10, 734, 19, 1987]	{5 4 1 1 }101101
177	0.9372332318612151	0.9705835506924588	0.1287673846844192	0.44170782420474275	[107, 10, 734, 19, 132, 1031]	{3 6 5 5 }93475
178	0.9382018548263199	0.9713679893406599	0.1287673846844192	0.1287673846844192	[320, 232, 10, 734, 19, 132]	{3 6 1 6 }92056
179	0.9391555299061606	0.9718982117602774	0.1287673846844192	0.384955609913507	[1265, 193, 232, 10, 734, 19]	{1 2 1 3 }92446
180	0.9400944877779791	0.9725226959433824	0.1287673846844192	0.2408299990005875	[2047, 232, 10, 158, 420, 1791]	{2 2 2 1 }91914
181	0.9410189555591831	0.9732554240515587	0.1287673846844192	0.7292827400613505	[1726, 132, 19, 734, 2229, 494]	{4 1 6 6 }92752
182	0.9419291568622822	0.9737506939765299	0.1287673846844192	0.4695291494440582	[1792, 232, 10, 734, 2229, 494]	{4 4 1 4 }92441
183	0.9428253118489753	0.9741557758596081	0.1287673846844192	0.1287673846844192	[320, 232, 10, 734, 19, 132]	{3 1 5 4 }93345
184	0.9437076372834047	0.9745546064790587	0.1287673846844192	0.5279864846153067	[377, 162, 1549, 107, 10, 494]	{1 3 1 2 }93197
185	0.9445763465845868	0.974947282304999	0.1287673846844192	0.5040092425991489	[320, 232, 10, 438, 1580, 301]	{3 2 1 3 }92838
186	0.9454316498780345	0.9756153547768658	0.1287673846844192	0.636501057836766	[1820, 10, 232, 1792, 496, 3366]	{3 3 6 6 }95016
187	0.9462737540465833	0.9759916610303092	0.1287673846844192	0.1287673846844192	[320, 232, 10, 734, 19, 132]	{2 6 1 1 }93773
188	0.9471028627804323	0.9763621600884834	0.1287673846844192	0.1287673846844192	[320, 232, 10, 734, 19, 132]	{1 2 4 2 }3402093
189	0.9479191766264133	0.9768874454198505	0.1287673846844192	0.31230179790358314	[1799, 232, 10, 734, 19, 132]	{3 4 5 3 }202646
190	0.9487228930364995	0.9772441206448528	0.1287673846844192	0.425271656964443	[320, 232, 10, 734, 2229, 1529]	{3 5 6 5 }113840
191	0.9495142064155659	0.9777498068527449	0.1287673846844192	0.7823216352982247	[3895, 1030, 1032, 132, 19, 3308]	{6 6 1 2 }99179
192	0.9502933081684121	0.9782442555893507	0.1287673846844192	0.7257830705711754	[2627, 301, 1580, 438, 80, 909]	{6 6 1 2 }91632
193	0.9510603867460601	0.9788244087736346	0.1287673846844192	0.5241416910988883	[359, 158, 10, 734, 19, 1987]	{1 5 5 3 }93037
194	0.9518156276913369	0.9795020276928783	0.1287673846844192	0.5654692691124857	[1743, 1742, 400, 19, 132, 217]	{1 5 4 1 }93149
195	0.9525592136837545	0.979818354426013	0.1287673846844192	0.6998677937601205	[377, 162, 1549, 107, 420, 1582]	{5 5 1 3 }92121
196	0.9532913245836966	0.9802668354387681	0.1287673846844192	0.5911141704282676	[1549, 162, 10, 494, 2229, 1529]	{6 3 3 6 }93547
197	0.9540121374759235	0.9808982967047276	0.1287673846844192	0.5616071717824757	[846, 10, 734, 19, 241, 2872]	{4 3 3 2 }95124
198	0.9547218267124061	0.9813227790001781	0.1287673846844192	0.22065255862223065	[320, 232, 10, 734, 19, 1987]	{6 1 6 5 }95700
199	0.9554205639544987	0.9816686534631377	0.1287673846844192	0.27755072522583735	[320, 232, 10, 734, 19, 3308]	{2 3 6 2 }93618
200	0.9561085182144601	0.9820760167195125	0.1287673846844192	0.5973380650016397	[2238, 1549, 162, 107, 10, 1873]	{5 1 4 5 }95091
201	0.9567858558963357	0.9824079423358177	0.1287673846844192	0.384955609913507	[1265, 193, 232, 10, 734, 19]	{6 1 6 1 }94358
202	0.9574527408362071	0.9827988769505774	0.1287673846844192	0.4492631897240643	[432, 422, 19, 132, 241, 1126]	{5 6 1 5 }98018
203	0.9581093343418212	0.9831174162663074	0.1287673846844192	0.2161373864102161	[1792, 232, 10, 158, 420, 1791]	{2 1 6 4 }3146617
204	0.9587557952316079	0.9835676184992059	0.1287673846844192	0.3938900702956092	[837, 162, 107, 10, 734, 19]	{4 1 3 4 }136616
205	0.9593922798730954	0.9838212046334774	0.1287673846844192	0.2161373864102161	[1792, 232, 10, 158, 420, 1791]	{2 6 3 6 }91102
206	0.9600189422207328	0.9841208119550797	0.1287673846844192	0.30269924192723124	[1549, 162, 10, 158, 420, 1791]	{5 3 4 6 }94411
207	0.960635933853129	0.9844148709929486	0.1287673846844192	0.1941408295346144	[846, 10, 734, 19, 132, 241]	{5 4 1 3 }96148
208	0.9612434040097164	0.9846553822430574	0.1287673846844192	0.3093012924849177	[377, 162, 107, 10, 734, 19]	{4 5 5 1 }94046
209	0.9618414996268504	0.9849963737487673	0.1287673846844192	0.42089048894888004	[320, 232, 10, 734, 2229, 494]	{4 1 3 1 }93202
210	0.9624303653733497	0.9852742186793456	0.1287673846844192	0.2735446005765389	[1549, 162, 107, 10, 232, 2047]	{6 3 3 3 }93895
211	0.9630101436854893	0.9855014683910841	0.1287673846844192	0.3649578416273432	[107, 162, 10, 734, 19, 1987]	{4 6 4 5 }93457
212	0.963580974801454	0.9858880959006552	0.1287673846844192	0.36752751208569656	[2636, 162, 107, 10, 734, 19]	{5 2 4 1 }94375
213	0.9641429967952587	0.9862644133433044	0.1287673846844192	0.1941408295346144	[846, 10, 734, 19, 132, 241]	{6 5 3 2 }94993
214	0.9646963456101467	0.9865696486023421	0.1287673846844192	0.4739103174596212	[1792, 232, 10, 734, 2229, 1529]	{6 3 3 6 }97139
215	0.9652411550914716	0.9868183588134098	0.1287673846844192	0.4739103174596212	[1792, 232, 10, 734, 2229, 1529]	{2 4 2 6 }98765
216	0.9657775570190723	0.9870217792020918	0.1287673846844192	0.384955609913507	[1265, 193, 232, 10, 734, 19]	{6 1 6 3 }99294
217	0.9663056811391484	0.9872621166242752	0.1287673846844192	0.45591365441607423	[320, 232, 10, 494, 2229, 1529]	{4 4 2 1 }102082
218	0.966825655195643	0.9876017935142946	0.1287673846844192	0.6244005274634061	[846, 10, 232, 193, 394, 432]	{2 1 5 2 }3408299
219	0.9673376049611423	0.9877931238612963	0.1287673846844192	0.4631646518485155	[1580, 438, 10, 734, 19, 132]	{3 1 4 1 }122533
220	0.9678416542672975	0.9881186405583283	0.1287673846844192	0.629867303764823	[734, 10, 158, 1557, 15, 432]	{2 2 2 6 }95705
221	0.9683379250347776	0.9883826707681432	0.1287673846844192	0.2890096056681221	[2872, 241, 132, 19, 734, 10]	{5 4 6 1 }93534
222	0.9688265373027594	0.9886408336399622	0.1287673846844192	0.697715783804336	[2627, 261, 217, 132, 19, 3308]	{2 6 5 5 }95165
223	0.9693076092579637	0.9888161294171234	0.1287673846844192	0.3107871986317668	[1549, 107, 10, 734, 19, 132]	{3 5 2 6 }93131
224	0.969781257263242	0.9891143659660001	0.1287673846844192	0.7082495796543459	[1529, 2229, 734, 19, 132, 168]	{2 6 1 3 }94401
225	0.9702475958857228	0.9894772204338	0.1287673846844192	0.8629035380345508	[2405, 1743, 1742, 400, 19, 241]	{2 6 6 2 }94788
226	0.9707067379245234	0.9898139493799185	0.1287673846844192	0.7892638123891763	[1019, 1799, 232, 1792, 496, 3366]	{3 2 3 3 }96711
227	0.9711587944380339	0.990002579946957	0.1287673846844192	0.5276173071275932	[320, 232, 10, 107, 420, 1791]	{1 5 6 5 }92249
228	0.9716038747707803	0.9902247448370246	0.1287673846844192	0.5402032631193221	[846, 10, 734, 19, 400, 4079]	{3 6 5 5 }95967
229	0.9720420865798731	0.9904057680807834	0.1287673846844192	0.1941408295346144	[846, 10, 734, 19, 132, 241]	{6 4 5 3 }100998
230	0.9724735358610479	0.9906189732345438	0.1287673846844192	0.5839287633058052	[3621, 1720, 241, 132, 19, 1987]	{3 3 6 2 }98220
231	0.9728983269743033	0.9907637421661095	0.1287673846844192	0.318464727358593	[420, 158, 10, 734, 19, 1987]	{1 6 2 3 }100125
232	0.9733165626691443	0.9909062770092251	0.1287673846844192	0.5549890759376366	[107, 1549, 162, 1583, 1013, 156]	{2 2 6 3 }100668
233	0.9737283441094353	0.9910466122405642	0.1287673846844192	0.5674775469431694	[19, 734, 10, 438, 2627, 301]	{4 2 4 2 }3593160
234	0.97413377089787	0.9912455764129962	0.1287673846844192	0.6123712262989034	[1794, 1791, 420, 158, 10, 1873]	{5 5 4 4 }129823
235	0.9745329411000634	0.9914401191593739	0.1287673846844192	0.5834755042522144	[1579, 1580, 301, 10, 232, 2047]	{5 6 5 2 }97401
236	0.9749259512682722	0.9915986354712374	0.1287673846844192	0.6065547784592378	[320, 232, 10, 158, 420, 1661]	{5 3 1 6 }96143
237	0.9753128964647495	0.9917282861584097	0.1287673846844192	0.5024091360783491	[1019, 10, 734, 19, 132, 217]	{2 3 5 5 }97339
238	0.975693870284738	0.9918559360633725	0.1287673846844192	0.26977824374023446	[1820, 10, 734, 19, 132, 241]	{1 5 4 3 }99030
239	0.9760689648791093	0.9920067520621989	0.1287673846844192	0.4739103174596212	[1792, 232, 10, 734, 2229, 1529]	{6 6 6 3 }98696
240	0.9764382709766539	0.9921547751721582	0.1287673846844192	0.44439666440827835	[2047, 232, 10, 158, 420, 1582]	{6 1 3 3 }99383
241	0.9768018779060265	0.9924058223666491	0.1287673846844192	0.6874280597260901	[331, 808, 1265, 193, 232, 10]	{4 3 3 3 }98192
242	0.9771598736173532	0.9925745818696124	0.1287673846844192	0.5834755042522144	[1579, 1580, 301, 10, 232, 2047]	{3 6 5 6 }98167
243	0.9775123447035052	0.9926891716555752	0.1287673846844192	0.26929121911740883	[1792, 232, 10, 734, 19, 1987]	{3 6 4 6 }98127
244	0.9778593764210437	0.9928516345076736	0.1287673846844192	0.6366161152315299	[158, 10, 232, 193, 394, 432]	{3 6 3 3 }103371
245	0.9782010527108425	0.9930104870741697	0.1287673846844192	0.2408299990005875	[2047, 232, 10, 158, 420, 1791]	{6 1 6 1 }113363
246	0.9785374562183912	0.9931399224987222	0.1287673846844192	0.45957053917318497	[1549, 107, 10, 734, 19, 3308]	{6 5 5 3 }115646
247	0.9788686683137864	0.9932457878922604	0.1287673846844192	0.355853074634424	[1549, 162, 10, 734, 19, 1987]	{2 4 2 3 }117998
248	0.9791947691114131	0.9933500195605897	0.1287673846844192	0.3118040089201504	[107, 162, 10, 158, 420, 1791]	{1 2 5 2 }6518315
249	0.9795158374893234	0.9934526427155189	0.1287673846844192	0.31230179790358314	[1799, 232, 10, 734, 19, 132]	{4 1 3 1 }374167
250	0.9798319511083153	0.9935536821797856	0.1287673846844192	0.5847509154931978	[320, 232, 10, 107, 162, 3284]	{5 1 2 3 }140726
251	0.9801431864307178	0.9936730584357154	0.1287673846844192	0.26977824374023446	[1820, 10, 734, 19, 132, 241]	{4 2 5 1 }135459
252	0.9804496187388858	0.9937706964228186	0.1287673846844192	0.3107871986317668	[1549, 107, 10, 734, 19, 132]	{2 1 4 4 }123407
253	0.9807513221534092	0.9939091253912005	0.1287673846844192	0.5153600542424949	[377, 162, 1549, 107, 10, 1873]	{1 4 3 6 }126057
254	0.9810483696510417	0.9940715487141017	0.1287673846844192	0.5391578771720784	[1791, 420, 158, 1557, 15, 432]	{2 2 4 4 }112365
255	0.9813408330823528	0.9941630371598718	0.1287673846844192	0.4631646518485155	[1580, 438, 10, 734, 19, 132]	{3 5 2 4 }139543
256	0.9816287831891066	0.9942531137469108	0.1287673846844192	0.2512539106781674	[1549, 162, 107, 10, 734, 19]	{6 1 2 2 }126319
257	0.9819122896213734	0.9944063640469931	0.1287673846844192	0.27755072522583735	[320, 232, 10, 734, 19, 3308]	{2 6 3 2 }130967
258	0.982191420954377	0.9945306670681711	0.1287673846844192	0.425271656964443	[320, 232, 10, 734, 2229, 1529]	{2 6 4 2 }132685
259	0.982466244705081	0.9946319510113532	0.1287673846844192	0.20209865776996874	[2047, 232, 10, 734, 19, 132]	{3 1 2 5 }124365
260	0.9827368273485212	0.9947313593259577	0.1287673846844192	0.2161373864102161	[1792, 232, 10, 158, 420, 1791]	{4 4 5 4 }131232
261	0.9830032343338835	0.9948718564105988	0.1287673846844192	0.3753628939621997	[420, 158, 10, 734, 19, 3308]	{5 4 1 1 }105735
262	0.9832655301003359	0.9949668220326248	0.1287673846844192	0.17740604517959738	[1792, 232, 10, 734, 19, 132]	{5 3 4 2 }99485
263	0.9835237780926147	0.9950444945321213	0.1287673846844192	0.22657955342078154	[420, 158, 10, 734, 19, 132]	{2 3 5 6 }1809644
264	0.9837780407763707	0.9951209683819342	0.1287673846844192	0.33407262502458396	[1849, 420, 158, 10, 734, 19]	{5 2 4 5 }1197036
265	0.9840283796532785	0.9952113208193059	0.1287673846844192	0.46414967336266133	[734, 10, 232, 1792, 496, 3366]	{4 6 6 6 }135370
266	0.9842748552759131	0.9953000000633927	0.1287673846844192	0.4736607547328072	[846, 10, 734, 19, 422, 432]	{4 2 4 2 }147820
267	0.9845175272623958	0.9954044445064285	0.1287673846844192	0.409763318676026	[2654, 232, 10, 158, 420, 1791]	{1 3 4 2 }123349
268	0.9847564543108157	0.9954753635726873	0.1287673846844192	0.318464727358593	[420, 158, 10, 734, 19, 1987]	{3 2 2 5 }128261
269	0.9849916942134266	0.9955591531361561	0.1287673846844192	0.2408299990005875	[2047, 232, 10, 158, 420, 1791]	{4 6 4 6 }132006
270	0.9852233038706267	0.995627684723561	0.1287673846844192	0.35103313913420187	[1799, 232, 10, 158, 420, 1791]	{3 2 2 4 }142253
271	0.9854513393047221	0.9956951587247407	0.1287673846844192	0.5262770751585718	[2627, 301, 10, 734, 19, 132]	{5 6 1 1 }133780
272	0.9856758556734764	0.9957908218641909	0.1287673846844192	0.45756243128478064	[734, 10, 107, 162, 420, 1791]	{4 4 3 1 }146217
273	0.9858969072834536	0.9958687696074466	0.1287673846844192	0.3607466237339816	[377, 162, 10, 158, 420, 1791]	{1 5 6 1 }143678
274	0.9861145476031533	0.9959325231628873	0.1287673846844192	0.4856692921405462	[1549, 107, 10, 734, 19, 241]	{6 5 5 4 }108746
275	0.9863288292759441	0.9960229115370453	0.1287673846844192	0.3756492218095388	[2309, 420, 158, 10, 232, 2047]	{2 1 6 5 }113192
276	0.9865398041327968	0.9960965613233963	0.1287673846844192	0.7726015275471755	[846, 10, 494, 2229, 1529, 156]	{1 2 2 4 }131428
277	0.9867475232048216	0.9961688472248149	0.1287673846844192	0.4817850116841094	[2238, 1549, 162, 10, 232, 2047]	{4 1 1 5 }133999
278	0.9869520367356114	0.9962539839531523	0.1287673846844192	0.29307043597569554	[193, 232, 10, 734, 19, 132]	{5 6 4 5 }1894570
279	0.9871533941933952	0.9963233546206866	0.1287673846844192	0.36752751208569656	[2636, 162, 107, 10, 734, 19]	{3 5 2 2 }125689
280	0.9873516442830033	0.9963914406462294	0.1287673846844192	0.3495185398623855	[1549, 107, 10, 158, 420, 1791]	{4 2 1 5 }106339
281	0.9875468349576483	0.9964582658194474	0.1287673846844192	0.39062181355682657	[432, 422, 19, 132, 241, 1031]	{4 3 1 4 }119516
282	0.9877390134305241	0.9965129222111225	0.1287673846844192	0.26929121911740883	[1792, 232, 10, 734, 19, 1987]	{1 6 1 5 }114475
283	0.9879282261862259	0.9965774977257315	0.1287673846844192	0.26929121911740883	[1792, 232, 10, 734, 19, 1987]	{1 6 5 3 }126434
284	0.988114518991994	0.9966408773974771	0.1287673846844192	0.5063136197208922	[2238, 1549, 107, 10, 734, 19]	{6 3 4 2 }141005
285	0.9882979369087842	0.9966927157092444	0.1287673846844192	0.33407262502458396	[1849, 420, 158, 10, 734, 19]	{4 5 3 2 }151154
286	0.9884785243021672	0.9967539617146288	0.1287673846844192	0.4527005815675794	[1820, 10, 734, 19, 132, 1032]	{4 2 6 5 }133917
287	0.9886563248530597	0.9968140735347283	0.1287673846844192	0.49909583386846557	[1743, 1742, 400, 19, 734, 10]	{5 2 5 5 }125893
288	0.9888313815682902	0.9968848719006232	0.1287673846844192	0.4161807601939807	[837, 162, 107, 10, 232, 2047]	{3 4 2 4 }130212
289	0.9890037367910018	0.9969540969694982	0.1287673846844192	0.4779683117804445	[241, 132, 19, 734, 2229, 494]	{3 2 5 4 }121307
290	0.9891734322108937	0.9970105025811742	0.1287673846844192	0.1941408295346144	[846, 10, 734, 19, 132, 241]	{2 6 3 4 }121133
291	0.9893405088743059	0.9970902225123429	0.1287673846844192	0.49860293004999257	[2047, 232, 10, 734, 2229, 1529]	{5 5 3 6 }147198
292	0.9895050071941468	0.9971441072806329	0.1287673846844192	0.35228813868837683	[1792, 232, 10, 734, 19, 241]	{4 6 6 1 }135130
293	0.9896669669596693	0.9971881796991415	0.1287673846844192	0.4127512412380307	[1549, 162, 10, 734, 19, 3308]	{1 3 6 4 }1954530
294	0.9898264273460942	0.9972506645947162	0.1287673846844192	0.8019397403594111	[320, 232, 1792, 1791, 420, 1582]	{1 1 1 1 }109281
295	0.9899834269240865	0.9973015782133325	0.1287673846844192	0.5762559676227714	[1792, 232, 10, 107, 420, 1791]	{6 2 6 5 }109208
296	0.9901380036690851	0.9973432205248552	0.1287673846844192	0.7012564743471705	[377, 162, 107, 734, 19, 132]	{1 3 6 1 }126855
297	0.9902901949704882	0.9973924201447654	0.1287673846844192	0.5491215492298357	[1742, 400, 19, 132, 241, 1126]	{4 6 4 1 }127884
298	0.9904400376406967	0.9974326605746301	0.1287673846844192	0.384955609913507	[1265, 193, 232, 10, 734, 19]	{1 5 3 5 }127366
299	0.9905875679240193	0.9974722800102067	0.1287673846844192	0.3798569606650636	[107, 10, 734, 19, 132, 217]	{6 1 2 2 }133529
300	0.9907328215054387	0.9975112880347405	0.1287673846844192	0.2512539106781674	[1549, 162, 107, 10, 734, 19]	{6 4 4 2 }117654
301	0.9908758335192437	0.9975573752933565	0.1287673846844192	0.3261893857210155	[1792, 232, 10, 734, 19, 1460]	{6 3 4 3 }130806
302	0.991016638557527	0.9975950701190763	0.1287673846844192	0.4465486208213214	[193, 232, 10, 734, 19, 400]	{3 4 4 1 }138506
303	0.9911552706785528	0.9976720278752659	0.1287673846844192	0.4490309472639553	[320, 232, 1792, 496, 2729, 301]	{1 5 1 5 }133425
304	0.9912917634149948	0.9977079533710179	0.1287673846844192	0.1287673846844192	[320, 232, 10, 734, 19, 132]	{5 1 3 2 }113684
305	0.9914261497820474	0.9977690746144574	0.1287673846844192	0.4695291494440582	[1792, 232, 10, 734, 2229, 494]	{1 5 5 3 }126050
306	0.9915584622854109	0.9978103880475231	0.1287673846844192	0.5279864846153067	[377, 162, 1549, 107, 10, 494]	{2 2 4 6 }132554
307	0.9916887329291545	0.9978509364170134	0.1287673846844192	0.3508819983113869	[2047, 232, 10, 734, 19, 1460]	{3 6 6 5 }122762
308	0.9918169932234577	0.9978986933855242	0.1287673846844192	0.6959334991372451	[377, 162, 1549, 107, 232, 2047]	{3 3 3 5 }2071763
309	0.9919432741922315	0.9979547282285769	0.1287673846844192	0.5223622203495049	[2047, 232, 1792, 496, 2729, 301]	{4 4 4 1 }952548
310	0.992067606380623	0.9979862910645556	0.1287673846844192	0.20635641730273835	[158, 10, 734, 19, 132, 241]	{6 1 4 3 }136983
311	0.9921900198624035	0.9980173668197322	0.1287673846844192	0.4087666758278153	[10, 734, 19, 132, 241, 89]	{3 4 2 1 }116117
312	0.992310544247243	0.9980614253348493	0.1287673846844192	0.43617127961636887	[10, 734, 19, 132, 1032, 370]	{5 3 6 5 }151589
313	0.9924292086878719	0.9980973248656855	0.1287673846844192	0.39062181355682657	[432, 422, 19, 132, 241, 1031]	{5 5 2 4 }155959
314	0.9925460418871331	0.9981396065353368	0.1287673846844192	0.5654692691124857	[1743, 1742, 400, 19, 132, 217]	{4 4 5 4 }120864
315	0.9926610721049243	0.9981683163110261	0.1287673846844192	0.2381411587970519	[107, 10, 734, 19, 132, 241]	{3 2 6 4 }124689
316	0.9927743271650334	0.9981965830346213	0.1287673846844192	0.3649578416273432	[107, 162, 10, 734, 19, 1987]	{6 4 3 5 }117381
317	0.9928858344618694	0.9982299796450914	0.1287673846844192	0.45756243128478064	[734, 10, 107, 162, 420, 1791]	{6 5 6 6 }111913
318	0.9929956209670875	0.9982572947740251	0.1287673846844192	0.21853930910221597	[19, 734, 10, 158, 420, 1791]	{3 2 3 4 }103833
319	0.9931037132361139	0.9983037669133845	0.1287673846844192	0.7014177932606356	[2627, 438, 1580, 1579, 4018, 2197]	{4 1 4 5 }108807
320	0.9932101374145689	0.9983351786372107	0.1287673846844192	0.32201528250336287	[377, 162, 10, 734, 19, 132]	{4 3 2 3 }105886
321	0.993314919244591	0.9983721746674948	0.1287673846844192	0.48287649559483514	[1579, 1580, 438, 2627, 261, 217]	{3 3 4 5 }99198
322	0.9934180840710634	0.9984083485637728	0.1287673846844192	0.3977074949423053	[846, 10, 734, 19, 132, 1031]	{2 6 3 6 }99771
323	0.9935196568477445	0.9984378235903696	0.1287673846844192	0.5806879823187167	[2636, 162, 10, 734, 19, 409]	{2 5 6 5 }672167
324	0.993619662143304	0.9984878132354778	0.1287673846844192	0.4490309472639553	[320, 232, 1792, 496, 2728, 301]	{5 6 3 4 }1458051
325	0.9937181241472653	0.9985362032119425	0.1287673846844192	0.3508819983113869	[2047, 232, 10, 734, 19, 3308]	{4 2 1 4 }358456
326	0.993815066675857	0.9985687320294548	0.1287673846844192	0.3508819983113869	[2047, 232, 10, 734, 19, 1460]	{1 3 3 3 }110837
327	0.9939105131777727	0.9985908194981361	0.1287673846844192	0.17740604517959738	[1792, 232, 10, 734, 19, 132]	{4 6 3 1 }121447
328	0.9940044867398441	0.9986169154333558	0.1287673846844192	0.33585663140262606	[846, 10, 734, 19, 132, 217]	{2 3 4 6 }121070
329	0.9940970100926243	0.9986476506459478	0.1287673846844192	0.5654692691124857	[1743, 1742, 400, 19, 132, 217]	{3 1 4 5 }133482
330	0.9941881056158863	0.998668520234745	0.1287673846844192	0.21853930910221597	[19, 734, 10, 158, 420, 1791]	{1 6 1 3 }135199
331	0.9942777953440362	0.9986890677619866	0.1287673846844192	0.3093012924849177	[377, 162, 107, 10, 734, 19]	{5 4 5 6 }113304
332	0.9943661009714431	0.9987133442849128	0.1287673846844192	0.17740604517959738	[1792, 232, 10, 734, 19, 132]	{1 4 5 5 }102021
333	0.9944530438576862	0.9987371712425995	0.1287673846844192	0.2161373864102161	[1792, 232, 10, 158, 420, 1791]	{3 6 6 4 }98021
334	0.9945386450327219	0.9987566593407076	0.1287673846844192	0.35103313913420187	[1799, 232, 10, 158, 420, 1791]	{1 3 2 4 }107416
335	0.99462292520197	0.9987758466965608	0.1287673846844192	0.4087666758278153	[10, 734, 19, 132, 241, 217]	{4 5 1 3 }111506
336	0.9947059047513224	0.998803050103304	0.1287673846844192	0.33585663140262606	[846, 10, 734, 19, 132, 217]	{2 3 4 5 }107421
337	0.9947876037520735	0.9988349687672159	0.1287673846844192	0.6244005274634061	[846, 10, 232, 193, 394, 432]	{2 4 2 1 }113723
338	0.994868041965776	0.9988608583501666	0.1287673846844192	0.42375233682793245	[2149, 420, 158, 10, 232, 2047]	{5 1 5 3 }2032278
339	0.9949472388490203	0.9988819535659043	0.1287673846844192	0.5577622509605084	[1917, 10, 734, 19, 132, 1031]	{3 5 4 5 }188630
340	0.9950252135581403	0.9989067990422175	0.1287673846844192	0.2408299990005875	[2047, 232, 10, 158, 420, 1791]	{5 5 2 4 }125738
341	0.995101984953848	0.9989270435043986	0.1287673846844192	0.3318017772063142	[193, 232, 10, 158, 420, 1791]	{2 2 2 6 }113603
342	0.9951775716057949	0.9989469130691321	0.1287673846844192	0.5153706743278413	[107, 162, 10, 158, 420, 1582]	{5 4 3 1 }120293
343	0.9952519917970635	0.9989703150009291	0.1287673846844192	0.20635641730273835	[158, 10, 734, 19, 132, 241]	{5 1 3 6 }115519
344	0.9953252635285903	0.9989931968897974	0.1287673846844192	0.608806070183607	[1799, 232, 10, 734, 2229, 1529]	{3 3 3 6 }123790
345	0.9953974045235194	0.9990087339748314	0.1287673846844192	0.1287673846844192	[320, 232, 10, 734, 19, 132]	{3 2 4 1 }124269
346	0.9954684322314897	0.9990404544876367	0.1287673846844192	0.4490309472639553	[320, 232, 1792, 496, 2728, 301]	{5 5 3 3 }134776
347	0.9955383638328557	0.9990552622887534	0.1287673846844192	0.1287673846844192	[320, 232, 10, 734, 19, 132]	{3 5 4 5 }120619
348	0.9956072162428424	0.9990698415744208	0.1287673846844192	0.43225651716107677	[158, 10, 734, 19, 132, 168]	{3 1 6 3 }124772
349	0.9956750061156381	0.9990870667304501	0.1287673846844192	0.37785252539417236	[1792, 232, 10, 734, 19, 409]	{1 4 4 1 }123689
350	0.9957417498484215	0.99910735413644	0.1287673846844192	0.3898182019840681	[2636, 162, 107, 10, 232, 2047]	{5 2 3 5 }142902
351	0.9958074635853286	0.9991238846153949	0.1287673846844192	0.30269924192723124	[1549, 162, 10, 158, 420, 1791]	{1 4 4 2 }108868
352	0.9958721632213574	0.9991374049145401	0.1287673846844192	0.6331636049638525	[10, 107, 162, 1583, 1013, 156]	{6 2 1 4 }118482
353	0.9959358644062131	0.9991613658891362	0.1287673846844192	0.7312374275902822	[19, 241, 132, 1032, 370, 4612]	{1 4 3 5 }1383709
354	0.9959985825480925	0.9991768961504485	0.1287673846844192	0.24508563114986298	[10, 734, 19, 132, 241, 1126]	{5 1 6 4 }95100
355	0.996060332817412	0.9992032354736341	0.1287673846844192	0.5315804008900062	[2627, 438, 2729, 496, 2728, 301]	{1 1 4 4 }98110
356	0.9961211301504767	0.9992179903722704	0.1287673846844192	0.7096848615749353	[377, 162, 10, 438, 2627, 301]	{4 5 6 6 }100121
357	0.9961809892530927	0.9992353683639978	0.1287673846844192	0.629929288245196	[1580, 438, 2627, 301, 2729, 969]	{5 5 2 4 }96342
358	0.9962399246041252	0.999249528209109	0.1287673846844192	0.2408299990005875	[2047, 232, 10, 158, 420, 1791]	{5 1 4 5 }94706
359	0.9962979504589998	0.9992611095639067	0.1287673846844192	0.507005866231405	[1879, 232, 10, 158, 420, 1791]	{4 6 2 4 }94105
360	0.9963550808531512	0.9992775293513754	0.1287673846844192	0.6002749898121404	[1580, 438, 2627, 261, 217, 132]	{3 1 3 5 }96401
361	0.9964113296054173	0.9992935842546782	0.1287673846844192	0.409763318676026	[2654, 232, 10, 158, 420, 1791]	{5 4 3 2 }98153
362	0.9964667103213831	0.9993066660277397	0.1287673846844192	0.1941408295346144	[846, 10, 734, 19, 132, 241]	{5 1 2 4 }100976
363	0.9965212363966703	0.9993288527148521	0.1287673846844192	0.5052234748401319	[1792, 496, 2729, 438, 2627, 301]	{3 2 1 2 }103905
364	0.9965749210201785	0.9993437670989664	0.1287673846844192	0.1287673846844192	[320, 232, 10, 734, 19, 132]	{2 4 1 5 }103222
365	0.9966277771772746	0.9993559195600966	0.1287673846844192	0.26929121911740883	[1792, 232, 10, 734, 19, 1987]	{3 6 6 3 }116900
366	0.9966798176529339	0.9993765301341736	0.1287673846844192	0.4490309472639553	[320, 232, 1792, 496, 2729, 301]	{1 1 2 1 }123789
367	0.9967310550348331	0.9993861515827203	0.1287673846844192	0.5062659073349222	[1549, 162, 10, 158, 420, 1582]	{6 6 5 1 }120851
368	0.9967815017163943	0.9993956245521227	0.1287673846844192	0.2161373864102161	[1792, 232, 10, 158, 420, 1791]	{2 5 1 5 }2988953
369	0.9968311698997833	0.9994068166900464	0.1287673846844192	0.7023657115257398	[420, 158, 10, 162, 107, 1586]	{2 3 2 1 }316108
370	0.9968800715988607	0.9994178015661567	0.1287673846844192	0.18644425498262523	[10, 734, 19, 132, 241, 1031]	{6 3 1 4 }99788
371	0.9969282186420881	0.9994267861098888	0.1287673846844192	0.41390045644117435	[377, 162, 10, 734, 19, 1987]	{1 3 4 2 }102916
372	0.9969756226753893	0.9994395241963357	0.1287673846844192	0.5265945627345092	[1579, 1580, 438, 2627, 301, 10]	{2 1 1 4 }100618
373	0.9970222951649665	0.9994544702177668	0.1287673846844192	0.6427710166013454	[1579, 1580, 438, 2627, 261, 165]	{5 5 1 5 }103276
374	0.9970682474000752	0.9994645726211414	0.1287673846844192	0.2939838317077802	[2047, 232, 10, 734, 19, 1987]	{4 6 3 6 }102427
375	0.9971134904957529	0.9994728353893337	0.1287673846844192	0.3649578416273432	[107, 162, 10, 734, 19, 1987]	{1 2 1 6 }125951
376	0.9971580353955098	0.9994868931122848	0.1287673846844192	0.3292138648989942	[320, 232, 10, 734, 19, 409]	{1 4 2 5 }141213
377	0.9972018928739742	0.999496395091687	0.1287673846844192	0.37785252539417236	[1792, 232, 10, 734, 19, 409]	{2 6 4 4 }93889
378	0.9972450735394993	0.9995041667723708	0.1287673846844192	0.1287673846844192	[320, 232, 10, 734, 19, 132]	{4 2 5 3 }92506
379	0.9972875878367292	0.9995118185197107	0.1287673846844192	0.4174460855422384	[1549, 162, 10, 734, 19, 400]	{5 2 5 1 }92887
380	0.9973294460491254	0.9995208589174939	0.1287673846844192	0.3093012924849177	[377, 162, 107, 10, 734, 19]	{4 5 2 1 }91665
381	0.9973706583014538	0.9995297319005032	0.1287673846844192	0.18644425498262523	[10, 734, 19, 132, 241, 1031]	{6 5 4 3 }90937
382	0.9974112345622338	0.9995369891242609	0.1287673846844192	0.5937511310169713	[160, 87, 1265, 193, 232, 10]	{3 3 4 6 }90939
383	0.9974511846461499	0.9995472782548329	0.1287673846844192	0.5654692691124857	[1743, 1742, 400, 19, 132, 217]	{5 5 2 1 }126683
384	0.9974905182164254	0.9995542647015175	0.1287673846844192	0.3107871986317668	[1549, 107, 10, 734, 19, 132]	{5 4 1 6 }89642
385	0.9975292447871595	0.999561143332667	0.1287673846844192	0.46827452500078615	[1879, 232, 10, 734, 19, 132]	{5 6 3 1 }88643
386	0.9975673737256293	0.9995692703079879	0.1287673846844192	0.1941408295346144	[846, 10, 734, 19, 132, 241]	{3 5 4 1 }88572
387	0.9976049142545548	0.9995759173711363	0.1287673846844192	0.45591365441607423	[320, 232, 10, 494, 2229, 1529]	{5 3 6 2 }89860
388	0.9976418754543301	0.9995872262412393	0.1287673846844192	0.5247141785668131	[1579, 1580, 438, 2729, 496, 3366]	{1 6 2 6 }88743
389	0.9976782662652202	0.9995935962066523	0.1287673846844192	0.43225651716107677	[158, 10, 734, 19, 132, 168]	{5 6 3 5 }90284
390	0.9977140954895223	0.9996026274020601	0.1287673846844192	0.3563633149229554	[1849, 420, 158, 10, 232, 2047]	{5 5 5 4 }89990
391	0.9977493717936964	0.9996132240046718	0.1287673846844192	0.747250471358372	[1529, 2229, 734, 19, 241, 1031]	{5 1 1 6 }88858
392	0.9977841037104603	0.9996203865231038	0.1287673846844192	0.5836390922523209	[1580, 301, 10, 158, 420, 1791]	{4 5 4 4 }90060
393	0.9978182996408544	0.9996274164023056	0.1287673846844192	0.21853930910221597	[19, 734, 10, 158, 420, 1791]	{1 2 1 2 }88666
394	0.9978519678562733	0.9996343160985591	0.1287673846844192	0.21853930910221597	[19, 734, 10, 158, 420, 1791]	{4 1 2 6 }89355
395	0.9978851165004666	0.9996440676692643	0.1287673846844192	0.5876478482757559	[1879, 496, 2729, 438, 1580, 301]	{2 2 2 2 }90002
396	0.9979177535915088	0.9996535591980839	0.1287673846844192	0.49860293004999257	[2047, 232, 10, 734, 2229, 1529]	{5 5 6 1 }89776
397	0.9979498870237387	0.9996599747684898	0.1287673846844192	0.5329543900991072	[2627, 438, 10, 158, 420, 1791]	{4 1 4 3 }89945
398	0.9979815245696686	0.9996708555758981	0.1287673846844192	0.7952761459373944	[846, 10, 1820, 841, 1268, 1380]	{6 1 2 6 }89487
399	0.9980126738818651	0.9996796327605407	0.1287673846844192	0.42375346724447405	[1743, 1742, 400, 19, 132, 241]	{5 6 5 1 }91104
400	0.9980433424947992	0.9996845766994213	0.1287673846844192	0.26977824374023446	[1820, 10, 734, 19, 132, 241]	{1 4 5 2 }89273
401	0.9980735378266696	0.9996904178716542	0.1287673846844192	0.3563633149229554	[1849, 420, 158, 10, 232, 2047]	{4 2 4 3 }88465
402	0.9981032671811964	0.9996972974745064	0.1287673846844192	0.3756492218095388	[2309, 420, 158, 10, 232, 2047]	{4 5 1 5 }89235
403	0.9981325377493877	0.9997029030768303	0.1287673846844192	0.24508563114986298	[10, 734, 19, 132, 241, 1126]	{5 3 4 1 }89282
404	0.9981613566112799	0.9997084048717039	0.1287673846844192	0.20209865776996874	[2047, 232, 10, 734, 19, 132]	{4 1 6 6 }90152
405	0.998189730737649	0.9997161807417917	0.1287673846844192	0.49909583386846557	[1743, 1742, 400, 19, 734, 10]	{3 2 2 1 }89734
406	0.9982176669916977	0.9997214366539808	0.1287673846844192	0.5815936667923084	[734, 19, 132, 1031, 241, 2872]	{3 5 4 1 }88927
407	0.9982451721307147	0.9997265952344626	0.1287673846844192	0.5847509154931978	[320, 232, 10, 107, 162, 3284]	{6 5 2 1 }89630
408	0.9982722528077098	0.9997353441869599	0.1287673846844192	0.5052234748401319	[1792, 496, 2729, 438, 2627, 301]	{4 3 5 2 }89202
409	0.998298915573023	0.9997394283816055	0.1287673846844192	0.6181622490963832	[2627, 301, 10, 734, 19, 1987]	{5 2 3 3 }88790
410	0.9983251668759084	0.9997452188620143	0.1287673846844192	0.46414967336266133	[734, 10, 232, 1792, 496, 3366]	{5 5 2 1 }89528
411	0.998351013066095	0.9997508806650807	0.1287673846844192	0.5654692691124857	[1743, 1742, 400, 19, 132, 217]	{2 2 6 3 }89091
412	0.9983764603953219	0.9997547250992614	0.1287673846844192	0.6141466970190333	[241, 132, 217, 261, 2627, 301]	{6 6 6 4 }90595
413	0.9984015150188509	0.9997601756526112	0.1287673846844192	0.33585663140262606	[846, 10, 734, 19, 132, 217]	{5 6 1 5 }90193
414	0.9984261829969551	0.9997638766456265	0.1287673846844192	0.6185195547833867	[377, 162, 10, 734, 2229, 1529]	{1 1 6 1 }90538
415	0.9984504702963848	0.999767520524552	0.1287673846844192	0.2512539106781674	[1549, 162, 107, 10, 734, 19]	{1 5 3 3 }90960
416	0.9984743827918109	0.9997711081707781	0.1287673846844192	0.22657955342078154	[420, 158, 10, 734, 19, 132]	{4 3 6 6 }88999
417	0.998497926267246	0.9997761946558719	0.1287673846844192	0.3898182019840681	[2636, 162, 107, 10, 232, 2047]	{3 2 1 1 }88710
418	0.9985211064174427	0.999783356426884	0.1287673846844192	0.5005220038700334	[1580, 438, 2729, 496, 2728, 301]	{3 3 6 5 }89410
419	0.9985439288492723	0.9997891335888337	0.1287673846844192	0.5608636436311459	[846, 10, 232, 1792, 496, 3366]	{4 3 1 6 }89708
420	0.9985663990830799	0.9997923877001171	0.1287673846844192	0.1287673846844192	[320, 232, 10, 734, 19, 132]	{3 6 2 3 }89358
421	0.99858852255402	0.9998003600124327	0.1287673846844192	0.6000755694325983	[1879, 496, 2729, 438, 2627, 301]	{4 1 3 3 }90032
422	0.9986103046133715	0.9998040570492395	0.1287673846844192	0.3318017772063142	[193, 232, 10, 158, 420, 1791]	{2 2 3 3 }89963
423	0.9986317505298319	0.9998084113370341	0.1287673846844192	0.4454552578155204	[846, 10, 734, 19, 132, 1715]	{5 4 2 5 }88677
424	0.9986528654907912	0.9998119592752372	0.1287673846844192	0.17740604517959738	[1792, 232, 10, 734, 19, 132]	{4 6 1 3 }89066
425	0.9986736546035877	0.999815441510881	0.1287673846844192	0.39062181355682657	[432, 422, 19, 132, 241, 1031]	{1 6 4 3 }88868
426	0.9986941228967422	0.9998188592606795	0.1287673846844192	0.37706316736195933	[846, 10, 734, 19, 132, 1032]	{1 5 2 2 }88254
427	0.9987142753211752	0.9998216546424591	0.1287673846844192	0.2730726676895317	[107, 162, 10, 734, 19, 132]	{3 5 2 6 }89374
428	0.998734116751404	0.9998249573342655	0.1287673846844192	0.6065547784592378	[320, 232, 10, 158, 420, 1661]	{4 5 6 4 }89423
429	0.9987536519867218	0.9998288471712817	0.1287673846844192	0.5973380650016397	[2238, 1549, 162, 107, 10, 1873]	{1 1 1 2 }89603
430	0.9987728857523588	0.9998314884186386	0.1287673846844192	0.6859097015106125	[2238, 1549, 162, 1583, 1013, 156]	{5 5 5 2 }89262
431	0.9987918227006248	0.9998352331204465	0.1287673846844192	0.5286043096192637	[2238, 1549, 107, 10, 232, 2047]	{2 3 6 3 }90169
432	0.9988104674120349	0.9998396269039013	0.1287673846844192	0.42375346724447405	[1743, 1742, 400, 19, 132, 241]	{6 3 2 5 }88608
433	0.9988288243964172	0.9998431907504812	0.1287673846844192	0.5164369637559915	[320, 232, 10, 438, 2627, 301]	{2 2 2 4 }89624
434	0.9988468980940033	0.9998456106463072	0.1287673846844192	0.4779683117804445	[241, 132, 19, 734, 2229, 494]	{2 6 3 1 }89016
435	0.9988646928765033	0.9998484697084126	0.1287673846844192	0.5871311116065423	[158, 420, 162, 10, 232, 2047]	{6 5 4 4 }89525
436	0.9988822130481622	0.9998518370482257	0.1287673846844192	0.4490309472639553	[320, 232, 1792, 496, 2728, 301]	{3 6 1 1 }90333
437	0.9988994628468016	0.999855129558265	0.1287673846844192	0.46577998274920906	[1799, 232, 10, 734, 19, 400]	{6 3 5 3 }89260
438	0.9989164464448448	0.9998578123442231	0.1287673846844192	0.1941408295346144	[846, 10, 734, 19, 132, 241]	{1 3 6 5 }87809
439	0.9989331679503256	0.9998604454489597	0.1287673846844192	0.409763318676026	[2654, 232, 10, 158, 420, 1791]	{6 6 5 6 }89136
440	0.9989496314078823	0.9998630297924975	0.1287673846844192	0.24508563114986298	[10, 734, 19, 132, 241, 1126]	{1 6 3 2 }89076
441	0.9989658407997359	0.9998651435302677	0.1287673846844192	0.4963011283524297	[377, 162, 1549, 107, 420, 1791]	{5 3 4 2 }88825
442	0.9989818000466536	0.9998676408722997	0.1287673846844192	0.5643132891416724	[377, 162, 10, 158, 420, 1582]	{4 4 4 2 }89978
443	0.9989975130088966	0.9998705821862486	0.1287673846844192	0.2408299990005875	[2047, 232, 10, 158, 420, 1791]	{3 1 2 1 }90436
444	0.9990129834871544	0.9998729788124292	0.1287673846844192	0.3118040089201504	[107, 162, 10, 158, 420, 1791]	{5 4 4 2 }90462
445	0.9990282152234637	0.9998763660440977	0.1287673846844192	0.4695291494440582	[1792, 232, 10, 734, 2229, 494]	{1 3 1 2 }89881
446	0.999043211902114	0.999878273975516	0.1287673846844192	0.1287673846844192	[320, 232, 10, 734, 19, 132]	{1 6 3 1 }90284
447	0.9990579771505381	0.9998805281611546	0.1287673846844192	0.7223634798119036	[193, 232, 10, 158, 420, 1550]	{5 5 3 1 }90669
448	0.9990725145401903	0.9998831830909067	0.1287673846844192	0.21853930910221597	[19, 734, 10, 158, 420, 1791]	{5 2 2 5 }88802
449	0.9990868275874096	0.9998857790222199	0.1287673846844192	0.86920528634182	[1819, 1513, 1031, 241, 132, 1715]	{4 5 5 2 }88754
450	0.9991009197542706	0.9998875416916301	0.1287673846844192	0.48234947979600745	[1529, 2229, 734, 19, 132, 241]	{1 5 2 6 }89251
451	0.9991147944494208	0.9998892771593518	0.1287673846844192	0.45756243128478064	[734, 10, 107, 162, 420, 1791]	{2 2 1 4 }88418
452	0.999128455028905	0.9998913275823268	0.1287673846844192	0.6365650791673174	[811, 734, 19, 132, 241, 2872]	{4 2 1 5 }88772
453	0.9991419047969774	0.9998930046258094	0.1287673846844192	0.3118040089201504	[107, 162, 10, 158, 420, 1791]	{4 3 4 3 }87738
454	0.9991551470069007	0.9998958578357878	0.1287673846844192	0.5127482781181582	[1799, 232, 10, 734, 19, 409]	{4 6 3 4 }87786
455	0.9991681848617324	0.9998986349601668	0.1287673846844192	0.26977824374023446	[1820, 10, 734, 19, 132, 241]	{4 1 5 6 }87456
456	0.9991810215151007	0.9999025273776964	0.1287673846844192	0.5052234748401319	[1792, 496, 2729, 438, 2627, 301]	{3 4 3 6 }87462
457	0.9991936600719664	0.9999043324262575	0.1287673846844192	0.5847509154931978	[320, 232, 10, 107, 162, 3284]	{4 2 2 2 }88235
458	0.9992061035893743	0.9999064583723407	0.1287673846844192	0.35557684261559463	[2047, 232, 10, 734, 19, 400]	{6 2 6 3 }86548
459	0.9992183550771927	0.9999079019159774	0.1287673846844192	0.21853930910221597	[19, 734, 10, 158, 420, 1791]	{2 6 6 4 }86316
460	0.999230417498841	0.999909607436052	0.1287673846844192	0.6803319884594664	[157, 10, 734, 19, 241, 1126]	{6 3 3 5 }88113
461	0.999242293772007	0.9999112813724214	0.1287673846844192	0.4959113874208292	[1917, 10, 734, 19, 132, 217]	{5 2 6 5 }88803
462	0.9992539867693525	0.9999132528974787	0.1287673846844192	0.18644425498262523	[10, 734, 19, 132, 241, 1031]	{6 1 3 2 }88845
463	0.9992654993192083	0.9999160288047594	0.1287673846844192	0.6750678955253802	[1743, 1742, 400, 19, 132, 1715]	{1 3 5 4 }89337
464	0.9992768342062575	0.9999178948313202	0.1287673846844192	0.5265945627345092	[1579, 1580, 438, 2627, 301, 10]	{2 3 3 1 }86577
465	0.9992879941722103	0.9999191618863925	0.1287673846844192	0.7220802149994234	[2149, 420, 158, 1557, 15, 432]	{1 1 6 6 }86850
466	0.9992989819164663	0.9999206588884963	0.1287673846844192	0.3563633149229554	[1849, 420, 158, 10, 232, 2047]	{2 5 1 2 }86836
467	0.9993098000967677	0.999922128168339	0.1287673846844192	0.33585663140262606	[846, 10, 734, 19, 132, 217]	{3 5 6 5 }88390
468	0.9993204513298424	0.9999242047505166	0.1287673846844192	0.7587015565169796	[2654, 232, 10, 438, 2627, 301]	{2 2 2 1 }88346
469	0.9993309381920361	0.9999256083662478	0.1287673846844192	0.44439666440827835	[988, 420, 158, 10, 232, 2047]	{5 5 5 1 }88186
470	0.9993412632199368	0.9999267563852872	0.1287673846844192	0.16749872591503795	[320, 232, 10, 158, 420, 1791]	{5 6 1 2 }88375
471	0.9993514289109872	0.9999283840211697	0.1287673846844192	0.21853930910221597	[19, 734, 10, 158, 420, 1791]	{4 2 5 2 }87956
472	0.9993614377240893	0.9999297102429998	0.1287673846844192	0.4927957536832894	[1792, 496, 2729, 438, 1580, 301]	{5 1 3 4 }86361
473	0.9993712920801989	0.9999307949614721	0.1287673846844192	0.30364947819319865	[320, 232, 10, 734, 19, 241]	{2 1 5 3 }87247
474	0.999380994362912	0.9999323328512172	0.1287673846844192	0.7574599320230908	[2627, 438, 3366, 496, 2728, 301]	{4 3 4 4 }87526
475	0.9993905469190398	0.999933585946565	0.1287673846844192	0.42375233682793245	[2149, 420, 158, 10, 232, 2047]	{1 3 5 2 }86537
476	0.9993999520591781	0.9999348158364434	0.1287673846844192	0.36752751208569656	[2636, 162, 107, 10, 734, 19]	{1 4 5 5 }86973
477	0.9994092120582648	0.9999362643734113	0.1287673846844192	0.5537258231524366	[420, 158, 10, 494, 2229, 1529]	{3 3 3 2 }88262
478	0.9994183291561312	0.9999376807206689	0.1287673846844192	0.45591365441607423	[320, 232, 10, 494, 2229, 1529]	{6 6 2 3 }87035
479	0.9994273055580427	0.9999390655935428	0.1287673846844192	0.48234947979600745	[1529, 2229, 734, 19, 132, 241]	{5 3 6 1 }86966
480	0.9994361434352333	0.9999406905110484	0.1287673846844192	0.6989412814442517	[19, 132, 241, 1031, 227, 1811]	{2 1 5 2 }86790
481	0.9994448449254304	0.9999416057809396	0.1287673846844192	0.2512539106781674	[1549, 162, 107, 10, 734, 19]	{6 1 2 3 }86161
482	0.9994534121333712	0.9999426871553667	0.1287673846844192	0.2735446005765389	[1549, 162, 107, 10, 232, 2047]	{3 1 1 6 }87107
483	0.9994618471313131	0.9999435716128456	0.1287673846844192	0.22065255862223065	[320, 232, 10, 734, 19, 1987]	{2 4 3 4 }86359
484	0.9994701519595336	0.9999444424212893	0.1287673846844192	0.3587532375194829	[394, 193, 232, 10, 734, 19]	{3 2 1 4 }86963
485	0.9994783286268247	0.9999454712653395	0.1287673846844192	0.33159198238328924	[377, 162, 107, 10, 232, 2047]	{3 3 5 6 }86784
486	0.9994863791109787	0.9999463127581584	0.1287673846844192	0.5048666701956248	[1549, 162, 107, 420, 158, 10]	{6 6 2 5 }86309
487	0.999494305359266	0.9999473069663406	0.1287673846844192	0.44439666440827835	[2047, 232, 10, 158, 420, 1582]	{6 5 6 6 }86863
488	0.999502109288907	0.9999482827632602	0.1287673846844192	0.24508563114986298	[10, 734, 19, 132, 241, 1126]	{2 4 1 6 }86047
489	0.9995097927875349	0.9999492404898666	0.1287673846844192	0.45957053917318497	[1549, 107, 10, 734, 19, 3308]	{5 2 2 2 }86375
490	0.9995173577136532	0.9999501804807949	0.1287673846844192	0.4218560082309499	[107, 162, 10, 734, 19, 3308]	{2 5 5 6 }86648
491	0.9995248058970845	0.9999509493005357	0.1287673846844192	0.2512539106781674	[1549, 162, 107, 10, 734, 19]	{1 5 3 3 }88009
492	0.9995321391394135	0.9999528328473952	0.1287673846844192	0.6797901231770977	[421, 438, 2729, 496, 2728, 301]	{6 6 2 4 }87942
493	0.9995393592144225	0.9999537063131841	0.1287673846844192	0.32201528250336287	[377, 162, 10, 734, 19, 132]	{2 5 4 2 }87200
494	0.999546467868521	0.9999545636036807	0.1287673846844192	0.3118040089201504	[107, 162, 10, 158, 420, 1791]	{1 1 5 2 }86677
495	0.9995534668211672	0.9999554050184274	0.1287673846844192	0.33159198238328924	[377, 162, 107, 10, 232, 2047]	{1 4 4 2 }88373
496	0.9995603577652851	0.9999563960180179	0.1287673846844192	0.2408299990005875	[2047, 232, 10, 158, 420, 1791]	{2 1 1 3 }87399
497	0.9995671423676726	0.9999572034991657	0.1287673846844192	0.3118040089201504	[107, 162, 10, 158, 420, 1791]	{5 1 1 5 }86649
498	0.999573822269406	0.9999579960269589	0.1287673846844192	0.17740604517959738	[1792, 232, 10, 734, 19, 132]	{6 3 5 6 }86455
499	0.9995803990862362	0.9999587738783116	0.1287673846844192	0.5247141785668131	[1579, 1580, 438, 2729, 496, 3366]	{3 6 2 5 }87790
