0	0.015432098765432056	0.03200000000000003	0.5315804008900062	63809
1	0.030626047858558048	0.04992592592592593	0.4817850116841094	58390
2	0.045585522428642	0.08032829629629634	0.46327330397949845	64234
3	0.06031414090968146	0.09452076085962502	0.20635641730273835	57154
4	0.07481546589564314	0.11128889491778005	0.20635641730273835	56004
5	0.08909300500219186	0.1277465079748582	0.1941408295346144	55550
6	0.10315021171512095	0.1438993504197682	0.1941408295346144	55599
7	0.11699048622569008	0.15975306615273543	0.1941408295346144	155595
8	0.13061717625307134	0.17531319455731442	0.1941408295346144	57052
9	0.1440335778541042	0.1905851724358827	0.16749872591503795	56892
10	0.1572429362205532	0.2085721686039742	0.16749872591503795	58002
11	0.17024844646406312	0.22078556106378944	0.16749872591503795	64486
12	0.18305325438900033	0.23810143748459411	0.16749872591503795	63809
13	0.19566045725336756	0.24985913135057258	0.16749872591503795	57915
14	0.208073104517976	0.2637506289181546	0.16749872591503795	56774
15	0.22029419858405663	0.2801117260533067	0.16749872591503795	61170
16	0.2323266955194878	0.29122111299692843	0.16749872591503795	69114
17	0.2441735057738167	0.30215905878401284	0.16749872591503795	56872
18	0.2558374948822454	0.31292820911142005	0.16749872591503795	55453
19	0.2673214841587539	0.32819647113116635	0.16749872591503795	55357
20	0.2786282513785262	0.33856380953963594	0.16749872591503795	55578
21	0.28976053144984526	0.3508126278814945	0.16749872591503795	54639
22	0.30072101707561927	0.36083095152529854	0.16749872591503795	55858
23	0.31151235940469924	0.37069467140916734	0.16749872591503795	55058
24	0.32213716867314524	0.38467923426674144	0.16749872591503795	59147
25	0.3325980148355967	0.3960740632618017	0.16749872591503795	59247
26	0.34289742818689917	0.4072578769051016	0.16749872591503795	57349
27	0.35303789997413837	0.42042992408498825	0.16749872591503795	58106
28	0.3630218829992288	0.4293739067379977	0.16749872591503795	57163
29	0.37285179221220366	0.4420544865882644	0.16749872591503795	55966
30	0.38253000529534864	0.4569330336125773	0.16749872591503795	57914
31	0.3920588632383216	0.46900118842118677	0.16749872591503795	57608
32	0.40144067090439683	0.4808011620118271	0.16749872591503795	56638
33	0.4106776975879709	0.5007383973905729	0.16749872591503795	55417
34	0.4197721775634652	0.5084430517518295	0.16749872591503795	54927
35	0.4287263106257574	0.5175459582008697	0.16749872591503795	55001
36	0.43754226262227347	0.526480292308261	0.16749872591503795	54194
37	0.44622216597686803	0.5337876952047385	0.16749872591503795	55027
38	0.4547681202056201	0.5424212564046507	0.16749872591503795	56535
39	0.46318219242466907	0.5525896729289917	0.16749872591503795	58242
40	0.47146641785021426	0.5594941532850258	0.16749872591503795	57175
41	0.4796228002907974	0.573590340379905	0.16749872591503795	60815
42	0.48765331263198874	0.5830661105936848	0.16749872591503795	57478
43	0.49555989731359384	0.5895002755536589	0.16749872591503795	56427
44	0.5033444667994951	0.5971021223026652	0.16749872591503795	56776
45	0.5110089040402436	0.6060554084737171	0.16749872591503795	57474
46	0.5185550629285114	0.6133506786871668	0.16749872591503795	58134
47	0.5259847687475159	0.6193174892012536	0.16749872591503795	56757
48	0.5332998186125233	0.6263671653271563	0.16749872591503795	55307
49	0.5405019819055399	0.632133104133836	0.16749872591503795	54693
50	0.5475930007032939	0.6389454540572835	0.16749872591503795	55450
51	0.5545745901986134	0.6445172834699797	0.16749872591503795	54927
52	0.5614484391153014	0.6511002967390542	0.16749872591503795	55365
53	0.5682162101166084	0.6575614023549976	0.16749872591503795	56756
54	0.5748795402074014	0.6639028578669421	0.16749872591503795	57576
55	0.5814400411301266	0.6713716832476768	0.16749872591503795	56567
56	0.5878992997546617	0.6764431078889164	0.16749872591503795	58754
57	0.5942588784621514	0.6814362698042109	0.16749872591503795	57049
58	0.6005203155229206	0.68733559814117	0.16749872591503795	57590
59	0.6066851254685546	0.6921606660710902	0.16749872591503795	56280
60	0.6127547994582374	0.6978613944771811	0.16749872591503795	64261
61	0.6187308056394374	0.7034565538387147	0.16749872591503795	58465
62	0.6246145895030263	0.7089480991379977	0.16749872591503795	55445
63	0.6304075742329178	0.7154159191571534	0.16749872591503795	60756
64	0.6361111610503111	0.7230048279796293	0.16749872591503795	55477
65	0.641726729552621	0.7291602762467486	0.16749872591503795	55070
66	0.6472556380471792	0.7341758266866236	0.16749872591503795	54840
67	0.6526992238797844	0.7390984965627972	0.16749872591503795	55896
68	0.6580588037581827	0.7439300058857083	0.16749872591503795	55494
69	0.6633356740705565	0.7496204501993593	0.16749872591503795	56617
70	0.6685311111990972	0.7534843321407272	0.16749872591503795	57690
71	0.6736463718287409	0.7580494371010841	0.16749872591503795	57643
72	0.6786826932511368	0.7625300030806936	0.16749872591503795	59290
73	0.6836412936639279	0.7661946635269792	0.16749872591503795	57596
74	0.6885233724654105	0.769802770571316	0.16749872591503795	59101
75	0.693330110544648	0.7740656822274027	0.16749872591503795	56901
76	0.6980626705671071	0.77755232293377	0.16749872591503795	57582
77	0.7027221972558864	0.7846706485998893	0.16749872591503795	59387
78	0.7073098176686041	0.7879936324177923	0.16749872591503795	55356
79	0.7118266414700145	0.7936471355533179	0.16749872591503795	56825
80	0.7162737612004155	0.7982327547632442	0.16749872591503795	55599
81	0.7206522525399153	0.801346446819367	0.1287673846844192	55726
82	0.7249631745686202	0.8050252163227121	0.1287673846844192	55579
83	0.7292075700228082	0.808635860464884	0.1287673846844192	55329
84	0.7333864655471476	0.8128883968989977	0.1287673846844192	55431
85	0.7375008719430249	0.8170464325234644	0.1287673846844192	55944
86	0.7415517844130399	0.8198697900462505	0.1287673846844192	61055
87	0.7455401828017276	0.8232055346750237	0.1287673846844192	58638
88	0.7494670318325651	0.8279200537503564	0.1287673846844192	63832
89	0.7533332813413218	0.831106719421646	0.1287673846844192	58045
90	0.7571398665058076	0.8342343727656896	0.1287673846844192	56896
91	0.760887708072076	0.837304106603362	0.1287673846844192	57730
92	0.7645777125771365	0.8398148456989891	0.1287673846844192	62638
93	0.76821077256823	0.8427812374453041	0.1287673846844192	59566
94	0.7717877668187203	0.8456926960111317	0.1287673846844192	54139
95	0.7753095605406536	0.8480739815665155	0.1287673846844192	60149
96	0.7787770055940386	0.8508874263523207	0.1287673846844192	54390
97	0.7821909406928961	0.8531885463160195	0.1287673846844192	55511
98	0.7855521916081292	0.8554541551691673	0.1287673846844192	55349
99	0.788861571367263	0.8576848009227296	0.1287673846844192	55091
100	0.7921198804511015	0.8608473609022245	0.1287673846844192	55573
101	0.7953279069873499	0.8639396417710639	0.1287673846844192	57099
102	0.7984864269412488	0.8660393386573129	0.1287673846844192	57007
103	0.8015962043032666	0.8681066328138358	0.1287673846844192	58674
104	0.8046579912738951	0.8705491025765426	0.1287673846844192	59611
105	0.8076725284455943	0.8734257891859528	0.1287673846844192	65242
106	0.8106405449819277	0.8768011014743274	0.1287673846844192	58651
107	0.813562758793935	0.880086405435012	0.1287673846844192	57196
108	0.8164398767137817	0.8819369238696569	0.1287673846844192	57757
109	0.8192725946657295	0.8850852725664661	0.1287673846844192	59573
110	0.8220615978344683	0.8868586479898231	0.1287673846844192	55662
111	0.8248075608308499	0.8893729002567159	0.1287673846844192	62907
112	0.8275111478550652	0.8910801085860875	0.1287673846844192	54737
113	0.8301730128573018	0.8927609711079072	0.1287673846844192	55343
114	0.8327937996959237	0.894415894393279	0.1287673846844192	55872
115	0.8353741422932088	0.8960452787390617	0.1287673846844192	55767
116	0.837914664788684	0.8993718298194118	0.1287673846844192	55902
117	0.8404159816900932	0.9009247336802233	0.1287673846844192	56513
118	0.8428786980220362	0.9031264062651072	0.1287673846844192	57081
119	0.8453034094723134	0.9046213691313865	0.1287673846844192	58029
120	0.8476907025360123	0.9071647992878829	0.1287673846844192	57430
121	0.8500411546573701	0.9088839696714406	0.1287673846844192	57743
122	0.8523553343694477	0.910290081250585	0.1287673846844192	58334
123	0.8546338014316475	0.9116744935769648	0.1287673846844192	58291
124	0.8568771069651097	0.9130375415155919	0.1287673846844192	56733
125	0.8590857935860184	0.9149700405930232	0.1287673846844192	58355
126	0.8612603955368515	0.9165446694709302	0.1287673846844192	55902
127	0.8634014388156038	0.9180901385548018	0.1287673846844192	61473
128	0.8655094413030173	0.919354179626487	0.1287673846844192	54339
129	0.8675849128878473	0.9208476207445151	0.1287673846844192	54651
130	0.8696283555901954	0.9226065625057481	0.1287673846844192	54653
131	0.8716402636829392	0.9238009056769557	0.1287673846844192	54430
132	0.873621123811289	0.9249768176263854	0.1287673846844192	55309
133	0.8755714151104975	0.9266439994569102	0.1287673846844192	56830
134	0.8774916093217553	0.9277760365023283	0.1287673846844192	63995
135	0.8793821709062961	0.9293810134689433	0.1287673846844192	58858
136	0.8812435571577422	0.9304708126438053	0.1287673846844192	58040
137	0.8830762183127152	0.9317583901874384	0.1287673846844192	60144
138	0.8848805976597413	0.9328115014499779	0.1287673846844192	61348
139	0.8866571316464736	0.933848360995503	0.1287673846844192	58431
140	0.8884062499852626	0.935073391347438	0.1287673846844192	60305
141	0.890128375757095	0.9362757359521151	0.1287673846844192	59927
142	0.89182392551393	0.9376918307087347	0.1287673846844192	55664
143	0.8934933093794557	0.93884568569561	0.1287673846844192	60482
144	0.8951369311482913	0.9399781729975432	0.1287673846844192	54455
145	0.8967551883836572	0.9409044357599268	0.1287673846844192	54251
146	0.898348472513539	0.9419987980606689	0.1287673846844192	55294
147	0.8999171689253671	0.9432877136593207	0.1287673846844192	54504
148	0.9014616570592349	0.9441629032633435	0.1287673846844192	55171
149	0.9029823104996788	0.9451969235732816	0.1287673846844192	57927
150	0.9044794970660418	0.9466583389446607	0.1287673846844192	59723
151	0.9059535789014423	0.9474815127263789	0.1287673846844192	58093
152	0.9074049125603707	0.94845407730552	0.1287673846844192	58924
153	0.9088338490949329	0.9495995422542862	0.1287673846844192	57722
154	0.9102407341397643	0.9507195524264132	0.1287673846844192	59880
155	0.9116259079956321	0.9514800531605734	0.1287673846844192	58263
156	0.912989705711749	0.952228817772293	0.1287673846844192	67027
157	0.9143324571668145	0.9529660273745724	0.1287673846844192	60654
158	0.9156544871488081	0.9536918602854586	0.1287673846844192	55422
159	0.9169561154335487	0.9549267440111797	0.1287673846844192	57900
160	0.9182376568620433	0.9556223189492787	0.1287673846844192	54906
161	0.9194994214166414	0.9566084896392948	0.1287673846844192	54921
162	0.9207417142960143	0.9572781117127624	0.1287673846844192	55502
163	0.9219648359889769	0.9589186322229923	0.1287673846844192	54831
164	0.9231690823471718	0.9600141353637125	0.1287673846844192	55384
165	0.924354744656629	0.9610804250873468	0.1287673846844192	57369
166	0.9255221097082242	0.9619453045298503	0.1287673846844192	60636
167	0.9266714598670479	0.962790964429187	0.1287673846844192	59271
168	0.9278030731407045	0.9633651779410822	0.1287673846844192	58874
169	0.9289172232465579	0.9640436005718029	0.1287673846844192	57241
170	0.9300141796779382	0.9645984832790282	0.1287673846844192	60011
171	0.931094207769328	0.9651448029815123	0.1287673846844192	58549
172	0.9321575687605421	0.9657902695929658	0.1287673846844192	57865
173	0.9332045198599165	0.9667025290704867	0.1287673846844192	57839
174	0.9342353143065227	0.9675904616286071	0.1287673846844192	55235
175	0.9352502014314221	0.9680906088256964	0.1287673846844192	57330
176	0.9362494267179743	0.9685830377018431	0.1287673846844192	54346
177	0.9372332318612154	0.9694208233631273	0.1287673846844192	54663
178	0.9382018548263201	0.9702362680734439	0.1287673846844192	54635
179	0.9391555299061609	0.9706955849241623	0.1287673846844192	55469
180	0.9400944877779794	0.9711478135518758	0.1287673846844192	55429
181	0.9410189555591835	0.971593063342742	0.1287673846844192	58161
182	0.9419291568622825	0.9723505816536022	0.1287673846844192	57696
183	0.9428253118489757	0.9728626079192763	0.1287673846844192	59565
184	0.943707637283405	0.9733651522170674	0.1287673846844192	58703
185	0.944576346584587	0.9738583901389736	0.1287673846844192	58255
186	0.9454316498780347	0.9743424940252888	0.1287673846844192	60075
187	0.9462737540465835	0.9753277422547177	0.1287673846844192	60933
188	0.9471028627804325	0.9758760146490574	0.1287673846844192	58387
189	0.9479191766264136	0.9768023756865336	0.1287673846844192	58501
190	0.9487228930364998	0.9772319613219682	0.1287673846844192	57184
191	0.9495142064155662	0.9779605385596652	0.1287673846844192	56164
192	0.9502933081684124	0.9788068538789741	0.1287673846844192	54844
193	0.9510603867460603	0.9791993195478821	0.1287673846844192	55477
194	0.9518156276913372	0.9795845173340324	0.1287673846844192	54601
195	0.9525592136837548	0.9798995710788776	0.1287673846844192	55065
196	0.9532913245836969	0.9804355825167742	0.1287673846844192	55001
197	0.9540121374759238	0.9808703473497348	0.1287673846844192	58183
198	0.9547218267124065	0.981165558038782	0.1287673846844192	59904
199	0.9554205639544989	0.9816678098244145	0.1287673846844192	57079
200	0.9561085182144604	0.982007294827666	0.1287673846844192	57950
201	0.956785855896336	0.9824871002989283	0.1287673846844192	57124
202	0.9574527408362073	0.9829541109576235	0.1287673846844192	59275
203	0.9581093343418214	0.9832697755695194	0.1287673846844192	58563
204	0.9587557952316081	0.9835795945404543	0.1287673846844192	60428
205	0.9593922798730957	0.9839444924395553	0.1287673846844192	55062
206	0.9600189422207331	0.9842418166536376	0.1287673846844192	56645
207	0.9606359338531292	0.9844849984954025	0.1287673846844192	53910
208	0.9612434040097166	0.9847244275309672	0.1287673846844192	54517
209	0.9618414996268506	0.985007308502616	0.1287673846844192	54637
210	0.9624303653733498	0.9852386771985633	0.1287673846844192	54217
211	0.9630101436854894	0.9855120350282195	0.1287673846844192	55239
212	0.9635809748014541	0.9859756499073165	0.1287673846844192	56668
213	0.9641429967952588	0.9861920750630677	0.1287673846844192	57657
214	0.9646963456101468	0.9864477773767146	0.1287673846844192	56804
215	0.9652411550914717	0.9866987444623311	0.1287673846844192	58342
216	0.9657775570190724	0.9869943279187238	0.1287673846844192	57948
217	0.9663056811391485	0.9872351736980066	0.1287673846844192	67833
218	0.9668256551956431	0.9875188365047176	0.1287673846844192	59365
219	0.9673376049611424	0.9879182337365666	0.1287673846844192	59740
220	0.9678416542672976	0.9881419701488524	0.1287673846844192	61327
221	0.9683379250347776	0.9883249644366787	0.1287673846844192	54801
222	0.9688265373027594	0.9885844096714191	0.1287673846844192	57018
223	0.9693076092579637	0.9887958094923188	0.1287673846844192	54603
224	0.969781257263242	0.9890447915036006	0.1287673846844192	54094
225	0.9702475958857228	0.9893369303968379	0.1287673846844192	54594
226	0.9707067379245234	0.989678148624139	0.1287673846844192	55679
227	0.9711587944380339	0.9898374364540135	0.1287673846844192	55260
228	0.9716038747707803	0.989994266138365	0.1287673846844192	58379
229	0.9720420865798731	0.9901486756115384	0.1287673846844192	58675
230	0.9724735358610479	0.9903007022224715	0.1287673846844192	60140
231	0.9728983269743033	0.9904803188479813	0.1287673846844192	58502
232	0.9733165626691443	0.9906918673180262	0.1287673846844192	58073
233	0.9737283441094353	0.9908987147109589	0.1287673846844192	57628
234	0.9741337708978699	0.991141415652	0.1287673846844192	58639
235	0.9745329411000633	0.9913054635102962	0.1287673846844192	58449
236	0.9749259512682722	0.9914986754322896	0.1287673846844192	61402
237	0.9753128964647495	0.9916298687126556	0.1287673846844192	55526
238	0.975693870284738	0.9918158716301522	0.1287673846844192	56004
239	0.9760689648791093	0.9919674295629272	0.1287673846844192	54425
240	0.9764382709766539	0.9921161808673173	0.1287673846844192	55325
241	0.9768018779060266	0.9922378447428217	0.1287673846844192	55394
242	0.9771598736173533	0.9924103370818701	0.1287673846844192	54626
243	0.9775123447035053	0.9925508863951688	0.1287673846844192	55642
244	0.9778593764210438	0.9926658418520334	0.1287673846844192	55582
245	0.9782010527108426	0.9928614194026458	0.1287673846844192	58275
246	0.9785374562183913	0.9929936153396338	0.1287673846844192	67418
247	0.9788686683137865	0.9931233632037146	0.1287673846844192	59006
248	0.9791947691114132	0.9932507083295717	0.1287673846844192	58559
249	0.9795158374893235	0.9933548640652266	0.1287673846844192	63191
250	0.9798319511083153	0.993502533752666	0.1287673846844192	72300
251	0.9801431864307178	0.9936228572016906	0.1287673846844192	58869
252	0.9804496187388858	0.9937212698991954	0.1287673846844192	59164
253	0.9807513221534092	0.9938887027018836	0.1287673846844192	58761
254	0.9810483696510418	0.9940842642154233	0.1287673846844192	57920
255	0.9813408330823529	0.9941938148781007	0.1287673846844192	58575
256	0.9816287831891067	0.9943228412141428	0.1287673846844192	57829
257	0.9819122896213736	0.994449000298273	0.1287673846844192	58160
258	0.9821914209543771	0.9945517965890457	0.1287673846844192	59784
259	0.9824662447050811	0.9946728677759558	0.1287673846844192	59411
260	0.9827368273485213	0.9947550766065737	0.1287673846844192	59140
261	0.9830032343338836	0.9948716304597609	0.1287673846844192	59696
262	0.983265530100336	0.9949507719650115	0.1287673846844192	59722
263	0.9835237780926148	0.9950629770324556	0.1287673846844192	59676
264	0.9837780407763708	0.9951391656584979	0.1287673846844192	63978
265	0.9840283796532786	0.9952471841994202	0.1287673846844192	299093
266	0.9842748552759132	0.9953205301222686	0.1287673846844192	109643
267	0.984517527262396	0.9954071869718563	0.1287673846844192	82939
268	0.9847564543108158	0.9954922390649701	0.1287673846844192	81749
269	0.9849916942134267	0.9955618032769304	0.1287673846844192	82512
270	0.9852233038706268	0.9956439921051354	0.1287673846844192	82535
271	0.9854513393047221	0.9957407922805769	0.1287673846844192	82422
272	0.9856758556734764	0.9958354413410085	0.1287673846844192	82571
273	0.9858969072834536	0.9958997092215486	0.1287673846844192	81019
274	0.9861145476031534	0.9959756405322606	0.1287673846844192	86637
275	0.9863288292759442	0.9960501657075891	0.1287673846844192	176323
276	0.986539804132797	0.9961233107870782	0.1287673846844192	561074
277	0.9867475232048217	0.9961831362378949	0.1287673846844192	364204
278	0.9869520367356115	0.9962679554326084	0.1287673846844192	87083
279	0.9871533941933953	0.9963255487129694	0.1287673846844192	84898
280	0.9873516442830034	0.9964235340806236	0.1287673846844192	824153
281	0.9875468349576484	0.9964787264559226	0.1287673846844192	142026
282	0.9877390134305242	0.9965439352252574	0.1287673846844192	124255
283	0.987928226186226	0.9965972695582009	0.1287673846844192	129820
284	0.9881145189919941	0.996660283084901	0.1287673846844192	116666
285	0.9882979369087843	0.9967493422026369	0.1287673846844192	104347
286	0.9884785243021673	0.9968533632521525	0.1287673846844192	112213
287	0.9886563248530598	0.9969116343030385	0.1287673846844192	87698
288	0.9888313815682903	0.9969592942674979	0.1287673846844192	89381
289	0.9890037367910018	0.9970156036329145	0.1287673846844192	90280
290	0.9891734322108938	0.997070870232305	0.1287673846844192	88718
291	0.9893405088743059	0.9971359620049205	0.1287673846844192	87625
292	0.9895050071941469	0.9971996072937	0.1287673846844192	86536
293	0.9896669669596694	0.9972428232305257	0.1287673846844192	88882
294	0.9898264273460943	0.997285372254746	0.1287673846844192	92096
295	0.9899834269240867	0.9973272646582222	0.1287673846844192	2024517
296	0.9901380036690853	0.9973685105739903	0.1287673846844192	479038
297	0.9902901949704883	0.9974172418596572	0.1287673846844192	103264
298	0.9904400376406969	0.9974861154100664	0.1287673846844192	97884
299	0.9905875679240195	0.9975419795120649	0.1287673846844192	103513
300	0.990732821505439	0.9975966021895746	0.1287673846844192	94131
301	0.9908758335192439	0.9976411095564343	0.1287673846844192	96658
302	0.9910166385575272	0.9976847927127965	0.1287673846844192	94012
303	0.991155270678553	0.9977588793459871	0.1287673846844192	98800
304	0.9912917634149951	0.9978003815803206	0.1287673846844192	99759
305	0.9914261497820477	0.9978492619896467	0.1287673846844192	93223
306	0.9915584622854111	0.9978890904713199	0.1287673846844192	94519
307	0.9916887329291547	0.9979453813920847	0.1287673846844192	94406
308	0.9918169932234578	0.9980001712216291	0.1287673846844192	95572
309	0.9919432741922316	0.9980446118611485	0.1287673846844192	95430
310	0.9920676063806231	0.998074787604032	0.1287673846844192	1853596
311	0.9921900198624036	0.9981175701017202	0.1287673846844192	1209335
312	0.9923105442472431	0.9981466199458294	0.1287673846844192	101190
313	0.992429208687872	0.9981809417986844	0.1287673846844192	99182
314	0.9925460418871332	0.9982146280616717	0.1287673846844192	98009
315	0.9926610721049244	0.9982622379800271	0.1287673846844192	103508
316	0.9927743271650336	0.9982890552951501	0.1287673846844192	110987
317	0.9928858344618695	0.9983438055257053	0.1287673846844192	115519
318	0.9929956209670876	0.9983693640824074	0.1287673846844192	106570
319	0.993103713236114	0.9984128477068765	0.1287673846844192	110016
320	0.9932101374145691	0.9984551717680266	0.1287673846844192	101160
321	0.9933149192445911	0.9985046062714497	0.1287673846844192	96347
322	0.9934180840710635	0.9985378372431952	0.1287673846844192	101251
323	0.9935196568477446	0.998570329748902	0.1287673846844192	95191
324	0.9936196621433041	0.9985968051239223	0.1287673846844192	98582
325	0.9937181241472655	0.9986184593658372	0.1287673846844192	2385663
326	0.9938150666758571	0.9986491602688186	0.1287673846844192	435861
327	0.9939105131777728	0.9986700065609664	0.1287673846844192	94858
328	0.9940044867398442	0.9986995619707227	0.1287673846844192	95800
329	0.9940970100926244	0.9987411759876597	0.1287673846844192	94088
330	0.9941881056158863	0.9987606022841464	0.1287673846844192	95478
331	0.9942777953440363	0.9987835540936992	0.1287673846844192	95320
332	0.9943661009714431	0.9988105862249503	0.1287673846844192	97004
333	0.9944530438576862	0.9988326124059698	0.1287673846844192	100449
334	0.9945386450327219	0.9988542306947481	0.1287673846844192	102977
335	0.99462292520197	0.9988719123198292	0.1287673846844192	684724
336	0.9947059047513224	0.9988969809349441	0.1287673846844192	2097511
337	0.9947876037520735	0.9989174072139265	0.1287673846844192	1396280
338	0.994868041965776	0.9989341138927239	0.1287673846844192	482320
339	0.9949472388490203	0.9989505627524041	0.1287673846844192	98865
340	0.9950252135581403	0.9989667577716571	0.1287673846844192	1522039
341	0.995101984953848	0.9989827028677735	0.1287673846844192	85171
342	0.9951775716057948	0.9989984018975918	0.1287673846844192	84742
343	0.9952519917970634	0.9990169500105994	0.1287673846844192	83818
344	0.9953252635285902	0.9990351546400328	0.1287673846844192	84783
345	0.9953974045235193	0.9990565956480321	0.1287673846844192	83593
346	0.9954684322314897	0.9990775601891869	0.1287673846844192	83784
347	0.9955383638328557	0.9990946424079057	0.1287673846844192	83926
348	0.9956072162428424	0.9991114082892407	0.1287673846844192	83496
349	0.9956750061156381	0.999131154771702	0.1287673846844192	83225
350	0.9957417498484215	0.999144562877077	0.1287673846844192	83855
351	0.9958074635853286	0.9991577640672455	0.1287673846844192	83883
352	0.9958721632213574	0.9991901059270634	0.1287673846844192	83236
353	0.995935864406213	0.999205103965451	0.1287673846844192	83277
354	0.9959985825480924	0.9992173708795644	0.1287673846844192	87527
355	0.9960603328174119	0.9992347626377963	0.1287673846844192	83858
356	0.9961211301504765	0.9992489337000593	0.1287673846844192	85069
357	0.9961809892530926	0.9992605242293794	0.1287673846844192	82621
358	0.9962399246041251	0.9992742182251316	0.1287673846844192	82969
359	0.9962979504589997	0.9992876586283699	0.1287673846844192	83020
360	0.9963550808531509	0.9993008501352519	0.1287673846844192	82789
361	0.9964113296054171	0.999316386798913	0.1287673846844192	82815
362	0.9964667103213829	0.9993315782033816	0.1287673846844192	82853
363	0.9965212363966702	0.9993464320210842	0.1287673846844192	83300
364	0.9965749210201784	0.9993565179466848	0.1287673846844192	83308
365	0.9966277771772745	0.9993684342810054	0.1287673846844192	82323
366	0.9966798176529338	0.9993781806655578	0.1287673846844192	83535
367	0.996731055034833	0.9993919988729899	0.1287673846844192	83214
368	0.9967815017163941	0.9994055100091457	0.1287673846844192	83538
369	0.9968311698997832	0.9994165190830504	0.1287673846844192	83339
370	0.9968800715988606	0.9994255234181885	0.1287673846844192	82852
371	0.996928218642088	0.9994408427937035	0.1287673846844192	83612
372	0.9969756226753891	0.999455753652538	0.1287673846844192	84373
373	0.9970222951649664	0.9994658322886021	0.1287673846844192	82027
374	0.9970682474000749	0.9994757242832576	0.1287673846844192	83170
375	0.9971134904957528	0.9994873748547407	0.1287673846844192	82205
376	0.9971580353955097	0.9994987665246353	0.1287673846844192	82477
377	0.9972018928739741	0.9995065016091317	0.1287673846844192	82311
378	0.9972450735394992	0.9995141173250401	0.1287673846844192	82712
379	0.9972875878367291	0.9995216155144685	0.1287673846844192	83460
380	0.9973294460491252	0.9995289979910971	0.1287673846844192	82405
381	0.9973706583014535	0.9995377202505212	0.1287673846844192	82258
382	0.9974112345622336	0.9995500477105074	0.1287673846844192	83002
383	0.9974511846461497	0.9995569914186786	0.1287673846844192	82667
384	0.9974905182164251	0.9995638279708595	0.1287673846844192	82757
385	0.9975292447871593	0.9995719052306584	0.1287673846844192	82316
386	0.9975673737256291	0.9995814184477549	0.1287673846844192	82510
387	0.9976049142545546	0.9995878780396106	0.1287673846844192	82488
388	0.9976418754543299	0.9995955099277659	0.1287673846844192	84759
389	0.9976782662652199	0.9996017520585103	0.1287673846844192	82689
390	0.9977140954895221	0.9996106020127656	0.1287673846844192	83404
391	0.997749371793696	0.9996166112409637	0.1287673846844192	82247
392	0.99778410371046	0.9996237110327977	0.1287673846844192	82579
393	0.9978182996408541	0.9996295179613038	0.1287673846844192	82247
394	0.9978519678562731	0.9996363787397982	0.1287673846844192	82427
395	0.9978851165004664	0.9996419901789988	0.1287673846844192	83510
396	0.9979177535915086	0.9996486199904988	0.1287673846844192	83121
397	0.9979498870237384	0.9996551270277118	0.1287673846844192	82560
398	0.9979815245696684	0.9996615135642356	0.1287673846844192	83197
399	0.9980126738818649	0.9996677818315646	0.1287673846844192	82782
400	0.9980433424947991	0.9996729086551516	0.1287673846844192	82587
401	0.9980735378266695	0.9996789659022784	0.1287673846844192	82217
402	0.9981032671811962	0.9996839201321815	0.1287673846844192	82616
403	0.9981325377493877	0.9996940346879517	0.1287673846844192	82798
404	0.9981613566112799	0.9996997007122489	0.1287673846844192	84448
405	0.998189730737649	0.9997063740297545	0.1287673846844192	82413
406	0.9982176669916977	0.9997128990513156	0.1287673846844192	82635
407	0.9982451721307147	0.9997182157355504	0.1287673846844192	82752
408	0.9982722528077099	0.9997257299826025	0.1287673846844192	82666
409	0.9982989155730231	0.9997308090569987	0.1287673846844192	82134
410	0.9983251668759086	0.9997357940744617	0.1287673846844192	83028
411	0.9983510130660952	0.9997406867767864	0.1287673846844192	83243
412	0.9983764603953221	0.9997464492928578	0.1287673846844192	83002
413	0.9984015150188511	0.9997511446763234	0.1287673846844192	82517
414	0.9984261829969553	0.9997549850362567	0.1287673846844192	82602
415	0.998450470296385	0.9997604298132288	0.1287673846844192	82769
416	0.9984743827918111	0.9997641268840123	0.1287673846844192	82586
417	0.9984979262672461	0.999769368508812	0.1287673846844192	82239
418	0.998521106417443	0.9997736394623525	0.1287673846844192	82718
419	0.9985439288492726	0.9997796757433565	0.1287673846844192	83750
420	0.9985663990830801	0.9997830758090455	0.1287673846844192	84130
421	0.9985885225540202	0.9997864234045849	0.1287673846844192	81949
422	0.9986103046133717	0.9997903785267223	0.1287673846844192	83671
423	0.9986317505298321	0.999795036781684	0.1287673846844192	82447
424	0.9986528654907915	0.9997981997943124	0.1287673846844192	82435
425	0.9986736546035879	0.9998019368351585	0.1287673846844192	82947
426	0.9986941228967424	0.9998056046715444	0.1287673846844192	81835
427	0.9987142753211754	0.9998086045994528	0.1287673846844192	82225
428	0.9987341167514042	0.999812857830576	0.1287673846844192	83064
429	0.9987536519867221	0.9998170165454522	0.1287673846844192	83817
430	0.998772885752359	0.9998204051279438	0.1287673846844192	83390
431	0.998791822700625	0.9998237309589078	0.1287673846844192	82042
432	0.9988104674120352	0.9998276480487098	0.1287673846844192	83243
433	0.9988288243964173	0.9998314780920718	0.1287673846844192	82158
434	0.9988468980940034	0.9998345988681446	0.1287673846844192	82420
435	0.9988646928765034	0.9998376618520679	0.1287673846844192	82805
436	0.9988822130481623	0.9998406681140667	0.1287673846844192	84624
437	0.9988994628468018	0.999844208822643	0.1287673846844192	81788
438	0.9989164464448449	0.9998476708488065	0.1287673846844192	83458
439	0.9989331679503257	0.9998504917590139	0.1287673846844192	81716
440	0.9989496314078824	0.9998532604301432	0.1287673846844192	83553
441	0.998965840799736	0.999855977829585	0.1287673846844192	82899
442	0.9989818000466537	0.999858644906815	0.1287673846844192	83522
443	0.9989975130088967	0.9998612625937258	0.1287673846844192	83227
444	0.9990129834871545	0.9998643456471985	0.1287673846844192	82948
445	0.9990282152234639	0.999866857764843	0.1287673846844192	83057
446	0.9990432119021141	0.9998693233617904	0.1287673846844192	82369
447	0.9990579771505382	0.9998722272870839	0.1287673846844192	83353
448	0.9990725145401904	0.9998745934484342	0.1287673846844192	82379
449	0.9990868275874097	0.9998779376231426	0.1287673846844192	82873
450	0.9991009197542707	0.9998801980375288	0.1287673846844192	84254
451	0.9991147944494209	0.999883392756528	0.1287673846844192	82217
452	0.9991284550289051	0.9998859840286052	0.1287673846844192	83538
453	0.9991419047969776	0.999889024454509	0.1287673846844192	82786
454	0.9991551470069008	0.9998907370400876	0.1287673846844192	82524
455	0.9991681848617325	0.9998931651058635	0.1287673846844192	83066
456	0.9991810215151009	0.9998948137925013	0.1287673846844192	83202
457	0.9991936600719666	0.9998981797511413	0.1287673846844192	83487
458	0.9992061035893746	0.9998997510512779	0.1287673846844192	82133
459	0.9992183550771928	0.9999024243565772	0.1287673846844192	82517
460	0.9992304174988411	0.9999042313129368	0.1287673846844192	82839
461	0.9992422937720071	0.9999063595059827	0.1287673846844192	82128
462	0.9992539867693527	0.9999078045753348	0.1287673846844192	82938
463	0.9992654993192084	0.9999098533625496	0.1287673846844192	83183
464	0.9992768342062577	0.9999122572728816	0.1287673846844192	82567
465	0.9992879941722105	0.9999138821381985	0.1287673846844192	83119
466	0.9992989819164665	0.9999161786145132	0.1287673846844192	82257
467	0.999309800096768	0.9999177308623926	0.1287673846844192	82861
468	0.9993204513298425	0.9999190004478494	0.1287673846844192	85268
469	0.9993309381920362	0.9999202504409381	0.1287673846844192	82117
470	0.9993412632199369	0.99992148114401	0.1287673846844192	82817
471	0.9993514289109873	0.9999226928547507	0.1287673846844192	82429
472	0.9993614377240894	0.9999241244685516	0.1287673846844192	82325
473	0.9993712920801991	0.9999252953872468	0.1287673846844192	83066
474	0.9993809943629122	0.9999272875102536	0.1287673846844192	81664
475	0.9993905469190401	0.999928903343359	0.1287673846844192	82496
476	0.9993999520591783	0.9999304832690622	0.1287673846844192	83168
477	0.999409212058265	0.9999317706159314	0.1287673846844192	81800
478	0.9994183291561314	0.9999330341230438	0.1287673846844192	83217
479	0.9994273055580429	0.9999340675470709	0.1287673846844192	82510
480	0.9994361434352337	0.9999355327126915	0.1287673846844192	82715
481	0.9994448449254307	0.9999367265513454	0.1287673846844192	82327
482	0.9994534121333716	0.9999377029934542	0.1287673846844192	82360
483	0.9994618471313134	0.9999388566417236	0.1287673846844192	83018
484	0.9994701519595338	0.9999402153830186	0.1287673846844192	84890
485	0.999478328626825	0.9999413225055552	0.1287673846844192	82419
486	0.9994863791109789	0.9999422280224448	0.1287673846844192	82187
487	0.9994943053592663	0.999943297873881	0.1287673846844192	82781
488	0.9995021092889073	0.9999443479132536	0.1287673846844192	82001
489	0.9995097927875353	0.9999453785074526	0.1287673846844192	83728
490	0.9995173577136536	0.9999463900165738	0.1287673846844192	82151
491	0.9995248058970848	0.9999475813495389	0.1287673846844192	82959
492	0.9995321391394137	0.9999485520652881	0.1287673846844192	84378
493	0.9995393592144228	0.9999496953527262	0.1287673846844192	84227
494	0.9995464678685212	0.9999506269202683	0.1287673846844192	85317
495	0.9995534668211675	0.9999519435357278	0.1287673846844192	84386
496	0.9995603577652853	0.9999528334702513	0.1287673846844192	84454
497	0.9995671423676729	0.9999535613487969	0.1287673846844192	84585
498	0.9995738222694063	0.999954799712829	0.1287673846844192	84747
499	0.9995803990862364	0.999955804163655	0.1287673846844192	83768
