0	0.015432098765432056	0.015432098765432056	0.4695291494440582	68946
1	0.030626047858558048	0.030626047858558048	0.4695291494440582	60238
2	0.045585522428642	0.05647601991566309	0.4695291494440582	58762
3	0.06031414090968146	0.07744321947309285	0.4610851384450013	58481
4	0.07481546589564314	0.09168020682690314	0.43225651716107677	58849
5	0.08909300500219186	0.10569748758574715	0.2381411587970519	156461
6	0.10315021171512095	0.12557087675050838	0.2381411587970519	69541
7	0.11699048622569008	0.1390651533438647	0.2161373864102161	68413
8	0.13061717625307134	0.1620234159213616	0.2161373864102161	67109
9	0.1440335778541042	0.18436945816345862	0.2161373864102161	68175
10	0.1572429362205532	0.19947372745672787	0.2161373864102161	68098
11	0.17024844646406312	0.21726320017991174	0.2161373864102161	68216
12	0.18305325438900033	0.2317583261025059	0.2161373864102161	67401
13	0.19566045725336756	0.24598502376727427	0.2161373864102161	68015
14	0.208073104517976	0.2599482640678803	0.17740604517959738	77171
15	0.22029419858405663	0.27136881554831416	0.1287673846844192	62322
16	0.2323266955194878	0.28756061964724056	0.1287673846844192	55919
17	0.2441735057738167	0.2985550545292276	0.1287673846844192	55734
18	0.2558374948822454	0.3093798222062456	0.1287673846844192	55691
19	0.2673214841587539	0.324726937268329	0.1287673846844192	56127
20	0.2786282513785262	0.3372319939855821	0.1287673846844192	55896
21	0.28976053144984526	0.3549058074792999	0.1287673846844192	63976
22	0.30072101707561927	0.36486096477128593	0.1287673846844192	69641
23	0.31151235940469924	0.37897516555414623	0.1287673846844192	69168
24	0.32213716867314524	0.39047562545129166	0.1287673846844192	73882
25	0.3325980148355967	0.4017631138688603	0.1287673846844192	68323
26	0.34289742818689917	0.4150572668939968	0.1287673846844192	73452
27	0.35303789997413837	0.4258895397292931	0.1287673846844192	74309
28	0.3630218829992288	0.4442610744579557	0.1287673846844192	69005
29	0.37285179221220366	0.45661082835889	0.1287673846844192	60931
30	0.38253000529534864	0.46868614328424807	0.1287673846844192	58193
31	0.3920588632383216	0.47688543119652815	0.1287673846844192	79078
32	0.40144067090439683	0.4849581868879397	0.1287673846844192	59460
33	0.4106776975879709	0.49290636301621216	0.1287673846844192	65739
34	0.4197721775634652	0.500731882105468	0.1287673846844192	74679
35	0.4287263106257574	0.5099775879924038	0.1287673846844192	71772
36	0.43754226262227347	0.520866974925906	0.1287673846844192	70903
37	0.44622216597686803	0.5282610030906296	0.1287673846844192	69338
38	0.4547681202056201	0.5369969104408031	0.1287673846844192	66093
39	0.46318219242466907	0.5472858679865631	0.1287673846844192	73976
40	0.47146641785021426	0.5542721971843013	0.1287673846844192	83729
41	0.4796228002907974	0.5625264157549623	0.1287673846844192	70135
42	0.48765331263198874	0.5692775513142994	0.1287673846844192	56968
43	0.49555989731359384	0.5759245026829058	0.1287673846844192	58250
44	0.5033444667994951	0.582468877641503	0.1287673846844192	57126
45	0.5110089040402436	0.5936030409043962	0.1287673846844192	76144
46	0.5185550629285114	0.6026340844398541	0.1287673846844192	70280
47	0.5259847687475159	0.6132305088547914	0.1287673846844192	68140
48	0.5332998186125233	0.6191991738416001	0.1287673846844192	72211
49	0.5405019819055399	0.6262510409926816	0.1287673846844192	80801
50	0.5475930007032939	0.6345565734150664	0.1287673846844192	68023
51	0.5545745901986134	0.6401961324673031	0.1287673846844192	82480
52	0.5614484391153014	0.6468591670512419	0.1287673846844192	69764
53	0.5682162101166084	0.6523088712634141	0.1287673846844192	70162
54	0.5748795402074014	0.6615806346963897	0.1287673846844192	68147
55	0.5814400411301266	0.6678476599797899	0.1287673846844192	64707
56	0.5878992997546617	0.6729734676961512	0.1287673846844192	58495
57	0.5942588784621514	0.6790295145906668	0.1287673846844192	56821
58	0.6005203155229206	0.6849734124686175	0.1287673846844192	68214
59	0.6066851254685546	0.6898349338811389	0.1287673846844192	66416
60	0.6127547994582374	0.6967274909060025	0.1287673846844192	67360
61	0.6187308056394374	0.7014076222191814	0.1287673846844192	67533
62	0.6246145895030263	0.7060155292837003	0.1287673846844192	64000
63	0.6304075742329178	0.7173045329592062	0.1287673846844192	69763
64	0.6361111610503111	0.7235866544490015	0.1287673846844192	65120
65	0.641726729552621	0.7278522924976281	0.1287673846844192	73296
66	0.6472556380471792	0.7339000193310141	0.1287673846844192	74229
67	0.6526992238797844	0.7409960188155205	0.1287673846844192	70471
68	0.6580588037581827	0.7457923888374552	0.1287673846844192	67038
69	0.6633356740705565	0.7497153457998402	0.1287673846844192	57793
70	0.6685311111990972	0.7543502468035469	0.1287673846844192	70193
71	0.6736463718287409	0.7588993163071849	0.1287673846844192	58839
72	0.6786826932511368	0.7626200058703456	0.1287673846844192	55406
73	0.6836412936639279	0.7678951168510046	0.1287673846844192	61347
74	0.6885233724654105	0.7721933554278378	0.1287673846844192	66893
75	0.693330110544648	0.7757088900662972	0.1287673846844192	78834
76	0.6980626705671071	0.7806931369537128	0.1287673846844192	71587
77	0.7027221972558864	0.7865413199682805	0.1287673846844192	69517
78	0.7073098176686041	0.7898354354008688	0.1287673846844192	70596
79	0.7118266414700145	0.7945057590586273	0.1287673846844192	68063
80	0.7162737612004155	0.7976769664805621	0.1287673846844192	73796
81	0.7206522525399153	0.8030722473744137	0.1287673846844192	70503
82	0.7249631745686202	0.8061112559025864	0.1287673846844192	72495
83	0.7292075700228082	0.8097017882006866	0.1287673846844192	66096
84	0.7333864655471476	0.8126384890000588	0.1287673846844192	67313
85	0.7375008719430249	0.8161081466111688	0.1287673846844192	57423
86	0.7415517844130399	0.8195135513035545	0.1287673846844192	70418
87	0.7455401828017276	0.8228558929460813	0.1287673846844192	59432
88	0.7494670318325651	0.8275797358008524	0.1287673846844192	56523
89	0.7533332813413218	0.8321776095128297	0.1287673846844192	65250
90	0.7571398665058076	0.8375479260084191	0.1287673846844192	71192
91	0.760887708072076	0.840556297749004	0.1287673846844192	67923
92	0.7645777125771365	0.8440994911323594	0.1287673846844192	70932
93	0.76821077256823	0.8475639468849736	0.1287673846844192	76429
94	0.7717877668187203	0.8499163551120573	0.1287673846844192	71160
95	0.7753095605406536	0.852232460743044	0.1287673846844192	71201
96	0.7787770055940386	0.855516183837643	0.1287673846844192	72436
97	0.7821909406928961	0.8581918100628718	0.1287673846844192	80916
98	0.7855521916081292	0.8603802080557288	0.1287673846844192	65164
99	0.788861571367263	0.8629657597584005	0.1287673846844192	61301
100	0.7921198804511015	0.8650804856880548	0.1287673846844192	67759
101	0.7953279069873499	0.8693979101460371	0.1287673846844192	57019
102	0.7984864269412488	0.8723001788094584	0.1287673846844192	71233
103	0.8015962043032666	0.874664990312987	0.1287673846844192	58257
104	0.8046579912738951	0.8765991725612433	0.1287673846844192	56413
105	0.8076725284455943	0.8785035063180142	0.1287673846844192	61051
106	0.8106405449819277	0.8812034283998361	0.1287673846844192	73284
107	0.813562758793935	0.8830367088257646	0.1287673846844192	73837
108	0.8164398767137817	0.8856358930740809	0.1287673846844192	76546
109	0.8192725946657295	0.8877537469060424	0.1287673846844192	71937
110	0.8220615978344683	0.8898323812225971	0.1287673846844192	72589
111	0.8248075608308499	0.8918725223110675	0.1287673846844192	67471
112	0.8275111478550652	0.8935411562260202	0.1287673846844192	70364
113	0.8301730128573018	0.8955126162959086	0.1287673846844192	70093
114	0.8327937996959237	0.8971250759209718	0.1287673846844192	73070
115	0.8353741422932088	0.8994111853449502	0.1287673846844192	72111
116	0.837914664788684	0.9012739411718956	0.1287673846844192	70395
117	0.8404159816900932	0.9034678535902979	0.1287673846844192	57286
118	0.8428786980220362	0.9052554859312183	0.1287673846844192	63026
119	0.8453034094723134	0.9070100139695291	0.1287673846844192	58831
120	0.8476907025360123	0.9087320507478711	0.1287673846844192	56874
121	0.8500411546573701	0.9104221979562439	0.1287673846844192	62836
122	0.8523553343694477	0.9120810461422394	0.1287673846844192	71871
123	0.8546338014316475	0.9134378201215259	0.1287673846844192	69971
124	0.8568771069651097	0.9153614241188253	0.1287673846844192	73535
125	0.8590857935860184	0.9169288051536618	0.1287673846844192	72662
126	0.8612603955368515	0.9187748317058027	0.1287673846844192	72910
127	0.8634014388156038	0.920940836193648	0.1287673846844192	68840
128	0.8655094413030173	0.9224048947826545	0.1287673846844192	78671
129	0.8675849128878473	0.9238418411755683	0.1287673846844192	86448
130	0.8696283555901954	0.9250171214043404	0.1287673846844192	71288
131	0.8716402636829392	0.926174264592545	0.1287673846844192	70975
132	0.873621123811289	0.9273135506327835	0.1287673846844192	73772
133	0.8755714151104975	0.928435255098327	0.1287673846844192	56511
134	0.8774916093217553	0.9303436482957049	0.1287673846844192	67317
135	0.8793821709062961	0.931891567222467	0.1287673846844192	58985
136	0.8812435571577422	0.9331528344961251	0.1287673846844192	56390
137	0.8830762183127152	0.934390744968419	0.1287673846844192	67692
138	0.8848805976597413	0.9356057311727075	0.1287673846844192	82013
139	0.8866571316464736	0.9370367149244251	0.1287673846844192	69135
140	0.8884062499852626	0.9387157358597737	0.1287673846844192	69752
141	0.890128375757095	0.9403499829035131	0.1287673846844192	67238
142	0.89182392551393	0.9412705078587058	0.1287673846844192	72555
143	0.8934933093794557	0.9423580910465076	0.1287673846844192	89504
144	0.8951369311482913	0.9434255338049056	0.1287673846844192	69639
145	0.8967551883836572	0.9446827441647966	0.1287673846844192	70056
146	0.898348472513539	0.9457071377913744	0.1287673846844192	77553
147	0.8999171689253671	0.9467125611656082	0.1287673846844192	74832
148	0.9014616570592349	0.9478967264730391	0.1287673846844192	70389
149	0.9029823104996788	0.9490545769958605	0.1287673846844192	56633
150	0.9044794970660418	0.9498407717953071	0.1287673846844192	71507
151	0.9059535789014423	0.950955421310967	0.1287673846844192	55067
152	0.9074049125603707	0.952524847829016	0.1287673846844192	55123
153	0.9088338490949329	0.9537908518869089	0.1287673846844192	61232
154	0.9102407341397643	0.9545039560244566	0.1287673846844192	71623
155	0.9116259079956321	0.9555149792239132	0.1287673846844192	69151
156	0.912989705711749	0.9567012464446087	0.1287673846844192	90392
157	0.9143324571668145	0.9573694370858956	0.1287673846844192	74809
158	0.9156544871488081	0.9583167829284313	0.1287673846844192	71692
159	0.9169561154335487	0.9589600424511406	0.1287673846844192	73242
160	0.9182376568620433	0.9598720415077819	0.1287673846844192	68949
161	0.9194994214166414	0.9609421204009078	0.1287673846844192	73333
162	0.9207417142960143	0.9615448654564493	0.1287673846844192	74463
163	0.9219648359889769	0.9621383088907633	0.1287673846844192	90487
164	0.9231690823471718	0.9628394513187122	0.1287673846844192	69596
165	0.924354744656629	0.9636652412894074	0.1287673846844192	56818
166	0.9255221097082242	0.9644726803718651	0.1287673846844192	76106
167	0.9266714598670479	0.9656095545999653	0.1287673846844192	57998
168	0.9278030731407045	0.9661402713499658	0.1287673846844192	55998
169	0.9289172232465579	0.9666627980266639	0.1287673846844192	60450
170	0.9300141796779382	0.9675517900792862	0.1287673846844192	71548
171	0.931094207769328	0.9680525340595441	0.1287673846844192	68640
172	0.9321575687605421	0.9689044664846229	0.1287673846844192	75176
173	0.9332045198599165	0.969384335828996	0.1287673846844192	65571
174	0.9342353143065227	0.970064683921685	0.1287673846844192	74461
175	0.9352502014314221	0.9705266486759799	0.1287673846844192	71725
176	0.9362494267179743	0.9709814843445604	0.1287673846844192	70709
177	0.9372332318612154	0.9714293009441815	0.1287673846844192	73520
178	0.9382018548263201	0.972064205367644	0.1287673846844192	72180
179	0.9391555299061609	0.9726850008039186	0.1287673846844192	75853
180	0.9400944877779794	0.9731908341223646	0.1287673846844192	71248
181	0.9410189555591835	0.9736045558180071	0.1287673846844192	56734
182	0.9419291568622825	0.974011892919581	0.1287673846844192	76428
183	0.9428253118489757	0.974589406410257	0.1287673846844192	59399
184	0.943707637283405	0.9749815452002222	0.1287673846844192	56564
185	0.944576346584587	0.9755375108624394	0.1287673846844192	60754
186	0.9454316498780347	0.9759150184108586	0.1287673846844192	69467
187	0.9462737540465835	0.9762867002255058	0.1287673846844192	69221
188	0.9471028627804325	0.9766526462096801	0.1287673846844192	87346
189	0.9479191766264136	0.9770129448792838	0.1287673846844192	74515
190	0.9487228930364998	0.9773676833842331	0.1287673846844192	74442
191	0.9495142064155662	0.9777169475295381	0.1287673846844192	72857
192	0.9502933081684124	0.9780608217960576	0.1287673846844192	69155
193	0.9510603867460603	0.9783993893609332	0.1287673846844192	74474
194	0.9518156276913372	0.9788794029306902	0.1287673846844192	74675
195	0.9525592136837548	0.9792705250986404	0.1287673846844192	88105
196	0.9532913245836969	0.9797311800964484	0.1287673846844192	67462
197	0.9540121374759238	0.9803797823333621	0.1287673846844192	59216
198	0.9547218267124065	0.9809029881378057	0.1287673846844192	57616
199	0.9554205639544989	0.9811976951109878	0.1287673846844192	56021
200	0.9561085182144604	0.9815458859422658	0.1287673846844192	63527
201	0.956785855896336	0.982037995650472	0.1287673846844192	79163
202	0.9574527408362073	0.982315187075619	0.1287673846844192	68881
203	0.9581093343418214	0.9826426836112557	0.1287673846844192	68142
204	0.9587557952316081	0.9829641153962325	0.1287673846844192	73931
205	0.9593922798730957	0.9832270148499944	0.1287673846844192	72891
206	0.9600189422207331	0.9835376256861056	0.1287673846844192	72083
207	0.9606359338531292	0.9838424844696962	0.1287673846844192	74310
208	0.9612434040097166	0.9841416977202574	0.1287673846844192	78028
209	0.9618414996268506	0.9845645857810505	0.1287673846844192	71623
210	0.9624303653733498	0.9848504267851051	0.1287673846844192	86781
211	0.9630101436854894	0.9851870839676584	0.1287673846844192	67867
212	0.9635809748014541	0.9854613972275166	0.1287673846844192	54991
213	0.9641429967952588	0.9857306306121922	0.1287673846844192	75757
214	0.9646963456101468	0.9859508369299054	0.1287673846844192	54987
215	0.9652411550914717	0.9861676450019747	0.1287673846844192	54693
216	0.9657775570190724	0.9863811072704628	0.1287673846844192	57344
217	0.9663056811391485	0.9865912753681408	0.1287673846844192	67298
218	0.9668256551956431	0.9868892470266266	0.1287673846844192	71712
219	0.9673376049611424	0.9871320387483558	0.1287673846844192	72343
220	0.9678416542672976	0.9874179934428368	0.1287673846844192	73744
221	0.9683379250347776	0.9876509935642657	0.1287673846844192	68040
222	0.9688265373027594	0.9878796788686312	0.1287673846844192	71185
223	0.9693076092579637	0.9882028874321344	0.1287673846844192	73455
224	0.969781257263242	0.9884213524796874	0.1287673846844192	67391
225	0.9702475958857228	0.988600035311791	0.1287673846844192	72286
226	0.9707067379245234	0.9889040343701432	0.1287673846844192	74120
227	0.9711587944380339	0.9890752684076409	0.1287673846844192	78801
228	0.9716038747707803	0.9892438599445601	0.1287673846844192	78592
229	0.9720420865798731	0.9894098497602305	0.1287673846844192	74069
230	0.9724735358610479	0.9896059636535596	0.1287673846844192	75170
231	0.9728983269743033	0.9897984458081233	0.1287673846844192	72645
232	0.9733165626691443	0.9899873634783432	0.1287673846844192	73618
233	0.9737283441094353	0.9902098665121577	0.1287673846844192	73090
234	0.9741337708978699	0.9905858076380909	0.1287673846844192	74635
235	0.9745329411000633	0.9907601445336818	0.1287673846844192	76086
236	0.9749259512682722	0.9909654746551555	0.1287673846844192	69389
237	0.9753128964647495	0.9911662418850409	0.1287673846844192	72429
238	0.975693870284738	0.9913298299982809	0.1287673846844192	73192
239	0.9760689648791093	0.9916072754383359	0.1287673846844192	91286
240	0.9764382709766539	0.9917937804285951	0.1287673846844192	68841
241	0.9768018779060266	0.9919761408635153	0.1287673846844192	73534
242	0.9771598736173533	0.9920999658501894	0.1287673846844192	74381
243	0.9775123447035053	0.9922462627788896	0.1287673846844192	76333
244	0.9778593764210438	0.9923898505052065	0.1287673846844192	72777
245	0.9782010527108426	0.9925927878250677	0.1287673846844192	71924
246	0.9785374562183913	0.9927070966549277	0.1287673846844192	74330
247	0.9788686683137865	0.9928691611737072	0.1287673846844192	74503
248	0.9791947691114132	0.9930012137445644	0.1287673846844192	79156
249	0.9795158374893235	0.9931567423280185	0.1287673846844192	75277
250	0.9798319511083153	0.9933088147207292	0.1287673846844192	76383
251	0.9801431864307178	0.9934327255592342	0.1287673846844192	65718
252	0.9804496187388858	0.9935340723870238	0.1287673846844192	67642
253	0.9807513221534092	0.9936538117872642	0.1287673846844192	67227
254	0.9810483696510418	0.9937948381919917	0.1287673846844192	67524
255	0.9813408330823529	0.993932730676614	0.1287673846844192	68201
256	0.9816287831891067	0.994026361376049	0.1287673846844192	69983
257	0.9819122896213736	0.9941185471572829	0.1287673846844192	69021
258	0.9821914209543771	0.994209310318436	0.1287673846844192	69305
259	0.9824662447050811	0.9942986728135218	0.1287673846844192	68656
260	0.9827368273485213	0.9943866562577576	0.1287673846844192	73383
261	0.9830032343338836	0.9944732819327922	0.1287673846844192	72327
262	0.983265530100336	0.9945585707918541	0.1287673846844192	75752
263	0.9835237780926148	0.9946425434648193	0.1287673846844192	91993
264	0.9837780407763708	0.9947417556228781	0.1287673846844192	256579
265	0.9840283796532786	0.9948391305187507	0.1287673846844192	66281
266	0.9842748552759132	0.9949347021758109	0.1287673846844192	66181
267	0.984517527262396	0.99502850398737	0.1287673846844192	67263
268	0.9847564543108158	0.9951205687283446	0.1287673846844192	66796
269	0.9849916942134267	0.995195868593648	0.1287673846844192	67070
270	0.9852233038706268	0.9952700064239929	0.1287673846844192	66579
271	0.9854513393047221	0.9953430001520177	0.1287673846844192	66820
272	0.9856758556734764	0.9954292408899433	0.1287673846844192	68533
273	0.9858969072834536	0.9954997772959627	0.1287673846844192	72837
274	0.9861145476031534	0.9955997822449414	0.1287673846844192	72478
275	0.9863288292759442	0.995681267758924	0.1287673846844192	138426
276	0.986539804132797	0.9957772395865034	0.1287673846844192	81956
277	0.9867475232048217	0.9958710787068034	0.1287673846844192	364936
278	0.9869520367356115	0.995947540212233	0.1287673846844192	78328
279	0.9871533941933953	0.9960225857638583	0.1287673846844192	82282
280	0.9873516442830034	0.9960839656131815	0.1287673846844192	78410
281	0.9875468349576484	0.9961709885995552	0.1287673846844192	78918
282	0.9877390134305242	0.9962300782816609	0.1287673846844192	76762
283	0.987928226186226	0.9963138543198462	0.1287673846844192	79575
284	0.9881145189919941	0.9963821162768861	0.1287673846844192	80547
285	0.9882979369087843	0.9964785931761692	0.1287673846844192	78530
286	0.9884785243021673	0.9965329358740678	0.1287673846844192	158333
287	0.9886563248530598	0.9965971407652887	0.1287673846844192	103024
288	0.9888313815682903	0.9966878836782144	0.1287673846844192	101033
289	0.9890037367910018	0.9967492191656548	0.1287673846844192	102221
290	0.9891734322108938	0.9968359066545707	0.1287673846844192	81035
291	0.9893405088743059	0.9968847352555804	0.1287673846844192	92301
292	0.9895050071941469	0.99694242534344	0.1287673846844192	522479
293	0.9896669669596694	0.997023960667615	0.1287673846844192	358353
294	0.9898264273460943	0.9970698872005221	0.1287673846844192	92915
295	0.9899834269240867	0.9971350008182883	0.1287673846844192	79768
296	0.9901380036690853	0.9971986674667708	0.1287673846844192	80640
297	0.9902901949704883	0.9972418979070984	0.1287673846844192	80388
298	0.9904400376406969	0.9973154472962424	0.1287673846844192	80159
299	0.9905875679240195	0.9973870353683426	0.1287673846844192	79786
300	0.990732821505439	0.9974354236022622	0.1287673846844192	80578
301	0.9908758335192439	0.9974750003985237	0.1287673846844192	81184
302	0.9910166385575272	0.9975217596504029	0.1287673846844192	84857
303	0.991155270678553	0.9975600041002424	0.1287673846844192	301563
304	0.9912917634149951	0.9976142262313481	0.1287673846844192	318883
305	0.9914261497820477	0.997667243426207	0.1287673846844192	90195
306	0.9915584622854111	0.9977032427560495	0.1287673846844192	84369
307	0.9916887329291547	0.9977386865406783	0.1287673846844192	1813688
308	0.9918169932234578	0.9977805627158509	0.1287673846844192	470149
309	0.9919432741922316	0.9978148132912236	0.1287673846844192	207040
310	0.9920676063806231	0.997863372995863	0.1287673846844192	94730
311	0.9921900198624036	0.9979029401626063	0.1287673846844192	96870
312	0.9923105442472431	0.9979417746040395	0.1287673846844192	94886
313	0.992429208687872	0.9979798898891499	0.1287673846844192	96142
314	0.9925460418871332	0.9980110644278976	0.1287673846844192	95667
315	0.9926610721049244	0.9980478965681217	0.1287673846844192	163867
316	0.9927743271650336	0.9980840466316749	0.1287673846844192	115548
317	0.9928858344618695	0.9981195272496068	0.1287673846844192	100285
318	0.9929956209670876	0.9981485468908167	0.1287673846844192	135564
319	0.993103713236114	0.9981828330595053	0.1287673846844192	150854
320	0.9932101374145691	0.9982164842991441	0.1287673846844192	114164
321	0.9933149192445911	0.9982561179813854	0.1287673846844192	96539
322	0.9934180840710635	0.9982884120928411	0.1287673846844192	2084727
323	0.9935196568477446	0.9983264473796669	0.1287673846844192	1313676
324	0.9936196621433041	0.9983574390948583	0.1287673846844192	1861888
325	0.9937181241472655	0.9983827872569747	0.1287673846844192	619561
326	0.9938150666758571	0.9984077442437498	0.1287673846844192	120143
327	0.9939105131777728	0.9984372304614582	0.1287673846844192	208682
328	0.9940044867398442	0.9984719586734258	0.1287673846844192	107346
329	0.9940970100926244	0.998500255735029	0.1287673846844192	96803
330	0.9941881056158863	0.9985335833853617	0.1287673846844192	98145
331	0.9942777953440363	0.9985661704212425	0.1287673846844192	99042
332	0.9943661009714431	0.9985882974209147	0.1287673846844192	98793
333	0.9944530438576862	0.9986196685893388	0.1287673846844192	98386
334	0.9945386450327219	0.9986564774269564	0.1287673846844192	99702
335	0.99462292520197	0.9986923046955709	0.1287673846844192	100242
336	0.9947059047513224	0.998712485178664	0.1287673846844192	111038
337	0.9947876037520735	0.9987363280457258	0.1287673846844192	3198024
338	0.994868041965776	0.9987644096447096	0.1287673846844192	299694
339	0.9949472388490203	0.9987918672081605	0.1287673846844192	117616
340	0.9950252135581403	0.9988105112327259	0.1287673846844192	123627
341	0.995101984953848	0.9988288675408629	0.1287673846844192	101124
342	0.9951775716057948	0.9988548927066214	0.1287673846844192	125086
343	0.9952519917970634	0.9988760983972396	0.1287673846844192	142528
344	0.9953252635285902	0.998901073988412	0.1287673846844192	107601
345	0.9953974045235193	0.9989180327231587	0.1287673846844192	100902
346	0.9954684322314897	0.9989468851838745	0.1287673846844192	113261
347	0.9955383638328557	0.9989631369557284	0.1287673846844192	105218
348	0.9956072162428424	0.9989823381232149	0.1287673846844192	111671
349	0.9956750061156381	0.9989980427818073	0.1287673846844192	104036
350	0.9957417498484215	0.9990135050845571	0.1287673846844192	149622
351	0.9958074635853286	0.9990287287715238	0.1287673846844192	108771
352	0.9958721632213574	0.9990437175250497	0.1287673846844192	1248437
353	0.995935864406213	0.999061426459771	0.1287673846844192	87834
354	0.9959985825480924	0.9990788074512568	0.1287673846844192	84850
355	0.9960603328174119	0.999093023385651	0.1287673846844192	85176
356	0.9961211301504765	0.9991172094287003	0.1287673846844192	85233
357	0.9961809892530926	0.9991368269969514	0.1287673846844192	88687
358	0.9962399246041251	0.999152811682193	0.1287673846844192	87398
359	0.9962979504589997	0.999168500354745	0.1287673846844192	87992
360	0.9963550808531509	0.9991869781246396	0.1287673846844192	85268
361	0.9964113296054171	0.9991995247585187	0.1287673846844192	87688
362	0.9964667103213829	0.9992143483741017	0.1287673846844192	86052
363	0.9965212363966702	0.9992352990841257	0.1287673846844192	88218
364	0.9965749210201784	0.9992494602121974	0.1287673846844192	85959
365	0.9966277771772745	0.9992633590971567	0.1287673846844192	84649
366	0.9966798176529338	0.9992770005953575	0.1287673846844192	83861
367	0.996731055034833	0.9992962805794813	0.1287673846844192	86581
368	0.9967815017163941	0.999309312420602	0.1287673846844192	85117
369	0.9968311698997832	0.9993246610334775	0.1287673846844192	85689
370	0.9968800715988606	0.9993371673106354	0.1287673846844192	85926
371	0.996928218642088	0.999358377956695	0.1287673846844192	86584
372	0.9969756226753891	0.9993702598463858	0.1287673846844192	85818
373	0.9970222951649664	0.9993842540720217	0.1287673846844192	86734
374	0.9970682474000749	0.9993956567743917	0.1287673846844192	85996
375	0.9971134904957528	0.9994090866238496	0.1287673846844192	83057
376	0.9971580353955097	0.9994200294641488	0.1287673846844192	86641
377	0.9972018928739741	0.999428979626739	0.1287673846844192	87416
378	0.9972450735394992	0.9994442068366927	0.1287673846844192	86027
379	0.9972875878367291	0.999452783891682	0.1287673846844192	86560
380	0.9973294460491252	0.9994737969902414	0.1287673846844192	84609
381	0.9973706583014535	0.9994819174070587	0.1287673846844192	84498
382	0.9974112345622336	0.9994915115291503	0.1287673846844192	83530
383	0.9974511846461497	0.9995028112729469	0.1287673846844192	84365
384	0.9974905182164251	0.9995138599113259	0.1287673846844192	87112
385	0.9975292447871593	0.9995268236470238	0.1287673846844192	85228
386	0.9975673737256291	0.9995341257512365	0.1287673846844192	86063
387	0.9976049142545546	0.999549033727197	0.1287673846844192	86306
388	0.9976418754543299	0.9995590551999259	0.1287673846844192	85631
389	0.9976782662652199	0.9995658599036308	0.1287673846844192	86129
390	0.9977140954895221	0.999573899535045	0.1287673846844192	87100
391	0.997749371793696	0.9995817902843961	0.1287673846844192	85820
392	0.99778410371046	0.9995882441380319	0.1287673846844192	85272
393	0.9978182996408541	0.9995973942682979	0.1287673846844192	83744
394	0.9978519678562731	0.999603607319713	0.1287673846844192	85079
395	0.9978851165004664	0.9996097244907051	0.1287673846844192	86716
396	0.9979177535915086	0.9996169518149512	0.1287673846844192	86482
397	0.9979498870237384	0.9996254639968413	0.1287673846844192	86011
398	0.9979815245696684	0.9996312438734333	0.1287673846844192	86172
399	0.9980126738818649	0.9996380726905919	0.1287673846844192	86118
400	0.9980433424947991	0.9996447750481735	0.1287673846844192	84507
401	0.9980735378266695	0.999650256914714	0.1287673846844192	86659
402	0.9981032671811962	0.9996595833969882	0.1287673846844192	85813
403	0.9981325377493877	0.9996704767282846	0.1287673846844192	83477
404	0.9981613566112799	0.9996792640155303	0.1287673846844192	82502
405	0.998189730737649	0.9996842136449203	0.1287673846844192	83552
406	0.9982176669916977	0.9996912311194777	0.1287673846844192	82998
407	0.9982451721307147	0.999698092650156	0.1287673846844192	83177
408	0.9982722528077099	0.9997048017023747	0.1287673846844192	83033
409	0.9982989155730231	0.9997113616645442	0.1287673846844192	83005
410	0.9983251668759086	0.9997158159598445	0.1287673846844192	83658
411	0.9983510130660952	0.9997210786272548	0.1287673846844192	83205
412	0.9983764603953221	0.9997262438378611	0.1287673846844192	83109
413	0.9984015150188511	0.9997323273081309	0.1287673846844192	83557
414	0.9984261829969553	0.9997382755901725	0.1287673846844192	83347
415	0.998450470296385	0.9997431223385026	0.1287673846844192	84257
416	0.9984743827918111	0.9997470864999455	0.1287673846844192	87722
417	0.9984979262672461	0.9997509894860575	0.1287673846844192	85599
418	0.998521106417443	0.9997548322409022	0.1287673846844192	86511
419	0.9985439288492726	0.9997586156939747	0.1287673846844192	85766
420	0.9985663990830801	0.999763085773716	0.1287673846844192	85350
421	0.9985885225540202	0.9997721832800053	0.1287673846844192	86014
422	0.9986103046133717	0.9997756989701286	0.1287673846844192	83310
423	0.9986317505298321	0.9997843121296757	0.1287673846844192	83268
424	0.9986528654907915	0.9997883063494964	0.1287673846844192	83442
425	0.9986736546035879	0.999791573226819	0.1287673846844192	85461
426	0.9986941228967424	0.9997947896893681	0.1287673846844192	85591
427	0.9987142753211754	0.9998013564193083	0.1287673846844192	85964
428	0.9987341167514042	0.999805035004136	0.1287673846844192	86487
429	0.9987536519867221	0.9998086454670223	0.1287673846844192	86511
430	0.998772885752359	0.9998115984690744	0.1287673846844192	85228
431	0.998791822700625	0.9998166225098991	0.1287673846844192	84227
432	0.9988104674120352	0.9998224905895824	0.1287673846844192	85483
433	0.9988288243964173	0.9998257778008864	0.1287673846844192	84105
434	0.9988468980940034	0.9998324679333324	0.1287673846844192	84479
435	0.9988646928765034	0.9998361908681472	0.1287673846844192	85829
436	0.9988822130481623	0.9998405591116634	0.1287673846844192	85754
437	0.9988994628468018	0.9998441022425153	0.1287673846844192	86401
438	0.9989164464448449	0.9998469892380243	0.1287673846844192	86643
439	0.9989331679503257	0.9998498227706535	0.1287673846844192	83812
440	0.9989496314078824	0.9998526038304562	0.1287673846844192	86411
441	0.998965840799736	0.9998553333891514	0.1287673846844192	85893
442	0.9989818000466537	0.9998575658985781	0.1287673846844192	86115
443	0.9989975130088967	0.9998602035671229	0.1287673846844192	85710
444	0.9990129834871545	0.999862792389954	0.1287673846844192	84653
445	0.9990282152234639	0.9998649097913436	0.1287673846844192	83522
446	0.9990432119021141	0.9998674114618742	0.1287673846844192	83887
447	0.9990579771505382	0.9998698668051729	0.1287673846844192	84180
448	0.9990725145401904	0.9998727586539468	0.1287673846844192	84823
449	0.9990868275874097	0.9998747222549661	0.1287673846844192	82738
450	0.9991009197542707	0.9998780629948336	0.1287673846844192	83517
451	0.9991147944494209	0.9998799447387405	0.1287673846844192	82744
452	0.9991284550289051	0.9998821679843194	0.1287673846844192	82763
453	0.9991419047969776	0.9998843500586838	0.1287673846844192	83406
454	0.9991551470069008	0.9998874340571189	0.1287673846844192	82950
455	0.9991681848617325	0.9998899355225163	0.1287673846844192	85581
456	0.9991810215151009	0.9998919737535807	0.1287673846844192	85983
457	0.9991936600719666	0.9998936408252848	0.1287673846844192	85967
458	0.9992061035893746	0.9998956104396314	0.1287673846844192	85628
459	0.9992183550771928	0.9998975435796382	0.1287673846844192	86390
460	0.9992304174988411	0.999899440920756	0.1287673846844192	86892
461	0.9992422937720071	0.9999016755669614	0.1287673846844192	89239
462	0.9992539867693527	0.9999031929193232	0.1287673846844192	84114
463	0.9992654993192084	0.9999049856430394	0.1287673846844192	83796
464	0.9992768342062577	0.9999070970731941	0.1287673846844192	86084
465	0.9992879941722105	0.9999085307603363	0.1287673846844192	85253
466	0.9992989819164665	0.9999105634101065	0.1287673846844192	85948
467	0.999309800096768	0.999912550889882	0.1287673846844192	85905
468	0.9993204513298425	0.9999141703178471	0.1287673846844192	83437
469	0.9993309381920362	0.9999157597564056	0.1287673846844192	83152
470	0.9993412632199369	0.9999170597601648	0.1287673846844192	82927
471	0.9993514289109873	0.9999189028766056	0.1287673846844192	83144
472	0.9993614377240894	0.999920404675187	0.1287673846844192	83819
473	0.9993712920801991	0.9999221734601828	0.1287673846844192	85369
474	0.9993809943629122	0.9999239029388454	0.1287673846844192	84340
475	0.9993905469190401	0.9999255939846488	0.1287673846844192	86058
476	0.9993999520591783	0.999926971873822	0.1287673846844192	87705
477	0.999409212058265	0.9999285947210703	0.1287673846844192	83600
478	0.9994183291561314	0.9999301815050465	0.1287673846844192	83821
479	0.9994273055580429	0.9999314744401383	0.1287673846844192	86952
480	0.9994361434352337	0.9999325319333461	0.1287673846844192	88354
481	0.9994448449254307	0.9999337813419878	0.1287673846844192	86014
482	0.9994534121333716	0.9999350076134326	0.1287673846844192	85506
483	0.9994618471313134	0.9999362111761467	0.1287673846844192	85139
484	0.9994701519595338	0.9999376287055657	0.1287673846844192	85812
485	0.999478328626825	0.9999390147343309	0.1287673846844192	83194
486	0.9994863791109789	0.9999401440911025	0.1287673846844192	83149
487	0.9994943053592663	0.9999417402486731	0.1287673846844192	85869
488	0.9995021092889073	0.9999430349098137	0.1287673846844192	86071
489	0.9995097927875353	0.9999443008007067	0.1287673846844192	86728
490	0.9995173577136536	0.9999453322673603	0.1287673846844192	85980
491	0.9995248058970848	0.9999465471058634	0.1287673846844192	86261
492	0.9995321391394137	0.9999479725163737	0.1287673846844192	86090
493	0.9995393592144228	0.9999491286826765	0.1287673846844192	86306
494	0.9995464678685212	0.9999499137338698	0.1287673846844192	86679
495	0.9995534668211675	0.9999508412573166	0.1287673846844192	86219
496	0.9995603577652853	0.9999519336738206	0.1287673846844192	88597
497	0.9995671423676729	0.9999530018144024	0.1287673846844192	83923
498	0.9995738222694063	0.9999538721511727	0.1287673846844192	86534
499	0.9995803990862364	0.9999545840006916	0.1287673846844192	85526
