0	0.015432098765432056	0.01851851851851849	0.6859097015106125	90142
1	0.030626047858558048	0.03366483767718331	0.6408176172007294	68414
2	0.045585522428642	0.04857741734265886	0.1287673846844192	76458
3	0.06031414090968146	0.0632598646058894	0.1287673846844192	76059
4	0.07481546589564314	0.07771573089283546	0.1287673846844192	75650
5	0.08909300500219186	0.09194851282350158	0.1287673846844192	78168
6	0.10315021171512095	0.11212743476075715	0.1287673846844192	76365
7	0.11699048622569008	0.1318579362105181	0.1287673846844192	79247
8	0.13061717625307134	0.14793464109550847	0.1287673846844192	73328
9	0.1440335778541042	0.1637136292233694	0.1287673846844192	74000
10	0.1572429362205532	0.17661928309337915	0.1287673846844192	74130
11	0.17024844646406312	0.18932577563823438	0.1287673846844192	75195
12	0.18305325438900033	0.20183618033517514	0.1287673846844192	77323
13	0.19566045725336756	0.2166169918104497	0.1287673846844192	80678
14	0.208073104517976	0.23750720536217096	0.1287673846844192	74521
15	0.22029419858405663	0.2516274422999085	0.1287673846844192	76414
16	0.2323266955194878	0.2654861933684287	0.1287673846844192	74729
17	0.2441735057738167	0.27682128297694053	0.1287673846844192	76436
18	0.2558374948822454	0.2879814483630988	0.1287673846844192	75267
19	0.2673214841587539	0.2989693889747793	0.1287673846844192	77861
20	0.2786282513785262	0.3097877626017117	0.1287673846844192	75575
21	0.28976053144984526	0.32819342226566606	0.1287673846844192	78056
22	0.30072101707561927	0.33856080772452923	0.1287673846844192	75334
23	0.31151235940469924	0.3487682026670519	0.1287673846844192	78515
24	0.32213716867314524	0.3632400203855619	0.1287673846844192	74101
25	0.3325980148355967	0.3750318718599034	0.1287673846844192	76503
26	0.34289742818689917	0.3866053557143496	0.1287673846844192	76544
27	0.35303789997413837	0.4029625462286336	0.1287673846844192	78456
28	0.3630218829992288	0.41217608718189536	0.1287673846844192	80330
29	0.37285179221220366	0.43098645239207467	0.1287673846844192	73183
30	0.38253000529534864	0.44152374031073993	0.1287673846844192	75796
31	0.3920588632383216	0.45186589326794846	0.1287673846844192	75320
32	0.40144067090439683	0.4620165248740975	0.1287673846844192	72062
33	0.4106776975879709	0.4739717132102287	0.1287673846844192	77437
34	0.4197721775634652	0.48371297778040967	0.1287673846844192	76515
35	0.4287263106257574	0.49327384856225387	0.1287673846844192	78325
36	0.43754226262227347	0.5045344297053149	0.1287673846844192	77328
37	0.44622216597686803	0.5137097180441054	0.1287673846844192	78601
38	0.4547681202056201	0.5245161687542363	0.1287673846844192	78128
39	0.46318219242466907	0.5371957375874568	0.1287673846844192	76373
40	0.47146641785021426	0.5443377786740701	0.1287673846844192	75166
41	0.4796228002907974	0.5544636058146464	0.1287673846844192	77050
42	0.48765331263198874	0.5613391674533093	0.1287673846844192	78061
43	0.49555989731359384	0.5681086247456965	0.1287673846844192	74791
44	0.5033444667994951	0.5747736151045592	0.1287673846844192	75722
45	0.5110089040402436	0.5826481777878081	0.1287673846844192	77982
46	0.5185550629285114	0.5919226627258568	0.1287673846844192	76939
47	0.5259847687475159	0.5994796504531558	0.1287673846844192	80475
48	0.5332998186125233	0.6056605200449281	0.1287673846844192	79162
49	0.5405019819055399	0.6117460058467039	0.1287673846844192	78309
50	0.5475930007032939	0.6203738723834438	0.1287673846844192	77570
51	0.5545745901986134	0.6325219084671736	0.1287673846844192	76682
52	0.5614484391153014	0.6406880882790142	0.1287673846844192	78215
53	0.5682162101166084	0.6462330251882886	0.1287673846844192	80151
54	0.5748795402074014	0.6516923920835311	0.1287673846844192	77188
55	0.5814400411301266	0.6594325611483416	0.1287673846844192	76351
56	0.5878992997546617	0.6657393655715205	0.1287673846844192	75455
57	0.5942588784621514	0.671929377320196	0.1287673846844192	76280
58	0.6005203155229206	0.6780047592216738	0.1287673846844192	75117
59	0.6066851254685546	0.6865912989757625	0.1287673846844192	75996
60	0.6127547994582374	0.6923951638095447	0.1287673846844192	75674
61	0.6187308056394374	0.6980915496649235	0.1287673846844192	77214
62	0.6246145895030263	0.7036824468933508	0.1287673846844192	75932
63	0.6304075742329178	0.7091698089879184	0.1287673846844192	75070
64	0.6361111610503111	0.7136579292195863	0.1287673846844192	74419
65	0.641726729552621	0.7212937177737306	0.1287673846844192	76667
66	0.6472556380471792	0.7255947406475929	0.1287673846844192	77989
67	0.6526992238797844	0.7316926352998686	0.1287673846844192	76537
68	0.6580588037581827	0.7366612902017229	0.1287673846844192	72690
69	0.6633356740705565	0.7425132615305735	0.1287673846844192	79841
70	0.6685311111990972	0.7482351890521164	0.1287673846844192	77530
71	0.6736463718287409	0.7521204484803244	0.1287673846844192	73526
72	0.6786826932511368	0.7567108105455036	0.1287673846844192	77754
73	0.6836412936639279	0.7621172369778257	0.1287673846844192	79999
74	0.6885233724654105	0.7657882672713778	0.1287673846844192	77187
75	0.693330110544648	0.770992972443125	0.1287673846844192	78035
76	0.6980626705671071	0.7760820174999445	0.1287673846844192	77246
77	0.7027221972558864	0.7802286468055011	0.1287673846844192	78501
78	0.7073098176686041	0.7842984866794733	0.1287673846844192	76325
79	0.7118266414700145	0.7882929591483719	0.1287673846844192	74184
80	0.7162737612004155	0.7922134599048836	0.1287673846844192	76219
81	0.7206522525399153	0.7968309385736639	0.1287673846844192	77519
82	0.7249631745686202	0.8013458066053603	0.1287673846844192	77573
83	0.7292075700228082	0.8044114577379936	0.1287673846844192	77871
84	0.7333864655471476	0.8106702910903778	0.1287673846844192	74307
85	0.7375008719430249	0.8135920458575016	0.1287673846844192	76181
86	0.7415517844130399	0.8170440450082885	0.1287673846844192	77215
87	0.7455401828017276	0.8211097328969932	0.1287673846844192	75701
88	0.7494670318325651	0.8244225156211229	0.1287673846844192	72981
89	0.7533332813413218	0.8276739505170281	0.1287673846844192	74563
90	0.7571398665058076	0.8308651736556016	0.1287673846844192	76879
91	0.760887708072076	0.8334752790004226	0.1287673846844192	76746
92	0.7645777125771365	0.8371758283559688	0.1287673846844192	77768
93	0.76821077256823	0.8396885470541792	0.1287673846844192	80134
94	0.7717877668187203	0.8439635191327344	0.1287673846844192	75457
95	0.7753095605406536	0.8468530835932393	0.1287673846844192	74470
96	0.7787770055940386	0.8509370013640862	0.1287673846844192	76192
97	0.7821909406928961	0.8542495124448843	0.1287673846844192	77824
98	0.7855521916081292	0.8574884121683314	0.1287673846844192	80578
99	0.788861571367263	0.8606553363423685	0.1287673846844192	77560
100	0.7921198804511015	0.863235793076769	0.1287673846844192	78339
101	0.7953279069873499	0.866274997675063	0.1287673846844192	77359
102	0.7984864269412488	0.8692466643933949	0.1287673846844192	77273
103	0.8015962043032666	0.8716680224601839	0.1287673846844192	78393
104	0.8046579912738951	0.8740445405627731	0.1287673846844192	76321
105	0.8076725284455943	0.8763770490708699	0.1287673846844192	77219
106	0.8106405449819277	0.8803329835006021	0.1287673846844192	77504
107	0.813562758793935	0.882992250533922	0.1287673846844192	76049
108	0.8164398767137817	0.8855924227442793	0.1287673846844192	76583
109	0.8192725946657295	0.8892534652164623	0.1287673846844192	78592
110	0.8220615978344683	0.8909625166791713	0.1287673846844192	78365
111	0.8248075608308499	0.8926451938909125	0.1287673846844192	79536
112	0.8275111478550652	0.8943019038617317	0.1287673846844192	77614
113	0.8301730128573018	0.8966507504425821	0.1287673846844192	80023
114	0.8327937996959237	0.8994067304307799	0.1287673846844192	75797
115	0.8353741422932088	0.9012695687561358	0.1287673846844192	75591
116	0.837914664788684	0.9030979100754667	0.1287673846844192	80889
117	0.8404159816900932	0.9045933126977589	0.1287673846844192	78659
118	0.8428786980220362	0.9060656381190898	0.1287673846844192	75491
119	0.8453034094723134	0.90815306838311	0.1287673846844192	76985
120	0.8476907025360123	0.9098539374871265	0.1287673846844192	80749
121	0.8500411546573701	0.911857183320746	0.1287673846844192	75584
122	0.8523553343694477	0.9138159125802849	0.1287673846844192	79476
123	0.8546338014316475	0.9151459139293546	0.1287673846844192	75415
124	0.8568771069651097	0.9167172858936259	0.1287673846844192	76487
125	0.8590857935860184	0.9185680128737675	0.1287673846844192	73189
126	0.8612603955368515	0.9198246793417649	0.1287673846844192	74222
127	0.8634014388156038	0.9216063531341702	0.1287673846844192	77276
128	0.8655094413030173	0.9230580873353892	0.1287673846844192	80888
129	0.8675849128878473	0.9247679076168249	0.1287673846844192	75291
130	0.8696283555901954	0.9264397318920066	0.1287673846844192	75038
131	0.8716402636829392	0.9275749212146608	0.1287673846844192	75303
132	0.873621123811289	0.9298925237357917	0.1287673846844192	78596
133	0.8755714151104975	0.9314504676527741	0.1287673846844192	77438
134	0.8774916093217553	0.9325083308062806	0.1287673846844192	77102
135	0.8793821709062961	0.9340081456772521	0.1287673846844192	76981
136	0.8812435571577422	0.9352302170535993	0.1287673846844192	81054
137	0.8830762183127152	0.9366695455635193	0.1287673846844192	78772
138	0.8848805976597413	0.9376468673912428	0.1287673846844192	77935
139	0.8866571316464736	0.9388015550321457	0.1287673846844192	76863
140	0.8884062499852626	0.9399348595685875	0.1287673846844192	77510
141	0.890128375757095	0.9408617907480845	0.1287673846844192	75381
142	0.89182392551393	0.9421759731759048	0.1287673846844192	77472
143	0.8934933093794557	0.9440263420342759	0.1287673846844192	77677
144	0.8951369311482913	0.9448901330522655	0.1287673846844192	77518
145	0.8967551883836572	0.9457405939619528	0.1287673846844192	76531
146	0.898348472513539	0.9469463585405761	0.1287673846844192	76937
147	0.8999171689253671	0.9481253283507854	0.1287673846844192	79511
148	0.9014616570592349	0.9489258634071005	0.1287673846844192	78431
149	0.9029823104996788	0.950060844220276	0.1287673846844192	76475
150	0.9044794970660418	0.9511706032376033	0.1287673846844192	78829
151	0.9059535789014423	0.9519241433110971	0.1287673846844192	77343
152	0.9074049125603707	0.9528144369534842	0.1287673846844192	76437
153	0.9088338490949329	0.9538630050211846	0.1287673846844192	78509
154	0.9102407341397643	0.9548882715762694	0.1287673846844192	76955
155	0.9116259079956321	0.9555844402247838	0.1287673846844192	75928
156	0.912989705711749	0.956269865529957	0.1287673846844192	77276
157	0.9143324571668145	0.9569447132841243	0.1287673846844192	77862
158	0.9156544871488081	0.9576091467210978	0.1287673846844192	78426
159	0.9169561154335487	0.9585511656828511	0.1287673846844192	77523
160	0.9182376568620433	0.9591908081877454	0.1287673846844192	79214
161	0.9194994214166414	0.9598205796663295	0.1287673846844192	77980
162	0.9207417142960143	0.9605646430058419	0.1287673846844192	75673
163	0.9219648359889769	0.9612949273946226	0.1287673846844192	75121
164	0.9231690823471718	0.962011687998426	0.1287673846844192	72437
165	0.924354744656629	0.9625979273811663	0.1287673846844192	79156
166	0.9255221097082242	0.9632905583555892	0.1287673846844192	78615
167	0.9266714598670479	0.9639703628304856	0.1287673846844192	74786
168	0.9278030731407045	0.9645263757497683	0.1287673846844192	76385
169	0.9289172232465579	0.9650738082227657	0.1287673846844192	76004
170	0.9300141796779382	0.9658499458178154	0.1287673846844192	79049
171	0.931094207769328	0.9663769528267997	0.1287673846844192	73710
172	0.9321575687605421	0.9668958270115713	0.1287673846844192	76430
173	0.9332045198599165	0.9675088672520977	0.1287673846844192	79824
174	0.9342353143065227	0.9681105548955774	0.1287673846844192	75445
175	0.9352502014314221	0.9686026759620037	0.1287673846844192	75185
176	0.9362494267179743	0.9690872025675283	0.1287673846844192	75567
177	0.9372332318612154	0.969564251910622	0.1287673846844192	76620
178	0.9382018548263201	0.9701278768752402	0.1287673846844192	79058
179	0.9391555299061609	0.9705888664296346	0.1287673846844192	76310
180	0.9400944877779794	0.9715300227038863	0.1287673846844192	78001
181	0.9410189555591835	0.9719693742053696	0.1287673846844192	76012
182	0.9419291568622825	0.9725922770008057	0.1287673846844192	78692
183	0.9428253118489757	0.9733231496141176	0.1287673846844192	73895
184	0.943707637283405	0.9741768088264658	0.1287673846844192	77480
185	0.944576346584587	0.9745753148630945	0.1287673846844192	72918
186	0.9454316498780347	0.9750461423656297	0.1287673846844192	72140
187	0.9462737540465835	0.9755082508403402	0.1287673846844192	73475
188	0.9471028627804325	0.9762919868134493	0.1287673846844192	73296
189	0.9479191766264136	0.9766578512144763	0.1287673846844192	74336
190	0.9487228930364998	0.977018069559932	0.1287673846844192	73067
191	0.9495142064155662	0.9773727289803034	0.1287673846844192	73570
192	0.9502933081684124	0.9777219152614716	0.1287673846844192	73583
193	0.9510603867460603	0.9780657128654612	0.1287673846844192	73758
194	0.9518156276913372	0.9784719033679526	0.1287673846844192	74065
195	0.9525592136837548	0.9788041270814102	0.1287673846844192	70992
196	0.9532913245836969	0.9791966432465693	0.1287673846844192	73085
197	0.9540121374759238	0.9797513994266608	0.1287673846844192	76695
198	0.9547218267124065	0.9802013683282905	0.1287673846844192	71877
199	0.9554205639544989	0.9805680096555444	0.1287673846844192	71736
200	0.9561085182144604	0.9809998316631989	0.1287673846844192	73207
201	0.956785855896336	0.981506502818847	0.1287673846844192	71676
202	0.9574527408362073	0.9818489749888684	0.1287673846844192	74238
203	0.9581093343418214	0.982129083399534	0.1287673846844192	74700
204	0.9587557952316081	0.9827009527307489	0.1287673846844192	73231
205	0.9593922798730957	0.9830213054579572	0.1287673846844192	72809
206	0.9600189422207331	0.9833357257272543	0.1287673846844192	73931
207	0.9606359338531292	0.9835928904536855	0.1287673846844192	72188
208	0.9612434040097166	0.9838460865886595	0.1287673846844192	73172
209	0.9618414996268506	0.9841452331333139	0.1287673846844192	73668
210	0.9624303653733498	0.9845680269164255	0.1287673846844192	74355
211	0.9630101436854894	0.984853804195751	0.1287673846844192	72453
212	0.9635809748014541	0.9851903863247343	0.1287673846844192	71733
213	0.9641429967952588	0.9855194888508514	0.1287673846844192	74283
214	0.9646963456101468	0.9858412779874991	0.1287673846844192	74398
215	0.9652411550914717	0.9861559162544435	0.1287673846844192	73399
216	0.9657775570190724	0.9865989269343014	0.1287673846844192	73317
217	0.9663056811391485	0.9868470949540366	0.1287673846844192	74562
218	0.9668256551956431	0.9870906672697025	0.1287673846844192	72763
219	0.9673376049611424	0.9872898853673923	0.1287673846844192	74202
220	0.9678416542672976	0.9875252578605886	0.1287673846844192	73139
221	0.9683379250347776	0.9877177693133573	0.1287673846844192	73338
222	0.9688265373027594	0.9879073099103735	0.1287673846844192	74273
223	0.9693076092579637	0.9882297816460969	0.1287673846844192	73555
224	0.969781257263242	0.988411420818225	0.1287673846844192	74544
225	0.9702475958857228	0.9885902569167092	0.1287673846844192	75245
226	0.9707067379245234	0.9888015484552887	0.1287673846844192	73413
227	0.9711587944380339	0.9889743640655465	0.1287673846844192	72703
228	0.9716038747707803	0.9891445127682387	0.1287673846844192	75124
229	0.9720420865798731	0.9894918883596551	0.1287673846844192	75451
230	0.9724735358610479	0.989654050576327	0.1287673846844192	73464
231	0.9728983269743033	0.989845642232321	0.1287673846844192	74796
232	0.9733165626691443	0.9900336858946854	0.1287673846844192	73259
233	0.9737283441094353	0.990187487038286	0.1287673846844192	73467
234	0.9741337708978699	0.9903389147074482	0.1287673846844192	74992
235	0.9745329411000633	0.9905965436485829	0.1287673846844192	75554
236	0.9749259512682722	0.9907416587157344	0.1287673846844192	74094
237	0.9753128964647495	0.9909131094802578	0.1287673846844192	72913
238	0.975693870284738	0.9911554265607843	0.1287673846844192	74634
239	0.9760689648791093	0.9913192149578067	0.1287673846844192	71200
240	0.9764382709766539	0.9914531776899393	0.1287673846844192	74680
241	0.9768018779060266	0.9915850730959588	0.1287673846844192	72801
242	0.9771598736173533	0.9917149330790458	0.1287673846844192	72648
243	0.9775123447035053	0.9919800552205164	0.1287673846844192	74911
244	0.9778593764210438	0.9921285727164327	0.1287673846844192	76406
245	0.9782010527108426	0.9922500453596976	0.1287673846844192	72805
246	0.9785374562183913	0.9923935630382218	0.1287673846844192	73953
247	0.9788686683137865	0.9925344229819584	0.1287673846844192	73987
248	0.9791947691114132	0.9927335050357728	0.1287673846844192	75739
249	0.9795158374893235	0.9929353521181125	0.1287673846844192	74209
250	0.9798319511083153	0.99306617893074	0.1287673846844192	66351
251	0.9801431864307178	0.9931945830246152	0.1287673846844192	57151
252	0.9804496187388858	0.9932996048915192	0.1287673846844192	54910
253	0.9807513221534092	0.9934236862824171	0.1287673846844192	54279
254	0.9810483696510418	0.9935251726052192	0.1287673846844192	53932
255	0.9813408330823529	0.9936450768162337	0.1287673846844192	53879
256	0.9816287831891067	0.9937862973314285	0.1287673846844192	53672
257	0.9819122896213736	0.9939013658993651	0.1287673846844192	54798
258	0.9821914209543771	0.9940143035678953	0.1287673846844192	54724
259	0.9824662447050811	0.9941473190441643	0.1287673846844192	55593
260	0.9827368273485213	0.9943033905363199	0.1287673846844192	57347
261	0.9830032343338836	0.9944088833041658	0.1287673846844192	57091
262	0.983265530100336	0.9945124225022368	0.1287673846844192	57341
263	0.9835237780926148	0.9946140443077509	0.1287673846844192	58361
264	0.9837780407763708	0.9947137842279777	0.1287673846844192	58956
265	0.9840283796532786	0.9948312556895782	0.1287673846844192	57020
266	0.9842748552759132	0.9949110202622699	0.1287673846844192	57172
267	0.984517527262396	0.9950052606277834	0.1287673846844192	57080
268	0.9847564543108158	0.9951650922876943	0.1287673846844192	57929
269	0.9849916942134267	0.9952546276157	0.1287673846844192	57943
270	0.9852233038706268	0.9953278586710134	0.1287673846844192	55278
271	0.9854513393047221	0.9954316840338797	0.1287673846844192	54053
272	0.9856758556734764	0.9955162824776967	0.1287673846844192	54392
273	0.9858969072834536	0.995615920644859	0.1287673846844192	55516
274	0.9861145476031534	0.9957328294276628	0.1287673846844192	57143
275	0.9863288292759442	0.9958118511049283	0.1287673846844192	54264
276	0.986539804132797	0.9958894094178	0.1287673846844192	56274
277	0.9867475232048217	0.9959528444576488	0.1287673846844192	58095
278	0.9869520367356115	0.9960153005616974	0.1287673846844192	59374
279	0.9871533941933953	0.996142810943723	0.1287673846844192	55505
280	0.9873516442830034	0.9962142403706912	0.1287673846844192	56783
281	0.9875468349576484	0.9962983683624536	0.1287673846844192	58002
282	0.9877390134305242	0.9963554923074774	0.1287673846844192	54654
283	0.987928226186226	0.9964229831906724	0.1287673846844192	53838
284	0.9881145189919941	0.9964892242426969	0.1287673846844192	55474
285	0.9882979369087843	0.9966240380317773	0.1287673846844192	54187
286	0.9884785243021673	0.9966865558460037	0.1287673846844192	55084
287	0.9886563248530598	0.996737689243442	0.1287673846844192	57778
288	0.9888313815682903	0.9968101850380322	0.1287673846844192	57323
289	0.9890037367910018	0.9968594105775688	0.1287673846844192	57163
290	0.9891734322108938	0.9969292014536228	0.1287673846844192	57525
291	0.9893405088743059	0.9969765903200792	0.1287673846844192	59480
292	0.9895050071941469	0.9970437772018552	0.1287673846844192	60447
293	0.9896669669596694	0.9971383763313959	0.1287673846844192	58383
294	0.9898264273460943	0.997201967968476	0.1287673846844192	57793
295	0.9899834269240867	0.9972537833764672	0.1287673846844192	60513
296	0.9901380036690853	0.9973046392398659	0.1287673846844192	59588
297	0.9902901949704883	0.9973545533280165	0.1287673846844192	59025
298	0.9904400376406969	0.9974035430812014	0.1287673846844192	59532
299	0.9905875679240195	0.9974727819323693	0.1287673846844192	57509
300	0.990732821505439	0.9975401744141728	0.1287673846844192	56999
301	0.9908758335192439	0.997578134685559	0.1287673846844192	61749
302	0.9910166385575272	0.9976229840432338	0.1287673846844192	59154
303	0.991155270678553	0.9976596663882457	0.1287673846844192	56000
304	0.9912917634149951	0.9977030058995744	0.1287673846844192	55803
305	0.9914261497820477	0.9977384533393958	0.1287673846844192	55819
306	0.9915584622854111	0.9977803338331107	0.1287673846844192	59275
307	0.9916887329291547	0.9978145879406244	0.1287673846844192	56679
308	0.9918169932234578	0.9978550585343166	0.1287673846844192	58071
309	0.9919432741922316	0.997888159482861	0.1287673846844192	59607
310	0.9920676063806231	0.9979207496142983	0.1287673846844192	59622
311	0.9921900198624036	0.9979592542510706	0.1287673846844192	58562
312	0.9923105442472431	0.9979970458390137	0.1287673846844192	57206
313	0.992429208687872	0.9980341375827357	0.1287673846844192	60837
314	0.9925460418871332	0.9980644749657183	0.1287673846844192	61248
315	0.9926610721049244	0.9980943441792103	0.1287673846844192	59131
316	0.9927743271650336	0.9981237524480496	0.1287673846844192	57873
317	0.9928858344618695	0.998183792369712	0.1287673846844192	61123
318	0.9929956209670876	0.998224152539274	0.1287673846844192	58864
319	0.993103713236114	0.9982515575926802	0.1287673846844192	56147
320	0.9932101374145691	0.9982785397285957	0.1287673846844192	59299
321	0.9933149192445911	0.9983104186225106	0.1287673846844192	58818
322	0.9934180840710635	0.9983364924092002	0.1287673846844192	56664
323	0.9935196568477446	0.9983734592445513	0.1287673846844192	57603
324	0.9936196621433041	0.9984096045946724	0.1287673846844192	59965
325	0.9937181241472655	0.9984449467147908	0.1287673846844192	59762
326	0.9938150666758571	0.9984689444506737	0.1287673846844192	59237
327	0.9939105131777728	0.9984972973312167	0.1287673846844192	54281
328	0.9940044867398442	0.9985453838166178	0.1287673846844192	55347
329	0.9940970100926244	0.9985723211533472	0.1287673846844192	57997
330	0.9941881056158863	0.9985987596505074	0.1287673846844192	56895
331	0.9942777953440363	0.9986247085458684	0.1287673846844192	56876
332	0.9943661009714431	0.9986552705781824	0.1287673846844192	60518
333	0.9944530438576862	0.9986801729748827	0.1287673846844192	57014
334	0.9945386450327219	0.9987046142160886	0.1287673846844192	57178
335	0.99462292520197	0.9987391578369929	0.1287673846844192	57210
336	0.9947059047513224	0.9987671765517263	0.1287673846844192	57349
337	0.9947876037520735	0.9987900066155833	0.1287673846844192	57527
338	0.994868041965776	0.9988168953574592	0.1287673846844192	57249
339	0.9949472388490203	0.9988547547060205	0.1287673846844192	57948
340	0.9950252135581403	0.9988802046014422	0.1287673846844192	56963
341	0.995101984953848	0.9989009415532674	0.1287673846844192	56678
342	0.9951775716057948	0.9989212944874661	0.1287673846844192	54879
343	0.9952519917970634	0.998941270515476	0.1287673846844192	54413
344	0.9953252635285902	0.9989608766170412	0.1287673846844192	56308
345	0.9953974045235193	0.9989801196426515	0.1287673846844192	54900
346	0.9954684322314897	0.9990127558140867	0.1287673846844192	58776
347	0.9955383638328557	0.9990310381138258	0.1287673846844192	56392
348	0.9956072162428424	0.9990459912293531	0.1287673846844192	56530
349	0.9956750061156381	0.9990671914242564	0.1287673846844192	60000
350	0.9957417498484215	0.9990879205037173	0.1287673846844192	57137
351	0.9958074635853286	0.9991019958045859	0.1287673846844192	54245
352	0.9958721632213574	0.9991158538940214	0.1287673846844192	56122
353	0.995935864406213	0.9991294981240519	0.1287673846844192	55882
354	0.9959985825480924	0.9991456185291621	0.1287673846844192	55505
355	0.9960603328174119	0.9991614404082516	0.1287673846844192	56527
356	0.9961211301504765	0.9991769692895803	0.1287673846844192	56690
357	0.9961809892530926	0.9991896703807905	0.1287673846844192	58075
358	0.9962399246041251	0.9992112791706361	0.1287673846844192	55200
359	0.9962979504589997	0.9992258851119207	0.1287673846844192	54024
360	0.9963550808531509	0.9992430876649891	0.1287673846844192	58002
361	0.9964113296054171	0.9992599079391005	0.1287673846844192	55262
362	0.9964667103213829	0.9992796437273911	0.1287673846844192	54339
363	0.9965212363966702	0.9992907603365363	0.1287673846844192	56139
364	0.9965749210201784	0.9993065212179466	0.1287673846844192	55646
365	0.9966277771772745	0.999317223051003	0.1287673846844192	55604
366	0.9966798176529338	0.9993354304363096	0.1287673846844192	55368
367	0.996731055034833	0.999345686139453	0.1287673846844192	56494
368	0.9967815017163941	0.9993631345090676	0.1287673846844192	54466
369	0.9968311698997832	0.9993729626802239	0.1287673846844192	58315
370	0.9968800715988606	0.9993868968428856	0.1287673846844192	55743
371	0.996928218642088	0.9994032462604087	0.1287673846844192	55158
372	0.9969756226753891	0.9994165074546218	0.1287673846844192	55553
373	0.9970222951649664	0.999425511969211	0.1287673846844192	55699
374	0.9970682474000749	0.9994361506364479	0.1287673846844192	55280
375	0.9971134904957528	0.9994486806223046	0.1287673846844192	55340
376	0.9971580353955097	0.9994571886373925	0.1287673846844192	55994
377	0.9972018928739741	0.9994692511121172	0.1287673846844192	56416
378	0.9972450735394992	0.9994774416813746	0.1287673846844192	58370
379	0.9972875878367291	0.9994871186872751	0.1287673846844192	58360
380	0.9973294460491252	0.999495033522348	0.1287673846844192	59692
381	0.9973706583014535	0.9995043847534156	0.1287673846844192	57652
382	0.9974112345622336	0.9995135628135375	0.1287673846844192	57236
383	0.9974511846461497	0.9995210695602422	0.1287673846844192	61176
384	0.9974905182164251	0.9995284604620903	0.1287673846844192	57587
385	0.9975292447871593	0.9995410348497679	0.1287673846844192	58045
386	0.9975673737256291	0.9995495342044018	0.1287673846844192	58129
387	0.9976049142545546	0.9995578761635796	0.1287673846844192	58280
388	0.9976418754543299	0.9995660636420318	0.1287673846844192	56354
389	0.9976782662652199	0.9995757066722089	0.1287673846844192	58485
390	0.9977140954895221	0.9995835639560569	0.1287673846844192	60022
391	0.997749371793696	0.9995928180903667	0.1287673846844192	58622
392	0.99778410371046	0.9996003584961006	0.1287673846844192	59107
393	0.9978182996408541	0.9996092394184095	0.1287673846844192	58432
394	0.9978519678562731	0.999616475725476	0.1287673846844192	56800
395	0.9978851165004664	0.9996235780268561	0.1287673846844192	57535
396	0.9979177535915086	0.9996305488041365	0.1287673846844192	57134
397	0.9979498870237384	0.9996362502114801	0.1287673846844192	58433
398	0.9979815245696684	0.9996443335401138	0.1287673846844192	57834
399	0.9980126738818649	0.9996498222200504	0.1287673846844192	56426
400	0.9980433424947991	0.9996576039484937	0.1287673846844192	56869
401	0.9980735378266695	0.9996628878381775	0.1287673846844192	57703
402	0.9981032671811962	0.9996703792195513	0.1287673846844192	56906
403	0.9981325377493877	0.9996764833080781	0.1287673846844192	57748
404	0.9981613566112799	0.9996814758496201	0.1287673846844192	60017
405	0.998189730737649	0.9996863913457679	0.1287673846844192	57404
406	0.9982176669916977	0.999693360426973	0.1287673846844192	56524
407	0.9982451721307147	0.9997015374822537	0.1287673846844192	56086
408	0.9982722528077099	0.9997070645659156	0.1287673846844192	56724
409	0.9982989155730231	0.9997124892961764	0.1287673846844192	55293
410	0.9983251668759086	0.9997178135684694	0.1287673846844192	57215
411	0.9983510130660952	0.999722168297351	0.1287673846844192	57218
412	0.9983764603953221	0.9997283423351877	0.1287673846844192	61238
413	0.9984015150188511	0.9997333730326843	0.1287673846844192	60236
414	0.9984261829969553	0.9997392980764024	0.1287673846844192	59165
415	0.998450470296385	0.9997450914524824	0.1287673846844192	57223
416	0.9984743827918111	0.9997507560868717	0.1287673846844192	55060
417	0.9984979262672461	0.9997553717148926	0.1287673846844192	56196
418	0.998521106417443	0.9997618951358288	0.1287673846844192	59740
419	0.9985439288492726	0.9997655695936092	0.1287673846844192	63270
420	0.9985663990830801	0.9997707791581957	0.1287673846844192	61758
421	0.9985885225540202	0.9997758729546802	0.1287673846844192	58309
422	0.9986103046133717	0.9997808535556872	0.1287673846844192	59812
423	0.9986317505298321	0.99978423544526	0.1287673846844192	58484
424	0.9986528654907915	0.9997911399110117	0.1287673846844192	59514
425	0.9986736546035879	0.9997957812463225	0.1287673846844192	57077
426	0.9986941228967424	0.999798932770299	0.1287673846844192	62034
427	0.9987142753211754	0.9998020356596462	0.1287673846844192	60268
428	0.9987341167514042	0.9998057016659491	0.1287673846844192	57676
429	0.9987536519867221	0.9998092997832463	0.1287673846844192	57354
430	0.998772885752359	0.9998128312687418	0.1287673846844192	58149
431	0.998791822700625	0.9998162973563577	0.1287673846844192	57840
432	0.9988104674120352	0.9998196992571659	0.1287673846844192	58872
433	0.9988288243964173	0.9998230381598109	0.1287673846844192	57289
434	0.9988468980940034	0.9998263152309255	0.1287673846844192	53667
435	0.9988646928765034	0.999829531615538	0.1287673846844192	56047
436	0.9988822130481623	0.9998321623004834	0.1287673846844192	57300
437	0.9988994628468018	0.999834752388439	0.1287673846844192	57370
438	0.9989164464448449	0.9998384245575848	0.1287673846844192	57667
439	0.9989331679503257	0.9998414166954073	0.1287673846844192	58209
440	0.9989496314078824	0.9998449407688427	0.1287673846844192	58732
441	0.998965840799736	0.9998478122360863	0.1287673846844192	57201
442	0.9989818000466537	0.9998518705764573	0.1287673846844192	56850
443	0.9989975130088967	0.9998551623414249	0.1287673846844192	56479
444	0.9990129834871545	0.999857397490477	0.1287673846844192	60524
445	0.9990282152234639	0.999860566435133	0.1287673846844192	57316
446	0.9990432119021141	0.9998627181876772	0.1287673846844192	57836
447	0.9990579771505382	0.999865260443461	0.1287673846844192	55867
448	0.9990725145401904	0.9998682546558285	0.1287673846844192	57825
449	0.9990868275874097	0.9998711823301434	0.1287673846844192	58334
450	0.9991009197542707	0.9998735678425481	0.1287673846844192	57324
451	0.9991147944494209	0.9998755189560891	0.1287673846844192	61975
452	0.9991284550289051	0.9998782852015093	0.1287673846844192	58767
453	0.9991419047969776	0.9998809899748091	0.1287673846844192	54235
454	0.9991551470069008	0.9998831938641645	0.1287673846844192	56736
455	0.9991681848617325	0.9998849964279891	0.1287673846844192	57292
456	0.9991810215151009	0.9998867711744708	0.1287673846844192	56576
457	0.9991936600719666	0.9998885185328894	0.1287673846844192	58821
458	0.9992061035893746	0.9998905830045025	0.1287673846844192	53742
459	0.9992183550771928	0.9998930144932914	0.1287673846844192	55966
460	0.9992304174988411	0.999895391948996	0.1287673846844192	54977
461	0.9992422937720071	0.9998973291351257	0.1287673846844192	60218
462	0.9992539867693527	0.9998992304474382	0.1287673846844192	55321
463	0.9992654993192084	0.9999010965502635	0.1287673846844192	60499
464	0.9992768342062577	0.999902928095629	0.1287673846844192	58485
465	0.9992879941722105	0.9999047257234877	0.1287673846844192	56355
466	0.9992989819164665	0.9999064900619415	0.1287673846844192	56015
467	0.999309800096768	0.9999082217274612	0.1287673846844192	57777
468	0.9993204513298425	0.9999099213251008	0.1287673846844192	53176
469	0.9993309381920362	0.9999115894487101	0.1287673846844192	59167
470	0.9993412632199369	0.9999132266811414	0.1287673846844192	52233
471	0.9993514289109873	0.999915154977116	0.1287673846844192	69258
472	0.9993614377240894	0.999917040422069	0.1287673846844192	53184
473	0.9993712920801991	0.9999183206624691	0.1287673846844192	55949
474	0.9993809943629122	0.9999198332427938	0.1287673846844192	54193
475	0.9993905469190401	0.9999210703841087	0.1287673846844192	57821
476	0.9993999520591783	0.999922824375573	0.1287673846844192	55416
477	0.999409212058265	0.9999240153574315	0.1287673846844192	55322
478	0.9994183291561314	0.999925422480442	0.1287673846844192	54201
479	0.9994273055580429	0.999926803545619	0.1287673846844192	59575
480	0.9994361434352337	0.999928159035515	0.1287673846844192	57162
481	0.9994448449254307	0.999930074794568	0.1287673846844192	62264
482	0.9994534121333716	0.9999311538872444	0.1287673846844192	59923
483	0.9994618471313134	0.9999324288152583	0.1287673846844192	56351
484	0.9994701519595338	0.9999336801334943	0.1287673846844192	55086
485	0.999478328626825	0.9999347035882243	0.1287673846844192	57452
486	0.9994863791109789	0.9999357112488999	0.1287673846844192	56481
487	0.9994943053592663	0.9999377684889351	0.1287673846844192	54078
488	0.9995021092889073	0.9999389209243252	0.1287673846844192	55561
489	0.9995097927875353	0.9999400520183193	0.1287673846844192	56637
490	0.9995173577136536	0.9999409771414933	0.1287673846844192	70143
491	0.9995248058970848	0.9999422887605712	0.1287673846844192	58858
492	0.9995321391394137	0.999943179366118	0.1287673846844192	57695
493	0.9995393592144228	0.9999442316000787	0.1287673846844192	59441
494	0.9995464678685212	0.9999450922235343	0.1287673846844192	55935
495	0.9995534668211675	0.9999465564309068	0.1287673846844192	55288
496	0.9995603577652853	0.9999473811773434	0.1287673846844192	61249
497	0.9995671423676729	0.9999487843459476	0.1287673846844192	58528
498	0.9995738222694063	0.9999497327839856	0.1287673846844192	57719
499	0.9995803990862364	0.999951341334898	0.1287673846844192	58146
