0	0.015432098765432056	0.015432098765432056	0.4479547611983111	65843
1	0.030626047858558048	0.030626047858558048	0.4026723725695783	61215
2	0.045585522428642	0.048577417342658746	0.4026723725695783	58665
3	0.06031414090968146	0.06619635405853541	0.4026723725695783	59345
4	0.07481546589564314	0.08694754619056799	0.3318017772063142	61078
5	0.08909300500219186	0.10385592496481666	0.3318017772063142	59246
6	0.10315021171512095	0.11768530883881634	0.3318017772063142	58935
7	0.11699048622569008	0.1372923019757316	0.3318017772063142	58587
8	0.13061717625307134	0.1564635841540487	0.17740604517959738	61729
9	0.1440335778541042	0.169481121435622	0.1287673846844192	61578
10	0.1572429362205532	0.18229777079618337	0.1287673846844192	61405
11	0.17024844646406312	0.19744040467032808	0.1287673846844192	58957
12	0.18305325438900033	0.20982558361060077	0.1287673846844192	62394
13	0.19566045725336756	0.22445844317336738	0.1287673846844192	61183
14	0.208073104517976	0.23642667707501297	0.1287673846844192	60894
15	0.22029419858405663	0.250566923795846	0.1287673846844192	59326
16	0.2323266955194878	0.26444531409592287	0.1287673846844192	62830
17	0.2441735057738167	0.2780666971682205	0.1287673846844192	59007
18	0.2558374948822454	0.29143583240584603	0.1287673846844192	56792
19	0.2673214841587539	0.30237046462180517	0.1287673846844192	56600
20	0.2786282513785262	0.31528953009177174	0.1287673846844192	58209
21	0.28976053144984526	0.3305053183119546	0.1287673846844192	56461
22	0.30072101707561927	0.3429033679728444	0.1287673846844192	56446
23	0.31151235940469924	0.3550718241214954	0.1287673846844192	56581
24	0.32213716867314524	0.37656942998411225	0.1287673846844192	58575
25	0.3325980148355967	0.39042344265113205	0.1287673846844192	59274
26	0.34289742818689917	0.40396958836999575	0.1287673846844192	57153
27	0.35303789997413837	0.41721470862844034	0.1287673846844192	56957
28	0.3630218829992288	0.42800702883902475	0.1287673846844192	60201
29	0.37285179221220366	0.43859949126793163	0.1287673846844192	59952
30	0.38253000529534864	0.4472630793656487	0.1287673846844192	60796
31	0.3920588632383216	0.4574989482662848	0.1287673846844192	58595
32	0.40144067090439683	0.4675452640391313	0.1287673846844192	57039
33	0.4106776975879709	0.4793775915049284	0.1287673846844192	56962
34	0.4197721775634652	0.48901874721780014	0.1287673846844192	58401
35	0.4287263106257574	0.49848136301006307	0.1287673846844192	56648
36	0.43754226262227347	0.5118551933297947	0.1287673846844192	56032
37	0.44622216597686803	0.5227028557002438	0.1287673846844192	56400
38	0.4547681202056201	0.5379763643178359	0.1287673846844192	57634
39	0.46318219242466907	0.545106358695647	0.1287673846844192	59788
40	0.47146641785021426	0.5521263222960229	0.1287673846844192	57114
41	0.4796228002907974	0.560420279290541	0.1287673846844192	59226
42	0.48765331263198874	0.5685606444888642	0.1287673846844192	64819
43	0.49555989731359384	0.5752186592344064	0.1287673846844192	58481
44	0.5033444667994951	0.5830849803596951	0.1287673846844192	58584
45	0.5110089040402436	0.5908056288715526	0.1287673846844192	57329
46	0.5185550629285114	0.5998988371188515	0.1287673846844192	61303
47	0.5259847687475159	0.6060732377805976	0.1287673846844192	59511
48	0.5332998186125233	0.6148271658299177	0.1287673846844192	56123
49	0.5405019819055399	0.6219599960923266	0.1287673846844192	57275
50	0.5475930007032939	0.6289607369054315	0.1287673846844192	58909
51	0.5545745901986134	0.6346866514593601	0.1287673846844192	56475
52	0.5614484391153014	0.6414517134693719	0.1287673846844192	56371
53	0.5682162101166084	0.6480914965532725	0.1287673846844192	57013
54	0.5748795402074014	0.6559116855187553	0.1287673846844192	58667
55	0.5814400411301266	0.6650873739049219	0.1287673846844192	58306
56	0.5878992997546617	0.6702557786286114	0.1287673846844192	57473
57	0.5942588784621514	0.6753444240201452	0.1287673846844192	57456
58	0.6005203155229206	0.6813565643160684	0.1287673846844192	59865
59	0.6066851254685546	0.6862739012864993	0.1287673846844192	57144
60	0.6127547994582374	0.6932455923690216	0.1287673846844192	57290
61	0.6187308056394374	0.7014257099058476	0.1287673846844192	57392
62	0.6246145895030263	0.7080606941301621	0.1287673846844192	60237
63	0.6304075742329178	0.7125659303318572	0.1287673846844192	58912
64	0.6361111610503111	0.7217638205612378	0.1287673846844192	60946
65	0.641726729552621	0.727946846770988	0.1287673846844192	56946
66	0.6472556380471792	0.7329848681270807	0.1287673846844192	58301
67	0.6526992238797844	0.7389185377242568	0.1287673846844192	56675
68	0.6580588037581827	0.744720347997051	0.1287673846844192	57458
69	0.6633356740705565	0.7528892968611454	0.1287673846844192	57056
70	0.6685311111990972	0.7567027336379795	0.1287673846844192	57979
71	0.6736463718287409	0.7604573210818378	0.1287673846844192	59329
72	0.6786826932511368	0.7668451258529888	0.1287673846844192	57078
73	0.6836412936639279	0.771162808707563	0.1287673846844192	57851
74	0.6885233724654105	0.7772651338086947	0.1287673846844192	64762
75	0.693330110544648	0.7813898535529781	0.1287673846844192	58729
76	0.6980626705671071	0.7862478568073563	0.1287673846844192	57609
77	0.7027221972558864	0.789546500992428	0.1287673846844192	57261
78	0.7073098176686041	0.7942232454148185	0.1287673846844192	59475
79	0.7118266414700145	0.7987960621833781	0.1287673846844192	59039
80	0.7162737612004155	0.801901061223758	0.1287673846844192	56570
81	0.7206522525399153	0.8071836995911245	0.1287673846844192	56624
82	0.7249631745686202	0.8101592597826195	0.1287673846844192	58327
83	0.7292075700228082	0.8174491442069669	0.1287673846844192	56885
84	0.7333864655471476	0.8202662870432791	0.1287673846844192	56971
85	0.7375008719430249	0.8242603695534284	0.1287673846844192	56890
86	0.7415517844130399	0.8281656946744633	0.1287673846844192	57872
87	0.7455401828017276	0.8319842347928086	0.1287673846844192	61956
88	0.7494670318325651	0.835095637852201	0.1287673846844192	57222
89	0.7533332813413218	0.8387601792332632	0.1287673846844192	57271
90	0.7571398665058076	0.841248448072256	0.1287673846844192	58952
91	0.760887708072076	0.8441882916264735	0.1287673846844192	59631
92	0.7645777125771365	0.8465927932989044	0.1287673846844192	57733
93	0.76821077256823	0.8494336674970728	0.1287673846844192	57401
94	0.7717877668187203	0.8522219329137937	0.1287673846844192	61136
95	0.7753095605406536	0.8545024586404326	0.1287673846844192	58449
96	0.7787770055940386	0.8583823930766877	0.1287673846844192	56959
97	0.7821909406928961	0.8610049413530454	0.1287673846844192	56238
98	0.7855521916081292	0.8631499268259922	0.1287673846844192	57788
99	0.788861571367263	0.8656841874403257	0.1287673846844192	56332
100	0.7921198804511015	0.8677569623255059	0.1287673846844192	57567
101	0.7953279069873499	0.8697977499439394	0.1287673846844192	56517
102	0.7984864269412488	0.8726911332785185	0.1287673846844192	58076
103	0.8015962043032666	0.8755202192056626	0.1287673846844192	61029
104	0.8046579912738951	0.8782864365566478	0.1287673846844192	56403
105	0.8076725284455943	0.8805403914352284	0.1287673846844192	57883
106	0.8106405449819277	0.8823839039130799	0.1287673846844192	60503
107	0.813562758793935	0.8845619797665414	0.1287673846844192	59574
108	0.8164398767137817	0.88634343069607	0.1287673846844192	57369
109	0.8192725946657295	0.8888691322361574	0.1287673846844192	57130
110	0.8220615978344683	0.8913387070753539	0.1287673846844192	62265
111	0.8248075608308499	0.8930155788797466	0.1287673846844192	59036
112	0.8275111478550652	0.8958684967762867	0.1287673846844192	56597
113	0.8301730128573018	0.898182530181258	0.1287673846844192	56728
114	0.8327937996959237	0.9004451406216746	0.1287673846844192	58107
115	0.8353741422932088	0.9026574708300819	0.1287673846844192	56204
116	0.837914664788684	0.9048206381449689	0.1287673846844192	56619
117	0.8404159816900932	0.9065832189200621	0.1287673846844192	56583
118	0.8428786980220362	0.9080248359120364	0.1287673846844192	58983
119	0.8453034094723134	0.9097280796914431	0.1287673846844192	57142
120	0.8476907025360123	0.9131945214312917	0.1287673846844192	56711
121	0.8500411546573701	0.9155093341931239	0.1287673846844192	57028
122	0.8523553343694477	0.9168132024926127	0.1287673846844192	58729
123	0.8546338014316475	0.9183536987427494	0.1287673846844192	57125
124	0.8568771069651097	0.9198656672845503	0.1287673846844192	57235
125	0.8590857935860184	0.9216464302337826	0.1287673846844192	57164
126	0.8612603955368515	0.9233876206730318	0.1287673846844192	61454
127	0.8634014388156038	0.9245699104774603	0.1287673846844192	59376
128	0.8655094413030173	0.9257339550688575	0.1287673846844192	56496
129	0.8675849128878473	0.927109252197212	0.1287673846844192	56330
130	0.8696283555901954	0.929053005471953	0.1287673846844192	58509
131	0.8716402636829392	0.9306296053503541	0.1287673846844192	56060
132	0.873621123811289	0.9321711696759019	0.1287673846844192	56154
133	0.8755714151104975	0.933217910884607	0.1287673846844192	56517
134	0.8774916093217553	0.9347019573093935	0.1287673846844192	59489
135	0.8793821709062961	0.9361530249247404	0.1287673846844192	62826
136	0.8812435571577422	0.937335376315023	0.1287673846844192	55685
137	0.8830762183127152	0.9390064329466223	0.1287673846844192	57055
138	0.8848805976597413	0.9413485859214721	0.1287673846844192	58419
139	0.8866571316464736	0.9426519506787727	0.1287673846844192	58995
140	0.8884062499852626	0.9439263517748	0.1287673846844192	56942
141	0.890128375757095	0.9457207085180064	0.1287673846844192	56572
142	0.89182392551393	0.9469269149953841	0.1287673846844192	58610
143	0.8934933093794557	0.9479097499028769	0.1287673846844192	57949
144	0.8951369311482913	0.9488743841639348	0.1287673846844192	56242
145	0.8967551883836572	0.9500105089602918	0.1287673846844192	56212
146	0.898348472513539	0.9511213865389521	0.1287673846844192	58187
147	0.8999171689253671	0.9520265460474899	0.1287673846844192	56232
148	0.9014616570592349	0.9535616965739703	0.1287673846844192	55279
149	0.9029823104996788	0.9545936588723265	0.1287673846844192	56897
150	0.9044794970660418	0.9558044946357311	0.1287673846844192	60412
151	0.9059535789014423	0.9566229299202547	0.1287673846844192	69683
152	0.9074049125603707	0.9574262089958055	0.1287673846844192	56628
153	0.9088338490949329	0.9582146125329203	0.1287673846844192	56592
154	0.9102407341397643	0.9588594487592641	0.1287673846844192	59175
155	0.9116259079956321	0.9596213108192777	0.1287673846844192	58021
156	0.912989705711749	0.9609134288730609	0.1287673846844192	56982
157	0.9143324571668145	0.9624143532043353	0.1287673846844192	56468
158	0.9156544871488081	0.9632495897997946	0.1287673846844192	62781
159	0.9169561154335487	0.9640662655820214	0.1287673846844192	57464
160	0.9182376568620433	0.964864793013532	0.1287673846844192	56559
161	0.9194994214166414	0.9654070029978911	0.1287673846844192	56534
162	0.9207417142960143	0.9659408455442199	0.1287673846844192	58683
163	0.9219648359889769	0.9666977156432373	0.1287673846844192	56264
164	0.9231690823471718	0.9673144246128069	0.1287673846844192	56541
165	0.924354744656629	0.9678188316403871	0.1287673846844192	57252
166	0.9255221097082242	0.9684147792026021	0.1287673846844192	61064
167	0.9266714598670479	0.9689022054494756	0.1287673846844192	58558
168	0.9278030731407045	0.9694780905337446	0.1287673846844192	56829
169	0.9289172232465579	0.9699491076551374	0.1287673846844192	57703
170	0.9300141796779382	0.9706169052628011	0.1287673846844192	59163
171	0.931094207769328	0.9710703480828196	0.1287673846844192	56395
172	0.9321575687605421	0.9715167933284551	0.1287673846844192	57134
173	0.9332045198599165	0.9719563489869666	0.1287673846844192	57128
174	0.9342353143065227	0.9727041796806475	0.1287673846844192	60044
175	0.9352502014314221	0.9732096578347096	0.1287673846844192	58393
176	0.9362494267179743	0.973804998771716	0.1287673846844192	55846
177	0.9372332318612154	0.9742900913870546	0.1287673846844192	56175
178	0.9382018548263201	0.9748614226895644	0.1287673846844192	58429
179	0.9391555299061609	0.975326951899017	0.1287673846844192	57271
180	0.9400944877779794	0.9757838601971833	0.1287673846844192	56425
181	0.9410189555591835	0.976321996637246	0.1287673846844192	56560
182	0.9419291568622825	0.9766873979237082	0.1287673846844192	63687
183	0.9428253118489757	0.9771191127769728	0.1287673846844192	58667
184	0.943707637283405	0.9775428329107326	0.1287673846844192	58182
185	0.944576346584587	0.977889394131246	0.1287673846844192	56909
186	0.9454316498780347	0.9782988497954822	0.1287673846844192	59373
187	0.9462737540465835	0.9788775471342693	0.1287673846844192	56772
188	0.9471028627804325	0.9794408125440222	0.1287673846844192	57217
189	0.9479191766264136	0.9797580839553799	0.1287673846844192	56867
190	0.9487228930364998	0.9801329342525025	0.1287673846844192	61189
191	0.9495142064155662	0.9805008428774561	0.1287673846844192	56711
192	0.9502933081684124	0.9808017557960139	0.1287673846844192	56619
193	0.9510603867460603	0.9811572788368285	0.1287673846844192	56297
194	0.9518156276913372	0.981506218117628	0.1287673846844192	58698
195	0.9525592136837548	0.9818486955598941	0.1287673846844192	56354
196	0.9532913245836969	0.9822520578807853	0.1287673846844192	56461
197	0.9540121374759238	0.9826464565945456	0.1287673846844192	57020
198	0.9547218267124065	0.9830320908924446	0.1287673846844192	59716
199	0.9554205639544989	0.9832939413416353	0.1287673846844192	58723
200	0.9561085182144604	0.9835517508888323	0.1287673846844192	57293
201	0.956785855896336	0.9838563480945947	0.1287673846844192	58030
202	0.9574527408362073	0.9841553046113615	0.1287673846844192	60036
203	0.9581093343418214	0.9843998215155071	0.1287673846844192	58073
204	0.9587557952316081	0.9846405650106381	0.1287673846844192	56966
205	0.9593922798730957	0.9849249989919227	0.1287673846844192	56999
206	0.9600189422207331	0.9852041656772574	0.1287673846844192	62642
207	0.9606359338531292	0.9855987212591972	0.1287673846844192	58623
208	0.9612434040097166	0.9858654116062492	0.1287673846844192	56220
209	0.9618414996268506	0.9860835379703503	0.1287673846844192	56420
210	0.9624303653733498	0.9864546436244743	0.1287673846844192	58627
211	0.9630101436854894	0.9867054835573544	0.1287673846844192	55809
212	0.9635809748014541	0.9870009172560799	0.1287673846844192	56389
213	0.9641429967952588	0.9872897857615003	0.1287673846844192	56952
214	0.9646963456101468	0.9875251600992503	0.1287673846844192	61341
215	0.9652411550914717	0.9877561756529679	0.1287673846844192	59296
216	0.9657775570190724	0.9879451235595579	0.1287673846844192	56500
217	0.9663056811391485	0.9884080308148708	0.1287673846844192	57258
218	0.9668256551956431	0.9885869192282216	0.1287673846844192	58865
219	0.9673376049611424	0.9887630470179095	0.1287673846844192	58567
220	0.9678416542672976	0.9890626990974319	0.1287673846844192	56557
221	0.9683379250347776	0.9892314846051876	0.1287673846844192	57166
222	0.9688265373027594	0.9893976653983174	0.1287673846844192	62541
223	0.9693076092579637	0.9895940049279782	0.1287673846844192	57395
224	0.969781257263242	0.989825249262912	0.1287673846844192	56039
225	0.9702475958857228	0.9899822670212004	0.1287673846844192	55630
226	0.9707067379245234	0.990136861665935	0.1287673846844192	57254
227	0.9711587944380339	0.9903560425178031	0.1287673846844192	56269
228	0.9716038747707803	0.9905346343230289	0.1287673846844192	56740
229	0.9720420865798731	0.9906807047810069	0.1287673846844192	56600
230	0.9724735358610479	0.9908245210652507	0.1287673846844192	60486
231	0.9728983269743033	0.9910284205971339	0.1287673846844192	59254
232	0.9733165626691443	0.9911668708965609	0.1287673846844192	57143
233	0.9737283441094353	0.9913031846172929	0.1287673846844192	56373
234	0.9741337708978699	0.9914373947312236	0.1287673846844192	59136
235	0.9745329411000633	0.9915959614954603	0.1287673846844192	58827
236	0.9749259512682722	0.9917256534476908	0.1287673846844192	56695
237	0.9753128964647495	0.9918788820875484	0.1287673846844192	56762
238	0.975693870284738	0.9920042079812591	0.1287673846844192	62452
239	0.9760689648791093	0.9922174291017588	0.1287673846844192	57256
240	0.9764382709766539	0.9923615507850596	0.1287673846844192	56459
241	0.9768018779060266	0.9925030035482992	0.1287673846844192	56440
242	0.9771598736173533	0.9926418368159233	0.1287673846844192	57717
243	0.9775123447035053	0.9928053515533473	0.1287673846844192	56376
244	0.9778593764210438	0.9929652326299395	0.1287673846844192	58471
245	0.9782010527108426	0.9930737938547861	0.1287673846844192	56693
246	0.9785374562183913	0.9932020569315493	0.1287673846844192	60438
247	0.9788686683137865	0.9933833354133746	0.1287673846844192	58620
248	0.9791947691114132	0.9935058662390529	0.1287673846844192	56815
249	0.9795158374893235	0.9936790431393449	0.1287673846844192	56892
250	0.9798319511083153	0.9937960978960236	0.1287673846844192	65734
251	0.9801431864307178	0.993961535285463	0.1287673846844192	63957
252	0.9804496187388858	0.9940957233902306	0.1287673846844192	63897
253	0.9807513221534092	0.9941868387700109	0.1287673846844192	59755
254	0.9810483696510418	0.9942765480482515	0.1287673846844192	55575
255	0.9813408330823529	0.9944037358694015	0.1287673846844192	57032
256	0.9816287831891067	0.9945073703903384	0.1287673846844192	57252
257	0.9819122896213736	0.9946090857534803	0.1287673846844192	56400
258	0.9821914209543771	0.9947089174987862	0.1287673846844192	56447
259	0.9824662447050811	0.9948500130321519	0.1287673846844192	56263
260	0.9827368273485213	0.9949453831611862	0.1287673846844192	56224
261	0.9830032343338836	0.9950389871767198	0.1287673846844192	57275
262	0.983265530100336	0.9951712808520072	0.1287673846844192	56486
263	0.9835237780926148	0.9952457981228096	0.1287673846844192	55444
264	0.9837780407763708	0.9953514470534138	0.1287673846844192	56816
265	0.9840283796532786	0.9954231839816019	0.1287673846844192	59934
266	0.9842748552759132	0.9955079398337945	0.1287673846844192	58810
267	0.984517527262396	0.9955772617499397	0.1287673846844192	57435
268	0.9847564543108158	0.9956755448221632	0.1287673846844192	59586
269	0.9849916942134267	0.9957556273254565	0.1287673846844192	57485
270	0.9852233038706268	0.9958688105967777	0.1287673846844192	56477
271	0.9854513393047221	0.9959453141042448	0.1287673846844192	58074
272	0.9856758556734764	0.9960354182352615	0.1287673846844192	55148
273	0.9858969072834536	0.9961411404156546	0.1287673846844192	58800
274	0.9861145476031534	0.9962006907178822	0.1287673846844192	54719
275	0.9863288292759442	0.99632226861491	0.1287673846844192	55701
276	0.986539804132797	0.9964039959790232	0.1287673846844192	54765
277	0.9867475232048217	0.9964705886460783	0.1287673846844192	56075
278	0.9869520367356115	0.9965250548706759	0.1287673846844192	55436
279	0.9871533941933953	0.9966177200741245	0.1287673846844192	53910
280	0.9873516442830034	0.9966928818502551	0.1287673846844192	55750
281	0.9875468349576484	0.9967541247789541	0.1287673846844192	55964
282	0.9877390134305242	0.9968142335793438	0.1287673846844192	53810
283	0.987928226186226	0.9968732292538004	0.1287673846844192	54305
284	0.9881145189919941	0.9969214818887726	0.1287673846844192	55477
285	0.9882979369087843	0.9969689898843163	0.1287673846844192	54946
286	0.9884785243021673	0.9970251197012734	0.1287673846844192	54869
287	0.9886563248530598	0.9970802100771757	0.1287673846844192	54441
288	0.9888313815682903	0.997125268563639	0.1287673846844192	54769
289	0.9890037367910018	0.9971785043309791	0.1287673846844192	58861
290	0.9891734322108938	0.9972412042347352	0.1287673846844192	56253
291	0.9893405088743059	0.9972837782434584	0.1287673846844192	55905
292	0.9895050071941469	0.9973340786463573	0.1287673846844192	54604
293	0.9896669669596694	0.9973752194079876	0.1287673846844192	56280
294	0.9898264273460943	0.9974238264559878	0.1287673846844192	59067
295	0.9899834269240867	0.9974925244171615	0.1287673846844192	54592
296	0.9901380036690853	0.9975482460967802	0.1287673846844192	56611
297	0.9902901949704883	0.9975860818051632	0.1287673846844192	54952
298	0.9904400376406969	0.9976307839939564	0.1287673846844192	53272
299	0.9905875679240195	0.9976834332385351	0.1287673846844192	52892
300	0.990732821505439	0.9977191827255948	0.1287673846844192	55435
301	0.9908758335192439	0.997769867553915	0.1287673846844192	52756
302	0.9910166385575272	0.9978111663029166	0.1287673846844192	56697
303	0.991155270678553	0.9978517002602699	0.1287673846844192	56348
304	0.9912917634149951	0.9978914835887834	0.1287673846844192	53461
305	0.9914261497820477	0.9979383395090327	0.1287673846844192	54563
306	0.9915584622854111	0.99797015525735	0.1287673846844192	55530
307	0.9916887329291547	0.9980077449748065	0.1287673846844192	54861
308	0.9918169932234578	0.9980520173086996	0.1287673846844192	55806
309	0.9919432741922316	0.9980880910622423	0.1287673846844192	54749
310	0.9920676063806231	0.9981234967833119	0.1287673846844192	54759
311	0.9921900198624036	0.9981735368690903	0.1287673846844192	55981
312	0.9923105442472431	0.9982222425525812	0.1287673846844192	54158
313	0.992429208687872	0.9982496770810907	0.1287673846844192	54720
314	0.9925460418871332	0.9982885731459553	0.1287673846844192	55351
315	0.9926610721049244	0.998320266235845	0.1287673846844192	55199
316	0.9927743271650336	0.9983575936528263	0.1287673846844192	56847
317	0.9928858344618695	0.9983829394297888	0.1287673846844192	53745
318	0.9929956209670876	0.9984078940682181	0.1287673846844192	53733
319	0.993103713236114	0.9984432742000354	0.1287673846844192	55544
320	0.9932101374145691	0.9984721024555904	0.1287673846844192	57263
321	0.9933149192445911	0.998506055734355	0.1287673846844192	58489
322	0.9934180840710635	0.9985458942481056	0.1287673846844192	58914
323	0.9935196568477446	0.9985782077092588	0.1287673846844192	56598
324	0.9936196621433041	0.9986098030934975	0.1287673846844192	54360
325	0.9937181241472655	0.9986542893945055	0.1287673846844192	53881
326	0.9938150666758571	0.9986792099612739	0.1287673846844192	55465
327	0.9939105131777728	0.9986995925236	0.1287673846844192	55013
328	0.9940044867398442	0.9987236741435332	0.1287673846844192	53752
329	0.9940970100926244	0.9987520369403436	0.1287673846844192	54544
330	0.9941881056158863	0.9987712956295359	0.1287673846844192	53753
331	0.9942777953440363	0.9987902571167344	0.1287673846844192	54534
332	0.9943661009714431	0.9988089259883898	0.1287673846844192	54273
333	0.9944530438576862	0.9988406879620327	0.1287673846844192	54548
334	0.9945386450327219	0.9988621567034766	0.1287673846844192	54388
335	0.99462292520197	0.9988797160136081	0.1287673846844192	58337
336	0.9947059047513224	0.9989046112133058	0.1287673846844192	56443
337	0.9947876037520735	0.9989289531863434	0.1287673846844192	54438
338	0.994868041965776	0.9989454816865542	0.1287673846844192	55408
339	0.9949472388490203	0.9989650098034698	0.1287673846844192	55304
340	0.9950252135581403	0.9989809818744039	0.1287673846844192	59468
341	0.995101984953848	0.9989967074627618	0.1287673846844192	55633
342	0.9951775716057948	0.9990152869541922	0.1287673846844192	56406
343	0.9952519917970634	0.9990304831431707	0.1287673846844192	55543
344	0.9953252635285902	0.99904544482306	0.1287673846844192	55836
345	0.9953974045235193	0.9990708996277784	0.1287673846844192	55039
346	0.9954684322314897	0.999088105190227	0.1287673846844192	54930
347	0.9955383638328557	0.999108369519333	0.1287673846844192	55839
348	0.9956072162428424	0.9991281835300145	0.1287673846844192	55771
349	0.9956750061156381	0.9991475572293476	0.1287673846844192	54863
350	0.9957417498484215	0.9991607122103762	0.1287673846844192	57024
351	0.9958074635853286	0.9991793630501455	0.1287673846844192	56616
352	0.9958721632213574	0.9991945600306984	0.1287673846844192	58559
353	0.995935864406213	0.9992124586966828	0.1287673846844192	53846
354	0.9959985825480924	0.9992299596145343	0.1287673846844192	56444
355	0.9960603328174119	0.9992442196216725	0.1287673846844192	54999
356	0.9961211301504765	0.9992582155546045	0.1287673846844192	54448
357	0.9961809892530926	0.9992719523035933	0.1287673846844192	52974
358	0.9962399246041251	0.9992831876075502	0.1287673846844192	56856
359	0.9962979504589997	0.9992942495271868	0.1287673846844192	54357
360	0.9963550808531509	0.999305140738187	0.1287673846844192	54509
361	0.9964113296054171	0.9993205820551162	0.1287673846844192	57400
362	0.9964667103213829	0.9993310668999447	0.1287673846844192	55052
363	0.9965212363966702	0.9993459320799459	0.1287673846844192	53979
364	0.9965749210201784	0.9993604669226138	0.1287673846844192	54855
365	0.9966277771772745	0.9993703362602278	0.1287673846844192	53455
366	0.9966798176529338	0.9993843287877783	0.1287673846844192	55676
367	0.996731055034833	0.9993938298867323	0.1287673846844192	55923
368	0.9967815017163941	0.9994050552592002	0.1287673846844192	53760
369	0.9968311698997832	0.9994160727544003	0.1287673846844192	54244
370	0.9968800715988606	0.9994268862219113	0.1287673846844192	56964
371	0.996928218642088	0.9994374994400241	0.1287673846844192	55838
372	0.9969756226753891	0.9994461800042213	0.1287673846844192	55491
373	0.9970222951649664	0.9994584871152385	0.1287673846844192	54866
374	0.9970682474000749	0.999466843795559	0.1287673846844192	54950
375	0.9971134904957528	0.9994786917112132	0.1287673846844192	58180
376	0.9971580353955097	0.9994883455684129	0.1287673846844192	55763
377	0.9972018928739741	0.9994978206504793	0.1287673846844192	55581
378	0.9972450735394992	0.999507120268063	0.1287673846844192	55120
379	0.9972875878367291	0.9995147264367658	0.1287673846844192	54529
380	0.9973294460491252	0.9995222152263218	0.1287673846844192	53514
381	0.9973706583014535	0.9995295884481378	0.1287673846844192	56573
382	0.9974112345622336	0.9995421327561874	0.1287673846844192	57559
383	0.9974511846461497	0.9995567845079895	0.1287673846844192	55636
384	0.9974905182164251	0.9995666337411453	0.1287673846844192	56801
385	0.9975292447871593	0.9995746590422352	0.1287673846844192	54424
386	0.9975673737256291	0.9995882699528836	0.1287673846844192	56116
387	0.9976049142545546	0.9995958945833858	0.1287673846844192	55460
388	0.9976418754543299	0.9996021307780867	0.1287673846844192	55248
389	0.9976782662652199	0.9996094987266406	0.1287673846844192	56370
390	0.9977140954895221	0.9996155249808591	0.1287673846844192	56608
391	0.997749371793696	0.9996214582373274	0.1287673846844192	54403
392	0.99778410371046	0.9996284682699694	0.1287673846844192	54484
393	0.9978182996408541	0.9996353484871923	0.1287673846844192	54052
394	0.9978519678562731	0.999642101292985	0.1287673846844192	53574
395	0.9978851165004664	0.9996500545975854	0.1287673846844192	53142
396	0.9979177535915086	0.9996593864749831	0.1287673846844192	53366
397	0.9979498870237384	0.9996702861077836	0.1287673846844192	54068
398	0.9979815245696684	0.9996829471212447	0.1287673846844192	54718
399	0.9980126738818649	0.9996878399125836	0.1287673846844192	53542
400	0.9980433424947991	0.9996936206549432	0.1287673846844192	53144
401	0.9980735378266695	0.9996983487312557	0.1287673846844192	55605
402	0.9981032671811962	0.9997050520927834	0.1287673846844192	55257
403	0.9981325377493877	0.9997105140910651	0.1287673846844192	54533
404	0.9981613566112799	0.9997169471112637	0.1287673846844192	54887
405	0.998189730737649	0.9997221888314255	0.1287673846844192	55731
406	0.9982176669916977	0.9997264760408171	0.1287673846844192	55160
407	0.9982451721307147	0.9997325543510212	0.1287673846844192	53779
408	0.9982722528077099	0.9997384975876651	0.1287673846844192	56411
409	0.9982989155730231	0.9997433402249305	0.1287673846844192	55210
410	0.9983251668759086	0.999750184485599	0.1287673846844192	56684
411	0.9983510130660952	0.9997548106988287	0.1287673846844192	55344
412	0.9983764603953221	0.9997613490801932	0.1287673846844192	56565
413	0.9984015150188511	0.9997650319647581	0.1287673846844192	56051
414	0.9984261829969553	0.99976938322467	0.1287673846844192	55503
415	0.998450470296385	0.9997729421255239	0.1287673846844192	56239
416	0.9984743827918111	0.9997764461050683	0.1287673846844192	55989
417	0.9984979262672461	0.9997805859920115	0.1287673846844192	54252
418	0.998521106417443	0.9997854618588556	0.1287673846844192	57345
419	0.9985439288492726	0.9997902293731032	0.1287673846844192	55852
420	0.9985663990830801	0.9997958232564872	0.1287673846844192	54610
421	0.9985885225540202	0.9998003605174541	0.1287673846844192	58272
422	0.9986103046133717	0.9998040575449086	0.1287673846844192	58930
423	0.9986317505298321	0.9998103277034716	0.1287673846844192	58669
424	0.9986528654907915	0.9998145426433944	0.1287673846844192	56995
425	0.9986736546035879	0.9998179770388871	0.1287673846844192	57083
426	0.9986941228967424	0.9998213478344633	0.1287673846844192	55634
427	0.9987142753211754	0.9998253178825863	0.1287673846844192	54931
428	0.9987341167514042	0.9998280135942748	0.1287673846844192	56942
429	0.9987536519867221	0.9998337464744655	0.1287673846844192	56657
430	0.998772885752359	0.999836825243457	0.1287673846844192	57593
431	0.998791822700625	0.9998398469982077	0.1287673846844192	59031
432	0.9988104674120352	0.9998423184951489	0.1287673846844192	63495
433	0.9988288243964173	0.9998458225285901	0.1287673846844192	55949
434	0.9988468980940034	0.9998492486946214	0.1287673846844192	55233
435	0.9988646928765034	0.9998520403854618	0.1287673846844192	53949
436	0.9988822130481623	0.9998547803783236	0.1287673846844192	56592
437	0.9988994628468018	0.999860356811796	0.1287673846844192	53218
438	0.9989164464448449	0.999863459993756	0.1287673846844192	53906
439	0.9989331679503257	0.9998664942161171	0.1287673846844192	54729
440	0.9989496314078824	0.9998685544905597	0.1287673846844192	55034
441	0.998965840799736	0.9998720597041447	0.1287673846844192	55865
442	0.9989818000466537	0.9998740340914264	0.1287673846844192	56516
443	0.9989975130088967	0.999876366793437	0.1287673846844192	55402
444	0.9990129834871545	0.9998786562972622	0.1287673846844192	54702
445	0.9990282152234639	0.9998818921293352	0.1287673846844192	54521
446	0.9990432119021141	0.9998840793121253	0.1287673846844192	55199
447	0.9990579771505382	0.9998862259915304	0.1287673846844192	54839
448	0.9990725145401904	0.9998883329176133	0.1287673846844192	55587
449	0.9990868275874097	0.9998900561750574	0.1287673846844192	54809
450	0.9991009197542707	0.9998924993711673	0.1287673846844192	56708
451	0.9991147944494209	0.9998944901235531	0.1287673846844192	54650
452	0.9991284550289051	0.999896444010154	0.1287673846844192	56349
453	0.9991419047969776	0.9998983617136696	0.1287673846844192	62898
454	0.9991551470069008	0.9998999302057426	0.1287673846844192	55868
455	0.9991681848617325	0.9999017833500807	0.1287673846844192	54225
456	0.9991810215151009	0.9999036021769311	0.1287673846844192	57667
457	0.9991936600719666	0.9999053873218027	0.1287673846844192	58964
458	0.9992061035893746	0.999907139408436	0.1287673846844192	56536
459	0.9992183550771928	0.9999096156908777	0.1287673846844192	56501
460	0.9992304174988411	0.9999110105104629	0.1287673846844192	52564
461	0.9992422937720071	0.9999126584639729	0.1287673846844192	51388
462	0.9992539867693527	0.9999145993869958	0.1287673846844192	52806
463	0.9992654993192084	0.9999164971783959	0.1287673846844192	54768
464	0.9992768342062577	0.9999180435269441	0.1287673846844192	59067
465	0.9992879941722105	0.999919864781901	0.1287673846844192	56549
466	0.9992989819164665	0.9999213487674213	0.1287673846844192	55680
467	0.999309800096768	0.9999230965725897	0.1287673846844192	60399
468	0.9993204513298425	0.9999245207101344	0.1287673846844192	52890
469	0.9993309381920362	0.9999256855139903	0.1287673846844192	54526
470	0.9993412632199369	0.9999273369470127	0.1287673846844192	57512
471	0.9993514289109873	0.999928682559105	0.1287673846844192	54980
472	0.9993614377240894	0.9999297831368966	0.1287673846844192	53639
473	0.9993712920801991	0.999930866730463	0.1287673846844192	50773
474	0.9993809943629122	0.9999319336019066	0.1287673846844192	50595
475	0.9993905469190401	0.9999331940907602	0.1287673846844192	56058
476	0.9993999520591783	0.9999342250461497	0.1287673846844192	57690
477	0.999409212058265	0.9999356867117908	0.1287673846844192	60773
478	0.9994183291561314	0.9999368776986095	0.1287673846844192	54708
479	0.9994273055580429	0.9999378518081988	0.1287673846844192	56737
480	0.9994361434352337	0.9999390027006396	0.1287673846844192	54488
481	0.9994448449254307	0.999940358196181	0.1287673846844192	53306
482	0.9994534121333716	0.9999414626740295	0.1287673846844192	54068
483	0.9994618471313134	0.9999427635034955	0.1287673846844192	53772
484	0.9994701519595338	0.9999436467827626	0.1287673846844192	56429
485	0.999478328626825	0.9999446903608595	0.1287673846844192	54257
486	0.9994863791109789	0.9999461652845699	0.1287673846844192	53770
487	0.9994943053592663	0.9999476008769814	0.1287673846844192	60053
488	0.9995021092889073	0.9999487653019374	0.1287673846844192	60341
489	0.9995097927875353	0.9999497140926423	0.1287673846844192	56062
490	0.9995173577136536	0.9999508315572503	0.1287673846844192	55873
491	0.9995248058970848	0.999951590329515	0.1287673846844192	55234
492	0.9995321391394137	0.9999524868048943	0.1287673846844192	54705
493	0.9995393592144228	0.9999532200332139	0.1287673846844192	58277
494	0.9995464678685212	0.9999539419462815	0.1287673846844192	57674
495	0.9995534668211675	0.9999549654585864	0.1287673846844192	58639
496	0.9995603577652853	0.9999564065639116	0.1287673846844192	56903
497	0.9995671423676729	0.9999572138497651	0.1287673846844192	54803
498	0.9995738222694063	0.9999581646531036	0.1287673846844192	57921
499	0.9995803990862364	0.9999589393817498	0.1287673846844192	57323
