0	0.00240325927734375	0.00409985422740522	1.0611232361328073	1.0611232361328073	[2149, 420, 162, 10, 734, 19, 241, 1126]	{2 5 2 4 }335293
1	0.004800742899533361	0.007225935879174639	0.4722614008248937	0.4722614008248937	[2636, 162, 10, 734, 19, 132, 241, 1031]	{1 2 7 3 }303236
2	0.0071924647469656655	0.0112961648228187	0.4722614008248937	0.7861955926954431	[1879, 496, 1792, 232, 10, 158, 420, 1582]	{7 5 3 3 }299457
3	0.00957843866667929	0.015349706421121656	0.4722614008248937	0.884784464640519	[1879, 836, 320, 232, 10, 734, 19, 3308]	{8 4 6 8 }360014
4	0.011958678472434925	0.018882013756186145	0.4722614008248937	0.6079588387919129	[1742, 400, 19, 734, 10, 158, 420, 1791]	{2 1 4 6 }290542
5	0.01433319794479504	0.02196169493510436	0.4722614008248937	1.0596423395495422	[157, 842, 193, 232, 10, 734, 2229, 1529]	{5 6 4 7 }306685
6	0.01670201083120393	0.02464795736966985	0.4722614008248937	0.9025419497763941	[1549, 162, 10, 232, 193, 1265, 87, 1815]	{3 6 5 1 }313723
7	0.019065130846067313	0.029218015878454295	0.4722614008248937	0.6483144077034084	[394, 193, 232, 10, 734, 19, 422, 432]	{7 1 8 5 }296035
8	0.021422571670831503	0.03226525285428217	0.29411855649072083	0.29411855649072083	[2047, 232, 10, 734, 19, 132, 241, 1031]	{4 3 8 1 }297453
9	0.023774346954062775	0.0349232157218089	0.29411855649072083	0.7574631245884003	[1549, 162, 107, 232, 10, 734, 19, 1460]	{5 2 6 2 }290286
10	0.026120470311526423	0.037952544355494555	0.29411855649072083	1.0155987939131128	[377, 162, 107, 734, 19, 132, 241, 89]	{4 7 1 3 }340509
11	0.02846095532626547	0.04246026358748156	0.29411855649072083	1.110122423205464	[1265, 193, 232, 1792, 496, 2729, 438, 970]	{7 7 5 1 }333971
12	0.030795815548679273	0.0463860369237209	0.29411855649072083	0.8311935552528233	[2309, 420, 162, 10, 734, 19, 132, 217]	{5 1 4 1 }306153
13	0.03312506449660224	0.04980700538182292	0.29411855649072083	1.043155513957254	[837, 162, 107, 10, 301, 2729, 438, 3366]	{2 6 2 5 }358501
14	0.03544871565538188	0.05278961453066622	0.29411855649072083	0.6084305264741027	[2051, 1849, 420, 158, 10, 734, 19, 3308]	{2 6 8 1 }324627
15	0.03776678247795695	0.05667303903377474	0.29411855649072083	0.4986239590348064	[837, 162, 10, 734, 19, 132, 241, 1031]	{1 7 6 3 }330089
16	0.04007927838493508	0.060057104183924626	0.29411855649072083	1.0563551575808692	[377, 162, 107, 10, 232, 320, 160, 331]	{7 8 3 2 }303858
17	0.042386216764671025	0.064461251446703	0.29411855649072083	0.8858899064089981	[1579, 1580, 438, 2729, 496, 1879, 232, 10]	{2 4 4 5 }307034
18	0.04468761097334362	0.06739786163677675	0.29411855649072083	0.5572653352020441	[837, 162, 10, 734, 19, 132, 241, 1126]	{4 1 3 5 }297657
19	0.04698347433503336	0.07074345285380035	0.29411855649072083	0.4358605586643549	[87, 1265, 193, 232, 10, 734, 19, 132]	{7 8 5 1 }341290
20	0.049273820141799596	0.07366034352215822	0.29411855649072083	0.8311935552528233	[2309, 420, 162, 10, 734, 19, 132, 217]	{8 2 4 4 }308338
21	0.05155866165375744	0.07745820107878199	0.29411855649072083	0.8006698763828854	[87, 1265, 193, 232, 10, 162, 420, 1791]	{2 2 6 8 }316149
22	0.0538380120991544	0.0799920378067761	0.29411855649072083	0.948960866501633	[2238, 1549, 162, 107, 420, 158, 10, 494]	{3 7 4 7 }295669
23	0.056111884674447055	0.08251891514434295	0.29411855649072083	0.4146291755846023	[1549, 162, 10, 734, 19, 132, 241, 1126]	{2 7 6 8 }296682
24	0.05838029254437771	0.08681781652069709	0.29411855649072083	0.7450694991046345	[1799, 232, 1792, 496, 2729, 438, 1580, 301]	{8 8 8 2 }340506
25	0.06064324884205019	0.09056173035602588	0.29411855649072083	1.0651816995421128	[1791, 420, 162, 10, 734, 2229, 494, 2626]	{1 5 5 6 }293687
26	0.06290076666900601	0.09482294673815617	0.29411855649072083	0.7517702901971454	[2051, 1849, 420, 158, 10, 734, 2229, 494]	{7 8 5 4 }294503
27	0.06515285909530044	0.09766425305768622	0.29411855649072083	0.8313431687052734	[2047, 232, 10, 107, 1549, 162, 420, 1582]	{3 5 2 8 }351725
28	0.06739953915957797	0.10049664065620767	0.29411855649072083	0.7161452938815767	[1792, 232, 10, 107, 162, 1583, 1013, 156]	{7 7 4 7 }290057
29	0.06964081986914772	0.10418447330657854	0.29411855649072083	0.63369547406758	[394, 193, 232, 10, 734, 19, 241, 1031]	{2 5 7 3 }306779
30	0.07187671420005914	0.10664490413550942	0.29411855649072083	1.0840109613399875	[734, 10, 107, 162, 481, 1529, 2229, 494]	{1 3 2 5 }289431
31	0.07410723509717665	0.10944910191131174	0.29411855649072083	0.8685448948200387	[734, 10, 232, 1792, 496, 438, 1580, 301]	{3 4 3 2 }291887
32	0.07633239547425485	0.11224449744800191	0.29411855649072083	0.6600936661472595	[2051, 1849, 420, 158, 10, 734, 19, 409]	{1 5 2 1 }286932
33	0.07855220821401321	0.11542920707928694	0.29411855649072083	0.47459189989497363	[87, 1265, 193, 232, 10, 158, 420, 1791]	{2 2 3 6 }317828
34	0.08076668616821081	0.11785875332449158	0.29411855649072083	1.012088671129976	[1792, 232, 1799, 1019, 10, 158, 420, 1582]	{1 4 2 2 }313023
35	0.08297584215772047	0.12102332252892378	0.29411855649072083	0.8155496587366927	[1794, 1791, 420, 162, 107, 10, 232, 2047]	{3 4 2 4 }289592
36	0.0851796889726033	0.12514180966826138	0.29411855649072083	0.9809489257412438	[320, 232, 1792, 496, 217, 132, 19, 1460]	{3 1 8 3 }306442
37	0.08737823937218236	0.12872860071827308	0.29411855649072083	0.6451327292467813	[1579, 1580, 438, 2729, 301, 10, 734, 19]	{4 6 6 4 }291265
38	0.08957150608511699	0.13146347885496934	0.29411855649072083	0.8254327569698587	[837, 162, 420, 158, 10, 734, 19, 400]	{2 3 6 7 }303434
39	0.09175950180947601	0.13553304814396627	0.29411855649072083	0.9155244759488489	[1468, 2307, 420, 158, 10, 734, 19, 400]	{7 5 5 4 }319835
40	0.09394223921281164	0.13958354927198813	0.29411855649072083	1.0436822994161086	[377, 162, 1549, 107, 1794, 1791, 420, 1582]	{2 2 1 4 }296135
41	0.0961197309322328	0.14369906163197543	0.29411855649072083	1.0507193202921716	[3543, 359, 158, 10, 734, 19, 132, 168]	{6 7 8 6 }309231
42	0.09829198957447793	0.14638694822702014	0.29411855649072083	0.82322681526833	[2875, 836, 320, 232, 10, 158, 420, 1791]	{2 6 8 6 }336693
43	0.10045902771598825	0.1509579706973937	0.29411855649072083	0.91346994735868	[1879, 232, 1792, 496, 2729, 438, 2627, 301]	{7 2 4 1 }301127
44	0.10262085790298059	0.1549361976152006	0.29411855649072083	1.049025769179191	[1549, 107, 10, 415, 1265, 193, 232, 2047]	{2 3 5 8 }327082
45	0.10477749265152003	0.15946143961047832	0.29411855649072083	0.916280272232852	[19, 734, 10, 438, 2729, 496, 2728, 301]	{4 3 4 2 }306243
46	0.10692894444759216	0.16247676448432458	0.29411855649072083	0.4411100299132249	[2636, 162, 1549, 107, 10, 734, 19, 132]	{2 4 8 5 }301544
47	0.10907522574717565	0.16591048766200367	0.29411855649072083	0.47459189989497363	[87, 1265, 193, 232, 10, 158, 420, 1791]	{1 2 5 1 }308220
48	0.11121634897631416	0.1689026773985478	0.29411855649072083	0.9052874105059954	[377, 162, 1549, 107, 10, 734, 811, 3284]	{6 3 5 2 }325004
49	0.11335232653118832	0.17279682353735093	0.29411855649072083	1.0659501183444098	[1529, 2229, 734, 19, 132, 241, 1729, 4023]	{8 5 7 4 }295120
50	0.11548317077818748	0.17576430942230137	0.29411855649072083	0.41150289191529354	[1791, 420, 158, 10, 734, 19, 132, 1032]	{7 1 6 8 }304567
51	0.11760889405398145	0.17802814035955705	0.29411855649072083	0.8431545204447461	[160, 107, 1549, 162, 10, 158, 420, 1791]	{2 7 1 6 }304077
52	0.11972950866559184	0.18139810516311206	0.29411855649072083	0.5486569155892225	[19, 734, 10, 232, 1792, 496, 2728, 301]	{4 8 1 7 }288472
53	0.12184502689046317	0.18475425360222097	0.29411855649072083	0.8073511728302998	[1586, 107, 162, 10, 734, 19, 132, 217]	{8 6 2 8 }303433
54	0.1239554609765342	0.188096642321964	0.29411855649072083	1.0219234046650822	[1579, 1580, 438, 10, 158, 1557, 15, 432]	{5 6 1 2 }320327
55	0.1260608231423087	0.19064516709146118	0.29411855649072083	0.6781585653026645	[87, 1265, 193, 232, 10, 158, 420, 1582]	{2 1 3 7 }303369
56	0.12816112557692616	0.19318569216685766	0.29411855649072083	1.0374531488305208	[1549, 107, 420, 158, 10, 438, 2627, 301]	{1 1 3 3 }368197
57	0.13025638044023236	0.19750611149838515	0.29411855649072083	0.5592582483653494	[1579, 1580, 438, 2729, 496, 1792, 232, 2047]	{3 3 6 8 }300688
58	0.1323465998628499	0.2000251004062097	0.29411855649072083	0.4986239590348064	[837, 162, 10, 734, 19, 132, 241, 1031]	{8 2 6 5 }314082
59	0.13443179594624832	0.20430889531091845	0.29411855649072083	0.9886534482423306	[2627, 438, 2729, 496, 217, 132, 241, 1031]	{1 1 2 1 }304013
60	0.13651198076281423	0.20803714392722505	0.29411855649072083	0.6486059469237553	[1579, 1580, 301, 2728, 496, 1792, 232, 2047]	{6 7 3 3 }300899
61	0.13858716635592117	0.21087820965771564	0.29411855649072083	0.5723611479129064	[394, 193, 232, 10, 734, 19, 132, 1031]	{1 2 5 3 }312807
62	0.14065736473999924	0.213709083427279	0.29411855649072083	1.0600458655996619	[2309, 420, 162, 107, 10, 438, 1580, 301]	{7 6 6 2 }308498
63	0.14272258790060488	0.21617721200190043	0.29411855649072083	0.8373017436180465	[1792, 232, 107, 162, 10, 158, 420, 1791]	{8 7 4 2 }303115
64	0.14478284779449002	0.21898907627644715	0.29411855649072083	0.5641026275798399	[1549, 107, 10, 734, 19, 132, 241, 1729]	{4 3 2 8 }309014
65	0.14683815634967146	0.22179085334656512	0.29411855649072083	0.6598978464616041	[1265, 193, 232, 10, 734, 19, 241, 1031]	{5 3 6 2 }311096
66	0.1488885254654998	0.22595809456741411	0.29411855649072083	0.6383876678838801	[846, 10, 734, 19, 132, 1031, 241, 1126]	{2 5 6 4 }300570
67	0.15093396701272854	0.2287348711733186	0.29411855649072083	0.3775687570714291	[2636, 162, 107, 10, 734, 19, 132, 241]	{8 6 7 2 }306825
68	0.15297449283358266	0.23234867071488474	0.29411855649072083	0.5895170305537488	[1579, 1580, 301, 2729, 496, 1792, 232, 10]	{5 4 4 8 }306378
69	0.15501011474182713	0.23594553762636228	0.29411855649072083	0.720740839852452	[1580, 438, 2729, 301, 10, 734, 19, 1987]	{1 7 1 1 }302056
70	0.1570408445228355	0.23907804954389267	0.29411855649072083	0.6674234191451528	[1579, 1580, 438, 2729, 301, 10, 232, 2047]	{5 8 4 8 }366178
71	0.1590666939336579	0.24116798410019913	0.29411855649072083	0.613645161613009	[2238, 1549, 162, 107, 10, 734, 19, 1460]	{1 6 5 5 }353754
72	0.16108767470308916	0.24581195941191325	0.29411855649072083	0.8991628336168439	[2627, 301, 2729, 438, 1580, 1579, 4018, 2197]	{7 8 5 1 }345584
73	0.16310379853173695	0.24890402043837678	0.29411855649072083	0.6112513686394822	[2238, 1549, 162, 10, 734, 19, 132, 217]	{3 6 8 3 }308451
74	0.16511507709208928	0.2519834044653696	0.29411855649072083	0.4894829601663889	[1579, 1580, 438, 10, 734, 19, 132, 241]	{6 2 4 5 }299415
75	0.1671215220285821	0.254331391825795	0.29411855649072083	0.9311277404783007	[1807, 157, 10, 107, 1549, 162, 420, 1791]	{7 7 2 5 }335126
76	0.1691231449576669	0.2570063828468281	0.29411855649072083	0.7349340119162346	[394, 432, 422, 19, 734, 10, 232, 2047]	{8 2 5 3 }329397
77	0.17111995746787756	0.25967177767877103	0.29411855649072083	0.5953033681844802	[1791, 420, 158, 10, 232, 1792, 496, 3366]	{6 7 6 7 }325536
78	0.17311197111989796	0.26270701547072206	0.29411855649072083	1.1752356744967336	[196, 190, 195, 10, 232, 1792, 496, 3366]	{2 1 6 2 }329017
79	0.1750991974466285	0.2661616369101033	0.29411855649072083	0.7376686575875684	[158, 10, 734, 19, 132, 1720, 241, 1031]	{3 8 7 5 }323207
80	0.1770816479532532	0.2691702672252495	0.29411855649072083	0.571780156306666	[1794, 1791, 420, 158, 10, 734, 19, 1987]	{7 6 4 7 }361039
81	0.179059334117306	0.2711775510371919	0.29411855649072083	0.8446109959702526	[432, 422, 19, 734, 10, 438, 1580, 301]	{8 6 1 1 }293029
82	0.18103226738873734	0.2731793216794848	0.29411855649072083	0.8808201281107997	[1579, 1583, 162, 107, 10, 734, 19, 1987]	{2 6 1 3 }310130
83	0.18300045918998054	0.2765848746287167	0.29411855649072083	0.8095156359573589	[1579, 1580, 438, 2627, 261, 217, 132, 1032]	{4 6 4 5 }361321
84	0.18496392091601777	0.279550771188639	0.29411855649072083	1.2556871333056787	[2689, 1549, 107, 10, 734, 19, 400, 4079]	{4 5 5 6 }300484
85	0.18692266393444623	0.28250450800501214	0.29411855649072083	0.4858296718783282	[1849, 420, 158, 10, 734, 19, 132, 217]	{5 4 8 4 }366348
86	0.18887669958554376	0.2844751682308284	0.29411855649072083	0.9377557926268382	[1849, 420, 158, 10, 301, 1580, 438, 3366]	{8 1 8 5 }317648
87	0.19082603918233454	0.2870420222988779	0.29411855649072083	1.033121060733012	[1791, 420, 158, 10, 107, 162, 481, 1529]	{1 8 8 8 }332813
88	0.1927706940106546	0.2899650460777181	0.29411855649072083	0.7630068283960101	[87, 1265, 193, 232, 10, 494, 2229, 1529]	{1 5 5 5 }309646
89	0.19471067532921726	0.2928760858851619	0.29411855649072083	0.3702963559559602	[1791, 420, 158, 10, 734, 19, 132, 217]	{5 4 1 4 }317055
90	0.19664599436967822	0.29577519085374493	0.29411855649072083	0.947255660299126	[320, 232, 1879, 496, 2729, 438, 1580, 301]	{1 5 4 7 }294495
91	0.19857666233670057	0.29907486978039854	0.29411855649072083	0.8668544042569684	[421, 438, 2627, 301, 10, 734, 19, 1987]	{5 2 4 4 }309626
92	0.2005026904080197	0.30158934928134573	0.29411855649072083	0.676403883477658	[2149, 420, 158, 10, 734, 19, 241, 1031]	{4 8 4 7 }311397
93	0.20242408973450798	0.30409480840780767	0.29411855649072083	0.910370517333068	[87, 415, 733, 734, 19, 132, 241, 1031]	{1 4 5 6 }302980
94	0.20434087144023938	0.3062792206302999	0.29411855649072083	0.5775187919289021	[241, 132, 19, 734, 10, 438, 2627, 301]	{6 7 5 4 }363600
95	0.20625304662255384	0.3087678554414953	0.29411855649072083	0.80014328877491	[157, 320, 232, 10, 734, 19, 132, 1031]	{6 8 4 4 }333321
96	0.20816062635212151	0.3109375991988288	0.29411855649072083	0.6057148240511083	[1549, 162, 10, 734, 19, 132, 1032, 370]	{2 5 7 8 }292482
97	0.21006362167300685	0.31462746747229253	0.29411855649072083	0.8183820169513788	[19, 734, 10, 232, 193, 1265, 87, 1815]	{7 3 3 7 }332137
98	0.21196204360273252	0.31743739494712364	0.29411855649072083	0.5105102843732272	[394, 193, 232, 10, 734, 19, 132, 217]	{5 6 7 7 }304681
99	0.21385590313234326	0.32023580212891845	0.29411855649072083	0.7958747899048175	[2238, 1549, 107, 10, 734, 19, 422, 432]	{5 7 4 8 }338911
100	0.2157452112264695	0.32302273624919897	0.29411855649072083	0.6106733468314501	[241, 132, 19, 734, 10, 438, 2729, 301]	{5 3 1 7 }310144
101	0.21762997882339075	0.3257982443458449	0.29411855649072083	0.8986621818917306	[1550, 420, 158, 10, 734, 19, 422, 432]	{6 7 7 3 }298818
102	0.21951021683509908	0.3285623732638876	0.29411855649072083	0.7327277385604152	[1089, 836, 320, 232, 10, 158, 420, 1791]	{4 8 5 4 }298005
103	0.22138593614736213	0.3306699830018288	0.29411855649072083	0.40280709735251885	[1549, 107, 10, 734, 19, 132, 241, 1031]	{8 2 4 1 }364824
104	0.22325714761978632	0.3338061607157936	0.29411855649072083	0.8895097723613143	[421, 438, 2627, 261, 217, 132, 19, 1987]	{3 6 1 6 }298096
105	0.22512386208587953	0.3369276437195201	0.29411855649072083	0.5615350858854704	[320, 232, 1792, 496, 2729, 438, 1580, 301]	{2 8 5 4 }295255
106	0.2269860903531139	0.3400345008657739	0.29411855649072083	0.958827453186198	[320, 232, 193, 394, 432, 422, 19, 1460]	{3 6 6 1 }302812
107	0.22884384320298856	0.34274026320734097	0.29411855649072083	0.9855221583346183	[1579, 1580, 438, 2627, 301, 10, 494, 2626]	{2 7 2 3 }308764
108	0.23069713139109171	0.3454349323177336	0.29411855649072083	0.9997176880608332	[1742, 1743, 193, 232, 10, 158, 420, 1582]	{6 2 4 3 }336052
109	0.23254596564716323	0.34778310100760135	0.29411855649072083	0.7718183246301525	[1549, 162, 107, 10, 734, 2229, 494, 2626]	{7 7 2 5 }302604
110	0.23439035667515662	0.35083909439105176	0.29411855649072083	0.6348663589710202	[2047, 232, 1792, 496, 2729, 438, 1580, 301]	{3 5 6 6 }300114
111	0.23623031515330084	0.3535005594741788	0.29411855649072083	0.9428155554601695	[1265, 193, 232, 10, 734, 2229, 1529, 156]	{6 1 3 3 }302560
112	0.23806585173416261	0.3561511129384337	0.29411855649072083	0.8507459845377683	[1579, 1580, 301, 10, 734, 19, 422, 432]	{5 3 6 3 }301834
113	0.23989697704470747	0.35879079951986326	0.29411855649072083	0.4216151515430648	[377, 162, 1549, 107, 10, 158, 420, 1791]	{7 2 1 2 }316435
114	0.2417237016863618	0.3614196637711029	0.29411855649072083	0.5192845589394408	[2636, 162, 107, 10, 734, 19, 132, 217]	{2 7 5 5 }342431
115	0.24354603623507398	0.3629543378884743	0.29411855649072083	0.554445230212033	[320, 232, 10, 107, 1549, 162, 420, 1791]	{5 2 6 2 }304446
116	0.24536399124137553	0.36556613223933243	0.29411855649072083	0.8078284550002209	[2636, 162, 107, 10, 232, 193, 394, 432]	{4 2 2 4 }306526
117	0.2471775772304423	0.3678420828172366	0.29411855649072083	0.8731736112609471	[2047, 232, 1792, 496, 3366, 438, 2627, 301]	{3 6 3 3 }318895
118	0.24898680470215562	0.3698263954758041	0.29411855649072083	0.6945838216700837	[2636, 162, 10, 734, 19, 132, 241, 217]	{7 5 2 4 }305445
119	0.2507916841311627	0.37180447947438033	0.29411855649072083	0.7327277385604152	[1089, 836, 320, 232, 10, 158, 420, 1791]	{4 2 6 6 }359901
120	0.25259222596693753	0.3743799895348443	0.29411855649072083	0.9972999443692219	[193, 232, 1792, 496, 3366, 438, 2729, 301]	{6 2 3 2 }339298
121	0.25438844063384136	0.37662432152391734	0.29411855649072083	0.8010364590791299	[157, 10, 734, 19, 132, 1031, 241, 1126]	{2 7 8 5 }355000
122	0.2561803385311828	0.37858106716645523	0.29411855649072083	0.7587653238987601	[1807, 157, 10, 734, 19, 132, 241, 1729]	{5 6 4 2 }371244
123	0.25796793003327845	0.3805316706805114	0.29411855649072083	0.5567469950094024	[2238, 1549, 162, 107, 10, 734, 19, 1987]	{7 2 7 4 }296858
124	0.25975122548951257	0.38275393429812754	0.29411855649072083	1.1522172360880938	[837, 162, 107, 10, 158, 420, 2149, 161]	{6 2 2 1 }306494
125	0.2615302352243972	0.38564607017448993	0.29411855649072083	0.957851782978928	[846, 10, 232, 1792, 496, 2729, 438, 970]	{4 1 2 8 }323543
126	0.26330496953763205	0.38893588118682376	0.29411855649072083	0.9172138528765781	[87, 1265, 193, 394, 432, 422, 19, 1460]	{2 4 3 4 }336663
127	0.2650754387041637	0.3914411549975556	0.29411855649072083	0.6184630983909642	[1792, 232, 10, 734, 19, 132, 241, 2197]	{3 1 8 4 }333973
128	0.2668416529742458	0.39469993384269275	0.29411855649072083	0.9403724733656578	[432, 394, 193, 232, 1792, 496, 2728, 301]	{5 5 4 5 }309988
129	0.26860362257349746	0.39718157587777647	0.29411855649072083	0.7491792958577184	[1580, 438, 2627, 301, 10, 734, 19, 400]	{7 8 7 1 }289779
130	0.2703613577029633	0.3996530435422717	0.29411855649072083	0.7630068283960101	[87, 1265, 193, 232, 10, 494, 2229, 1529]	{4 5 3 7 }326894
131	0.2721148685391722	0.40109583293500384	0.29411855649072083	0.4358605586643549	[87, 1265, 193, 232, 10, 734, 19, 132]	{2 3 5 6 }355387
132	0.273864165234196	0.40324432524351184	0.29411855649072083	0.6588402520167402	[1791, 420, 158, 10, 232, 193, 394, 432]	{4 7 4 1 }301932
133	0.27560925791570867	0.4046784838551779	0.29411855649072083	1.0012282467668168	[359, 158, 420, 162, 10, 734, 19, 409]	{1 7 3 4 }326195
134	0.27735015668704466	0.40631358323423783	0.29411855649072083	0.5783102202625546	[1549, 162, 10, 734, 19, 132, 241, 217]	{3 7 1 6 }323458
135	0.27908687162725754	0.408747610999768	0.29411855649072083	0.8647333901634002	[1580, 301, 2627, 261, 217, 132, 241, 1126]	{1 6 6 8 }341433
136	0.2808194127911783	0.411171659606274	0.29411855649072083	0.9363717597800352	[837, 162, 107, 10, 158, 1557, 15, 432]	{5 6 2 2 }304733
137	0.2825477902094734	0.41328400617178085	0.29411855649072083	0.7389701136628505	[193, 232, 10, 734, 19, 132, 1714, 2168]	{8 2 3 3 }299668
138	0.28427201388870327	0.4156894562193637	0.29411855649072083	0.6342688642426048	[1579, 1580, 438, 2627, 301, 10, 232, 2047]	{1 6 3 4 }328104
139	0.2859920938113798	0.41842727113711975	0.29411855649072083	0.9192844711487334	[734, 10, 232, 1792, 496, 1879, 420, 1791]	{6 6 8 1 }363617
140	0.28770803993602434	0.42213628088752075	0.29411855649072083	1.2165303937083223	[2196, 2197, 4018, 241, 132, 19, 400, 4079]	{3 6 5 4 }314193
141	0.2894198621972255	0.42395016672457864	0.29411855649072083	0.6147142051778058	[2309, 420, 158, 10, 734, 19, 132, 1715]	{1 4 3 5 }335671
142	0.29112757050569615	0.4263118870687289	0.29411855649072083	0.5946945823635539	[394, 193, 232, 10, 734, 19, 132, 168]	{6 2 5 7 }355668
143	0.29283117474833154	0.4289999300801728	0.29411855649072083	0.8763811237948655	[1791, 420, 158, 10, 734, 19, 84, 3308]	{4 2 7 5 }318859
144	0.29453068478826594	0.4313409471306823	0.29411855649072083	0.6342688642426048	[1579, 1580, 438, 2627, 301, 10, 232, 2047]	{4 2 5 2 }292430
145	0.29622611046492986	0.43338093894980845	0.29411855649072083	1.1906591034246845	[1849, 420, 158, 10, 107, 162, 3131, 4105]	{7 6 3 7 }309613
146	0.29791746159410726	0.43541361255848654	0.29411855649072083	0.5105102843732272	[394, 193, 232, 10, 734, 19, 132, 217]	{6 8 5 6 }308448
147	0.2996047479679923	0.4374389942098631	0.29411855649072083	0.7574032747361601	[1849, 420, 162, 107, 10, 734, 19, 1987]	{1 7 1 1 }297168
148	0.30128797935524576	0.4394571100629049	0.29411855649072083	0.4237339425775215	[107, 162, 10, 734, 19, 132, 241, 1126]	{8 4 1 3 }311071
149	0.30296716550105185	0.4417552541998554	0.29411855649072083	1.1553101770572416	[2636, 162, 1549, 107, 734, 19, 132, 1108]	{4 5 1 4 }308792
150	0.30464231612717463	0.4435075570431175	0.29411855649072083	0.4917483647455395	[1792, 232, 10, 734, 19, 132, 241, 89]	{6 2 7 8 }336511
151	0.3063134409320143	0.44550390270104634	0.29411855649072083	0.9529148856499855	[2149, 420, 158, 10, 162, 1583, 1013, 156]	{1 6 4 3 }316535
152	0.3079805495906631	0.4470268717182859	0.29411855649072083	0.559357762060949	[837, 162, 1549, 107, 10, 734, 19, 1987]	{8 3 3 7 }351975
153	0.30964365175496167	0.44876262721303184	0.29411855649072083	0.9635293772277188	[846, 10, 232, 1549, 162, 107, 420, 1791]	{6 7 6 1 }337393
154	0.3113027570535547	0.4513454762108884	0.29411855649072083	1.4215638402120618	[1549, 232, 1792, 496, 2729, 438, 80, 909]	{4 6 1 4 }307294
155	0.31295787509194684	0.4530676758182063	0.29411855649072083	0.9427475085003075	[1879, 496, 1792, 232, 10, 107, 420, 1791]	{3 7 2 2 }312229
156	0.31460901545255804	0.45599645008942435	0.29411855649072083	0.9705202926635323	[1529, 2229, 734, 19, 132, 1031, 241, 2872]	{8 5 7 3 }300360
157	0.3162561876947795	0.4579479934365206	0.29411855649072083	0.40301095753191163	[1549, 162, 107, 10, 734, 19, 132, 217]	{7 3 1 1 }302978
158	0.31789940135502837	0.4608506340380981	0.29411855649072083	0.9288838567959974	[193, 394, 432, 422, 19, 734, 10, 1873]	{7 2 7 8 }305323
159	0.3195386659468036	0.46278476361943466	0.29411855649072083	0.8619341638873453	[2636, 162, 1549, 107, 10, 438, 2729, 301]	{4 5 2 7 }295233
160	0.3211739909607406	0.46530191122846487	0.29411855649072083	1.0254890236257457	[320, 232, 1792, 496, 2728, 301, 10, 1873]	{6 6 6 7 }302965
161	0.32280538586466645	0.4672200724206459	0.29411855649072083	0.9160543174575018	[2047, 232, 10, 494, 2229, 734, 19, 1987]	{1 7 6 1 }306200
162	0.32443286010365446	0.4688924424500175	0.29411855649072083	0.7189723453766866	[107, 162, 10, 734, 19, 132, 1714, 2168]	{1 7 3 3 }297604
163	0.326056423100079	0.47173647649413586	0.29411855649072083	0.8647333901634002	[1580, 301, 2627, 261, 217, 132, 241, 1126]	{2 7 8 6 }307575
164	0.3276760842536699	0.4731873955955619	0.29411855649072083	0.4216151515430648	[377, 162, 1549, 107, 10, 158, 420, 1791]	{5 3 1 7 }319032
165	0.3292918529415674	0.4750772686183775	0.29411855649072083	0.4115028919152935	[2149, 420, 158, 10, 734, 19, 132, 241]	{5 1 3 7 }296784
166	0.3309037385183756	0.476960361962779	0.29411855649072083	0.8222224767044702	[1791, 420, 158, 10, 301, 1580, 438, 3366]	{7 4 3 6 }310007
167	0.3325117503162174	0.478836699949998	0.29411855649072083	0.6346335424485795	[1579, 1580, 438, 2627, 261, 217, 132, 19]	{4 8 2 4 }302345
168	0.3341158976447879	0.48097339350887647	0.29411855649072083	1.0578520181703739	[1265, 193, 394, 432, 422, 19, 132, 1108]	{1 1 7 7 }340842
169	0.3357161897914087	0.4831013269356349	0.29411855649072083	0.9464079389649209	[421, 438, 2627, 261, 217, 132, 19, 1460]	{7 5 3 7 }307237
170	0.33731263602108175	0.4845210315430505	0.29411855649072083	0.8377943419466692	[1549, 162, 107, 734, 19, 132, 241, 2872]	{8 6 3 4 }359669
171	0.33890524557654256	0.487281375873456	0.29411855649072083	0.5895170305537488	[1579, 1580, 301, 2728, 496, 1792, 232, 10]	{2 4 2 3 }341714
172	0.34049402767831405	0.48889077445644247	0.29411855649072083	0.8655694492313655	[107, 162, 420, 158, 10, 494, 2229, 1529]	{8 2 5 3 }304863
173	0.34207899152475973	0.4904951212163099	0.29411855649072083	0.6599194892621274	[837, 162, 10, 734, 19, 132, 241, 1729]	{3 4 7 8 }351055
174	0.34366014629213726	0.4925840169474748	0.29411855649072083	0.8997952647002623	[2238, 1549, 162, 10, 232, 193, 394, 432]	{6 6 6 6 }300156
175	0.3452375011346511	0.4944043070652493	0.29411855649072083	0.9558238453374158	[1580, 438, 2627, 261, 217, 241, 132, 1032]	{1 2 6 3 }306590
176	0.3468110651845061	0.4967732997955766	0.29411855649072083	0.9658666227688893	[241, 19, 734, 10, 1820, 841, 1268, 1380]	{5 7 6 3 }296542
177	0.34838084755195975	0.4991311924974924	0.29411855649072083	0.5895170305537488	[1579, 1580, 301, 2728, 496, 1792, 232, 10]	{2 7 4 4 }305053
178	0.34994685732537534	0.5011846815953069	0.29411855649072083	0.8207379126656511	[837, 162, 420, 158, 10, 734, 19, 1460]	{1 7 7 8 }305289
179	0.35150910357127463	0.5029741179256809	0.29411855649072083	1.1195195271968095	[2636, 162, 107, 10, 301, 2729, 496, 3366]	{4 4 2 2 }320176
180	0.3530675953343899	0.5050118515894331	0.29411855649072083	0.9879695369005579	[19, 132, 217, 496, 2729, 438, 2627, 301]	{1 8 3 6 }321515
181	0.3546223416377169	0.5080411290746273	0.29411855649072083	1.1047590366172475	[855, 836, 320, 232, 1792, 496, 2728, 301]	{6 3 6 2 }305398
182	0.35617335148256646	0.5103462258251106	0.29411855649072083	0.626593298130014	[1579, 1580, 438, 2627, 261, 217, 132, 241]	{8 7 7 3 }354328
183	0.3577206338486171	0.5123537349211265	0.29411855649072083	0.957856883316601	[1879, 496, 2728, 301, 10, 158, 420, 1791]	{3 7 1 7 }299012
184	0.3592641976939669	0.5153380808217018	0.29411855649072083	1.0238635925004436	[1792, 496, 2729, 438, 1580, 1579, 4018, 2197]	{2 4 2 2 }323808
185	0.36080405195518517	0.5170767436376316	0.29411855649072083	0.7587653238987601	[1807, 157, 10, 734, 19, 132, 241, 1729]	{6 1 2 3 }303659
186	0.36234020554736446	0.5196627550062645	0.29411855649072083	1.0116413851833488	[2149, 420, 158, 1557, 15, 432, 422, 19]	{2 7 8 7 }299393
187	0.3638726673641719	0.5216320676907322	0.29411855649072083	0.6688323068437062	[837, 162, 107, 10, 734, 19, 241, 1031]	{5 7 5 2 }328789
188	0.36540144627790083	0.5229459444579391	0.29411855649072083	0.9098204967224792	[3131, 162, 1549, 107, 10, 734, 19, 409]	{5 3 3 8 }303297
189	0.36692655113952244	0.5255005267747586	0.29411855649072083	1.0300692806408542	[394, 193, 1265, 87, 160, 320, 232, 2047]	{7 6 1 6 }332240
190	0.36844799077873636	0.5269899573198992	0.29411855649072083	0.6030838907072111	[1792, 232, 10, 107, 1549, 162, 420, 1791]	{7 4 5 6 }359112
191	0.3699657740040224	0.5289292295429864	0.29411855649072083	0.8016569737340982	[10, 232, 1792, 496, 3366, 438, 1580, 301]	{6 1 6 6 }363806
192	0.3714799096026914	0.5318721956224761	0.29411855649072083	1.0023637640917136	[2405, 1743, 1742, 400, 19, 132, 241, 89]	{4 4 1 8 }294095
193	0.3729904063409356	0.5333416258119983	0.29411855649072083	0.5619040897732602	[2047, 232, 10, 734, 19, 241, 132, 1032]	{2 7 6 5 }305015
194	0.37449727296388025	0.535254857120167	0.29411855649072083	0.8771945676409968	[734, 19, 132, 241, 217, 261, 2627, 301]	{6 7 5 4 }317377
195	0.3760005181956336	0.537432442650112	0.29411855649072083	0.8883177168330967	[1579, 1580, 438, 2627, 301, 2729, 496, 217]	{7 2 1 1 }324015
196	0.3775001507393376	0.5390918447611408	0.29411855649072083	0.9445223133978531	[394, 193, 1265, 415, 10, 734, 19, 409]	{3 2 4 3 }306681
197	0.3789961792772184	0.5409815010098424	0.29411855649072083	1.0370155239550842	[2636, 162, 846, 10, 734, 19, 422, 432]	{6 8 5 3 }309358
198	0.38048861247063637	0.5428634099433844	0.29411855649072083	0.8624304720666799	[1549, 162, 107, 10, 1820, 841, 1268, 1380]	{6 3 8 8 }298306
199	0.38197745896013646	0.5441189730874607	0.29411855649072083	0.5521229218175507	[1791, 420, 158, 10, 734, 19, 241, 1126]	{6 2 2 1 }307309
200	0.383462727365498	0.5457543881234193	0.29411855649072083	0.8287796089847973	[2636, 162, 1549, 107, 10, 438, 2627, 301]	{6 3 3 2 }303467
201	0.38494442628578507	0.5471802427923957	0.29411855649072083	0.7323648309443788	[87, 1265, 193, 232, 10, 734, 2229, 1529]	{6 8 6 8 }298689
202	0.3864225642993957	0.5490367377882359	0.29411855649072083	0.6074127555416377	[193, 232, 10, 734, 19, 132, 241, 217]	{5 1 6 4 }307413
203	0.38789714996411195	0.5502753453809806	0.29411855649072083	0.5551845505692676	[1580, 438, 10, 734, 19, 132, 241, 1031]	{1 3 4 7 }310141
204	0.3893681918171492	0.5516870089871369	0.29411855649072083	0.7574196814225235	[1742, 1743, 193, 232, 10, 734, 19, 132]	{5 8 6 1 }318626
205	0.3908356983752058	0.5530942414505562	0.29411855649072083	0.6873029017910577	[318, 158, 10, 734, 19, 132, 241, 1126]	{4 2 7 8 }363354
206	0.3922996781345123	0.5546974588560667	0.29411855649072083	0.8619877751123561	[3869, 438, 2729, 301, 10, 734, 19, 132]	{6 4 7 2 }331353
207	0.3937601395708803	0.5559205188140426	0.29411855649072083	0.7679079850347026	[1791, 420, 158, 10, 162, 1549, 107, 1586]	{6 1 7 2 }301010
208	0.3952170911397521	0.5575135973100063	0.29411855649072083	0.5577659038212255	[377, 162, 1549, 107, 10, 734, 19, 241]	{3 2 6 4 }311494
209	0.39667054127624946	0.558902540398807	0.29411855649072083	0.3559877994173646	[1549, 162, 10, 734, 19, 132, 241, 1031]	{8 4 3 1 }303815
210	0.3981204983952221	0.5601140507553777	0.29411855649072083	0.38288381031244606	[377, 162, 1549, 107, 10, 734, 19, 132]	{5 3 4 5 }293588
211	0.3995669708912969	0.5614948311485144	0.29411855649072083	0.7323648309443788	[87, 1265, 193, 232, 10, 734, 2229, 1529]	{6 2 7 7 }357613
212	0.401009967138926	0.5635494680288057	0.29411855649072083	0.6131253707783104	[2051, 1849, 420, 158, 10, 734, 19, 400]	{7 8 7 4 }332159
213	0.4024494954924358	0.5655944778100118	0.29411855649072083	1.3490654987733017	[2627, 301, 1580, 1579, 1583, 162, 1549, 2180]	{4 4 8 4 }338119
214	0.403885564286075	0.5667876082115346	0.29411855649072083	0.6268417665673257	[359, 158, 10, 734, 19, 132, 241, 2872]	{2 5 8 3 }301578
215	0.4053181818340631	0.5691074222926296	0.29411855649072083	1.350682707216774	[394, 432, 422, 19, 400, 654, 493, 217]	{5 4 7 7 }296332
216	0.4067473564306381	0.5708740190489006	0.29411855649072083	0.7922658007081949	[988, 420, 107, 10, 734, 19, 132, 241]	{8 2 7 1 }339836
217	0.4081730963501049	0.5722210244299553	0.29411855649072083	0.6074979806890326	[837, 162, 107, 10, 734, 19, 132, 1031]	{8 4 6 8 }366132
218	0.40959540984688314	0.5735638016272664	0.29411855649072083	0.3280673200675872	[1792, 232, 10, 734, 19, 132, 241, 1126]	{8 5 6 4 }309118
219	0.4110143051555549	0.5750935870965563	0.29411855649072083	0.5779191927265845	[1265, 193, 232, 10, 734, 19, 132, 1032]	{4 5 3 3 }298762
220	0.41242979049091255	0.5770845063573492	0.29411855649072083	0.7966731451991165	[1535, 496, 1792, 232, 10, 734, 19, 1987]	{1 3 2 8 }297117
221	0.4138418740480061	0.5786016617474894	0.29411855649072083	0.9688118333757038	[1579, 1580, 438, 2627, 301, 10, 158, 318]	{3 5 2 5 }308340
222	0.4152505640021906	0.5805761437572108	0.29411855649072083	0.8109285519905401	[377, 162, 1583, 1579, 1580, 438, 2729, 301]	{4 8 5 8 }295435
223	0.4166558685091739	0.5815841280308656	0.29411855649072083	0.5738630213636511	[1582, 420, 158, 10, 734, 19, 132, 217]	{3 1 7 4 }330807
224	0.4180577957050633	0.5828975149057687	0.29411855649072083	0.8783885502575635	[318, 158, 10, 734, 19, 132, 1032, 370]	{6 7 2 6 }322385
225	0.419456353706413	0.5851310618599235	0.29411855649072083	0.8661963519825046	[193, 394, 432, 15, 1557, 158, 420, 1791]	{4 4 4 4 }298197
226	0.420851550610271	0.5862705334307428	0.27942865957240903	0.27942865957240903	[320, 232, 10, 734, 19, 132, 241, 1126]	{6 1 7 4 }316140
227	0.4222433944942261	0.5877547351204443	0.27942865957240903	0.9737484416193724	[377, 162, 1583, 1013, 156, 1529, 2229, 494]	{1 2 6 6 }308740
228	0.42363189341645446	0.5896863299683806	0.27942865957240903	1.0142599599093325	[1089, 836, 320, 232, 1792, 496, 2728, 301]	{1 1 2 3 }335847
229	0.4250170554157664	0.5913685562030219	0.27942865957240903	0.8014115930310632	[1019, 1799, 232, 10, 734, 19, 132, 1108]	{5 7 4 3 }305531
230	0.42639888851165286	0.5928344693862859	0.27942865957240903	0.8341910132101336	[837, 162, 107, 10, 232, 193, 394, 432]	{3 3 1 3 }322497
231	0.4277774007043319	0.5945037887082262	0.27942865957240903	1.1644833389604077	[1019, 1799, 232, 1792, 496, 217, 132, 19]	{4 6 4 4 }300448
232	0.42915259997479493	0.5961662640642875	0.27942865957240903	0.6926809265985516	[1879, 496, 1792, 232, 10, 734, 19, 3308]	{7 8 8 1 }300688
233	0.43052449428485307	0.5976149660825518	0.27942865957240903	0.7329071227033257	[2149, 420, 162, 107, 10, 734, 19, 132]	{8 6 2 8 }304279
234	0.43189309157718303	0.5988780329440393	0.27942865957240903	0.5898933704546431	[2636, 162, 1549, 107, 10, 734, 19, 3308]	{7 3 5 4 }339485
235	0.4332583997753733	0.6003170068373365	0.27942865957240903	1.0312329608112978	[1579, 1583, 162, 107, 10, 158, 420, 1582]	{4 4 3 4 }302558
236	0.4346204267839697	0.6015715921255842	0.27942865957240903	0.7097705947614472	[837, 162, 1549, 107, 10, 158, 420, 1582]	{6 2 3 1 }308572
237	0.4359791804885218	0.6034384474311182	0.27942865957240903	0.8732953457710538	[1917, 10, 734, 19, 132, 241, 4018, 2197]	{5 7 2 1 }342394
238	0.43733466875562776	0.604683234670627	0.27942865957240903	0.8348890438474144	[2051, 1849, 420, 158, 10, 438, 1580, 301]	{5 4 7 6 }307242
239	0.43868689943298045	0.6061013831431894	0.27942865957240903	0.8630047887241346	[1792, 496, 2728, 301, 10, 158, 420, 1791]	{4 2 1 1 }328928
240	0.44003588034941277	0.6079470138968917	0.27942865957240903	1.0142599599093325	[1089, 836, 320, 232, 1792, 496, 2729, 301]	{4 1 3 1 }300118
241	0.4413816193149427	0.6100464229972236	0.27942865957240903	1.046296034679281	[10, 734, 733, 415, 1265, 193, 394, 432]	{3 3 6 3 }304274
242	0.44272412412081874	0.6114453317157444	0.27942865957240903	0.8318096846776749	[193, 232, 10, 107, 162, 1583, 1013, 156]	{8 8 7 2 }300184
243	0.4440634025395652	0.6125125289858122	0.27942865957240903	0.7504312650905558	[1791, 420, 162, 107, 10, 734, 19, 409]	{7 1 3 3 }296554
244	0.4453994623250269	0.6143281200099312	0.27942865957240903	1.034086044478145	[300, 301, 2728, 496, 1792, 232, 10, 494]	{6 6 6 8 }312707
245	0.4467323112124141	0.6155387251019759	0.27942865957240903	0.6236337952085094	[1849, 420, 158, 10, 734, 19, 422, 432]	{2 5 3 6 }307976
246	0.4480619569183474	0.6169179308872446	0.27942865957240903	0.720740839852452	[1580, 438, 2729, 301, 10, 734, 19, 1987]	{8 6 6 5 }339809
247	0.44938840714090234	0.618969301519728	0.27942865957240903	1.075331224387167	[421, 438, 1580, 1579, 1583, 162, 420, 1791]	{3 5 8 8 }306654
248	0.450711669559654	0.6210096872437254	0.27942865957240903	0.8844014569853184	[394, 193, 1265, 415, 733, 734, 19, 132]	{6 7 1 3 }311709
249	0.4520317518357214	0.6223692666501374	0.27942865957240903	0.8020645945208829	[1550, 420, 158, 10, 734, 19, 132, 1032]	{5 8 4 3 }296255
250	0.453348661611812	0.6235546309777562	0.27942865957240903	0.6412219973493624	[1549, 162, 846, 10, 734, 19, 132, 241]	{4 7 1 6 }310741
251	0.45466240651226575	0.62458856906406	0.27942865957240903	0.74166874369676	[1549, 107, 420, 158, 10, 734, 19, 1987]	{8 3 5 4 }308261
252	0.45597299414309944	0.6263475772265046	0.27942865957240903	0.8793176514714681	[394, 193, 232, 10, 734, 2229, 494, 2626]	{3 7 2 2 }296368
253	0.4572804320920506	0.6280983434723195	0.27942865957240903	0.6750602575000808	[3621, 1720, 132, 19, 734, 10, 232, 2047]	{4 2 5 3 }295357
254	0.45858472792862137	0.6292657245091321	0.27942865957240903	0.7671398196578567	[1580, 438, 2627, 261, 217, 132, 19, 3308]	{1 1 6 7 }359354
255	0.45988588920412254	0.6310028176366924	0.27942865957240903	0.927437299397933	[1265, 193, 232, 10, 158, 1557, 15, 432]	{7 1 1 6 }321349
256	0.461183923451717	0.6332610431320351	0.27942865957240903	0.8162273998033012	[2654, 232, 1792, 496, 2729, 438, 2627, 301]	{1 4 5 2 }374334
257	0.4624788381864636	0.6352658114822609	0.27942865957240903	1.0854826770959107	[734, 10, 232, 193, 1743, 1742, 400, 4079]	{6 6 2 4 }357826
258	0.4637706409053606	0.6364106941889642	0.27942865957240903	0.4885728166877107	[320, 232, 10, 734, 19, 241, 132, 1032]	{2 6 4 8 }335429
259	0.46505933908738883	0.637551983165073	0.27942865957240903	0.9956413264040611	[1549, 162, 107, 10, 438, 2729, 496, 3366]	{1 1 5 1 }311179
260	0.46634494019355544	0.6386896896911313	0.27942865957240903	0.4986239590348064	[837, 162, 10, 734, 19, 132, 241, 1031]	{8 2 6 4 }312306
261	0.46762745166693676	0.6399858443438655	0.27942865957240903	1.1911406272205058	[1819, 1513, 1031, 241, 132, 217, 261, 165]	{7 4 4 1 }336866
262	0.46890688093272137	0.6411159110992035	0.27942865957240903	0.7443440662717085	[1879, 496, 1792, 232, 10, 734, 19, 409]	{3 1 8 6 }302701
263	0.47018323539825324	0.6422424306304909	0.27942865957240903	0.7551324269178905	[1265, 193, 232, 10, 107, 162, 420, 1791]	{3 6 6 5 }359892
264	0.4714565224530747	0.6432250411420648	0.27942865957240903	0.9539790109999957	[1265, 193, 232, 10, 734, 19, 409, 119]	{4 1 4 4 }298292
265	0.47272674946896887	0.644687766465371	0.27942865957240903	0.5486569155892225	[19, 734, 10, 232, 1792, 496, 2728, 301]	{1 5 2 7 }363128
266	0.4739939238000027	0.6463525988798917	0.27942865957240903	0.8493048553603348	[1742, 1743, 193, 232, 10, 734, 19, 1987]	{2 7 8 3 }315724
267	0.4752580527825695	0.6480096306427411	0.27942865957240903	0.7060392875955529	[420, 1791, 1792, 232, 10, 734, 19, 132]	{6 7 3 8 }294222
268	0.47651914373543125	0.6494527398465564	0.27942865957240903	0.8962528871792638	[193, 1265, 415, 10, 734, 19, 132, 168]	{5 2 6 6 }360673
269	0.477777203959761	0.6508899325130018	0.27942865957240903	0.597469793671439	[1807, 157, 10, 734, 19, 132, 241, 1031]	{8 7 6 3 }302966
270	0.47903224073918504	0.6519857718710456	0.27942865957240903	0.7830521981101183	[377, 162, 1549, 107, 734, 10, 232, 2047]	{8 5 4 1 }331496
271	0.4802842613398256	0.6529416214966438	0.27942865957240903	0.4237339425775215	[107, 162, 10, 734, 19, 132, 241, 1126]	{5 1 2 7 }308647
272	0.4815332730103422	0.653894845802836	0.27942865957240903	0.787414617018555	[320, 232, 1792, 496, 3366, 438, 1580, 301]	{4 5 1 2 }300343
273	0.48277928298197414	0.6551364538974527	0.27942865957240903	0.7763992546488784	[1791, 420, 158, 10, 734, 2229, 1529, 156]	{2 2 1 4 }333821
274	0.48402229846858214	0.6569831677160538	0.27942865957240903	0.8491020263468065	[1792, 232, 10, 734, 19, 1126, 241, 1031]	{3 7 1 1 }323143
275	0.48526232666669	0.6580598807080165	0.27942865957240903	0.6302961802268212	[1726, 132, 241, 19, 734, 10, 232, 2047]	{7 2 1 3 }302368
276	0.4864993747555266	0.6591332139507717	0.27942865957240903	0.3559877994173646	[1549, 162, 10, 734, 19, 132, 241, 1031]	{2 1 6 4 }333713
277	0.48773344989706724	0.6603560300678168	0.27942865957240903	1.1290170678659124	[157, 320, 232, 10, 158, 1557, 15, 432]	{3 7 7 8 }314831
278	0.48896455923607496	0.6619474480860331	0.27942865957240903	0.6923368502348177	[394, 193, 232, 10, 734, 19, 241, 1126]	{1 6 4 4 }322169
279	0.4901927099001423	0.6628759371507382	0.27942865957240903	0.4648618210715908	[1549, 162, 107, 10, 734, 19, 132, 1031]	{7 2 6 7 }294680
280	0.49141790899973226	0.6639341530288225	0.27942865957240903	0.6724052979937339	[1579, 1580, 438, 10, 734, 19, 132, 1032]	{5 4 8 8 }330411
281	0.4926401636282195	0.6653119740122138	0.27942865957240903	0.5842435290330148	[377, 162, 107, 10, 734, 19, 241, 1031]	{8 5 5 7 }288536
282	0.49385948086193154	0.6663625432902167	0.27942865957240903	1.0370603948117871	[3819, 438, 1580, 301, 10, 158, 420, 1582]	{4 2 1 7 }299200
283	0.49507586776018964	0.667559425110365	0.27942865957240903	0.5988624626688432	[377, 162, 107, 10, 734, 19, 422, 432]	{7 6 4 4 }313244
284	0.4962893313653497	0.6686029397497368	0.27942865957240903	0.8721258381388592	[2636, 162, 1549, 107, 10, 734, 19, 786]	{6 5 5 2 }320226
285	0.49749987870284296	0.6699616193881535	0.27942865957240903	1.0196837441620918	[1879, 496, 1792, 232, 10, 162, 107, 1586]	{5 5 6 3 }295739
286	0.4987075167812167	0.6715080299595335	0.27942865957240903	0.7828071744138969	[394, 193, 1265, 415, 10, 158, 420, 1791]	{7 7 2 8 }329223
287	0.499912252592175	0.6725391501221883	0.27942865957240903	0.9201189910968213	[320, 232, 10, 734, 19, 241, 1126, 1990]	{5 8 6 1 }323948
288	0.5011140931106188	0.6745431774569894	0.27942865957240903	1.3862147129385605	[1743, 193, 1265, 415, 733, 734, 10, 1873]	{2 2 5 5 }299576
289	0.5023130452946867	0.6754370713177338	0.27942865957240903	0.3193425374706503	[377, 162, 107, 10, 734, 19, 132, 241]	{1 2 6 5 }286948
290	0.5035091160857952	0.6766013994260487	0.27942865957240903	0.7410592884839474	[1265, 193, 232, 10, 734, 19, 400, 4079]	{5 3 2 8 }371816
291	0.5047023124086787	0.6777615506557864	0.27942865957240903	0.6150695573229844	[2149, 420, 158, 10, 734, 19, 132, 1031]	{3 8 6 8 }324183
292	0.5058926411714294	0.6789175399909657	0.27942865957240903	0.5261961472262644	[1549, 162, 107, 10, 734, 19, 241, 1031]	{7 1 4 3 }305301
293	0.5070801092655379	0.6799254020654918	0.27942865957240903	0.6106733468314501	[241, 132, 19, 734, 10, 438, 2729, 301]	{4 1 5 8 }312367
294	0.5082647235659328	0.6816393732569064	0.27942865957240903	1.0909875493620613	[2047, 232, 1799, 1019, 10, 734, 2229, 1529]	{6 4 4 6 }299166
295	0.5094464909310201	0.6829446054182985	0.27942865957240903	1.2719399597240133	[1791, 420, 162, 1549, 232, 193, 394, 432]	{6 6 5 4 }362239
296	0.5106254182027237	0.6844301835894956	0.27942865957240903	0.8710438557887885	[1879, 496, 1792, 232, 10, 494, 2229, 1529]	{8 2 1 5 }370376
297	0.5118015122065243	0.6857239738353477	0.27942865957240903	1.137624280717818	[320, 232, 10, 1820, 733, 734, 2229, 494]	{2 7 8 3 }299878
298	0.5129747797514992	0.6870124597297909	0.27942865957240903	0.7060392875955529	[420, 1791, 1792, 232, 10, 734, 19, 132]	{3 7 6 6 }366108
299	0.5141452276303617	0.6882956630198929	0.27942865957240903	0.82322681526833	[2875, 836, 320, 232, 10, 158, 420, 1791]	{4 8 7 1 }318780
300	0.5153128626195008	0.6899648122034598	0.27942865957240903	0.6486059469237553	[1579, 1580, 301, 2728, 496, 1792, 232, 2047]	{1 6 4 5 }296121
301	0.5164776914790197	0.6909379974330109	0.27942865957240903	0.29411855649072083	[2047, 232, 10, 734, 19, 132, 241, 1031]	{4 7 3 5 }304859
302	0.5176397209527754	0.6919081278819168	0.27942865957240903	0.8496185321850398	[1579, 1580, 438, 10, 107, 162, 420, 1791]	{3 7 8 5 }302554
303	0.5187989577684178	0.6927543274818504	0.27942865957240903	0.40301095753191163	[1549, 162, 107, 10, 734, 19, 132, 217]	{1 3 6 8 }334057
304	0.5199554086374283	0.6938565321425103	0.27942865957240903	0.6997073808099048	[734, 10, 107, 1549, 162, 1583, 1013, 156]	{1 1 2 8 }315740
305	0.521109080255159	0.6952909819606681	0.27942865957240903	0.8895097723613143	[421, 438, 2627, 261, 217, 132, 19, 1987]	{8 5 8 7 }297230
306	0.5222599793008715	0.6967187105957962	0.27942865957240903	0.9191255420859823	[1879, 496, 2729, 301, 10, 734, 19, 132]	{8 5 2 6 }296497
307	0.5234081124377751	0.6974475741682016	0.27942865957240903	0.9127002914367466	[193, 1265, 87, 415, 10, 734, 19, 1987]	{1 8 8 4 }306915
308	0.5245534863130658	0.6986879950102598	0.27942865957240903	0.9484212887319241	[10, 734, 19, 132, 217, 496, 2728, 301]	{6 4 1 4 }307978
309	0.5256961075579647	0.6997689133955067	0.27942865957240903	0.969294898260749	[160, 837, 162, 107, 10, 158, 420, 1791]	{4 8 3 4 }297676
310	0.5268359827877562	0.7009998170851206	0.27942865957240903	0.641921615407157	[107, 162, 10, 232, 1792, 496, 2728, 301]	{3 3 8 6 }303715
311	0.5279731186018268	0.7019383639762458	0.27942865957240903	0.45541408671804184	[2047, 232, 10, 734, 19, 132, 241, 1729]	{3 2 8 7 }305962
312	0.5291075215837026	0.7030076220774151	0.27942865957240903	1.1721598308794663	[2149, 420, 158, 1557, 734, 19, 132, 241]	{6 4 5 7 }296411
313	0.5302391983010879	0.7039398665672669	0.27942865957240903	0.5035931623022096	[2238, 1549, 162, 107, 10, 158, 420, 1791]	{5 5 4 4 }309986
314	0.5313681553059033	0.7051536699568872	0.27942865957240903	0.5367126567672513	[1265, 193, 232, 10, 734, 19, 132, 217]	{1 7 8 3 }309046
315	0.5324943991343231	0.7065351864970726	0.27942865957240903	0.7323648309443788	[87, 1265, 193, 232, 10, 734, 2229, 1529]	{7 3 4 7 }299323
316	0.5336179363068136	0.7074563581354398	0.27942865957240903	0.82322681526833	[855, 836, 320, 232, 10, 158, 420, 1791]	{2 4 4 7 }304429
317	0.534738773328171	0.7085058211363888	0.27942865957240903	0.27942865957240903	[320, 232, 10, 734, 19, 132, 241, 1126]	{3 5 2 4 }351432
318	0.5358569166875584	0.7094208070493955	0.27942865957240903	0.8830776788031564	[2238, 1549, 107, 10, 232, 1792, 496, 3366]	{2 2 2 5 }320529
319	0.536972372858544	0.71061213938201	0.27942865957240903	0.8348890438474144	[2051, 1849, 420, 158, 10, 438, 1580, 301]	{8 8 3 7 }305915
320	0.5380851482991382	0.7117985874257244	0.27942865957240903	0.8078284550002209	[2636, 162, 107, 10, 232, 193, 394, 432]	{2 1 6 1 }358596
321	0.5391952494518312	0.7128324732329503	0.27942865957240903	0.8202256390527495	[193, 394, 432, 422, 19, 132, 241, 2872]	{3 4 5 1 }340655
322	0.5403026827436301	0.713862650106716	0.27942865957240903	0.5329952038510364	[2636, 162, 1549, 107, 10, 734, 19, 1987]	{4 1 2 1 }304871
323	0.5414074545860965	0.7153948903334308	0.27942865957240903	0.8491020263468065	[1792, 232, 10, 734, 19, 1126, 241, 1031]	{5 6 1 8 }360326
324	0.5425095713753831	0.7169189255491142	0.27942865957240903	0.8623627748986834	[837, 162, 1583, 1579, 1580, 438, 2627, 301]	{8 7 1 8 }302160
325	0.5436090394922712	0.7184347996908753	0.27942865957240903	1.0006648895131625	[158, 420, 1582, 1579, 1580, 438, 2627, 301]	{2 1 1 8 }360768
326	0.5447058653022072	0.7191114738706954	0.27942865957240903	0.7129418612075873	[1579, 1580, 301, 10, 734, 19, 132, 217]	{7 5 1 2 }299233
327	0.5458000551553399	0.7199931691605823	0.27942865957240903	0.5846438992057731	[87, 1265, 193, 232, 10, 734, 19, 1460]	{3 2 8 3 }295389
328	0.5468916153865568	0.7208720968522517	0.27942865957240903	0.7795583161299493	[320, 232, 1549, 162, 10, 158, 420, 1791]	{1 1 7 7 }312677
329	0.5479805523155213	0.7217482656330587	0.27942865957240903	0.3280673200675872	[1792, 232, 10, 734, 19, 132, 241, 1126]	{8 1 7 5 }299673
330	0.5490668722467089	0.7228890571824859	0.27942865957240903	0.4043216966243352	[1799, 232, 10, 734, 19, 132, 241, 1031]	{6 3 8 4 }301318
331	0.5501505814694436	0.7237588948238634	0.27942865957240903	1.0933202078801987	[1794, 1791, 420, 107, 162, 1583, 1013, 156]	{8 4 4 1 }305083
332	0.5512316862579348	0.7246260020875999	0.27942865957240903	0.5965766233672192	[160, 320, 232, 10, 734, 19, 132, 241]	{8 2 6 5 }300311
333	0.5523101928713134	0.7257549953370585	0.27942865957240903	0.6383876678838801	[846, 10, 734, 19, 132, 1031, 241, 1126]	{5 4 1 8 }340336
334	0.5533861075536677	0.7270399833847294	0.27942865957240903	0.5893387435099808	[87, 1265, 193, 232, 10, 734, 19, 400]	{1 2 5 1 }301430
335	0.5544594365340798	0.7281590796627622	0.27942865957240903	0.6674234191451528	[1579, 1580, 438, 2729, 301, 10, 232, 2047]	{1 4 5 1 }364253
336	0.5555301860266624	0.7290123749623698	0.27942865957240903	0.8606712040872646	[377, 162, 1549, 107, 10, 158, 420, 1661]	{3 8 6 2 }300288
337	0.556598362230593	0.7298629918099349	0.27942865957240903	0.4798413711438436	[2636, 162, 1549, 107, 10, 158, 420, 1791]	{5 2 2 4 }313350
338	0.5576639713301517	0.7307109386129869	0.27942865957240903	0.925169479014451	[377, 162, 846, 10, 734, 19, 132, 168]	{6 8 4 4 }365708
339	0.558727019494756	0.7318149845097084	0.27942865957240903	1.0165950522121325	[394, 193, 232, 10, 734, 19, 84, 3308]	{4 5 5 4 }292671
340	0.5597875128789963	0.7327770640455074	0.27942865957240903	0.6910228171134865	[2149, 420, 158, 10, 734, 19, 422, 432]	{4 1 7 2 }328838
341	0.5608454576226725	0.7342080192567828	0.27942865957240903	1.0726037269316082	[1879, 496, 2728, 301, 10, 734, 19, 400]	{7 1 1 7 }325993
342	0.5619008598508284	0.7351615140856607	0.27942865957240903	0.5277457326021664	[87, 1265, 193, 232, 10, 734, 19, 1987]	{8 3 4 4 }339337
343	0.5629537256737882	0.7362473132717162	0.27942865957240903	0.5229092028783412	[377, 162, 107, 10, 734, 19, 132, 1031]	{1 7 4 1 }310599
344	0.5640040611871913	0.7370752200032153	0.27942865957240903	0.767390598694206	[846, 10, 734, 19, 132, 217, 261, 165]	{6 3 4 6 }310107
345	0.5650518724720273	0.7380184291151298	0.27942865957240903	0.960510428730623	[1580, 438, 2627, 301, 10, 162, 420, 1791]	{4 2 4 8 }297489
346	0.5660971655946722	0.7389582545846626	0.27942865957240903	1.070077244839612	[2636, 162, 107, 10, 438, 2627, 261, 217]	{3 5 8 3 }331547
347	0.5671399466069225	0.7398947085501991	0.27942865957240903	0.7060392875955529	[420, 1791, 1792, 232, 10, 734, 19, 132]	{4 6 2 1 }351407
348	0.568180221546031	0.7411134442973089	0.27942865957240903	0.8011054648787022	[359, 158, 10, 232, 1792, 496, 2728, 301]	{1 8 1 7 }304932
349	0.569217996434741	0.7420421667946479	0.27942865957240903	0.5826289272877523	[1879, 496, 1792, 232, 10, 158, 420, 1791]	{5 6 2 1 }364453
350	0.5702532772813219	0.7430997563076072	0.27942865957240903	0.4894829601663889	[1579, 1580, 438, 10, 734, 19, 132, 241]	{4 1 5 6 }298909
351	0.5712860700796036	0.7440213531639653	0.27942865957240903	0.6926145932744388	[1792, 232, 10, 734, 19, 132, 1032, 1729]	{3 5 6 6 }321331
352	0.5723163808090113	0.7450708283013215	0.27942865957240903	0.9605893315831444	[377, 162, 10, 232, 193, 1265, 87, 1815]	{7 7 6 6 }307876
353	0.5733442154346	0.7462653110924962	0.27942865957240903	0.8109285519905401	[377, 162, 1583, 1579, 1580, 438, 2729, 301]	{7 8 3 1 }291939
354	0.5743695799070891	0.7468751013375969	0.27942865957240903	0.5293184125067912	[1549, 162, 420, 158, 10, 734, 19, 132]	{4 7 1 5 }294793
355	0.5753924801628971	0.7479128765234395	0.27942865957240903	0.36879448250521546	[394, 193, 232, 10, 734, 19, 132, 241]	{3 4 1 7 }357300
356	0.5764129221241756	0.7490940427621364	0.27942865957240903	1.0513405015889825	[1549, 107, 10, 734, 19, 132, 217, 227]	{2 4 1 1 }325729
357	0.5774309116988436	0.7497831765558196	0.27942865957240903	1.1855979638451135	[2636, 162, 320, 232, 10, 734, 19, 1987]	{8 7 7 7 }300189
358	0.5784464547806221	0.750809029057185	0.27942865957240903	0.41150289191529354	[1791, 420, 158, 10, 734, 19, 132, 1032]	{6 3 4 5 }303451
359	0.5794595572490676	0.7517029698808798	0.27942865957240903	0.4358605586643549	[87, 1265, 193, 232, 10, 734, 19, 132]	{7 1 4 4 }320395
360	0.580470224969607	0.7525937038058925	0.27942865957240903	0.5438455811244645	[2047, 232, 10, 734, 19, 132, 1032, 370]	{5 6 4 3 }309250
361	0.5814784637935708	0.7533703000202295	0.27942865957240903	1.1711771774635522	[241, 132, 217, 261, 2627, 438, 10, 494]	{2 2 6 8 }310072
362	0.582484279558227	0.7545258952408761	0.27942865957240903	0.9635222974904056	[320, 232, 193, 394, 432, 422, 19, 400]	{1 8 1 3 }308040
363	0.5834876780868156	0.7555323032869913	0.27942865957240903	1.1219086579051323	[3819, 438, 1580, 301, 10, 494, 2229, 1529]	{5 3 8 1 }294820
364	0.5844886651885814	0.7565345852068242	0.27942865957240903	0.609014861572681	[1849, 420, 158, 10, 734, 19, 241, 1031]	{5 3 3 4 }309752
365	0.5854872466588084	0.7576753540183291	0.27942865957240903	0.626593298130014	[1579, 1580, 438, 2627, 261, 217, 132, 241]	{1 3 5 1 }302393
366	0.5864834282788529	0.7583409185367114	0.27942865957240903	0.38288381031244606	[377, 162, 1549, 107, 10, 734, 19, 132]	{3 4 8 5 }298520
367	0.5874772158161772	0.7594732236872578	0.27942865957240903	0.8064057394022315	[377, 162, 1549, 232, 10, 734, 19, 1460]	{7 2 2 6 }329631
368	0.5884686150243825	0.7604593484079277	0.27942865957240903	0.964735938712218	[1265, 193, 1743, 1742, 400, 19, 132, 241]	{5 8 2 6 }332557
369	0.5894576316432434	0.7612112547501182	0.27942865957240903	0.798870033592171	[1582, 420, 158, 10, 232, 1792, 496, 3366]	{4 8 7 6 }299859
370	0.5904442713987395	0.7618671076270862	0.27942865957240903	0.9883005561225112	[359, 158, 420, 107, 10, 734, 19, 400]	{5 6 5 5 }314850
371	0.5914285400030896	0.7629828906504912	0.27942865957240903	0.6796361463493921	[1549, 107, 10, 232, 1792, 496, 2729, 301]	{3 7 4 8 }307536
372	0.5924104431547851	0.7639546262482252	0.27942865957240903	0.6189357998887759	[1879, 232, 10, 734, 19, 132, 241, 1126]	{4 5 1 3 }341663
373	0.5933899865386218	0.7646029442303315	0.27942865957240903	0.8012591904457156	[3284, 162, 1549, 107, 10, 734, 19, 1987]	{4 3 2 2 }310760
374	0.5943671758257337	0.7653418440287156	0.27942865957240903	0.9498727125191182	[193, 1265, 415, 10, 734, 19, 422, 432]	{1 3 3 7 }320601
375	0.5953420166736256	0.7660784244569179	0.27942865957240903	0.4726765573913526	[377, 162, 10, 734, 19, 132, 241, 1126]	{6 5 3 7 }300158
376	0.596314514726206	0.7670374688172894	0.27942865957240903	0.47989498236885453	[1726, 132, 19, 734, 10, 158, 420, 1791]	{3 4 1 1 }284074
377	0.5972846756138193	0.7679925812355859	0.27942865957240903	0.7579490566077594	[1820, 10, 734, 19, 132, 1031, 241, 2872]	{6 5 8 1 }307982
378	0.5982525049532789	0.7687208411298659	0.27942865957240903	0.5944252297426385	[2149, 420, 158, 10, 734, 19, 132, 1032]	{2 4 6 6 }359987
379	0.5992180083478995	0.7698045106580996	0.27942865957240903	1.1847550220952547	[432, 15, 1557, 734, 19, 132, 241, 1729]	{2 4 1 5 }327230
380	0.6001811913875297	0.770527082994901	0.27942865957240903	1.0647683060472555	[1019, 1799, 232, 10, 301, 1580, 438, 3366]	{4 4 6 4 }306186
381	0.6011420596485841	0.7719314340751794	0.27942865957240903	0.7382658583335895	[193, 232, 1792, 496, 2729, 438, 2627, 301]	{7 8 8 4 }296108
382	0.6021006186940759	0.7726473301038217	0.27942865957240903	1.1933811025582342	[241, 132, 217, 496, 3366, 438, 1580, 301]	{2 2 8 4 }323943
383	0.6030568740736487	0.7733609789699858	0.27942865957240903	0.8313289556153272	[734, 10, 232, 1792, 496, 217, 132, 241]	{2 8 4 7 }315714
384	0.604010831323609	0.7739834616327269	0.27942865957240903	0.81190764836624	[1849, 420, 162, 10, 734, 19, 132, 217]	{2 8 6 7 }329892
385	0.6049624959669582	0.7749100964930155	0.27942865957240903	1.1136777501776425	[2238, 1549, 162, 107, 734, 19, 241, 1031]	{5 8 7 1 }312075
386	0.6059118735134243	0.7755283243774036	0.27942865957240903	0.7161452938815767	[1792, 232, 10, 107, 162, 1583, 1013, 156]	{3 2 1 2 }313044
387	0.6068589694594942	0.7765800971182425	0.27942865957240903	1.303188550004613	[734, 10, 107, 162, 1583, 1579, 4018, 2197]	{1 3 1 6 }293986
388	0.6078037892884451	0.7773815875223942	0.27942865957240903	0.7598833452271068	[320, 232, 1799, 1019, 10, 158, 420, 1791]	{4 1 2 1 }329593
389	0.6087463384703768	0.778180202681952	0.27942865957240903	0.4705143080389149	[320, 232, 10, 734, 19, 132, 1032, 370]	{8 2 1 2 }299740
390	0.6096866224622426	0.7790896315157085	0.27942865957240903	0.4307214741276705	[1792, 232, 10, 734, 19, 132, 241, 1729]	{6 4 8 3 }331974
391	0.6106246467078815	0.7801247175821177	0.27942865957240903	0.7403904235932837	[1579, 1580, 301, 2627, 261, 217, 132, 241]	{6 1 6 7 }318064
392	0.6115604166380499	0.7808148952961804	0.27942865957240903	1.0125228336311252	[2238, 1549, 107, 232, 10, 734, 19, 3308]	{4 6 5 6 }299481
393	0.612493937670452	0.7818418975568711	0.27942865957240903	0.7454369515957597	[2627, 438, 2729, 496, 1792, 232, 10, 494]	{5 4 6 7 }301668
394	0.6134252152097724	0.7830101149198675	0.27942865957240903	1.0596436357244972	[1580, 438, 2627, 301, 2729, 496, 1792, 1791]	{1 3 7 6 }298633
395	0.6143542546477068	0.7843380711052808	0.27942865957240903	0.5592582483653494	[1579, 1580, 438, 2729, 496, 1792, 232, 2047]	{4 2 6 8 }362262
396	0.6152810613629928	0.7852222535761502	0.27942865957240903	1.1759672840689015	[1849, 420, 158, 10, 157, 841, 1268, 1380]	{5 7 6 6 }331981
397	0.616205640721442	0.7861028110277786	0.27942865957240903	0.8459214505609385	[3819, 438, 2627, 301, 10, 158, 420, 1791]	{1 3 3 2 }326002
398	0.6171279980759704	0.7869797583222164	0.27942865957240903	1.0073134165708704	[160, 87, 1265, 193, 232, 1792, 496, 3366]	{1 3 1 3 }315608
399	0.6180481387666295	0.7881204628947756	0.27942865957240903	0.6806215359510435	[1579, 1580, 438, 2729, 301, 2627, 261, 217]	{6 2 4 7 }299441
400	0.6189660681206373	0.7891132345700915	0.27942865957240903	1.2687483649498037	[988, 420, 162, 10, 734, 2229, 494, 2626]	{8 8 7 7 }302180
401	0.6198817914524092	0.7897751977707295	0.27942865957240903	0.7572409190152881	[107, 10, 734, 19, 132, 241, 4018, 2197]	{8 4 6 1 }304350
402	0.6207953140635885	0.7904350831013878	0.27942865957240903	0.9382931158531802	[10, 232, 1792, 496, 217, 132, 19, 1987]	{4 1 7 1 }297135
403	0.6217066412430774	0.7912942687118504	0.27942865957240903	1.33585358688793	[87, 1265, 415, 10, 301, 2627, 261, 217]	{1 2 1 7 }294841
404	0.6226157782670674	0.7920429739022177	0.27942865957240903	0.8997952647002623	[2238, 1549, 162, 10, 232, 193, 394, 432]	{8 6 1 7 }308695
405	0.6235227303990702	0.7931565654027115	0.27942865957240903	0.9302043840071945	[421, 438, 2627, 261, 217, 132, 241, 1126]	{7 7 4 8 }339055
406	0.6244275028899477	0.7942641937191127	0.27942865957240903	0.5895170305537488	[1579, 1580, 301, 2729, 496, 1792, 232, 10]	{6 4 2 1 }303635
407	0.6253301009779426	0.7951076805342221	0.27942865957240903	1.0723817895714294	[2309, 420, 1791, 1794, 107, 1549, 162, 10]	{4 4 8 6 }319121
408	0.6262305298887088	0.7960677132680788	0.27942865957240903	1.0715400673336555	[193, 394, 432, 422, 19, 132, 1714, 2168]	{1 1 5 6 }300333
409	0.6271287948353417	0.7967992943349582	0.22858055408794858	0.22858055408794858	[1791, 420, 158, 10, 734, 19, 132, 241]	{2 4 1 5 }326312
410	0.6280249010184079	0.7975282509480742	0.22858055408794858	0.8091138562248298	[1549, 162, 107, 10, 734, 2229, 1529, 156]	{1 1 3 5 }351452
411	0.6289188536259762	0.7981637998255391	0.22858055408794858	0.7967098229730211	[2654, 232, 10, 107, 1549, 162, 420, 1791]	{4 3 1 8 }297578
412	0.629810657833647	0.7989912988240678	0.22858055408794858	0.4307214741276705	[1792, 232, 10, 734, 19, 132, 241, 1729]	{5 7 8 2 }369853
413	0.6307003188045821	0.7997123919006714	0.22858055408794858	0.8913617048671305	[1792, 232, 10, 494, 2229, 734, 19, 1987]	{5 4 1 6 }296647
414	0.6315878416895351	0.8004308981478391	0.22858055408794858	0.7743735679391083	[1849, 420, 158, 10, 232, 193, 394, 432]	{8 8 6 4 }297087
415	0.6324732316268808	0.8010573357582846	0.22858055408794858	0.3966839071762177	[2047, 232, 10, 734, 19, 132, 241, 2872]	{2 8 7 4 }303152
416	0.6333564937426458	0.8017710171909119	0.22858055408794858	0.8078284550002209	[2636, 162, 107, 10, 232, 193, 394, 432]	{8 1 6 2 }294461
417	0.6342376331505366	0.802583727124076	0.22858055408794858	0.9640776763886937	[837, 162, 420, 158, 10, 734, 2229, 494]	{8 8 1 3 }294969
418	0.6351166549519708	0.803393105064985	0.22858055408794858	1.0956500214172593	[1743, 1742, 400, 19, 734, 10, 195, 190]	{2 8 8 8 }308064
419	0.6359935642361056	0.8041991646743212	0.22858055408794858	0.9234948073671841	[320, 232, 10, 162, 1583, 1013, 156, 1529]	{3 6 6 4 }368463
420	0.6368683660798682	0.8048137738811889	0.22858055408794858	0.4798413711438436	[2636, 162, 1549, 107, 10, 158, 420, 1791]	{7 8 4 8 }294908
421	0.6377410655479837	0.8055139795711879	0.22858055408794858	1.0076365895448947	[3819, 438, 2627, 301, 10, 734, 19, 409]	{3 1 5 1 }306285
422	0.6386116676930063	0.8063113439042142	0.22858055408794858	1.0106079175082006	[988, 420, 158, 10, 494, 2229, 1529, 156]	{6 7 5 3 }372101
423	0.6394801775553467	0.8070061772527721	0.22858055408794858	1.0804868106355323	[1792, 232, 107, 1549, 162, 1583, 1013, 156]	{7 7 5 6 }302953
424	0.6403466001633031	0.8077974237928254	0.22858055408794858	0.7189723453766866	[107, 162, 10, 734, 19, 132, 1714, 2168]	{5 4 3 8 }306387
425	0.641210940533089	0.8083253239349959	0.22858055408794858	0.8566574551224262	[107, 420, 158, 10, 734, 19, 422, 432]	{4 2 4 3 }299011
426	0.6420732036688623	0.8089269813305683	0.22858055408794858	0.4629630727915729	[1799, 232, 10, 734, 19, 132, 241, 1126]	{3 5 8 6 }299168
427	0.642933394562755	0.8097103528539032	0.22858055408794858	0.767390598694206	[846, 10, 734, 19, 132, 217, 261, 165]	{8 5 6 7 }341262
428	0.6437915181949017	0.8104905126681866	0.22858055408794858	0.7517702901971454	[2051, 1849, 420, 158, 10, 734, 2229, 494]	{6 1 7 4 }301470
429	0.6446475795334683	0.811170353781861	0.22858055408794858	0.7164800807965885	[1580, 438, 10, 734, 19, 132, 241, 1729]	{1 8 3 5 }298922
430	0.6455015835346811	0.8122025858129368	0.22858055408794858	1.0297683678802672	[2405, 1743, 1742, 400, 19, 132, 1032, 370]	{1 5 7 7 }303761
431	0.6463535351428551	0.812876285082581	0.22858055408794858	0.7842181782845907	[107, 10, 734, 19, 132, 217, 241, 1031]	{8 7 6 3 }307380
432	0.6472034392904229	0.8135475675420265	0.22858055408794858	0.7743735679391083	[1849, 420, 158, 10, 232, 193, 394, 432]	{5 4 1 5 }340251
433	0.6480513008979631	0.8145460038436401	0.22858055408794858	0.5757774426010136	[10, 232, 1792, 496, 2729, 438, 1580, 301]	{4 8 3 1 }312650
434	0.6488971248742291	0.8152112964000044	0.22858055408794858	0.9810239425981355	[1791, 420, 158, 10, 232, 1879, 496, 3366]	{1 1 3 8 }328750
435	0.6497409161161771	0.8160771326830116	0.22858055408794858	0.8630579161736927	[1529, 2229, 494, 10, 734, 19, 400, 4079]	{4 1 1 3 }303166
436	0.6505826795089948	0.8169389120488242	0.22858055408794858	0.7910998227613809	[1580, 301, 2728, 496, 1792, 232, 10, 1873]	{7 5 5 7 }307847
437	0.6514224199261295	0.8176894358241342	0.22858055408794858	0.3850903346964476	[193, 232, 10, 734, 19, 132, 241, 1031]	{8 2 4 1 }299381
438	0.652260142229316	0.8184368825613713	0.22858055408794858	0.7275668085700445	[1265, 193, 394, 432, 422, 19, 132, 241]	{3 2 5 6 }302503
439	0.6530958512686056	0.8190882170866215	0.22858055408794858	0.9941166090953606	[837, 162, 107, 10, 232, 1792, 496, 217]	{2 8 2 8 }305428
440	0.6539295518823933	0.8197372150323408	0.22858055408794858	0.6486059469237553	[1579, 1580, 301, 2729, 496, 1792, 232, 2047]	{4 6 7 3 }371268
441	0.6547612488974466	0.8204762661733342	0.22858055408794858	0.874843120956937	[1265, 808, 331, 241, 132, 19, 734, 10]	{6 2 3 5 }299062
442	0.6555909471289323	0.82131743318939	0.22858055408794858	0.7718346639620645	[1580, 438, 2627, 261, 217, 132, 19, 400]	{5 5 7 4 }329650
443	0.6564186513804459	0.8221546588772781	0.22858055408794858	0.7639768604031614	[837, 162, 1549, 107, 10, 734, 2229, 1529]	{8 5 4 2 }309166
444	0.6572443664440382	0.8231070049652799	0.22858055408794858	1.1911406272205058	[1819, 1513, 1031, 241, 132, 217, 261, 165]	{7 8 2 1 }317628
445	0.6580680971002433	0.8239358455292701	0.22858055408794858	0.8037996786464587	[2654, 232, 1792, 496, 2729, 438, 1580, 301]	{1 4 7 6 }303999
446	0.6588898481181069	0.8246576828972715	0.22858055408794858	0.9012349270039088	[394, 193, 232, 10, 158, 1557, 15, 432]	{5 7 8 8 }296438
447	0.6597096242552133	0.8251392749547436	0.22858055408794858	0.6458327436661084	[3284, 162, 107, 10, 734, 19, 132, 241]	{8 2 7 4 }296615
448	0.6605274302577127	0.8258561784375276	0.22858055408794858	0.7558239291136406	[19, 132, 217, 261, 2627, 438, 2729, 301]	{4 4 5 5 }306825
449	0.6613432708603496	0.826570142720537	0.22858055408794858	0.3280673200675872	[1792, 232, 10, 734, 19, 132, 241, 1126]	{4 2 7 3 }304272
450	0.6621571507864894	0.8271145305258923	0.22858055408794858	0.8335873482263501	[2309, 420, 162, 107, 10, 734, 19, 3308]	{1 7 1 7 }311394
451	0.662969074748146	0.8278233357487728	0.22858055408794858	0.7391037230542011	[1791, 420, 158, 10, 734, 2229, 494, 2626]	{4 4 1 7 }363678
452	0.6637790474460092	0.8283637898427533	0.22858055408794858	0.4705143080389149	[320, 232, 10, 734, 19, 132, 1032, 370]	{5 2 8 7 }326729
453	0.664587073569472	0.829414186117377	0.22858055408794858	1.0338567172560875	[420, 1791, 1792, 496, 2729, 438, 2627, 301]	{4 1 5 1 }321040
454	0.6653931577966572	0.8301135630875591	0.22858055408794858	0.6970264832890722	[1019, 1799, 232, 10, 734, 19, 132, 168]	{2 1 5 5 }307570
455	0.666197304794445	0.8308100727141134	0.22858055408794858	0.558865763688278	[1791, 420, 158, 10, 734, 19, 132, 1108]	{3 1 8 8 }352731
456	0.6669995192185001	0.8316028201868191	0.22858055408794858	0.8227492384114349	[320, 232, 10, 734, 19, 241, 4018, 2197]	{5 6 8 2 }336704
457	0.6677998057132982	0.8323918532034364	0.22858055408794858	1.0073541057928765	[1743, 1742, 400, 19, 132, 241, 1729, 4023]	{2 8 1 3 }305560
458	0.6685981689121532	0.83341759813704	0.22858055408794858	1.0639070738844905	[421, 438, 2627, 301, 1580, 1579, 4018, 2197]	{7 2 2 4 }305791
459	0.6693946134372437	0.8341005617015291	0.22858055408794858	0.4307214741276705	[1792, 232, 10, 734, 19, 132, 241, 1729]	{1 2 8 6 }293762
460	0.6701891438996405	0.8349889385353997	0.22858055408794858	1.1061584818089263	[846, 10, 734, 19, 132, 1720, 3621, 1709]	{1 3 4 2 }309982
461	0.6709817648993324	0.8355808946710747	0.22858055408794858	0.46953556677147046	[2238, 1549, 162, 10, 734, 19, 132, 241]	{2 4 8 6 }305127
462	0.6717724810252532	0.8364613444526896	0.22858055408794858	0.9036558347105614	[1820, 10, 734, 19, 132, 1720, 241, 2872]	{5 3 1 2 }333238
463	0.6725612968553089	0.8370480185199431	0.22858055408794858	0.43214721949563945	[1791, 420, 158, 10, 734, 19, 132, 1031]	{2 4 6 7 }306430
464	0.6733482169564027	0.8378115378000976	0.22858055408794858	0.9166131830661454	[394, 193, 232, 10, 734, 2229, 1529, 156]	{2 5 5 6 }297798
465	0.6741332458844631	0.8386800426848475	0.22858055408794858	0.626593298130014	[1579, 1580, 438, 2627, 261, 217, 132, 241]	{7 2 7 8 }319830
466	0.6749163881844692	0.8392587574551904	0.22858055408794858	0.3441138700103165	[1849, 420, 158, 10, 734, 19, 132, 241]	{2 8 4 5 }308532
467	0.6756976483904773	0.8398353961601104	0.22858055408794858	0.7333792418800616	[377, 162, 1549, 107, 10, 734, 19, 77]	{6 1 7 8 }299813
468	0.6764770310256473	0.8404099662472273	0.22858055408794858	0.6346335424485795	[1579, 1580, 438, 2627, 261, 217, 132, 19]	{3 7 8 3 }301056
469	0.6772545406022688	0.8410642621217604	0.22858055408794858	0.8360206903215943	[1879, 496, 1792, 232, 10, 734, 2229, 494]	{6 4 6 5 }317271
470	0.6780301816217869	0.84180896310099	0.22858055408794858	0.8164199471735665	[2796, 1791, 420, 158, 10, 734, 19, 3308]	{3 8 1 1 }311921
471	0.678803958574829	0.842457523292358	0.22858055408794858	0.9938426429436865	[87, 1265, 808, 331, 241, 132, 19, 400]	{4 4 1 5 }298856
472	0.6795758759412301	0.8428902266280418	0.22858055408794858	1.146502945531853	[394, 193, 232, 10, 301, 1580, 438, 970]	{7 5 5 1 }318939
473	0.6803459381900592	0.8436263719634998	0.22858055408794858	1.1423618664053619	[1019, 1799, 232, 193, 394, 432, 422, 19]	{8 2 2 1 }308025
474	0.6811141497796445	0.8442674810434599	0.22858055408794858	0.6654049710553581	[377, 162, 107, 10, 734, 19, 400, 4079]	{2 1 1 6 }296025
475	0.6818805151576002	0.8448261515913749	0.22858055408794858	1.0208338718290502	[2636, 162, 420, 158, 10, 438, 1580, 301]	{7 5 2 4 }367613
476	0.6826450387608515	0.8453132346813852	0.22858055408794858	0.8022180405199142	[2636, 162, 107, 734, 10, 158, 420, 1791]	{7 7 6 5 }303666
477	0.6834077250156605	0.8459474278701004	0.22858055408794858	0.727473683010944	[837, 162, 107, 10, 734, 19, 241, 1126]	{7 4 6 6 }308172
478	0.6841685783376521	0.8464309913289344	0.22858055408794858	0.4358605586643549	[87, 1265, 193, 232, 10, 734, 19, 132]	{2 3 8 3 }304744
479	0.6849276031318388	0.8470606018783329	0.22858055408794858	0.9157010598126221	[1549, 162, 1583, 1013, 156, 1529, 2229, 494]	{4 2 8 5 }348414
480	0.6856848037926471	0.847480662481084	0.22858055408794858	0.682796597352417	[1549, 162, 420, 158, 10, 734, 19, 400]	{2 8 7 6 }334571
481	0.6864401847039425	0.8478995693529316	0.22858055408794858	0.9252266427907105	[1791, 420, 162, 107, 10, 438, 1580, 301]	{8 3 6 8 }321930
482	0.687193750239055	0.8484452102473129	0.22858055408794858	0.47989498236885464	[420, 158, 10, 734, 19, 132, 241, 1729]	{7 6 2 4 }310408
483	0.6879455047608041	0.8493727102568491	0.22858055408794858	1.0583721622210616	[2047, 232, 193, 1265, 415, 733, 734, 19]	{2 6 4 6 }299321
484	0.6886954526215245	0.8497864204642736	0.22858055408794858	0.8809369451211266	[1580, 301, 2627, 261, 217, 132, 19, 1460]	{6 1 6 7 }311277
485	0.6894435981630911	0.8501989943826762	0.22858055408794858	0.6482976636120993	[377, 162, 107, 420, 158, 10, 734, 19]	{8 2 1 5 }361609
486	0.6901899457169443	0.850610435132968	0.22858055408794858	0.9252266427907105	[1791, 420, 162, 107, 10, 438, 1580, 301]	{3 2 1 3 }297754
487	0.6909344996041143	0.8511463511421369	0.22858055408794858	0.9197426580951807	[1579, 1580, 438, 10, 232, 193, 394, 432]	{1 6 5 4 }311157
488	0.6916772641352477	0.8517566294036716	0.22858055408794858	0.8158552632277734	[1820, 10, 734, 19, 132, 217, 241, 1031]	{4 3 2 6 }306376
489	0.6924182436106306	0.8523644056132957	0.22858055408794858	0.8624069174244312	[988, 420, 158, 10, 232, 193, 394, 432]	{2 3 2 5 }301474
490	0.6931574423202151	0.8528940294770873	0.22858055408794858	1.1597373319524409	[855, 836, 320, 232, 10, 438, 1580, 301]	{5 5 6 7 }303721
491	0.6938948645436429	0.8534217533828216	0.22858055408794858	0.4858296718783282	[1849, 420, 158, 10, 734, 19, 132, 217]	{4 2 6 2 }304603
492	0.6946305145502709	0.8539475841463557	0.22858055408794858	0.8244601914921321	[420, 158, 10, 734, 19, 132, 670, 673]	{6 8 1 8 }298414
493	0.6953643965991958	0.85434872908736	0.22858055408794858	0.9041893648110003	[734, 10, 158, 420, 162, 1583, 1013, 156]	{5 3 7 7 }338785
494	0.6960965149392779	0.854805921274237	0.22858055408794858	0.26129515566389994	[1549, 162, 107, 10, 734, 19, 132, 241]	{8 6 4 7 }306086
495	0.6968268738091672	0.8553267865120128	0.22858055408794858	0.8371220715258532	[1807, 157, 320, 232, 10, 734, 19, 1987]	{1 4 4 3 }301258
496	0.6975554774373266	0.8559199255979238	0.22858055408794858	0.5683264767752773	[420, 158, 10, 734, 19, 132, 1032, 370]	{3 1 4 6 }301991
497	0.6982823300420571	0.856266187373411	0.22858055408794858	0.22858055408794858	[1791, 420, 158, 10, 734, 19, 132, 241]	{8 7 4 6 }307079
498	0.6990074358315221	0.8568554750527292	0.22858055408794858	1.1745299414242498	[1807, 157, 320, 232, 10, 158, 420, 1550]	{8 8 3 2 }300306
499	0.6997307990037714	0.8573689877777473	0.22858055408794858	0.7936594748256917	[2309, 420, 158, 10, 232, 193, 394, 432]	{5 5 2 1 }308469
