0	0.00240325927734375	0.0046855476884631875	0.6348663589710202	0.6348663589710202	[2047, 232, 1792, 496, 2729, 438, 1580, 301]	{2 2 1 6 }268118
1	0.004800742899533361	0.008766191853370131	0.6348663589710202	0.8996212109755588	[320, 232, 10, 494, 2229, 734, 19, 1460]	{3 2 1 2 }236839
2	0.0071924647469656655	0.014832442666089074	0.6348663589710202	0.9458790893816	[1579, 1580, 438, 2627, 261, 217, 241, 1126]	{2 8 6 2 }265986
3	0.00957843866667929	0.01753828617683284	0.36509256641028376	0.36509256641028376	[107, 162, 10, 734, 19, 132, 241, 1031]	{4 8 5 3 }233099
4	0.011958678472434925	0.021566235987514504	0.36509256641028376	1.001976011270164	[2238, 1549, 162, 10, 158, 1557, 15, 432]	{6 3 6 8 }244395
5	0.01433319794479504	0.02615073404879753	0.36509256641028376	0.8883177168330967	[1579, 1580, 438, 2627, 301, 2729, 496, 217]	{8 8 8 6 }242611
6	0.01670201083120393	0.031365610822499446	0.36509256641028376	0.9172138528765781	[87, 1265, 193, 394, 432, 422, 19, 1460]	{4 5 5 7 }243778
7	0.019065130846067313	0.03655256239184401	0.36509256641028376	1.0319746612201512	[2636, 162, 1583, 1013, 156, 1529, 2229, 494]	{8 8 5 6 }350888
8	0.021422571670831503	0.041711738293833234	0.36509256641028376	0.6486059469237553	[1579, 1580, 301, 2728, 496, 1792, 232, 2047]	{3 3 3 6 }288981
9	0.023774346954062775	0.046201843643352	0.36509256641028376	1.0841031220204786	[1580, 438, 2729, 496, 217, 132, 19, 409]	{1 3 5 6 }249738
10	0.026120470311526423	0.05011227704678212	0.36509256641028376	0.8999337051380446	[1579, 1580, 438, 2729, 496, 217, 132, 19]	{5 7 2 8 }273573
11	0.02846095532626547	0.054006678243292194	0.36509256641028376	1.0136474143852552	[1743, 193, 232, 10, 734, 19, 422, 432]	{2 8 8 5 }275711
12	0.030795815548679273	0.0566049265025117	0.36509256641028376	0.6251295181977089	[1549, 107, 10, 734, 19, 132, 241, 89]	{7 4 5 2 }320585
13	0.03312506449660224	0.059196038459749634	0.36509256641028376	0.7535514502836717	[420, 162, 107, 10, 734, 19, 132, 1031]	{2 5 3 3 }248594
14	0.03544871565538188	0.06214917589482993	0.36509256641028376	0.8405378503185871	[1529, 2229, 494, 10, 734, 19, 241, 1126]	{6 4 4 3 }256183
15	0.03776678247795695	0.06551359610247764	0.36509256641028376	0.6084305264741027	[2051, 1849, 420, 158, 10, 734, 19, 3308]	{8 3 8 7 }343146
16	0.04007927838493508	0.06989217671215997	0.36509256641028376	1.0436822994161086	[377, 162, 1549, 107, 1794, 1791, 420, 1582]	{3 2 3 1 }294937
17	0.042386216764671025	0.07244679414672739	0.36509256641028376	0.7499317418922496	[320, 232, 107, 162, 10, 734, 19, 132]	{7 8 6 6 }248536
18	0.04468761097334362	0.07535833811041293	0.36509256641028376	1.0161369561400015	[2149, 420, 158, 10, 1019, 1799, 232, 2047]	{4 5 8 7 }295387
19	0.04698347433503336	0.07826074288057416	0.36509256641028376	0.698768125417399	[1791, 420, 162, 107, 10, 734, 19, 1460]	{6 2 2 4 }283044
20	0.049273820141799596	0.0811540371446906	0.36509256641028376	0.5699687484523538	[1792, 232, 10, 734, 19, 132, 241, 331]	{7 2 8 5 }234944
21	0.05155866165375744	0.08492117164983715	0.36509256641028376	0.8106784111229656	[193, 1265, 415, 733, 734, 19, 132, 241]	{8 4 6 1 }297911
22	0.0538380120991544	0.08820390022730507	0.36509256641028376	0.9560294550839903	[2636, 162, 107, 10, 494, 2229, 1529, 156]	{3 1 5 2 }279905
23	0.056111884674447055	0.09247616433494477	0.36509256641028376	0.8494226567744323	[1820, 10, 232, 1792, 496, 2729, 438, 3366]	{6 4 6 8 }333606
24	0.05838029254437771	0.0973358742897169	0.36509256641028376	1.0021854113268425	[1019, 1799, 232, 1792, 496, 2729, 438, 3366]	{6 3 2 4 }293065
25	0.06064324884205019	0.1010366656214372	0.36509256641028376	1.1733947414921686	[2051, 1849, 420, 162, 10, 438, 2627, 301]	{3 3 7 8 }301208
26	0.06290076666900601	0.1042615819198297	0.36509256641028376	1.0019448385796141	[1820, 733, 734, 10, 107, 162, 420, 1791]	{6 4 4 1 }285217
27	0.06515285909530044	0.1079339788598449	0.36509256641028376	1.0444782016935967	[432, 422, 19, 132, 241, 217, 261, 165]	{7 7 3 1 }294959
28	0.06739953915957797	0.11159131950774093	0.36509256641028376	0.7199215301143157	[2238, 1549, 107, 10, 734, 19, 132, 1031]	{3 6 1 3 }279690
29	0.06964081986914772	0.11437999072859406	0.36509256641028376	0.863638673660891	[1849, 420, 158, 10, 107, 1549, 162, 3284]	{5 3 3 6 }239564
30	0.07187671420005914	0.11852960551589242	0.36509256641028376	0.45541408671804184	[2047, 232, 10, 734, 19, 132, 241, 1729]	{5 7 8 3 }248242
31	0.07410723509717665	0.12265977708521614	0.36509256641028376	0.7800413432465235	[2405, 1743, 1742, 400, 19, 132, 241, 1031]	{6 2 3 4 }292490
32	0.07633239547425485	0.1254137049612739	0.36509256641028376	0.609014861572681	[1849, 420, 158, 10, 734, 19, 241, 1031]	{1 3 1 7 }319045
33	0.07855220821401321	0.13009703729622268	0.36509256641028376	1.096393861911218	[320, 232, 1799, 1019, 10, 438, 1580, 301]	{8 6 8 1 }294605
34	0.08076668616821081	0.13366351263529608	0.36509256641028376	0.7528811701837897	[1549, 162, 1583, 1579, 1580, 438, 2729, 301]	{7 2 8 6 }301249
35	0.08297584215772047	0.13772277356109908	0.36509256641028376	0.6980097920181575	[1579, 1580, 438, 2729, 301, 2728, 496, 3366]	{6 1 7 1 }302153
36	0.0851796889726033	0.14234019192127645	0.36509256641028376	0.9464079389649209	[421, 438, 2627, 261, 217, 132, 19, 3308]	{4 6 5 5 }269330
37	0.08737823937218236	0.1450323439416128	0.36509256641028376	0.9928376930848969	[1580, 438, 2627, 261, 217, 132, 241, 331]	{2 2 6 5 }251473
38	0.08957150608511699	0.14961062019824722	0.36509256641028376	1.0679088826274004	[1879, 496, 2729, 301, 10, 734, 19, 3308]	{7 6 7 2 }236094
39	0.09175950180947601	0.15416438019004575	0.36509256641028376	0.635782759994945	[1879, 496, 1792, 232, 10, 734, 19, 1987]	{6 4 7 7 }264533
40	0.09394223921281164	0.15812758332326615	0.36509256641028376	0.500169331995343	[1579, 1580, 438, 2729, 496, 1792, 232, 10]	{6 4 6 4 }253007
41	0.0961197309322328	0.16077017949726535	0.36509256641028376	0.873613050512116	[734, 10, 107, 1549, 162, 420, 158, 318]	{8 3 1 1 }269014
42	0.09829198957447793	0.16526418103503215	0.36509256641028376	0.7735870956317473	[432, 394, 193, 232, 10, 734, 19, 400]	{8 4 4 4 }299340
43	0.10045902771598825	0.16788437577927207	0.36509256641028376	0.9994584933838713	[158, 1557, 15, 432, 422, 19, 132, 1032]	{5 7 3 1 }288893
44	0.10262085790298059	0.17178329321887365	0.36509256641028376	1.1548099350507794	[421, 438, 2729, 496, 217, 132, 19, 1987]	{4 2 7 2 }300668
45	0.10477749265152003	0.1747544150145648	0.36509256641028376	0.5698244378957862	[320, 232, 10, 734, 19, 132, 241, 2545]	{3 8 4 7 }294886
46	0.10692894444759216	0.1777148782897836	0.36509256641028376	0.5738630213636511	[988, 420, 158, 10, 734, 19, 132, 217]	{4 7 2 7 }299602
47	0.10907522574717565	0.17997335182963714	0.36509256641028376	0.7422111766715048	[837, 162, 1549, 232, 10, 734, 19, 132]	{7 6 4 2 }246215
48	0.11121634897631416	0.1833353415497233	0.36509256641028376	0.6429197020950927	[2309, 420, 158, 10, 734, 19, 422, 432]	{4 3 6 5 }257459
49	0.11335232653118832	0.1866835476020431	0.36509256641028376	0.6277765032975824	[1791, 420, 162, 1549, 107, 10, 232, 2047]	{2 2 1 5 }242062
50	0.11548317077818748	0.1886381579116848	0.36509256641028376	0.9257701885591317	[158, 420, 107, 1549, 162, 1583, 1013, 156]	{1 1 7 2 }246829
51	0.11760889405398145	0.19154881503014576	0.36509256641028376	0.6201089107861215	[432, 394, 193, 232, 10, 734, 19, 132]	{4 7 2 7 }231947
52	0.11972950866559184	0.19376929252792674	0.36509256641028376	0.5567469950094024	[2238, 1549, 162, 107, 10, 734, 19, 1987]	{2 3 4 1 }251823
53	0.12184502689046317	0.19630001112699502	0.36509256641028376	0.7491792958577184	[1580, 438, 2627, 301, 10, 734, 19, 400]	{7 3 7 4 }283806
54	0.1239554609765342	0.1991831823243232	0.36509256641028376	0.6604462671181335	[1265, 415, 10, 734, 19, 132, 241, 1031]	{1 4 3 8 }284516
55	0.1260608231423087	0.20205601051273236	0.36509256641028376	0.9116467167693133	[107, 162, 10, 232, 193, 1265, 87, 1815]	{2 5 2 5 }284757
56	0.12816112557692616	0.20456071751098337	0.36509256641028376	0.6084305264741027	[2051, 1849, 420, 158, 10, 734, 19, 1460]	{2 5 6 3 }287317
57	0.13025638044023236	0.20828778620236255	0.36509256641028376	0.7116671446938323	[988, 420, 158, 10, 734, 19, 422, 432]	{3 7 4 8 }287398
58	0.1323465998628499	0.21252733515469113	0.36509256641028376	1.0881079442334416	[158, 420, 1879, 496, 2729, 438, 2627, 301]	{3 3 6 4 }266541
59	0.13443179594624832	0.21469019342605578	0.36509256641028376	0.63369547406758	[394, 193, 232, 10, 734, 19, 241, 1031]	{1 6 3 4 }233403
60	0.13651198076281423	0.2171552423445705	0.36509256641028376	0.5738630213636511	[1582, 420, 158, 10, 734, 19, 132, 217]	{8 2 6 1 }247558
61	0.13858716635592117	0.2203647917336461	0.36509256641028376	0.834178455774053	[1791, 420, 162, 10, 734, 19, 422, 432]	{8 1 3 3 }249016
62	0.14065736473999924	0.22356118243809087	0.36509256641028376	0.7375808684032052	[1791, 420, 162, 10, 734, 19, 132, 1032]	{8 4 3 3 }230519
63	0.14272258790060488	0.227718943703074	0.36509256641028376	0.7728116713358142	[331, 808, 1265, 193, 232, 10, 734, 19]	{6 8 7 4 }252830
64	0.14478284779449002	0.23133750342124992	0.36509256641028376	0.7100300800441012	[377, 162, 1549, 107, 10, 494, 2229, 1529]	{6 3 3 7 }261219
65	0.14683815634967146	0.23448890760729613	0.36509256641028376	1.2046117825268503	[1849, 420, 158, 10, 415, 1265, 87, 1529]	{8 8 8 3 }282880
66	0.1488885254654998	0.23723508100953394	0.36509256641028376	0.8197922145166291	[1807, 157, 10, 734, 19, 132, 241, 217]	{3 4 6 8 }287794
67	0.15093396701272854	0.23962936263303913	0.36509256641028376	0.5062039293537564	[837, 162, 1549, 107, 10, 158, 420, 1791]	{7 3 8 6 }315936
68	0.15297449283358266	0.24171778296272128	0.36509256641028376	0.4146291755846023	[1549, 162, 10, 734, 19, 132, 241, 1126]	{1 5 3 4 }282990
69	0.15501011474182713	0.24409799360492812	0.36509256641028376	0.9430125531857979	[2636, 162, 107, 10, 734, 19, 241, 331]	{8 5 3 6 }251693
70	0.1570408445228355	0.247197081641351	0.36509256641028376	0.9630518577820364	[420, 158, 10, 438, 2729, 496, 2728, 301]	{3 7 4 3 }263108
71	0.1590666939336579	0.24956009303407833	0.36509256641028376	0.4858296718783282	[1849, 420, 158, 10, 734, 19, 132, 217]	{7 1 2 6 }242274
72	0.16108767470308916	0.25263678725906613	0.36509256641028376	0.6796361463493921	[1549, 107, 10, 232, 1792, 496, 2729, 301]	{8 8 4 8 }239953
73	0.16310379853173695	0.25663885122923835	0.36509256641028376	0.7328105212229479	[2627, 438, 2729, 496, 1792, 232, 10, 1873]	{3 6 3 1 }281296
74	0.16511507709208928	0.25868055360318143	0.36509256641028376	0.6525341219862626	[1549, 107, 10, 734, 19, 132, 1032, 370]	{6 1 8 1 }266390
75	0.1671215220285821	0.261007518941341	0.36509256641028376	0.816211315284336	[846, 10, 494, 2229, 734, 19, 132, 241]	{1 6 8 2 }245083
76	0.1691231449576669	0.26303722241104555	0.36509256641028376	0.5848375233935021	[1549, 162, 107, 10, 734, 19, 241, 1126]	{1 3 3 7 }271478
77	0.17111995746787756	0.2653505123797608	0.36509256641028376	0.9272727105346299	[107, 232, 10, 734, 19, 132, 1032, 370]	{6 8 5 7 }276926
78	0.17311197111989796	0.26836246818724174	0.36509256641028376	0.947255660299126	[320, 232, 1879, 496, 2729, 438, 1580, 301]	{6 6 6 2 }294640
79	0.1750991974466285	0.2703719706855068	0.36509256641028376	0.6251818169507557	[377, 162, 1549, 107, 10, 158, 420, 1582]	{6 3 5 2 }255376
80	0.1770816479532532	0.27298941817587286	0.36509256641028376	0.8018694085001372	[157, 842, 193, 232, 10, 158, 420, 1791]	{8 1 2 8 }286481
81	0.179059334117306	0.27473661310136877	0.36509256641028376	0.758125668227176	[377, 162, 1549, 107, 10, 438, 1580, 301]	{1 2 1 5 }288177
82	0.18103226738873734	0.2777100872641274	0.36509256641028376	0.5826289272877523	[1879, 496, 1792, 232, 10, 158, 420, 1791]	{1 7 5 5 }346389
83	0.18300045918998054	0.27969391575980085	0.36509256641028376	0.9456833778026168	[1807, 157, 320, 232, 10, 734, 19, 409]	{3 6 1 3 }274509
84	0.18496392091601777	0.28195492118605703	0.36509256641028376	0.7428955824473233	[1529, 2229, 494, 10, 734, 19, 132, 168]	{7 6 3 7 }341395
85	0.18692266393444623	0.2848988013378999	0.36509256641028376	0.4705143080389149	[320, 232, 10, 734, 19, 132, 1032, 370]	{3 4 8 5 }234042
86	0.18887669958554376	0.2878306120102573	0.36509256641028376	0.7561514582127083	[2051, 1849, 420, 158, 10, 734, 2229, 1529]	{5 2 3 8 }273969
87	0.19082603918233454	0.2911675156399469	0.36509256641028376	1.0540048460352676	[2636, 162, 10, 232, 1792, 496, 2729, 969]	{8 8 6 8 }243220
88	0.1927706940106546	0.29339250599961497	0.36509256641028376	0.7185472165735766	[19, 734, 10, 107, 162, 1583, 1013, 156]	{8 6 4 7 }275746
89	0.19471067532921726	0.295333261445783	0.36509256641028376	0.7116671446938323	[1582, 420, 158, 10, 734, 19, 422, 432]	{1 8 5 1 }274256
90	0.19664599436967822	0.29754517573393446	0.36509256641028376	0.558865763688278	[1791, 420, 158, 10, 734, 19, 132, 1108]	{5 7 3 7 }247250
91	0.19857666233670057	0.29947452553202847	0.36509256641028376	0.9855972557008581	[377, 162, 107, 10, 734, 19, 409, 382]	{2 3 8 8 }292095
92	0.2005026904080197	0.302346577859931	0.36509256641028376	1.0230943117653637	[1265, 415, 733, 734, 19, 132, 241, 217]	{4 3 8 7 }289811
93	0.20242408973450798	0.30561546623938785	0.36509256641028376	0.8197681697667183	[1579, 1580, 438, 10, 734, 19, 132, 1108]	{2 6 7 2 }333849
94	0.20434087144023938	0.3088690380864545	0.36509256641028376	0.9688769925497349	[87, 1265, 193, 394, 432, 422, 19, 409]	{8 6 2 4 }288379
95	0.20625304662255384	0.3113483822578599	0.36509256641028376	0.7263119716645767	[107, 10, 734, 19, 132, 1031, 241, 2872]	{6 3 8 7 }277662
96	0.20816062635212151	0.31417175350406945	0.36509256641028376	0.8922053832921163	[1580, 438, 2627, 301, 10, 734, 2229, 1529]	{1 5 6 2 }257078
97	0.21006362167300685	0.3166320748602809	0.36509256641028376	0.9145120640451966	[377, 162, 420, 158, 10, 494, 2229, 1529]	{2 1 1 1 }255501
98	0.21196204360273252	0.3194337837370381	0.36509256641028376	1.0855448597465052	[377, 162, 107, 10, 494, 2229, 1529, 1274]	{6 4 6 7 }232875
99	0.21385590313234326	0.3213030146777017	0.36509256641028376	0.47989498236885464	[420, 158, 10, 734, 19, 132, 241, 1729]	{2 6 8 7 }244282
100	0.2157452112264695	0.3249373770671232	0.36509256641028376	0.7328105212229479	[2627, 438, 2729, 496, 1792, 232, 10, 1873]	{2 2 2 2 }239150
101	0.21762997882339075	0.3277050354155179	0.36509256641028376	0.8808201281107997	[1579, 1583, 162, 107, 10, 734, 19, 1987]	{2 3 6 1 }238924
102	0.21951021683509908	0.3308551055327922	0.36509256641028376	0.7754530080316797	[837, 162, 10, 232, 1792, 496, 2729, 301]	{2 2 1 1 }233079
103	0.22138593614736213	0.3326929668762385	0.36509256641028376	0.583330290527021	[377, 162, 1549, 107, 10, 734, 19, 409]	{8 4 7 3 }232024
104	0.22325714761978632	0.33588480536375653	0.36509256641028376	0.8155980003561782	[2238, 1549, 162, 10, 734, 19, 400, 4079]	{2 3 2 1 }272725
105	0.22512386208587953	0.33826723391594327	0.36509256641028376	0.9313616313582265	[1579, 1580, 301, 10, 107, 162, 420, 1791]	{3 7 1 1 }242319
106	0.2269860903531139	0.34034438057287564	0.36509256641028376	0.3850903346964476	[193, 232, 10, 734, 19, 132, 241, 1031]	{5 8 3 1 }300039
107	0.22884384320298856	0.34241500716845463	0.36509256641028376	0.5062039293537564	[837, 162, 1549, 107, 10, 158, 420, 1791]	{8 1 3 4 }282019
108	0.23069713139109171	0.3447740094546009	0.36509256641028376	0.9690670560066608	[1743, 1742, 400, 19, 132, 1032, 370, 4612]	{4 5 2 6 }277817
109	0.23254596564716323	0.34746034050184427	0.36509256641028376	0.5532186937833052	[2149, 420, 158, 10, 734, 19, 132, 217]	{1 2 6 6 }337420
110	0.23439035667515662	0.3501356579833873	0.36509256641028376	1.0550171427435509	[1799, 232, 10, 107, 162, 837, 420, 1791]	{4 4 4 2 }277399
111	0.23623031515330084	0.35217555023999636	0.36509256641028376	0.7574032747361601	[1849, 420, 162, 107, 10, 734, 19, 1987]	{7 8 1 2 }294019
112	0.23806585173416261	0.3544995378228407	0.22858055408794858	0.22858055408794858	[1791, 420, 158, 10, 734, 19, 132, 241]	{4 2 5 6 }290212
113	0.23989697704470747	0.35605084279709764	0.22858055408794858	0.6997073808099048	[734, 10, 107, 1549, 162, 1583, 1013, 156]	{2 2 6 1 }332448
114	0.2417237016863618	0.35807216757905425	0.22858055408794858	0.8650302088692631	[2238, 1549, 162, 107, 734, 10, 232, 2047]	{7 4 6 8 }242259
115	0.24354603623507398	0.36070397811649435	0.22858055408794858	0.7215899539488593	[1879, 232, 10, 734, 19, 132, 241, 1729]	{6 5 8 3 }281964
116	0.24536399124137553	0.3624598570828492	0.22858055408794858	0.4146291755846023	[1549, 162, 10, 734, 19, 132, 241, 1126]	{8 4 1 6 }279843
117	0.2471775772304423	0.3639920313459939	0.22858055408794858	0.26129515566389994	[1549, 162, 107, 10, 734, 19, 132, 241]	{7 6 8 2 }234567
118	0.24898680470215562	0.3665995713049435	0.22858055408794858	0.6162559286645557	[837, 162, 1549, 107, 10, 734, 19, 1460]	{6 3 3 8 }279093
119	0.2507916841311627	0.3695673992194872	0.22858055408794858	1.0723030962480753	[1529, 2229, 734, 19, 132, 1720, 241, 1126]	{4 8 3 1 }265353
120	0.25259222596693753	0.3721520809828913	0.22858055408794858	0.4917483647455395	[1792, 232, 10, 734, 19, 132, 241, 89]	{5 2 8 3 }341324
121	0.25438844063384136	0.3738765167956214	0.22858055408794858	0.6834080365515345	[2636, 162, 1549, 107, 10, 158, 420, 1582]	{3 3 2 2 }295868
122	0.2561803385311828	0.37584188766226456	0.22858055408794858	0.7433098192199504	[1849, 420, 162, 1549, 107, 10, 232, 2047]	{1 6 6 8 }292102
123	0.25796793003327845	0.378080975278272	0.22858055408794858	0.6054858133992109	[19, 734, 10, 107, 1549, 162, 420, 1791]	{3 7 7 2 }357523
124	0.25975122548951257	0.38003314855620707	0.22858055408794858	0.7636847266851301	[2636, 162, 107, 232, 10, 158, 420, 1791]	{3 2 8 4 }291367
125	0.2615302352243972	0.38197919405808833	0.22858055408794858	0.6288831853523351	[2636, 162, 107, 10, 734, 19, 132, 1715]	{2 5 3 2 }332585
126	0.26330496953763205	0.38451298927195365	0.22858055408794858	0.9465353427598502	[300, 301, 2627, 438, 10, 158, 420, 1791]	{8 4 6 5 }342191
127	0.2650754387041637	0.3862034748360871	0.22858055408794858	0.5829177920490666	[359, 158, 10, 734, 19, 132, 241, 1126]	{5 7 6 2 }282704
128	0.2668416529742458	0.38907944772575553	0.22858055408794858	0.8507459845377683	[1579, 1580, 301, 10, 734, 19, 422, 432]	{3 5 4 4 }280021
129	0.26860362257349746	0.3912710472834995	0.22858055408794858	0.6344324522427114	[1580, 438, 2627, 301, 10, 158, 420, 1791]	{2 7 7 7 }287541
130	0.2703613577029633	0.39412327582080087	0.22858055408794858	0.8525037380012093	[837, 162, 10, 734, 19, 132, 1714, 2168]	{8 2 6 3 }284037
131	0.2721148685391722	0.3957873659445841	0.22858055408794858	0.6030838907072111	[1792, 232, 10, 107, 1549, 162, 420, 1791]	{2 4 1 2 }251633
132	0.273864165234196	0.39826454966656777	0.22858055408794858	0.7516166966317038	[87, 1265, 415, 733, 734, 19, 132, 241]	{1 8 5 4 }284598
133	0.27560925791570867	0.4004231988426682	0.22858055408794858	0.4674725881231375	[837, 162, 1549, 107, 10, 734, 19, 132]	{3 7 8 2 }281911
134	0.27735015668704466	0.4032325445373871	0.22858055408794858	0.6084305264741027	[2051, 1849, 420, 158, 10, 734, 19, 1460]	{1 8 3 3 }333362
135	0.27908687162725754	0.4051057682745395	0.22858055408794858	1.0507270905912056	[2149, 420, 158, 10, 301, 2729, 438, 3366]	{2 5 4 8 }299928
136	0.2808194127911783	0.4069731120543697	0.22858055408794858	0.775286683250948	[1792, 232, 10, 734, 19, 132, 670, 673]	{8 7 5 5 }345417
137	0.2825477902094734	0.40940443584787856	0.22858055408794858	0.8188029593310135	[1580, 438, 2627, 261, 217, 132, 19, 409]	{6 8 4 5 }351030
138	0.28427201388870327	0.41125828632129124	0.22858055408794858	0.7471355234942879	[2238, 1549, 162, 420, 158, 10, 232, 2047]	{3 5 3 8 }277591
139	0.2859920938113798	0.41401686369692037	0.22858055408794858	1.3173747243028409	[2028, 493, 654, 400, 19, 132, 1032, 370]	{3 1 6 6 }277697
140	0.28770803993602434	0.41611900345566066	0.22858055408794858	0.6598978464616041	[1265, 193, 232, 10, 734, 19, 241, 1031]	{2 5 4 1 }285598
141	0.2894198621972255	0.41851283042764453	0.22858055408794858	0.8137005715497756	[421, 438, 2627, 301, 10, 158, 420, 1791]	{3 8 7 3 }273390
142	0.29112757050569615	0.42059884147920346	0.22858055408794858	1.0485957382815099	[846, 10, 301, 1580, 438, 2729, 496, 3366]	{7 2 8 2 }253160
143	0.29283117474833154	0.42241755326306474	0.22858055408794858	1.0518501749979092	[318, 158, 10, 734, 19, 132, 1032, 1729]	{6 4 5 4 }302078
144	0.29453068478826594	0.4240039308328378	0.22858055408794858	0.5517168203325604	[394, 193, 232, 10, 734, 19, 132, 1032]	{2 5 4 2 }280819
145	0.29622611046492986	0.42636543075198163	0.22858055408794858	0.3949968548992396	[1265, 193, 232, 10, 734, 19, 132, 241]	{8 6 3 7 }251580
146	0.29791746159410726	0.42871724886569884	0.22858055408794858	0.8070412521005097	[1794, 1791, 420, 158, 10, 494, 2229, 1529]	{8 5 4 7 }283069
147	0.2996047479679923	0.43105942486798055	0.22858055408794858	0.3280673200675872	[1792, 232, 10, 734, 19, 132, 241, 1126]	{6 8 4 5 }295009
148	0.30128797935524576	0.4337252230646633	0.22858055408794858	0.7410592884839474	[1265, 193, 232, 10, 734, 19, 400, 4079]	{6 4 4 5 }243453
149	0.30296716550105185	0.4363785305367677	0.22858055408794858	0.9104891463973894	[1265, 193, 394, 432, 422, 19, 132, 1032]	{3 3 7 7 }266225
150	0.30464231612717463	0.4384004506679734	0.22858055408794858	0.7422549645649632	[2238, 1549, 107, 10, 734, 19, 132, 168]	{8 3 6 8 }280522
151	0.3063134409320143	0.4410318521381881	0.22858055408794858	0.8783885502575635	[318, 158, 10, 734, 19, 132, 1032, 370]	{5 7 4 4 }295584
152	0.3079805495906631	0.44303707907168466	0.22858055408794858	0.8385927256785952	[1019, 1799, 232, 10, 734, 19, 241, 2872]	{8 3 1 2 }335869
153	0.30964365175496167	0.44503511250932604	0.22858055408794858	0.9080567025437001	[2047, 232, 10, 734, 19, 241, 1031, 227]	{6 7 6 2 }273426
154	0.3113027570535547	0.4467771200384192	0.22858055408794858	0.9136479524391736	[420, 158, 10, 232, 193, 1265, 87, 1529]	{1 4 8 7 }279413
155	0.31295787509194684	0.449045253201527	0.22858055408794858	0.5826289272877523	[1879, 496, 1792, 232, 10, 158, 420, 1791]	{4 7 8 7 }286665
156	0.31460901545255804	0.45055849560911554	0.22858055408794858	1.0177922046773877	[734, 10, 107, 162, 1549, 438, 1580, 301]	{6 6 1 3 }299202
157	0.3162561876947795	0.4528111256836044	0.22858055408794858	0.9087069037756641	[1879, 496, 1792, 232, 10, 162, 420, 1791]	{7 7 4 8 }252050
158	0.31789940135502837	0.45452872468920125	0.22858055408794858	0.899708887150653	[1791, 420, 158, 10, 107, 1549, 232, 2047]	{6 6 6 8 }277828
159	0.3195386659468036	0.45676507740321237	0.22858055408794858	0.7022014087356845	[241, 132, 217, 261, 2627, 438, 1580, 301]	{2 2 7 2 }261484
160	0.3211739909607406	0.4587138633978596	0.22858055408794858	0.7961475912266676	[1580, 438, 2627, 301, 10, 734, 19, 409]	{1 6 8 8 }278117
161	0.32280538586466645	0.460412933999638	0.22858055408794858	0.8311935552528233	[2309, 420, 162, 10, 734, 19, 132, 217]	{6 2 5 7 }292090
162	0.32443286010365446	0.4629411949294606	0.22858055408794858	0.8037996786464587	[2654, 232, 1792, 496, 2729, 438, 1580, 301]	{4 4 1 4 }280812
163	0.326056423100079	0.46441627099319194	0.22858055408794858	0.6125409717037203	[1549, 162, 107, 420, 158, 10, 232, 2047]	{6 7 8 7 }249685
164	0.3276760842536699	0.4663376093067527	0.22858055408794858	0.8018694085001372	[157, 842, 193, 232, 10, 158, 420, 1791]	{1 1 6 8 }279446
165	0.3292918529415674	0.46801274934450354	0.22858055408794858	1.14821137055815	[841, 157, 10, 734, 19, 132, 241, 2872]	{6 7 4 3 }296534
166	0.3309037385183756	0.4701938195230292	0.22858055408794858	1.1183292479057882	[1549, 107, 10, 415, 1265, 193, 394, 432]	{6 6 1 5 }286046
167	0.3325117503162174	0.47209443161817133	0.22858055408794858	0.7349340119162346	[394, 432, 422, 19, 734, 10, 232, 2047]	{3 8 7 8 }344737
168	0.3341158976447879	0.4739882255098472	0.22858055408794858	0.7867934556643397	[2051, 1849, 420, 158, 10, 494, 2229, 1529]	{5 3 2 3 }276521
169	0.3357161897914087	0.4761447971071556	0.22858055408794858	0.7428955824473233	[1529, 2229, 494, 10, 734, 19, 132, 168]	{8 7 2 1 }282065
170	0.33731263602108175	0.478292527075284	0.22858055408794858	1.101738700928297	[1580, 438, 10, 232, 193, 1265, 87, 1815]	{1 4 8 5 }339299
171	0.33890524557654256	0.4799301412132313	0.22858055408794858	0.7266480227557699	[320, 232, 10, 734, 19, 132, 670, 673]	{2 5 8 1 }339263
172	0.34049402767831405	0.4815626149608181	0.22858055408794858	0.6945838216700837	[2636, 162, 10, 734, 19, 132, 241, 89]	{3 2 8 4 }282917
173	0.34207899152475973	0.4831899644534773	0.22858055408794858	0.7625957261065338	[2309, 420, 162, 1549, 107, 10, 232, 2047]	{6 6 4 7 }265651
174	0.34366014629213726	0.4850439545363531	0.22858055408794858	0.8242734474935158	[1792, 496, 2728, 301, 10, 734, 19, 132]	{8 1 3 3 }304514
175	0.3452375011346511	0.48715519925627504	0.22858055408794858	0.9938426429436865	[87, 1265, 808, 331, 241, 132, 19, 400]	{8 8 2 3 }242051
176	0.3468110651845061	0.48925778818060695	0.22858055408794858	0.8804713199068049	[2051, 1849, 420, 158, 10, 438, 2729, 301]	{3 6 3 6 }273038
177	0.34838084755195975	0.4916508951705979	0.22858055408794858	0.7360011240991008	[1879, 836, 320, 232, 10, 734, 19, 132]	{5 3 2 6 }308435
178	0.34994685732537534	0.4930471176875244	0.22858055408794858	0.7379796434311969	[1799, 232, 10, 107, 1549, 162, 420, 1791]	{5 3 7 3 }281322
179	0.35150910357127463	0.4954224695934034	0.22858055408794858	0.5895170305537488	[1579, 1580, 301, 2729, 496, 1792, 232, 10]	{3 2 7 8 }275153
180	0.3530675953343899	0.49680833317179063	0.22858055408794858	0.554445230212033	[320, 232, 10, 107, 1549, 162, 420, 1791]	{8 3 8 7 }337683
181	0.3546223416377169	0.49861346909392623	0.22858055408794858	0.6463112831801456	[1265, 193, 232, 10, 734, 19, 132, 1715]	{5 6 2 5 }347327
182	0.35617335148256646	0.5004121293211881	0.22858055408794858	0.941860474909461	[2309, 420, 158, 10, 494, 2229, 1529, 156]	{2 7 4 7 }343896
183	0.3577206338486171	0.5017842883898249	0.22858055408794858	1.1383737706502965	[1265, 87, 160, 107, 1549, 162, 420, 1791]	{2 1 5 5 }322325
184	0.3592641976939669	0.504452189505129	0.22858055408794858	1.160009152574696	[1851, 159, 1541, 162, 10, 734, 19, 3308]	{5 7 1 5 }294412
185	0.36080405195518517	0.5064838632908679	0.22858055408794858	0.7961510226531423	[1742, 1743, 193, 232, 10, 158, 420, 1791]	{2 5 3 8 }342733
186	0.36234020554736446	0.5091265985978126	0.22858055408794858	1.1017072112811233	[158, 1557, 15, 432, 394, 193, 232, 2047]	{6 2 4 5 }295106
187	0.3638726673641719	0.5117551822906905	0.22858055408794858	0.5895170305537488	[1579, 1580, 301, 2729, 496, 1792, 232, 10]	{6 1 6 6 }295297
188	0.36540144627790083	0.5140428766677124	0.22858055408794858	0.7454369515957597	[2627, 438, 2729, 496, 1792, 232, 10, 494]	{7 3 6 2 }337251
189	0.36692655113952244	0.51578618586334	0.22858055408794858	0.9568576279684942	[1791, 420, 162, 1549, 10, 734, 19, 1987]	{5 2 7 5 }347741
190	0.36844799077873636	0.5177713919161961	0.22858055408794858	0.9007191163429749	[3869, 438, 2729, 301, 10, 158, 420, 1791]	{6 8 2 8 }283364
191	0.3699657740040224	0.5192850838361021	0.22858055408794858	0.8086369388465134	[158, 10, 107, 1549, 162, 1583, 1013, 156]	{2 3 4 5 }286620
192	0.3714799096026914	0.5210095872821621	0.22858055408794858	0.749602235399442	[377, 162, 107, 10, 232, 193, 394, 432]	{4 7 3 2 }303981
193	0.3729904063409356	0.523574538620569	0.22858055408794858	1.2221786704198085	[1579, 1580, 438, 2729, 496, 217, 132, 1108]	{8 2 5 7 }253606
194	0.37449727296388025	0.5252836541947139	0.22858055408794858	0.6119781743442333	[1579, 1580, 438, 2627, 301, 10, 734, 19]	{8 5 4 2 }298020
195	0.3760005181956336	0.5272299220118821	0.22858055408794858	1.2407500811792724	[377, 162, 1192, 836, 320, 232, 10, 1873]	{7 7 3 7 }281389
196	0.3775001507393376	0.5287139240702989	0.22858055408794858	1.120603791168385	[320, 232, 10, 107, 162, 481, 480, 482]	{1 5 2 3 }336616
197	0.3789961792772184	0.5304046027546769	0.22858055408794858	1.0083552754517322	[160, 837, 162, 1549, 107, 10, 232, 2047]	{1 4 7 7 }354160
198	0.38048861247063637	0.5323298754292431	0.22858055408794858	0.87790772641092	[1579, 1580, 438, 2627, 261, 217, 132, 1715]	{5 2 2 1 }271905
199	0.38197745896013646	0.534521166100389	0.22858055408794858	0.7754530080316797	[837, 162, 10, 232, 1792, 496, 2729, 301]	{2 3 8 8 }275968
200	0.383462727365498	0.53642956146532	0.22858055408794858	1.099105086817211	[2627, 301, 2636, 162, 10, 158, 420, 1791]	{6 1 5 5 }287905
201	0.38494442628578507	0.5380925612846806	0.22858055408794858	0.6433920000012137	[241, 1720, 132, 19, 734, 10, 232, 2047]	{1 5 3 7 }344668
202	0.3864225642993957	0.5402568506164371	0.22858055408794858	0.626593298130014	[1579, 1580, 438, 2627, 261, 217, 132, 241]	{5 1 2 3 }257008
203	0.38789714996411195	0.5427187345603011	0.22858055408794858	1.0102681585212627	[394, 193, 232, 10, 734, 651, 2308, 3284]	{4 5 7 5 }301141
204	0.3893681918171492	0.5443591727733739	0.22858055408794858	0.5953033681844802	[1791, 420, 158, 10, 232, 1792, 496, 3366]	{2 1 1 1 }293741
205	0.3908356983752058	0.5462272337450573	0.22858055408794858	0.9433126058439393	[87, 1265, 193, 394, 432, 422, 19, 241]	{8 4 4 1 }264239
206	0.3922996781345123	0.5480876359390691	0.22858055408794858	0.6150695573229844	[2149, 420, 158, 10, 734, 19, 132, 1031]	{4 5 7 8 }275361
207	0.3937601395708803	0.5502492065579829	0.22858055408794858	0.9397762255859365	[2486, 257, 320, 232, 10, 734, 19, 1987]	{5 2 1 2 }280769
208	0.3952170911397521	0.551660952212621	0.22858055408794858	0.4140351812241149	[377, 162, 10, 734, 19, 132, 241, 1031]	{1 8 6 3 }281715
209	0.39667054127624946	0.5528923521851816	0.22858055408794858	0.5700139698686549	[1849, 420, 158, 10, 734, 19, 132, 168]	{5 2 8 5 }325917
210	0.3981204983952221	0.5547254283651804	0.22858055408794858	0.7688922513275396	[432, 394, 193, 232, 10, 734, 19, 3308]	{7 6 6 5 }337977
211	0.3995669708912969	0.5559484115026051	0.22858055408794858	0.7598833452271068	[320, 232, 1799, 1019, 10, 158, 420, 1791]	{4 7 6 3 }295555
212	0.401009967138926	0.5571680356165201	0.22858055408794858	1.1833453964808853	[2875, 836, 320, 232, 10, 107, 420, 1791]	{1 4 3 6 }339468
213	0.4024494954924358	0.5589835821177278	0.22858055408794858	0.9407921816657177	[2309, 420, 162, 10, 734, 19, 132, 1715]	{7 2 8 3 }291988
214	0.403885564286075	0.5605656722647863	0.22858055408794858	0.8287796089847973	[2636, 162, 1549, 107, 10, 438, 2627, 301]	{2 6 1 1 }277643
215	0.4053181818340631	0.5619450350401829	0.22858055408794858	0.4596471859326845	[2051, 1849, 420, 158, 10, 734, 19, 132]	{7 1 8 4 }288443
216	0.4067473564306381	0.5633200680635639	0.22858055408794858	0.6750602575000808	[3621, 1720, 132, 19, 734, 10, 232, 2047]	{1 6 5 6 }296931
217	0.4081730963501049	0.5646907849258086	0.22858055408794858	0.36879448250521546	[394, 193, 232, 10, 734, 19, 132, 241]	{5 7 6 8 }287489
218	0.40959540984688314	0.566475489251459	0.22858055408794858	0.9100440850410473	[734, 10, 301, 1580, 438, 2627, 261, 217]	{4 4 4 7 }261164
219	0.4110143051555549	0.568506789020689	0.22858055408794858	0.9699297989079955	[394, 193, 232, 10, 1820, 841, 1268, 1380]	{5 5 1 5 }262666
220	0.41242979049091255	0.5698612250205541	0.22858055408794858	0.8232881108088902	[2872, 241, 132, 19, 734, 10, 107, 1586]	{5 7 1 6 }277711
221	0.4138418740480061	0.5712114095123284	0.22858055408794858	0.9579620269097688	[107, 10, 232, 193, 394, 432, 422, 19]	{2 4 4 6 }257946
222	0.4152505640021906	0.5729693802277024	0.22858055408794858	0.7930779345010727	[2238, 1549, 162, 10, 734, 19, 241, 1126]	{6 2 6 1 }258942
223	0.4166558685091739	0.5747201435194074	0.22858055408794858	0.6648552371156095	[1579, 1580, 438, 2627, 301, 2728, 496, 3366]	{1 2 3 4 }284651
224	0.4180577957050633	0.5757422012799618	0.22858055408794858	0.6703527873209254	[193, 1265, 415, 10, 734, 19, 132, 241]	{1 4 8 3 }293973
225	0.419456353706413	0.5780140643063676	0.22858055408794858	0.8269318613769505	[193, 1265, 415, 733, 734, 10, 232, 2047]	{4 4 5 8 }332798
226	0.420851550610271	0.5795278850259318	0.22858055408794858	0.7705533893840184	[377, 162, 1549, 107, 10, 438, 2627, 301]	{6 6 7 4 }345222
227	0.4222433944942261	0.5812517594040143	0.22858055408794858	0.8202256390527495	[193, 394, 432, 422, 19, 132, 241, 2872]	{3 1 6 3 }342180
228	0.42363189341645446	0.5832138242547869	0.22858055408794858	0.6233057228667523	[1792, 232, 10, 734, 19, 132, 1714, 2168]	{5 6 4 1 }324545
229	0.4250170554157664	0.5851666957571332	0.22858055408794858	0.7323648309443788	[87, 1265, 193, 232, 10, 734, 2229, 1529]	{2 6 1 2 }291516
230	0.42639888851165286	0.5863060694565307	0.22858055408794858	0.7524334367902772	[158, 10, 734, 19, 132, 217, 241, 1031]	{8 2 5 3 }300381
231	0.4277774007043319	0.5876046343891796	0.22858055408794858	0.9744052574934661	[2636, 162, 107, 10, 734, 19, 132, 1723]	{2 3 1 5 }289154
232	0.42915259997479493	0.5892953952722415	0.22858055408794858	1.1826057493747923	[2627, 301, 1580, 438, 107, 10, 232, 2047]	{8 4 1 7 }292661
233	0.43052449428485307	0.5909792242821494	0.22858055408794858	0.6769383500465617	[2627, 301, 10, 734, 19, 132, 241, 1126]	{7 5 2 8 }285272
234	0.43189309157718303	0.593534539415747	0.22858055408794858	1.1681546142276613	[2486, 257, 320, 232, 1792, 496, 2728, 301]	{6 8 8 3 }283263
235	0.4332583997753733	0.5954390527150277	0.22858055408794858	0.9413368734738445	[2405, 1743, 1742, 400, 19, 132, 241, 1729]	{7 5 4 1 }271141
236	0.4346204267839697	0.597097693624997	0.22858055408794858	0.6328168484142378	[1549, 162, 10, 232, 1792, 496, 2728, 301]	{2 5 7 3 }295930
237	0.4359791804885218	0.5983623841793271	0.22858055408794858	0.4140351812241149	[377, 162, 10, 734, 19, 132, 241, 1031]	{4 6 8 2 }275745
238	0.43733466875562776	0.5996231049321123	0.22858055408794858	1.2199504565140793	[331, 160, 107, 162, 10, 734, 19, 3308]	{1 4 2 7 }289909
239	0.43868689943298045	0.6014990899673117	0.22858055408794858	0.9799659200565694	[988, 420, 158, 10, 734, 2229, 1529, 156]	{1 2 2 8 }330869
240	0.44003588034941277	0.6029286611528563	0.22858055408794858	0.9322496320358722	[87, 1265, 808, 331, 241, 132, 19, 1987]	{4 4 1 3 }283208
241	0.4413816193149427	0.6045565957600102	0.22858055408794858	0.37199129458584634	[1792, 232, 10, 734, 19, 132, 241, 2872]	{1 5 4 8 }289633
242	0.44272412412081874	0.6056427135084721	0.22858055408794858	0.6872065200411286	[107, 162, 420, 158, 10, 734, 19, 1460]	{7 8 7 6 }278785
243	0.4440634025395652	0.6068805816650094	0.22858055408794858	0.6303083534375218	[107, 162, 420, 158, 10, 734, 19, 1987]	{2 6 6 2 }296790
244	0.4453994623250269	0.6084923139741452	0.22858055408794858	0.6674234191451528	[1579, 1580, 438, 2729, 301, 10, 232, 2047]	{2 4 3 5 }303402
245	0.4467323112124141	0.6098967978605581	0.22858055408794858	0.9812411593778849	[1579, 1580, 301, 2728, 496, 217, 132, 241]	{1 8 8 4 }301837
246	0.4480619569183474	0.6112962433401719	0.22858055408794858	0.9564761070965927	[1917, 10, 107, 1549, 162, 1583, 1013, 156]	{2 2 6 6 }328992
247	0.44938840714090234	0.6131175333286862	0.22858055408794858	0.8278862980369122	[1879, 836, 320, 232, 10, 734, 19, 1987]	{8 5 7 8 }304140
248	0.450711669559654	0.614930289576105	0.22858055408794858	0.8651536025005631	[420, 158, 10, 232, 193, 1265, 87, 1815]	{6 6 8 8 }338359
249	0.4520317518357214	0.6165090192562321	0.22858055408794858	0.6908642302209882	[377, 162, 10, 232, 1792, 496, 2728, 301]	{4 5 5 1 }352447
250	0.453348661611812	0.6183058845346026	0.22858055408794858	0.6333731672144804	[1794, 1791, 420, 158, 10, 734, 19, 400]	{2 5 5 4 }342268
251	0.45466240651226575	0.6195040036191409	0.22858055408794858	0.7864072606035097	[1820, 10, 734, 19, 241, 132, 1032, 370]	{3 6 4 7 }298207
252	0.45597299414309944	0.6206983618667092	0.22858055408794858	0.7444844515535107	[1580, 438, 2627, 301, 10, 734, 19, 1460]	{7 5 7 8 }294190
253	0.4572804320920506	0.6227294886253214	0.22858055408794858	0.9464079389649209	[421, 438, 2627, 261, 217, 132, 19, 1460]	{1 7 1 3 }272080
254	0.45858472792862137	0.6240828984636393	0.22858055408794858	0.9727382836459754	[2636, 162, 420, 158, 10, 494, 2229, 1529]	{2 5 7 7 }296648
255	0.45988588920412254	0.6256241037815271	0.22858055408794858	0.620896954757578	[1265, 193, 232, 10, 734, 19, 132, 168]	{8 3 4 8 }283808
256	0.461183923451717	0.6269671295571833	0.22858055408794858	1.1088568962093286	[394, 193, 232, 10, 846, 162, 420, 1791]	{2 3 7 4 }277444
257	0.4624788381864636	0.6283053373991736	0.22858055408794858	0.6209507729687634	[837, 162, 1549, 107, 10, 734, 19, 400]	{4 6 4 5 }337095
258	0.4637706409053606	0.6296387445912206	0.22858055408794858	0.8874805362490151	[734, 10, 107, 162, 1583, 1013, 156, 1529]	{7 6 4 6 }283679
259	0.46505933908738883	0.6309673683550435	0.22858055408794858	0.6344324522427114	[1580, 438, 2627, 301, 10, 158, 420, 1791]	{2 4 6 7 }295561
260	0.46634494019355544	0.6322912258505811	0.22858055408794858	0.6074127555416377	[193, 232, 10, 734, 19, 132, 241, 89]	{4 7 8 6 }281209
261	0.46762745166693676	0.6340141428473245	0.22858055408794858	1.0356810345307954	[1792, 232, 10, 301, 2627, 438, 2729, 969]	{2 1 2 7 }274868
262	0.46890688093272137	0.6359739647753153	0.22858055408794858	0.6806215359510435	[1579, 1580, 438, 2729, 301, 2627, 261, 217]	{4 6 4 7 }291476
263	0.47018323539825324	0.6379232920300437	0.22858055408794858	1.1099240818423934	[193, 1265, 87, 415, 733, 734, 19, 3308]	{6 5 8 4 }284014
264	0.4714565224530747	0.6390598330358088	0.22858055408794858	0.6888082982747372	[2627, 438, 10, 734, 19, 132, 241, 2872]	{5 6 2 7 }276252
265	0.47272674946896887	0.6409926357386574	0.22858055408794858	0.9037838868511199	[3819, 438, 2627, 261, 217, 132, 241, 1031]	{7 8 8 4 }294195
266	0.4739939238000027	0.6429150884538071	0.22858055408794858	0.5893387435099808	[87, 1265, 193, 232, 10, 734, 19, 400]	{6 5 6 1 }287149
267	0.4752580527825695	0.6441960850274342	0.22858055408794858	0.27942865957240903	[320, 232, 10, 734, 19, 132, 241, 1126]	{2 4 1 7 }256985
268	0.47651914373543125	0.64586322123878	0.22858055408794858	0.6703527873209254	[193, 1265, 415, 10, 734, 19, 132, 241]	{7 3 5 4 }290342
269	0.477777203959761	0.6471336417620783	0.22858055408794858	0.40301095753191163	[1549, 162, 107, 10, 734, 19, 132, 217]	{7 1 5 4 }299793
270	0.47903224073918504	0.6481028181610473	0.22858055408794858	0.32335263409066817	[320, 232, 10, 734, 19, 132, 241, 2872]	{1 6 5 3 }275529
271	0.4802842613398256	0.6492074061341746	0.22858055408794858	0.6280179697604316	[1549, 162, 107, 10, 232, 1792, 496, 3366]	{7 7 4 6 }293686
272	0.4815332730103422	0.6504658298207149	0.22858055408794858	0.8530135141770809	[161, 10, 734, 19, 132, 1031, 241, 1126]	{4 1 7 2 }351036
273	0.48277928298197414	0.6518988689659471	0.22858055408794858	0.9041893648110003	[734, 10, 158, 420, 162, 1583, 1013, 156]	{4 6 7 2 }292450
274	0.48402229846858214	0.6533260328595816	0.22858055408794858	0.4722614008248937	[2636, 162, 10, 734, 19, 132, 241, 1031]	{7 3 2 4 }296873
275	0.48526232666669	0.6549503902649667	0.22858055408794858	0.9420219131666361	[1580, 438, 2627, 261, 217, 132, 1032, 370]	{1 6 6 6 }284819
276	0.4864993747555266	0.6561882117284612	0.22858055408794858	0.6233057228667523	[1792, 232, 10, 734, 19, 132, 1714, 2168]	{4 7 8 8 }299755
277	0.48773344989706724	0.657597789942038	0.22858055408794858	1.0526787266170805	[160, 87, 1265, 193, 232, 10, 494, 2626]	{2 5 8 6 }335351
278	0.48896455923607496	0.6592021318258998	0.22858055408794858	0.7561514582127083	[2051, 1849, 420, 158, 10, 734, 2229, 1529]	{2 5 1 2 }329845
279	0.4901927099001423	0.6612877803659244	0.22858055408794858	1.0142599599093325	[1089, 836, 320, 232, 1792, 496, 2728, 301]	{7 7 8 2 }285775
280	0.49141790899973226	0.6628748326236851	0.22858055408794858	0.9741749397191466	[1791, 420, 158, 10, 734, 1557, 15, 432]	{8 8 5 2 }281756
281	0.4926401636282195	0.6642569966663175	0.22858055408794858	0.9037909020959839	[1549, 107, 10, 232, 193, 1265, 808, 331]	{2 2 8 5 }287716
282	0.49385948086193154	0.6658301365195054	0.22858055408794858	1.1070296983599355	[2627, 261, 217, 241, 1031, 132, 19, 1987]	{2 2 5 1 }274405
283	0.49507586776018964	0.6673959053508904	0.22858055408794858	0.749090449821767	[2636, 162, 10, 232, 1792, 496, 2728, 301]	{3 5 7 2 }294027
284	0.4962893313653497	0.6683094297807739	0.22858055408794858	0.559357762060949	[837, 162, 1549, 107, 10, 734, 19, 1987]	{8 2 5 8 }296287
285	0.49749987870284296	0.6693505901923158	0.22858055408794858	1.1741522619570068	[1580, 301, 10, 107, 1549, 162, 420, 1582]	{1 1 8 8 }338616
286	0.4987075167812167	0.6707062045729049	0.22858055408794858	0.573962807042313	[320, 232, 1792, 496, 2729, 438, 2627, 301]	{2 3 1 6 }287778
287	0.499912252592175	0.6720562611321449	0.22858055408794858	0.5846438992057731	[87, 1265, 193, 232, 10, 734, 19, 3308]	{8 6 1 8 }336158
288	0.5011140931106188	0.6735928571597432	0.22858055408794858	0.500169331995343	[1579, 1580, 438, 2729, 496, 1792, 232, 10]	{7 1 3 2 }291593
289	0.5023130452946867	0.674931078864172	0.2207872834051713	0.2207872834051713	[320, 232, 10, 734, 19, 132, 241, 1031]	{6 5 7 8 }282141
290	0.5035091160857952	0.6762638140546888	0.2207872834051713	0.7828071744138969	[394, 193, 1265, 415, 10, 158, 420, 1791]	{2 6 2 6 }338490
291	0.5047023124086787	0.677280006044612	0.2207872834051713	0.6277765032975824	[1791, 420, 162, 1549, 107, 10, 232, 2047]	{1 8 3 3 }292326
292	0.5058926411714294	0.6782930082577812	0.2207872834051713	0.5902502818053489	[1549, 162, 107, 420, 158, 10, 734, 19]	{8 6 6 6 }287736
293	0.5070801092655379	0.6793028307067488	0.2207872834051713	0.3949968548992396	[1265, 193, 232, 10, 734, 19, 132, 241]	{3 1 6 8 }287358
294	0.5082647235659328	0.6806176423519925	0.2207872834051713	0.7897175534049015	[837, 162, 1549, 107, 10, 734, 19, 2004]	{2 5 8 3 }287485
295	0.5094464909310201	0.6819270634611544	0.2207872834051713	0.5826289272877523	[1879, 496, 1792, 232, 10, 158, 420, 1791]	{6 6 2 3 }279933
296	0.5106254182027237	0.6829254787892967	0.2207872834051713	0.7022014087356845	[241, 132, 217, 261, 2627, 438, 1580, 301]	{4 8 4 2 }279121
297	0.5118015122065243	0.6839207601407533	0.2207872834051713	0.5723611479129064	[394, 193, 232, 10, 734, 19, 132, 1031]	{4 5 8 7 }287731
298	0.5129747797514992	0.6850546540975186	0.2207872834051713	0.47459189989497363	[87, 1265, 193, 232, 10, 158, 420, 1791]	{7 1 6 4 }287862
299	0.5141452276303617	0.6865303455350042	0.2207872834051713	0.7720180866333154	[1794, 1791, 420, 158, 10, 734, 2229, 494]	{4 4 6 7 }335633
300	0.5153128626195008	0.687999122549886	0.2207872834051713	0.8130253278959911	[1579, 1580, 438, 10, 734, 19, 241, 1126]	{8 3 8 6 }276079
301	0.5164776914790197	0.6892782806662541	0.2207872834051713	0.5846438992057731	[87, 1265, 193, 232, 10, 734, 19, 3308]	{3 1 4 6 }294605
302	0.5176397209527754	0.6901317033572952	0.2207872834051713	0.46486182107159085	[2238, 1549, 162, 107, 10, 734, 19, 132]	{8 2 6 8 }274327
303	0.5187989577684178	0.6914021182032246	0.2207872834051713	0.7630068283960101	[87, 1265, 193, 232, 10, 494, 2229, 1529]	{1 6 2 1 }325624
304	0.5199554086374283	0.6925091737421959	0.2207872834051713	0.8990738850506692	[377, 162, 1549, 107, 10, 232, 1792, 1791]	{4 1 5 4 }296278
305	0.521109080255159	0.6933537225203699	0.2207872834051713	0.7638397460620443	[837, 162, 420, 158, 10, 734, 19, 1987]	{7 2 2 7 }334897
306	0.5222599793008715	0.6947905282769904	0.2207872834051713	0.9253599381946643	[1580, 438, 2729, 301, 10, 734, 2229, 1529]	{4 7 8 3 }283381
307	0.5234081124377751	0.695885428327017	0.2207872834051713	0.679250968251353	[377, 162, 420, 158, 10, 734, 19, 1987]	{2 4 5 1 }336456
308	0.5245534863130658	0.6973103716553474	0.2207872834051713	0.9652588650885232	[846, 10, 232, 1792, 496, 438, 1580, 301]	{4 2 3 2 }294277
309	0.5256961075579647	0.6981417335496045	0.2207872834051713	0.5656172268516562	[1799, 232, 10, 734, 19, 132, 241, 1729]	{8 2 1 4 }344810
310	0.5268359827877562	0.6995561048522146	0.2207872834051713	0.8731736112609471	[2047, 232, 1792, 496, 3366, 438, 2627, 301]	{8 8 8 5 }303948
311	0.5279731186018268	0.7006339090041319	0.2207872834051713	0.86672667259459	[1579, 1583, 162, 1549, 107, 10, 232, 2047]	{4 4 6 3 }295484
312	0.5291075215837026	0.7022369879706118	0.2207872834051713	1.2292037306285022	[394, 432, 422, 19, 734, 2229, 494, 2626]	{1 5 1 8 }301607
313	0.5302391983010879	0.703632170763336	0.2207872834051713	0.8037996786464587	[2654, 232, 1792, 496, 2729, 438, 1580, 301]	{7 6 1 6 }298425
314	0.5313681553059033	0.7046953525487034	0.2207872834051713	0.8362849333296629	[1792, 232, 1549, 107, 10, 734, 19, 132]	{7 3 2 5 }301518
315	0.5324943991343231	0.7060790165569613	0.2207872834051713	0.7275668085700445	[1265, 193, 394, 432, 422, 19, 132, 241]	{6 5 8 7 }292516
316	0.5336179363068136	0.7071553873459373	0.2207872834051713	0.751670006064925	[158, 10, 734, 19, 132, 1032, 370, 4612]	{8 5 2 6 }284189
317	0.534738773328171	0.7079597090970013	0.2207872834051713	0.4115028919152935	[2149, 420, 158, 10, 734, 19, 132, 241]	{6 5 3 2 }280510
318	0.5358569166875584	0.7095235590512626	0.2207872834051713	0.9345390344590487	[87, 1265, 415, 733, 734, 19, 132, 1032]	{1 3 7 3 }333986
319	0.536972372858544	0.7105656062325998	0.2207872834051713	0.40393131528134174	[837, 162, 107, 10, 734, 19, 132, 241]	{7 3 4 8 }294055
320	0.5380851482991382	0.7119217648872784	0.2207872834051713	1.013631335482959	[1792, 232, 10, 438, 2627, 261, 217, 132]	{8 2 6 1 }280585
321	0.5391952494518312	0.7132715691959073	0.2207872834051713	1.1471561520343254	[377, 162, 107, 734, 19, 132, 1714, 2168]	{2 1 3 8 }332079
322	0.5403026827436301	0.7146150489320782	0.2207872834051713	0.7509362647001303	[1580, 438, 2627, 261, 217, 132, 241, 1126]	{2 7 2 3 }305158
323	0.5414074545860965	0.7159522337298766	0.2207872834051713	0.9855426322159875	[420, 158, 1557, 15, 432, 422, 19, 3308]	{1 6 3 8 }283059
324	0.5425095713753831	0.7168438457194243	0.2207872834051713	0.9365509131721852	[2636, 162, 107, 10, 734, 19, 409, 119]	{3 4 4 4 }285199
325	0.5436090394922712	0.7178596323060494	0.2207872834051713	0.6251295181977089	[1549, 107, 10, 734, 19, 132, 241, 217]	{2 8 4 7 }286058
326	0.5447058653022072	0.7188717748878597	0.2207872834051713	0.8141748312938346	[432, 15, 1557, 158, 10, 734, 19, 1987]	{6 5 6 1 }291162
327	0.5458000551553399	0.7198802865372576	0.2207872834051713	0.7948602392183894	[1580, 438, 2627, 261, 217, 132, 241, 2872]	{5 2 5 7 }282524
328	0.5468916153865568	0.7208851802797498	0.2207872834051713	0.8155496587366927	[1794, 1791, 420, 162, 107, 10, 232, 2047]	{1 5 2 1 }253506
329	0.5479805523155213	0.7218864690941161	0.2207872834051713	0.9899635899278546	[2149, 420, 158, 10, 494, 2229, 1529, 156]	{5 8 2 2 }297095
330	0.5490668722467089	0.7230266940294992	0.2207872834051713	0.9228473807437476	[1580, 438, 2627, 301, 10, 494, 2229, 1529]	{8 5 7 1 }295772
331	0.5501505814694436	0.7237874239348137	0.2207872834051713	0.8648023407852267	[2627, 261, 217, 132, 19, 734, 10, 494]	{1 5 3 5 }268583
332	0.5512316862579348	0.7250816311321204	0.2207872834051713	0.8360002166887709	[2636, 162, 1583, 1579, 1580, 438, 2627, 301]	{2 1 5 8 }289073
333	0.5523101928713134	0.7263697742598854	0.2207872834051713	0.6363070388789299	[87, 1265, 193, 232, 10, 734, 19, 409]	{6 3 8 8 }290391
334	0.5533861075536677	0.7272286861012851	0.2207872834051713	0.9472551805177766	[1529, 2229, 494, 10, 232, 193, 394, 432]	{3 4 4 2 }336922
335	0.5544594365340798	0.7283470087256876	0.2207872834051713	1.147787897187142	[420, 158, 10, 1799, 232, 1792, 496, 3366]	{1 4 3 4 }343806
336	0.5555301860266624	0.7293215291822679	0.2207872834051713	0.9950113684841191	[2654, 232, 10, 734, 19, 132, 1032, 2578]	{2 7 5 3 }283698
337	0.556598362230593	0.7302925536710114	0.2207872834051713	0.7805586304341987	[1791, 420, 162, 10, 734, 19, 132, 168]	{6 8 7 3 }342205
338	0.5576639713301517	0.731139152100476	0.2207872834051713	0.6731022321791613	[2238, 1549, 162, 10, 734, 19, 132, 1031]	{1 7 2 7 }291329
339	0.558727019494756	0.73210365609884	0.2207872834051713	0.6922948885328926	[1580, 438, 2627, 261, 217, 132, 241, 1031]	{2 8 8 7 }295993
340	0.5597875128789963	0.7333588971937538	0.2207872834051713	0.9699297989079955	[394, 193, 232, 10, 1820, 841, 1268, 1380]	{8 6 6 3 }299455
341	0.5608454576226725	0.734452086846294	0.2207872834051713	0.8111024165790848	[87, 1265, 193, 232, 10, 438, 1580, 301]	{4 6 1 6 }279969
342	0.5619008598508284	0.7351814359729979	0.2207872834051713	0.3702963559559602	[1791, 420, 158, 10, 734, 19, 132, 217]	{1 8 4 4 }288459
343	0.5629537256737882	0.7362897725969948	0.2207872834051713	0.5746429876726563	[1791, 420, 158, 10, 734, 19, 400, 4079]	{8 6 5 4 }251298
344	0.5640040611871913	0.7372357994012946	0.2207872834051713	0.6675870071452594	[1580, 438, 2729, 301, 10, 158, 420, 1791]	{4 4 1 8 }255180
345	0.5650518724720273	0.7384669935940207	0.2207872834051713	1.0361121810411285	[2636, 162, 1549, 232, 1792, 496, 2729, 301]	{1 1 7 4 }301076
346	0.5660971655946722	0.7394052098957002	0.2207872834051713	1.0324331578806316	[734, 10, 107, 420, 158, 1557, 15, 432]	{4 4 8 1 }294706
347	0.5671399466069225	0.7404736105475491	0.2207872834051713	0.767390598694206	[846, 10, 734, 19, 132, 217, 261, 165]	{8 5 7 7 }289318
348	0.568180221546031	0.7411864210654544	0.2207872834051713	0.7187482815033093	[193, 232, 10, 107, 1549, 162, 420, 1791]	{8 3 7 3 }243158
349	0.569217996434741	0.7418972737907996	0.2207872834051713	1.0444918288974119	[1089, 836, 320, 232, 10, 734, 19, 77]	{5 4 8 2 }242237
350	0.5702532772813219	0.742823184399809	0.2207872834051713	0.9242894255310842	[107, 10, 734, 19, 132, 1031, 241, 331]	{4 2 5 8 }285428
351	0.5712860700796036	0.7436304497947592	0.2207872834051713	0.821441516771252	[1549, 162, 420, 158, 10, 734, 2229, 494]	{8 6 2 7 }287979
352	0.5723163808090113	0.7446815275789462	0.2207872834051713	0.6561111698386768	[1807, 157, 10, 734, 19, 132, 241, 1126]	{1 7 2 8 }288293
353	0.5733442154346	0.7458778344572207	0.2207872834051713	0.6128421852987456	[1019, 1799, 232, 10, 734, 19, 132, 217]	{6 8 4 2 }332180
354	0.5743695799070891	0.7472386362004735	0.2207872834051713	0.6486059469237553	[1579, 1580, 301, 2729, 496, 1792, 232, 2047]	{5 3 4 6 }276060
355	0.5753924801628971	0.7481453853531344	0.2207872834051713	0.44310970425036134	[320, 232, 10, 734, 19, 132, 241, 89]	{8 2 6 7 }340707
356	0.5764129221241756	0.7489359446206504	0.2207872834051713	0.4115028919152935	[2149, 420, 158, 10, 734, 19, 132, 241]	{8 7 4 5 }258095
357	0.5774309116988436	0.7499652706494468	0.2207872834051713	1.001976011270164	[2238, 1549, 162, 10, 158, 1557, 15, 432]	{7 2 4 4 }294223
358	0.5784464547806221	0.7509903765915729	0.2207872834051713	0.26942594390034946	[1792, 232, 10, 734, 19, 132, 241, 1031]	{1 8 4 5 }284903
359	0.5794595572490676	0.7521571230569393	0.2207872834051713	0.9699297989079955	[394, 193, 232, 10, 1820, 841, 1268, 1380]	{2 3 6 4 }290378
360	0.580470224969607	0.7531732427237066	0.2207872834051713	1.0067580553095319	[846, 10, 301, 1580, 438, 2627, 261, 217]	{2 2 2 3 }293173
361	0.5814784637935708	0.7541851964479626	0.2207872834051713	0.8341910132101336	[837, 162, 107, 10, 232, 193, 394, 432]	{5 7 2 5 }308425
362	0.582484279558227	0.7555015130017606	0.2207872834051713	0.8109285519905401	[377, 162, 1583, 1579, 1580, 438, 2729, 301]	{8 1 6 4 }299139
363	0.5834876780868156	0.7562689817458259	0.2207872834051713	0.67938808259247	[377, 162, 1549, 107, 10, 734, 2229, 1529]	{2 5 3 1 }289063
364	0.5844886651885814	0.7570340414431918	0.2207872834051713	0.29411855649072083	[2047, 232, 10, 734, 19, 132, 241, 1031]	{7 5 3 2 }284804
365	0.5854872466588084	0.7577966996557376	0.2207872834051713	0.8349274517797342	[107, 162, 420, 158, 10, 734, 2229, 1529]	{4 6 2 7 }332254
366	0.5864834282788529	0.7584619308883727	0.2207872834051713	0.8763806479755227	[2875, 836, 320, 232, 10, 734, 19, 1987]	{7 3 3 5 }279662
367	0.5874772158161772	0.7595936690297744	0.2207872834051713	0.8493048553603348	[1742, 1743, 193, 232, 10, 734, 19, 1987]	{7 1 1 1 }284588
368	0.5884686150243825	0.7605792999420977	0.2207872834051713	0.5746429876726563	[1791, 420, 158, 10, 734, 19, 400, 4079]	{8 6 7 4 }343072
369	0.5894576316432434	0.761236888534786	0.2207872834051713	0.8596861011937114	[2309, 420, 162, 107, 10, 734, 19, 241]	{4 7 4 3 }346534
370	0.5904442713987395	0.7623556244798022	0.2207872834051713	0.6648552371156095	[1579, 1580, 438, 2627, 301, 2728, 496, 3366]	{8 2 2 7 }348178
371	0.5914285400030896	0.7630083342514336	0.2207872834051713	0.905184056327006	[1549, 162, 107, 232, 10, 734, 2229, 1529]	{2 7 1 1 }337852
372	0.5924104431547851	0.7638585116237777	0.2207872834051713	0.9280429258838119	[846, 10, 232, 1792, 496, 217, 132, 241]	{1 1 5 8 }296349
373	0.5933899865386218	0.7645997481595569	0.2207872834051713	0.81190764836624	[1849, 420, 162, 10, 734, 19, 132, 217]	{2 1 3 1 }296999
374	0.5943671758257337	0.7654442165374922	0.2207872834051713	0.9313616313582265	[1579, 1580, 301, 10, 107, 162, 420, 1791]	{6 5 6 3 }310063
375	0.5953420166736256	0.7661804756234165	0.2207872834051713	0.8412784177108972	[2636, 162, 1549, 107, 734, 10, 232, 2047]	{3 7 7 5 }278261
376	0.596314514726206	0.7670192733431986	0.2207872834051713	0.9219086971807857	[87, 1265, 193, 394, 432, 422, 19, 400]	{3 5 1 3 }298264
377	0.5972846756138193	0.7681109156484419	0.2207872834051713	1.0476639324919548	[320, 232, 10, 415, 87, 1265, 808, 331]	{8 2 5 3 }292699
378	0.5982525049532789	0.7693526612063428	0.2207872834051713	0.707570552947323	[10, 734, 19, 132, 217, 261, 2627, 301]	{2 4 7 4 }258051
379	0.5992180083478995	0.7700766518763842	0.2207872834051713	0.5650910707720596	[241, 132, 19, 734, 10, 438, 1580, 301]	{3 5 4 8 }281515
380	0.6001811913875297	0.7707983699752656	0.2207872834051713	0.9398029126728228	[320, 232, 10, 846, 162, 107, 420, 1791]	{7 4 4 6 }294626
381	0.6011420596485841	0.7715178226364761	0.2207872834051713	0.8655694492313655	[107, 162, 420, 158, 10, 494, 2229, 1529]	{6 6 5 2 }281639
382	0.6021006186940759	0.7724545662572266	0.2207872834051713	0.8137005715497756	[421, 438, 2627, 301, 10, 158, 420, 1791]	{1 5 5 8 }305165
383	0.6030568740736487	0.7732708564771265	0.2207872834051713	0.9179460762938564	[1580, 438, 2627, 301, 10, 734, 19, 2004]	{6 7 7 4 }290151
384	0.604010831323609	0.7739825481246243	0.2207872834051713	0.44421749349124495	[1549, 162, 107, 10, 734, 19, 132, 1032]	{5 1 3 7 }288015
385	0.6049624959669582	0.7747933569044707	0.2207872834051713	0.40393131528134174	[837, 162, 107, 10, 734, 19, 132, 241]	{6 2 5 3 }287635
386	0.6059118735134243	0.7757166713122056	0.2207872834051713	0.7857251624205963	[2051, 1849, 420, 162, 10, 734, 19, 132]	{3 8 7 3 }344526
387	0.6068589694594942	0.7766362002654628	0.2207872834051713	1.1069580208991723	[193, 232, 10, 734, 19, 132, 168, 1121]	{6 5 3 6 }342130
388	0.6078037892884451	0.7778322936775	0.2207872834051713	0.8404018583371573	[1879, 496, 1792, 232, 10, 734, 2229, 1529]	{8 8 1 6 }303784
389	0.6087463384703768	0.7787431488874591	0.2207872834051713	0.8318592386362634	[1799, 1019, 10, 734, 19, 132, 241, 217]	{4 3 5 2 }277953
390	0.6096866224622426	0.7797798584147462	0.2207872834051713	1.1018376067691522	[1530, 158, 10, 232, 1792, 496, 2729, 301]	{7 8 3 8 }248498
391	0.6106246467078815	0.780811710390104	0.2207872834051713	0.5277457326021664	[87, 1265, 193, 232, 10, 734, 19, 1987]	{3 4 3 3 }281134
392	0.6115604166380499	0.7815980204213895	0.2207872834051713	0.5953033681844802	[1791, 420, 158, 10, 232, 1792, 496, 3366]	{6 8 3 8 }251703
393	0.612493937670452	0.7822835735101895	0.2207872834051713	1.0276421898208123	[107, 162, 10, 232, 1879, 496, 2729, 301]	{6 6 2 4 }299873
394	0.6134252152097724	0.7833036942090693	0.2207872834051713	0.7881933432434118	[1580, 438, 2729, 496, 1792, 232, 10, 161]	{4 1 7 5 }300346
395	0.6143542546477068	0.7840810645662593	0.2207872834051713	0.9377151181787812	[2636, 162, 420, 158, 10, 734, 2229, 494]	{5 8 6 5 }295638
396	0.6152810613629928	0.7847588235014238	0.2207872834051713	0.5309027769921314	[2636, 162, 10, 734, 19, 132, 241, 1126]	{2 4 3 8 }283851
397	0.616205640721442	0.7854344549845736	0.2207872834051713	1.0324399823473218	[1580, 438, 2729, 496, 217, 132, 19, 3308]	{4 4 7 1 }275422
398	0.6171279980759704	0.7862041815092622	0.2207872834051713	0.7279836629288158	[87, 1265, 193, 232, 10, 734, 2229, 494]	{7 8 5 7 }295343
399	0.6180481387666295	0.786971146738223	0.2207872834051713	0.8133922477802392	[2627, 438, 2729, 301, 10, 734, 19, 400]	{6 5 3 4 }345848
400	0.6189660681206373	0.7879693035891997	0.2207872834051713	0.7362608247530769	[394, 193, 232, 10, 734, 19, 241, 2872]	{4 7 7 1 }329632
401	0.6198817914524092	0.788551663290035	0.2207872834051713	0.36339977689689984	[2309, 420, 158, 10, 734, 19, 132, 241]	{5 7 6 8 }303163
402	0.6207953140635885	0.7892153892353438	0.2207872834051713	0.5316671508538642	[377, 162, 1549, 107, 10, 734, 19, 1460]	{7 5 8 7 }282417
403	0.6217066412430774	0.7900795754128593	0.2207872834051713	0.5746670623715742	[320, 232, 10, 734, 19, 132, 1714, 2168]	{2 4 1 6 }280112
404	0.6226157782670674	0.7909402185530217	0.2207872834051713	0.7443440662717085	[1879, 496, 1792, 232, 10, 734, 19, 409]	{4 7 6 4 }301703
405	0.6235227303990702	0.7915144183922009	0.2207872834051713	0.8032617546045743	[1549, 107, 420, 158, 10, 734, 19, 400]	{2 7 2 4 }296873
406	0.6244275028899477	0.7920870411444196	0.2207872834051713	0.5270362078376615	[1849, 420, 158, 10, 734, 19, 132, 1032]	{2 3 4 4 }352635
407	0.6253301009779426	0.792832902364804	0.2207872834051713	0.583330290527021	[377, 162, 1549, 107, 10, 734, 19, 409]	{4 3 4 7 }263445
408	0.6262305298887088	0.7936822572658229	0.2207872834051713	0.9978555976501589	[1549, 107, 10, 232, 193, 1265, 87, 1529]	{5 6 1 7 }294071
409	0.6271287948353417	0.7943298785285906	0.2207872834051713	0.9592473134738307	[107, 162, 420, 158, 10, 438, 2729, 301]	{1 5 2 4 }283432
410	0.6280249010184079	0.7949754669400173	0.2207872834051713	0.2207872834051713	[320, 232, 10, 734, 19, 132, 241, 1031]	{1 2 7 4 }283794
411	0.6289188536259762	0.7958160376386051	0.2207872834051713	1.0010664986726037	[1265, 193, 232, 10, 301, 2627, 438, 3366]	{3 1 3 6 }278750
412	0.629810657833647	0.7967727513314687	0.2207872834051713	0.8298657064369029	[377, 162, 107, 10, 734, 2229, 494, 2626]	{7 6 8 6 }249919
413	0.6307003188045821	0.7975018031642241	0.2207872834051713	0.6997073808099048	[734, 10, 107, 1549, 162, 1583, 1013, 156]	{8 3 4 5 }321096
414	0.6315878416895351	0.7982282396165208	0.2207872834051713	0.7403050362081623	[2309, 420, 162, 1549, 107, 10, 734, 19]	{5 4 5 3 }350933
415	0.6324732316268808	0.7988615912639299	0.2207872834051713	0.3527599326579586	[2047, 232, 10, 734, 19, 132, 241, 1126]	{2 3 4 7 }289466
416	0.6333564937426458	0.7995831496498613	0.2207872834051713	0.8197922145166291	[1807, 157, 10, 734, 19, 132, 241, 217]	{2 7 8 6 }348021
417	0.6342376331505366	0.8002122483012114	0.2207872834051713	0.5902502818053489	[1549, 162, 107, 420, 158, 10, 734, 19]	{2 6 2 1 }293397
418	0.6351166549519708	0.8009289613772992	0.2207872834051713	0.5367126567672513	[1265, 193, 232, 10, 734, 19, 132, 217]	{3 2 5 3 }334302
419	0.6359935642361056	0.8018617182221578	0.2207872834051713	0.7148569160899233	[394, 193, 232, 10, 734, 19, 400, 4079]	{3 1 1 8 }345564
420	0.6368683660798682	0.8030743044989646	0.2207872834051713	1.0142599599093325	[1089, 836, 320, 232, 1792, 496, 2728, 301]	{3 1 1 3 }346053
421	0.6377410655479837	0.8038816711441492	0.2207872834051713	1.0553061857037207	[2796, 1791, 420, 158, 10, 438, 2627, 301]	{8 4 4 8 }292855
422	0.6386116676930063	0.8045852206338266	0.2207872834051713	0.6637622058578585	[377, 162, 10, 734, 19, 132, 1032, 370]	{4 2 5 2 }274125
423	0.6394801775553467	0.805631649511256	0.2207872834051713	1.118631537498586	[1879, 496, 2728, 301, 1580, 438, 80, 909]	{2 3 3 8 }293829
424	0.6403466001633031	0.8062417622185658	0.2207872834051713	0.44310970425036134	[320, 232, 10, 734, 19, 132, 241, 217]	{8 1 2 6 }240299
425	0.641210940533089	0.8071496256817232	0.2207872834051713	0.958827453186198	[320, 232, 193, 394, 432, 422, 19, 3308]	{2 2 8 5 }257602
426	0.6420732036688623	0.807841451801328	0.2207872834051713	0.7506463086289268	[1019, 1799, 232, 10, 734, 19, 422, 432]	{1 6 3 6 }256872
427	0.642933394562755	0.8087418198426588	0.2207872834051713	0.7754530080316797	[837, 162, 10, 232, 1792, 496, 2728, 301]	{4 3 7 1 }282086
428	0.6437915181949017	0.8097659904985856	0.2207872834051713	0.995588133013656	[846, 10, 734, 19, 132, 1031, 227, 1811]	{7 4 1 1 }281269
429	0.6446475795334683	0.8102884838108148	0.2207872834051713	1.0358119270428439	[2149, 420, 158, 10, 162, 1549, 232, 2047]	{4 1 1 5 }246916
430	0.6455015835346811	0.8109690496772459	0.2207872834051713	0.9994529640650647	[377, 162, 107, 10, 734, 19, 123, 2395]	{7 6 7 2 }294063
431	0.6463535351428551	0.8118547632095787	0.2207872834051713	0.7148569160899233	[394, 193, 232, 10, 734, 19, 400, 4079]	{3 5 2 7 }279876
432	0.6472034392904229	0.8124453418685889	0.2207872834051713	0.7747324653297196	[1879, 836, 320, 232, 10, 158, 420, 1791]	{6 7 6 2 }351086
433	0.6480513008979631	0.8132142886265985	0.2207872834051713	0.4726765573913526	[377, 162, 10, 734, 19, 132, 241, 1126]	{8 4 5 7 }344024
434	0.6488971248742291	0.814089481984762	0.2207872834051713	0.650603255652004	[158, 10, 734, 19, 132, 1031, 241, 1126]	{5 8 7 1 }330005
435	0.6497409161161771	0.8148516880079659	0.2207872834051713	0.558865763688278	[1791, 420, 158, 10, 734, 19, 132, 1108]	{2 3 8 1 }342825
436	0.6505826795089948	0.8158431408597112	0.2207872834051713	1.0922539160394982	[1794, 1879, 232, 10, 734, 19, 132, 1032]	{8 2 3 7 }346767
437	0.6514224199261295	0.8164212001971354	0.2207872834051713	0.5229092028783412	[377, 162, 107, 10, 734, 19, 132, 1031]	{5 1 2 3 }331341
438	0.652260142229316	0.8174042484497835	0.2207872834051713	0.9104891463973894	[1265, 193, 394, 432, 422, 19, 132, 1032]	{3 2 3 2 }295814
439	0.6530958512686056	0.8180592874181956	0.2207872834051713	0.9433126058439393	[87, 1265, 193, 394, 432, 422, 19, 241]	{3 3 4 6 }295733
440	0.6539295518823933	0.8189117793034706	0.2207872834051713	1.0940076355947617	[1879, 496, 2729, 301, 10, 734, 19, 241]	{2 4 8 7 }241224
441	0.6547612488974466	0.8194802063355118	0.2207872834051713	0.7958747899048175	[2238, 1549, 107, 10, 734, 19, 422, 432]	{7 4 7 7 }279418
442	0.6555909471289323	0.8202203111746975	0.2207872834051713	0.7608580585615496	[1550, 420, 158, 10, 734, 19, 132, 217]	{4 3 8 8 }288430
443	0.6564186513804459	0.8208652478772756	0.2207872834051713	0.720740839852452	[1580, 438, 2729, 301, 10, 734, 19, 1987]	{6 4 6 6 }278289
444	0.6572443664440382	0.8215078709516953	0.2207872834051713	0.9241863965183832	[193, 232, 1799, 1019, 10, 158, 420, 1791]	{7 8 8 8 }269269
445	0.6580680971002433	0.8221481886978029	0.2207872834051713	0.7376686575875684	[158, 10, 734, 19, 132, 1720, 241, 1031]	{4 2 1 6 }281536
446	0.6588898481181069	0.823100569433044	0.2207872834051713	0.7528811701837897	[1549, 162, 1583, 1579, 1580, 438, 2729, 301]	{2 7 8 5 }300674
447	0.6597096242552133	0.8238258313112796	0.2207872834051713	0.8165361555565264	[158, 1557, 15, 432, 422, 19, 132, 241]	{1 1 2 4 }284781
448	0.6605274302577127	0.8243788333753834	0.2207872834051713	0.8566846926384754	[87, 1265, 193, 232, 10, 438, 2729, 301]	{8 3 3 1 }332064
449	0.6613432708603496	0.8249300995931643	0.2207872834051713	0.899920405499123	[377, 162, 1549, 232, 10, 158, 420, 1582]	{7 8 7 3 }293744
450	0.6621571507864894	0.8258675834413595	0.2207872834051713	0.7946188578547926	[837, 162, 1549, 107, 10, 494, 2229, 1529]	{6 3 7 2 }335163
451	0.662969074748146	0.8264922612749961	0.2207872834051713	1.0293012074936139	[2627, 438, 1580, 1579, 1582, 420, 158, 10]	{2 2 8 2 }290888
452	0.6637790474460092	0.8272036177110954	0.2207872834051713	0.8837182966855165	[1529, 2229, 494, 10, 232, 1792, 496, 3366]	{4 4 3 6 }343723
453	0.664587073569472	0.8276782171497551	0.2207872834051713	0.9570416995134216	[2309, 420, 158, 10, 301, 1580, 438, 3366]	{3 5 1 5 }287604
454	0.6653931577966572	0.8282191267638916	0.2207872834051713	0.7809425179021237	[837, 162, 1549, 232, 10, 158, 420, 1791]	{6 1 1 8 }287966
455	0.666197304794445	0.8288353687358004	0.2207872834051713	0.6397439145803703	[2238, 1549, 162, 107, 10, 734, 19, 241]	{6 3 1 7 }298348
456	0.6669995192185001	0.8293726461079328	0.2207872834051713	0.493481545650313	[1791, 420, 158, 10, 734, 19, 241, 1031]	{6 2 1 5 }256566
457	0.6677998057132982	0.8299847499763275	0.2207872834051713	0.9108978662681493	[1742, 1743, 193, 232, 10, 734, 19, 400]	{2 5 8 5 }298229
458	0.6685981689121532	0.8307813645380794	0.2207872834051713	0.8164199471735665	[2796, 1791, 420, 158, 10, 734, 19, 3308]	{3 8 4 3 }298632
459	0.6693946134372437	0.8312461374015917	0.2207872834051713	0.7996135617435007	[2872, 241, 19, 734, 10, 158, 420, 1582]	{7 6 2 5 }284705
460	0.6701891438996405	0.831775847489268	0.2207872834051713	0.46105833933866197	[377, 162, 107, 10, 734, 19, 132, 217]	{7 6 2 8 }280861
461	0.6709817648993324	0.8323038948429917	0.2207872834051713	0.3966839071762177	[2047, 232, 10, 734, 19, 132, 241, 2872]	{7 6 4 5 }275451
462	0.6717724810252532	0.8330896429408745	0.2207872834051713	1.1923095635548966	[837, 162, 107, 10, 1820, 841, 1268, 1392]	{3 3 3 3 }286967
463	0.6725612968553089	0.8338717093785735	0.2207872834051713	0.6328168484142378	[1549, 162, 10, 232, 1792, 496, 2728, 301]	{2 2 5 1 }291262
464	0.6733482169564027	0.8344676734313448	0.2207872834051713	0.9629267248281097	[1791, 420, 158, 10, 438, 2729, 496, 3366]	{4 7 4 1 }330877
465	0.6741332458844631	0.8351463318401995	0.2207872834051713	0.7861955926954431	[1879, 496, 1792, 232, 10, 158, 420, 1582]	{4 4 4 8 }290419
466	0.6749163881844692	0.8359187615639804	0.2207872834051713	1.1109934505649204	[2872, 241, 217, 261, 2627, 438, 2729, 301]	{5 4 8 2 }334072
467	0.6756976483904773	0.8366875720314544	0.2207872834051713	0.8493048553603348	[1742, 1743, 193, 232, 10, 734, 19, 1987]	{6 5 2 5 }287177
468	0.6764770310256473	0.8370800541390754	0.2207872834051713	0.8090524788069019	[988, 420, 162, 1549, 107, 10, 734, 19]	{1 5 5 3 }291770
469	0.6772545406022688	0.8378434233148085	0.2207872834051713	0.9115209427007629	[1879, 496, 2729, 438, 10, 734, 19, 132]	{3 8 2 5 }288570
470	0.6780301816217869	0.838603215687865	0.2207872834051713	0.7754530080316797	[837, 162, 10, 232, 1792, 496, 2728, 301]	{1 2 7 8 }291008
471	0.678803958574829	0.8392649189763167	0.2207872834051713	0.6448843237564781	[2627, 438, 10, 734, 19, 132, 241, 1126]	{8 6 5 1 }297534
472	0.6795758759412301	0.8397694585024095	0.2207872834051713	0.3820828136324923	[320, 232, 10, 734, 19, 132, 241, 1729]	{5 8 7 3 }288704
473	0.6803459381900592	0.8404263803653278	0.2207872834051713	0.8630047887241346	[1792, 496, 2728, 301, 10, 158, 420, 1791]	{6 1 1 5 }289800
474	0.6811141497796445	0.8410806089443693	0.2207872834051713	1.2319955423981275	[1549, 107, 10, 1799, 232, 1792, 496, 3366]	{4 8 4 5 }291247
475	0.6818805151576002	0.8417321552816055	0.2207872834051713	0.6328168484142378	[1549, 162, 10, 232, 1792, 496, 2728, 301]	{1 6 5 8 }286365
476	0.6826450387608515	0.8422289502740948	0.2207872834051713	0.5277457326021664	[87, 1265, 193, 232, 10, 734, 19, 1987]	{3 8 6 8 }267873
477	0.6834077250156605	0.8427949337911281	0.2207872834051713	0.7440758331832782	[394, 193, 1265, 415, 10, 734, 19, 132]	{5 6 3 5 }244611
478	0.6841685783376521	0.8434394516463941	0.2207872834051713	0.7998423381753974	[320, 232, 1792, 496, 3366, 438, 2627, 301]	{4 1 4 6 }286251
479	0.6849276031318388	0.8440813270724065	0.2207872834051713	0.9154922725634049	[1819, 1513, 1031, 241, 132, 19, 422, 432]	{3 4 5 3 }286929
480	0.6856848037926471	0.8444560400696308	0.2207872834051713	0.5408150808620928	[1549, 162, 107, 10, 734, 19, 422, 432]	{8 6 8 3 }299315
481	0.6864401847039425	0.8448832543150451	0.2207872834051713	0.7161452938815767	[1792, 232, 10, 107, 162, 1583, 1013, 156]	{1 4 1 2 }346105
482	0.687193750239055	0.8454397158548906	0.2207872834051713	0.8248192204338332	[3543, 359, 158, 10, 734, 19, 132, 241]	{5 8 7 2 }346336
483	0.6879455047608041	0.8459941811599392	0.2207872834051713	0.4211648028270305	[420, 158, 10, 734, 19, 132, 241, 2872]	{5 8 3 2 }339690
484	0.6886954526215245	0.8464775978624924	0.2207872834051713	0.3966839071762177	[2047, 232, 10, 734, 19, 132, 241, 2872]	{5 6 2 3 }340115
485	0.6894435981630911	0.8471070173318973	0.2207872834051713	0.5572653352020441	[837, 162, 10, 734, 19, 132, 241, 1126]	{3 7 8 5 }297967
486	0.6901899457169443	0.8478234046934201	0.2207872834051713	0.7263119716645767	[107, 10, 734, 19, 132, 1031, 241, 2872]	{1 4 5 7 }304987
487	0.6909344996041143	0.8483693188188024	0.2207872834051713	0.4043216966243352	[1799, 232, 10, 734, 19, 132, 241, 1031]	{7 8 6 4 }254184
488	0.6916772641352477	0.8489132745468918	0.2207872834051713	0.8513875256668249	[837, 162, 1549, 107, 734, 19, 132, 241]	{1 6 3 7 }292657
489	0.6924182436106306	0.8494552789031888	0.2207872834051713	0.7161452938815767	[1792, 232, 10, 107, 162, 1583, 1013, 156]	{7 3 2 1 }293191
490	0.6931574423202151	0.8502614325831266	0.2207872834051713	0.8611378127104434	[734, 10, 232, 1792, 496, 2729, 438, 970]	{7 2 8 7 }290348
491	0.6938948645436429	0.8507314545930149	0.2207872834051713	0.6189357998887759	[1879, 232, 10, 734, 19, 132, 241, 1126]	{3 4 5 2 }279537
492	0.6946305145502709	0.8513434338699203	0.2207872834051713	1.0234594918679338	[432, 15, 1557, 734, 19, 132, 241, 1031]	{3 7 1 5 }285489
493	0.6953643965991958	0.8519529041210003	0.2207872834051713	1.0559082646650828	[2309, 420, 158, 10, 438, 2627, 261, 217]	{5 5 5 5 }277023
494	0.6960965149392779	0.852484004193908	0.2207872834051713	0.8287796089847973	[2636, 162, 1549, 107, 10, 438, 2627, 301]	{6 4 7 3 }326931
495	0.6968268738091672	0.8530887982729236	0.2207872834051713	0.9154922725634049	[1819, 1513, 1031, 241, 132, 19, 422, 432]	{2 1 8 4 }339772
496	0.6975554774373266	0.8535499453207555	0.2207872834051713	0.7547701756603271	[107, 10, 734, 19, 241, 132, 1032, 370]	{7 5 6 1 }353360
497	0.6982823300420571	0.854150369196536	0.2207872834051713	0.7861955926954431	[1879, 496, 1792, 232, 10, 158, 420, 1582]	{1 3 2 8 }291514
498	0.6990074358315221	0.8549313810827923	0.2207872834051713	0.9172138528765781	[87, 1265, 193, 394, 432, 422, 19, 3308]	{1 7 1 2 }308675
499	0.6997307990037714	0.8554517962495074	0.2207872834051713	0.740837906471948	[2047, 232, 10, 107, 162, 1583, 1013, 156]	{2 7 7 5 }297229
