0	0.00240325927734375	0.0046855476884631875	1.2651683587825884	1.2651683587825884	[2151, 158, 10, 232, 193, 1265, 808, 331]	{3 4 4 2 }291761
1	0.004800742899533361	0.007419260478625511	0.4216151515430648	0.4216151515430648	[377, 162, 1549, 107, 10, 158, 420, 1791]	{1 1 5 1 }248323
2	0.0071924647469656655	0.011488696819593192	0.4216151515430648	0.7400469341074332	[2636, 162, 10, 734, 19, 241, 132, 1032]	{8 7 5 6 }232088
3	0.00957843866667929	0.014591585257310635	0.4216151515430648	0.4307214741276705	[1792, 232, 10, 734, 19, 132, 241, 1729]	{4 5 2 7 }249345
4	0.011958678472434925	0.017298090302685476	0.4216151515430648	0.6474111252776009	[1549, 162, 107, 232, 10, 158, 420, 1791]	{6 7 5 3 }219453
5	0.01433319794479504	0.020823408059093218	0.4216151515430648	0.8275027074035005	[1580, 1579, 1583, 162, 107, 10, 232, 2047]	{6 1 1 6 }276959
6	0.01670201083120393	0.023512796891938748	0.4216151515430648	0.4894829601663889	[1579, 1580, 438, 10, 734, 19, 132, 241]	{3 2 7 8 }229571
7	0.019065130846067313	0.027516252079608394	0.4216151515430648	1.038076643869067	[2047, 232, 1792, 496, 217, 132, 241, 1126]	{5 5 2 4 }214250
8	0.021422571670831503	0.03018725846732917	0.4216151515430648	0.4876556853819445	[193, 232, 10, 734, 19, 132, 241, 2872]	{8 2 1 3 }226900
9	0.023774346954062775	0.034163349335493365	0.4216151515430648	0.6926809265985516	[1879, 496, 1792, 232, 10, 734, 19, 3308]	{3 7 7 5 }227080
10	0.026120470311526423	0.03812313881070317	0.4216151515430648	0.6986454041652321	[2627, 438, 2729, 301, 10, 158, 420, 1791]	{6 1 7 4 }229269
11	0.02846095532626547	0.042630058714234864	0.4216151515430648	0.8340529074434395	[1265, 193, 232, 10, 734, 19, 132, 1779]	{4 8 1 4 }271399
12	0.030795815548679273	0.045635195946228335	0.4216151515430648	0.7071598277099005	[2238, 1549, 162, 107, 10, 158, 420, 1582]	{5 4 5 5 }244356
13	0.03312506449660224	0.051475812176869584	0.4216151515430648	1.146502945531853	[394, 193, 232, 10, 301, 1580, 438, 970]	{2 4 2 1 }238566
14	0.03544871565538188	0.05445318302313351	0.4216151515430648	0.6781017530482094	[1549, 162, 420, 158, 10, 734, 19, 1460]	{2 1 6 4 }224306
15	0.03776678247795695	0.057421208048521244	0.4216151515430648	0.7566868763189217	[1549, 107, 10, 734, 19, 132, 1714, 2168]	{8 4 2 2 }212433
16	0.04007927838493508	0.060802589237760385	0.4216151515430648	0.7517992368724249	[2627, 438, 2729, 301, 10, 734, 19, 1987]	{5 4 4 4 }260076
17	0.042386216764671025	0.06338217196995644	0.4216151515430648	1.0507193202921716	[3540, 359, 158, 10, 734, 19, 132, 168]	{6 3 4 3 }238582
18	0.04468761097334362	0.06722216853166851	0.4216151515430648	0.8165361555565264	[158, 1557, 15, 432, 422, 19, 132, 241]	{1 7 2 6 }237913
19	0.04698347433503336	0.07056839002529691	0.4216151515430648	0.8858899064089981	[1579, 1580, 438, 2729, 496, 1879, 232, 10]	{1 1 4 4 }252312
20	0.049273820141799596	0.07390260737613086	0.22858055408794858	0.22858055408794858	[1791, 420, 158, 10, 734, 19, 132, 241]	{6 5 1 3 }289228
21	0.05155866165375744	0.07769947168626878	0.22858055408794858	1.0456745545481323	[988, 420, 162, 107, 10, 734, 2229, 494]	{1 6 8 2 }241143
22	0.0538380120991544	0.08100810719122076	0.22858055408794858	0.7405253874195731	[3284, 162, 10, 734, 19, 132, 241, 1031]	{8 4 2 5 }238583
23	0.056111884674447055	0.08477583998790394	0.22858055408794858	0.43214721949563945	[1791, 420, 158, 10, 734, 19, 132, 1031]	{2 7 5 2 }244894
24	0.05838029254437771	0.0876486836821383	0.22858055408794858	0.720740839852452	[1580, 438, 2729, 301, 10, 734, 19, 1987]	{6 7 7 6 }263072
25	0.06064324884205019	0.09138919108322274	0.22858055408794858	0.4115028919152935	[2149, 420, 158, 10, 734, 19, 132, 241]	{2 1 6 4 }278032
26	0.06290076666900601	0.09464871646597584	0.22858055408794858	0.7705533893840184	[377, 162, 1549, 107, 10, 438, 2627, 301]	{4 6 6 4 }249287
27	0.06515285909530044	0.09949679259604438	0.22858055408794858	0.6926809265985516	[1879, 496, 1792, 232, 10, 734, 19, 1460]	{2 5 5 3 }248810
28	0.06739953915957797	0.10318872447771144	0.22858055408794858	0.5779191927265845	[1265, 193, 232, 10, 734, 19, 132, 1032]	{7 5 4 5 }261297
29	0.06964081986914772	0.1064059205394543	0.22858055408794858	0.821441516771252	[1549, 162, 420, 158, 10, 734, 2229, 494]	{3 5 5 2 }233847
30	0.07187671420005914	0.10921086847302874	0.22858055408794858	0.8016569737340982	[10, 232, 1792, 496, 3366, 438, 1580, 301]	{4 1 5 5 }234908
31	0.07410723509717665	0.11165749389531354	0.22858055408794858	0.8874805362490151	[734, 10, 107, 162, 1583, 1013, 156, 1529]	{5 5 5 3 }232927
32	0.07633239547425485	0.11409739946017627	0.22858055408794858	0.583330290527021	[377, 162, 1549, 107, 10, 734, 19, 409]	{7 8 7 2 }257694
33	0.07855220821401321	0.11772947098206876	0.22858055408794858	0.7763016645344903	[193, 394, 432, 422, 19, 132, 241, 1126]	{7 7 5 8 }263182
34	0.08076668616821081	0.12049887484687105	0.22858055408794858	0.7194973450158514	[1555, 2229, 494, 10, 734, 19, 132, 241]	{3 6 7 4 }255270
35	0.08297584215772047	0.12325958568893924	0.22858055408794858	0.682796597352417	[1549, 162, 420, 158, 10, 734, 19, 400]	{1 3 7 3 }231436
36	0.0851796889726033	0.12685409358288946	0.22858055408794858	0.7747324653297196	[1879, 836, 320, 232, 10, 158, 420, 1791]	{4 7 5 4 }295897
37	0.08737823937218236	0.1299863931515095	0.22858055408794858	0.6926809265985516	[1879, 496, 1792, 232, 10, 734, 19, 1460]	{3 8 3 3 }258629
38	0.08957150608511699	0.13271732313952445	0.22858055408794858	0.6148195910440275	[107, 162, 10, 734, 19, 132, 1032, 370]	{7 1 3 8 }238180
39	0.09175950180947601	0.1354396808724151	0.22858055408794858	0.5105102843732272	[394, 193, 232, 10, 734, 19, 132, 217]	{5 3 1 7 }222875
40	0.09394223921281164	0.13854118074173438	0.22858055408794858	0.5641026275798399	[1549, 107, 10, 734, 19, 132, 241, 1729]	{1 7 5 4 }247778
41	0.0961197309322328	0.14163155437587194	0.22858055408794858	0.8165361555565264	[158, 1557, 15, 432, 422, 19, 132, 241]	{6 8 3 5 }279476
42	0.09829198957447793	0.14398913372481514	0.22858055408794858	0.44310970425036134	[320, 232, 10, 734, 19, 132, 241, 89]	{6 8 2 3 }232309
43	0.10045902771598825	0.14712393914330335	0.22858055408794858	0.7782096530803472	[1582, 420, 158, 10, 734, 19, 400, 4079]	{1 2 2 2 }231445
44	0.10262085790298059	0.1506206066668594	0.22858055408794858	1.0315967956540588	[2238, 1549, 162, 107, 10, 1799, 232, 2047]	{4 4 6 5 }218318
45	0.10477749265152003	0.15410293836328715	0.22858055408794858	0.6875862849499039	[1580, 438, 2627, 301, 10, 734, 19, 1987]	{2 4 2 6 }240409
46	0.10692894444759216	0.15757099300738808	0.22858055408794858	0.29411855649072083	[2047, 232, 10, 734, 19, 132, 241, 1031]	{6 1 8 2 }274257
47	0.10907522574717565	0.16151823429379664	0.22858055408794858	1.0515407327739439	[193, 394, 432, 422, 19, 734, 10, 301]	{8 4 4 8 }216433
48	0.11121634897631416	0.16495588730552946	0.22858055408794858	1.1450457406528636	[1580, 438, 2729, 301, 10, 232, 1792, 1791]	{6 7 6 5 }230644
49	0.11335232653118832	0.16795150154909222	0.22858055408794858	0.5242764158818288	[359, 158, 10, 734, 19, 132, 241, 1031]	{4 8 1 5 }241096
50	0.11548317077818748	0.1724070477417846	0.22858055408794858	0.6648552371156095	[1579, 1580, 438, 2627, 301, 2729, 496, 3366]	{8 3 4 8 }236578
51	0.11760889405398145	0.17500482137819773	0.22858055408794858	0.82322681526833	[855, 836, 320, 232, 10, 158, 420, 1791]	{2 8 2 3 }248255
52	0.11972950866559184	0.17838718134885923	0.22858055408794858	0.7823338507602664	[1580, 438, 2729, 301, 10, 734, 19, 400]	{5 6 4 4 }232239
53	0.12184502689046317	0.18064380835321114	0.22858055408794858	0.3820828136324923	[320, 232, 10, 734, 19, 132, 241, 1729]	{5 8 2 4 }241543
54	0.1239554609765342	0.18448294086300976	0.22858055408794858	0.8130371779342995	[320, 232, 1799, 1019, 10, 734, 19, 1987]	{5 3 5 2 }234916
55	0.1260608231423087	0.18782644192543363	0.22858055408794858	0.815091832502421	[1820, 10, 734, 19, 132, 1032, 370, 4612]	{8 5 7 7 }272259
56	0.12816112557692616	0.19037581484070676	0.22858055408794858	0.26942594390034946	[1792, 232, 10, 734, 19, 132, 241, 1031]	{6 1 7 2 }227032
57	0.13025638044023236	0.19291718539959124	0.22858055408794858	0.9833380686862286	[1849, 420, 158, 10, 301, 2729, 438, 3366]	{2 7 7 6 }263226
58	0.1323465998628499	0.19622610728889678	0.22858055408794858	0.7450350993192905	[2636, 162, 107, 10, 734, 19, 241, 2872]	{7 4 8 2 }238471
59	0.13443179594624832	0.20053024546608478	0.22858055408794858	0.9352537788832898	[193, 1265, 415, 10, 734, 19, 241, 1031]	{3 8 8 7 }223096
60	0.13651198076281423	0.20272605472841543	0.22858055408794858	0.5738630213636511	[1582, 420, 158, 10, 734, 19, 132, 217]	{1 6 5 6 }241477
61	0.13858716635592117	0.20522865849077732	0.22858055408794858	0.8037652788611146	[2636, 162, 107, 10, 734, 19, 241, 1729]	{4 6 2 5 }252680
62	0.14065736473999924	0.2084871051350844	0.22858055408794858	0.9392033472662221	[2051, 1849, 420, 162, 10, 734, 19, 400]	{7 8 7 6 }241727
63	0.14272258790060488	0.21173219262314202	0.22858055408794858	1.0902843370011734	[157, 842, 193, 232, 10, 494, 2229, 1529]	{7 2 6 2 }245626
64	0.14478284779449002	0.21456000283774324	0.22858055408794858	0.6973757709027594	[1879, 496, 1792, 232, 10, 734, 19, 400]	{3 7 7 4 }239839
65	0.14683815634967146	0.21702546041812143	0.22858055408794858	0.5277457326021664	[87, 1265, 193, 232, 10, 734, 19, 1987]	{8 2 5 1 }242602
66	0.1488885254654998	0.22069412496218488	0.22858055408794858	0.8493048553603348	[1742, 1743, 193, 232, 10, 734, 19, 1987]	{8 1 1 7 }270335
67	0.15093396701272854	0.22388916544840043	0.22858055408794858	0.7763016645344903	[193, 394, 432, 422, 19, 132, 241, 1126]	{6 2 5 6 }270685
68	0.15297449283358266	0.22667336407362537	0.22858055408794858	0.985587546026364	[1849, 420, 158, 10, 734, 651, 2308, 3284]	{7 3 3 2 }258921
69	0.15501011474182713	0.22944757474140964	0.22858055408794858	0.9100303299978004	[420, 162, 1549, 107, 10, 734, 2229, 1529]	{6 4 1 1 }208844
70	0.1570408445228355	0.23357381489570683	0.22858055408794858	1.3329494345941721	[846, 10, 734, 19, 241, 1819, 1513, 1031]	{3 5 5 2 }222436
71	0.1590666939336579	0.23632327107632645	0.22858055408794858	0.6107426521731344	[87, 1265, 193, 232, 10, 734, 19, 241]	{4 5 3 8 }258655
72	0.16108767470308916	0.24041269248425945	0.22858055408794858	0.8793176514714681	[394, 193, 232, 10, 734, 2229, 494, 2626]	{7 7 6 3 }250028
73	0.16310379853173695	0.24313761506383602	0.22858055408794858	0.5893387435099808	[87, 1265, 193, 232, 10, 734, 19, 400]	{6 5 6 5 }233533
74	0.16511507709208928	0.2455133689228013	0.22858055408794858	0.9270850235171462	[2309, 420, 107, 10, 734, 19, 132, 1031]	{6 2 3 3 }255826
75	0.1671215220285821	0.24904855201302145	0.22858055408794858	0.7581055239461187	[87, 1265, 193, 232, 10, 734, 19, 2004]	{4 8 7 4 }266182
76	0.1691231449576669	0.2511111017664036	0.22858055408794858	0.758125668227176	[377, 162, 1549, 107, 10, 438, 1580, 301]	{5 4 6 4 }237590
77	0.17111995746787756	0.2541814370816835	0.22858055408794858	0.7332331341776858	[2636, 162, 1549, 107, 10, 734, 2229, 494]	{2 5 6 8 }284628
78	0.17311197111989796	0.2572391844697415	0.22858055408794858	0.9184206139132702	[1820, 10, 734, 19, 132, 217, 241, 2872]	{8 4 3 7 }252580
79	0.1750991974466285	0.2602843955392442	0.22858055408794858	1.0468283337309943	[1530, 156, 1529, 2229, 494, 10, 232, 2047]	{7 8 7 2 }223978
80	0.1770816479532532	0.2642455072427884	0.22858055408794858	0.6067701353765611	[1743, 1742, 400, 19, 734, 10, 232, 2047]	{8 2 6 5 }261854
81	0.179059334117306	0.2665550044647522	0.22858055408794858	0.7747324653297196	[1879, 836, 320, 232, 10, 158, 420, 1791]	{6 8 5 1 }275924
82	0.18103226738873734	0.2704825376115465	0.22858055408794858	0.8301599635377048	[1579, 1580, 438, 2627, 261, 217, 132, 1031]	{4 7 4 3 }243031
83	0.18300045918998054	0.2739007264711343	0.22858055408794858	0.500169331995343	[1579, 1580, 438, 2729, 496, 1792, 232, 10]	{8 4 4 4 }245822
84	0.18496392091601777	0.2758950176887124	0.22858055408794858	0.5316671508538642	[377, 162, 1549, 107, 10, 734, 19, 1460]	{7 2 1 6 }248178
85	0.18692266393444623	0.2781679476694606	0.22858055408794858	0.8581948058276367	[320, 232, 10, 734, 19, 132, 168, 2916]	{6 8 2 2 }242956
86	0.18887669958554376	0.28112735386068455	0.22858055408794858	1.1081655146737668	[87, 415, 1265, 193, 232, 1792, 496, 3366]	{2 3 1 8 }241574
87	0.19082603918233454	0.28338385979513414	0.22858055408794858	0.3527599326579586	[2047, 232, 10, 734, 19, 132, 241, 1126]	{8 3 7 5 }268443
88	0.1927706940106546	0.2872212759085653	0.22858055408794858	0.67938808259247	[377, 162, 1549, 107, 10, 734, 2229, 1529]	{5 3 1 5 }238803
89	0.19471067532921726	0.2891789811444121	0.22858055408794858	1.084615874422634	[3131, 162, 1549, 107, 10, 438, 1580, 301]	{1 3 5 1 }248877
90	0.19664599436967822	0.29141021341621043	0.22858055408794858	0.8802372613213384	[107, 1549, 162, 1583, 1579, 1580, 438, 3366]	{1 6 4 4 }220777
91	0.19857666233670057	0.2936344419594771	0.22858055408794858	0.3702963559559602	[1791, 420, 158, 10, 734, 19, 132, 217]	{8 4 2 7 }281536
92	0.2005026904080197	0.2961684383012997	0.22858055408794858	0.9210890418561316	[1791, 420, 158, 10, 438, 2627, 261, 217]	{4 2 4 2 }259296
93	0.20242408973450798	0.29837773101031484	0.22858055408794858	0.6357138849033303	[1582, 420, 158, 10, 734, 19, 132, 1031]	{2 1 4 4 }255584
94	0.20434087144023938	0.30006391123745524	0.22858055408794858	0.9169879915783635	[1549, 162, 420, 158, 10, 438, 2627, 301]	{6 6 7 4 }230052
95	0.20625304662255384	0.30226097624821935	0.22858055408794858	0.7098675783837675	[1549, 162, 10, 734, 19, 132, 1714, 2168]	{2 4 7 8 }214215
96	0.20816062635212151	0.3047640259986044	0.22858055408794858	0.4894829601663889	[1579, 1580, 438, 10, 734, 19, 132, 241]	{5 2 8 6 }268724
97	0.21006362167300685	0.3090187999557227	0.22858055408794858	1.022625267079066	[2047, 232, 193, 1265, 87, 1529, 2229, 494]	{1 1 5 4 }275391
98	0.21196204360273252	0.3127189432295957	0.22858055408794858	0.6926809265985516	[1879, 496, 1792, 232, 10, 734, 19, 1460]	{2 4 4 6 }272777
99	0.21385590313234326	0.31437065780542184	0.22858055408794858	0.26129515566389994	[1549, 162, 107, 10, 734, 19, 132, 241]	{3 7 4 8 }249295
100	0.2157452112264695	0.3168302656178227	0.22858055408794858	0.5164409773359109	[2047, 232, 10, 734, 19, 132, 241, 217]	{6 1 8 4 }234964
101	0.21762997882339075	0.3200312899875851	0.22858055408794858	0.8164199471735665	[2796, 1791, 420, 158, 10, 734, 19, 1460]	{8 4 1 1 }225156
102	0.21951021683509908	0.3237483201079153	0.22858055408794858	1.1564838225174607	[3895, 1030, 1032, 132, 241, 19, 400, 4079]	{2 8 7 1 }250088
103	0.22138593614736213	0.32560570082050955	0.22858055408794858	0.7922658007081947	[241, 132, 19, 734, 10, 107, 420, 1582]	{8 6 1 7 }299927
104	0.22325714761978632	0.32921702270580455	0.22858055408794858	0.8444359826962186	[1579, 1583, 162, 1549, 107, 10, 734, 19]	{8 3 7 5 }265135
105	0.22512386208587953	0.33132257753129546	0.22858055408794858	0.46953556677147046	[2238, 1549, 162, 10, 734, 19, 132, 241]	{8 5 4 6 }256603
106	0.2269860903531139	0.3337213724939143	0.22858055408794858	0.7953018623005227	[2051, 1849, 420, 162, 107, 10, 232, 2047]	{7 7 1 2 }243444
107	0.22884384320298856	0.3355513614000284	0.22858055408794858	0.6580473193539779	[1582, 420, 158, 10, 734, 19, 132, 168]	{2 6 1 2 }217497
108	0.23069713139109171	0.33763703304741943	0.22858055408794858	0.3193425374706503	[377, 162, 107, 10, 734, 19, 132, 241]	{5 1 7 6 }232247
109	0.23254596564716323	0.34035262465755667	0.22858055408794858	0.7260488631284274	[1579, 1580, 438, 3366, 496, 1792, 232, 10]	{1 3 5 8 }261247
110	0.23439035667515662	0.34242322537535863	0.22858055408794858	0.6915548535926916	[1549, 162, 107, 10, 232, 193, 394, 432]	{7 4 2 1 }265324
111	0.23623031515330084	0.345119194294647	0.22858055408794858	1.0806147169635532	[107, 162, 10, 415, 1265, 193, 394, 432]	{6 6 8 1 }242799
112	0.23806585173416261	0.34746849565439986	0.22858055408794858	0.7595956923875984	[837, 162, 1549, 107, 10, 734, 2229, 494]	{7 7 6 2 }258483
113	0.23989697704470747	0.34926072695905996	0.22858055408794858	0.7795583161299493	[320, 232, 1549, 162, 10, 158, 420, 1791]	{2 8 3 1 }233723
114	0.2417237016863618	0.3519286631185755	0.22858055408794858	0.5954285011384068	[420, 158, 10, 232, 1792, 496, 2728, 301]	{6 4 5 3 }273017
115	0.24354603623507398	0.35425353637747725	0.22858055408794858	0.47476898425025754	[377, 162, 1549, 107, 10, 734, 19, 1987]	{3 8 4 7 }261176
116	0.24536399124137553	0.3572792122274371	0.22858055408794858	1.1099240818423934	[193, 1265, 87, 415, 733, 734, 19, 3308]	{4 1 4 3 }250714
117	0.2471775772304423	0.3595848910738788	0.22858055408794858	0.9172884929242833	[1579, 1580, 301, 10, 734, 19, 400, 4079]	{6 2 4 2 }293581
118	0.24898680470215562	0.3630142573976338	0.22858055408794858	1.007466113681376	[1792, 232, 193, 394, 432, 422, 19, 3308]	{6 5 3 8 }246002
119	0.2507916841311627	0.36501372436311275	0.22858055408794858	0.5567469950094024	[2238, 1549, 162, 107, 10, 734, 19, 1987]	{3 4 5 2 }241371
120	0.25259222596693753	0.3670069150999752	0.22858055408794858	0.7630723357147298	[377, 162, 10, 734, 19, 132, 241, 2545]	{5 2 7 8 }248248
121	0.25438844063384136	0.36927769705314006	0.22858055408794858	0.4321472194956394	[1582, 420, 158, 10, 734, 19, 132, 241]	{3 7 1 5 }259768
122	0.2561803385311828	0.37154033286568855	0.22858055408794858	0.5408150808620928	[1549, 162, 107, 10, 734, 19, 422, 432]	{6 1 4 4 }239970
123	0.25796793003327845	0.373794851760861	0.22858055408794858	0.6054858133992109	[19, 734, 10, 107, 1549, 162, 420, 1791]	{4 8 4 8 }276248
124	0.25975122548951257	0.37576047897003795	0.22858055408794858	0.9435457287148956	[3819, 438, 1580, 301, 10, 734, 19, 3308]	{5 1 1 5 }272923
125	0.2615302352243972	0.3786853830148472	0.22858055408794858	1.0948162988504213	[160, 87, 1265, 415, 733, 734, 19, 1987]	{2 6 7 5 }248071
126	0.26330496953763205	0.38123268237384245	0.22858055408794858	0.4648618210715908	[1549, 162, 107, 10, 734, 19, 132, 1031]	{2 5 7 2 }267290
127	0.2650754387041637	0.3831749625979759	0.22858055408794858	0.9960209596854717	[320, 232, 10, 734, 19, 241, 1729, 1822]	{5 4 5 2 }263424
128	0.2668416529742458	0.38570385533513796	0.22858055408794858	0.9241863965183832	[193, 232, 1799, 1019, 10, 158, 420, 1791]	{3 4 4 1 }259032
129	0.26860362257349746	0.38763210076691235	0.22858055408794858	0.7551771313211623	[837, 162, 107, 420, 158, 10, 232, 2047]	{6 2 6 6 }278146
130	0.2703613577029633	0.390501379761653	0.22858055408794858	0.8789558185945736	[193, 394, 432, 422, 19, 132, 241, 1729]	{6 5 3 6 }257812
131	0.2721148685391722	0.3930002352564348	0.22858055408794858	0.9013368423411885	[160, 87, 1265, 415, 10, 158, 420, 1791]	{8 2 8 6 }256891
132	0.273864165234196	0.39517776948901295	0.22858055408794858	0.4705143080389149	[320, 232, 10, 734, 19, 132, 1032, 370]	{2 3 4 6 }245004
133	0.27560925791570867	0.3970762767694952	0.22858055408794858	0.5081004792861414	[1791, 420, 158, 10, 734, 19, 422, 432]	{1 7 4 2 }243652
134	0.27735015668704466	0.3989688247288543	0.22858055408794858	0.9272727105346299	[1549, 232, 10, 734, 19, 132, 1032, 370]	{5 6 4 7 }272712
135	0.27908687162725754	0.40143296493359204	0.22858055408794858	1.0207985977742076	[432, 422, 19, 241, 132, 1032, 370, 4612]	{4 4 3 6 }293559
136	0.2808194127911783	0.40307697839660406	0.22858055408794858	0.8496185321850398	[1579, 1580, 438, 10, 107, 162, 420, 1791]	{7 5 3 8 }237760
137	0.2825477902094734	0.40521836359846575	0.22858055408794858	0.6344324522427114	[1580, 438, 2627, 301, 10, 158, 420, 1791]	{7 5 4 5 }238757
138	0.28427201388870327	0.40735206685405156	0.22858055408794858	0.85502324120733	[157, 842, 193, 232, 10, 734, 19, 1987]	{4 1 1 1 }279970
139	0.2859920938113798	0.40921235961295	0.22858055408794858	1.0132990859139697	[3131, 162, 107, 10, 734, 19, 241, 2872]	{4 7 4 8 }258698
140	0.28770803993602434	0.41133173491727215	0.22858055408794858	0.9769271119493929	[2309, 420, 162, 107, 10, 734, 2229, 494]	{2 4 1 3 }250054
141	0.2894198621972255	0.4134435072330185	0.22858055408794858	0.8312619554493847	[1019, 1799, 232, 10, 107, 162, 420, 1791]	{6 6 1 4 }249425
142	0.29112757050569615	0.4150545327563653	0.22858055408794858	0.9498727125191182	[193, 1265, 415, 10, 734, 19, 422, 432]	{5 1 5 2 }232842
143	0.29283117474833154	0.41779532263828567	0.22858055408794858	0.7382924252352308	[257, 320, 232, 10, 734, 19, 132, 217]	{1 3 7 1 }233127
144	0.29453068478826594	0.4209129772442567	0.22858055408794858	1.1132112910588494	[1792, 496, 2728, 301, 1580, 1579, 4018, 2197]	{1 1 7 3 }242186
145	0.29622611046492986	0.42328714962253733	0.22858055408794858	0.5486569155892225	[19, 734, 10, 232, 1792, 496, 2728, 301]	{3 1 3 1 }255379
146	0.29791746159410726	0.4253560334129539	0.22858055408794858	0.8242864693603228	[10, 232, 193, 394, 432, 422, 19, 132]	{4 5 3 2 }244148
147	0.2996047479679923	0.428433201080761	0.22858055408794858	0.707570552947323	[10, 734, 19, 132, 217, 261, 2627, 301]	{7 1 8 8 }259007
148	0.30128797935524576	0.4308253612324877	0.22858055408794858	0.9397762255859365	[2486, 257, 320, 232, 10, 734, 19, 1987]	{4 5 5 6 }269380
149	0.30296716550105185	0.43286720265026013	0.22858055408794858	0.8678047527638607	[1791, 420, 158, 10, 301, 2729, 438, 3366]	{3 7 2 7 }285445
150	0.30464231612717463	0.43442487940079344	0.22858055408794858	0.5363619951580719	[377, 162, 1549, 107, 10, 734, 19, 400]	{7 4 7 8 }251010
151	0.3063134409320143	0.4364538080062593	0.22858055408794858	0.8493048553603348	[1742, 1743, 193, 232, 10, 734, 19, 1987]	{3 4 4 3 }237623
152	0.3079805495906631	0.4380016338509687	0.22858055408794858	0.4648618210715908	[1549, 162, 107, 10, 734, 19, 132, 1031]	{3 5 4 5 }223268
153	0.30964365175496167	0.4406349039963984	0.22858055408794858	0.8192517402633845	[2627, 438, 2729, 496, 1792, 232, 10, 161]	{4 5 5 7 }267035
154	0.3113027570535547	0.4421712461179903	0.22858055408794858	0.27942865957240903	[320, 232, 10, 734, 19, 132, 241, 1126]	{2 7 4 3 }229086
155	0.31295787509194684	0.44478497934630046	0.22858055408794858	0.7737852425688121	[846, 10, 232, 1792, 496, 2729, 438, 3366]	{1 1 2 2 }228445
156	0.31460901545255804	0.44677674241465315	0.22858055408794858	0.626593298130014	[1579, 1580, 438, 2627, 261, 217, 132, 241]	{2 8 8 7 }223778
157	0.3162561876947795	0.448513283053	0.22858055408794858	0.6095368177910734	[1799, 1019, 10, 734, 19, 132, 241, 1031]	{7 1 2 8 }287364
158	0.31789940135502837	0.4504916713073538	0.22858055408794858	0.8405378503185871	[1529, 2229, 494, 10, 734, 19, 241, 1126]	{2 8 8 3 }262061
159	0.3195386659468036	0.45200094100896326	0.22858055408794858	0.6030838907072111	[1792, 232, 10, 107, 1549, 162, 420, 1791]	{1 7 1 2 }269484
160	0.3211739909607406	0.45424765726758176	0.22858055408794858	1.0647683060472555	[1019, 1799, 232, 10, 301, 1580, 438, 3366]	{2 3 1 4 }282379
161	0.32280538586466645	0.45680480589554506	0.22858055408794858	0.8297158704907285	[1791, 420, 158, 10, 1820, 841, 1268, 1380]	{1 1 2 2 }260250
162	0.32443286010365446	0.45850986893507495	0.22858055408794858	0.9617918613912421	[1582, 420, 162, 10, 734, 19, 132, 1031]	{4 7 3 4 }258741
163	0.326056423100079	0.46146990973900126	0.22858055408794858	0.875055096492328	[2050, 1849, 420, 158, 10, 734, 19, 1987]	{5 6 5 8 }269511
164	0.3276760842536699	0.4629490268081996	0.22858055408794858	0.6939963973297963	[1089, 836, 320, 232, 10, 734, 19, 132]	{6 3 5 5 }231213
165	0.3292918529415674	0.46515085751097207	0.22858055408794858	0.5954285011384068	[420, 158, 10, 232, 1792, 496, 2728, 301]	{4 7 7 5 }265643
166	0.3309037385183756	0.4676569186742381	0.22858055408794858	0.6908642302209882	[377, 162, 10, 232, 1792, 496, 2728, 301]	{6 3 4 6 }255463
167	0.3325117503162174	0.46956663157759104	0.22858055408794858	0.8276662954036069	[1579, 1583, 162, 107, 10, 158, 420, 1791]	{6 8 2 3 }244708
168	0.3341158976447879	0.4710235103360755	0.22858055408794858	0.6458327436661084	[3284, 162, 107, 10, 734, 19, 132, 241]	{7 5 4 6 }266316
169	0.3357161897914087	0.47319223683342204	0.22858055408794858	0.7502128049602155	[377, 162, 10, 734, 19, 241, 132, 1715]	{3 8 1 2 }272057
170	0.33731263602108175	0.47484586053197786	0.22858055408794858	0.9125826449704554	[2636, 162, 1549, 107, 420, 158, 10, 1873]	{2 5 8 1 }230486
171	0.33890524557654256	0.47628823945507726	0.22858055408794858	0.9086909806823629	[1791, 420, 158, 10, 734, 19, 123, 2395]	{8 6 5 6 }256644
172	0.34049402767831405	0.4779321449534395	0.22858055408794858	0.6705883535104707	[377, 162, 107, 420, 158, 10, 232, 2047]	{8 2 2 7 }260763
173	0.34207899152475973	0.4800725470559445	0.22858055408794858	0.4358605586643549	[87, 1265, 193, 232, 10, 734, 19, 132]	{6 1 2 4 }263425
174	0.34366014629213726	0.48193772047610406	0.22858055408794858	0.7688922513275396	[432, 394, 193, 232, 10, 734, 19, 3308]	{6 2 3 1 }236798
175	0.3452375011346511	0.4837962028245236	0.22858055408794858	0.768309910869891	[1529, 2229, 494, 10, 734, 19, 132, 1715]	{7 4 6 7 }266690
176	0.3468110651845061	0.4859125631445761	0.22858055408794858	0.9953507687008514	[432, 394, 193, 232, 10, 438, 1580, 301]	{4 6 4 3 }291268
177	0.34838084755195975	0.48752625836350005	0.22858055408794858	0.4871952555222384	[1549, 162, 107, 10, 734, 19, 132, 168]	{5 8 3 3 }230059
178	0.34994685732537534	0.4893646925450723	0.22858055408794858	0.4917483647455395	[1792, 232, 10, 734, 19, 132, 241, 89]	{1 8 6 3 }287987
179	0.35150910357127463	0.49145822286900376	0.22858055408794858	0.8048610475332676	[734, 10, 158, 420, 1791, 1792, 232, 2047]	{4 3 3 7 }296396
180	0.3530675953343899	0.49384101961732685	0.22858055408794858	0.7362608247530769	[394, 193, 232, 10, 734, 19, 241, 2872]	{7 8 4 4 }257897
181	0.3546223416377169	0.49565680039835525	0.22858055408794858	0.9705313242133289	[1791, 420, 158, 10, 301, 2729, 496, 3366]	{7 7 2 7 }263688
182	0.35617335148256646	0.4977245339973051	0.22858055408794858	0.6412219973493624	[1549, 162, 846, 10, 734, 19, 132, 241]	{7 8 2 1 }268731
183	0.3577206338486171	0.4995263831658415	0.22858055408794858	1.0408548916077498	[320, 232, 10, 107, 1549, 162, 3131, 4105]	{6 4 5 1 }272882
184	0.3592641976939669	0.5015782520395238	0.22858055408794858	0.8417625898440853	[2149, 420, 158, 10, 232, 193, 394, 432]	{3 3 4 2 }262810
185	0.36080405195518517	0.5031427734303038	0.22858055408794858	0.6131253707783104	[2051, 1849, 420, 158, 10, 734, 19, 400]	{8 4 8 4 }275226
186	0.36234020554736446	0.5047023838652672	0.22858055408794858	0.7051287755942099	[377, 162, 1549, 107, 10, 734, 19, 2004]	{8 1 6 8 }250782
187	0.3638726673641719	0.5064792008874341	0.22858055408794858	0.7625415091623144	[421, 438, 1580, 301, 10, 734, 19, 132]	{8 5 4 6 }290277
188	0.36540144627790083	0.5080283384404521	0.22858055408794858	0.3949968548992396	[1265, 193, 232, 10, 734, 19, 132, 241]	{8 6 4 7 }284646
189	0.36692655113952244	0.5093795789659759	0.22858055408794858	1.092854050989394	[2238, 1549, 107, 734, 19, 132, 241, 2872]	{2 4 7 5 }228020
190	0.36844799077873636	0.5111396171472999	0.22858055408794858	0.6084305264741027	[2051, 1849, 420, 158, 10, 734, 19, 1460]	{8 7 8 7 }288012
191	0.3699657740040224	0.5124823122906332	0.22858055408794858	0.7858815712676077	[1089, 836, 320, 232, 10, 734, 19, 1987]	{4 7 8 7 }251920
192	0.3714799096026914	0.5142312198119121	0.22858055408794858	0.5408150808620928	[1549, 162, 107, 10, 734, 19, 422, 432]	{3 5 1 6 }251340
193	0.3729904063409356	0.5157560241582055	0.22858055408794858	0.5842435290330148	[377, 162, 107, 10, 734, 19, 241, 1031]	{4 7 5 6 }303489
194	0.37449727296388025	0.517741353869656	0.22858055408794858	0.5738630213636511	[988, 420, 158, 10, 734, 19, 132, 217]	{6 4 3 2 }254856
195	0.3760005181956336	0.5206927280862992	0.22858055408794858	0.6486059469237553	[1579, 1580, 301, 2728, 496, 1792, 232, 2047]	{4 6 6 7 }279033
196	0.3775001507393376	0.522938545166278	0.22858055408794858	0.6346335424485795	[1579, 1580, 438, 2627, 261, 217, 132, 19]	{6 1 8 4 }233377
197	0.3789961792772184	0.5254931671056505	0.22858055408794858	1.0598274915282924	[190, 195, 10, 232, 1792, 496, 2728, 301]	{2 1 4 4 }257252
198	0.38048861247063637	0.5269826207524311	0.22858055408794858	0.7880677765337968	[359, 158, 420, 162, 107, 10, 734, 19]	{4 1 2 2 }257034
199	0.38197745896013646	0.5282818017867413	0.22858055408794858	0.9102064762399075	[394, 193, 232, 10, 162, 1583, 1013, 156]	{7 7 5 2 }290989
200	0.383462727365498	0.5302157776358299	0.22858055408794858	0.9865069748843134	[4349, 158, 10, 734, 19, 132, 241, 217]	{4 5 8 1 }291794
201	0.38494442628578507	0.5316904072400701	0.22858055408794858	0.7889349541729882	[1579, 1583, 162, 107, 10, 734, 19, 132]	{8 3 7 7 }272790
202	0.3864225642993957	0.5336104083036813	0.22858055408794858	0.6348173593301913	[193, 232, 10, 734, 19, 132, 1032, 370]	{2 4 6 4 }250471
203	0.38789714996411195	0.5350743823289558	0.22858055408794858	0.5965766233672192	[160, 320, 232, 10, 734, 19, 132, 241]	{2 3 5 4 }254334
204	0.3893681918171492	0.5372528134821417	0.22858055408794858	0.7998423381753974	[320, 232, 1792, 496, 3366, 438, 2627, 301]	{4 2 6 1 }243979
205	0.3908356983752058	0.5385237865896431	0.22858055408794858	0.6125409717037203	[1549, 162, 107, 420, 158, 10, 232, 2047]	{7 8 4 6 }286612
206	0.3922996781345123	0.5401792736434908	0.22858055408794858	0.999100841855888	[837, 162, 420, 158, 10, 494, 2229, 1529]	{2 5 7 2 }260968
207	0.3937601395708803	0.5414422089880979	0.22858055408794858	0.5172833296446856	[1549, 162, 10, 734, 19, 132, 241, 1729]	{6 1 2 8 }274836
208	0.3952170911397521	0.5430872265738389	0.22858055408794858	0.7678701468856888	[87, 1265, 415, 733, 734, 10, 232, 2047]	{6 2 7 2 }252150
209	0.39667054127624946	0.5447263428688148	0.22858055408794858	0.5893387435099808	[87, 1265, 193, 232, 10, 734, 19, 400]	{8 2 2 4 }245614
210	0.3981204983952221	0.5463595790431535	0.22858055408794858	0.7247984765376478	[377, 162, 10, 734, 19, 241, 132, 168]	{4 8 7 5 }291732
211	0.3995669708912969	0.5479869561910375	0.22858055408794858	0.6182969738793239	[2627, 301, 10, 734, 19, 132, 241, 1031]	{2 7 4 3 }249154
212	0.401009967138926	0.5494058029384847	0.22858055408794858	0.7572409190152881	[107, 10, 734, 19, 132, 241, 4018, 2197]	{7 6 5 8 }266947
213	0.4024494954924358	0.5515170835369612	0.22858055408794858	0.6483144077034084	[394, 193, 232, 10, 734, 19, 422, 432]	{3 5 5 2 }273470
214	0.403885564286075	0.5533557981179411	0.22858055408794858	1.0102681585212627	[394, 193, 232, 10, 734, 651, 2308, 3284]	{5 6 2 5 }257818
215	0.4053181818340631	0.5547577923342283	0.22858055408794858	0.5946945823635539	[394, 193, 232, 10, 734, 19, 132, 168]	{5 3 8 8 }293453
216	0.4067473564306381	0.5561553857595184	0.22858055408794858	0.37199129458584634	[1792, 232, 10, 734, 19, 132, 241, 2872]	{6 7 3 5 }249441
217	0.4081730963501049	0.5579750839775233	0.22858055408794858	0.8626055011105698	[87, 1265, 415, 10, 734, 19, 132, 1715]	{6 7 1 4 }269088
218	0.40959540984688314	0.5603420883472515	0.22858055408794858	0.9403724733656578	[432, 394, 193, 232, 1792, 496, 2729, 301]	{6 1 7 5 }255748
219	0.4110143051555549	0.5619193050264905	0.22858055408794858	0.6333731672144804	[1794, 1791, 420, 158, 10, 734, 19, 400]	{5 8 8 6 }286319
220	0.41242979049091255	0.563752790077998	0.22858055408794858	1.1199412052157804	[1259, 734, 10, 107, 1549, 162, 420, 1791]	{7 5 5 5 }264857
221	0.4138418740480061	0.565122148647089	0.22858055408794858	0.9155877430449508	[241, 132, 19, 734, 10, 438, 2729, 969]	{5 4 6 1 }288326
222	0.4152505640021906	0.566905084444363	0.22858055408794858	1.1010458534647107	[1807, 157, 2149, 420, 158, 10, 232, 2047]	{5 8 5 5 }257282
223	0.4166558685091739	0.5680946151572539	0.22858055408794858	0.6874916774535854	[1549, 162, 107, 10, 734, 19, 241, 1729]	{1 3 3 6 }252795
224	0.4180577957050633	0.5694503449506358	0.22858055408794858	1.1232894411660044	[1089, 836, 320, 232, 10, 158, 420, 1550]	{8 8 5 6 }262095
225	0.419456353706413	0.5712155357739979	0.22858055408794858	0.6675870071452594	[1580, 438, 2729, 301, 10, 158, 420, 1791]	{6 1 8 4 }263731
226	0.420851550610271	0.5723932274787202	0.22858055408794858	0.3185994521415336	[420, 158, 10, 734, 19, 132, 241, 1031]	{4 1 5 2 }274616
227	0.4222433944942261	0.5743967994032786	0.22858055408794858	1.049435927087678	[1529, 2229, 494, 10, 158, 1557, 15, 432]	{6 3 6 4 }251518
228	0.42363189341645446	0.5759235965992967	0.22858055408794858	1.0624767480052135	[813, 3284, 811, 734, 19, 132, 241, 1126]	{2 3 5 7 }275900
229	0.4250170554157664	0.5776622480345219	0.22858055408794858	0.7022014087356845	[241, 132, 217, 261, 2627, 438, 1580, 301]	{8 4 8 4 }289357
230	0.42639888851165286	0.5796411317119945	0.22858055408794858	1.178159775598401	[2307, 420, 158, 10, 734, 2229, 494, 2626]	{1 5 8 5 }247442
231	0.4277774007043319	0.5809606175569275	0.22858055408794858	0.26942594390034946	[1792, 232, 10, 734, 19, 132, 241, 1031]	{5 7 4 1 }279520
232	0.42915259997479493	0.5826786179404859	0.22858055408794858	0.8335873482263501	[2309, 420, 162, 107, 10, 734, 19, 3308]	{7 8 3 5 }272017
233	0.43052449428485307	0.5844252197069182	0.22858055408794858	1.0726129835964144	[2636, 162, 10, 734, 19, 132, 1779, 1778]	{7 5 6 6 }260203
234	0.43189309157718303	0.5859160412242322	0.22858055408794858	0.957856883316601	[1879, 496, 2729, 301, 10, 158, 420, 1791]	{4 1 1 6 }243707
235	0.4332583997753733	0.5874015146095088	0.22858055408794858	0.7947623881734774	[3819, 438, 1580, 301, 10, 734, 19, 132]	{8 1 6 8 }289336
236	0.4346204267839697	0.5885347501956033	0.22858055408794858	0.979029797389596	[1791, 420, 162, 1549, 107, 10, 494, 2626]	{6 4 6 6 }248296
237	0.4359791804885218	0.5904626902457073	0.22858055408794858	0.6346335424485795	[1579, 1580, 438, 2627, 261, 217, 132, 19]	{2 8 2 4 }260416
238	0.43733466875562776	0.5921417335163836	0.22858055408794858	0.7308661191447612	[2309, 420, 158, 10, 734, 19, 241, 2872]	{8 2 8 1 }254640
239	0.43868689943298045	0.5934219805861214	0.22858055408794858	0.9055470524410886	[1791, 420, 107, 1549, 162, 1583, 1013, 156]	{4 1 3 7 }289320
240	0.44003588034941277	0.5946982090231767	0.22858055408794858	0.5965766233672192	[157, 320, 232, 10, 734, 19, 132, 241]	{6 1 8 5 }259782
241	0.4413816193149427	0.5963598872842879	0.22858055408794858	1.0594394697873117	[1549, 162, 10, 232, 193, 1743, 1742, 400]	{1 6 4 4 }303940
242	0.44272412412081874	0.5978078947039474	0.22858055408794858	0.7543839517287534	[1579, 1580, 438, 10, 734, 19, 241, 1031]	{3 2 3 5 }261703
243	0.4440634025395652	0.5996923849932354	0.22858055408794858	0.9639267524271855	[3819, 438, 1580, 301, 2627, 261, 217, 132]	{8 8 4 2 }284188
244	0.4453994623250269	0.6007918626955855	0.22858055408794858	0.899920405499123	[377, 162, 1549, 232, 10, 158, 420, 1582]	{3 5 3 6 }238018
245	0.4467323112124141	0.6022239709687598	0.22858055408794858	0.80014328877491	[157, 320, 232, 10, 734, 19, 132, 1031]	{4 7 6 1 }250417
246	0.4480619569183474	0.603650941736171	0.22858055408794858	0.9902524120533167	[3131, 162, 10, 734, 19, 132, 1032, 370]	{7 1 4 7 }267471
247	0.44938840714090234	0.6055080541499436	0.22858055408794858	0.9804417533951194	[1791, 420, 1582, 1579, 1580, 438, 2627, 301]	{7 4 2 7 }247642
248	0.450711669559654	0.6069232436878305	0.22858055408794858	0.7818964741513493	[1529, 2229, 494, 10, 734, 19, 241, 1031]	{3 8 8 6 }266420
249	0.4520317518357214	0.6081570923230178	0.22858055408794858	0.8668154069592342	[734, 10, 232, 1549, 162, 107, 420, 1791]	{4 5 3 4 }261047
250	0.453348661611812	0.6093870679679303	0.22858055408794858	0.4115028919152935	[2149, 420, 158, 10, 734, 19, 132, 241]	{5 8 1 7 }237906
251	0.45466240651226575	0.6106131827796939	0.22858055408794858	0.7098675783837675	[1549, 162, 10, 734, 19, 132, 1714, 2168]	{4 2 5 3 }287571
252	0.45597299414309944	0.6118354488772744	0.22858055408794858	0.7100300800441012	[377, 162, 1549, 107, 10, 494, 2229, 1529]	{1 1 4 2 }268220
253	0.4572804320920506	0.6130538783415964	0.22858055408794858	0.6724792311079365	[420, 158, 10, 734, 19, 132, 1714, 2168]	{8 4 7 8 }266527
254	0.45858472792862137	0.6146403010342557	0.22858055408794858	0.8883177168330967	[1579, 1580, 438, 2627, 301, 2728, 496, 217]	{5 3 2 4 }271895
255	0.45988588920412254	0.6155664203059095	0.22858055408794858	0.5367126567672513	[1265, 193, 232, 10, 734, 19, 132, 217]	{4 6 3 6 }288211
256	0.461183923451717	0.6169455267381667	0.22858055408794858	0.6675870071452594	[1580, 438, 2729, 301, 10, 158, 420, 1791]	{1 5 4 4 }246529
257	0.4624788381864636	0.6179976172714177	0.22858055408794858	0.7598833452271068	[320, 232, 1799, 1019, 10, 158, 420, 1791]	{1 2 3 4 }260225
258	0.4637706409053606	0.6193680020946627	0.22858055408794858	1.1409439353915605	[837, 162, 107, 10, 232, 320, 160, 331]	{4 4 6 8 }263015
259	0.46505933908738883	0.6207334708371484	0.22858055408794858	0.7260488631284274	[1579, 1580, 438, 3366, 496, 1792, 232, 10]	{7 5 8 7 }263799
260	0.46634494019355544	0.621923969847495	0.22858055408794858	0.9313616313582265	[1579, 1580, 301, 10, 107, 162, 420, 1791]	{4 4 6 5 }291297
261	0.46762745166693676	0.6236954631166394	0.22858055408794858	0.9651089741331098	[394, 193, 1265, 808, 331, 241, 132, 19]	{1 4 8 5 }279748
262	0.46890688093272137	0.624729014395921	0.22858055408794858	0.751315943664424	[837, 162, 107, 232, 10, 734, 19, 132]	{4 7 1 7 }286395
263	0.47018323539825324	0.6257597269418307	0.22858055408794858	0.6703527873209254	[193, 1265, 415, 10, 734, 19, 132, 241]	{4 1 7 6 }279225
264	0.4714565224530747	0.6267876085511823	0.22858055408794858	0.5738630213636511	[1582, 420, 158, 10, 734, 19, 132, 217]	{4 6 5 6 }269340
265	0.47272674946896887	0.6285363130092412	0.22858055408794858	0.7958747899048175	[2238, 1549, 107, 10, 734, 19, 422, 432]	{8 2 6 5 }266688
266	0.4739939238000027	0.6298688916057482	0.22858055408794858	0.5874149872554738	[107, 162, 10, 734, 19, 132, 241, 89]	{5 7 8 1 }259794
267	0.4752580527825695	0.631196689746512	0.22858055408794858	1.1105470869726755	[1849, 420, 158, 10, 415, 1265, 808, 331]	{2 2 5 7 }295560
268	0.47651914373543125	0.6329247352443678	0.22858055408794858	0.8372238305982043	[377, 162, 10, 734, 19, 132, 1032, 1729]	{3 5 4 3 }303607
269	0.477777203959761	0.634429690320352	0.22858055408794858	0.5277457326021664	[87, 1265, 193, 232, 10, 734, 19, 1987]	{5 1 4 6 }270217
270	0.47903224073918504	0.6359284752999059	0.22858055408794858	0.29411855649072083	[2047, 232, 10, 734, 19, 132, 241, 1031]	{7 4 5 2 }258237
271	0.4802842613398256	0.6376343497908997	0.22858055408794858	0.9482598714707371	[1792, 232, 10, 494, 2229, 734, 19, 1460]	{5 3 5 4 }259386
272	0.4815332730103422	0.6395747858305748	0.22858055408794858	0.7980200301683487	[1580, 438, 2729, 301, 2627, 261, 217, 132]	{4 8 2 7 }235698
273	0.48277928298197414	0.6407061428784002	0.22858055408794858	0.9193706319031939	[1582, 420, 158, 10, 734, 19, 241, 217]	{4 7 4 6 }254500
274	0.48402229846858214	0.6423896313801153	0.22858055408794858	0.6451327292467813	[1579, 1580, 438, 2729, 301, 10, 734, 19]	{1 5 8 6 }232695
275	0.48526232666669	0.6438557817616655	0.22858055408794858	0.8908109980278565	[87, 1265, 415, 10, 734, 19, 422, 432]	{2 7 4 7 }271863
276	0.4864993747555266	0.6453159211403758	0.22858055408794858	0.7630068283960101	[87, 1265, 193, 232, 10, 494, 2229, 1529]	{5 2 8 3 }271719
277	0.48773344989706724	0.6469778103062113	0.22858055408794858	1.0335081366295251	[394, 193, 1265, 415, 733, 734, 10, 494]	{5 1 3 3 }260274
278	0.48896455923607496	0.6486319126111072	0.22858055408794858	0.8680003055937398	[1743, 1742, 400, 19, 132, 1031, 241, 1126]	{1 1 6 7 }283720
279	0.4901927099001423	0.6500724705495639	0.22858055408794858	0.7679149601905179	[377, 162, 10, 734, 19, 132, 1714, 2168]	{4 7 6 4 }285568
280	0.49141790899973226	0.6515071224104667	0.22858055408794858	0.993711263670572	[377, 162, 10, 734, 19, 1126, 241, 1031]	{7 5 4 4 }275839
281	0.4926401636282195	0.6531400024075023	0.22858055408794858	1.1035181975331645	[2636, 162, 1549, 232, 10, 438, 2627, 301]	{4 4 5 6 }294420
282	0.49385948086193154	0.6542287789066417	0.22858055408794858	0.36879448250521546	[394, 193, 232, 10, 734, 19, 132, 241]	{6 8 2 4 }292064
283	0.49507586776018964	0.6556463905091563	0.22858055408794858	0.7998423381753974	[320, 232, 1792, 496, 3366, 438, 2627, 301]	{3 4 4 8 }283319
284	0.4962893313653497	0.6568817151605504	0.22858055408794858	0.711994084723933	[432, 394, 193, 232, 10, 734, 19, 1987]	{7 2 7 1 }238392
285	0.49749987870284296	0.6581126082423245	0.22858055408794858	0.7108366841068481	[1849, 420, 158, 10, 232, 1792, 496, 3366]	{4 8 1 5 }268737
286	0.4987075167812167	0.6599433850173702	0.22858055408794858	0.964170370718477	[377, 162, 846, 10, 734, 19, 241, 1031]	{1 8 2 4 }284002
287	0.499912252592175	0.6608773784056892	0.22858055408794858	0.5604910948987741	[2636, 162, 107, 10, 734, 19, 132, 1032]	{8 7 3 6 }269666
288	0.5011140931106188	0.6620939375552224	0.22858055408794858	0.454480653946287	[1791, 420, 158, 10, 734, 19, 132, 168]	{5 1 7 1 }286347
289	0.5023130452946867	0.66330613245398	0.22858055408794858	1.239842121117281	[87, 1265, 193, 232, 1549, 107, 10, 494]	{4 7 3 7 }255334
290	0.5035091160857952	0.6651090983657513	0.22858055408794858	0.8858899064089981	[1579, 1580, 438, 2729, 496, 1879, 232, 10]	{6 3 4 8 }273668
291	0.5047023124086787	0.666482102244536	0.22858055408794858	0.3527599326579586	[2047, 232, 10, 734, 19, 132, 241, 1126]	{4 3 7 2 }265713
292	0.5058926411714294	0.6680448162594252	0.22858055408794858	0.8594132670874113	[1265, 415, 733, 734, 19, 132, 241, 1126]	{7 2 1 6 }274740
293	0.5070801092655379	0.6696002081032741	0.22858055408794858	0.7690028853645818	[1579, 1580, 438, 10, 734, 19, 422, 432]	{6 3 3 5 }287116
294	0.5082647235659328	0.6705076782348265	0.22858055408794858	0.7033499019045232	[1549, 107, 10, 734, 19, 132, 241, 331]	{5 6 3 2 }294456
295	0.5094464909310201	0.671858548723113	0.22858055408794858	0.5954285011384068	[420, 158, 10, 232, 1792, 496, 2729, 301]	{6 7 7 6 }292518
296	0.5106254182027237	0.6736157172014208	0.22858055408794858	0.7279836629288158	[87, 1265, 193, 232, 10, 734, 2229, 494]	{4 4 6 5 }289953
297	0.5118015122065243	0.6745121584078378	0.22858055408794858	0.8895111045200761	[1549, 162, 107, 734, 10, 158, 420, 1582]	{8 8 4 1 }260493
298	0.5129747797514992	0.6755338487588176	0.22858055408794858	0.4798413711438436	[2636, 162, 1549, 107, 10, 158, 420, 1791]	{4 3 3 6 }251680
299	0.5141452276303617	0.6764250216595655	0.22858055408794858	0.44421749349124495	[1549, 162, 107, 10, 734, 19, 132, 1032]	{6 3 4 2 }271663
300	0.5153128626195008	0.6774407076267335	0.22858055408794858	0.7098675783837675	[1549, 162, 10, 734, 19, 132, 1714, 2168]	{3 6 7 8 }270189
301	0.5164776914790197	0.6787631537051588	0.22858055408794858	0.6424697486337936	[2636, 162, 107, 10, 734, 19, 241, 1031]	{1 3 1 5 }249970
302	0.5176397209527754	0.6802683242677648	0.22858055408794858	0.749090449821767	[2636, 162, 10, 232, 1792, 496, 2729, 301]	{6 6 2 5 }274759
303	0.5187989577684178	0.6811464935431524	0.22858055408794858	0.5363619951580719	[377, 162, 1549, 107, 10, 734, 19, 400]	{2 5 8 8 }243508
304	0.5199554086374283	0.682853925897595	0.22858055408794858	0.957851782978928	[846, 10, 232, 1792, 496, 2729, 438, 970]	{1 1 8 1 }268316
305	0.521109080255159	0.6845522151026415	0.22858055408794858	0.6922948885328926	[1580, 438, 2627, 261, 217, 132, 241, 1031]	{6 5 1 8 }308056
306	0.5222599793008715	0.6856838437952739	0.22858055408794858	0.9841945065174997	[846, 10, 107, 162, 1583, 1013, 156, 1529]	{5 7 1 8 }276626
307	0.5234081124377751	0.6866704667744321	0.22858055408794858	0.7236311906561369	[2636, 162, 107, 10, 734, 19, 400, 4079]	{2 1 1 2 }282135
308	0.5245534863130658	0.6876539927925089	0.22858055408794858	0.5022648752979952	[377, 162, 107, 10, 734, 19, 132, 1032]	{7 3 6 7 }247424
309	0.5256961075579647	0.6895655188164393	0.22858055408794858	0.9010422262018376	[1879, 232, 1792, 496, 2729, 438, 1580, 301]	{7 2 5 2 }280872
310	0.5268359827877562	0.6908382549364522	0.22858055408794858	0.854073154773679	[813, 3284, 162, 10, 734, 19, 132, 241]	{5 1 3 4 }238509
311	0.5279731186018268	0.6919473332629715	0.22858055408794858	0.7667987478561333	[377, 162, 1549, 107, 734, 19, 132, 241]	{5 8 1 2 }229972
312	0.5291075215837026	0.6933907287235261	0.22858055408794858	0.8753972880241917	[1579, 1580, 438, 2729, 496, 2728, 301, 10]	{6 6 7 1 }245876
313	0.5302391983010879	0.6944906503759052	0.22858055408794858	0.9239766016953582	[377, 162, 107, 10, 1019, 1799, 232, 2047]	{1 8 1 1 }281740
314	0.5313681553059033	0.6955866261996523	0.22858055408794858	0.7100300800441012	[377, 162, 1549, 107, 10, 494, 2229, 1529]	{4 2 8 7 }256152
315	0.5324943991343231	0.6966786703499246	0.22858055408794858	0.9978555976501589	[1549, 107, 10, 232, 193, 1265, 87, 1529]	{2 2 6 7 }289728
316	0.5336179363068136	0.6975117672636364	0.2207872834051713	0.2207872834051713	[320, 232, 10, 734, 19, 132, 241, 1031]	{8 5 2 7 }285084
317	0.534738773328171	0.6989290903033215	0.2207872834051713	0.9117481115215244	[432, 422, 19, 132, 217, 261, 2627, 301]	{8 8 6 8 }305665
318	0.5358569166875584	0.6998741371041273	0.2207872834051713	0.686942144626502	[2309, 420, 158, 10, 734, 19, 241, 1126]	{2 7 7 4 }277255
319	0.536972372858544	0.7011046093918745	0.2207872834051713	1.009083681521755	[377, 162, 10, 232, 193, 1265, 87, 1529]	{5 8 1 3 }278224
320	0.5380851482991382	0.7025050979984307	0.2207872834051713	1.001976011270164	[2238, 1549, 162, 10, 158, 1557, 15, 432]	{3 2 1 4 }255647
321	0.5391952494518312	0.703438919886689	0.2207872834051713	0.6731022321791613	[2238, 1549, 162, 10, 734, 19, 132, 1031]	{5 7 2 1 }260657
322	0.5403026827436301	0.7046547770846754	0.2207872834051713	0.812068589188937	[193, 1265, 415, 10, 734, 19, 132, 217]	{2 1 4 3 }272381
323	0.5414074545860965	0.7055818512358465	0.2207872834051713	0.7809425179021237	[837, 162, 1549, 232, 10, 158, 420, 1791]	{2 2 4 3 }263577
324	0.5425095713753831	0.706390494832916	0.2207872834051713	0.7158486184615922	[2636, 162, 1549, 232, 10, 734, 19, 132]	{2 4 6 6 }266190
325	0.5436090394922712	0.707962747790912	0.2207872834051713	0.9705202926635323	[1529, 2229, 734, 19, 132, 1031, 241, 2872]	{6 2 7 3 }247232
326	0.5447058653022072	0.7091600579539412	0.2207872834051713	0.7720180866333154	[1794, 1791, 420, 158, 10, 734, 2229, 494]	{7 3 2 3 }245884
327	0.5458000551553399	0.7103524593198369	0.2207872834051713	0.7022014087356845	[241, 132, 217, 261, 2627, 438, 1580, 301]	{2 5 5 3 }272773
328	0.5468916153865568	0.7111480000504649	0.2207872834051713	0.86285220135353	[3131, 162, 1549, 107, 10, 734, 19, 400]	{3 1 2 5 }260360
329	0.5479805523155213	0.7123322511435524	0.2207872834051713	0.8348890438474144	[2051, 1849, 420, 158, 10, 438, 1580, 301]	{8 4 4 6 }292617
330	0.5490668722467089	0.71336422250026	0.2207872834051713	1.221616408993897	[1526, 156, 1529, 2229, 494, 10, 232, 2047]	{4 5 5 2 }277210
331	0.5501505814694436	0.7142639581299676	0.2207872834051713	0.8464890571560045	[1791, 420, 162, 107, 10, 734, 2229, 1529]	{1 5 6 3 }261479
332	0.5512316862579348	0.7156027879804623	0.2207872834051713	0.5895170305537488	[1579, 1580, 301, 2728, 496, 1792, 232, 10]	{2 3 6 2 }268016
333	0.5523101928713134	0.7169353446798459	0.2207872834051713	0.9855221583346183	[1579, 1580, 438, 2627, 301, 10, 494, 2626]	{2 3 6 2 }287072
334	0.5533861075536677	0.7177128049758301	0.2207872834051713	0.40393131528134174	[837, 162, 107, 10, 734, 19, 132, 241]	{1 8 5 2 }273167
335	0.5544594365340798	0.7188942524996479	0.2207872834051713	0.954910379123306	[2071, 377, 162, 107, 10, 158, 420, 1791]	{8 8 7 5 }250713
336	0.5555301860266624	0.7197766296367514	0.2207872834051713	0.5706569657515563	[377, 162, 107, 10, 734, 19, 132, 1715]	{1 5 3 1 }247052
337	0.556598362230593	0.7205462861105274	0.2207872834051713	0.3775687570714291	[2636, 162, 107, 10, 734, 19, 132, 241]	{4 2 5 7 }246848
338	0.5576639713301517	0.7218556798136746	0.2207872834051713	0.7737852425688121	[846, 10, 232, 1792, 496, 2729, 438, 3366]	{8 8 3 5 }257413
339	0.558727019494756	0.7228534870847512	0.2207872834051713	0.7936086998728679	[1579, 1583, 162, 10, 734, 19, 132, 241]	{5 3 2 1 }276150
340	0.5597875128789963	0.7239897473873373	0.2207872834051713	0.6731022321791613	[2238, 1549, 162, 10, 734, 19, 132, 1031]	{5 6 4 6 }252830
341	0.5608454576226725	0.7249798989631959	0.2207872834051713	0.7108366841068481	[1849, 420, 158, 10, 232, 1792, 496, 3366]	{8 8 1 8 }261927
342	0.5619008598508284	0.7266629942104696	0.2207872834051713	0.5592582483653494	[1579, 1580, 438, 2729, 496, 1792, 232, 2047]	{5 1 1 4 }243669
343	0.5629537256737882	0.7277836360891621	0.2207872834051713	0.6588402520167402	[1791, 420, 158, 10, 232, 193, 394, 432]	{4 6 2 4 }263475
344	0.5640040611871913	0.7285313006628918	0.2207872834051713	0.5408150808620928	[1549, 162, 107, 10, 734, 19, 422, 432]	{8 1 7 6 }286962
345	0.5650518724720273	0.7293834275790588	0.2207872834051713	0.6963537400914321	[377, 162, 1549, 232, 10, 158, 420, 1791]	{8 6 1 3 }304574
346	0.5660971655946722	0.7304929160775047	0.2207872834051713	0.67938808259247	[377, 162, 1549, 107, 10, 734, 2229, 1529]	{7 3 3 3 }253786
347	0.5671399466069225	0.7314597383651731	0.2207872834051713	0.8111024165790848	[87, 1265, 193, 232, 10, 438, 1580, 301]	{2 7 8 8 }290376
348	0.568180221546031	0.7324230923012036	0.2207872834051713	0.7861955926954431	[1879, 496, 1792, 232, 10, 158, 420, 1582]	{8 8 2 1 }281293
349	0.569217996434741	0.7333829903278655	0.2207872834051713	0.6775456859008863	[2264, 232, 10, 734, 19, 132, 241, 1031]	{4 8 5 6 }263809
350	0.5702532772813219	0.7342198880284266	0.2207872834051713	0.7556895872252416	[988, 420, 158, 10, 734, 19, 241, 1126]	{3 7 3 2 }289487
351	0.5712860700796036	0.7350541587482035	0.2207872834051713	0.8313289556153272	[734, 10, 232, 1792, 496, 217, 132, 241]	{5 5 2 4 }285079
352	0.5723163808090113	0.7357818542350401	0.2207872834051713	0.8614776149295835	[157, 320, 232, 10, 734, 19, 241, 1031]	{2 6 2 5 }251602
353	0.5733442154346	0.7366112220195979	0.2207872834051713	0.3702963559559602	[1791, 420, 158, 10, 734, 19, 132, 217]	{6 1 8 2 }283917
354	0.5743695799070891	0.7375560956650953	0.2207872834051713	1.076034861421998	[1820, 10, 107, 1549, 162, 837, 420, 1791]	{6 7 3 3 }294901
355	0.5753924801628971	0.7386320774157396	0.2207872834051713	0.8676409759208098	[837, 162, 1549, 107, 734, 10, 232, 2047]	{2 2 5 1 }271456
356	0.5764129221241756	0.7394524984896995	0.2207872834051713	1.0628050929007267	[734, 10, 158, 420, 1582, 1579, 1580, 301]	{1 1 2 7 }264867
357	0.5774309116988436	0.7401681135756348	0.2207872834051713	0.9406723274494316	[420, 162, 1549, 107, 10, 494, 2229, 1529]	{6 6 6 8 }289918
358	0.5784464547806221	0.7409837131075193	0.2207872834051713	1.2283042552627341	[1529, 2229, 734, 10, 301, 2728, 496, 3366]	{2 2 6 6 }251832
359	0.5794595572490676	0.741796752512525	0.2207872834051713	0.8673647994372641	[1549, 162, 107, 10, 301, 2627, 438, 3366]	{6 6 6 5 }307211
360	0.580470224969607	0.7430065761419435	0.2207872834051713	1.0373016607273189	[1579, 1580, 438, 10, 734, 2229, 1529, 156]	{6 8 7 4 }234901
361	0.5814784637935708	0.744210731085052	0.2207872834051713	1.1209952055775043	[331, 808, 1265, 87, 415, 10, 232, 2047]	{3 1 4 4 }274118
362	0.582484279558227	0.7455804600195641	0.2207872834051713	0.7735870956317473	[432, 394, 193, 232, 10, 734, 19, 400]	{8 3 2 2 }277377
363	0.5834876780868156	0.7463790704617459	0.2207872834051713	0.6084305264741027	[2051, 1849, 420, 158, 10, 734, 19, 1460]	{6 5 3 6 }269363
364	0.5844886651885814	0.7471751741049673	0.2207872834051713	0.7574196814225235	[1742, 1743, 193, 232, 10, 734, 19, 132]	{1 3 6 3 }264452
365	0.5854872466588084	0.747968778817947	0.2207872834051713	1.0225385849248498	[1580, 438, 1549, 162, 107, 10, 232, 2047]	{3 3 6 3 }249086
366	0.5864834282788529	0.7488729086770982	0.2207872834051713	0.7795583161299493	[320, 232, 1549, 162, 10, 158, 420, 1791]	{7 1 1 8 }285775
367	0.5874772158161772	0.7500495766393567	0.2207872834051713	0.7132405897528507	[846, 10, 734, 19, 132, 241, 4018, 2197]	{2 4 8 6 }273013
368	0.5884686150243825	0.7509462419017314	0.2207872834051713	0.675006914576907	[377, 162, 1549, 107, 10, 734, 2229, 494]	{1 4 2 5 }259583
369	0.5894576316432434	0.7519673260047217	0.2207872834051713	0.5602944237215381	[1879, 232, 10, 734, 19, 132, 241, 1031]	{1 3 4 6 }279647
370	0.5904442713987395	0.7528571115858591	0.2207872834051713	0.8287796089847973	[2636, 162, 1549, 107, 10, 438, 2627, 301]	{5 8 7 7 }260088
371	0.5914285400030896	0.7540151113753881	0.2207872834051713	0.8802372613213384	[107, 1549, 162, 1583, 1579, 1580, 438, 3366]	{3 8 8 6 }294548
372	0.5924104431547851	0.7551676853016801	0.2207872834051713	0.8360206903215943	[1879, 496, 1792, 232, 10, 734, 2229, 494]	{3 6 1 7 }293818
373	0.5933899865386218	0.7561714621021014	0.2207872834051713	0.626593298130014	[1579, 1580, 438, 2627, 261, 217, 132, 241]	{6 2 7 4 }264652
374	0.5943671758257337	0.7573139323442303	0.2207872834051713	1.0511091762996465	[1265, 193, 394, 432, 422, 19, 241, 1126]	{7 5 5 2 }290166
375	0.5953420166736256	0.7580757119929823	0.2207872834051713	0.3280673200675872	[1792, 232, 10, 734, 19, 132, 241, 1126]	{2 5 4 3 }249976
376	0.596314514726206	0.7587401768953453	0.2207872834051713	0.8515633777885551	[1549, 162, 420, 158, 10, 734, 19, 2004]	{2 1 1 3 }298225
377	0.5972846756138193	0.7597293070010039	0.2207872834051713	0.886227797056727	[3136, 1468, 2307, 420, 158, 10, 232, 2047]	{7 1 2 4 }250133
378	0.5982525049532789	0.7608551067911908	0.2207872834051713	1.0882899063396905	[1879, 496, 2729, 301, 2627, 261, 217, 132]	{1 3 3 2 }272586
379	0.5992180083478995	0.7618355659925754	0.2207872834051713	0.6973757709027594	[1879, 496, 1792, 232, 10, 734, 19, 400]	{6 1 6 2 }289909
380	0.6001811913875297	0.7625831524553498	0.2207872834051713	0.5957011110120926	[1580, 438, 2627, 301, 10, 734, 19, 132]	{3 1 2 1 }280305
381	0.6011420596485841	0.763556526921413	0.2207872834051713	0.8347254294581505	[320, 232, 10, 734, 19, 241, 1031, 227]	{1 6 8 2 }287672
382	0.6021006186940759	0.7648226608285393	0.2207872834051713	0.8810202435100394	[421, 438, 2729, 496, 1792, 232, 10, 1873]	{8 8 7 5 }289999
383	0.6030568740736487	0.7653878529507241	0.2207872834051713	0.6135260577177766	[420, 162, 1549, 107, 10, 734, 19, 132]	{1 6 8 5 }260287
384	0.604010831323609	0.7663497285536047	0.2207872834051713	1.081756638159637	[77, 19, 734, 10, 162, 1583, 1013, 156]	{8 1 7 7 }272203
385	0.6049624959669582	0.7673076606067286	0.2207872834051713	0.8933324984997155	[87, 1265, 415, 733, 734, 19, 132, 217]	{6 2 4 2 }267257
386	0.6059118735134243	0.7683979516596958	0.2207872834051713	0.8287190473560038	[1791, 420, 158, 1557, 15, 432, 422, 19]	{3 7 2 8 }255406
387	0.6068589694594942	0.7691249391161211	0.2207872834051713	0.6303083534375218	[107, 162, 420, 158, 10, 734, 19, 1987]	{7 5 5 8 }276365
388	0.6078037892884451	0.7697590564098086	0.2207872834051713	0.8630579161736927	[1529, 2229, 494, 10, 734, 19, 400, 4079]	{2 4 1 5 }261098
389	0.6087463384703768	0.770585016427471	0.2207872834051713	0.7301225909934315	[2309, 420, 158, 10, 232, 1792, 496, 3366]	{1 2 2 4 }289742
390	0.6096866224622426	0.771525584417701	0.2207872834051713	0.7718346639620645	[1580, 438, 2627, 261, 217, 132, 19, 400]	{1 1 7 5 }281624
391	0.6106246467078815	0.77246229621628	0.2207872834051713	0.812068589188937	[193, 1265, 415, 10, 734, 19, 132, 217]	{1 2 3 2 }287787
392	0.6115604166380499	0.7738548039870582	0.2207872834051713	0.9403724733656578	[432, 394, 193, 232, 1792, 496, 2729, 301]	{2 1 3 6 }266317
393	0.612493937670452	0.774666071032704	0.2207872834051713	0.27942865957240903	[320, 232, 10, 734, 19, 132, 241, 1126]	{8 2 3 7 }287192
394	0.6134252152097724	0.775373383170227	0.2207872834051713	0.521693252333397	[2654, 232, 10, 734, 19, 132, 241, 1126]	{4 2 5 6 }268292
395	0.6143542546477068	0.776425881895481	0.2207872834051713	0.7360011240991008	[1879, 836, 320, 232, 10, 734, 19, 132]	{4 3 5 2 }300989
396	0.6152810613629928	0.7774734490877658	0.2207872834051713	0.8742988426683123	[1807, 157, 10, 232, 1792, 496, 2728, 301]	{5 1 6 1 }265418
397	0.616205640721442	0.7783857755082333	0.2207872834051713	0.6853742970113494	[2654, 232, 10, 734, 19, 132, 241, 89]	{1 2 4 7 }266307
398	0.6171279980759704	0.779180788271477	0.2207872834051713	0.45855315010286146	[1549, 162, 10, 734, 19, 132, 241, 2872]	{3 1 4 8 }286067
399	0.6180481387666295	0.7805321795492994	0.2207872834051713	1.009509028486576	[3819, 438, 2729, 301, 2627, 261, 217, 132]	{7 7 1 1 }257967
400	0.6189660681206373	0.7810596176248761	0.2207872834051713	0.4705143080389149	[320, 232, 10, 734, 19, 132, 1032, 370]	{8 1 2 5 }261190
401	0.6198817914524092	0.7817468607336149	0.2207872834051713	0.5953033681844802	[1791, 420, 158, 10, 232, 1792, 496, 3366]	{6 1 3 6 }238463
402	0.6207953140635885	0.7823463108841878	0.2207872834051713	0.6859444391123852	[1549, 162, 107, 734, 10, 158, 420, 1791]	{2 4 1 8 }254886
403	0.6217066412430774	0.7831271157319407	0.2207872834051713	0.8781561948482317	[359, 158, 10, 734, 19, 132, 1714, 2168]	{6 4 7 7 }251910
404	0.6226157782670674	0.7839051195418947	0.2207872834051713	0.8071901093303198	[3819, 438, 2627, 301, 10, 734, 19, 132]	{1 6 4 4 }254168
405	0.6235227303990702	0.7846803323624156	0.2207872834051713	1.0542801988267934	[2047, 232, 1792, 496, 217, 132, 19, 3308]	{4 2 4 4 }284591
406	0.6244275028899477	0.7858333501578212	0.2207872834051713	1.1576505332127949	[10, 734, 733, 415, 87, 1265, 808, 331]	{3 4 3 4 }272344
407	0.6253301009779426	0.7864215764299708	0.2207872834051713	0.7716214731278488	[1791, 420, 107, 10, 734, 19, 132, 1032]	{5 3 7 3 }241494
408	0.6262305298887088	0.787422308318835	0.2207872834051713	0.6463112831801456	[1265, 193, 232, 10, 734, 19, 132, 1715]	{8 1 6 6 }264873
409	0.6271287948353417	0.7881849036732396	0.2207872834051713	0.7892524417489257	[2627, 438, 1580, 1579, 1583, 162, 107, 10]	{1 1 1 7 }260397
410	0.6280249010184079	0.7894811906740238	0.2207872834051713	0.9317058734160226	[421, 438, 1580, 301, 2627, 261, 217, 132]	{3 5 5 5 }298377
411	0.6289188536259762	0.7902364000505918	0.2207872834051713	0.9938426429436865	[87, 1265, 808, 331, 241, 132, 19, 400]	{4 3 6 4 }274940
412	0.629810657833647	0.7910964002326002	0.2207872834051713	1.053095882684846	[1849, 420, 1791, 1794, 107, 1549, 162, 10]	{2 4 6 7 }272585
413	0.6307003188045821	0.7920752280116019	0.2207872834051713	1.161599088851976	[87, 1265, 193, 232, 10, 438, 2729, 969]	{1 6 3 3 }264866
414	0.6315878416895351	0.792727893660282	0.2207872834051713	0.5848375233935021	[1549, 162, 107, 10, 734, 19, 241, 1126]	{3 6 3 1 }257699
415	0.6324732316268808	0.7932260222727775	0.2207872834051713	0.7329071227033257	[420, 162, 107, 10, 734, 19, 132, 1032]	{1 6 8 7 }230650
416	0.6333564937426458	0.7941948716061517	0.2207872834051713	0.6201089107861215	[394, 193, 232, 10, 734, 19, 132, 1715]	{3 2 5 2 }280560
417	0.6342376331505366	0.7950386426318188	0.2207872834051713	0.9037909020959839	[1549, 107, 10, 232, 193, 1265, 808, 331]	{5 2 4 2 }254545
418	0.6351166549519708	0.7957739153583469	0.2207872834051713	0.8847863335850191	[377, 162, 107, 10, 734, 19, 241, 331]	{1 6 1 5 }287020
419	0.6359935642361056	0.7964149710090775	0.2207872834051713	0.6588402520167402	[1791, 420, 158, 10, 232, 193, 394, 432]	{5 5 3 3 }245372
420	0.6368683660798682	0.7972496399508224	0.2207872834051713	0.2207872834051713	[320, 232, 10, 734, 19, 132, 241, 1031]	{6 7 2 5 }282260
421	0.6377410655479837	0.7979769810064835	0.2207872834051713	0.5408150808620928	[1549, 162, 107, 10, 734, 19, 422, 432]	{1 4 1 4 }276711
422	0.6386116676930063	0.7986111213423308	0.2207872834051713	1.1103161922861715	[2050, 1849, 420, 158, 10, 494, 2229, 1529]	{2 3 1 6 }278084
423	0.6394801775553467	0.7995547385372075	0.2207872834051713	1.252902985081953	[3819, 438, 1580, 1579, 4018, 241, 132, 19]	{4 2 4 3 }270131
424	0.6403466001633031	0.8001052778905904	0.2207872834051713	0.5656172268516562	[1799, 232, 10, 734, 19, 132, 241, 1729]	{4 3 1 2 }260897
425	0.641210940533089	0.8010418941437061	0.2207872834051713	0.9641453894666738	[193, 232, 1792, 496, 3366, 438, 2627, 301]	{5 6 8 1 }274272
426	0.6420732036688623	0.801666413867725	0.2207872834051713	0.6535496880590731	[1851, 159, 10, 734, 19, 132, 241, 1031]	{2 5 8 4 }305507
427	0.642933394562755	0.8024795526592657	0.2207872834051713	0.749602235399442	[377, 162, 107, 10, 232, 193, 394, 432]	{4 8 6 7 }264908
428	0.6437915181949017	0.8037135412932146	0.2207872834051713	0.7094622104816076	[2309, 420, 158, 10, 734, 19, 400, 4079]	{7 8 2 4 }251825
429	0.6446475795334683	0.8045182871607259	0.2207872834051713	0.7587653238987601	[1807, 157, 10, 734, 19, 132, 241, 1729]	{6 4 2 3 }283666
430	0.6455015835346811	0.8053197336874904	0.2207872834051713	1.0006648895131625	[158, 420, 1582, 1579, 1580, 438, 2627, 301]	{6 2 7 2 }265747
431	0.6463535351428551	0.8059308254832538	0.2207872834051713	0.7481053577385229	[1791, 420, 158, 10, 107, 1549, 162, 3284]	{5 2 1 1 }248074
432	0.6472034392904229	0.8067264808088053	0.2207872834051713	0.7116671446938323	[1582, 420, 158, 10, 734, 19, 422, 432]	{8 1 8 1 }266486
433	0.6480513008979631	0.8079092952298175	0.2207872834051713	0.7561241212438912	[87, 1265, 193, 232, 1792, 496, 2728, 301]	{6 5 8 8 }248875
434	0.6488971248742291	0.8086968391178148	0.2207872834051713	0.7260488631284274	[1579, 1580, 438, 3366, 496, 1792, 232, 10]	{8 5 5 7 }237728
435	0.6497409161161771	0.8093831148065662	0.2207872834051713	0.7389701136628505	[193, 232, 10, 734, 19, 132, 1714, 2168]	{3 5 7 5 }237303
436	0.6505826795089948	0.8102762593123664	0.2207872834051713	1.0022064712440368	[1549, 162, 10, 415, 1265, 193, 232, 2047]	{5 3 5 4 }292949
437	0.6514224199261295	0.8107973511294405	0.2207872834051713	0.901475807742669	[377, 162, 1549, 107, 10, 734, 19, 3]	{5 8 1 8 }265622
438	0.652260142229316	0.8113912489530437	0.2207872834051713	0.5517168203325604	[394, 193, 232, 10, 734, 19, 132, 1032]	{1 4 3 1 }264880
439	0.6530958512686056	0.8119832825605432	0.2207872834051713	0.770310391800002	[1849, 420, 158, 10, 734, 19, 241, 1729]	{2 7 2 8 }260355
440	0.6539295518823933	0.812499685898237	0.2207872834051713	0.5452426373289887	[377, 162, 107, 10, 734, 19, 132, 168]	{6 1 4 7 }296506
441	0.6547612488974466	0.813396530512882	0.2207872834051713	1.0023637640917136	[2405, 1743, 1742, 400, 19, 132, 241, 217]	{2 6 4 8 }276916
442	0.6555909471289323	0.8140659466582041	0.2207872834051713	0.2207872834051713	[320, 232, 10, 734, 19, 132, 241, 1031]	{2 7 5 6 }243259
443	0.6564186513804459	0.8146495845209538	0.2207872834051713	0.45541408671804184	[2047, 232, 10, 734, 19, 132, 241, 1729]	{5 2 4 7 }243882
444	0.6572443664440382	0.8155180527317574	0.2207872834051713	0.867346222029703	[107, 1549, 162, 846, 10, 734, 19, 400]	{8 4 1 4 }289469
445	0.6580680971002433	0.8163824516933432	0.2207872834051713	0.8835200039876718	[2238, 1549, 162, 846, 10, 158, 420, 1791]	{4 5 8 8 }251803
446	0.6588898481181069	0.8171509403162784	0.2207872834051713	0.6654049710553581	[377, 162, 107, 10, 734, 19, 400, 4079]	{2 4 2 6 }287945
447	0.6597096242552133	0.8182699580977495	0.2207872834051713	1.0142599599093325	[1089, 836, 320, 232, 1792, 496, 2729, 301]	{8 7 6 6 }247292
448	0.6605274302577127	0.8192431064151887	0.2207872834051713	0.8834283373840525	[10, 734, 19, 132, 217, 493, 654, 400]	{4 5 1 3 }259388
449	0.6613432708603496	0.8199841833294851	0.2207872834051713	0.5192845589394408	[2636, 162, 107, 10, 734, 19, 132, 217]	{7 4 3 7 }254618
450	0.6621571507864894	0.820478611536893	0.2207872834051713	0.4674725881231375	[837, 162, 1549, 107, 10, 734, 19, 132]	{2 4 1 2 }269684
451	0.662969074748146	0.8210421203594963	0.2207872834051713	0.8207379126656511	[837, 162, 420, 158, 10, 734, 19, 3308]	{5 2 3 1 }300408
452	0.6637790474460092	0.8215336428560676	0.2207872834051713	0.5053724480380157	[1549, 107, 10, 734, 19, 132, 241, 2872]	{2 3 8 5 }295048
453	0.664587073569472	0.8220938399871693	0.2207872834051713	0.6357138849033303	[1582, 420, 158, 10, 734, 19, 132, 1031]	{8 7 1 1 }290995
454	0.6653931577966572	0.8227320556441031	0.2207872834051713	0.6451327292467813	[1579, 1580, 438, 2729, 301, 10, 734, 19]	{8 7 8 4 }287076
455	0.666197304794445	0.8235626530510186	0.2207872834051713	0.9938426429436865	[87, 1265, 808, 331, 241, 132, 19, 400]	{1 5 7 4 }266415
456	0.6669995192185001	0.8242860204537795	0.2207872834051713	0.7858815712676077	[1089, 836, 320, 232, 10, 734, 19, 1987]	{6 7 8 5 }256439
457	0.6677998057132982	0.824708306705283	0.2207872834051713	0.4705143080389149	[320, 232, 10, 734, 19, 132, 1032, 370]	{7 4 2 8 }261161
458	0.6685981689121532	0.8251897597203136	0.2207872834051713	0.4216151515430648	[377, 162, 1549, 107, 10, 158, 420, 1791]	{6 6 2 5 }268946
459	0.6693946134372437	0.8262595807387785	0.2207872834051713	0.573962807042313	[320, 232, 1792, 496, 2729, 438, 2627, 301]	{2 1 1 4 }249525
460	0.6701891438996405	0.8268828523321103	0.2207872834051713	0.9192844711487334	[734, 10, 232, 1792, 496, 1879, 420, 1791]	{8 6 1 1 }260130
461	0.6709817648993324	0.8275038880181	0.2207872834051713	0.8311935552528233	[2309, 420, 162, 10, 734, 19, 132, 217]	{2 7 8 7 }261085
462	0.6717724810252532	0.8281226958177801	0.2207872834051713	0.7864072606035097	[1820, 10, 734, 19, 241, 132, 1032, 370]	{5 4 3 2 }287855
463	0.6725612968553089	0.8285947709330266	0.2207872834051713	0.4705143080389149	[320, 232, 10, 734, 19, 132, 1032, 370]	{6 1 7 2 }271074
464	0.6733482169564027	0.8292096653293926	0.2207872834051713	0.7301225909934315	[2309, 420, 158, 10, 232, 1792, 496, 3366]	{4 1 6 4 }295729
465	0.6741332458844631	0.8299098808049917	0.2207872834051713	0.6131253707783104	[2051, 1849, 420, 158, 10, 734, 19, 400]	{2 8 7 1 }274233
466	0.6749163881844692	0.8306072254992132	0.2207872834051713	0.8217417973454545	[1265, 415, 10, 734, 19, 132, 241, 1729]	{2 8 4 6 }275769
467	0.6756976483904773	0.8313017111818422	0.2207872834051713	0.26942594390034946	[1792, 232, 10, 734, 19, 132, 241, 1031]	{7 8 4 5 }306537
468	0.6764770310256473	0.8317650548706128	0.2207872834051713	0.5683264767752773	[420, 158, 10, 734, 19, 132, 1032, 370]	{4 1 2 5 }294101
469	0.6772545406022688	0.8324547936215987	0.2207872834051713	0.9289433466265185	[1549, 162, 107, 232, 1792, 496, 2728, 301]	{3 4 1 8 }264836
470	0.6780301816217869	0.8331417045442507	0.2207872834051713	0.5746670623715742	[320, 232, 10, 734, 19, 132, 1714, 2168]	{3 4 5 2 }277007
471	0.678803958574829	0.8338257992322526	0.2207872834051713	0.7176602883672526	[193, 394, 432, 422, 19, 132, 241, 1031]	{8 5 6 2 }232176
472	0.6795758759412301	0.8345070892317559	0.2207872834051713	0.7828071744138969	[394, 193, 1265, 415, 10, 158, 420, 1791]	{8 4 1 1 }253591
473	0.6803459381900592	0.8351855860415747	0.2207872834051713	0.7619859371767089	[107, 162, 1583, 1579, 1580, 438, 2729, 301]	{3 4 5 8 }271357
474	0.6811141497796445	0.8358613011133794	0.2207872834051713	0.8671612380315802	[377, 162, 107, 10, 734, 2229, 1529, 156]	{4 3 4 4 }249624
475	0.6818805151576002	0.836630380814535	0.2207872834051713	0.810610342438237	[846, 10, 734, 19, 132, 241, 1126, 1990]	{4 2 1 7 }252653
476	0.6826450387608515	0.8375052106905803	0.2207872834051713	0.9816495523969865	[1019, 1799, 232, 10, 734, 2229, 494, 2626]	{3 3 8 3 }265635
477	0.6834077250156605	0.8380881400208515	0.2207872834051713	0.5329952038510364	[2636, 162, 1549, 107, 10, 734, 19, 1987]	{7 1 4 4 }288658
478	0.6841685783376521	0.8389551637251488	0.2207872834051713	1.0723106343845328	[2047, 232, 10, 1820, 733, 734, 19, 400]	{4 5 5 5 }273520
479	0.6849276031318388	0.8397097469854953	0.2207872834051713	0.5895170305537488	[1579, 1580, 301, 2728, 496, 1792, 232, 10]	{8 5 5 6 }284995
480	0.6856848037926471	0.8405680871277756	0.2207872834051713	0.8404018583371573	[1879, 496, 1792, 232, 10, 734, 2229, 1529]	{2 4 5 5 }259728
481	0.6864401847039425	0.8410685360730359	0.2207872834051713	1.1951076682431436	[432, 422, 19, 734, 10, 438, 2729, 969]	{5 4 5 5 }304651
482	0.687193750239055	0.841813217026463	0.2207872834051713	0.32335263409066817	[320, 232, 10, 734, 19, 132, 241, 2872]	{1 3 8 4 }294672
483	0.6879455047608041	0.8423806919334949	0.2207872834051713	1.0017965488732137	[377, 162, 1549, 10, 734, 19, 241, 2872]	{8 2 8 7 }251387
484	0.6886954526215245	0.8429461310966798	0.2207872834051713	0.8651536025005631	[87, 1265, 193, 232, 10, 158, 420, 1550]	{3 4 1 3 }286139
485	0.6894435981630911	0.8435900290650334	0.2207872834051713	0.8517829819693437	[377, 162, 107, 10, 158, 1557, 15, 432]	{5 2 5 6 }280266
486	0.6901899457169443	0.8441511298855112	0.2207872834051713	0.8524933979883523	[1579, 1580, 438, 2627, 261, 217, 132, 168]	{5 6 5 7 }246498
487	0.6909344996041143	0.8447102178283645	0.2207872834051713	0.7524334367902772	[158, 10, 734, 19, 132, 217, 241, 1031]	{5 6 8 2 }280594
488	0.6916772641352477	0.8451976648287638	0.2207872834051713	0.4307214741276705	[1792, 232, 10, 734, 19, 132, 241, 1729]	{1 3 7 4 }280347
489	0.6924182436106306	0.8457529984609948	0.2207872834051713	0.6925564262261312	[2636, 162, 1549, 10, 734, 19, 132, 241]	{4 5 6 3 }264701
490	0.6931574423202151	0.8462371722241961	0.2207872834051713	0.9497210856834782	[377, 162, 1549, 107, 734, 19, 132, 1032]	{2 3 1 6 }292445
491	0.6938948645436429	0.8466594944440393	0.2207872834051713	0.758125668227176	[377, 162, 1549, 107, 10, 438, 1580, 301]	{4 5 7 5 }273946
492	0.6946305145502709	0.8470806567212622	0.2207872834051713	0.5783102202625546	[1549, 162, 10, 734, 19, 132, 241, 89]	{3 2 6 7 }256041
493	0.6953643965991958	0.8475006622417421	0.2207872834051713	0.4115028919152935	[2149, 420, 158, 10, 734, 19, 132, 241]	{3 6 8 2 }266213
494	0.6960965149392779	0.8480477341645037	0.2207872834051713	0.67938808259247	[377, 162, 1549, 107, 10, 734, 2229, 1529]	{8 7 1 2 }264265
495	0.6968268738091672	0.8484650835274552	0.2207872834051713	0.5656172268516562	[1799, 232, 10, 734, 19, 132, 241, 1729]	{3 1 4 8 }295344
496	0.6975554774373266	0.8489407441888157	0.2207872834051713	0.5277457326021664	[87, 1265, 193, 232, 10, 734, 19, 1987]	{3 6 8 5 }262893
497	0.6982823300420571	0.8497496531566866	0.2207872834051713	0.8095156359573589	[1579, 1580, 438, 2627, 261, 217, 132, 1032]	{1 1 2 2 }237003
498	0.6990074358315221	0.8503656576763613	0.2207872834051713	0.870403073749433	[2636, 162, 1549, 107, 10, 158, 420, 1550]	{7 6 5 8 }239880
499	0.6997307990037714	0.8507766406722453	0.2207872834051713	0.7097705947614472	[837, 162, 1549, 107, 10, 158, 420, 1582]	{6 8 3 6 }256242
