0	0.00240325927734375	0.0031389508928570953	0.46105833933866197	0.46105833933866197	[377, 162, 107, 10, 734, 19, 132, 217]	{8 5 6 2 }314924
1	0.004800742899533361	0.008477053732128925	0.46105833933866197	1.133580131514888	[1265, 415, 733, 734, 10, 438, 2729, 301]	{6 6 6 7 }296288
2	0.0071924647469656655	0.01158939556960481	0.46105833933866197	0.7115802122581779	[1849, 420, 158, 10, 734, 19, 241, 2872]	{3 4 5 1 }278990
3	0.00957843866667929	0.0162206405924461	0.46105833933866197	1.126453383793604	[734, 733, 415, 87, 1265, 193, 232, 2047]	{2 2 1 8 }352475
4	0.011958678472434925	0.02025399255794713	0.46105833933866197	1.1651983215832729	[2872, 241, 132, 19, 734, 107, 420, 1791]	{8 4 6 1 }290195
5	0.01433319794479504	0.024270808368341834	0.46105833933866197	0.8275027074035005	[1580, 1579, 1583, 162, 107, 10, 232, 2047]	{3 3 2 4 }321043
6	0.01670201083120393	0.026950728633443388	0.46105833933866197	0.6095368177910734	[1799, 1019, 10, 734, 19, 132, 241, 1031]	{2 4 8 7 }350232
7	0.019065130846067313	0.03044141878104345	0.46105833933866197	0.9564283719689669	[320, 232, 1792, 1791, 420, 158, 10, 1873]	{3 2 3 3 }327336
8	0.021422571670831503	0.03348481555523797	0.46105833933866197	0.7777739970879921	[377, 162, 1583, 1579, 1580, 438, 2627, 301]	{6 6 2 6 }316051
9	0.023774346954062775	0.03801346854357768	0.46105833933866197	1.1116417437693662	[2875, 836, 320, 232, 10, 494, 2229, 1529]	{4 4 5 6 }310735
10	0.026120470311526423	0.041957473091276176	0.46105833933866197	0.8417625898440853	[2149, 420, 158, 10, 232, 193, 394, 432]	{2 3 3 5 }329283
11	0.02846095532626547	0.044588815480857025	0.46105833933866197	0.46105833933866197	[377, 162, 107, 10, 734, 19, 132, 217]	{4 6 3 5 }345166
12	0.030795815548679273	0.05043583545428454	0.46105833933866197	0.6806215359510435	[1579, 1580, 438, 2729, 301, 2627, 261, 217]	{2 1 5 3 }359542
13	0.03312506449660224	0.05304389132614473	0.46105833933866197	0.6150695573229844	[1582, 420, 158, 10, 734, 19, 132, 1032]	{6 5 4 6 }371608
14	0.03544871565538188	0.05692627333145839	0.46105833933866197	0.7867934556643397	[2051, 1849, 420, 158, 10, 494, 2229, 1529]	{6 6 6 1 }359020
15	0.03776678247795695	0.06030943003586564	0.46105833933866197	0.6675066333863985	[320, 232, 10, 107, 162, 1583, 1013, 156]	{4 5 3 6 }366041
16	0.04007927838493508	0.0628903672702642	0.46105833933866197	0.7766891816227435	[2309, 420, 162, 107, 10, 734, 19, 1987]	{6 5 7 5 }342317
17	0.042386216764671025	0.06862538359480075	0.46105833933866197	0.8301599635377048	[1579, 1580, 438, 2627, 261, 217, 132, 1031]	{4 5 5 5 }315361
18	0.04468761097334362	0.07298938377579145	0.46105833933866197	0.9303787370559462	[1851, 159, 10, 232, 1792, 496, 2728, 301]	{7 3 4 8 }306434
19	0.04698347433503336	0.07678999216956783	0.46105833933866197	0.7558239291136406	[19, 132, 217, 261, 2627, 438, 2729, 301]	{7 6 7 2 }361193
20	0.049273820141799596	0.07932566418814502	0.46105833933866197	0.7844954740377112	[2875, 836, 320, 232, 10, 734, 19, 132]	{5 8 7 7 }341505
21	0.05155866165375744	0.08221561571657221	0.46105833933866197	0.5164409773359109	[2047, 232, 10, 734, 19, 132, 241, 89]	{8 7 6 2 }354213
22	0.0538380120991544	0.08550805013085427	0.46105833933866197	0.6344324522427114	[1580, 438, 2627, 301, 10, 158, 420, 1791]	{1 3 1 7 }272312
23	0.056111884674447055	0.08770581139343347	0.46105833933866197	1.096393861911218	[320, 232, 1799, 1019, 10, 438, 1580, 301]	{2 1 5 5 }345986
24	0.05838029254437771	0.09097855043100478	0.46105833933866197	0.9629738557541125	[1530, 156, 1013, 1583, 162, 1549, 107, 10]	{3 7 4 6 }350428
25	0.06064324884205019	0.09347525241041177	0.46105833933866197	0.8348890438474144	[2051, 1849, 420, 158, 10, 438, 1580, 301]	{5 6 5 3 }313764
26	0.06290076666900601	0.09672729431423277	0.46105833933866197	0.89402023812946	[1807, 157, 320, 232, 10, 734, 19, 3308]	{2 1 8 1 }313593
27	0.06515285909530044	0.10043058073513833	0.46105833933866197	0.8699353445379061	[320, 232, 1799, 1019, 10, 734, 19, 3308]	{4 8 2 8 }365206
28	0.06739953915957797	0.10464555614818694	0.46105833933866197	0.9996945285711928	[2872, 241, 19, 132, 217, 261, 2627, 301]	{8 8 5 7 }326741
29	0.06964081986914772	0.11012503493316006	0.46105833933866197	1.0319746612201512	[2636, 162, 1583, 1013, 156, 1529, 2229, 494]	{2 4 2 2 }355585
30	0.07187671420005914	0.11489023674526311	0.46105833933866197	0.8858899064089981	[1579, 1580, 438, 2729, 496, 1879, 232, 10]	{4 4 1 3 }302306
31	0.07410723509717665	0.11732126331670256	0.46105833933866197	0.6482976636120993	[377, 162, 107, 420, 158, 10, 734, 19]	{7 6 6 1 }340222
32	0.07633239547425485	0.12145709663102455	0.46105833933866197	1.0359050198925888	[734, 19, 400, 654, 493, 217, 132, 241]	{1 8 6 4 }319479
33	0.07855220821401321	0.12460875723781695	0.38288381031244606	0.38288381031244606	[377, 162, 1549, 107, 10, 734, 19, 132]	{2 5 3 2 }321298
34	0.08076668616821081	0.12735656736088463	0.38288381031244606	0.8016569737340982	[10, 232, 1792, 496, 3366, 438, 1580, 301]	{5 7 4 3 }325063
35	0.08297584215772047	0.1309342782272075	0.38288381031244606	0.9425513864963102	[2238, 1549, 107, 10, 734, 19, 241, 1729]	{4 6 6 1 }320157
36	0.0851796889726033	0.1350063271109826	0.38288381031244606	1.023073649565484	[193, 232, 10, 162, 1583, 1579, 1580, 301]	{3 2 1 1 }325875
37	0.08737823937218236	0.13772149977281334	0.38288381031244606	1.0140728743764962	[1580, 438, 3366, 496, 1792, 232, 10, 161]	{7 1 7 1 }351633
38	0.08957150608511699	0.14081481390787576	0.38288381031244606	0.6599140629346134	[2627, 438, 2729, 301, 10, 734, 19, 132]	{6 5 7 6 }364801
39	0.09175950180947601	0.14541567466519656	0.38288381031244606	0.5882051637578561	[10, 232, 1792, 496, 2729, 438, 2627, 301]	{8 2 1 2 }350885
40	0.09394223921281164	0.14891934582409472	0.38288381031244606	0.8278584862292416	[1794, 107, 10, 734, 19, 132, 241, 1126]	{2 6 5 7 }297104
41	0.0961197309322328	0.15290712481596436	0.38288381031244606	0.8612131468838631	[1555, 2229, 494, 10, 734, 19, 132, 217]	{6 2 8 8 }263361
42	0.09829198957447793	0.15744323231680113	0.38288381031244606	1.259585334790217	[87, 1265, 808, 331, 241, 1031, 132, 217]	{7 3 2 4 }302231
43	0.10045902771598825	0.16008797663500307	0.38288381031244606	0.6997073808099048	[734, 10, 107, 1549, 162, 1583, 1013, 156]	{3 3 4 7 }315188
44	0.10262085790298059	0.16310105388718932	0.38288381031244606	0.5746670623715742	[320, 232, 10, 734, 19, 132, 1714, 2168]	{6 1 5 2 }352927
45	0.10477749265152003	0.1665322175693209	0.38288381031244606	0.8692826104380562	[1265, 193, 394, 432, 422, 19, 132, 217]	{3 1 7 7 }319644
46	0.10692894444759216	0.1691484320091493	0.38288381031244606	0.6212035864446026	[1549, 162, 420, 158, 10, 734, 19, 1987]	{8 6 7 3 }354364
47	0.10907522574717565	0.17255480232252285	0.38288381031244606	1.0982573629480608	[249, 318, 158, 10, 734, 19, 241, 1031]	{4 8 8 6 }323532
48	0.11121634897631416	0.17643183625583048	0.38288381031244606	0.9721767528457268	[2627, 301, 10, 734, 19, 132, 1714, 2168]	{4 8 6 8 }362778
49	0.11335232653118832	0.18029070416175386	0.38288381031244606	0.7850955772710624	[2627, 301, 2728, 496, 1792, 232, 10, 494]	{4 4 2 8 }343706
50	0.11548317077818748	0.1836513927835396	0.38288381031244606	1.0482095131307405	[193, 1265, 808, 331, 241, 132, 19, 3308]	{3 3 8 4 }357107
51	0.11760889405398145	0.18699830307187237	0.38288381031244606	0.7314541204626409	[241, 19, 734, 10, 232, 1792, 496, 3366]	{7 8 7 1 }267921
52	0.11972950866559184	0.1892312789240309	0.38288381031244606	0.7379796434311969	[1799, 232, 10, 107, 1549, 162, 420, 1791]	{6 1 3 1 }287438
53	0.12184502689046317	0.19177624212495292	0.38288381031244606	0.5169954825889849	[241, 132, 19, 734, 10, 494, 2229, 1529]	{1 3 8 6 }320594
54	0.1239554609765342	0.19399609497556192	0.38288381031244606	0.7034629697216066	[1791, 420, 162, 107, 10, 734, 19, 400]	{7 6 3 7 }341531
55	0.1260608231423087	0.19730059349288143	0.38288381031244606	0.7743735679391083	[1849, 420, 158, 10, 232, 193, 394, 432]	{4 7 4 4 }327375
56	0.12816112557692616	0.20106167984157164	0.38288381031244606	0.6648552371156095	[1579, 1580, 438, 2627, 301, 2729, 496, 3366]	{1 5 3 5 }323239
57	0.13025638044023236	0.20433721049090925	0.38288381031244606	0.6791347426266954	[160, 87, 1265, 193, 232, 10, 734, 19]	{1 5 1 6 }358132
58	0.1323465998628499	0.20683475691445197	0.38288381031244606	0.7288145731112495	[2636, 162, 107, 420, 158, 10, 232, 2047]	{2 7 3 6 }313157
59	0.13443179594624832	0.21055117048576077	0.38288381031244606	0.9891477986394788	[87, 1265, 808, 331, 241, 132, 19, 3308]	{2 7 8 4 }359027
60	0.13651198076281423	0.21477859921523546	0.38288381031244606	1.1310592586554284	[1879, 496, 2729, 301, 2627, 438, 80, 909]	{4 3 2 6 }359854
61	0.13858716635592117	0.21724337063231924	0.38288381031244606	0.5316671508538642	[377, 162, 1549, 107, 10, 734, 19, 3308]	{3 8 3 4 }347315
62	0.14065736473999924	0.21939327592538238	0.38288381031244606	0.9450069328176223	[320, 232, 10, 107, 1549, 162, 420, 1550]	{1 6 7 6 }277345
63	0.14272258790060488	0.22259364970302065	0.38288381031244606	0.7361491348549596	[377, 162, 420, 158, 10, 734, 19, 1460]	{5 4 1 4 }306914
64	0.14478284779449002	0.22623622423065126	0.38288381031244606	0.9981827496152174	[813, 3284, 162, 107, 10, 734, 19, 3308]	{6 4 4 1 }256398
65	0.14683815634967146	0.22940854291775226	0.38288381031244606	0.6796361463493921	[1549, 107, 10, 232, 1792, 496, 2728, 301]	{8 2 1 8 }341906
66	0.1488885254654998	0.23256785556067328	0.38288381031244606	0.9377312446277385	[1549, 162, 10, 232, 1792, 496, 2729, 969]	{1 8 8 1 }279311
67	0.15093396701272854	0.2349767873756683	0.38288381031244606	0.7561514582127083	[2051, 1849, 420, 158, 10, 734, 2229, 1529]	{6 6 8 5 }335511
68	0.15297449283358266	0.23811327102800928	0.38288381031244606	0.6201089107861215	[432, 394, 193, 232, 10, 734, 19, 132]	{1 7 6 1 }365399
69	0.15501011474182713	0.2416831276298148	0.38288381031244606	1.1998811401888483	[2149, 420, 158, 10, 1820, 841, 1268, 1392]	{8 7 5 3 }353994
70	0.1570408445228355	0.24574384747947964	0.38288381031244606	0.500169331995343	[1579, 1580, 438, 2729, 496, 1792, 232, 10]	{1 8 5 4 }355760
71	0.1590666939336579	0.24811142050287693	0.38288381031244606	0.7575653255000013	[2149, 420, 158, 10, 734, 19, 400, 4079]	{8 1 2 7 }357641
72	0.16108767470308916	0.25213771741218505	0.38288381031244606	0.9804417533951194	[1791, 420, 1582, 1579, 1580, 438, 2627, 301]	{4 8 1 5 }349775
73	0.16310379853173695	0.2544852203918482	0.38288381031244606	0.7100300800441012	[377, 162, 1549, 107, 10, 494, 2229, 1529]	{1 6 3 2 }359027
74	0.16511507709208928	0.2565328378895513	0.38288381031244606	0.5126095839448059	[1549, 162, 107, 10, 734, 19, 132, 1715]	{2 8 7 2 }303675
75	0.1671215220285821	0.2610827818475919	0.38288381031244606	0.7561241212438912	[87, 1265, 193, 232, 1792, 496, 2729, 301]	{6 5 3 5 }345368
76	0.1691231449576669	0.26373355311806845	0.38288381031244606	0.9640776763886937	[837, 162, 420, 158, 10, 734, 2229, 494]	{7 3 6 5 }362094
77	0.17111995746787756	0.26718336466634907	0.38288381031244606	0.9428155554601695	[1265, 193, 232, 10, 734, 2229, 1529, 156]	{5 3 7 5 }365661
78	0.17311197111989796	0.2701878060466346	0.38288381031244606	0.812068589188937	[193, 1265, 415, 10, 734, 19, 132, 217]	{3 5 1 1 }307283
79	0.1750991974466285	0.27247865068446253	0.38288381031244606	0.720740839852452	[1580, 438, 2729, 301, 10, 734, 19, 1987]	{2 6 2 3 }335826
80	0.1770816479532532	0.2754613821639814	0.38288381031244606	0.8195832568849986	[420, 158, 10, 232, 193, 1265, 808, 331]	{3 2 7 4 }278332
81	0.179059334117306	0.27745138691267657	0.38288381031244606	1.081126490120535	[1849, 420, 158, 10, 232, 320, 160, 331]	{6 7 7 3 }337442
82	0.18103226738873734	0.2800434379003144	0.38288381031244606	0.4726765573913526	[377, 162, 10, 734, 19, 132, 241, 1126]	{7 5 1 4 }340833
83	0.18300045918998054	0.28299515485498694	0.38288381031244606	0.714378554575787	[1580, 438, 2729, 496, 1792, 232, 10, 494]	{8 4 7 5 }345541
84	0.18496392091601777	0.2859347702004248	0.38288381031244606	0.9741283585254537	[421, 438, 2627, 261, 217, 132, 241, 2872]	{6 6 3 5 }359747
85	0.18692266393444623	0.2893502607766345	0.38288381031244606	1.0080642118304988	[2071, 377, 162, 107, 10, 734, 19, 1987]	{3 5 5 8 }370075
86	0.18887669958554376	0.29158095541007834	0.38288381031244606	0.6106733468314501	[241, 132, 19, 734, 10, 438, 2729, 301]	{3 8 4 5 }320860
87	0.19082603918233454	0.29412231837297265	0.38288381031244606	0.4858296718783282	[1849, 420, 158, 10, 734, 19, 132, 217]	{3 1 4 4 }344948
88	0.1927706940106546	0.29701631397002226	0.38288381031244606	0.6150695573229844	[1582, 420, 158, 10, 734, 19, 132, 1032]	{6 1 7 8 }310275
89	0.19471067532921726	0.2998984446069892	0.38288381031244606	0.8692826104380562	[1265, 193, 394, 432, 422, 19, 132, 217]	{4 1 2 8 }330178
90	0.19664599436967822	0.3020960290093807	0.38288381031244606	1.0612933075960307	[377, 162, 107, 10, 301, 2728, 496, 3366]	{5 4 1 2 }341520
91	0.19857666233670057	0.3049573335551695	0.38288381031244606	0.9201213900195648	[1792, 232, 10, 107, 162, 837, 420, 1791]	{5 2 4 8 }364566
92	0.2005026904080197	0.3082139891143134	0.38288381031244606	0.8297158704907285	[1791, 420, 158, 10, 1820, 841, 1268, 1380]	{8 8 6 6 }358765
93	0.20242408973450798	0.31038547143084905	0.29411855649072083	0.29411855649072083	[2047, 232, 10, 734, 19, 132, 241, 1031]	{5 4 3 2 }357460
94	0.20434087144023938	0.3132127904710833	0.29411855649072083	0.7344365583338349	[2238, 1549, 162, 10, 734, 19, 241, 1031]	{3 7 3 1 }238694
95	0.20625304662255384	0.31643076469315756	0.29411855649072083	0.7749692303191569	[421, 438, 2627, 301, 10, 734, 19, 132]	{7 1 4 3 }311416
96	0.20816062635212151	0.3185764549546536	0.29411855649072083	0.8327121488371418	[320, 232, 1549, 162, 10, 734, 19, 1987]	{2 1 7 2 }346244
97	0.21006362167300685	0.32137019215646123	0.29411855649072083	1.048774102264838	[1799, 232, 10, 438, 2729, 496, 2728, 301]	{2 4 3 4 }312231
98	0.21196204360273252	0.32415247544299175	0.29411855649072083	0.8404018583371573	[1879, 496, 1792, 232, 10, 734, 2229, 1529]	{2 7 7 3 }307539
99	0.21385590313234326	0.32657699223229864	0.29411855649072083	0.798870033592171	[988, 420, 158, 10, 232, 1792, 496, 3366]	{4 1 3 7 }357316
100	0.2157452112264695	0.3286908339838016	0.29411855649072083	0.787414617018555	[320, 232, 1792, 496, 3366, 438, 1580, 301]	{2 3 4 5 }366420
101	0.21762997882339075	0.33144310370598895	0.29411855649072083	0.6796361463493921	[1549, 107, 10, 232, 1792, 496, 2728, 301]	{2 4 8 3 }346865
102	0.21951021683509908	0.33418408952352086	0.29411855649072083	0.6147142051778058	[2309, 420, 158, 10, 734, 19, 132, 1715]	{5 3 8 4 }338945
103	0.22138593614736213	0.3369138376987615	0.29411855649072083	0.5191529685340931	[1792, 232, 10, 734, 19, 132, 1032, 370]	{8 5 2 1 }357925
104	0.22325714761978632	0.33929257472870056	0.29411855649072083	0.9472551805177766	[394, 193, 232, 10, 494, 2229, 1529, 156]	{3 3 1 5 }338791
105	0.22512386208587953	0.341662778342955	0.29411855649072083	0.758125668227176	[377, 162, 1549, 107, 10, 438, 1580, 301]	{3 3 6 2 }364946
106	0.2269860903531139	0.34372926655267644	0.29411855649072083	0.8999337051380446	[1579, 1580, 438, 2729, 496, 217, 132, 19]	{1 6 1 5 }352190
107	0.22884384320298856	0.34724353834480226	0.29411855649072083	1.1249619410047527	[2636, 162, 846, 10, 734, 19, 241, 2872]	{8 3 5 5 }371509
108	0.23069713139109171	0.34929250882293306	0.29411855649072083	1.0309276758838566	[2654, 232, 107, 162, 10, 158, 420, 1791]	{3 1 3 2 }345363
109	0.23254596564716323	0.35107973032579975	0.29411855649072083	0.8103584664321682	[359, 158, 420, 162, 107, 10, 232, 2047]	{7 2 2 4 }293718
110	0.23439035667515662	0.3528620430782008	0.29411855649072083	0.45855315010286146	[1549, 162, 10, 734, 19, 132, 241, 2872]	{1 6 3 4 }361810
111	0.23623031515330084	0.3558942388363725	0.29411855649072083	1.0077784898576938	[432, 394, 193, 232, 10, 438, 2627, 301]	{1 2 1 4 }345236
112	0.23806585173416261	0.35853497856417527	0.29411855649072083	0.5829177920490666	[359, 158, 10, 734, 19, 132, 241, 1126]	{4 2 5 1 }316484
113	0.23989697704470747	0.36116489164404153	0.29411855649072083	0.8473167650042569	[2051, 1849, 420, 158, 10, 438, 2627, 301]	{7 5 1 1 }336477
114	0.2417237016863618	0.3634566311111985	0.29411855649072083	0.7858815712676077	[1089, 836, 320, 232, 10, 734, 19, 1987]	{5 7 7 8 }353691
115	0.24354603623507398	0.3654547094873143	0.29411855649072083	0.6112910728296638	[87, 1265, 415, 10, 734, 19, 132, 241]	{2 6 5 4 }322377
116	0.24536399124137553	0.3680562526791028	0.29411855649072083	1.017869461334321	[837, 162, 107, 10, 734, 19, 241, 2197]	{5 2 4 1 }367138
117	0.2471775772304423	0.3706471299230387	0.29411855649072083	0.7763992546488784	[1791, 420, 158, 10, 734, 2229, 1529, 156]	{2 3 4 4 }346639
118	0.24898680470215562	0.372904853069839	0.29411855649072083	0.9580234294685747	[1743, 1742, 400, 19, 734, 10, 494, 2626]	{8 3 5 8 }330132
119	0.2507916841311627	0.37487327394120173	0.29411855649072083	0.8389544736506538	[1873, 10, 734, 19, 241, 132, 1032, 370]	{8 4 3 2 }298250
120	0.25259222596693753	0.37743620239169784	0.29411855649072083	0.6834616477765454	[988, 420, 158, 10, 734, 19, 132, 1715]	{1 6 8 6 }341004
121	0.25438844063384136	0.3799886232091517	0.29411855649072083	0.6745167800974325	[1265, 193, 232, 10, 734, 19, 422, 432]	{4 1 6 4 }349468
122	0.2561803385311828	0.3822128349403051	0.29411855649072083	0.8616758384294778	[1792, 232, 1799, 1019, 10, 734, 19, 1987]	{7 6 7 2 }313569
123	0.25796793003327845	0.38474567226061174	0.29411855649072083	1.0324527176799556	[2627, 438, 1580, 1579, 1583, 162, 10, 494]	{5 1 5 1 }336418
124	0.25975122548951257	0.3869528186850595	0.29411855649072083	1.0879622909551663	[2309, 420, 158, 10, 301, 2627, 261, 217]	{8 5 1 8 }341363
125	0.2615302352243972	0.388426130011004	0.29411855649072083	0.8802372613213384	[107, 1549, 162, 1583, 1579, 1580, 438, 3366]	{4 8 3 3 }343410
126	0.26330496953763205	0.39010586781309786	0.29411855649072083	0.8115255041996038	[1742, 400, 19, 734, 10, 158, 420, 1582]	{8 4 1 1 }330747
127	0.2650754387041637	0.3920202955438742	0.29411855649072083	0.613645161613009	[2238, 1549, 162, 107, 10, 734, 19, 3308]	{6 5 6 5 }331677
128	0.2668416529742458	0.39451292370536517	0.29411855649072083	0.641921615407157	[107, 162, 10, 232, 1792, 496, 2728, 301]	{6 6 5 3 }344220
129	0.26860362257349746	0.3966850313610777	0.29411855649072083	0.6333731672144804	[1794, 1791, 420, 158, 10, 734, 19, 400]	{8 3 7 3 }358185
130	0.2703613577029633	0.39915853478570884	0.29411855649072083	0.7477836847950751	[241, 132, 217, 261, 2627, 438, 2729, 301]	{5 2 3 8 }346550
131	0.2721148685391722	0.40237598774395755	0.29411855649072083	0.7530068746976755	[87, 1265, 415, 10, 734, 19, 132, 217]	{8 4 2 2 }315574
132	0.273864165234196	0.4045198876603735	0.29411855649072083	0.6781017530482094	[1549, 162, 420, 158, 10, 734, 19, 3308]	{8 6 1 6 }353161
133	0.27560925791570867	0.4059509807648274	0.29411855649072083	0.820277311764656	[1549, 162, 107, 10, 734, 19, 409, 119]	{6 7 4 6 }323104
134	0.27735015668704466	0.40808205584977497	0.29411855649072083	0.7440758331832782	[394, 193, 1265, 415, 10, 734, 19, 132]	{7 2 3 1 }361377
135	0.27908687162725754	0.410855515604748	0.29411855649072083	0.7671398196578567	[1580, 438, 2627, 261, 217, 132, 19, 3308]	{7 7 3 6 }321624
136	0.2808194127911783	0.41327092210964833	0.29411855649072083	0.6823116424021393	[846, 10, 734, 19, 132, 1031, 241, 2872]	{2 6 1 3 }339070
137	0.2825477902094734	0.41567642579997865	0.29411855649072083	0.3193425374706503	[377, 162, 107, 10, 734, 19, 132, 241]	{5 1 4 2 }353443
138	0.28427201388870327	0.4180720672758351	0.29411855649072083	0.8835200039876718	[2238, 1549, 162, 846, 10, 158, 420, 1791]	{6 2 4 3 }344995
139	0.2859920938113798	0.4204578869708595	0.29411855649072083	0.5829177920490666	[359, 158, 10, 734, 19, 132, 241, 1126]	{4 7 6 2 }363811
140	0.28770803993602434	0.4235612837800832	0.29411855649072083	1.06629493677169	[1792, 232, 1799, 1019, 10, 734, 2229, 1529]	{2 4 4 6 }348735
141	0.2894198621972255	0.42592459848761743	0.29411855649072083	0.8675645614404268	[3869, 438, 2627, 301, 10, 158, 420, 1791]	{4 8 7 7 }360182
142	0.29112757050569615	0.4275013436699939	0.29411855649072083	0.8427144460378673	[837, 162, 1549, 107, 10, 438, 1580, 301]	{2 5 5 4 }370382
143	0.29283117474833154	0.4290737581923847	0.29411855649072083	1.018973643077656	[158, 10, 301, 1580, 438, 2627, 261, 217]	{4 1 2 6 }339477
144	0.29453068478826594	0.43141447255839627	0.29411855649072083	0.5898933704546431	[2636, 162, 1549, 107, 10, 734, 19, 3308]	{7 4 8 4 }360369
145	0.29622611046492986	0.4331992346074247	0.29411855649072083	0.9811594974472377	[19, 132, 241, 217, 261, 2627, 438, 3366]	{6 4 6 7 }363855
146	0.29791746159410726	0.4352325600572545	0.29411855649072083	0.3702963559559602	[1791, 420, 158, 10, 734, 19, 132, 217]	{2 1 8 4 }354809
147	0.2996047479679923	0.43700533731711944	0.29411855649072083	1.0428784645468783	[2796, 1791, 420, 158, 10, 438, 1580, 301]	{7 8 7 7 }373351
148	0.30128797935524576	0.4400201239918061	0.29411855649072083	1.1158429482040408	[377, 162, 1583, 1579, 1580, 438, 2729, 969]	{3 3 6 8 }361914
149	0.30296716550105185	0.4415581546571118	0.29411855649072083	0.5329952038510364	[2636, 162, 1549, 107, 10, 734, 19, 1987]	{2 6 2 1 }321403
150	0.30464231612717463	0.4435614935474521	0.29411855649072083	0.8261411797912966	[2636, 162, 10, 734, 19, 132, 1714, 2168]	{5 1 7 8 }334807
151	0.3063134409320143	0.4458428103104226	0.29411855649072083	0.5669664423045907	[2309, 420, 158, 10, 734, 19, 132, 1031]	{1 4 7 8 }362144
152	0.3079805495906631	0.44811477400721844	0.29411855649072083	0.9215064776263187	[420, 162, 10, 232, 1792, 496, 2728, 301]	{1 8 8 1 }369114
153	0.30964365175496167	0.4500945918619438	0.29411855649072083	0.7123439485339038	[2297, 400, 19, 734, 10, 158, 420, 1791]	{7 6 4 6 }370775
154	0.3113027570535547	0.4523491238741716	0.29411855649072083	0.40280709735251885	[1549, 107, 10, 734, 19, 132, 241, 1031]	{4 5 8 1 }361662
155	0.31295787509194684	0.45385329192993706	0.29411855649072083	0.9252266427907105	[1791, 420, 162, 107, 10, 438, 1580, 301]	{5 4 4 6 }309619
156	0.31460901545255804	0.45556761962686454	0.29411855649072083	0.5316671508538642	[377, 162, 1549, 107, 10, 734, 19, 3308]	{2 5 6 4 }346619
157	0.3162561876947795	0.4575207013485475	0.29411855649072083	0.8624069174244311	[432, 394, 193, 232, 10, 158, 420, 1582]	{2 6 5 4 }366067
158	0.31789940135502837	0.4597447873944035	0.29411855649072083	0.6150695573229844	[2149, 420, 158, 10, 734, 19, 132, 1031]	{3 6 2 5 }346174
159	0.3195386659468036	0.46263780632309415	0.29411855649072083	0.9403724733656578	[432, 394, 193, 232, 1792, 496, 2728, 301]	{7 4 1 7 }261159
160	0.3211739909607406	0.46484091298448815	0.29411855649072083	0.9276316553360595	[1580, 438, 3366, 496, 1792, 232, 10, 1873]	{6 2 3 4 }334623
161	0.32280538586466645	0.46676072794906864	0.29411855649072083	0.5438975860571336	[1879, 496, 1792, 232, 10, 734, 19, 132]	{1 3 4 4 }310670
162	0.32443286010365446	0.4686736558223381	0.29411855649072083	0.4894829601663889	[1579, 1580, 438, 10, 734, 19, 132, 241]	{3 1 7 6 }366675
163	0.326056423100079	0.47013298721198626	0.29411855649072083	0.5452426373289887	[377, 162, 107, 10, 734, 19, 132, 168]	{2 6 7 4 }369772
164	0.3276760842536699	0.47261570436894806	0.29411855649072083	0.500169331995343	[1579, 1580, 438, 2729, 496, 1792, 232, 10]	{1 2 6 1 }356778
165	0.3292918529415674	0.47450762826111936	0.29411855649072083	0.9810239425981355	[1791, 420, 158, 10, 232, 1879, 496, 3366]	{6 6 8 1 }361714
166	0.3309037385183756	0.47772358851281715	0.29411855649072083	0.7561241212438912	[87, 1265, 193, 232, 1792, 496, 2728, 301]	{8 7 5 3 }334477
167	0.3325117503162174	0.4801707395453998	0.29411855649072083	0.7323648309443788	[87, 1265, 193, 232, 10, 734, 2229, 1529]	{4 7 7 2 }349272
168	0.3341158976447879	0.48230196373640355	0.29411855649072083	0.6328168484142378	[1549, 162, 10, 232, 1792, 496, 2728, 301]	{7 6 6 5 }353825
169	0.3357161897914087	0.4839269924495635	0.29411855649072083	0.7100300800441012	[377, 162, 1549, 107, 10, 494, 2229, 1529]	{7 8 8 8 }311784
170	0.33731263602108175	0.48604281655121884	0.29411855649072083	0.8569716041608297	[1549, 162, 10, 232, 193, 1265, 808, 331]	{2 1 5 6 }353326
171	0.33890524557654256	0.48788657239107813	0.29411855649072083	0.4115028919152935	[2149, 420, 158, 10, 734, 19, 132, 241]	{2 1 5 4 }355599
172	0.34049402767831405	0.48949407129191524	0.29411855649072083	0.8398972324362269	[2238, 1549, 107, 10, 734, 19, 241, 1126]	{8 2 2 1 }365061
173	0.34207899152475973	0.49188607116612015	0.29411855649072083	1.0302919576492409	[3819, 438, 2627, 261, 217, 132, 19, 409]	{6 2 6 8 }341244
174	0.34366014629213726	0.4939692642052532	0.29411855649072083	0.5945882147588508	[2636, 162, 1549, 107, 10, 734, 19, 400]	{3 8 3 5 }301870
175	0.3452375011346511	0.4957845849251802	0.29411855649072083	0.8699353445379061	[320, 232, 1799, 1019, 10, 734, 19, 1460]	{3 2 5 5 }297276
176	0.3468110651845061	0.49736729235252164	0.29411855649072083	0.9675015714251498	[241, 132, 217, 496, 2729, 438, 1580, 301]	{4 3 8 2 }337024
177	0.34838084755195975	0.5004433537683108	0.29411855649072083	0.6486059469237553	[1579, 1580, 301, 2729, 496, 1792, 232, 2047]	{8 7 7 6 }303660
178	0.34994685732537534	0.5027840502573182	0.29411855649072083	0.500169331995343	[1579, 1580, 438, 2729, 496, 1792, 232, 10]	{2 3 2 3 }313410
179	0.35150910357127463	0.504822563170804	0.29411855649072083	0.808522005722285	[1792, 232, 1799, 1019, 10, 158, 420, 1791]	{2 7 7 3 }351643
180	0.3530675953343899	0.5068527184785039	0.29411855649072083	0.808278984070537	[193, 232, 10, 734, 19, 132, 1032, 1729]	{5 4 7 7 }322084
181	0.3546223416377169	0.5088745504453831	0.29411855649072083	0.886227797056727	[3136, 1468, 2307, 420, 158, 10, 232, 2047]	{4 7 4 3 }339865
182	0.35617335148256646	0.5104161691137674	0.29411855649072083	0.5862429475892403	[2627, 438, 10, 734, 19, 132, 241, 1031]	{1 8 7 4 }347058
183	0.3577206338486171	0.5134123727214316	0.29411855649072083	0.7382658583335895	[193, 232, 1792, 496, 2729, 438, 2627, 301]	{1 4 1 2 }360534
184	0.3592641976939669	0.5156923022536615	0.29411855649072083	1.0086883395972235	[1549, 162, 846, 10, 734, 19, 241, 2872]	{4 8 4 5 }354238
185	0.36080405195518517	0.5174296943453853	0.29411855649072083	0.9878924393690075	[811, 3284, 162, 1549, 107, 10, 232, 2047]	{2 4 3 8 }337047
186	0.36234020554736446	0.5189444588371863	0.29411855649072083	0.493481545650313	[1791, 420, 158, 10, 734, 19, 241, 1031]	{8 6 8 4 }312423
187	0.3638726673641719	0.5204544685576331	0.29411855649072083	0.5229092028783412	[377, 162, 107, 10, 734, 19, 132, 1031]	{4 7 2 8 }339286
188	0.36540144627790083	0.5224205353319504	0.29411855649072083	0.573962807042313	[320, 232, 1792, 496, 2729, 438, 2627, 301]	{6 8 8 7 }353859
189	0.36692655113952244	0.5246582566886833	0.29411855649072083	0.6674234191451528	[1579, 1580, 438, 2729, 301, 10, 232, 2047]	{8 4 1 2 }353767
190	0.36844799077873636	0.5258006261432049	0.29411855649072083	0.5712260593395756	[1579, 1580, 301, 10, 734, 19, 132, 241]	{2 7 4 6 }325997
191	0.3699657740040224	0.527289114691165	0.29411855649072083	0.7782096530803472	[988, 420, 158, 10, 734, 19, 400, 4079]	{2 3 1 3 }320865
192	0.3714799096026914	0.5292271604126388	0.29411855649072083	0.9111392989927871	[3135, 232, 10, 734, 19, 132, 241, 2872]	{8 5 2 4 }275024
193	0.3729904063409356	0.5309159979271025	0.29411855649072083	0.8569716041608297	[1549, 162, 10, 232, 193, 1265, 808, 331]	{7 2 7 3 }353992
194	0.37449727296388025	0.5325987769523959	0.29411855649072083	0.4411100299132249	[2636, 162, 1549, 107, 10, 734, 19, 132]	{3 2 4 3 }310482
195	0.3760005181956336	0.5340659264388037	0.29411855649072083	0.6236337952085094	[1849, 420, 158, 10, 734, 19, 422, 432]	{8 7 7 5 }315471
196	0.3775001507393376	0.5357374054973378	0.29411855649072083	0.6479983354571237	[2047, 232, 10, 734, 19, 132, 1714, 2168]	{8 6 7 2 }342316
197	0.3789961792772184	0.5376408144580358	0.29411855649072083	0.4858296718783282	[1849, 420, 158, 10, 734, 19, 132, 217]	{3 6 7 7 }354501
198	0.38048861247063637	0.5398072204710916	0.29411855649072083	0.8763806479755227	[855, 836, 320, 232, 10, 734, 19, 1987]	{8 1 8 2 }338266
199	0.38197745896013646	0.5412517430072803	0.29411855649072083	0.8334937294040963	[3819, 438, 1580, 301, 10, 158, 420, 1791]	{2 3 1 8 }348994
200	0.383462727365498	0.5431325439880267	0.2207872834051713	0.2207872834051713	[320, 232, 10, 734, 19, 132, 241, 1031]	{1 4 3 6 }360256
201	0.38494442628578507	0.5445666284969928	0.2207872834051713	0.44421749349124495	[1549, 162, 107, 10, 734, 19, 132, 1032]	{1 2 3 1 }360230
202	0.3864225642993957	0.5467005832780878	0.2207872834051713	0.6201089107861215	[432, 394, 193, 232, 10, 734, 19, 132]	{5 3 4 2 }364803
203	0.38789714996411195	0.5481234678869387	0.2207872834051713	1.0406163098073444	[10, 438, 2627, 261, 217, 132, 19, 1987]	{7 7 4 4 }347512
204	0.3893681918171492	0.5495418861308761	0.2207872834051713	0.7636847266851301	[2636, 162, 107, 232, 10, 158, 420, 1791]	{8 3 2 4 }344654
205	0.3908356983752058	0.5507791062922598	0.2207872834051713	0.698768125417399	[1791, 420, 162, 107, 10, 734, 19, 3308]	{8 5 3 5 }360203
206	0.3922996781345123	0.5523906289498529	0.2207872834051713	1.0275043633246965	[1792, 232, 10, 107, 1549, 162, 2636, 301]	{7 4 7 7 }318454
207	0.3937601395708803	0.5544879240037114	0.2207872834051713	0.7132405897528507	[846, 10, 734, 19, 132, 241, 4018, 2197]	{2 8 3 4 }323795
208	0.3952170911397521	0.5565753920815782	0.2207872834051713	1.1031570050425974	[2627, 301, 2728, 496, 217, 132, 19, 1460]	{5 3 8 7 }301843
209	0.39667054127624946	0.5581661213032243	0.2207872834051713	0.9475584863268263	[377, 162, 107, 734, 10, 158, 420, 1582]	{8 5 6 8 }258974
210	0.3981204983952221	0.5593796542952504	0.2207872834051713	0.6374029917736319	[2149, 420, 158, 10, 734, 19, 132, 168]	{4 2 3 1 }355056
211	0.3995669708912969	0.5609603235838915	0.2207872834051713	0.67938808259247	[377, 162, 1549, 107, 10, 734, 2229, 1529]	{3 7 3 8 }338155
212	0.401009967138926	0.5627603222572446	0.2207872834051713	0.8809369451211266	[1580, 301, 2627, 261, 217, 132, 19, 3308]	{2 8 1 3 }351279
213	0.4024494954924358	0.5648090296185966	0.2207872834051713	0.6084305264741027	[2051, 1849, 420, 158, 10, 734, 19, 1460]	{8 7 1 8 }350015
214	0.403885564286075	0.5668481376639072	0.2207872834051713	0.9673875442234835	[1580, 301, 2627, 261, 217, 132, 241, 1729]	{2 2 4 1 }354225
215	0.4053181818340631	0.5686239971578143	0.2207872834051713	0.8275027074035005	[1580, 1579, 1583, 162, 107, 10, 232, 2047]	{5 4 5 3 }349862
216	0.4067473564306381	0.5701715035455612	0.2207872834051713	0.9030960261110726	[1849, 420, 158, 10, 734, 19, 409, 119]	{2 3 3 3 }319587
217	0.4081730963501049	0.572185485463559	0.2207872834051713	0.571780156306666	[1794, 1791, 420, 158, 10, 734, 19, 1987]	{6 2 7 7 }345006
218	0.40959540984688314	0.5741900307732362	0.2207872834051713	1.0003332395089641	[2558, 415, 733, 734, 10, 158, 420, 1791]	{3 3 2 6 }320697
219	0.4110143051555549	0.5757175697253412	0.2207872834051713	0.9019292865825912	[320, 232, 193, 394, 432, 422, 19, 1987]	{6 4 1 4 }347204
220	0.41242979049091255	0.5772396288262944	0.2207872834051713	1.0504068683211378	[377, 162, 1549, 107, 232, 1792, 496, 3366]	{7 7 4 7 }371812
221	0.4138418740480061	0.5784007748652847	0.2207872834051713	0.36339977689689984	[2309, 420, 158, 10, 734, 19, 132, 241]	{4 5 1 3 }362739
222	0.4152505640021906	0.5799132083100442	0.2207872834051713	0.9561431107743056	[1849, 420, 158, 10, 494, 2229, 734, 19]	{4 1 1 1 }342996
223	0.4166558685091739	0.5821627359623376	0.2207872834051713	0.6922948885328926	[1580, 438, 2627, 261, 217, 132, 241, 1031]	{6 6 8 2 }360404
224	0.4180577957050633	0.5841205323890031	0.2207872834051713	0.8298657064369029	[377, 162, 107, 10, 734, 2229, 494, 2626]	{8 8 7 7 }345634
225	0.419456353706413	0.585119998577796	0.2207872834051713	0.6997073808099048	[734, 10, 107, 1549, 162, 1583, 1013, 156]	{6 1 3 2 }321232
226	0.420851550610271	0.5876590222926086	0.2207872834051713	0.7450694991046345	[1799, 232, 1792, 496, 2729, 438, 1580, 301]	{5 5 7 3 }331100
227	0.4222433944942261	0.5891382429556213	0.2207872834051713	0.36879448250521546	[394, 193, 232, 10, 734, 19, 132, 241]	{8 2 1 6 }340819
228	0.42363189341645446	0.5906121571031817	0.2207872834051713	0.6280179697604316	[1549, 162, 107, 10, 232, 1792, 496, 3366]	{8 6 5 4 }341352
229	0.4250170554157664	0.5920807837717369	0.2207872834051713	0.8133922477802392	[2627, 438, 2729, 301, 10, 734, 19, 400]	{8 2 5 5 }359262
230	0.42639888851165286	0.5939921087124149	0.2207872834051713	0.9550657075293041	[1743, 1742, 400, 19, 132, 1720, 241, 1031]	{5 2 1 7 }336643
231	0.4277774007043319	0.5951072426911711	0.2207872834051713	0.6162559286645557	[837, 162, 1549, 107, 10, 734, 19, 1460]	{8 4 8 6 }339995
232	0.42915259997479493	0.5967672439738694	0.2207872834051713	0.6588402520167402	[1791, 420, 158, 10, 232, 193, 394, 432]	{6 3 5 8 }363393
233	0.43052449428485307	0.5986566102817803	0.2207872834051713	1.0208817062567133	[394, 193, 1265, 415, 733, 734, 10, 1873]	{8 8 3 8 }339340
234	0.43189309157718303	0.5999164074732786	0.2207872834051713	0.6057148240511083	[1549, 162, 10, 734, 19, 132, 1032, 370]	{8 7 2 3 }364322
235	0.4332583997753733	0.6015566918814148	0.2207872834051713	0.7961510226531423	[1742, 1743, 193, 232, 10, 158, 420, 1791]	{8 2 1 4 }356025
236	0.4346204267839697	0.603190251362586	0.2207872834051713	1.1875931948781349	[157, 842, 193, 394, 432, 422, 19, 1987]	{7 6 6 6 }359413
237	0.4359791804885218	0.6048171134880127	0.2207872834051713	1.0541693953676838	[1468, 2307, 420, 158, 10, 734, 2229, 494]	{7 7 3 3 }336184
238	0.43733466875562776	0.6062347816873941	0.2207872834051713	0.8077337923994037	[2636, 162, 1549, 232, 10, 734, 19, 1987]	{3 7 7 7 }364431
239	0.43868689943298045	0.6078491616822982	0.2207872834051713	0.8804713199068049	[2051, 1849, 420, 158, 10, 438, 2729, 301]	{7 4 3 8 }319433
240	0.44003588034941277	0.6089262361283612	0.2207872834051713	0.7499317418922496	[320, 232, 107, 162, 10, 734, 19, 132]	{7 3 6 8 }314010
241	0.4413816193149427	0.610329163374393	0.2207872834051713	0.8473167650042569	[2051, 1849, 420, 158, 10, 438, 2627, 301]	{7 7 2 8 }319955
242	0.44272412412081874	0.6117270577978746	0.2207872834051713	0.26942594390034946	[1792, 232, 10, 734, 19, 132, 241, 1031]	{6 5 4 2 }290670
243	0.4440634025395652	0.6131199374534148	0.2207872834051713	1.082751623295515	[2627, 438, 1549, 162, 10, 158, 420, 1791]	{5 5 8 5 }361426
244	0.4453994623250269	0.614334334971174	0.2207872834051713	1.1287933081984014	[1582, 420, 162, 107, 10, 438, 1580, 301]	{2 2 1 3 }328239
245	0.4467323112124141	0.6153935973568122	0.2207872834051713	0.27942865957240903	[320, 232, 10, 734, 19, 132, 241, 1126]	{2 7 4 3 }347213
246	0.4480619569183474	0.6166008579677875	0.2207872834051713	0.9169879915783635	[1549, 162, 420, 158, 10, 438, 2627, 301]	{2 4 2 4 }312764
247	0.44938840714090234	0.6178043290469902	0.2207872834051713	0.8581573570493224	[3284, 162, 1549, 107, 10, 734, 19, 1460]	{1 8 6 1 }316158
248	0.450711669559654	0.6201433279597406	0.2207872834051713	0.9492939939935165	[320, 232, 193, 1265, 87, 1529, 2229, 494]	{1 4 4 1 }369486
249	0.4520317518357214	0.6219231645113661	0.2207872834051713	0.9729524840611083	[2047, 232, 10, 494, 2229, 734, 19, 3308]	{8 2 2 5 }321171
250	0.453348661611812	0.6231099291316917	0.2207872834051713	0.6107426521731344	[87, 1265, 193, 232, 10, 734, 19, 241]	{4 7 6 2 }370392
251	0.45466240651226575	0.6248758655320534	0.2207872834051713	1.0322857127636949	[19, 422, 432, 15, 1557, 158, 420, 1582]	{8 7 4 8 }315464
252	0.45597299414309944	0.6266335275531965	0.2207872834051713	0.7484306679118492	[1579, 1580, 301, 2627, 261, 217, 132, 19]	{6 3 2 5 }367306
253	0.4572804320920506	0.6278055065752464	0.2207872834051713	0.6637622058578585	[377, 162, 10, 734, 19, 132, 1032, 370]	{3 5 2 7 }324568
254	0.45858472792862137	0.6289738068126984	0.2207872834051713	0.8493994090737993	[813, 3284, 162, 107, 10, 734, 19, 132]	{8 5 1 8 }341310
255	0.45988588920412254	0.6301384398130772	0.2207872834051713	1.0277283726262587	[1549, 162, 107, 10, 415, 1265, 808, 331]	{2 2 7 8 }355749
256	0.461183923451717	0.6312994170876594	0.2207872834051713	0.454480653946287	[1791, 420, 158, 10, 734, 19, 132, 168]	{4 7 2 1 }364645
257	0.4624788381864636	0.6330269812516593	0.2207872834051713	0.7747927247472665	[1579, 1580, 301, 10, 734, 19, 132, 1031]	{6 7 8 6 }316566
258	0.4637706409053606	0.6345315171339183	0.2207872834051713	0.46305187616615934	[2654, 232, 10, 734, 19, 132, 241, 1031]	{8 5 2 6 }357040
259	0.46505933908738883	0.6367681473446603	0.2207872834051713	0.8360002166887709	[2636, 162, 1583, 1579, 1580, 438, 2627, 301]	{2 8 1 3 }371546
260	0.46634494019355544	0.6380711952854679	0.2207872834051713	0.5892998767552383	[2309, 420, 158, 10, 734, 19, 132, 168]	{3 4 6 7 }355563
261	0.46762745166693676	0.6390652624370885	0.2207872834051713	0.6705883535104707	[377, 162, 107, 420, 158, 10, 232, 2047]	{4 2 8 4 }346857
262	0.46890688093272137	0.6401982188538247	0.2207872834051713	0.521693252333397	[2654, 232, 10, 734, 19, 132, 241, 1126]	{5 6 4 8 }359064
263	0.47018323539825324	0.6414889618506023	0.2207872834051713	0.5619040897732602	[2047, 232, 10, 734, 19, 241, 132, 1032]	{2 5 3 8 }362906
264	0.4714565224530747	0.6426143103939004	0.2207872834051713	0.29411855649072083	[2047, 232, 10, 734, 19, 132, 241, 1031]	{2 3 7 4 }318055
265	0.47272674946896887	0.6442888580857241	0.2207872834051713	0.5895170305537488	[1579, 1580, 301, 2728, 496, 1792, 232, 10]	{5 4 3 8 }362892
266	0.4739939238000027	0.6459555596044811	0.2207872834051713	1.0284144348413524	[1580, 301, 2627, 261, 217, 132, 241, 89]	{4 3 3 6 }345380
267	0.4752580527825695	0.6476144517137896	0.2207872834051713	1.1318803665531711	[811, 734, 19, 132, 241, 1031, 227, 1811]	{3 2 7 8 }357041
268	0.47651914373543125	0.6488785899211301	0.2207872834051713	0.7888780039584707	[1820, 10, 734, 19, 132, 241, 4018, 2197]	{5 4 3 6 }354795
269	0.477777203959761	0.6503181365185744	0.2207872834051713	1.141885803736547	[2654, 232, 10, 494, 2229, 734, 19, 3308]	{2 1 1 2 }348469
270	0.47903224073918504	0.6517517811848157	0.2207872834051713	0.5954285011384068	[420, 158, 10, 232, 1792, 496, 2729, 301]	{5 5 8 8 }370080
271	0.4802842613398256	0.6528449152422016	0.2207872834051713	0.7289300545238664	[394, 193, 232, 10, 107, 162, 420, 1791]	{1 1 5 2 }325317
272	0.4815332730103422	0.6537984051600543	0.2207872834051713	0.44310970425036134	[320, 232, 10, 734, 19, 132, 241, 217]	{2 6 4 7 }353493
273	0.48277928298197414	0.6556522841114195	0.2207872834051713	0.6486059469237553	[1579, 1580, 301, 2728, 496, 1792, 232, 2047]	{7 1 8 7 }320869
274	0.48402229846858214	0.6568875876202672	0.2207872834051713	0.966290523451622	[1579, 1580, 301, 2627, 261, 217, 132, 168]	{3 7 6 8 }370989
275	0.48526232666669	0.6584952571909761	0.2207872834051713	0.9209787701791013	[1580, 438, 2729, 301, 10, 734, 2229, 494]	{1 7 7 6 }360683
276	0.4864993747555266	0.6593159816323888	0.2207872834051713	0.3949968548992396	[1265, 193, 232, 10, 734, 19, 132, 241]	{1 3 4 5 }347631
277	0.48773344989706724	0.660385372036026	0.2207872834051713	0.8313289556153272	[734, 10, 232, 1792, 496, 217, 132, 241]	{5 1 3 8 }363555
278	0.48896455923607496	0.6619766525710509	0.2207872834051713	0.8288332202098082	[1715, 132, 19, 734, 10, 438, 2627, 301]	{4 8 5 5 }339016
279	0.4901927099001423	0.6631892682147293	0.2207872834051713	0.6599140629346134	[2627, 438, 2729, 301, 10, 734, 19, 132]	{2 8 4 2 }344704
280	0.49141790899973226	0.6650304347514564	0.2207872834051713	0.7236311906561369	[2636, 162, 107, 10, 734, 19, 400, 4079]	{1 3 3 1 }314444
281	0.4926401636282195	0.6664037611395928	0.2207872834051713	0.5051155787649115	[2309, 420, 158, 10, 734, 19, 132, 217]	{1 6 3 2 }352711
282	0.49385948086193154	0.6674509033514173	0.2207872834051713	0.7433098192199504	[1849, 420, 162, 1549, 107, 10, 232, 2047]	{5 5 3 7 }355178
283	0.49507586776018964	0.6688143061711318	0.2207872834051713	0.8671220972077007	[1549, 162, 846, 10, 734, 19, 132, 168]	{5 2 7 1 }334186
284	0.4962893313653497	0.6700023926046696	0.2207872834051713	1.059624151195805	[837, 162, 420, 158, 10, 438, 2627, 301]	{2 5 7 8 }365229
285	0.49749987870284296	0.6710382388890439	0.2207872834051713	0.551532359870496	[2051, 1849, 420, 158, 10, 734, 19, 1987]	{1 2 3 5 }367145
286	0.4987075167812167	0.6719417593510797	0.2207872834051713	0.4211648028270305	[420, 158, 10, 734, 19, 132, 241, 2872]	{6 2 7 1 }348835
287	0.499912252592175	0.6729715180584738	0.2207872834051713	0.7187482815033093	[193, 232, 10, 107, 1549, 162, 420, 1791]	{4 7 5 4 }339799
288	0.5011140931106188	0.6745038256060965	0.2207872834051713	1.2415579966472512	[1529, 2229, 494, 10, 301, 2627, 261, 217]	{5 6 1 6 }305677
289	0.5023130452946867	0.6755255421133318	0.2207872834051713	0.6333731672144804	[1794, 1791, 420, 158, 10, 734, 19, 400]	{3 5 1 1 }361115
290	0.5035091160857952	0.6770458826594481	0.2207872834051713	0.5723611479129064	[394, 193, 232, 10, 734, 19, 132, 1031]	{6 4 8 2 }339167
291	0.5047023124086787	0.6783699474626846	0.2207872834051713	0.825822684786815	[1549, 162, 420, 158, 10, 734, 2229, 1529]	{7 8 6 8 }343593
292	0.5058926411714294	0.6792533307856936	0.2207872834051713	0.5053724480380157	[1549, 107, 10, 734, 19, 132, 241, 2872]	{6 7 8 2 }307822
293	0.5070801092655379	0.680568345373398	0.2207872834051713	0.8101426175003001	[2051, 1849, 420, 158, 10, 734, 19, 77]	{2 3 8 5 }359882
294	0.5082647235659328	0.681877968592986	0.2207872834051713	0.8955752259469703	[1873, 10, 734, 19, 132, 217, 261, 165]	{7 5 3 7 }341097
295	0.5094464909310201	0.6833685445418943	0.2207872834051713	0.9139616976473315	[846, 10, 232, 193, 394, 432, 422, 19]	{3 2 2 4 }354073
296	0.5106254182027237	0.6846666873530838	0.2207872834051713	0.5954285011384068	[420, 158, 10, 232, 1792, 496, 2729, 301]	{6 7 6 6 }293304
297	0.5118015122065243	0.6855327761634542	0.2207872834051713	0.2207872834051713	[320, 232, 10, 734, 19, 132, 241, 1031]	{4 5 7 8 }352198
298	0.5129747797514992	0.6865198733364903	0.2207872834051713	0.37199129458584634	[1792, 232, 10, 734, 19, 132, 241, 2872]	{7 4 5 6 }358622
299	0.5141452276303617	0.6876444433061856	0.2207872834051713	0.47989498236885464	[420, 158, 10, 734, 19, 132, 241, 1729]	{8 1 6 5 }360202
300	0.5153128626195008	0.6885023534655619	0.2207872834051713	0.5242764158818288	[359, 158, 10, 734, 19, 132, 241, 1031]	{8 4 6 2 }358876
301	0.5164776914790197	0.6896198115406615	0.2207872834051713	0.7961510226531423	[1742, 1743, 193, 232, 10, 158, 420, 1791]	{8 7 8 5 }363043
302	0.5176397209527754	0.6905940797103511	0.2207872834051713	0.863638673660891	[1849, 420, 158, 10, 107, 1549, 162, 3284]	{4 2 4 3 }318798
303	0.5187989577684178	0.6917040339843493	0.2207872834051713	0.5191529685340931	[1792, 232, 10, 734, 19, 132, 1032, 370]	{6 3 5 2 }369673
304	0.5199554086374283	0.6929680025039106	0.2207872834051713	0.5712260593395756	[1579, 1580, 301, 10, 734, 19, 132, 241]	{5 6 1 3 }373038
305	0.521109080255159	0.6940694406326832	0.2207872834051713	0.4321472194956394	[988, 420, 158, 10, 734, 19, 132, 241]	{5 1 3 2 }345024
306	0.5222599793008715	0.6953237113297976	0.2207872834051713	0.954829418509426	[193, 1743, 1742, 400, 19, 132, 241, 1031]	{2 8 3 6 }337833
307	0.5234081124377751	0.6962800752381515	0.2207872834051713	0.6280179697604316	[1549, 162, 107, 10, 232, 1792, 496, 3366]	{1 1 2 3 }377869
308	0.5245534863130658	0.6975252826556335	0.2207872834051713	1.3015788119508964	[420, 158, 1557, 734, 19, 132, 241, 89]	{2 1 8 7 }343668
309	0.5256961075579647	0.6986103721231476	0.2207872834051713	0.6915548535926916	[1549, 162, 107, 10, 232, 193, 394, 432]	{8 8 2 5 }347388
310	0.5268359827877562	0.6998460256630945	0.2207872834051713	1.1531095546396641	[1392, 1268, 841, 1820, 10, 734, 19, 241]	{6 8 6 4 }360609
311	0.5279731186018268	0.700788194248834	0.2207872834051713	0.9027688316799474	[1549, 162, 107, 10, 734, 651, 2308, 3284]	{3 7 6 8 }317542
312	0.5291075215837026	0.7020149190355325	0.2207872834051713	0.8856317894253344	[1580, 301, 2627, 261, 217, 132, 19, 400]	{8 1 4 5 }365497
313	0.5302391983010879	0.703411142342842	0.2207872834051713	1.1236371386864503	[1792, 232, 10, 107, 1794, 1791, 420, 1582]	{7 1 8 3 }355792
314	0.5313681553059033	0.7043421202023965	0.2207872834051713	0.6439759327792607	[320, 232, 10, 734, 19, 132, 1032, 1729]	{6 3 1 3 }350199
315	0.5324943991343231	0.705727439297658	0.2207872834051713	0.5723611479129064	[394, 193, 232, 10, 734, 19, 132, 1031]	{2 5 4 5 }350409
316	0.5336179363068136	0.7067831045744123	0.2207872834051713	0.6183400059172167	[2238, 1549, 162, 107, 10, 734, 19, 400]	{6 7 6 3 }346284
317	0.534738773328171	0.7078349827866374	0.2207872834051713	0.9652588650885232	[846, 10, 232, 1792, 496, 438, 1580, 301]	{4 2 8 3 }341889
318	0.5358569166875584	0.7090328167675595	0.2207872834051713	0.749602235399442	[377, 162, 107, 10, 232, 193, 394, 432]	{6 5 3 8 }344351
319	0.536972372858544	0.7105909203250604	0.2207872834051713	0.7671398196578567	[1580, 438, 2627, 261, 217, 132, 19, 1460]	{3 3 4 8 }344124
320	0.5380851482991382	0.7116291384839709	0.2207872834051713	1.0076365895448947	[3819, 438, 2627, 301, 10, 734, 19, 409]	{7 6 8 8 }320296
321	0.5391952494518312	0.7131733389680812	0.2207872834051713	0.82322681526833	[2875, 836, 320, 232, 10, 158, 420, 1791]	{1 2 8 8 }324457
322	0.5403026827436301	0.714517278966669	0.2207872834051713	0.8793176514714681	[394, 193, 232, 10, 734, 2229, 494, 2626]	{8 2 7 1 }368293
323	0.5414074545860965	0.7160460137136792	0.2207872834051713	0.7328105212229479	[2627, 438, 2729, 496, 1792, 232, 10, 1873]	{4 8 8 8 }350520
324	0.5425095713753831	0.7172101836647438	0.2207872834051713	0.47459189989497363	[87, 1265, 193, 232, 10, 158, 420, 1791]	{6 8 7 8 }347873
325	0.5436090394922712	0.7180978470112201	0.2207872834051713	0.4629630727915729	[1799, 232, 10, 734, 19, 132, 241, 1126]	{1 5 2 3 }362708
326	0.5447058653022072	0.7192536047448659	0.2207872834051713	0.8535713118027233	[19, 734, 10, 232, 1792, 496, 2729, 969]	{7 1 1 8 }372477
327	0.5458000551553399	0.7201348538929183	0.2207872834051713	0.45541408671804184	[2047, 232, 10, 734, 19, 132, 241, 1729]	{5 7 1 4 }341092
328	0.5468916153865568	0.7211388344074925	0.2207872834051713	0.9952088683880524	[3819, 438, 1580, 301, 10, 734, 19, 409]	{5 7 5 7 }353302
329	0.5479805523155213	0.7221392132700294	0.2207872834051713	0.7484306679118492	[1579, 1580, 301, 2627, 261, 217, 132, 19]	{4 4 1 5 }351214
330	0.5490668722467089	0.7234411432370066	0.2207872834051713	0.7910998227613809	[1580, 301, 2728, 496, 1792, 232, 10, 1873]	{2 6 6 7 }357241
331	0.5501505814694436	0.7243092479073703	0.2207872834051713	0.6875862849499039	[1580, 438, 2627, 301, 10, 734, 19, 1987]	{1 2 2 7 }356213
332	0.5512316862579348	0.7254395398027939	0.2207872834051713	0.9332014804928604	[1879, 1794, 1791, 420, 158, 10, 232, 2047]	{3 6 6 4 }353754
333	0.5523101928713134	0.7264244904332844	0.2207872834051713	0.6781585653026645	[87, 1265, 193, 232, 10, 158, 420, 1582]	{3 6 7 4 }341926
334	0.5533861075536677	0.7274059076790196	0.2207872834051713	0.3185994521415336	[420, 158, 10, 734, 19, 132, 241, 1031]	{6 4 8 1 }355157
335	0.5544594365340798	0.7281546097148133	0.2207872834051713	0.5169954825889849	[241, 132, 19, 734, 10, 494, 2229, 1529]	{4 1 8 5 }306971
336	0.5555301860266624	0.7291298203783045	0.2207872834051713	0.8999337051380446	[1579, 1580, 438, 2729, 496, 217, 132, 19]	{4 7 2 2 }355715
337	0.556598362230593	0.7303989955223045	0.2207872834051713	0.7684305123351599	[87, 1265, 193, 394, 432, 422, 19, 132]	{6 6 8 8 }354219
338	0.5576639713301517	0.7315043203402252	0.2207872834051713	0.8682190604986966	[1791, 420, 107, 10, 734, 19, 422, 432]	{8 5 5 8 }370625
339	0.558727019494756	0.7326051134875182	0.2207872834051713	0.6894777533848117	[2309, 420, 162, 10, 734, 19, 132, 241]	{4 3 5 6 }363533
340	0.5597875128789963	0.7333395354780616	0.2207872834051713	0.4726765573913526	[377, 162, 10, 734, 19, 132, 241, 1126]	{4 5 7 3 }341506
341	0.5608454576226725	0.7344328045108137	0.2207872834051713	1.1530981023731102	[1549, 162, 107, 232, 193, 1265, 808, 331]	{2 2 4 6 }322026
342	0.5619008598508284	0.7355215912999001	0.2207872834051713	0.4917483647455395	[1792, 232, 10, 734, 19, 132, 241, 217]	{6 7 8 1 }363865
343	0.5629537256737882	0.7364703738566208	0.2207872834051713	0.8397558536764611	[1549, 162, 107, 10, 494, 2229, 1529, 156]	{1 4 5 7 }349620
344	0.5640040611871913	0.7374157527769375	0.2207872834051713	1.068544236780231	[107, 162, 10, 232, 193, 1743, 1742, 400]	{6 4 4 4 }372481
345	0.5650518724720273	0.738492309912965	0.2207872834051713	0.5316671508538642	[377, 162, 1549, 107, 10, 734, 19, 3308]	{2 5 4 2 }345941
346	0.5660971655946722	0.7398926604875966	0.2207872834051713	0.739454418296801	[846, 10, 734, 19, 132, 1032, 370, 4612]	{5 7 3 5 }348003
347	0.5671399466069225	0.7409590626630755	0.2207872834051713	0.7199215301143157	[2238, 1549, 107, 10, 734, 19, 132, 1031]	{8 7 3 3 }352089
348	0.568180221546031	0.742172811328232	0.2207872834051713	0.7979244615333643	[420, 1791, 1792, 232, 10, 734, 19, 1987]	{2 4 3 5 }319647
349	0.569217996434741	0.7428809548518056	0.2207872834051713	0.454480653946287	[1791, 420, 158, 10, 734, 19, 132, 168]	{2 5 3 6 }317394
350	0.5702532772813219	0.7438033366304782	0.2207872834051713	1.051693226275542	[1580, 438, 1549, 162, 10, 158, 420, 1791]	{3 3 1 7 }346422
351	0.5712860700796036	0.744507001782555	0.2207872834051713	0.4146291755846023	[1549, 162, 10, 734, 19, 132, 241, 1126]	{1 2 7 3 }337575
352	0.5723163808090113	0.7453089817574284	0.2207872834051713	0.26942594390034946	[1792, 232, 10, 734, 19, 132, 241, 1031]	{5 4 2 3 }334506
353	0.5733442154346	0.7460085115316543	0.2207872834051713	0.7795583161299493	[320, 232, 1549, 162, 10, 158, 420, 1791]	{3 6 3 2 }309926
354	0.5743695799070891	0.7473686135107196	0.2207872834051713	0.5592582483653494	[1579, 1580, 438, 2729, 496, 1792, 232, 2047]	{1 7 3 6 }313216
355	0.5753924801628971	0.7480624863373808	0.2207872834051713	0.7699925478226405	[1791, 420, 158, 10, 162, 1583, 1013, 156]	{5 4 5 6 }345617
356	0.5764129221241756	0.7492429515721599	0.2207872834051713	0.8405378503185871	[1529, 2229, 494, 10, 734, 19, 241, 1126]	{6 4 3 1 }341373
357	0.5774309116988436	0.7501425104990773	0.2207872834051713	0.7705533893840184	[377, 162, 1549, 107, 10, 438, 2627, 301]	{2 3 8 2 }367362
358	0.5784464547806221	0.7513132296814535	0.2207872834051713	0.9265963181452732	[1529, 2229, 734, 19, 132, 1031, 241, 1126]	{1 4 2 7 }344613
359	0.5794595572490676	0.7520938452411867	0.2207872834051713	0.5960468963358099	[1791, 420, 158, 10, 734, 19, 241, 2872]	{4 2 4 1 }349155
360	0.580470224969607	0.7531102243377744	0.2207872834051713	0.8947684270691777	[1579, 1580, 301, 10, 734, 19, 241, 1126]	{8 1 8 4 }349650
361	0.5814784637935708	0.7541224364282264	0.2207872834051713	0.8517829819693437	[377, 162, 107, 10, 158, 1557, 15, 432]	{8 2 8 1 }371364
362	0.582484279558227	0.7551304985966601	0.2207872834051713	0.7895962986865853	[2309, 420, 158, 10, 734, 19, 241, 1729]	{6 8 2 7 }355276
363	0.5834876780868156	0.7558991319367236	0.2207872834051713	0.5775187919289021	[241, 132, 19, 734, 10, 438, 2627, 301]	{8 5 4 7 }348145
364	0.5844886651885814	0.7565695749947587	0.2207872834051713	0.7834547475592385	[107, 10, 734, 19, 132, 1032, 370, 4612]	{8 5 6 5 }344288
365	0.5854872466588084	0.7577101798599437	0.2207872834051713	0.6479983354571237	[2047, 232, 10, 734, 19, 132, 1714, 2168]	{4 8 1 7 }367285
366	0.5864834282788529	0.7585793636853824	0.2207872834051713	0.5408150808620928	[1549, 162, 107, 10, 734, 19, 422, 432]	{2 8 7 4 }362600
367	0.5874772158161772	0.7597105515898136	0.2207872834051713	1.0917582435860516	[193, 842, 157, 10, 734, 19, 241, 1031]	{4 3 3 5 }364837
368	0.5884686150243825	0.760695703300679	0.2207872834051713	0.6106733468314501	[241, 132, 19, 734, 10, 438, 2729, 301]	{3 4 7 6 }319211
369	0.5894576316432434	0.7615541769415806	0.2207872834051713	1.0325449394448478	[1549, 107, 10, 232, 1792, 1791, 420, 1582]	{8 6 3 8 }308601
370	0.5904442713987395	0.7628310332559293	0.2207872834051713	0.882828827968773	[241, 132, 19, 734, 10, 1917, 420, 1791]	{7 5 1 3 }313916
371	0.5914285400030896	0.7635754949958485	0.2207872834051713	0.8155105063951507	[377, 162, 107, 232, 10, 734, 19, 3308]	{5 8 5 6 }318130
372	0.5924104431547851	0.7646832732887667	0.2207872834051713	0.9635382701649551	[2309, 420, 158, 1557, 15, 432, 422, 19]	{7 6 3 5 }319818
373	0.5933899865386218	0.7655274420309547	0.2207872834051713	0.7207227601233934	[1586, 107, 10, 734, 19, 132, 241, 1031]	{5 4 3 2 }337030
374	0.5943671758257337	0.7664887453389546	0.2207872834051713	0.7720180866333154	[1794, 1791, 420, 158, 10, 734, 2229, 494]	{6 2 8 2 }345815
375	0.5953420166736256	0.7674660524873687	0.2207872834051713	0.6901763035950244	[1849, 420, 158, 10, 734, 19, 400, 4079]	{8 3 3 6 }343569
376	0.596314514726206	0.7683002383641279	0.2207872834051713	1.0664161478884406	[2636, 162, 420, 158, 10, 438, 2729, 301]	{8 8 4 3 }361601
377	0.5972846756138193	0.7690275325377895	0.2207872834051713	0.9389452031803679	[837, 162, 1549, 107, 420, 158, 10, 1873]	{7 5 4 5 }363441
378	0.5982525049532789	0.7704410607154433	0.2207872834051713	1.055457086958556	[1791, 420, 1879, 496, 2729, 438, 1580, 301]	{1 6 5 2 }362784
379	0.5992180083478995	0.7712645741296498	0.2207872834051713	0.7301225909934315	[2309, 420, 158, 10, 232, 1792, 496, 3366]	{8 3 5 6 }324572
380	0.6001811913875297	0.7718928147402555	0.2207872834051713	0.8163518878279548	[2636, 162, 1549, 107, 10, 438, 1580, 301]	{5 4 7 4 }350405
381	0.6011420596485841	0.7729616218348712	0.2207872834051713	0.6637622058578585	[377, 162, 10, 734, 19, 132, 1032, 370]	{3 8 7 1 }357470
382	0.6021006186940759	0.7741773922897329	0.2207872834051713	0.9228473807437476	[1580, 438, 2627, 301, 10, 494, 2229, 1529]	{5 7 3 6 }364794
383	0.6030568740736487	0.7749875020909895	0.2207872834051713	0.6859444391123852	[1549, 162, 107, 734, 10, 158, 420, 1791]	{6 2 4 1 }351887
384	0.604010831323609	0.7756055173745531	0.2207872834051713	0.32335263409066817	[320, 232, 10, 734, 19, 132, 241, 2872]	{5 7 8 4 }351367
385	0.6049624959669582	0.7762218352284438	0.2207872834051713	0.6162559286645557	[837, 162, 1549, 107, 10, 734, 19, 1460]	{4 3 3 7 }349943
386	0.6059118735134243	0.7772703584911176	0.2207872834051713	0.7965154077871777	[1529, 2229, 494, 10, 734, 19, 422, 432]	{6 2 6 8 }353253
387	0.6068589694594942	0.7780693726706377	0.2207872834051713	0.9217306513724774	[3819, 438, 2627, 261, 217, 132, 19, 1987]	{1 1 6 2 }313298
388	0.6078037892884451	0.7788655204887038	0.2207872834051713	0.3559877994173646	[1549, 162, 10, 734, 19, 132, 241, 1031]	{4 3 6 7 }344695
389	0.6087463384703768	0.7797721396193532	0.2207872834051713	1.007466113681376	[1792, 232, 193, 394, 432, 422, 19, 1460]	{1 3 3 3 }352208
390	0.6096866224622426	0.7805621789781805	0.2207872834051713	1.0982573629480608	[249, 318, 158, 10, 734, 19, 241, 1031]	{3 7 3 1 }312713
391	0.6106246467078815	0.7813493841715783	0.2207872834051713	0.8535904187602136	[1580, 438, 2627, 261, 217, 132, 241, 1729]	{5 7 7 2 }317724
392	0.6115604166380499	0.7820357177173567	0.2207872834051713	0.7692171100620038	[107, 10, 734, 19, 132, 241, 1031, 227]	{1 2 7 4 }357636
393	0.612493937670452	0.7832028971905189	0.2207872834051713	0.6486059469237553	[1579, 1580, 301, 2728, 496, 1792, 232, 2047]	{7 1 6 5 }351959
394	0.6134252152097724	0.7842187103544533	0.2207872834051713	0.7197266152812417	[1549, 162, 1583, 1579, 1580, 438, 2627, 301]	{6 5 3 6 }346532
395	0.6143542546477068	0.7848113713672737	0.2207872834051713	0.6074127555416377	[193, 232, 10, 734, 19, 132, 241, 89]	{2 4 1 8 }341660
396	0.6152810613629928	0.7855833331249645	0.2207872834051713	0.8595464587295538	[193, 1265, 87, 415, 10, 158, 420, 1791]	{1 3 8 8 }369554
397	0.616205640721442	0.786352525568314	0.2207872834051713	0.44421749349124495	[1549, 162, 107, 10, 734, 19, 132, 1032]	{6 5 7 7 }359143
398	0.6171279980759704	0.7872284490695373	0.2207872834051713	0.37724082830877137	[420, 158, 10, 734, 19, 132, 241, 1126]	{1 7 3 2 }346161
399	0.6180481387666295	0.787896328519305	0.2207872834051713	0.3527599326579586	[2047, 232, 10, 734, 19, 132, 241, 1126]	{3 7 5 6 }353094
400	0.6189660681206373	0.7886572233867022	0.2207872834051713	0.775286683250948	[1792, 232, 10, 734, 19, 132, 670, 673]	{8 1 6 3 }320792
401	0.6198817914524092	0.7896474800451361	0.2207872834051713	1.0254890236257457	[320, 232, 1792, 496, 2729, 301, 10, 1873]	{1 8 3 7 }362014
402	0.6207953140635885	0.7904020928797956	0.2207872834051713	0.9127002914367466	[193, 1265, 87, 415, 10, 734, 19, 1987]	{3 4 3 4 }365345
403	0.6217066412430774	0.7911539986371624	0.2207872834051713	0.7100300800441012	[377, 162, 1549, 107, 10, 494, 2229, 1529]	{1 1 4 2 }367574
404	0.6226157782670674	0.7916559097274738	0.2207872834051713	0.26129515566389994	[1549, 162, 107, 10, 734, 19, 132, 241]	{6 5 4 2 }316269
405	0.6235227303990702	0.7924033175768251	0.2207872834051713	0.8347254294581505	[320, 232, 10, 734, 19, 241, 1031, 227]	{1 5 5 6 }363133
406	0.6244275028899477	0.7931480441958496	0.2207872834051713	0.675006914576907	[377, 162, 1549, 107, 10, 734, 2229, 494]	{1 4 7 5 }356503
407	0.6253301009779426	0.7941172588992218	0.2207872834051713	0.8416398186986569	[190, 195, 10, 734, 19, 132, 241, 1126]	{3 6 7 1 }356637
408	0.6262305298887088	0.7948558369723671	0.2207872834051713	0.9535158370165906	[1726, 132, 217, 261, 2627, 438, 1580, 301]	{5 6 5 2 }336424
409	0.6271287948353417	0.7955917654908814	0.2207872834051713	0.8594132670874113	[1265, 415, 733, 734, 19, 132, 241, 1126]	{1 8 6 3 }352531
410	0.6280249010184079	0.7962333929011012	0.2207872834051713	0.3850903346964476	[193, 232, 10, 734, 19, 132, 241, 1031]	{1 2 8 3 }343700
411	0.6289188536259762	0.7969643796134298	0.2207872834051713	0.9594511437023922	[1794, 1791, 420, 162, 10, 734, 19, 400]	{6 1 2 7 }331400
412	0.629810657833647	0.7976927440041661	0.2207872834051713	0.47989498236885453	[1715, 132, 19, 734, 10, 158, 420, 1791]	{2 5 7 4 }345350
413	0.6307003188045821	0.7984184954805542	0.2207872834051713	0.999689175467043	[300, 301, 2627, 438, 10, 734, 19, 1987]	{3 1 6 2 }353402
414	0.6315878416895351	0.7989721556186996	0.2207872834051713	0.586384985424073	[420, 158, 10, 734, 19, 241, 132, 1032]	{6 5 4 2 }326464
415	0.6324732316268808	0.7996031721503094	0.2207872834051713	0.8750162745602816	[1792, 232, 1549, 107, 10, 158, 420, 1791]	{5 2 6 1 }340812
416	0.6333564937426458	0.8000847776859895	0.2207872834051713	0.5293184125067912	[1549, 162, 420, 158, 10, 734, 19, 132]	{8 2 3 2 }335864
417	0.6342376331505366	0.8006338612433705	0.2207872834051713	0.3185994521415336	[420, 158, 10, 734, 19, 132, 241, 1031]	{3 4 8 1 }360081
418	0.6351166549519708	0.8012596617626261	0.2207872834051713	0.7747324653297196	[1879, 836, 320, 232, 10, 158, 420, 1791]	{3 3 7 8 }345666
419	0.6359935642361056	0.801883497924783	0.2207872834051713	0.787414617018555	[320, 232, 1792, 496, 3366, 438, 1580, 301]	{1 4 4 3 }368309
420	0.6368683660798682	0.8025053758958618	0.2207872834051713	0.551532359870496	[2051, 1849, 420, 158, 10, 734, 19, 1987]	{8 1 6 7 }349766
421	0.6377410655479837	0.803125301822528	0.2207872834051713	0.3949968548992396	[1265, 193, 232, 10, 734, 19, 132, 241]	{1 3 4 7 }366689
422	0.6386116676930063	0.8038315646906709	0.2207872834051713	0.40301095753191163	[1549, 162, 107, 10, 734, 19, 132, 217]	{2 4 7 5 }357252
423	0.6394801775553467	0.8047507212492839	0.2207872834051713	1.1144412867112434	[846, 10, 1820, 733, 734, 19, 132, 1031]	{3 6 1 1 }338985
424	0.6403466001633031	0.8054511531325574	0.2207872834051713	0.6079588387919129	[1742, 400, 19, 734, 10, 158, 420, 1791]	{7 1 8 8 }313347
425	0.641210940533089	0.8062487750448237	0.2207872834051713	0.5898933704546431	[2636, 162, 1549, 107, 10, 734, 19, 1460]	{7 3 7 2 }346229
426	0.6420732036688623	0.8068569506253889	0.2207872834051713	0.37199129458584634	[1792, 232, 10, 734, 19, 132, 241, 2872]	{2 1 5 4 }347579
427	0.642933394562755	0.8076488089728614	0.2207872834051713	1.1479278641164765	[1265, 193, 232, 1799, 10, 734, 19, 409]	{2 3 2 6 }339613
428	0.6437915181949017	0.8082525899156782	0.2207872834051713	1.0095396242644572	[1726, 132, 19, 734, 10, 162, 420, 1582]	{3 6 1 5 }353297
429	0.6446475795334683	0.8088544756197653	0.2207872834051713	1.0416330098489617	[320, 232, 10, 107, 162, 3284, 813, 669]	{5 8 2 8 }358132
430	0.6455015835346811	0.809379472482382	0.2207872834051713	0.4411100299132249	[2636, 162, 1549, 107, 10, 734, 19, 132]	{3 5 8 5 }332238
431	0.6463535351428551	0.8104002285647635	0.2207872834051713	0.9132411225212023	[3819, 438, 2729, 496, 1792, 232, 10, 1873]	{7 3 8 8 }366349
432	0.6472034392904229	0.8111775599891973	0.2207872834051713	0.8668763668899893	[87, 1265, 193, 232, 10, 734, 19, 1126]	{2 7 1 1 }363195
433	0.6480513008979631	0.8121886874718517	0.2207872834051713	0.7349340119162346	[394, 432, 422, 19, 734, 10, 232, 2047]	{3 8 4 4 }338744
434	0.6488971248742291	0.812704526648107	0.2207872834051713	0.7517702901971454	[2051, 1849, 420, 158, 10, 734, 2229, 494]	{1 6 8 8 }359069
435	0.6497409161161771	0.8133764252690281	0.2207872834051713	1.0913271329210352	[394, 193, 232, 1792, 496, 438, 1580, 301]	{1 8 8 2 }349465
436	0.6505826795089948	0.813962227505558	0.2207872834051713	0.7071598277099005	[2238, 1549, 162, 107, 10, 158, 420, 1582]	{1 5 4 5 }308401
437	0.6514224199261295	0.8145461909376346	0.2207872834051713	0.551532359870496	[2051, 1849, 420, 158, 10, 734, 19, 1987]	{4 8 5 4 }353783
438	0.652260142229316	0.8154151436040035	0.2207872834051713	0.7688922513275396	[432, 394, 193, 232, 10, 734, 19, 3308]	{4 8 8 3 }338777
439	0.6530958512686056	0.8160773182323373	0.2207872834051713	0.749602235399442	[377, 162, 107, 10, 232, 193, 394, 432]	{4 4 3 1 }277620
440	0.6539295518823933	0.8168313744166982	0.2207872834051713	0.9928376930848969	[1580, 438, 2627, 261, 217, 132, 241, 331]	{3 5 8 6 }274927
441	0.6547612488974466	0.8174884684976331	0.2207872834051713	0.47989498236885464	[420, 158, 10, 734, 19, 132, 241, 1729]	{2 3 6 7 }352406
442	0.6555909471289323	0.8184861627296067	0.2207872834051713	0.7148569160899233	[394, 193, 232, 10, 734, 19, 400, 4079]	{2 7 5 7 }346428
443	0.6564186513804459	0.8194784030936941	0.2207872834051713	1.0750110837860447	[734, 19, 132, 217, 493, 654, 400, 4079]	{7 3 6 4 }306562
444	0.6572443664440382	0.8199742204680096	0.2207872834051713	0.4140351812241149	[377, 162, 10, 734, 19, 132, 241, 1031]	{8 6 3 7 }347962
445	0.6580680971002433	0.8204686760392339	0.2207872834051713	0.9032767126928167	[1851, 159, 10, 734, 19, 132, 1032, 370]	{6 2 4 4 }345655
446	0.6588898481181069	0.8210322160488763	0.2207872834051713	0.9782991307374105	[1879, 836, 320, 232, 10, 158, 420, 1582]	{3 2 7 7 }358282
447	0.6597096242552133	0.8215237657484492	0.2207872834051713	0.8301278370710272	[837, 162, 107, 10, 734, 19, 241, 1729]	{8 3 5 1 }320059
448	0.6605274302577127	0.8221640264740008	0.2207872834051713	0.63369547406758	[394, 193, 232, 10, 734, 19, 241, 1031]	{7 4 1 5 }361824
449	0.6613432708603496	0.8226524675633972	0.2207872834051713	0.3185994521415336	[420, 158, 10, 734, 19, 132, 241, 1031]	{1 5 6 8 }365628
450	0.6621571507864894	0.8233795665939773	0.2207872834051713	0.4711263834307338	[1019, 1799, 232, 10, 734, 19, 132, 241]	{3 4 1 6 }365748
451	0.662969074748146	0.8239339694611139	0.2207872834051713	0.3559877994173646	[1549, 162, 10, 734, 19, 132, 241, 1031]	{5 2 6 3 }369537
452	0.6637790474460092	0.8244175492569055	0.2207872834051713	0.8111024165790848	[87, 1265, 193, 232, 10, 438, 1580, 301]	{4 3 5 7 }370940
453	0.664587073569472	0.8248998008611194	0.2207872834051713	0.559357762060949	[837, 162, 1549, 107, 10, 734, 19, 1987]	{3 2 3 5 }355300
454	0.6653931577966572	0.8258374469563474	0.2207872834051713	0.9311334739777354	[1265, 193, 394, 432, 422, 19, 132, 1031]	{4 3 5 7 }354510
455	0.666197304794445	0.8267700720395823	0.2207872834051713	0.8109285519905401	[377, 162, 1583, 1579, 1580, 438, 2729, 301]	{4 2 4 5 }343809
456	0.6669995192185001	0.8276977029978996	0.2207872834051713	0.5846438992057731	[87, 1265, 193, 232, 10, 734, 19, 3308]	{5 3 3 2 }316468
457	0.6677998057132982	0.8281709453907886	0.2207872834051713	0.8405378503185871	[1529, 2229, 494, 10, 734, 19, 241, 1126]	{6 2 8 7 }291014
458	0.6685981689121532	0.8288900960099679	0.2207872834051713	0.7410592884839474	[1265, 193, 232, 10, 734, 19, 400, 4079]	{7 3 8 7 }357352
459	0.6693946134372437	0.829427201595874	0.2207872834051713	0.7194973450158514	[1555, 2229, 494, 10, 734, 19, 132, 241]	{1 6 5 4 }353022
460	0.6701891438996405	0.8301265252044915	0.2207872834051713	0.6875862849499039	[1580, 438, 2627, 301, 10, 734, 19, 1987]	{5 8 8 4 }311742
461	0.6709817648993324	0.8305347752087684	0.2207872834051713	0.22858055408794858	[1791, 420, 158, 10, 734, 19, 132, 241]	{6 7 4 2 }355551
462	0.6717724810252532	0.8313288126010638	0.2207872834051713	0.7514873387713863	[1265, 415, 733, 734, 10, 158, 420, 1791]	{8 7 8 8 }344561
463	0.6725612968553089	0.831858263175349	0.2207872834051713	0.5669664423045907	[2309, 420, 158, 10, 734, 19, 132, 1031]	{1 5 4 7 }342606
464	0.6733482169564027	0.8327586473197066	0.2207872834051713	1.0073541057928765	[1743, 1742, 400, 19, 132, 241, 1729, 1032]	{3 3 5 1 }367844
465	0.6741332458844631	0.8334443124864899	0.2207872834051713	0.571780156306666	[1794, 1791, 420, 158, 10, 734, 19, 1987]	{3 2 7 4 }360289
466	0.6749163881844692	0.8343362034769234	0.2207872834051713	1.1022093207151589	[2040, 438, 2627, 261, 217, 132, 19, 400]	{7 3 7 1 }344122
467	0.6756976483904773	0.8348562139989336	0.2207872834051713	0.6030838907072111	[1792, 232, 10, 107, 1549, 162, 420, 1791]	{4 8 5 7 }370195
468	0.6764770310256473	0.8353745922334515	0.2207872834051713	0.715803966495503	[1791, 420, 158, 10, 734, 19, 241, 89]	{8 4 7 2 }324233
469	0.6772545406022688	0.8361459524322743	0.2207872834051713	1.1036943816103435	[3819, 438, 2627, 301, 10, 734, 2229, 1529]	{1 1 8 5 }363442
470	0.6780301816217869	0.8366602822411853	0.2207872834051713	0.6628173201961995	[2149, 420, 158, 10, 734, 19, 132, 1715]	{2 8 6 6 }355917
471	0.678803958574829	0.8373299512735419	0.2207872834051713	0.571780156306666	[1794, 1791, 420, 158, 10, 734, 19, 1987]	{8 3 6 1 }351758
472	0.6795758759412301	0.8380921495443344	0.2207872834051713	0.5367126567672513	[1265, 193, 232, 10, 734, 19, 132, 217]	{7 2 1 5 }349769
473	0.6803459381900592	0.8386003703360828	0.2207872834051713	0.6705883535104707	[377, 162, 107, 420, 158, 10, 232, 2047]	{2 8 8 5 }362101
474	0.6811141497796445	0.8391793709208146	0.2207872834051713	0.4705143080389149	[320, 232, 10, 734, 19, 132, 1032, 370]	{2 1 8 2 }360406
475	0.6818805151576002	0.8397562944148008	0.2207872834051713	0.9750353733851138	[377, 162, 420, 158, 10, 438, 2627, 301]	{2 7 7 7 }348984
476	0.6826450387608515	0.8404132702485594	0.2207872834051713	0.6922948885328926	[1580, 438, 2627, 261, 217, 132, 241, 1031]	{3 5 5 2 }358496
477	0.6834077250156605	0.8409142051564008	0.2207872834051713	0.7991667635868108	[3131, 162, 10, 734, 19, 132, 241, 1126]	{6 3 8 7 }336449
478	0.6841685783376521	0.8415664337249105	0.2207872834051713	0.9101439688359392	[2636, 162, 107, 734, 19, 132, 241, 1126]	{3 5 7 8 }303782
479	0.6849276031318388	0.8424148314737507	0.2207872834051713	0.5592582483653494	[1579, 1580, 438, 2729, 496, 1792, 232, 2047]	{2 4 3 7 }346340
480	0.6856848037926471	0.8430609076931095	0.2207872834051713	0.6328168484142378	[1549, 162, 10, 232, 1792, 496, 2729, 301]	{4 1 8 3 }334111
481	0.6864401847039425	0.843623906669019	0.2207872834051713	0.6483144077034084	[394, 193, 232, 10, 734, 19, 422, 432]	{3 1 3 6 }335304
482	0.687193750239055	0.8441147635468018	0.2207872834051713	0.9199008943961022	[2627, 438, 10, 107, 1549, 162, 420, 1791]	{7 8 1 4 }334679
483	0.6879455047608041	0.8446040796489498	0.2207872834051713	0.7471355234942879	[2238, 1549, 162, 420, 158, 10, 232, 2047]	{8 1 4 2 }309589
484	0.6886954526215245	0.8454362110722612	0.2207872834051713	0.8109285519905401	[377, 162, 1583, 1579, 1580, 438, 2729, 301]	{7 8 5 8 }320385
485	0.6894435981630911	0.8461604270761917	0.2207872834051713	0.8739216991900464	[734, 10, 301, 2728, 496, 1792, 232, 2047]	{7 1 5 2 }354441
486	0.6901899457169443	0.8466433219409776	0.2207872834051713	1.137288149017953	[1468, 2307, 420, 158, 10, 438, 1580, 301]	{8 3 3 1 }321668
487	0.6909344996041143	0.8473618819693675	0.2207872834051713	1.0543985698614724	[300, 301, 2627, 261, 217, 132, 19, 1987]	{4 5 6 6 }358837
488	0.6916772641352477	0.8480770751504773	0.2207872834051713	0.7754530080316797	[837, 162, 10, 232, 1792, 496, 2729, 301]	{1 6 1 5 }350326
489	0.6924182436106306	0.8484943439260039	0.2207872834051713	1.1266106819534802	[2872, 241, 217, 132, 19, 734, 2229, 494]	{3 6 2 7 }352456
490	0.6931574423202151	0.8491154950305346	0.2207872834051713	0.9013368423411885	[160, 87, 1265, 415, 10, 158, 420, 1791]	{2 8 3 8 }363588
491	0.6938948645436429	0.8496567739466401	0.2207872834051713	0.9080567025437001	[2047, 232, 10, 734, 19, 241, 1031, 227]	{2 3 3 1 }366947
492	0.6946305145502709	0.8501961110936745	0.2207872834051713	0.3193425374706503	[377, 162, 107, 10, 734, 19, 132, 241]	{1 6 5 3 }344898
493	0.6953643965991958	0.850607559763156	0.2207872834051713	0.5698244378957862	[320, 232, 10, 734, 19, 132, 241, 2545]	{6 4 5 8 }345044
494	0.6960965149392779	0.8510178783551152	0.2207872834051713	0.36879448250521546	[394, 193, 232, 10, 734, 19, 132, 241]	{2 6 1 7 }317241
495	0.6968268738091672	0.8515523327136946	0.2207872834051713	0.9994584933838713	[158, 1557, 15, 432, 422, 19, 132, 1032]	{7 7 3 3 }333917
496	0.6975554774373266	0.8520183026514654	0.2207872834051713	0.9788657028295182	[320, 232, 10, 107, 1549, 162, 2636, 301]	{4 2 5 6 }344587
497	0.6982823300420571	0.8526250060389184	0.2207872834051713	0.714378554575787	[1580, 438, 2729, 496, 1792, 232, 10, 494]	{3 4 2 6 }310816
498	0.6990074358315221	0.853153695031923	0.2207872834051713	0.3185994521415336	[420, 158, 10, 734, 19, 132, 241, 1031]	{2 8 4 6 }347011
499	0.6997307990037714	0.8538417503967255	0.2207872834051713	0.8115255041996038	[1742, 400, 19, 734, 10, 158, 420, 1582]	{7 8 6 2 }316092
