0	0.00240325927734375	0.0046855476884631875	0.978628817976084	0.978628817976084	[3819, 438, 2627, 261, 217, 132, 19, 3308]	{6 6 4 5 }250811
1	0.004800742899533361	0.009349141019785567	0.8863658667879466	0.8863658667879466	[1799, 1019, 10, 232, 1792, 496, 2728, 301]	{5 5 6 4 }248482
2	0.0071924647469656655	0.012902974617849172	0.8739229458631526	0.8739229458631526	[2309, 420, 158, 10, 734, 2229, 494, 2626]	{4 1 4 7 }253578
3	0.00957843866667929	0.016001423707009077	0.7054585070843513	0.7054585070843513	[377, 162, 107, 232, 10, 158, 420, 1791]	{5 1 8 8 }334690
4	0.011958678472434925	0.021270649140838316	0.6806215359510435	0.6806215359510435	[1579, 1580, 438, 2729, 301, 2627, 261, 217]	{8 6 5 8 }251304
5	0.01433319794479504	0.02528329680744379	0.6806215359510435	0.9799292925819922	[241, 132, 217, 496, 2729, 438, 2627, 301]	{3 8 2 6 }255743
6	0.01670201083120393	0.029279493203550278	0.6806215359510435	0.7185392226288418	[1265, 193, 232, 10, 734, 19, 241, 1126]	{2 4 4 5 }277070
7	0.019065130846067313	0.03447761574842323	0.6806215359510435	0.8991628336168439	[2627, 301, 2729, 438, 1580, 1579, 4018, 2197]	{6 3 6 8 }264345
8	0.021422571670831503	0.03794130414856034	0.6806215359510435	0.695569025909692	[1580, 301, 10, 734, 19, 132, 241, 1126]	{4 7 8 5 }285264
9	0.023774346954062775	0.04025338063471451	0.3193425374706503	0.3193425374706503	[377, 162, 107, 10, 734, 19, 132, 241]	{7 6 1 5 }275886
10	0.026120470311526423	0.04369634921502685	0.3193425374706503	0.7376143021932487	[2636, 162, 1549, 107, 10, 734, 2229, 1529]	{2 1 6 8 }264885
11	0.02846095532626547	0.04712696658471138	0.3193425374706503	0.9481539059166125	[320, 232, 1799, 10, 734, 19, 241, 1031]	{8 5 5 6 }246642
12	0.030795815548679273	0.05103360711893945	0.3193425374706503	0.8158552632277734	[1820, 10, 734, 19, 132, 217, 241, 1031]	{4 7 2 8 }257762
13	0.03312506449660224	0.05364002116188671	0.3193425374706503	0.4411100299132249	[2636, 162, 1549, 107, 10, 734, 19, 132]	{4 7 2 4 }299467
14	0.03544871565538188	0.05703496687678744	0.3193425374706503	1.0536887082108113	[377, 162, 107, 10, 438, 2729, 496, 3366]	{8 1 1 6 }263837
15	0.03776678247795695	0.06280581766046356	0.3193425374706503	1.0182934883811856	[2264, 232, 1792, 496, 2729, 438, 1580, 301]	{2 5 6 2 }240880
16	0.04007927838493508	0.0661678822495323	0.3193425374706503	0.4043216966243352	[1799, 232, 10, 734, 19, 132, 241, 1031]	{6 7 1 4 }254154
17	0.042386216764671025	0.06999645780517827	0.3193425374706503	0.9642702367724898	[1265, 87, 1529, 2229, 734, 19, 132, 241]	{5 2 7 3 }316558
18	0.04468761097334362	0.07435403375257177	0.3193425374706503	0.8011054648787022	[359, 158, 10, 232, 1792, 496, 2728, 301]	{2 7 3 5 }382291
19	0.04698347433503336	0.07814904728037186	0.3193425374706503	0.6796361463493921	[1549, 107, 10, 232, 1792, 496, 2729, 301]	{7 2 5 2 }313437
20	0.049273820141799596	0.08068098654260225	0.3193425374706503	0.7121021684765703	[1799, 1019, 10, 734, 19, 132, 241, 2872]	{5 1 8 4 }321420
21	0.05155866165375744	0.08356668378071486	0.3193425374706503	0.5062039293537564	[837, 162, 1549, 107, 10, 158, 420, 1791]	{8 7 5 1 }373334
22	0.0538380120991544	0.08732392678635148	0.3193425374706503	0.9136479524391735	[87, 1265, 193, 232, 10, 158, 420, 1661]	{5 6 8 7 }296176
23	0.056111884674447055	0.0910657656433681	0.3193425374706503	0.7000351443569359	[1807, 157, 10, 734, 19, 132, 241, 2872]	{2 4 6 7 }318023
24	0.05838029254437771	0.09356222807904002	0.3193425374706503	0.3820828136324923	[320, 232, 10, 734, 19, 132, 241, 1729]	{4 8 5 3 }345250
25	0.06064324884205019	0.0968139579687437	0.3193425374706503	0.9429438202401343	[1792, 232, 1549, 162, 10, 734, 19, 400]	{5 8 8 7 }298901
26	0.06290076666900601	0.10005402269222952	0.3193425374706503	0.8037079442865664	[377, 162, 1549, 107, 10, 438, 2729, 301]	{1 6 2 1 }342936
27	0.06515285909530044	0.10556160119830771	0.3193425374706503	1.3118264633369727	[193, 1265, 415, 10, 734, 651, 2308, 3284]	{2 8 2 2 }325156
28	0.06739953915957797	0.10836919940883194	0.3193425374706503	0.8822202673067941	[1265, 193, 232, 10, 734, 19, 241, 217]	{3 8 8 6 }344187
29	0.06964081986914772	0.1120247557159203	0.3193425374706503	1.0655770882969067	[377, 162, 107, 10, 232, 1879, 420, 1791]	{1 1 8 6 }323005
30	0.07187671420005914	0.11481206640180086	0.3193425374706503	0.8591392128462367	[195, 1583, 162, 107, 10, 734, 19, 132]	{6 4 5 8 }354012
31	0.07410723509717665	0.11955216957451686	0.3193425374706503	1.0411977742167293	[1743, 1742, 400, 654, 493, 217, 132, 241]	{4 7 1 8 }335090
32	0.07633239547425485	0.12231585207794504	0.3193425374706503	0.6888082982747372	[2627, 438, 10, 734, 19, 132, 241, 2872]	{3 7 4 5 }324512
33	0.07855220821401321	0.12546443200910673	0.3193425374706503	0.4321472194956394	[1582, 420, 158, 10, 734, 19, 132, 241]	{3 7 6 4 }338519
34	0.08076668616821081	0.12786641568583956	0.3193425374706503	1.147832263453919	[160, 87, 1265, 193, 232, 10, 162, 3284]	{2 8 8 7 }376064
35	0.08297584215772047	0.1306040001790132	0.3193425374706503	1.0368598707564918	[1265, 87, 160, 107, 10, 158, 420, 1791]	{2 2 5 6 }339857
36	0.0851796889726033	0.13372284743602403	0.3193425374706503	0.7333792418800616	[377, 162, 1549, 107, 10, 734, 19, 77]	{1 7 7 3 }353452
37	0.08737823937218236	0.13644204887752642	0.3193425374706503	0.773391103303477	[320, 232, 10, 734, 19, 132, 1031, 227]	{6 7 5 7 }320965
38	0.08957150608511699	0.1404882908392623	0.3193425374706503	0.7949910042949009	[432, 394, 193, 232, 10, 734, 19, 241]	{4 1 2 5 }295907
39	0.09175950180947601	0.14401216355356927	0.3193425374706503	0.9154922725634049	[1819, 1513, 1031, 241, 132, 19, 422, 432]	{2 6 8 4 }307771
40	0.09394223921281164	0.1480229353819834	0.3193425374706503	0.8922053832921163	[1580, 438, 2627, 301, 10, 734, 2229, 1529]	{1 3 5 1 }319334
41	0.0961197309322328	0.1506972495496599	0.3193425374706503	0.8569493024142503	[1579, 1580, 438, 10, 734, 19, 241, 2872]	{7 6 7 5 }272203
42	0.09829198957447793	0.15417926702144058	0.3193425374706503	0.9286444656123807	[420, 158, 1557, 15, 432, 422, 19, 1987]	{3 3 4 4 }381038
43	0.10045902771598825	0.1576470087291697	0.3193425374706503	0.5567469950094024	[2238, 1549, 162, 107, 10, 734, 19, 1987]	{8 6 6 3 }340329
44	0.10262085790298059	0.16110053320139883	0.3193425374706503	0.984918228504652	[1791, 420, 162, 10, 232, 193, 394, 432]	{5 8 2 8 }353863
45	0.10477749265152003	0.16559276572426873	0.3193425374706503	0.9166131830661454	[1529, 2229, 734, 10, 232, 193, 394, 432]	{2 4 4 8 }324877
46	0.10692894444759216	0.16788453364067546	0.3193425374706503	0.5946945823635539	[394, 193, 232, 10, 734, 19, 132, 168]	{8 4 6 2 }365741
47	0.10907522574717565	0.17186467777185843	0.3193425374706503	1.0951065234244728	[846, 10, 162, 420, 158, 1557, 15, 432]	{7 4 2 2 }345445
48	0.11121634897631416	0.17483550761084643	0.3193425374706503	0.7964213510783894	[846, 10, 107, 1549, 162, 1583, 1013, 156]	{2 2 1 8 }327239
49	0.11335232653118832	0.17779567997671952	0.3193425374706503	0.38288381031244606	[377, 162, 1549, 107, 10, 734, 19, 132]	{6 7 4 8 }240485
50	0.11548317077818748	0.18037653896116757	0.3193425374706503	0.7185472165735766	[19, 734, 10, 107, 162, 1583, 1013, 156]	{4 3 4 7 }313011
51	0.11760889405398145	0.18331683358383555	0.3193425374706503	0.9811955396357757	[1526, 621, 1917, 10, 734, 19, 132, 241]	{4 1 2 3 }356563
52	0.11972950866559184	0.18778120949354482	0.3193425374706503	0.7782096530803472	[988, 420, 158, 10, 734, 19, 400, 4079]	{3 6 3 1 }346153
53	0.12184502689046317	0.19069494080515115	0.22858055408794858	0.22858055408794858	[1791, 420, 158, 10, 734, 19, 132, 241]	{7 5 3 1 }311607
54	0.1239554609765342	0.19359821947732647	0.22858055408794858	0.9367817619063036	[3895, 1030, 1032, 132, 19, 734, 10, 1873]	{6 1 3 3 }385685
55	0.1260608231423087	0.19553621203763416	0.22858055408794858	0.984956015894916	[1549, 162, 107, 734, 19, 132, 1032, 370]	{1 3 4 7 }342417
56	0.12816112557692616	0.1980613843631298	0.22858055408794858	0.4705143080389149	[320, 232, 10, 734, 19, 132, 1032, 370]	{1 2 5 3 }341771
57	0.13025638044023236	0.20134921578656817	0.22858055408794858	0.4858296718783282	[1849, 420, 158, 10, 734, 19, 132, 217]	{7 5 6 6 }319083
58	0.1323465998628499	0.2046235675804461	0.22858055408794858	0.8661963519825046	[193, 394, 432, 15, 1557, 158, 420, 1791]	{7 2 1 5 }306354
59	0.13443179594624832	0.2074768790806757	0.22858055408794858	0.767390598694206	[846, 10, 734, 19, 132, 217, 261, 165]	{4 2 7 3 }325655
60	0.13651198076281423	0.2107261083482932	0.22858055408794858	1.0741696309961786	[2238, 1549, 162, 10, 1019, 1799, 232, 2047]	{7 2 8 6 }337644
61	0.13858716635592117	0.21442428880688624	0.22858055408794858	1.156355912632361	[3131, 162, 107, 10, 734, 2229, 494, 2626]	{2 4 6 2 }346222
62	0.14065736473999924	0.21658193693943573	0.22858055408794858	0.7947623881734774	[3819, 438, 1580, 301, 10, 734, 19, 132]	{6 2 5 6 }338148
63	0.14272258790060488	0.22086447008298837	0.22858055408794858	0.7499937488660495	[837, 162, 107, 10, 734, 19, 400, 4079]	{1 4 2 2 }334475
64	0.14478284779449002	0.223310138250278	0.22858055408794858	0.870403073749433	[2636, 162, 1549, 107, 10, 158, 420, 1550]	{7 7 6 1 }346331
65	0.14683815634967146	0.22574812958529034	0.22858055408794858	0.46105833933866197	[377, 162, 107, 10, 734, 19, 132, 217]	{4 7 8 2 }346960
66	0.1488885254654998	0.22892244938928652	0.22858055408794858	1.1391206536542868	[3819, 438, 3366, 496, 1792, 232, 10, 1873]	{1 4 5 2 }398257
67	0.15093396701272854	0.23208375494481515	0.22858055408794858	0.6945838216700837	[2636, 162, 10, 734, 19, 132, 241, 217]	{6 4 8 5 }347123
68	0.15297449283358266	0.23523209960839775	0.22858055408794858	0.8947684270691777	[1579, 1580, 301, 10, 734, 19, 241, 1126]	{6 3 4 5 }388501
69	0.15501011474182713	0.2388154560762885	0.22858055408794858	0.9556263611004379	[734, 10, 301, 2729, 438, 2627, 261, 217]	{1 6 1 2 }336170
70	0.1570408445228355	0.24238202255656416	0.22858055408794858	1.0957080209403234	[157, 842, 193, 394, 432, 422, 19, 132]	{4 1 2 1 }326028
71	0.1590666939336579	0.2454881458241438	0.22858055408794858	0.8409851810241242	[377, 162, 846, 10, 734, 19, 132, 217]	{3 8 5 8 }349056
72	0.16108767470308916	0.24858153443911402	0.22858055408794858	0.4140351812241149	[377, 162, 10, 734, 19, 132, 241, 1031]	{2 5 3 8 }341050
73	0.16310379853173695	0.2509402001024956	0.22858055408794858	0.8427797378712145	[1089, 836, 320, 232, 10, 734, 19, 1460]	{5 7 5 5 }388027
74	0.16511507709208928	0.25444995551642613	0.22858055408794858	1.1903945465017454	[846, 10, 1820, 733, 734, 19, 422, 432]	{1 6 6 2 }332878
75	0.1671215220285821	0.2564976698720024	0.22858055408794858	0.5532186937833052	[2149, 420, 158, 10, 734, 19, 132, 217]	{6 4 8 7 }381540
76	0.1691231449576669	0.25954592104326335	0.22858055408794858	1.0790206795311383	[1265, 808, 331, 241, 132, 19, 422, 432]	{1 5 8 7 }308203
77	0.17111995746787756	0.2622022056058473	0.22858055408794858	0.8091138562248298	[1549, 162, 107, 10, 734, 2229, 1529, 156]	{3 1 8 8 }351472
78	0.17311197111989796	0.26422862777062617	0.22858055408794858	0.8564646822384463	[1549, 162, 420, 158, 10, 494, 2229, 1529]	{7 5 4 2 }336818
79	0.1750991974466285	0.26767611962301285	0.22858055408794858	0.6980097920181575	[1579, 1580, 438, 2729, 301, 2728, 496, 3366]	{7 6 4 3 }343494
80	0.1770816479532532	0.26968750723391155	0.22858055408794858	0.3559877994173646	[1549, 162, 10, 734, 19, 132, 241, 1031]	{2 8 6 3 }262595
81	0.179059334117306	0.2731094212462475	0.22858055408794858	0.9191255420859823	[1879, 496, 2729, 301, 10, 734, 19, 132]	{6 5 4 4 }336660
82	0.18103226738873734	0.2757170484818915	0.22858055408794858	0.44373171086368535	[193, 232, 10, 734, 19, 132, 241, 1126]	{2 8 3 6 }332911
83	0.18300045918998054	0.27967632117605024	0.22858055408794858	0.5746429876726563	[1791, 420, 158, 10, 734, 19, 400, 4079]	{6 5 4 6 }384855
84	0.18496392091601777	0.2819373818308408	0.22858055408794858	0.22858055408794858	[1791, 420, 158, 10, 734, 19, 132, 241]	{1 5 4 2 }384388
85	0.18692266393444623	0.2848813338914833	0.22858055408794858	1.05844947174713	[1579, 1580, 301, 10, 734, 19, 241, 89]	{2 7 7 1 }384819
86	0.18887669958554376	0.28823205650444494	0.22858055408794858	1.203899904916655	[2558, 415, 733, 734, 10, 158, 420, 1582]	{1 7 7 1 }353703
87	0.19082603918233454	0.2907854332150077	0.22858055408794858	0.7187796795659129	[1879, 496, 1792, 232, 10, 734, 19, 241]	{3 2 4 5 }393114
88	0.1927706940106546	0.2930116229126447	0.22858055408794858	0.6888082982747372	[2627, 438, 10, 734, 19, 132, 241, 2872]	{1 8 4 5 }389553
89	0.19471067532921726	0.2952308247101426	0.22858055408794858	0.7071598277099005	[2238, 1549, 162, 107, 10, 158, 420, 1582]	{7 4 7 3 }354567
90	0.19664599436967822	0.29853305429032206	0.22858055408794858	0.8586827731399579	[1792, 232, 193, 394, 432, 422, 19, 132]	{7 7 5 3 }355762
91	0.19857666233670057	0.3014089665130749	0.22858055408794858	0.5521229218175507	[1791, 420, 158, 10, 734, 19, 241, 1126]	{6 4 4 5 }248122
92	0.2005026904080197	0.3036018094613807	0.22858055408794858	0.43214721949563945	[1791, 420, 158, 10, 734, 19, 132, 1031]	{5 6 2 7 }322664
93	0.20242408973450798	0.30578776918335593	0.22858055408794858	0.654777075877634	[1794, 1791, 420, 158, 10, 734, 19, 241]	{7 5 7 3 }345241
94	0.20434087144023938	0.30904053369676177	0.22858055408794858	1.1758093938614749	[2047, 232, 320, 836, 1879, 496, 2729, 301]	{8 7 1 1 }338153
95	0.20625304662255384	0.31093831055123233	0.22858055408794858	0.506887047309832	[1799, 232, 10, 734, 19, 132, 241, 2872]	{7 3 8 6 }345577
96	0.20816062635212151	0.31416694195743755	0.22858055408794858	0.8037996786464587	[2654, 232, 1792, 496, 2729, 438, 1580, 301]	{5 1 6 8 }379529
97	0.21006362167300685	0.31738044545722055	0.22858055408794858	0.5277457326021664	[87, 1265, 193, 232, 10, 734, 19, 1987]	{5 7 3 7 }343429
98	0.21196204360273252	0.3205788919331083	0.22858055408794858	1.026035084253856	[377, 162, 107, 10, 1820, 733, 734, 19]	{6 3 4 8 }347447
99	0.21385590313234326	0.32421713193584645	0.22858055408794858	1.0546646134267752	[421, 438, 1580, 301, 10, 734, 2229, 494]	{6 8 4 4 }357971
100	0.2157452112264695	0.3263383811729339	0.22858055408794858	0.9585667361465624	[377, 162, 107, 10, 301, 2729, 438, 3366]	{1 6 7 2 }388352
101	0.21762997882339075	0.32910029560872267	0.22858055408794858	1.0189588332292954	[1791, 420, 107, 10, 232, 193, 394, 432]	{2 6 2 7 }379427
102	0.21951021683509908	0.33185088659793616	0.22858055408794858	1.1668584392886185	[2411, 1468, 2307, 420, 158, 10, 232, 2047]	{4 4 1 6 }248557
103	0.22138593614736213	0.335428766065193	0.22858055408794858	1.080992265335936	[734, 10, 232, 193, 1265, 808, 331, 241]	{2 2 3 3 }332803
104	0.22325714761978632	0.33815341124805254	0.22858055408794858	0.9015750178017522	[846, 10, 158, 420, 1791, 1792, 232, 2047]	{7 5 1 3 }318643
105	0.22512386208587953	0.3412545250020965	0.22858055408794858	0.9996077637782715	[837, 162, 10, 232, 193, 1265, 808, 331]	{4 2 4 1 }319619
106	0.2269860903531139	0.34332229469900677	0.22858055408794858	0.3280673200675872	[1792, 232, 10, 734, 19, 132, 241, 1126]	{4 7 1 8 }389318
107	0.22884384320298856	0.34601457756512777	0.22858055408794858	0.8517829819693437	[377, 162, 107, 10, 158, 1557, 15, 432]	{4 6 2 1 }353331
108	0.23069713139109171	0.3483606668516048	0.22858055408794858	0.8546370389765692	[1849, 420, 158, 10, 734, 2229, 494, 2626]	{1 1 8 5 }389706
109	0.23254596564716323	0.35141395402275	0.22858055408794858	0.6233057228667523	[1792, 232, 10, 734, 19, 132, 1714, 2168]	{7 2 8 6 }379126
110	0.23439035667515662	0.3544529348712482	0.22858055408794858	0.8878242152765533	[1580, 438, 2627, 301, 10, 734, 2229, 494]	{2 7 2 2 }347069
111	0.23623031515330084	0.35709958373520534	0.22858055408794858	0.9997176880608332	[1742, 1743, 193, 232, 10, 158, 420, 1582]	{7 3 6 8 }390367
112	0.23806585173416261	0.35973538172462916	0.22858055408794858	0.7187796795659129	[1879, 496, 1792, 232, 10, 734, 19, 241]	{6 5 8 2 }379612
113	0.23989697704470747	0.36174514091982946	0.22858055408794858	0.7379796434311969	[1799, 232, 10, 107, 1549, 162, 420, 1791]	{2 5 8 2 }262924
114	0.2417237016863618	0.36436189280199116	0.22858055408794858	0.6970482110580039	[1582, 420, 158, 10, 734, 19, 241, 1031]	{3 8 3 7 }300861
115	0.24354603623507398	0.3666421634352748	0.22858055408794858	0.9148139126767713	[1792, 232, 1799, 10, 734, 19, 132, 1032]	{7 4 8 6 }344403
116	0.24536399124137553	0.3689142538885124	0.22858055408794858	0.6333731672144804	[1794, 1791, 420, 158, 10, 734, 19, 400]	{7 1 7 6 }347175
117	0.2471775772304423	0.3715016134525627	0.22858055408794858	0.9015657086846781	[1582, 420, 1791, 1792, 232, 10, 734, 19]	{3 8 8 2 }347944
118	0.24898680470215562	0.37322783582772356	0.22858055408794858	0.3559877994173646	[1549, 162, 10, 734, 19, 132, 241, 1031]	{4 5 1 3 }384686
119	0.2507916841311627	0.37579751033462516	0.22858055408794858	1.2616472721980756	[841, 1820, 10, 107, 162, 1583, 1013, 156]	{3 1 3 7 }393875
120	0.25259222596693753	0.37835664955063664	0.22858055408794858	0.8837182966855165	[1529, 2229, 494, 10, 232, 1792, 496, 3366]	{4 8 7 1 }381428
121	0.25438844063384136	0.38030795750056834	0.22858055408794858	0.506887047309832	[1799, 232, 10, 734, 19, 132, 241, 2872]	{6 8 5 2 }353521
122	0.2561803385311828	0.382848604540699	0.22858055408794858	0.6970482110580039	[1582, 420, 158, 10, 734, 19, 241, 1031]	{2 7 3 8 }384020
123	0.25796793003327845	0.385062556453619	0.22858055408794858	0.5517168203325604	[394, 193, 232, 10, 734, 19, 132, 1032]	{8 1 6 3 }380716
124	0.25975122548951257	0.3872685660964432	0.22858055408794858	1.198690992439873	[107, 1549, 162, 1583, 1579, 1580, 438, 3811]	{4 5 4 2 }261820
125	0.2615302352243972	0.3894666619610526	0.22858055408794858	1.0517318849882586	[837, 162, 107, 10, 734, 19, 84, 3308]	{4 6 3 4 }272119
126	0.26330496953763205	0.3919697596479834	0.22858055408794858	0.9302043840071945	[421, 438, 2627, 261, 217, 132, 241, 1126]	{6 8 1 2 }341525
127	0.2650754387041637	0.3944625949992808	0.22858055408794858	0.9087069037756641	[1879, 496, 1792, 232, 10, 162, 420, 1791]	{2 5 2 2 }331351
128	0.2668416529742458	0.39612575315510556	0.22858055408794858	0.4140351812241149	[377, 162, 10, 734, 19, 132, 241, 1031]	{5 8 6 1 }382245
129	0.26860362257349746	0.39829207499088526	0.22858055408794858	0.8514804494779187	[1549, 162, 107, 10, 232, 1792, 496, 217]	{4 4 8 7 }381800
130	0.2703613577029633	0.40018080661933186	0.22858055408794858	0.613645161613009	[2238, 1549, 162, 107, 10, 734, 19, 3308]	{3 7 2 1 }347384
131	0.2721148685391722	0.40233258146803486	0.22858055408794858	0.6923368502348177	[394, 193, 232, 10, 734, 19, 241, 1126]	{2 7 2 1 }341415
132	0.273864165234196	0.40553303768674587	0.22858055408794858	1.0364518053401148	[300, 301, 2627, 261, 217, 132, 241, 1031]	{2 3 2 1 }343164
133	0.27560925791570867	0.4087163557451854	0.22858055408794858	1.118531095636603	[2627, 438, 2729, 496, 1879, 232, 10, 1873]	{6 6 8 7 }345407
134	0.27735015668704466	0.4124103393619376	0.22858055408794858	0.9172884929242833	[1579, 1580, 301, 10, 734, 19, 400, 4079]	{6 2 6 6 }346443
135	0.27908687162725754	0.4145182423218159	0.22858055408794858	0.5463858649237686	[193, 232, 10, 734, 19, 132, 241, 1729]	{4 3 5 8 }312095
136	0.2808194127911783	0.4172615450181423	0.22858055408794858	0.5895170305537488	[1579, 1580, 301, 2728, 496, 1792, 232, 10]	{8 1 7 4 }308610
137	0.2825477902094734	0.4193520448965051	0.22858055408794858	0.9980710786380778	[421, 438, 2627, 261, 217, 132, 19, 409]	{5 6 5 5 }327929
138	0.28427201388870327	0.42143504537319976	0.22858055408794858	0.9714266448483146	[87, 1265, 415, 10, 107, 162, 420, 1791]	{7 1 4 8 }322756
139	0.2859920938113798	0.42380707734825496	0.22858055408794858	0.8650302088692631	[2238, 1549, 162, 107, 734, 10, 232, 2047]	{1 2 3 3 }353948
140	0.28770803993602434	0.4265068567650947	0.22858055408794858	0.6348663589710202	[2047, 232, 1792, 496, 2729, 438, 1580, 301]	{4 7 2 1 }334296
141	0.2894198621972255	0.42919398623672855	0.22858055408794858	1.1763043309421233	[1549, 107, 10, 1820, 733, 734, 19, 1460]	{2 8 8 5 }355864
142	0.29112757050569615	0.4318685250350779	0.22858055408794858	0.6834616477765454	[1582, 420, 158, 10, 734, 19, 132, 1715]	{4 6 3 4 }337397
143	0.29283117474833154	0.4339066242357652	0.22858055408794858	0.7625415091623144	[421, 438, 1580, 301, 10, 734, 19, 132]	{5 6 2 6 }388924
144	0.29453068478826594	0.4356835635430608	0.22858055408794858	0.6540487212580788	[1019, 1799, 232, 10, 734, 19, 132, 1032]	{4 8 1 3 }392834
145	0.29622611046492986	0.4383276951174634	0.22858055408794858	0.7850955772710624	[2627, 301, 2729, 496, 1792, 232, 10, 494]	{1 4 1 7 }389881
146	0.29791746159410726	0.44063046969105246	0.22858055408794858	0.7630068283960101	[87, 1265, 193, 232, 10, 494, 2229, 1529]	{3 6 6 7 }357092
147	0.2996047479679923	0.44292380322457126	0.22858055408794858	0.6328168484142378	[1549, 162, 10, 232, 1792, 496, 2729, 301]	{3 3 3 4 }323732
148	0.30128797935524576	0.4455340103106702	0.22858055408794858	0.9054905746206932	[318, 158, 10, 232, 1792, 496, 2729, 301]	{4 2 6 6 }334464
149	0.30296716550105185	0.4478072400424504	0.22858055408794858	0.5954285011384068	[420, 158, 10, 232, 1792, 496, 2728, 301]	{7 5 7 3 }365208
150	0.30464231612717463	0.44978816113604814	0.22858055408794858	0.8830776788031564	[2238, 1549, 107, 10, 232, 1792, 496, 3366]	{6 8 7 5 }352378
151	0.3063134409320143	0.451761975927891	0.22858055408794858	1.1309566361824364	[1579, 1580, 438, 10, 734, 651, 2308, 3284]	{5 8 8 2 }385594
152	0.3079805495906631	0.4530795340454349	0.22858055408794858	0.26129515566389994	[1549, 162, 107, 10, 734, 19, 132, 241]	{4 2 7 8 }344527
153	0.30964365175496167	0.45564215597046154	0.22858055408794858	0.7509362647001303	[1580, 438, 2627, 261, 217, 132, 241, 1126]	{1 4 1 2 }379767
154	0.3113027570535547	0.45759497030251906	0.22858055408794858	0.7190876432853712	[1265, 415, 10, 734, 19, 132, 241, 1126]	{7 5 2 4 }329239
155	0.31295787509194684	0.4601893821154853	0.22858055408794858	0.7148569160899233	[394, 193, 232, 10, 734, 19, 400, 4079]	{8 6 5 4 }350369
156	0.31460901545255804	0.46212588385375086	0.22858055408794858	1.0116413851833488	[420, 158, 1557, 15, 432, 422, 19, 241]	{1 1 4 7 }330699
157	0.3162561876947795	0.46500615222128594	0.22858055408794858	0.8301599635377048	[1579, 1580, 438, 2627, 261, 217, 132, 1031]	{5 6 5 2 }301030
158	0.31789940135502837	0.46719954900973726	0.22858055408794858	0.5757774426010136	[10, 232, 1792, 496, 2729, 438, 1580, 301]	{4 5 1 7 }319878
159	0.3195386659468036	0.4691109026684236	0.22858055408794858	0.5463221147242449	[2309, 420, 158, 10, 734, 19, 132, 1032]	{4 5 1 2 }310439
160	0.3211739909607406	0.4712874705784018	0.22858055408794858	0.5988624626688432	[377, 162, 107, 10, 734, 19, 422, 432]	{6 7 8 1 }330058
161	0.32280538586466645	0.4731841593398791	0.22858055408794858	0.9374621640360172	[421, 438, 1580, 1579, 1583, 162, 107, 10]	{6 6 5 7 }355319
162	0.32443286010365446	0.4746311022616141	0.22858055408794858	0.4411100299132249	[2636, 162, 1549, 107, 10, 734, 19, 132]	{8 2 4 7 }338242
163	0.326056423100079	0.47678503815795403	0.22858055408794858	0.8835200039876718	[2238, 1549, 162, 846, 10, 158, 420, 1791]	{5 8 1 1 }374843
164	0.3276760842536699	0.4786620050969601	0.22858055408794858	0.8359610071210897	[394, 193, 1265, 415, 10, 734, 19, 1987]	{8 4 5 4 }377978
165	0.3292918529415674	0.48079941487927025	0.22858055408794858	0.7332331341776858	[2636, 162, 1549, 107, 10, 734, 2229, 494]	{8 1 3 7 }350537
166	0.3309037385183756	0.4826619807538264	0.22858055408794858	0.7705533893840184	[377, 162, 1549, 107, 10, 438, 2627, 301]	{8 5 8 5 }335290
167	0.3325117503162174	0.4840828920615704	0.22858055408794858	0.6182969738793239	[2627, 301, 10, 734, 19, 132, 241, 1031]	{8 1 5 6 }341321
168	0.3341158976447879	0.48593367888054595	0.22858055408794858	0.5452426373289887	[377, 162, 107, 10, 734, 19, 132, 168]	{5 2 4 5 }352088
169	0.3357161897914087	0.48754730781821165	0.22858055408794858	0.4798413711438436	[2636, 162, 1549, 107, 10, 158, 420, 1791]	{8 2 7 1 }335386
170	0.33731263602108175	0.48938566648755	0.22858055408794858	0.6418699588137922	[1791, 420, 162, 107, 10, 734, 19, 1987]	{6 5 6 4 }257531
171	0.33890524557654256	0.49098845980563455	0.22858055408794858	0.5960468963358099	[1791, 420, 158, 10, 734, 19, 241, 2872]	{7 2 6 8 }341717
172	0.34049402767831405	0.49307533292049843	0.22858055408794858	0.7276048857736231	[320, 232, 10, 734, 19, 132, 241, 1723]	{7 1 3 4 }330225
173	0.34207899152475973	0.49545055262255777	0.22858055408794858	0.5757774426010136	[10, 232, 1792, 496, 2729, 438, 1580, 301]	{2 2 4 8 }344432
174	0.34366014629213726	0.49815237033327175	0.22858055408794858	1.1181047112056417	[1580, 438, 2627, 301, 10, 734, 811, 3284]	{8 4 4 2 }383884
175	0.3452375011346511	0.4995307360153398	0.22858055408794858	1.0257891421121612	[988, 420, 158, 10, 301, 1580, 438, 3366]	{2 2 7 8 }338322
176	0.3468110651845061	0.5018757086183501	0.22858055408794858	1.0802493681862055	[394, 193, 1743, 1742, 400, 19, 132, 217]	{3 1 8 8 }347550
177	0.34838084755195975	0.5034392963075363	0.22858055408794858	0.6552457435622479	[837, 162, 107, 10, 734, 19, 132, 1715]	{2 8 1 2 }350426
178	0.34994685732537534	0.5049979759717494	0.22858055408794858	0.493481545650313	[1791, 420, 158, 10, 734, 19, 241, 1031]	{8 7 7 5 }384694
179	0.35150910357127463	0.5070274121125358	0.22858055408794858	0.8459214505609385	[3819, 438, 2627, 301, 10, 158, 420, 1791]	{8 5 7 5 }378424
180	0.3530675953343899	0.5085748288574392	0.22858055408794858	0.6600936661472595	[2051, 1849, 420, 158, 10, 734, 19, 409]	{1 8 7 6 }389471
181	0.3546223416377169	0.5101173883371697	0.22858055408794858	0.9125826449704554	[2636, 162, 1549, 107, 420, 158, 10, 1873]	{6 6 8 6 }391323
182	0.35617335148256646	0.5116551057984438	0.22858055408794858	1.028591632864603	[2636, 162, 1549, 107, 734, 19, 132, 1031]	{3 6 8 8 }321798
183	0.3577206338486171	0.51318799644012	0.22858055408794858	0.5035931623022096	[2238, 1549, 162, 107, 10, 158, 420, 1791]	{2 4 7 5 }346331
184	0.3592641976939669	0.5157948317064012	0.22858055408794858	0.9379488734361071	[1579, 1580, 301, 10, 232, 1792, 496, 3366]	{3 8 8 6 }299990
185	0.36080405195518517	0.5177800023125612	0.22858055408794858	0.641921615407157	[107, 162, 10, 232, 1792, 496, 2729, 301]	{5 8 4 8 }303792
186	0.36234020554736446	0.5200394671080564	0.22858055408794858	0.9752605596681407	[2047, 232, 193, 394, 432, 422, 19, 1987]	{8 8 2 1 }388325
187	0.3638726673641719	0.5215460396513136	0.22858055408794858	0.47989498236885453	[1794, 1791, 420, 158, 10, 734, 19, 132]	{4 7 3 1 }345070
188	0.36540144627790083	0.5230478831373411	0.22858055408794858	0.6311987620344006	[1579, 1580, 438, 10, 734, 19, 132, 217]	{4 6 7 2 }331136
189	0.36692655113952244	0.5245450124104172	0.22858055408794858	0.7022014087356845	[241, 132, 217, 261, 2627, 438, 1580, 301]	{1 2 1 5 }349639
190	0.36844799077873636	0.5262506465336261	0.22858055408794858	0.9341076216030078	[300, 301, 1580, 438, 10, 158, 420, 1791]	{4 3 1 5 }386106
191	0.3699657740040224	0.5277377224896798	0.22858055408794858	0.29411855649072083	[2047, 232, 10, 734, 19, 132, 241, 1031]	{1 5 8 4 }349275
192	0.3714799096026914	0.5299505299124165	0.22858055408794858	0.6648552371156095	[1579, 1580, 438, 2627, 301, 2728, 496, 3366]	{6 1 1 6 }385248
193	0.3729904063409356	0.531425992116235	0.22858055408794858	0.5081004792861414	[1791, 420, 158, 10, 734, 19, 422, 432]	{3 6 2 6 }345524
194	0.37449727296388025	0.5333470772433095	0.22858055408794858	0.9138783495408522	[1792, 232, 10, 438, 2729, 496, 2728, 301]	{1 6 8 7 }298497
195	0.3760005181956336	0.5348118778518509	0.22858055408794858	0.597469793671439	[1807, 157, 10, 734, 19, 132, 241, 1031]	{7 2 4 3 }298239
196	0.3775001507393376	0.5364806809048377	0.22858055408794858	0.626593298130014	[1579, 1580, 438, 2627, 261, 217, 132, 241]	{5 1 4 7 }335776
197	0.3789961792772184	0.538381042544714	0.22858055408794858	0.9061039946162797	[320, 232, 1792, 496, 217, 132, 241, 1031]	{3 3 5 4 }330852
198	0.38048861247063637	0.5402736129788874	0.22858055408794858	0.6057148240511083	[1549, 162, 10, 734, 19, 132, 1032, 370]	{3 6 2 3 }334413
199	0.38197745896013646	0.5417166715318974	0.22858055408794858	0.8313431687052734	[988, 420, 162, 1549, 107, 10, 232, 2047]	{7 7 3 7 }341405
200	0.383462727365498	0.5435955663734666	0.22858055408794858	0.5438975860571336	[1879, 496, 1792, 232, 10, 734, 19, 132]	{5 2 4 3 }339927
201	0.38494442628578507	0.5463887154203018	0.22858055408794858	0.9741283585254537	[421, 438, 2627, 261, 217, 132, 241, 2872]	{7 7 4 7 }334095
202	0.3864225642993957	0.5482484555629845	0.22858055408794858	0.767390598694206	[846, 10, 734, 19, 132, 217, 261, 165]	{6 4 5 2 }344497
203	0.38789714996411195	0.5498690566072819	0.22858055408794858	0.4146291755846023	[1549, 162, 10, 734, 19, 132, 241, 1126]	{6 4 5 3 }349253
204	0.3893681918171492	0.5511053781681139	0.22858055408794858	0.36509256641028376	[107, 162, 10, 734, 19, 132, 241, 1031]	{6 4 2 7 }345556
205	0.3908356983752058	0.5529457806810908	0.22858055408794858	0.9399827092124426	[193, 394, 432, 422, 19, 132, 241, 89]	{5 2 5 6 }380337
206	0.3922996781345123	0.5543490619219774	0.22858055408794858	0.7809425179021237	[837, 162, 1549, 232, 10, 158, 420, 1791]	{1 7 1 5 }264493
207	0.3937601395708803	0.55574793833196	0.22858055408794858	0.825822684786815	[1549, 162, 420, 158, 10, 734, 2229, 1529]	{8 4 8 4 }386428
208	0.3952170911397521	0.5571424237375865	0.22858055408794858	1.2006589124247153	[1535, 438, 1580, 301, 10, 158, 420, 1791]	{3 5 8 8 }344971
209	0.39667054127624946	0.5592174540303613	0.22858055408794858	0.7328105212229479	[2627, 438, 2729, 496, 1792, 232, 10, 1873]	{7 2 1 4 }319654
210	0.3981204983952221	0.5615778056182275	0.22858055408794858	1.0234129048702547	[1820, 10, 734, 19, 132, 1720, 241, 217]	{4 1 7 3 }314579
211	0.3995669708912969	0.563632053717684	0.22858055408794858	1.0247199277080907	[1792, 496, 2729, 301, 10, 734, 19, 409]	{8 5 5 5 }329232
212	0.401009967138926	0.565197468065795	0.22858055408794858	0.9991336531116809	[846, 10, 494, 2229, 734, 19, 132, 1032]	{5 4 7 5 }360935
213	0.4024494954924358	0.5662424112844784	0.22858055408794858	0.5293184125067912	[1549, 162, 420, 158, 10, 734, 19, 132]	{5 3 1 3 }347033
214	0.403885564286075	0.5677984613077722	0.22858055408794858	0.8496185321850398	[1579, 1580, 438, 10, 107, 162, 420, 1791]	{3 1 1 7 }344601
215	0.4053181818340631	0.5693489292000833	0.22858055408794858	0.7777739970879921	[377, 162, 1583, 1579, 1580, 438, 2627, 301]	{1 8 8 6 }345198
216	0.4067473564306381	0.5711145358132388	0.22858055408794858	0.8551368402835844	[1794, 1791, 420, 158, 10, 438, 1580, 301]	{6 4 5 6 }341139
217	0.4081730963501049	0.5726531077112302	0.22858055408794858	0.4705143080389149	[320, 232, 10, 734, 19, 132, 1032, 370]	{7 3 2 5 }384519
218	0.40959540984688314	0.5739945286203398	0.22858055408794858	1.0186678442178756	[1265, 193, 842, 157, 10, 734, 19, 1987]	{6 1 6 4 }373054
219	0.4110143051555549	0.5762757502794205	0.22858055408794858	0.8569493024142503	[1579, 1580, 438, 10, 734, 19, 241, 2872]	{4 2 4 7 }374354
220	0.41242979049091255	0.5777958069788326	0.22858055408794858	0.5499847848759808	[1791, 420, 162, 107, 10, 734, 19, 132]	{5 4 6 6 }350882
221	0.4138418740480061	0.5793104106687204	0.22858055408794858	1.3052101797340354	[377, 162, 107, 232, 193, 1265, 87, 1529]	{6 6 6 1 }321894
222	0.4152505640021906	0.5806309346307674	0.22858055408794858	0.5965766233672192	[160, 320, 232, 10, 734, 19, 132, 241]	{3 4 2 7 }401658
223	0.4166558685091739	0.5821353676618274	0.22858055408794858	0.6781017530482094	[1549, 162, 420, 158, 10, 734, 19, 3308]	{4 1 1 7 }328923
224	0.4180577957050633	0.5832830671525022	0.22858055408794858	0.5567469950094024	[2238, 1549, 162, 107, 10, 734, 19, 1987]	{6 4 3 4 }345002
225	0.419456353706413	0.5849915458312684	0.22858055408794858	0.45541408671804184	[2047, 232, 10, 734, 19, 132, 241, 1729]	{5 1 4 8 }388816
226	0.420851550610271	0.586693019996501	0.22858055408794858	0.9139616976473315	[846, 10, 232, 193, 394, 432, 422, 19]	{3 5 5 7 }336070
227	0.4222433944942261	0.587990370310407	0.22858055408794858	1.0929048708167026	[359, 158, 420, 162, 10, 734, 2229, 494]	{8 8 5 4 }348826
228	0.42363189341645446	0.5892836483053869	0.22858055408794858	0.8673647994372641	[1549, 162, 107, 10, 301, 2627, 438, 3366]	{3 7 6 4 }363302
229	0.4250170554157664	0.5902707061879537	0.22858055408794858	0.7005649579847937	[1549, 162, 107, 232, 10, 734, 19, 1987]	{2 8 2 1 }383569
230	0.42639888851165286	0.591740557768115	0.22858055408794858	0.7235183581094553	[2309, 420, 107, 10, 734, 19, 132, 241]	{8 3 1 2 }331768
231	0.4277774007043319	0.5939267510090782	0.22858055408794858	0.5895170305537488	[1579, 1580, 301, 2728, 496, 1792, 232, 10]	{2 8 4 8 }353580
232	0.42915259997479493	0.5958294265822344	0.22858055408794858	0.7910998227613809	[1580, 301, 2728, 496, 1792, 232, 10, 1873]	{4 2 2 5 }323805
233	0.43052449428485307	0.5977231870782569	0.22858055408794858	1.2597362483891719	[420, 1791, 1792, 496, 3366, 438, 2627, 301]	{1 2 1 6 }328696
234	0.43189309157718303	0.5998773438678657	0.22858055408794858	0.7678701468856888	[87, 1265, 415, 733, 734, 10, 232, 2047]	{2 2 4 8 }320137
235	0.4332583997753733	0.6017521376544074	0.22858055408794858	0.7705533893840184	[377, 162, 1549, 107, 10, 438, 2627, 301]	{8 2 8 8 }358804
236	0.4346204267839697	0.603180801063651	0.22858055408794858	1.0122638280036982	[320, 232, 10, 107, 1549, 162, 1541, 156]	{4 8 4 8 }388718
237	0.4359791804885218	0.604426397042455	0.22858055408794858	0.6429197020950927	[2309, 420, 158, 10, 734, 19, 422, 432]	{3 4 3 7 }344046
238	0.43733466875562776	0.6058454668872485	0.22858055408794858	1.1080530792337324	[320, 232, 10, 734, 811, 3284, 813, 669]	{7 7 2 4 }348373
239	0.43868689943298045	0.6076922967487722	0.22858055408794858	0.7828071744138969	[394, 193, 1265, 415, 10, 158, 420, 1791]	{5 7 7 8 }379533
240	0.44003588034941277	0.6089237313641673	0.22858055408794858	1.0928463197729703	[1089, 836, 320, 232, 10, 107, 420, 1791]	{3 3 3 3 }381244
241	0.4413816193149427	0.611017910228761	0.22858055408794858	0.9403724733656578	[432, 394, 193, 232, 1792, 496, 2729, 301]	{4 6 5 8 }385358
242	0.44272412412081874	0.6128405043603422	0.22858055408794858	1.3836035062074497	[482, 480, 157, 10, 232, 193, 394, 432]	{8 5 5 5 }288702
243	0.4440634025395652	0.6144278018552205	0.22858055408794858	0.5757774426010136	[10, 232, 1792, 496, 2729, 438, 1580, 301]	{4 4 6 1 }301860
244	0.4453994623250269	0.6158109929359377	0.22858055408794858	0.6439759327792607	[320, 232, 10, 734, 19, 132, 1032, 1729]	{7 4 8 1 }287335
245	0.4467323112124141	0.6170169433626873	0.22858055408794858	0.5862429475892403	[2627, 438, 10, 734, 19, 132, 241, 1031]	{4 6 7 5 }307662
246	0.4480619569183474	0.6185871180664664	0.22858055408794858	1.1196740129481946	[107, 162, 1583, 1579, 1580, 438, 80, 909]	{1 7 5 8 }322591
247	0.44938840714090234	0.6195037521134715	0.22858055408794858	0.5384231794997104	[107, 162, 420, 158, 10, 734, 19, 132]	{1 3 4 3 }348487
248	0.450711669559654	0.6208687338700798	0.22858055408794858	0.8079134868903025	[3621, 1720, 241, 132, 19, 734, 10, 494]	{2 5 4 8 }345080
249	0.4520317518357214	0.6219100489931173	0.22858055408794858	0.5053724480380157	[1549, 107, 10, 734, 19, 132, 241, 2872]	{8 3 6 1 }353735
250	0.453348661611812	0.6234601626770923	0.22858055408794858	0.7350452596448958	[2149, 420, 158, 10, 734, 19, 241, 1126]	{5 4 8 2 }376319
251	0.45466240651226575	0.625224458041475	0.22858055408794858	0.5105102843732272	[394, 193, 232, 10, 734, 19, 132, 217]	{3 7 4 4 }344064
252	0.45597299414309944	0.6265689174952482	0.22858055408794858	0.7969013275848398	[2627, 261, 217, 241, 132, 19, 734, 10]	{6 4 5 1 }351579
253	0.4572804320920506	0.6274663692087263	0.22858055408794858	0.6540487212580788	[1799, 232, 10, 734, 19, 132, 1032, 370]	{1 2 3 7 }384888
254	0.45858472792862137	0.6286357339817179	0.22858055408794858	0.9855426322159875	[420, 158, 1557, 15, 432, 422, 19, 1460]	{3 7 3 3 }303809
255	0.45988588920412254	0.6306243568139691	0.22858055408794858	1.0116064710272956	[1742, 400, 19, 132, 217, 261, 2627, 301]	{1 6 1 6 }343933
256	0.461183923451717	0.6319494448196588	0.22858055408794858	0.5105102843732272	[394, 193, 232, 10, 734, 19, 132, 217]	{4 5 7 7 }347153
257	0.4624788381864636	0.6332697792411444	0.22858055408794858	1.0815887396589692	[1792, 232, 1549, 162, 10, 734, 2229, 494]	{1 5 1 4 }301205
258	0.4637706409053606	0.6347733196870398	0.22858055408794858	0.29411855649072083	[2047, 232, 10, 734, 19, 132, 241, 1031]	{4 2 3 1 }303643
259	0.46505933908738883	0.636270695836282	0.22858055408794858	1.1331192285884213	[1794, 1791, 420, 162, 10, 494, 2229, 1529]	{2 8 8 3 }325444
260	0.46634494019355544	0.6377619329615889	0.22858055408794858	0.8141748312938346	[432, 15, 1557, 158, 10, 734, 19, 1987]	{4 8 2 7 }344049
261	0.46762745166693676	0.6399787933536674	0.22858055408794858	0.9403724733656578	[432, 394, 193, 232, 1792, 496, 2728, 301]	{5 8 8 7 }343835
262	0.46890688093272137	0.6414548278196919	0.22858055408794858	0.641921615407157	[107, 162, 10, 232, 1792, 496, 2728, 301]	{2 2 1 1 }389565
263	0.47018323539825324	0.6424396015469938	0.22858055408794858	0.863638673660891	[1849, 420, 158, 10, 107, 1549, 162, 3284]	{7 7 1 4 }377764
264	0.4714565224530747	0.6435619660789682	0.22858055408794858	1.0452919779323857	[377, 162, 1549, 232, 10, 438, 2627, 301]	{6 7 3 2 }354518
265	0.47272674946896887	0.6446808075637929	0.22858055408794858	0.8106988411249275	[2149, 420, 162, 1549, 107, 10, 232, 2047]	{2 2 3 6 }346374
266	0.4739939238000027	0.6459554698453323	0.22858055408794858	0.6057148240511083	[1549, 162, 10, 734, 19, 132, 1032, 370]	{2 5 8 2 }352476
267	0.4752580527825695	0.6470667982393723	0.22858055408794858	0.4216151515430648	[377, 162, 1549, 107, 10, 158, 420, 1791]	{3 7 5 6 }315130
268	0.47651914373543125	0.6487204835870638	0.22858055408794858	0.8742988426683123	[1807, 157, 10, 232, 1792, 496, 2729, 301]	{8 6 7 4 }355174
269	0.477777203959761	0.6496853015947898	0.22858055408794858	0.967251392092821	[2636, 162, 107, 232, 10, 158, 420, 1582]	{3 6 6 4 }329253
270	0.47903224073918504	0.6507849222301298	0.22858055408794858	0.7690028853645818	[1579, 1580, 438, 10, 734, 19, 422, 432]	{5 1 6 8 }360991
271	0.4802842613398256	0.6524211861305509	0.22858055408794858	0.6348663589710202	[2047, 232, 1792, 496, 2729, 438, 1580, 301]	{5 4 1 3 }349945
272	0.4815332730103422	0.6540497832384357	0.22858055408794858	0.9452491864130965	[1849, 420, 158, 10, 1820, 841, 1268, 1380]	{8 4 7 7 }342516
273	0.48277928298197414	0.6554681286970974	0.22858055408794858	0.9332014804928604	[1879, 1794, 1791, 420, 158, 10, 232, 2047]	{4 3 8 3 }341245
274	0.48402229846858214	0.6564144137440108	0.22858055408794858	0.8913617048671305	[1792, 232, 10, 494, 2229, 734, 19, 1987]	{5 6 8 1 }338343
275	0.48526232666669	0.6578230645622979	0.22858055408794858	0.573962807042313	[320, 232, 1792, 496, 2729, 438, 2627, 301]	{6 2 7 7 }344782
276	0.4864993747555266	0.6588971411593052	0.22858055408794858	0.7630068283960101	[87, 1265, 193, 232, 10, 494, 2229, 1529]	{6 7 8 8 }358387
277	0.48773344989706724	0.6607237168298985	0.22858055408794858	1.113943752153398	[377, 162, 1549, 107, 232, 193, 394, 432]	{3 3 2 5 }349486
278	0.48896455923607496	0.6617886884218805	0.22858055408794858	0.9583732289826309	[241, 19, 734, 10, 301, 1580, 438, 3366]	{8 2 4 4 }390606
279	0.4901927099001423	0.6635997801123685	0.22858055408794858	0.9055200238654922	[1265, 193, 232, 10, 734, 2229, 494, 2626]	{4 4 6 5 }347762
280	0.49141790899973226	0.664655723882942	0.22858055408794858	0.9782991307374105	[1879, 836, 320, 232, 10, 158, 420, 1582]	{6 3 5 1 }351498
281	0.4926401636282195	0.6662269954807417	0.22858055408794858	0.8149226007305488	[846, 10, 734, 19, 241, 132, 1714, 2168]	{5 7 8 1 }331511
282	0.49385948086193154	0.6675954161443137	0.22858055408794858	0.6648552371156095	[1579, 1580, 438, 2627, 301, 2728, 496, 3366]	{3 1 2 7 }345509
283	0.49507586776018964	0.6689582264826434	0.22858055408794858	0.9382931158531802	[10, 232, 1792, 496, 217, 132, 19, 1987]	{6 6 4 6 }346099
284	0.4962893313653497	0.6703154494972462	0.22858055408794858	0.7561241212438912	[87, 1265, 193, 232, 1792, 496, 2728, 301]	{6 2 4 3 }327630
285	0.49749987870284296	0.6723330856553265	0.22858055408794858	1.0782855790974435	[1879, 496, 2728, 301, 2627, 438, 2729, 969]	{2 5 7 1 }379182
286	0.4987075167812167	0.6735085489162886	0.22858055408794858	0.6236337952085094	[1849, 420, 158, 10, 734, 19, 422, 432]	{4 5 4 3 }382811
287	0.499912252592175	0.6750383401802169	0.22858055408794858	0.8290986118529268	[241, 1587, 132, 19, 734, 10, 232, 2047]	{8 1 5 7 }352055
288	0.5011140931106188	0.6763706356149737	0.22858055408794858	0.957856883316601	[1879, 496, 2728, 301, 10, 158, 420, 1791]	{7 5 5 3 }382663
289	0.5023130452946867	0.67769746883266	0.22858055408794858	0.8929150890219418	[734, 19, 132, 217, 261, 2627, 438, 3366]	{8 6 2 7 }347329
290	0.5035091160857952	0.6787091606506379	0.22858055408794858	1.05983192072312	[1820, 10, 107, 162, 1583, 1013, 156, 1529]	{7 8 6 2 }352701
291	0.5047023124086787	0.6797176768176805	0.22858055408794858	0.47989498236885453	[1726, 132, 19, 734, 10, 158, 420, 1791]	{2 4 7 6 }336242
292	0.5058926411714294	0.6812183749167229	0.22858055408794858	1.055457086958556	[1791, 420, 1879, 496, 2729, 438, 1580, 301]	{4 6 7 8 }315374
293	0.5070801092655379	0.6827120414232564	0.22858055408794858	0.5779191927265845	[1265, 193, 232, 10, 734, 19, 132, 1032]	{1 4 3 8 }343188
294	0.5082647235659328	0.684012875801532	0.22858055408794858	0.8320135995661408	[1580, 438, 10, 232, 1792, 496, 2728, 301]	{6 2 6 2 }383669
295	0.5094464909310201	0.6850047438671663	0.22858055408794858	0.8012728503929332	[421, 438, 1580, 301, 10, 158, 420, 1791]	{8 6 4 8 }382425
296	0.5106254182027237	0.6859934985076501	0.22858055408794858	0.6901763035950244	[1849, 420, 158, 10, 734, 19, 400, 4079]	{2 1 2 5 }348894
297	0.5118015122065243	0.68746479094488	0.22858055408794858	0.794991004294901	[394, 193, 232, 10, 734, 19, 241, 1729]	{7 3 7 6 }348217
298	0.5129747797514992	0.689138389374996	0.22858055408794858	0.8663170998048271	[734, 10, 438, 2729, 496, 1792, 232, 2047]	{1 8 1 3 }380092
299	0.5141452276303617	0.6902535657523976	0.22858055408794858	0.686065351567182	[377, 162, 107, 10, 232, 1792, 496, 3366]	{3 7 2 4 }349207
300	0.5153128626195008	0.6915234809802713	0.22858055408794858	0.9025419497763941	[1549, 162, 10, 232, 193, 1265, 87, 1815]	{8 8 3 2 }352269
301	0.5164776914790197	0.6927881897408297	0.22858055408794858	1.0724723837836987	[2627, 438, 1580, 1579, 4018, 241, 132, 19]	{8 7 3 8 }390115
302	0.5176397209527754	0.6938902729249545	0.22858055408794858	0.45855315010286146	[1549, 162, 10, 734, 19, 132, 241, 2872]	{1 8 4 7 }355097
303	0.5187989577684178	0.6953245646490671	0.22858055408794858	0.8603156862729713	[87, 1265, 193, 394, 432, 422, 19, 1987]	{1 1 5 4 }346894
304	0.5199554086374283	0.6967521359309071	0.22858055408794858	0.6908642302209882	[377, 162, 10, 232, 1792, 496, 2728, 301]	{2 7 6 5 }342853
305	0.521109080255159	0.6979954079683623	0.22858055408794858	1.5482593166700607	[193, 1265, 87, 160, 837, 162, 10, 161]	{7 2 2 7 }373530
306	0.5222599793008715	0.6996126158747613	0.22858055408794858	0.739454418296801	[846, 10, 734, 19, 132, 1032, 370, 4612]	{5 2 3 2 }341366
307	0.5234081124377751	0.7004376544664139	0.22858055408794858	0.7964213510783894	[846, 10, 107, 1549, 162, 1583, 1013, 156]	{3 1 8 1 }339367
308	0.5245534863130658	0.7020417843586031	0.22858055408794858	0.8691547715913189	[2636, 162, 1583, 1579, 1580, 438, 2729, 301]	{7 6 8 6 }386778
309	0.5256961075579647	0.7032633696085906	0.22858055408794858	1.2328531321931284	[77, 19, 734, 10, 438, 2627, 261, 217]	{2 1 1 1 }347585
310	0.5268359827877562	0.7046537432412034	0.22858055408794858	0.9303787370559462	[1851, 159, 10, 232, 1792, 496, 2729, 301]	{8 5 5 4 }344865
311	0.5279731186018268	0.7058646198405243	0.22858055408794858	0.8137005715497756	[421, 438, 2627, 301, 10, 158, 420, 1791]	{2 2 6 4 }392485
312	0.5291075215837026	0.7067878963546967	0.22858055408794858	0.7097705947614472	[837, 162, 1549, 107, 10, 158, 420, 1582]	{6 1 7 6 }360130
313	0.5302391983010879	0.7085823248209362	0.22858055408794858	0.7980200301683487	[1580, 438, 2729, 301, 2627, 261, 217, 132]	{6 1 4 7 }329639
314	0.5313681553059033	0.7092826770523923	0.22858055408794858	0.583330290527021	[377, 162, 1549, 107, 10, 734, 19, 409]	{6 3 8 4 }349785
315	0.5324943991343231	0.7106448469329256	0.22858055408794858	1.1088568962093286	[394, 193, 232, 10, 846, 162, 420, 1791]	{6 8 8 2 }358313
316	0.5336179363068136	0.7116828716370087	0.22858055408794858	0.876096548565412	[257, 320, 232, 10, 734, 19, 422, 432]	{1 7 7 8 }342049
317	0.534738773328171	0.7130337952913544	0.22858055408794858	0.5746670623715742	[320, 232, 10, 734, 19, 132, 1714, 2168]	{6 4 1 3 }294843
318	0.5358569166875584	0.714378389128494	0.22858055408794858	0.6079588387919129	[1742, 400, 19, 734, 10, 158, 420, 1791]	{8 1 7 4 }332881
319	0.536972372858544	0.7154030202261676	0.22858055408794858	0.8379991176504022	[1580, 438, 2627, 301, 10, 158, 420, 1582]	{2 2 8 3 }298883
320	0.5380851482991382	0.7167365129468904	0.22858055408794858	1.1730984371242512	[87, 1265, 193, 842, 157, 320, 232, 2047]	{1 5 3 5 }389437
321	0.5391952494518312	0.7182533638920192	0.22858055408794858	0.8109285519905401	[377, 162, 1583, 1579, 1580, 438, 2729, 301]	{3 2 2 3 }394401
322	0.5403026827436301	0.7197620922343598	0.22858055408794858	0.9449788227790046	[1579, 1580, 438, 2729, 496, 1879, 232, 2047]	{4 2 1 8 }339579
323	0.5414074545860965	0.7207674099838379	0.22858055408794858	0.7799868407295917	[87, 415, 1265, 193, 232, 10, 734, 19]	{6 8 8 6 }335639
324	0.5425095713753831	0.721643907371584	0.22858055408794858	0.4711263834307338	[1019, 1799, 232, 10, 734, 19, 132, 241]	{4 6 1 5 }388069
325	0.5436090394922712	0.7227851267746705	0.22858055408794858	0.4307214741276705	[1792, 232, 10, 734, 19, 132, 241, 1729]	{3 1 8 5 }391180
326	0.5447058653022072	0.7236552906484945	0.22858055408794858	0.7410592884839474	[1265, 193, 232, 10, 734, 19, 400, 4079]	{8 6 1 3 }358939
327	0.5458000551553399	0.7246466420452433	0.22858055408794858	1.035077081416303	[320, 232, 10, 438, 1580, 1579, 4018, 2197]	{1 5 7 6 }360158
328	0.5468916153865568	0.7257755506738843	0.22858055408794858	0.9685730538916988	[193, 842, 157, 10, 734, 19, 132, 217]	{7 6 3 2 }354485
329	0.5479805523155213	0.726899830941712	0.22858055408794858	0.7439918209191354	[377, 162, 107, 734, 10, 158, 420, 1791]	{8 3 5 6 }326116
330	0.5490668722467089	0.728179454807562	0.22858055408794858	0.9166131830661454	[394, 193, 232, 10, 734, 2229, 1529, 156]	{2 6 7 5 }340312
331	0.5501505814694436	0.7296350298100799	0.22858055408794858	0.5882051637578561	[10, 232, 1792, 496, 2729, 438, 2627, 301]	{4 8 7 4 }341553
332	0.5512316862579348	0.730377609379083	0.22858055408794858	0.7766891816227435	[2309, 420, 162, 107, 10, 734, 19, 1987]	{4 7 4 7 }324994
333	0.5523101928713134	0.7311181493923851	0.22858055408794858	0.38288381031244606	[377, 162, 1549, 107, 10, 734, 19, 132]	{6 3 1 3 }370561
334	0.5533861075536677	0.7322205257842712	0.22858055408794858	1.127350826880845	[421, 438, 1580, 301, 10, 162, 420, 1791]	{3 1 3 3 }336491
335	0.5544594365340798	0.7336544612087619	0.22858055408794858	0.6333731672144804	[1794, 1791, 420, 158, 10, 734, 19, 400]	{7 2 3 6 }385502
336	0.5555301860266624	0.7347464390919257	0.22858055408794858	0.6266441174695252	[1799, 232, 10, 734, 19, 132, 241, 89]	{4 7 8 3 }387200
337	0.556598362230593	0.7359892973010952	0.22858055408794858	0.967461462550476	[421, 438, 2729, 496, 1792, 232, 10, 161]	{5 3 6 5 }390307
338	0.5576639713301517	0.7372263320388556	0.22858055408794858	1.0417411698680654	[1807, 157, 320, 232, 10, 734, 2229, 1529]	{3 1 4 4 }357065
339	0.558727019494756	0.7381689990556166	0.22858055408794858	0.7953018623005227	[2051, 1849, 420, 162, 107, 10, 232, 2047]	{6 8 2 5 }334524
340	0.5597875128789963	0.7392424679917042	0.22858055408794858	0.6162559286645557	[837, 162, 1549, 107, 10, 734, 19, 3308]	{1 7 1 3 }328019
341	0.5608454576226725	0.7406388015361052	0.22858055408794858	1.0394755753930618	[1020, 1018, 415, 733, 734, 10, 232, 2047]	{5 2 2 6 }351348
342	0.5619008598508284	0.7417021446420522	0.22858055408794858	0.5954282982912226	[1849, 420, 158, 10, 734, 19, 132, 1715]	{8 6 1 8 }329830
343	0.5629537256737882	0.7426287552519939	0.22858055408794858	0.6834512404795346	[837, 162, 107, 10, 734, 19, 422, 432]	{1 3 1 8 }337111
344	0.5640040611871913	0.7434366309504914	0.22858055408794858	0.8947684270691777	[1579, 1580, 301, 10, 734, 19, 241, 1126]	{1 4 1 2 }335162
345	0.5650518724720273	0.7442419707668437	0.22858055408794858	0.7545799596922109	[2636, 162, 1549, 232, 10, 158, 420, 1791]	{8 8 1 3 }332054
346	0.5660971655946722	0.7452905414041882	0.22858055408794858	0.7516166966317038	[87, 1265, 415, 733, 734, 19, 132, 241]	{2 3 4 5 }350082
347	0.5671399466069225	0.7462042790984492	0.22858055408794858	0.5532186937833052	[2149, 420, 158, 10, 734, 19, 132, 217]	{4 1 7 6 }331540
348	0.568180221546031	0.7471147388752803	0.22858055408794858	0.7613660933516148	[2238, 1549, 162, 107, 10, 734, 2229, 1529]	{4 5 3 1 }351735
349	0.569217996434741	0.7477224877251818	0.22858055408794858	0.6576223988608134	[377, 162, 1549, 232, 10, 734, 19, 132]	{7 4 3 7 }341119
350	0.5702532772813219	0.748756788750361	0.22858055408794858	0.9698304867320129	[1743, 1742, 400, 19, 132, 217, 241, 1031]	{5 7 5 2 }342541
351	0.5712860700796036	0.7497868492921098	0.22858055408794858	0.7630068283960101	[87, 1265, 193, 232, 10, 494, 2229, 1529]	{7 3 4 7 }384921
352	0.5723163808090113	0.7509592349420322	0.22858055408794858	0.9298466895404742	[107, 162, 846, 10, 734, 19, 422, 432]	{8 1 3 3 }376210
353	0.5733442154346	0.7522928262346613	0.22858055408794858	0.7910998227613809	[1580, 301, 2729, 496, 1792, 232, 10, 1873]	{5 2 5 6 }389856
354	0.5743695799070891	0.7531814441252417	0.22858055408794858	1.0049957014398347	[2047, 232, 10, 415, 733, 734, 19, 132]	{6 5 7 6 }354608
355	0.5753924801628971	0.7539561954515784	0.22858055408794858	0.47989498236885453	[1794, 1791, 420, 158, 10, 734, 19, 132]	{8 6 2 3 }350133
356	0.5764129221241756	0.7549649391837832	0.22858055408794858	1.0321587262717475	[2047, 232, 193, 394, 432, 422, 19, 1460]	{5 8 7 8 }353916
357	0.5774309116988436	0.7556379480788472	0.22858055408794858	0.7485185680714544	[1549, 162, 107, 10, 734, 19, 241, 217]	{2 5 5 4 }345737
358	0.5784464547806221	0.7562252134471575	0.22858055408794858	0.904560270421521	[1549, 162, 420, 158, 10, 438, 1580, 301]	{4 4 5 7 }384601
359	0.5794595572490676	0.757224654536341	0.22858055408794858	0.6796361463493921	[1549, 107, 10, 232, 1792, 496, 2728, 301]	{6 7 1 6 }392432
360	0.580470224969607	0.7579867144237479	0.22858055408794858	0.5746429876726563	[1791, 420, 158, 10, 734, 19, 400, 4079]	{8 2 1 1 }400294
361	0.5814784637935708	0.7586514237652353	0.22858055408794858	0.8651536025005631	[420, 158, 10, 232, 193, 1265, 87, 1815]	{2 4 2 4 }391334
362	0.582484279558227	0.7599438240663676	0.22858055408794858	0.6346335424485795	[1579, 1580, 438, 2627, 261, 217, 132, 19]	{8 8 5 2 }352209
363	0.5834876780868156	0.7608049949781193	0.22858055408794858	0.758125668227176	[377, 162, 1549, 107, 10, 438, 1580, 301]	{2 2 6 2 }355423
364	0.5844886651885814	0.7616630765490683	0.22858055408794858	0.9012349270039088	[394, 193, 232, 10, 158, 1557, 15, 432]	{5 3 8 5 }308583
365	0.5854872466588084	0.7626402231922254	0.22858055408794858	0.886227797056727	[3136, 1468, 2307, 420, 158, 10, 232, 2047]	{6 6 2 5 }339083
366	0.5864834282788529	0.7633852838755645	0.22858055408794858	0.47989498236885453	[1794, 1791, 420, 158, 10, 734, 19, 132]	{6 7 3 2 }331212
367	0.5874772158161772	0.7640351656032012	0.22858055408794858	0.8855258637450084	[1849, 420, 158, 10, 162, 1583, 1013, 156]	{5 7 8 2 }317912
368	0.5884686150243825	0.7647758476308139	0.22858055408794858	0.7958747899048175	[2238, 1549, 107, 10, 734, 19, 422, 432]	{5 8 6 4 }325233
369	0.5894576316432434	0.7656196842743577	0.22858055408794858	1.1663153518986251	[2654, 232, 1792, 496, 217, 132, 19, 1987]	{6 6 2 7 }331813
370	0.5904442713987395	0.7670540681392648	0.22858055408794858	1.1047590366172475	[2875, 836, 320, 232, 1792, 496, 2729, 301]	{5 8 5 8 }333952
371	0.5914285400030896	0.7678897319573239	0.22858055408794858	0.9510243867840482	[195, 1583, 162, 107, 10, 734, 19, 1987]	{2 8 1 2 }374031
372	0.5924104431547851	0.7686183146904377	0.22858055408794858	0.8939523705284	[1879, 232, 10, 107, 1549, 162, 420, 1791]	{1 3 1 6 }343725
373	0.5933899865386218	0.7694483669735157	0.22858055408794858	0.6463112831801456	[1265, 193, 232, 10, 734, 19, 132, 1715]	{4 1 5 5 }352865
374	0.5943671758257337	0.7702754415499022	0.22858055408794858	0.9601410667079238	[107, 162, 10, 232, 193, 1265, 87, 1529]	{3 1 6 8 }348731
375	0.5953420166736256	0.7712172787520026	0.22858055408794858	0.58113542247912	[2636, 162, 107, 10, 734, 19, 132, 1031]	{2 6 7 6 }339266
376	0.596314514726206	0.7722892511027064	0.22858055408794858	0.8883177168330967	[1579, 1580, 438, 2627, 301, 2729, 496, 217]	{3 6 3 7 }335172
377	0.5972846756138193	0.7732228319791986	0.22858055408794858	0.5954285011384068	[420, 158, 10, 232, 1792, 496, 2729, 301]	{1 5 6 6 }300480
378	0.5982525049532789	0.7740363661438141	0.22858055408794858	0.9428155554601695	[1265, 193, 232, 10, 734, 2229, 1529, 156]	{7 4 5 2 }303588
379	0.5992180083478995	0.7749627841033192	0.22858055408794858	0.7728116713358142	[331, 808, 1265, 193, 232, 10, 734, 19]	{2 1 8 6 }308589
380	0.6001811913875297	0.7755808672768636	0.22858055408794858	0.5408150808620928	[1549, 162, 107, 10, 734, 19, 422, 432]	{8 4 7 1 }331705
381	0.6011420596485841	0.7767826119038096	0.22858055408794858	1.059014382226549	[394, 193, 1265, 87, 1529, 2229, 494, 2626]	{1 6 2 1 }377695
382	0.6021006186940759	0.7778285076206285	0.22858055408794858	1.1668247109232335	[715, 494, 2229, 734, 19, 132, 241, 1031]	{7 4 6 1 }336669
383	0.6030568740736487	0.7784387198494537	0.22858055408794858	0.5873657943135415	[377, 162, 420, 158, 10, 734, 19, 132]	{3 8 5 4 }387546
384	0.604010831323609	0.779476855793516	0.22858055408794858	0.6980097920181575	[1579, 1580, 438, 2729, 301, 2728, 496, 3366]	{2 5 8 3 }390940
385	0.6049624959669582	0.7806577377461895	0.22858055408794858	1.0639070738844905	[421, 438, 2627, 301, 1580, 1579, 4018, 2197]	{4 3 6 3 }388148
386	0.6059118735134243	0.7816854763760751	0.22858055408794858	0.8086974034760315	[2627, 438, 2729, 301, 10, 734, 19, 1460]	{2 6 3 3 }385393
387	0.6068589694594942	0.782854531360674	0.22858055408794858	0.8360206903215943	[1879, 496, 1792, 232, 10, 734, 2229, 494]	{4 4 1 8 }345395
388	0.6078037892884451	0.7835361403233393	0.22858055408794858	0.9358260537786373	[1549, 162, 107, 232, 10, 494, 2229, 1529]	{1 6 1 7 }321695
389	0.6087463384703768	0.7844236105935151	0.22858055408794858	0.9811490755520622	[420, 158, 10, 232, 1879, 496, 2729, 301]	{1 1 5 8 }303184
390	0.6096866224622426	0.785307442364952	0.22858055408794858	0.5775187919289021	[241, 132, 19, 734, 10, 438, 2627, 301]	{8 2 7 5 }340872
391	0.6106246467078815	0.7860776245312129	0.22858055408794858	1.0408109383126356	[87, 1265, 808, 331, 241, 132, 19, 409]	{3 5 6 3 }335185
392	0.6115604166380499	0.7868450437671899	0.22858055408794858	1.0516846418208712	[1580, 438, 2627, 301, 10, 107, 162, 3284]	{3 4 7 3 }302865
393	0.612493937670452	0.7877189480155934	0.22858055408794858	1.103952498328286	[359, 158, 10, 734, 19, 1126, 241, 1031]	{1 4 4 8 }298250
394	0.6134252152097724	0.7885892693839697	0.22858055408794858	0.6637622058578585	[377, 162, 10, 734, 19, 132, 1032, 370]	{4 2 6 2 }378220
395	0.6143542546477068	0.7894560225616046	0.22858055408794858	1.021684979831952	[1879, 496, 1792, 232, 10, 158, 420, 1661]	{1 7 1 6 }351865
396	0.6152810613629928	0.790442536408411	0.22858055408794858	1.0804477688957033	[320, 232, 10, 415, 733, 734, 19, 3308]	{2 7 2 6 }345607
397	0.616205640721442	0.7911003269958566	0.22858055408794858	0.6412219973493624	[1549, 162, 846, 10, 734, 19, 132, 241]	{6 3 7 2 }339588
398	0.6171279980759704	0.7917560528109506	0.22858055408794858	0.8878242152765533	[1580, 438, 2627, 301, 10, 734, 2229, 494]	{6 5 7 8 }374225
399	0.6180481387666295	0.7928711807485369	0.22858055408794858	0.6067701353765611	[1743, 1742, 400, 19, 734, 10, 232, 2047]	{3 2 6 8 }345899
400	0.6189660681206373	0.7934400770416471	0.22858055408794858	0.40301095753191163	[1549, 162, 107, 10, 734, 19, 132, 217]	{7 6 3 8 }386348
401	0.6198817914524092	0.7945461871782717	0.22858055408794858	1.0252602206252939	[359, 158, 10, 232, 193, 1265, 808, 331]	{2 1 2 5 }350093
402	0.6207953140635885	0.7950399459600013	0.22858055408794858	0.9858576697221664	[1549, 162, 107, 10, 301, 2627, 261, 217]	{4 5 4 3 }394524
403	0.6217066412430774	0.7960002960674357	0.22858055408794858	1.1557673043368886	[320, 232, 193, 1265, 808, 331, 241, 1031]	{5 1 3 5 }341124
404	0.6226157782670674	0.7967321189849234	0.22858055408794858	0.8506231893044544	[2309, 420, 158, 10, 734, 19, 241, 217]	{1 3 5 7 }349882
405	0.6235227303990702	0.7979760978910837	0.22858055408794858	1.249180291543862	[1535, 496, 2728, 301, 2627, 261, 217, 132]	{8 5 8 6 }350143
406	0.6244275028899477	0.7984616137080721	0.22858055408794858	0.9237472866203794	[320, 232, 10, 158, 420, 107, 162, 3284]	{2 4 7 1 }350215
407	0.6253301009779426	0.7992878917130954	0.22858055408794858	0.5486569155892225	[19, 734, 10, 232, 1792, 496, 2728, 301]	{8 2 4 5 }334490
408	0.6262305298887088	0.8000079208005405	0.22858055408794858	0.7403904235932837	[1579, 1580, 301, 2627, 261, 217, 132, 241]	{8 2 5 6 }336834
409	0.6271287948353417	0.800827859171894	0.22858055408794858	0.7102416530542501	[19, 132, 217, 261, 2627, 438, 1580, 301]	{2 6 1 3 }345527
410	0.6280249010184079	0.801374901795018	0.22858055408794858	0.6209507729687634	[837, 162, 1549, 107, 10, 734, 19, 400]	{1 6 5 4 }351329
411	0.6289188536259762	0.8018522494049924	0.22858055408794858	0.7005649579847937	[1549, 162, 107, 232, 10, 734, 19, 1987]	{6 7 7 2 }350578
412	0.629810657833647	0.8025630791863043	0.22858055408794858	0.5191529685340931	[1792, 232, 10, 734, 19, 132, 1032, 370]	{1 6 5 1 }349803
413	0.6307003188045821	0.8036203364525167	0.22858055408794858	0.7477836847950751	[241, 132, 217, 261, 2627, 438, 2729, 301]	{4 6 4 8 }388124
414	0.6315878416895351	0.8041597093077192	0.22858055408794858	0.4216151515430648	[377, 162, 1549, 107, 10, 158, 420, 1791]	{8 8 5 7 }348699
415	0.6324732316268808	0.8048622613709489	0.22858055408794858	0.8907307119703716	[2636, 162, 1549, 232, 10, 734, 19, 241]	{5 8 3 7 }356971
416	0.6333564937426458	0.8055622931182629	0.22858055408794858	0.8551421671947098	[837, 162, 1549, 107, 10, 438, 2627, 301]	{5 3 8 3 }360445
417	0.6342376331505366	0.8061726235318843	0.22858055408794858	0.8473167650042569	[2051, 1849, 420, 158, 10, 438, 2627, 301]	{4 8 6 6 }340418
418	0.6351166549519708	0.8070808109476555	0.22858055408794858	1.0495427856869841	[1742, 1743, 193, 232, 10, 734, 2229, 494]	{2 6 1 8 }344991
419	0.6359935642361056	0.8078717515004392	0.22858055408794858	0.7011111248010313	[2636, 162, 107, 10, 734, 19, 241, 1126]	{4 2 2 1 }321567
420	0.6368683660798682	0.8086594493122542	0.22858055408794858	0.6834616477765454	[1726, 132, 19, 734, 10, 158, 420, 1582]	{5 6 8 5 }329140
421	0.6377410655479837	0.8092600579046753	0.22858055408794858	0.609014861572681	[1849, 420, 158, 10, 734, 19, 241, 1031]	{5 3 5 7 }375009
422	0.6386116676930063	0.809944313117868	0.22858055408794858	0.9108688498752116	[1549, 162, 107, 420, 158, 1557, 15, 432]	{6 4 5 2 }336461
423	0.6394801775553467	0.8106261136527608	0.22858055408794858	1.007971722726053	[2636, 162, 1549, 232, 10, 734, 2229, 494]	{1 1 4 6 }349957
424	0.6403466001633031	0.8112205489823943	0.22858055408794858	1.187292391134736	[1792, 232, 1549, 162, 420, 158, 10, 1873]	{2 2 4 6 }351170
425	0.641210940533089	0.8117390472304284	0.22858055408794858	0.4211648028270305	[420, 158, 10, 734, 19, 132, 241, 2872]	{4 5 1 3 }360583
426	0.6420732036688623	0.8123299891162147	0.22858055408794858	0.7350452596448958	[2149, 420, 158, 10, 734, 19, 241, 1126]	{3 4 4 7 }334650
427	0.642933394562755	0.8129190760644408	0.22858055408794858	0.8776103363584078	[2051, 1849, 420, 162, 10, 734, 19, 1987]	{8 4 2 7 }336292
428	0.6437915181949017	0.8135902050166969	0.22858055408794858	0.7161452938815767	[1792, 232, 10, 107, 162, 1583, 1013, 156]	{4 7 6 6 }288260
429	0.6446475795334683	0.81425892637944	0.22858055408794858	0.9102064762399075	[394, 193, 232, 10, 162, 1583, 1013, 156]	{8 2 7 1 }384800
430	0.6455015835346811	0.815020437705326	0.22858055408794858	0.7258381371767471	[193, 232, 1792, 496, 2729, 438, 1580, 301]	{7 5 6 5 }274930
431	0.6463535351428551	0.815528499247273	0.22858055408794858	0.4115028919152935	[2149, 420, 158, 10, 734, 19, 132, 241]	{8 1 4 6 }336867
432	0.6472034392904229	0.8161902672266952	0.22858055408794858	0.7948602392183894	[1580, 438, 2627, 261, 217, 132, 241, 2872]	{6 6 2 4 }337184
433	0.6480513008979631	0.8170515164952082	0.22858055408794858	0.8227492384114349	[320, 232, 10, 734, 19, 241, 4018, 2197]	{3 7 3 6 }325777
434	0.6488971248742291	0.8177078208445159	0.22858055408794858	0.8431545204447461	[160, 107, 1549, 162, 10, 158, 420, 1791]	{8 3 7 3 }343299
435	0.6497409161161771	0.8184551922058494	0.22858055408794858	0.6781585653026645	[87, 1265, 193, 232, 10, 158, 420, 1582]	{5 4 4 4 }330087
436	0.6505826795089948	0.8191994994535478	0.22858055408794858	0.8680003055937398	[1743, 1742, 400, 19, 132, 1031, 241, 1126]	{3 2 3 7 }336460
437	0.6514224199261295	0.8196960828595896	0.22858055408794858	0.9376941545947532	[193, 232, 10, 734, 19, 132, 1031, 227]	{4 2 6 6 }403604
438	0.652260142229316	0.8205409054617677	0.22858055408794858	0.6806215359510435	[1579, 1580, 438, 2729, 301, 2627, 261, 217]	{1 6 2 2 }351087
439	0.6530958512686056	0.8212766615891567	0.22858055408794858	0.9794352677018292	[2047, 232, 1792, 496, 217, 132, 241, 1031]	{7 5 5 8 }389827
440	0.6539295518823933	0.8218376653718358	0.22858055408794858	0.8883192861557898	[394, 193, 232, 10, 107, 1549, 162, 3284]	{2 2 1 5 }403203
441	0.6547612488974466	0.8222658356554041	0.22858055408794858	0.910370517333068	[87, 415, 733, 734, 19, 132, 241, 1031]	{7 8 3 1 }373630
442	0.6555909471289323	0.8229034342998163	0.22858055408794858	0.9849419542522861	[2875, 836, 320, 232, 10, 734, 19, 409]	{4 5 1 5 }346991
443	0.6564186513804459	0.8236295044033611	0.22858055408794858	1.0499370658246383	[1020, 1018, 415, 87, 1265, 193, 232, 10]	{4 5 8 1 }387421
444	0.6572443664440382	0.8243525977253225	0.22858055408794858	0.9534669084283829	[1265, 193, 394, 432, 422, 19, 132, 168]	{5 3 2 8 }343684
445	0.6580680971002433	0.8250727264700712	0.22858055408794858	0.675006914576907	[377, 162, 1549, 107, 10, 734, 2229, 494]	{4 4 6 7 }297938
446	0.6588898481181069	0.8257899027919413	0.22858055408794858	0.6986454041652321	[2627, 438, 2729, 301, 10, 158, 420, 1791]	{5 5 7 3 }325377
447	0.6597096242552133	0.8263367397321173	0.22858055408794858	0.5408150808620928	[1549, 162, 107, 10, 734, 19, 422, 432]	{8 3 3 1 }334770
448	0.6605274302577127	0.8268137201222574	0.22858055408794858	0.46486182107159085	[2238, 1549, 162, 107, 10, 734, 19, 132]	{6 5 3 5 }347753
449	0.6613432708603496	0.8275237586239427	0.22858055408794858	0.9350928380605927	[1849, 420, 162, 10, 734, 19, 241, 1031]	{1 8 8 4 }342962
450	0.6621571507864894	0.828331904278037	0.22858055408794858	1.2165624565618054	[1791, 1792, 232, 10, 734, 2229, 494, 2626]	{8 5 2 4 }352815
451	0.662969074748146	0.82913626332713	0.22858055408794858	0.7444844515535107	[1580, 438, 2627, 301, 10, 734, 19, 1460]	{6 1 6 5 }386279
452	0.6637790474460092	0.8298367797402386	0.22858055408794858	0.7671398196578567	[1580, 438, 2627, 261, 217, 132, 19, 3308]	{5 8 4 5 }347879
453	0.664587073569472	0.8302457260779905	0.22858055408794858	0.7329071227033257	[420, 162, 107, 10, 734, 19, 132, 1032]	{8 2 4 3 }352436
454	0.6653931577966572	0.8310411178237725	0.22858055408794858	0.7828071744138969	[394, 193, 1265, 415, 10, 158, 420, 1791]	{8 7 7 7 }385214
455	0.666197304794445	0.8315714714578357	0.22858055408794858	0.571780156306666	[1794, 1791, 420, 158, 10, 734, 19, 1987]	{2 7 1 7 }386670
456	0.6669995192185001	0.8320340742278796	0.22858055408794858	0.3193425374706503	[377, 162, 107, 10, 734, 19, 132, 241]	{5 7 6 2 }388434
457	0.6677998057132982	0.8326366305623618	0.22858055408794858	0.953143068146215	[1791, 420, 158, 10, 301, 2627, 261, 217]	{3 7 3 6 }330331
458	0.6685981689121532	0.8333370910929323	0.22858055408794858	1.3300105019900292	[377, 162, 107, 10, 734, 811, 669, 4407]	{2 7 3 3 }329202
459	0.6693946134372437	0.8339349730206123	0.22858055408794858	0.7953018623005227	[2051, 1849, 420, 162, 107, 10, 232, 2047]	{1 7 3 2 }320159
460	0.6701891438996405	0.8344562429853215	0.22858055408794858	0.5035931623022096	[2238, 1549, 162, 107, 10, 158, 420, 1791]	{1 1 7 2 }333727
461	0.6709817648993324	0.8351349482573387	0.22858055408794858	0.45541408671804184	[2047, 232, 10, 734, 19, 132, 241, 1729]	{8 5 6 7 }380592
462	0.6717724810252532	0.8358108709366773	0.22858055408794858	0.5169954825889849	[241, 132, 19, 734, 10, 494, 2229, 1529]	{8 5 7 6 }347434
463	0.6725612968553089	0.8367084062631895	0.22858055408794858	0.5746429876726563	[1791, 420, 158, 10, 734, 19, 400, 4079]	{5 1 8 7 }350026
464	0.6733482169564027	0.837294194027711	0.22858055408794858	1.2475735449864138	[1820, 10, 107, 162, 1583, 1013, 156, 1540]	{2 7 2 1 }337852
465	0.6741332458844631	0.8379612641141498	0.22858055408794858	1.0132751082609488	[320, 232, 1799, 1019, 10, 734, 2229, 494]	{7 5 5 4 }336727
466	0.6749163881844692	0.8387205043385213	0.22858055408794858	0.7323648309443788	[87, 1265, 193, 232, 10, 734, 2229, 1529]	{1 8 1 6 }381892
467	0.6756976483904773	0.8392990739578425	0.22858055408794858	0.8978705540768555	[195, 1583, 162, 107, 10, 158, 420, 1791]	{4 4 2 4 }387353
468	0.6764770310256473	0.8399579243288244	0.22858055408794858	0.7943753544557384	[2636, 162, 420, 158, 10, 734, 19, 1460]	{8 5 5 8 }350390
469	0.6772545406022688	0.8404602885451472	0.22858055408794858	1.1286699146464527	[1849, 420, 158, 10, 107, 162, 2636, 301]	{5 4 3 4 }341041
470	0.6780301816217869	0.8412078194713726	0.22858055408794858	0.9924678001324089	[1265, 193, 394, 432, 422, 19, 241, 1031]	{8 7 6 2 }355332
471	0.678803958574829	0.8419518478057946	0.22858055408794858	0.8297158704907285	[1791, 420, 158, 10, 1820, 841, 1268, 1380]	{7 3 4 3 }328744
472	0.6795758759412301	0.8425998221907015	0.22858055408794858	0.6525341219862626	[1549, 107, 10, 734, 19, 132, 1032, 370]	{2 8 6 6 }329725
473	0.6803459381900592	0.8432451399750873	0.22858055408794858	0.8624069174244312	[988, 420, 158, 10, 232, 193, 394, 432]	{5 8 2 2 }292593
474	0.6811141497796445	0.8438878120506268	0.22858055408794858	1.1211772698754632	[87, 1265, 193, 232, 1792, 496, 217, 132]	{3 5 5 6 }346164
475	0.6818805151576002	0.8443165869809076	0.22858055408794858	0.3820828136324923	[320, 232, 10, 734, 19, 132, 241, 1729]	{6 4 8 3 }326315
476	0.6826450387608515	0.8452693537479328	0.22858055408794858	0.7980200301683487	[1580, 438, 2729, 301, 2627, 261, 217, 132]	{1 6 5 6 }343682
477	0.6834077250156605	0.8459943515698136	0.22858055408794858	0.6999178204163299	[1529, 2229, 494, 10, 734, 19, 132, 1032]	{5 2 3 2 }346044
478	0.6841685783376521	0.8467159523798259	0.22858055408794858	0.7017521242029752	[1580, 438, 2729, 496, 1792, 232, 10, 1873]	{2 8 4 3 }341605
479	0.6849276031318388	0.8472658393491266	0.22858055408794858	0.9033372416056704	[1265, 415, 733, 734, 19, 132, 241, 2872]	{6 5 4 1 }344246
480	0.6856848037926471	0.8477452643790715	0.22858055408794858	0.6283007684592643	[2309, 420, 158, 10, 734, 19, 241, 1031]	{4 1 1 3 }344872
481	0.6864401847039425	0.8482914588228646	0.22858055408794858	0.8346501978613127	[1791, 420, 158, 10, 301, 2627, 438, 3366]	{3 3 2 6 }345868
482	0.687193750239055	0.8487676644836466	0.22858055408794858	1.016186336279363	[1530, 156, 1529, 2229, 734, 10, 232, 2047]	{7 8 7 2 }346098
483	0.6879455047608041	0.8493101911974729	0.22858055408794858	0.5499847848759808	[1791, 420, 162, 107, 10, 734, 19, 132]	{7 2 4 3 }328602
484	0.6886954526215245	0.8499279974471188	0.22858055408794858	0.5367126567672513	[1265, 193, 232, 10, 734, 19, 132, 217]	{4 7 8 4 }298437
485	0.6894435981630911	0.8503401825127243	0.22858055408794858	0.3185994521415336	[420, 158, 10, 734, 19, 132, 241, 1031]	{1 3 2 6 }337483
486	0.6901899457169443	0.8508770680186974	0.22858055408794858	0.4614484735197566	[1549, 107, 10, 734, 19, 132, 241, 1126]	{8 7 6 3 }347334
487	0.6909344996041143	0.8513451575791856	0.2207872834051713	0.2207872834051713	[320, 232, 10, 734, 19, 132, 241, 1031]	{4 3 2 1 }328748
488	0.6916772641352477	0.8521411911257954	0.2207872834051713	0.6486059469237553	[1579, 1580, 301, 2728, 496, 1792, 232, 2047]	{6 5 2 5 }322097
489	0.6924182436106306	0.8527473906884175	0.2207872834051713	0.7566868763189217	[1549, 107, 10, 734, 19, 132, 1714, 2168]	{8 6 4 4 }304817
490	0.6931574423202151	0.8532096093978916	0.2207872834051713	0.8298657064369029	[377, 162, 107, 10, 734, 2229, 494, 2626]	{1 8 7 7 }315466
491	0.6938948645436429	0.8539956589697479	0.2207872834051713	0.573962807042313	[320, 232, 1792, 496, 2729, 438, 2627, 301]	{2 6 7 7 }342581
492	0.6946305145502709	0.8545194309201913	0.2207872834051713	0.8427144460378673	[837, 162, 1549, 107, 10, 438, 1580, 301]	{7 8 6 5 }341234
493	0.6953643965991958	0.8551158800463385	0.2207872834051713	0.8624069174244312	[988, 420, 158, 10, 232, 193, 394, 432]	{6 6 2 7 }343919
494	0.6960965149392779	0.855891721707303	0.2207872834051713	0.7017521242029752	[1580, 438, 2729, 496, 1792, 232, 10, 1873]	{6 8 3 5 }345353
495	0.6968268738091672	0.8562875269150161	0.2207872834051713	0.8852504878995069	[2309, 420, 162, 107, 10, 734, 19, 409]	{1 8 7 7 }350086
496	0.6975554774373266	0.8569608985610827	0.2207872834051713	1.4006191167500328	[193, 232, 10, 734, 19, 241, 1031, 1515]	{3 7 7 8 }333571
497	0.6982823300420571	0.8576311150921897	0.2207872834051713	0.7678701468856888	[87, 1265, 415, 733, 734, 10, 232, 2047]	{7 7 3 5 }303274
498	0.6990074358315221	0.8580780040305862	0.2207872834051713	0.9426703884618921	[988, 420, 158, 10, 734, 2229, 494, 2626]	{3 1 6 5 }340521
499	0.6997307990037714	0.8586598635257231	0.2207872834051713	0.4358605586643549	[87, 1265, 193, 232, 10, 734, 19, 132]	{1 3 5 4 }336275
