0	0.00240325927734375	0.0031389508928570953	0.7551771313211623	259965
1	0.004800742899533361	0.006268048773006463	0.7000351443569359	254201
2	0.0071924647469656655	0.00899741509412555	0.7000351443569359	259469
3	0.00957843866667929	0.01306038123122144	0.5846438992057731	429978
4	0.011958678472434925	0.017106689799424313	0.5846438992057731	315906
5	0.01433319794479504	0.02019194363306165	0.47989498236885453	293532
6	0.01670201083120393	0.024782881006709334	0.47989498236885453	1072828
7	0.019065130846067313	0.02878112903465191	0.41150289191529354	285631
8	0.021422571670831503	0.032265252854282056	0.41150289191529354	382141
9	0.023774346954062775	0.035736877824112834	0.41150289191529354	1812826
10	0.026120470311526423	0.03919604878217364	0.41150289191529354	527742
11	0.02846095532626547	0.04369794151486861	0.41150289191529354	458963
12	0.030795815548679273	0.04712855317238063	0.41150289191529354	3415355
13	0.03312506449660224	0.05011956985117827	0.26942594390034946	473266
14	0.03544871565538188	0.05352714473611897	0.26942594390034946	362291
15	0.03776678247795695	0.05740754547289684	0.26942594390034946	3675918
16	0.04007927838493508	0.06036629689963502	0.26942594390034946	510170
17	0.042386216764671025	0.0647689954251991	0.26942594390034946	376906
18	0.04468761097334362	0.06860330621290556	0.26942594390034946	4156074
19	0.04698347433503336	0.071944573051268	0.26942594390034946	498817
20	0.049273820141799596	0.07629302101177338	0.26942594390034946	499192
21	0.05155866165375744	0.07919249185820676	0.26942594390034946	4529939
22	0.0538380120991544	0.08172156521430907	0.26942594390034946	1051649
23	0.056111884674447055	0.08501577197175136	0.26942594390034946	796812
24	0.05838029254437771	0.08930297420636935	0.26942594390034946	4228927
25	0.06064324884205019	0.09311448519601906	0.26942594390034946	1375451
26	0.06290076666900601	0.09596115429243213	0.26942594390034946	911229
27	0.06515285909530044	0.09966758177574486	0.26942594390034946	7418791
28	0.06739953915957797	0.10388613225680399	0.26942594390034946	696698
29	0.06964081986914772	0.10756006848570732	0.26942594390034946	685052
30	0.07187671420005914	0.10970483303059109	0.26942594390034946	1606304
31	0.07410723509717665	0.11387635349223457	0.26942594390034946	443265
32	0.07633239547425485	0.11802832809582164	0.26942594390034946	833119
33	0.07855220821401321	0.12164428338332967	0.26942594390034946	682732
34	0.08076668616821081	0.12791563972259312	0.26942594390034946	432816
35	0.08297584215772047	0.13200183258103582	0.26942594390034946	492071
36	0.0851796889726033	0.13664988607468165	0.26942594390034946	640384
37	0.08737823937218236	0.14127304965255272	0.26942594390034946	490660
38	0.08957150608511699	0.14435362305542543	0.26942594390034946	492370
39	0.09175950180947601	0.1467037260194456	0.26942594390034946	854433
40	0.09394223921281164	0.15020211635555392	0.26942594390034946	463069
41	0.0961197309322328	0.15368616380125366	0.26942594390034946	535855
42	0.09829198957447793	0.15672220674042325	0.26942594390034946	526950
43	0.10045902771598825	0.16188298168238524	0.26942594390034946	402802
44	0.10262085790298059	0.1648896195829187	0.26942594390034946	506298
45	0.10477749265152003	0.16718331874788261	0.26942594390034946	1061567
46	0.10692894444759216	0.17059774573916764	0.26942594390034946	548672
47	0.10907522574717565	0.17320119868571737	0.26942594390034946	461700
48	0.11121634897631416	0.17547206941686622	0.26942594390034946	529869
49	0.11335232653118832	0.17806022210075578	0.26942594390034946	445065
50	0.11548317077818748	0.1814300553738485	0.26942594390034946	507571
51	0.11760889405398145	0.18436657064076312	0.26942594390034946	724793
52	0.11972950866559184	0.186606774761928	0.26942594390034946	423193
53	0.12184502689046317	0.1904179675082539	0.26942594390034946	571101
54	0.1239554609765342	0.19295920575198489	0.26942594390034946	1047090
55	0.1260608231423087	0.19626795536397112	0.26942594390034946	481166
56	0.12816112557692616	0.1984754713557083	0.26942594390034946	439925
57	0.13025638044023236	0.20099141749054317	0.2207872834051713	648216
58	0.1323465998628499	0.20426723620527765	0.2207872834051713	418788
59	0.13443179594624832	0.2064527815159931	0.2207872834051713	463933
60	0.13651198076281423	0.20894368726597778	0.2207872834051713	519534
61	0.13858716635592117	0.21142677418513445	0.2207872834051713	519883
62	0.14065736473999924	0.21465980945861007	0.2207872834051713	658698
63	0.14272258790060488	0.21747711722123464	0.2207872834051713	1101192
64	0.14478284779449002	0.22166745811789013	0.2207872834051713	632856
65	0.14683815634967146	0.22411060574517072	0.2207872834051713	634615
66	0.1488885254654998	0.22624164961366844	0.2207872834051713	606533
67	0.15093396701272854	0.22901740900201228	0.2207872834051713	419481
68	0.15297449283358266	0.23217832523697124	0.2207872834051713	376703
69	0.15501011474182713	0.23577599031030905	0.2207872834051713	614538
70	0.1570408445228355	0.2389091973471199	0.2207872834051713	504552
71	0.1590666939336579	0.24202955869181553	0.2207872834051713	555004
72	0.16108767470308916	0.24440879068531918	0.2207872834051713	624398
73	0.16310379853173695	0.24711937777230586	0.2207872834051713	484565
74	0.16511507709208928	0.24892874511240692	0.2207872834051713	625777
75	0.1671215220285821	0.25128632089853564	0.2207872834051713	688385
76	0.1691231449576669	0.2543559378409159	0.2207872834051713	483856
77	0.17111995746787756	0.25741296980129846	0.2207872834051713	373483
78	0.17311197111989796	0.2600769060544028	0.2207872834051713	704639
79	0.1750991974466285	0.2640391288458054	0.2207872834051713	574518
80	0.1770816479532532	0.26748750860444126	0.2207872834051713	521205
81	0.179059334117306	0.2709197308152701	0.2207872834051713	684220
82	0.18103226738873734	0.2729222095819518	0.2207872834051713	483798
83	0.18300045918998054	0.27590312253464966	0.2207872834051713	485712
84	0.18496392091601777	0.27850072772326095	0.2207872834051713	472654
85	0.18692266393444623	0.28048238466005615	0.2207872834051713	451607
86	0.18887669958554376	0.28306356232988217	0.2207872834051713	384789
87	0.19082603918233454	0.2853139906010286	0.2207872834051713	724685
88	0.1927706940106546	0.2872769343524295	0.2207872834051713	486333
89	0.19471067532921726	0.2898337374418859	0.2207872834051713	561277
90	0.19664599436967822	0.29274531559559536	0.2207872834051713	486400
91	0.19857666233670057	0.2949653533186839	0.2207872834051713	475226
92	0.2005026904080197	0.29717842245237935	0.2207872834051713	615467
93	0.20242408973450798	0.2991087795684464	0.2207872834051713	642105
94	0.20434087144023938	0.3019823314014839	0.2207872834051713	275282
95	0.20625304662255384	0.30525292647509217	0.2207872834051713	531177
96	0.20816062635212151	0.30743370342184306	0.2207872834051713	1053674
97	0.21006362167300685	0.30991819667327936	0.2207872834051713	468701
98	0.21196204360273252	0.3118135629543891	0.2207872834051713	443471
99	0.21385590313234326	0.3150380933237199	0.2207872834051713	2598354
100	0.2157452112264695	0.31749530679633087	0.2207872834051713	1707019
101	0.21762997882339075	0.3196376555124417	0.2207872834051713	553922
102	0.21951021683509908	0.3224270419466564	0.2207872834051713	2899248
103	0.22138593614736213	0.3242880516581066	0.2207872834051713	727496
104	0.22325714761978632	0.327906429438244	0.2207872834051713	748793
105	0.22512386208587953	0.33031747939641354	0.2207872834051713	3820826
106	0.2269860903531139	0.33271988002039	0.2207872834051713	539278
107	0.22884384320298856	0.33511366233855666	0.2207872834051713	1279934
108	0.23069713139109171	0.33720070790180756	0.2207872834051713	5464595
109	0.23254596564716323	0.33991808838143756	0.2207872834051713	1252924
110	0.23439035667515662	0.34262432799722065	0.2207872834051713	429120
111	0.23623031515330084	0.34531947242507455	0.2207872834051713	4023891
112	0.23806585173416261	0.34800356715365244	0.2207872834051713	494756
113	0.23989697704470747	0.3503912494028456	0.2207872834051713	457916
114	0.2417237016863618	0.35243033937054036	0.2207872834051713	5098309
115	0.24354603623507398	0.3544630287349604	0.2207872834051713	3774531
116	0.24536399124137553	0.35748772299848885	0.2207872834051713	1220450
117	0.2471775772304423	0.35979265383913517	0.2207872834051713	3654037
118	0.24898680470215562	0.36371065815056847	0.2207872834051713	2762627
119	0.2507916841311627	0.36631935169860275	0.2207872834051713	2644837
120	0.25259222596693753	0.3689173499833661	0.2207872834051713	5098449
121	0.25438844063384136	0.3715046968538789	0.2207872834051713	2417116
122	0.2561803385311828	0.3748702336708689	0.2207872834051713	925017
123	0.25796793003327845	0.376587203854268	0.2207872834051713	3882975
124	0.25975122548951257	0.37854406600734825	0.2207872834051713	829030
125	0.2615302352243972	0.3824265478940162	0.2207872834051713	257199
126	0.26330496953763205	0.38464201388132235	0.2207872834051713	254897
127	0.2650754387041637	0.3865735923812763	0.2207872834051713	271681
128	0.2668416529742458	0.38825841832993613	0.2207872834051713	318701
129	0.26860362257349746	0.3904529632259145	0.2207872834051713	320119
130	0.2703613577029633	0.3921271341643199	0.2207872834051713	342482
131	0.2721148685391722	0.39403521723927837	0.2207872834051713	383654
132	0.273864165234196	0.39593731093516504	0.2207872834051713	466975
133	0.27560925791570867	0.3978334340523467	0.2207872834051713	481107
134	0.27735015668704466	0.39948733392219804	0.2207872834051713	1862105
135	0.27908687162725754	0.4027030261901222	0.2207872834051713	487691
136	0.2808194127911783	0.4055599951337282	0.2207872834051713	452451
137	0.2825477902094734	0.40719267336975007	0.2207872834051713	2140594
138	0.28427201388870327	0.40931929404085665	0.2207872834051713	530169
139	0.2859920938113798	0.41174099883022997	0.2207872834051713	542119
140	0.28770803993602434	0.4138513029638906	0.2207872834051713	1829803
141	0.2894198621972255	0.41595403665064323	0.2207872834051713	433467
142	0.29112757050569615	0.41804922704850045	0.2207872834051713	628202
143	0.29283117474833154	0.4204351403851274	0.2207872834051713	1441506
144	0.29453068478826594	0.4231507191734104	0.2207872834051713	654355
145	0.29622611046492986	0.4252200923906614	0.2207872834051713	816400
146	0.29791746159410726	0.427024298294848	0.2207872834051713	2973284
147	0.2996047479679923	0.4305308517311518	0.2207872834051713	618103
148	0.30128797935524576	0.4328655922260587	0.2207872834051713	574319
149	0.30296716550105185	0.43590254686993646	0.2207872834051713	864022
150	0.30464231612717463	0.43767322107409745	0.2207872834051713	409372
151	0.3063134409320143	0.4403080300132547	0.2207872834051713	366506
152	0.3079805495906631	0.44293049342947755	0.2207872834051713	1846651
153	0.30964365175496167	0.44446053052638146	0.2207872834051713	454877
154	0.3113027570535547	0.44620434164010303	0.2207872834051713	479279
155	0.31295787509194684	0.44916986845942775	0.2207872834051713	4069405
156	0.31460901545255804	0.4511459012973842	0.2207872834051713	1073246
157	0.3162561876947795	0.4526533741026587	0.2207872834051713	505841
158	0.31789940135502837	0.45415670651021367	0.2207872834051713	3482396
159	0.3195386659468036	0.4561148497027392	0.2207872834051713	579733
160	0.3211739909607406	0.4590273066270417	0.2207872834051713	527272
161	0.32280538586466645	0.46096797716289817	0.2207872834051713	1956772
162	0.32443286010365446	0.4634936374115102	0.2207872834051713	1234421
163	0.326056423100079	0.4647830013047549	0.2207872834051713	592466
164	0.3276760842536699	0.4669773129794348	0.2207872834051713	4784140
165	0.3292918529415674	0.469162628296119	0.2207872834051713	1701293
166	0.3309037385183756	0.4710669396582582	0.2207872834051713	839422
167	0.3325117503162174	0.47296441954628254	0.2207872834051713	4479447
168	0.3341158976447879	0.4754338698920153	0.2207872834051713	668632
169	0.3357161897914087	0.47758451455809214	0.2207872834051713	479081
170	0.33731263602108175	0.4797263418945431	0.2207872834051713	3726481
171	0.33890524557654256	0.4818593880511344	0.2207872834051713	1025478
172	0.34049402767831405	0.48428716059775023	0.2207872834051713	1099488
173	0.34207899152475973	0.4875090234011795	0.2207872834051713	1934843
174	0.34366014629213726	0.48991032431194037	0.2207872834051713	421770
175	0.3452375011346511	0.49174020596101264	0.2207872834051713	472268
176	0.3468110651845061	0.4938239970262235	0.2207872834051713	3122372
177	0.34838084755195975	0.4961957088269128	0.2207872834051713	690954
178	0.34994685732537534	0.49855630785885663	0.2207872834051713	544115
179	0.35150910357127463	0.5001303149840206	0.2207872834051713	3213915
180	0.3530675953343899	0.5031894669803104	0.2207872834051713	656292
181	0.3546223416377169	0.5058498434884184	0.2207872834051713	555765
182	0.35617335148256646	0.5084959739153859	0.2207872834051713	4033217
183	0.3577206338486171	0.5102591819171244	0.2207872834051713	631682
184	0.3592641976939669	0.511436156081676	0.2207872834051713	480350
185	0.36080405195518517	0.5127780367565005	0.2207872834051713	3748737
186	0.36234020554736446	0.5143074025730432	0.2207872834051713	1296130
187	0.3638726673641719	0.5160497628157259	0.2207872834051713	886664
188	0.36540144627790083	0.5172128207130118	0.2207872834051713	382049
189	0.36692655113952244	0.5187282659604946	0.2207872834051713	3626744
190	0.36844799077873636	0.5204547669196605	0.2207872834051713	591270
191	0.3699657740040224	0.5227016989780336	0.2207872834051713	415696
192	0.3714799096026914	0.5246585524352119	0.2207872834051713	3445413
193	0.3729904063409356	0.5259641167138016	0.2207872834051713	755076
194	0.37449727296388025	0.5281852344509819	0.2207872834051713	478335
195	0.3760005181956336	0.5294811124081172	0.2207872834051713	2993785
196	0.3775001507393376	0.5309580480904299	0.2207872834051713	715973
197	0.3789961792772184	0.5334697263002152	0.2207872834051713	526470
198	0.38048861247063637	0.5351433441507006	0.2207872834051713	2646761
199	0.38197745896013646	0.5370491886763218	0.2207872834051713	1061604
200	0.383462727365498	0.5385023685388752	0.2207872834051713	556113
201	0.38494442628578507	0.5399509869412016	0.2207872834051713	3412759
202	0.3864225642993957	0.5413950582015006	0.2207872834051713	723609
203	0.38789714996411195	0.5435438735264624	0.2207872834051713	533717
204	0.3893681918171492	0.5447975677214886	0.2207872834051713	1602968
205	0.3908356983752058	0.5466638313377907	0.2207872834051713	438068
206	0.3922996781345123	0.5487879595749627	0.2207872834051713	743408
207	0.3937601395708803	0.5512041601841288	0.2207872834051713	5327556
208	0.3952170911397521	0.5524368147734668	0.2207872834051713	2858472
209	0.39667054127624946	0.554042390613326	0.2207872834051713	1100724
210	0.3981204983952221	0.5554422296494868	0.2207872834051713	4129624
211	0.3995669708912969	0.5568376746596551	0.2207872834051713	1715562
212	0.401009967138926	0.5582287394364628	0.2207872834051713	563867
213	0.4024494954924358	0.5598135374853594	0.2207872834051713	4049479
214	0.403885564286075	0.5625074341866534	0.2207872834051713	521013
215	0.4053181818340631	0.5643010899320615	0.2207872834051713	404062
216	0.4067473564306381	0.5654977727294893	0.2207872834051713	4062094
217	0.4081730963501049	0.5668616538837286	0.2207872834051713	492838
218	0.40959540984688314	0.5686374579631046	0.2207872834051713	433982
219	0.4110143051555549	0.5704059815046189	0.2207872834051713	3942056
220	0.41242979049091255	0.5721672543574151	0.2207872834051713	461474
221	0.4138418740480061	0.5737020497619045	0.2207872834051713	411834
222	0.4152505640021906	0.5754498092153224	0.2207872834051713	4250235
223	0.4166558685091739	0.5767824514157487	0.2207872834051713	530655
224	0.4180577957050633	0.57811091051775	0.2207872834051713	480920
225	0.419456353706413	0.5800876919657614	0.2207872834051713	3608663
226	0.420851550610271	0.5810968501157154	0.2207872834051713	572172
227	0.4222433944942261	0.5828142919656418	0.2207872834051713	431917
228	0.42363189341645446	0.5843108924807523	0.2207872834051713	287337
229	0.4250170554157664	0.5856157201759509	0.2207872834051713	260053
230	0.42639888851165286	0.5873146353173577	0.2207872834051713	271340
231	0.4277774007043319	0.5892482922739091	0.2207872834051713	699627
232	0.42915259997479493	0.590721811633577	0.2207872834051713	337280
233	0.43052449428485307	0.5920065157683767	0.2207872834051713	349294
234	0.43189309157718303	0.5934701403530724	0.2207872834051713	1800036
235	0.4332583997753733	0.5949285143712574	0.2207872834051713	415239
236	0.4346204267839697	0.5965892484140136	0.2207872834051713	402993
237	0.4359791804885218	0.5978555349528927	0.2207872834051713	3389001
238	0.43733466875562776	0.5997398020215224	0.2207872834051713	556098
239	0.43868689943298045	0.6013808104862666	0.2207872834051713	469838
240	0.44003588034941277	0.6030150910555193	0.2207872834051713	3431017
241	0.4413816193149427	0.6044392237805274	0.2207872834051713	386095
242	0.44272412412081874	0.6062926426611892	0.2207872834051713	432560
243	0.4440634025395652	0.607705017587867	0.2207872834051713	4092965
244	0.4453994623250269	0.6093133698298993	0.2207872834051713	794749
245	0.4467323112124141	0.6107149082831561	0.2207872834051713	732114
246	0.4480619569183474	0.6117841117210991	0.2207872834051713	3750160
247	0.44938840714090234	0.6133757402718052	0.2207872834051713	756309
248	0.450711669559654	0.6151872866782784	0.2207872834051713	412629
249	0.4520317518357214	0.6175423016260606	0.2207872834051713	2914713
250	0.453348661611812	0.6185927530681277	0.2207872834051713	262576
251	0.45466240651226575	0.6203798549123525	0.2207872834051713	256226
252	0.45597299414309944	0.6219362421689982	0.2207872834051713	257236
253	0.4572804320920506	0.623707677935595	0.2207872834051713	286932
254	0.45858472792862137	0.6254708135554303	0.2207872834051713	319638
255	0.45988588920412254	0.6264994886890977	0.2207872834051713	280491
256	0.461183923451717	0.6280307863393337	0.2207872834051713	641942
257	0.4624788381864636	0.6293651784482885	0.2207872834051713	298033
258	0.4637706409053606	0.6306947835957556	0.2207872834051713	497747
259	0.46505933908738883	0.6324251807988159	0.2207872834051713	1374812
260	0.46634494019355544	0.634393511478182	0.2207872834051713	491508
261	0.46762745166693676	0.6355411322917619	0.2207872834051713	522586
262	0.46890688093272137	0.6366851507799643	0.2207872834051713	1455156
263	0.47018323539825324	0.6376830248165184	0.2207872834051713	655600
264	0.4714565224530747	0.639168471598885	0.2207872834051713	511704
265	0.47272674946896887	0.6401595249911001	0.2207872834051713	1354722
266	0.4739939238000027	0.6412890465714154	0.2207872834051713	552876
267	0.4752580527825695	0.6425758763628923	0.2207872834051713	598700
268	0.47651914373543125	0.6447632759074589	0.2207872834051713	1743650
269	0.477777203959761	0.6460376423443341	0.2207872834051713	910388
270	0.47903224073918504	0.6470098289956101	0.2207872834051713	2368778
271	0.4802842613398256	0.648457037240435	0.2207872834051713	4610646
272	0.4815332730103422	0.6501042085569886	0.2207872834051713	598862
273	0.48277928298197414	0.6509450988638775	0.2207872834051713	1410411
274	0.48402229846858214	0.6519038067832578	0.2207872834051713	6269342
275	0.48526232666669	0.6540341203355706	0.2207872834051713	659284
276	0.4864993747555266	0.6558867370529977	0.2207872834051713	516261
277	0.48773344989706724	0.6572975512687972	0.2207872834051713	4059522
278	0.48896455923607496	0.6589032999352804	0.2207872834051713	477813
279	0.4901927099001423	0.6607298426261725	0.2207872834051713	540059
280	0.49141790899973226	0.662120800815114	0.2207872834051713	5065351
281	0.4926401636282195	0.6635060562782444	0.2207872834051713	635000
282	0.49385948086193154	0.6650827146984317	0.2207872834051713	611382
283	0.49507586776018964	0.6666519856104028	0.2207872834051713	983018
284	0.4962893313653497	0.6678478290931461	0.2207872834051713	621614
285	0.49749987870284296	0.6692096045751804	0.2207872834051713	623659
286	0.4987075167812167	0.6701181475313642	0.2207872834051713	490853
287	0.499912252592175	0.6716638246826646	0.2207872834051713	457291
288	0.5011140931106188	0.6726944558133343	0.2207872834051713	540224
289	0.5023130452946868	0.6740363608323212	0.2207872834051713	753373
290	0.5035091160857953	0.6752057138108405	0.2207872834051713	442429
291	0.5047023124086787	0.6765373230381102	0.2207872834051713	476508
292	0.5058926411714295	0.6778634728616602	0.2207872834051713	629181
293	0.5070801092655381	0.67918418566425	0.2207872834051713	533450
294	0.508264723565933	0.6801912107511019	0.2207872834051713	553663
295	0.5094464909310203	0.6813384839905949	0.2207872834051713	816526
296	0.5106254182027239	0.6824816415336772	0.2207872834051713	493217
297	0.5118015122065245	0.6834783160684836	0.2207872834051713	482377
298	0.5129747797514994	0.6846137972369242	0.2207872834051713	590841
299	0.514145227630362	0.6859068346935877	0.2207872834051713	487814
300	0.515312862619501	0.6867695173375568	0.2207872834051713	524383
301	0.5164776914790199	0.6877527324407802	0.2207872834051713	884924
302	0.5176397209527757	0.689424788969627	0.2207872834051713	621769
303	0.518798957768418	0.6908800039317644	0.2207872834051713	560298
304	0.5199554086374285	0.6923284004147997	0.2207872834051713	956008
305	0.5211090802551592	0.6932941664570245	0.2207872834051713	558192
306	0.5222599793008718	0.6943944345142179	0.2207872834051713	602106
307	0.5234081124377754	0.6962647097154501	0.2207872834051713	839910
308	0.5245534863130661	0.697218119876081	0.2207872834051713	488102
309	0.5256961075579649	0.6983043112508878	0.2207872834051713	569806
310	0.5268359827877565	0.6995412195957957	0.2207872834051713	796074
311	0.527973118601827	0.7009490335397972	0.2207872834051713	552613
312	0.5291075215837029	0.7018877398379773	0.2207872834051713	535749
313	0.5302391983010882	0.703284559049482	0.2207872834051713	743997
314	0.5313681553059035	0.7042159342477781	0.2207872834051713	456986
315	0.5324943991343234	0.7051443859050639	0.2207872834051713	480076
316	0.533617936306814	0.7062021428114951	0.2207872834051713	549511
317	0.5347387733281713	0.7080001560302707	0.2207872834051713	540044
318	0.5358569166875587	0.7093683352242146	0.2207872834051713	504583
319	0.5369723728585443	0.7102806137478551	0.2207872834051713	609650
320	0.5380851482991384	0.7113199450920313	0.2207872834051713	655148
321	0.5391952494518314	0.7121128285436218	0.2207872834051713	527601
322	0.5403026827436304	0.7132931239805329	0.2207872834051713	803298
323	0.5414074545860967	0.7141930827850025	0.2207872834051713	485347
324	0.5425095713753834	0.7152183786455473	0.2207872834051713	526480
325	0.5436090394922715	0.71623999638797	0.2207872834051713	888864
326	0.5447058653022074	0.7170193665150781	0.2207872834051713	530096
327	0.5458000551553401	0.7183452857681832	0.2207872834051713	652544
328	0.5468916153865571	0.7193556861301437	0.2207872834051713	787952
329	0.5479805523155216	0.7202366148497408	0.2207872834051713	493947
330	0.5490668722467091	0.7211147783773468	0.2207872834051713	544084
331	0.5501505814694438	0.7224215083828673	0.2207872834051713	599739
332	0.5512316862579352	0.7232928136369668	0.2207872834051713	496902
333	0.5523101928713137	0.7245893383544113	0.2207872834051713	503478
334	0.5533861075536679	0.725453838896686	0.2207872834051713	653586
335	0.5544594365340801	0.7267670380091062	0.2207872834051713	429864
336	0.5555301860266626	0.7278872533233911	0.2207872834051713	498409
337	0.5565983622305932	0.729002875918184	0.2207872834051713	1004927
338	0.5576639713301519	0.7301139246229655	0.2207872834051713	557647
339	0.5587270194947561	0.7313784886995969	0.2207872834051713	613113
340	0.5597875128789964	0.7323421341084392	0.2207872834051713	885814
341	0.5608454576226725	0.7333023225622912	0.2207872834051713	463678
342	0.5619008598508284	0.7341394734750073	0.2207872834051713	538737
343	0.5629537256737882	0.7348696812199795	0.2207872834051713	744191
344	0.5640040611871913	0.7357019122708376	0.2207872834051713	464502
345	0.5650518724720273	0.7373193898793595	0.2207872834051713	449984
346	0.5660971655946722	0.7385501924049144	0.2207872834051713	273044
347	0.5671399466069225	0.739488110241472	0.2207872834051713	281457
348	0.5681802215460309	0.7403058442704293	0.2207872834051713	500925
349	0.5692179964347409	0.7411210114724265	0.2207872834051713	325316
350	0.5702532772813218	0.741933619904607	0.2207872834051713	479921
351	0.5712860700796035	0.7428594001265691	0.2207872834051713	1524051
352	0.5723163808090113	0.7436665518421317	0.2207872834051713	487284
353	0.5733442154346	0.7447174816131872	0.2207872834051713	562183
354	0.5743695799070891	0.7456332750863541	0.2207872834051713	2713149
355	0.5753924801628971	0.7463319141623499	0.2207872834051713	830240
356	0.5764129221241756	0.7472419160646693	0.2207872834051713	792036
357	0.5774309116988436	0.7485954132714391	0.2207872834051713	2792805
358	0.5784464547806221	0.7497733814516541	0.2207872834051713	1112067
359	0.5794595572490677	0.7507992741115188	0.2207872834051713	742958
360	0.5804702249696072	0.7516932499298369	0.2207872834051713	2378439
361	0.5814784637935709	0.7527112714088053	0.2207872834051713	683359
362	0.5824842795582272	0.7540354807009578	0.2207872834051713	444454
363	0.5834876780868158	0.7547110424299897	0.2207872834051713	4768031
364	0.5844886651885817	0.755480992422362	0.2207872834051713	742160
365	0.5854872466588087	0.7567903701032085	0.2207872834051713	421321
366	0.5864834282788531	0.7575537931881244	0.2207872834051713	4479295
367	0.5874772158161774	0.758423538030801	0.2207872834051713	719322
368	0.5884686150243829	0.7590041089042163	0.2207872834051713	447575
369	0.5894576316432436	0.7596660238883051	0.2207872834051713	4057623
370	0.5904442713987397	0.7604204204372047	0.2207872834051713	804319
371	0.5914285400030899	0.7614026617892752	0.2207872834051713	413531
372	0.5924104431547853	0.7626803294538771	0.2207872834051713	4726300
373	0.5933899865386221	0.7634252642456304	0.2207872834051713	971175
374	0.5943671758257341	0.764075036163901	0.2207872834051713	1093960
375	0.5953420166736261	0.765042294124235	0.2207872834051713	289312
376	0.5963145147262063	0.7660055864679312	0.2207872834051713	276632
377	0.5972846756138196	0.7668450115802512	0.2207872834051713	290354
378	0.5982525049532792	0.7678009130451645	0.2207872834051713	488512
379	0.5992180083478998	0.7684386668850673	0.2207872834051713	418550
380	0.6001811913875301	0.7695236585541815	0.2207872834051713	455638
381	0.6011420596485846	0.7707835510912395	0.2207872834051713	868484
382	0.6021006186940763	0.7716058358649077	0.2207872834051713	414971
383	0.603056874073649	0.7723227539303429	0.2207872834051713	447965
384	0.6040108313236094	0.7733895465243803	0.2207872834051713	1641907
385	0.6049624959669586	0.7740119507239899	0.2207872834051713	646597
386	0.6059118735134248	0.7750708285058954	0.2207872834051713	835094
387	0.6068589694594947	0.7759930053205122	0.2207872834051713	1433571
388	0.6078037892884456	0.7770426007766322	0.2207872834051713	708693
389	0.6087463384703772	0.7782365179498401	0.2207872834051713	664416
390	0.609686622462243	0.7790320661555366	0.2207872834051713	2579212
391	0.610624646707882	0.7799380024732298	0.2207872834051713	690783
392	0.6115604166380503	0.7808402245840811	0.2207872834051713	550250
393	0.6124939376704523	0.7816264323243327	0.2207872834051713	3464423
394	0.6134252152097728	0.7826496320895768	0.2207872834051713	560578
395	0.614354254647707	0.7834293488111943	0.2207872834051713	430866
396	0.6152810613629931	0.78410915345011	0.2207872834051713	4752188
397	0.6162056407214423	0.7851207203071222	0.2207872834051713	685014
398	0.6171279980759707	0.7860016940303528	0.2207872834051713	436469
399	0.6180481387666299	0.78687905588974	0.2207872834051713	4698685
400	0.6189660681206377	0.7876436000929417	0.2207872834051713	657460
401	0.6198817914524095	0.7886386061316566	0.2207872834051713	409986
402	0.6207953140635888	0.7893968381727978	0.2207872834051713	4553628
403	0.6217066412430776	0.7906857082568239	0.2207872834051713	666499
404	0.6226157782670677	0.791342735539779	0.2207872834051713	430930
405	0.6235227303990705	0.7920912668615829	0.2207872834051713	5246592
406	0.624427502889948	0.7932045997575463	0.2207872834051713	424318
407	0.6253301009779428	0.7937725802879974	0.2207872834051713	374757
408	0.626230529888709	0.7944199180312339	0.2207872834051713	419055
409	0.6271287948353418	0.7950652238130834	0.2207872834051713	364011
410	0.628024901018408	0.7960254554799318	0.2207872834051713	364589
411	0.6289188536259764	0.7966657215585732	0.2207872834051713	366060
412	0.6298106578336471	0.7973039778734353	0.2207872834051713	358796
413	0.6307003188045821	0.7982537197513712	0.2207872834051713	361588
414	0.6315878416895351	0.7988869914178882	0.2207872834051713	367190
415	0.632473231626881	0.7995182752757422	0.2207872834051713	360094
416	0.6333564937426459	0.8002374778915419	0.2207872834051713	364934
417	0.6342376331505367	0.8010564751122854	0.2207872834051713	371492
418	0.6351166549519709	0.8019886344854578	0.2207872834051713	359293
419	0.6359935642361059	0.8026101824380355	0.2207872834051713	359877
420	0.6368683660798683	0.8033182932312664	0.2207872834051713	359306
421	0.6377410655479838	0.8040238637673468	0.2207872834051713	450597
422	0.6386116676930063	0.804639023235153	0.2207872834051713	422558
423	0.6394801775553468	0.8054399747616123	0.2207872834051713	1197877
424	0.6403466001633032	0.8059743498309316	0.2207872834051713	559213
425	0.641210940533089	0.8066703921027435	0.2207872834051713	643993
426	0.6420732036688623	0.8073639374116861	0.2207872834051713	1070157
427	0.6429333945627551	0.8083954865062865	0.2207872834051713	603134
428	0.6437915181949019	0.808996923664993	0.2207872834051713	508001
429	0.6446475795334685	0.8095964729419932	0.2207872834051713	523190
430	0.6455015835346813	0.8101194318480973	0.2207872834051713	543415
431	0.6463535351428553	0.810800604166882	0.2207872834051713	650120
432	0.6472034392904231	0.8116871069586865	0.2207872834051713	1106248
433	0.6480513008979634	0.8124591623692968	0.2207872834051713	497854
434	0.6488971248742295	0.8131319412032718	0.2207872834051713	533800
435	0.6497409161161776	0.8141534502710381	0.2207872834051713	575385
436	0.6505826795089953	0.8150242431425295	0.2207872834051713	461000
437	0.6514224199261298	0.8157826167812491	0.2207872834051713	479738
438	0.6522601422293164	0.8164434731464312	0.2207872834051713	681239
439	0.653095851268606	0.8171019587736961	0.2207872834051713	577950
440	0.6539295518823938	0.8177580821677637	0.2207872834051713	572150
441	0.6547612488974469	0.8183301305984592	0.2207872834051713	579059
442	0.6555909471289327	0.8189003833972224	0.2207872834051713	467571
443	0.6564186513804463	0.8195500551723439	0.2207872834051713	507393
444	0.6572443664440386	0.8203955619942145	0.2207872834051713	682290
445	0.6580680971002438	0.8211319140086333	0.2207872834051713	388771
446	0.6588898481181075	0.8216933721468596	0.2207872834051713	493573
447	0.6597096242552138	0.8221831059269737	0.2207872834051713	1052108
448	0.6605274302577133	0.8229121292718431	0.2207872834051713	550281
449	0.6613432708603502	0.8233985156355373	0.2207872834051713	492493
450	0.6621571507864898	0.8241225559777751	0.2207872834051713	546225
451	0.6629690747481465	0.8249466381290662	0.2207872834051713	457355
452	0.6637790474460097	0.8253673367450127	0.2207872834051713	529135
453	0.6645870735694724	0.8257870243131076	0.2207872834051713	980761
454	0.6653931577966576	0.8264119911423415	0.2207872834051713	382190
455	0.6661973047944455	0.8269568753777345	0.2207872834051713	480942
456	0.6669995192185005	0.8277676771903129	0.2207872834051713	861448
457	0.6677998057132986	0.8285746799523325	0.2207872834051713	483766
458	0.6685981689121534	0.8290455136560767	0.2207872834051713	560259
459	0.6693946134372439	0.8297464021296077	0.2207872834051713	588273
460	0.6701891438996407	0.8302808198126551	0.2207872834051713	650790
461	0.6709817648993326	0.8308896657237226	0.2207872834051713	465257
462	0.6717724810252536	0.831496327477743	0.2207872834051713	789109
463	0.6725612968553092	0.8321008129101013	0.2207872834051713	395015
464	0.6733482169564031	0.8326278402133271	0.2207872834051713	436529
465	0.6741332458844636	0.833228266488072	0.2207872834051713	572334
466	0.6749163881844695	0.8338265388101412	0.2207872834051713	499212
467	0.6756976483904776	0.834282947852716	0.2207872834051713	457596
468	0.6764770310256476	0.8350594230033436	0.2207872834051713	582977
469	0.677254540602269	0.835735655325214	0.2207872834051713	539181
470	0.6780301816217871	0.83632493270965	0.2207872834051713	547327
471	0.6788039585748292	0.8370918400428514	0.2207872834051713	809732
472	0.6795758759412304	0.8375392806677338	0.2207872834051713	375402
473	0.6803459381900594	0.8379854923602357	0.2207872834051713	386270
474	0.6811141497796447	0.8386497282242835	0.2207872834051713	854659
475	0.6818805151576004	0.8394057426172351	0.2207872834051713	514455
476	0.6826450387608517	0.8400641556622628	0.2207872834051713	547092
477	0.6834077250156607	0.8408135426880019	0.2207872834051713	618507
478	0.6841685783376522	0.8414661839579581	0.2207872834051713	4852542
479	0.684927603131839	0.8419016100884447	0.2207872834051713	567386
480	0.6856848037926473	0.8423978731706168	0.2207872834051713	385441
481	0.6864401847039427	0.8430440189165462	0.2207872834051713	4733625
482	0.6871937502390553	0.8437794436509023	0.2207872834051713	550433
483	0.6879455047608043	0.8446159909271216	0.2207872834051713	388033
484	0.6886954526215248	0.8451037337011367	0.2207872834051713	4760420
485	0.6894435981630913	0.8456594042993071	0.2207872834051713	573104
486	0.6901899457169444	0.8462130815000828	0.2207872834051713	398686
487	0.6909344996041145	0.8465826713387018	0.2207872834051713	273463
488	0.6916772641352478	0.8472116600221711	0.2207872834051713	254407
489	0.6924182436106308	0.8477597687035329	0.2207872834051713	274164
490	0.6931574423202151	0.8484730975673751	0.2207872834051713	446241
491	0.6938948645436429	0.8488892786348475	0.2207872834051713	347584
492	0.6946305145502709	0.8498140609906935	0.2207872834051713	298077
493	0.6953643965991957	0.8505177643700582	0.2207872834051713	997854
494	0.6960965149392779	0.8512181705136804	0.2207872834051713	645626
495	0.6968268738091672	0.851828154326261	0.2207872834051713	1018918
496	0.6975554774373266	0.8523597019231455	0.2207872834051713	2699495
497	0.6982823300420571	0.8527652081129318	0.2207872834051713	818963
498	0.699007435831522	0.8533688492968711	0.2207872834051713	2068557
499	0.6997307990037713	0.8538291172782912	0.2207872834051713	2813475
