0	0.00240325927734375	0.00409985422740522	0.6674234191451528	307363
1	0.004800742899533361	0.00818289965012442	0.6674234191451528	268854
2	0.0071924647469656655	0.01224920518180661	0.6674234191451528	316510
3	0.00957843866667929	0.016298839453564806	0.6674234191451528	348083
4	0.011958678472434925	0.020331870815134545	0.6674234191451528	358939
5	0.01433319794479504	0.02492215255329777	0.6067701353765611	426747
6	0.01670201083120393	0.02798287403314581	0.5960468963358099	601305
7	0.019065130846067313	0.0325373066308664	0.5960468963358099	715497
8	0.021422571670831503	0.03650376264413269	0.5960468963358099	655017
9	0.023774346954062775	0.04045395676594521	0.5960468963358099	633334
10	0.026120470311526423	0.04275999469638592	0.5960468963358099	491484
11	0.02846095532626547	0.04576472406571219	0.5960468963358099	473084
12	0.030795815548679273	0.04967694959569058	0.5868536531086868	1571214
13	0.03312506449660224	0.051960822283048325	0.5868536531086868	1041798
14	0.03544871565538188	0.05493667070640651	0.5868536531086868	1600010
15	0.03776678247795695	0.05936481000442939	0.5868536531086868	3307341
16	0.04007927838493508	0.06377220104460024	0.5868536531086868	1777510
17	0.042386216764671025	0.06815894104387066	0.5868536531086868	1598568
18	0.04468761097334362	0.07197935354870166	0.5868536531086868	4013016
19	0.04698347433503336	0.07489236478546979	0.5868536531086868	2056771
20	0.049273820141799596	0.07868517123450891	0.5868536531086868	2107111
21	0.05155866165375744	0.08199027066805853	0.5868536531086868	3847699
22	0.0538380120991544	0.08575397673765917	0.5868536531086868	2197555
23	0.056111884674447055	0.0895022521610197	0.5868536531086868	2011343
24	0.05838029254437771	0.09323516020154032	0.5868536531086868	3995193
25	0.06064324884205019	0.09572566421710005	0.5753307114514359	2258518
26	0.06290076666900601	0.09896963305560691	0.5753307114514359	1912433
27	0.06515285909530044	0.10266372621454434	0.5753307114514359	3861348
28	0.06739953915957797	0.10512833390011234	0.5753307114514359	383314
29	0.06964081986914772	0.10727894253369896	0.4885728166877107	378722
30	0.07187671420005914	0.11093896873504583	0.4885728166877107	408024
31	0.07410723509717665	0.11412836178406705	0.4885728166877107	369908
32	0.07633239547425485	0.11776030636494506	0.4885728166877107	375407
33	0.07855220821401321	0.12052961343899482	0.4885728166877107	371293
34	0.08076668616821081	0.1232902277941319	0.4596471859326845	368321
35	0.08297584215772047	0.12643531227669436	0.4596471859326845	378094
36	0.0851796889726033	0.1295691141698344	0.4596471859326845	368402
37	0.08737823937218236	0.1342301946556269	0.4596471859326845	371779
38	0.08957150608511699	0.1369478035591214	0.4596471859326845	392624
39	0.09175950180947601	0.14156937181518603	0.4596471859326845	373796
40	0.09394223921281164	0.14508881225508363	0.4596471859326845	370936
41	0.0961197309322328	0.14777233649116905	0.3850903346964476	372142
42	0.09829198957447793	0.1508295945314988	0.3850903346964476	368678
43	0.10045902771598825	0.15349509873393197	0.3850903346964476	365281
44	0.10262085790298059	0.15696564543190694	0.3850903346964476	379688
45	0.10477749265152003	0.16091572310324853	0.3850903346964476	371469
46	0.10692894444759216	0.1648472924972879	0.3850903346964476	366774
47	0.10907522574717565	0.1678432963108738	0.3850903346964476	361491
48	0.11121634897631416	0.17229942193305625	0.3850903346964476	361591
49	0.11335232653118832	0.17489753340159786	0.3850903346964476	361329
50	0.11548317077818748	0.1774874895258255	0.3850903346964476	368799
51	0.11760889405398145	0.18134141111800983	0.3850903346964476	371890
52	0.11972950866559184	0.1839111402265261	0.3850903346964476	382827
53	0.12184502689046317	0.1872569855882067	0.3850903346964476	387226
54	0.1239554609765342	0.19058911347163698	0.3850903346964476	374348
55	0.1260608231423087	0.19390758011647813	0.3850903346964476	363798
56	0.12816112557692616	0.19679933385489956	0.3850903346964476	370444
57	0.13025638044023236	0.20171484082584257	0.3850903346964476	383097
58	0.1323465998628499	0.20457858701229314	0.3850903346964476	366692
59	0.13443179594624832	0.20707537576678858	0.3850903346964476	374611
60	0.13651198076281423	0.21132141706987595	0.3850903346964476	368488
61	0.13858716635592117	0.21455488429216596	0.3850903346964476	365560
62	0.14065736473999924	0.2182351248384855	0.3850903346964476	365554
63	0.14272258790060488	0.2206890463913781	0.3850903346964476	374199
64	0.14478284779449002	0.22348472503554162	0.3850903346964476	398340
65	0.14683815634967146	0.22712312438720772	0.3850903346964476	371873
66	0.1488885254654998	0.22989572159723448	0.3850903346964476	363610
67	0.15093396701272854	0.23174648184882807	0.3850903346964476	361814
68	0.15297449283358266	0.2358604115586873	0.3850903346964476	360684
69	0.15501011474182713	0.23899327248068614	0.3850903346964476	361734
70	0.1570408445228355	0.241723287048477	0.3850903346964476	366712
71	0.1590666939336579	0.24444350803722203	0.3850903346964476	362841
72	0.16108767470308916	0.24681516276227256	0.3850903346964476	368062
73	0.16310379853173695	0.2503442462353773	0.3850903346964476	361039
74	0.16511507709208928	0.2530335406326515	0.3850903346964476	367643
75	0.1671215220285821	0.25537823166721696	0.3850903346964476	366306
76	0.1691231449576669	0.257715562831766	0.3850903346964476	370063
77	0.17111995746787756	0.2603784135709696	0.3850903346964476	368609
78	0.17311197111989796	0.2630317116727956	0.3850903346964476	362263
79	0.1750991974466285	0.26567549140611224	0.3850903346964476	372444
80	0.1770816479532532	0.26868611484695815	0.3850903346964476	370753
81	0.179059334117306	0.27130961013011234	0.3850903346964476	373453
82	0.18103226738873734	0.27392369395856775	0.3850903346964476	363375
83	0.18300045918998054	0.2773257591159881	0.3850903346964476	364715
84	0.18496392091601777	0.2799182607773226	0.3850903346964476	362964
85	0.18692266393444623	0.282870490939952	0.3850903346964476	360463
86	0.18887669958554376	0.28623063545345706	0.3850903346964476	365210
87	0.19082603918233454	0.28915698580008553	0.3850903346964476	365604
88	0.1927706940106546	0.2911093744499266	0.3850903346964476	364886
89	0.19471067532921726	0.293334547311935	0.3850903346964476	366120
90	0.19664599436967822	0.29586961948755386	0.2207872834051713	369016
91	0.19857666233670057	0.2996401754610244	0.2207872834051713	373384
92	0.2005026904080197	0.3021526269999477	0.2207872834051713	365900
93	0.20242408973450798	0.3054224241454082	0.2207872834051713	372339
94	0.20434087144023938	0.3082700909560365	0.2207872834051713	365910
95	0.20625304662255384	0.31016998389469486	0.2207872834051713	383927
96	0.20816062635212151	0.31299818640241517	0.2207872834051713	374165
97	0.21006362167300685	0.3158147936921283	0.2207872834051713	380058
98	0.21196204360273252	0.3190205761040248	0.2207872834051713	370553
99	0.21385590313234326	0.32221133766955157	0.2207872834051713	376691
100	0.2157452112264695	0.3246428180430265	0.2207872834051713	363265
101	0.21762997882339075	0.3270655757907994	0.2207872834051713	359562
102	0.21951021683509908	0.32947964220417747	0.2207872834051713	359156
103	0.22138593614736213	0.3318850484622141	0.2207872834051713	396372
104	0.22325714761978632	0.33501553292901964	0.2207872834051713	365820
105	0.22512386208587953	0.3374010798851894	0.2207872834051713	373453
106	0.2269860903531139	0.34094923855778614	0.2207872834051713	366597
107	0.22884384320298856	0.3444783971541924	0.2207872834051713	365231
108	0.23069713139109171	0.3465360472747323	0.2207872834051713	363379
109	0.23254596564716323	0.34959788378791823	0.2207872834051713	392016
110	0.23439035667515662	0.3526453739201073	0.2207872834051713	367962
111	0.23623031515330084	0.35529943352047133	0.2207872834051713	373016
112	0.23806585173416261	0.35832020876949044	0.2207872834051713	383599
113	0.23989697704470747	0.3609510023742073	0.2207872834051713	364566
114	0.2417237016863618	0.3629569457958842	0.2207872834051713	368504
115	0.24354603623507398	0.36524225649734987	0.2207872834051713	369072
116	0.24536399124137553	0.36864132812912465	0.2207872834051713	362164
117	0.2471775772304423	0.3712298066490034	0.2207872834051713	386530
118	0.24898680470215562	0.37380767278427984	0.2207872834051713	396270
119	0.2507916841311627	0.37577325974889386	0.2207872834051713	393118
120	0.25259222596693753	0.3772734384535684	0.2207872834051713	274104
121	0.25438844063384136	0.378983808037894	0.2207872834051713	385606
122	0.2561803385311828	0.38152988389779696	0.2207872834051713	289665
123	0.25796793003327845	0.3832285628055484	0.2207872834051713	412126
124	0.25975122548951257	0.38492257615233494	0.2207872834051713	388460
125	0.2615302352243972	0.3868532739810978	0.2207872834051713	431131
126	0.26330496953763205	0.3901366205237111	0.2207872834051713	338222
127	0.2650754387041637	0.39299416447169455	0.2207872834051713	417583
128	0.2668416529742458	0.3955346464842293	0.2207872834051713	453831
129	0.26860362257349746	0.39877150504414005	0.2207872834051713	404705
130	0.2703613577029633	0.40158858982891865	0.2207872834051713	481874
131	0.2721148685391722	0.4040419893786361	0.2207872834051713	1428547
132	0.273864165234196	0.40617991272668785	0.2207872834051713	1366552
133	0.27560925791570867	0.4080438848198309	0.2207872834051713	1403343
134	0.27735015668704466	0.40990200599610793	0.2207872834051713	2956086
135	0.27908687162725754	0.4126669382878796	0.2207872834051713	699230
136	0.2808194127911783	0.41451054792634534	0.2207872834051713	643306
137	0.2825477902094734	0.4169109693315307	0.2207872834051713	3460254
138	0.28427201388870327	0.4196430607913476	0.2207872834051713	595704
139	0.2859920938113798	0.4217250172856388	0.2207872834051713	834500
140	0.28770803993602434	0.4237995050265625	0.2207872834051713	2405674
141	0.2894198621972255	0.4251842642117175	0.2207872834051713	1952956
142	0.29112757050569615	0.4272463423455243	0.2207872834051713	1706720
143	0.29283117474833154	0.42993000692220606	0.2207872834051713	3619120
144	0.29453068478826594	0.4319750603093633	0.2207872834051713	1968047
145	0.29622611046492986	0.43545131558205796	0.2207872834051713	2037192
146	0.29791746159410726	0.4380965353653574	0.2207872834051713	4174906
147	0.2996047479679923	0.43986032274737186	0.2207872834051713	2104993
148	0.30128797935524576	0.4418697523931282	0.2207872834051713	2206732
149	0.30296716550105185	0.444484898284664	0.2207872834051713	4202202
150	0.30464231612717463	0.44676242922281906	0.2207872834051713	1575499
151	0.3063134409320143	0.4487470984419655	0.2207872834051713	1311706
152	0.3079805495906631	0.4510071549807876	0.2207872834051713	405966
153	0.30964365175496167	0.45325794561725485	0.2207872834051713	371039
154	0.3113027570535547	0.45497414207702214	0.2207872834051713	370063
155	0.31295787509194684	0.4566849514803797	0.2207872834051713	373784
156	0.31460901545255804	0.45799067841125496	0.2207872834051713	364327
157	0.3162561876947795	0.45969201905519286	0.2207872834051713	365266
158	0.31789940135502837	0.46190720301497024	0.2207872834051713	378520
159	0.3195386659468036	0.4633851190223144	0.2207872834051713	358726
160	0.3211739909607406	0.464858975812109	0.2207872834051713	361262
161	0.32280538586466645	0.4667787259785994	0.2207872834051713	369602
162	0.32443286010365446	0.46869158928623356	0.2207872834051713	388105
163	0.326056423100079	0.4711810601819145	0.2207872834051713	381637
164	0.3276760842536699	0.4733491407478596	0.2207872834051713	379161
165	0.3292918529415674	0.4765721908261564	0.2207872834051713	433776
166	0.3309037385183756	0.47821520501510895	0.2207872834051713	387210
167	0.3325117503162174	0.479853061863206	0.2207872834051713	393991
168	0.3341158976447879	0.481719022658499	0.2207872834051713	365458
169	0.3357161897914087	0.4829645862255657	0.2207872834051713	418054
170	0.33731263602108175	0.4848193848240868	0.2207872834051713	410179
171	0.33890524557654256	0.4866675295692172	0.2207872834051713	361212
172	0.34049402767831405	0.4887721178681772	0.2207872834051713	358889
173	0.34207899152475973	0.4911675004895779	0.2207872834051713	387467
174	0.34366014629213726	0.49276470071823086	0.2207872834051713	362823
175	0.3452375011346511	0.49484429150428033	0.2207872834051713	365084
176	0.3468110651845061	0.49642995046649485	0.2207872834051713	421758
177	0.34838084755195975	0.49781304691601924	0.2207872834051713	359210
178	0.34994685732537534	0.4998719402185684	0.2207872834051713	388913
179	0.35150910357127463	0.501245582960888	0.2207872834051713	381513
180	0.3530675953343899	0.5039163687961661	0.2207872834051713	360821
181	0.3546223416377169	0.5059502393687036	0.2207872834051713	363066
182	0.35617335148256646	0.5073071875637969	0.2207872834051713	372069
183	0.3577206338486171	0.5090746601849407	0.2207872834051713	362148
184	0.3592641976939669	0.5104230269019621	0.2207872834051713	359440
185	0.36080405195518517	0.5130446683358184	0.2207872834051713	413123
186	0.36234020554736446	0.5147915584765141	0.2207872834051713	370455
187	0.3638726673641719	0.5165321818716477	0.2207872834051713	374425
188	0.36540144627790083	0.5176940803908618	0.2207872834051713	421514
189	0.36692655113952244	0.5194242913588474	0.2207872834051713	360645
190	0.36844799077873636	0.5211482954156754	0.2207872834051713	375308
191	0.3699657740040224	0.5233919779132072	0.2207872834051713	412340
192	0.3714799096026914	0.5259441717602835	0.2207872834051713	359546
193	0.3729904063409356	0.5276447865777889	0.2207872834051713	384935
194	0.37449727296388025	0.5291274863967063	0.2207872834051713	379515
195	0.3760005181956336	0.5304207763815786	0.2207872834051713	376980
196	0.3775001507393376	0.5326210122273543	0.2207872834051713	433159
197	0.3789961792772184	0.5345371979461744	0.2207872834051713	376686
198	0.38048861247063637	0.5358156297145107	0.2207872834051713	430017
199	0.38197745896013646	0.5372726816580686	0.2207872834051713	383082
200	0.383462727365498	0.5394408125749144	0.2207872834051713	361726
201	0.38494442628578507	0.5407057761634233	0.2207872834051713	427996
202	0.3864225642993957	0.5421474781774192	0.2207872834051713	380809
203	0.38789714996411195	0.5437899656999012	0.2207872834051713	375134
204	0.3893681918171492	0.5452219865943979	0.2207872834051713	432924
205	0.3908356983752058	0.5470865101551898	0.2207872834051713	362364
206	0.3922996781345123	0.5485081833585252	0.2207872834051713	369718
207	0.3937601395708803	0.5501278526624847	0.2207872834051713	383152
208	0.3952170911397521	0.5513634634187217	0.2207872834051713	426629
209	0.39667054127624946	0.552441653337416	0.2207872834051713	369428
210	0.3981204983952221	0.5536709090502954	0.2207872834051713	386720
211	0.3995669708912969	0.556060961896459	0.2207872834051713	373400
212	0.401009967138926	0.5574544647364883	0.2207872834051713	371047
213	0.4024494954924358	0.5592688369200577	0.2207872834051713	379909
214	0.403885564286075	0.5608499037518974	0.2207872834051713	382564
215	0.4053181818340631	0.5632015137157416	0.2207872834051713	369696
216	0.4067473564306381	0.5649923238362583	0.2207872834051713	387113
217	0.4081730963501049	0.5663577915697522	0.2207872834051713	381656
218	0.40959540984688314	0.5675488254674182	0.2207872834051713	372094
219	0.4110143051555549	0.5689062684678343	0.2207872834051713	376936
220	0.41242979049091255	0.5700903027646451	0.2207872834051713	358302
221	0.4138418740480061	0.571852869854258	0.2207872834051713	366499
222	0.4152505640021906	0.5731968026707032	0.2207872834051713	375582
223	0.4166558685091739	0.5754822960817603	0.2207872834051713	379483
224	0.4180577957050633	0.5765025221920985	0.2207872834051713	368195
225	0.419456353706413	0.5782388001167846	0.2207872834051713	423559
226	0.420851550610271	0.5792524016332277	0.2207872834051713	367650
227	0.4222433944942261	0.5807617799755829	0.2207872834051713	370699
228	0.42363189341645446	0.5820777481606483	0.2207872834051713	377909
229	0.4250170554157664	0.5833895855862042	0.2207872834051713	377907
230	0.42639888851165286	0.5850976275549197	0.2207872834051713	367614
231	0.4277774007043319	0.5867986668005492	0.2207872834051713	383072
232	0.42915259997479493	0.5880956854943253	0.2207872834051713	363305
233	0.43052449428485307	0.589784433139438	0.2207872834051713	364682
234	0.43189309157718303	0.5917065177405131	0.2207872834051713	379730
235	0.4332583997753733	0.5931712185298688	0.2207872834051713	383865
236	0.4346204267839697	0.5950774341864864	0.2207872834051713	368943
237	0.4359791804885218	0.596530042243056	0.2207872834051713	381635
238	0.43733466875562776	0.5976382055791803	0.2207872834051713	360615
239	0.43868689943298045	0.5992878302829829	0.2207872834051713	386700
240	0.44003588034941277	0.6003884191280309	0.2207872834051713	382916
241	0.4413816193149427	0.6014859851155332	0.2207872834051713	3898217
242	0.44272412412081874	0.6025805365480161	0.2207872834051713	938355
243	0.4440634025395652	0.6047086826603907	0.2207872834051713	437988
244	0.4453994623250269	0.6056586701860405	0.2207872834051713	3303645
245	0.4467323112124141	0.6075063752924157	0.2207872834051713	832712
246	0.4480619569183474	0.6089143961080918	0.2207872834051713	415270
247	0.44938840714090234	0.6103173658286862	0.2207872834051713	451336
248	0.450711669559654	0.6115405604811492	0.2207872834051713	343141
249	0.4520317518357214	0.6131331875564361	0.2207872834051713	457086
250	0.453348661611812	0.6145210229008207	0.2207872834051713	293417
251	0.45466240651226575	0.615903879562927	0.2207872834051713	236292
252	0.45597299414309944	0.6177035802521886	0.2207872834051713	289789
253	0.4572804320920506	0.6194948483580458	0.2207872834051713	280062
254	0.45858472792862137	0.620689235343529	0.2207872834051713	278281
255	0.45988588920412254	0.6217310434739942	0.2207872834051713	250957
256	0.461183923451717	0.623756640313843	0.2207872834051713	243913
257	0.4624788381864636	0.6251063653764927	0.2207872834051713	236300
258	0.4637706409053606	0.6266433746292311	0.2207872834051713	254937
259	0.46505933908738883	0.6279827439007302	0.2207872834051713	241521
260	0.46634494019355544	0.6299748634371694	0.2207872834051713	272090
261	0.46762745166693676	0.6319563153495067	0.2207872834051713	266832
262	0.46890688093272137	0.6334652408058907	0.2207872834051713	234733
263	0.47018323539825324	0.6349679798878636	0.2207872834051713	234284
264	0.4714565224530747	0.6359705702751345	0.2207872834051713	253003
265	0.47272674946896887	0.6371132407785955	0.2207872834051713	240599
266	0.4739939238000027	0.6386010235924588	0.2207872834051713	242000
267	0.4752580527825695	0.6397354372321309	0.2207872834051713	248295
268	0.47651914373543125	0.6407249334067253	0.2207872834051713	245841
269	0.477777203959761	0.6417117118489066	0.2207872834051713	259980
270	0.47903224073918504	0.6433904887092564	0.2207872834051713	252048
271	0.4802842613398256	0.6448525357216547	0.2207872834051713	298925
272	0.4815332730103422	0.6461265819503318	0.2207872834051713	246849
273	0.48277928298197414	0.646977031525265	0.2207872834051713	277137
274	0.48402229846858214	0.6482434563962283	0.2207872834051713	281535
275	0.48526232666669	0.6493476029128417	0.2207872834051713	287047
276	0.4864993747555266	0.6506055236613209	0.2207872834051713	273272
277	0.48773344989706724	0.6522426281422913	0.2207872834051713	269083
278	0.48896455923607496	0.6536683826734134	0.2207872834051713	223383
279	0.4901927099001423	0.6546196108704163	0.2207872834051713	239642
280	0.49141790899973226	0.6555682264411458	0.2207872834051713	228804
281	0.4926401636282195	0.656803831496164	0.2207872834051713	246963
282	0.49385948086193154	0.65803500397565	0.2207872834051713	232734
283	0.49507586776018964	0.659437010610225	0.2207872834051713	240749
284	0.4962893313653497	0.6606587368955039	0.2207872834051713	247960
285	0.49749987870284296	0.661723912456309	0.2207872834051713	285000
286	0.4987075167812167	0.6633089211963616	0.2207872834051713	277215
287	0.499912252592175	0.664516757496279	0.2207872834051713	223709
288	0.5011140931106188	0.6655698229198747	0.2207872834051713	259897
289	0.5023130452946868	0.6667695485232392	0.2207872834051713	225822
290	0.5035091160857953	0.6678155425464294	0.2207872834051713	255344
291	0.5047023124086787	0.6693720086631944	0.2207872834051713	256040
292	0.5058926411714295	0.6704098336918045	0.2207872834051713	266424
293	0.5070801092655381	0.6714444010386145	0.2207872834051713	244909
294	0.508264723565933	0.6729838639658596	0.2207872834051713	265011
295	0.5094464909310203	0.6743245824536089	0.2207872834051713	277436
296	0.5106254182027239	0.6753468615962979	0.2207872834051713	279313
297	0.5118015122065245	0.6773337060203954	0.2207872834051713	275942
298	0.5129747797514994	0.6784912301936322	0.2207872834051713	223491
299	0.514145227630362	0.6804588313994273	0.2207872834051713	233092
300	0.515312862619501	0.6819560567833325	0.2207872834051713	221734
301	0.5164776914790199	0.6829543811028602	0.2207872834051713	256984
302	0.5176397209527757	0.6846521323791583	0.2207872834051713	231590
303	0.518798957768418	0.686129709851351	0.2207872834051713	229307
304	0.5199554086374285	0.6869917803504165	0.2207872834051713	234116
305	0.5211090802551592	0.6878514831021396	0.2207872834051713	236613
306	0.5222599793008718	0.6887088246097326	0.2207872834051713	241670
307	0.5234081124377754	0.689825541995938	0.2207872834051713	277943
308	0.5245534863130661	0.6907991643878313	0.2207872834051713	272984
309	0.5256961075579649	0.6917697306268482	0.2207872834051713	223155
310	0.5268359827877565	0.6927372503061027	0.2207872834051713	231059
311	0.527973118601827	0.6939969827893593	0.2207872834051713	224313
312	0.5291075215837029	0.6950947295826053	0.2207872834051713	267234
313	0.5302391983010882	0.6961885383492493	0.2207872834051713	234885
314	0.5313681553059035	0.6978154218828108	0.2207872834051713	227417
315	0.5324943991343234	0.6987639644340994	0.2207872834051713	229945
316	0.533617936306814	0.699998988267961	0.2207872834051713	225865
317	0.5347387733281713	0.7010752036321146	0.2207872834051713	264562
318	0.5358569166875587	0.7020135138885707	0.2207872834051713	263780
319	0.5369723728585443	0.7034388319024966	0.2207872834051713	253387
320	0.5380851482991384	0.7045027072663668	0.2207872834051713	272849
321	0.5391952494518314	0.7055627661130675	0.2207872834051713	242865
322	0.5403026827436304	0.7063714621289923	0.2207872834051713	295145
323	0.5414074545860967	0.7072931476901108	0.2207872834051713	229313
324	0.5425095713753834	0.7084932031159439	0.2207872834051713	278003
325	0.5436090394922715	0.7102771952770036	0.2207872834051713	231076
326	0.5447058653022074	0.71118662093357	0.2207872834051713	223728
327	0.5458000551553401	0.7120931919476596	0.2207872834051713	231964
328	0.5468916153865571	0.7134421930266222	0.2207872834051713	232275
329	0.5479805523155216	0.7143416839106764	0.2207872834051713	232489
330	0.5490668722467091	0.7151262679087245	0.2207872834051713	267297
331	0.5501505814694438	0.7161482160866667	0.2207872834051713	274217
332	0.5512316862579352	0.7176682173095024	0.2207872834051713	248458
333	0.5523101928713137	0.7186810465681975	0.2207872834051713	272513
334	0.5533861075536679	0.7198344132686741	0.2207872834051713	241929
335	0.5544594365340801	0.7208394715756663	0.2207872834051713	271907
336	0.5555301860266626	0.7218409243641783	0.2207872834051713	255512
337	0.5565983622305932	0.7226049110831487	0.2207872834051713	303205
338	0.5576639713301519	0.7233667994499248	0.2207872834051713	238782
339	0.5587270194947561	0.7243591857720512	0.2207872834051713	260665
340	0.5597875128789964	0.725489272929509	0.2207872834051713	236966
341	0.5608454576226725	0.726614726894357	0.2207872834051713	229835
342	0.5619008598508284	0.7272717425882373	0.2207872834051713	228388
343	0.5629537256737882	0.7282501204249345	0.2207872834051713	238349
344	0.5640040611871913	0.7291031299520605	0.2207872834051713	275093
345	0.5650518724720273	0.7300749379201853	0.2207872834051713	282745
346	0.5660971655946722	0.7311815913270359	0.2207872834051713	321756
347	0.5671399466069225	0.7324411528004098	0.2207872834051713	237211
348	0.5681802215460309	0.7335381050711807	0.2207872834051713	227495
349	0.5692179964347409	0.734178482092227	0.2207872834051713	220680
350	0.5702532772813218	0.7358052829396087	0.2207872834051713	242755
351	0.5712860700796035	0.736753047788757	0.2207872834051713	232419
352	0.5723163808090113	0.7376974126523975	0.2207872834051713	225675
353	0.5733442154346	0.7384178482255568	0.2207872834051713	223970
354	0.5743695799070891	0.7396435038721467	0.2207872834051713	221794
355	0.5753924801628971	0.7405774995932686	0.2207872834051713	227941
356	0.5764129221241756	0.7421651390997059	0.2207872834051713	228081
357	0.5774309116988436	0.7433732366362025	0.2207872834051713	275256
358	0.5784464547806221	0.7440780830931953	0.2207872834051713	269007
359	0.5794595572490677	0.7451273256461113	0.2207872834051713	240184
360	0.5804702249696072	0.7461722664575112	0.2207872834051713	315190
361	0.5814784637935709	0.7472129231639081	0.2207872834051713	219967
362	0.5824842795582272	0.748119764558808	0.2207872834051713	290814
363	0.5834876780868158	0.7494685609644549	0.2207872834051713	265927
364	0.5844886651885817	0.7502549668487043	0.2207872834051713	301633
365	0.5854872466588087	0.7510389042435012	0.2207872834051713	244151
366	0.5864834282788531	0.7517226963155863	0.2207872834051713	288836
367	0.5874772158161774	0.7528860114619627	0.2207872834051713	246257
368	0.5884686150243829	0.7536616901369216	0.2207872834051713	225513
369	0.5894576316432436	0.7544349339946113	0.2207872834051713	234007
370	0.5904442713987397	0.7557499132259128	0.2207872834051713	225840
371	0.5914285400030899	0.7567513029767177	0.2207872834051713	269445
372	0.5924104431547853	0.7580538782567852	0.2207872834051713	257026
373	0.5933899865386221	0.7587184031272958	0.2207872834051713	328728
374	0.5943671758257341	0.7598489395557914	0.2207872834051713	262087
375	0.5953420166736261	0.7609741788019377	0.2207872834051713	275808
376	0.5963145147262063	0.7619541498254356	0.2207872834051713	263469
377	0.5972846756138196	0.7626079622801387	0.2207872834051713	269100
378	0.5982525049532792	0.7635812350295368	0.2207872834051713	597389
379	0.5992180083478998	0.7645505175025389	0.2207872834051713	331470
380	0.6001811913875301	0.7653951624891768	0.2207872834051713	275964
381	0.6011420596485846	0.7668309204047374	0.2207872834051713	1569897
382	0.6021006186940763	0.7679234452466561	0.2207872834051713	375703
383	0.603056874073649	0.7688749252907432	0.2207872834051713	374914
384	0.6040108313236094	0.7701125796445144	0.2207872834051713	1136231
385	0.6049624959669586	0.7709372714426647	0.2207872834051713	588336
386	0.6059118735134248	0.7717590047641794	0.2207872834051713	620118
387	0.6068589694594947	0.772577790222216	0.2207872834051713	1693592
388	0.6078037892884456	0.7738209874331003	0.2207872834051713	335324
389	0.6087463384703772	0.7745309522465428	0.2207872834051713	700522
390	0.609686622462243	0.7753397936965511	0.2207872834051713	2848686
391	0.610624646707882	0.7761457335310262	0.2207872834051713	518225
392	0.6115604166380503	0.7770635033917317	0.2207872834051713	347221
393	0.6124939376704523	0.7782573086332825	0.2207872834051713	1572494
394	0.6134252152097728	0.7791664213438785	0.2207872834051713	1206731
395	0.614354254647707	0.7800718068248849	0.2207872834051713	480722
396	0.6152810613629931	0.780675857648425	0.2207872834051713	1719794
397	0.6162056407214423	0.781575054660617	0.2207872834051713	474477
398	0.6171279980759707	0.7824705650961374	0.2207872834051713	676250
399	0.6180481387666299	0.783489809637024	0.2207872834051713	4065816
400	0.6189660681206377	0.7840844726354574	0.2207872834051713	530196
401	0.6198817914524095	0.7846775023431848	0.2207872834051713	381110
402	0.6207953140635888	0.7854499443389243	0.2207872834051713	4198311
403	0.6217066412430776	0.7862196152975299	0.2207872834051713	460791
404	0.6226157782670677	0.7868906614269671	0.2207872834051713	392058
405	0.6235227303990705	0.7877643786496152	0.2207872834051713	3812873
406	0.624427502889948	0.7884305758427491	0.2207872834051713	668933
407	0.6253301009779428	0.7890116686215013	0.2207872834051713	587260
408	0.626230529888709	0.7896739506326642	0.2207872834051713	3932877
409	0.6271287948353418	0.7904284685074673	0.2207872834051713	1054172
410	0.628024901018408	0.7909321232347939	0.2207872834051713	957902
411	0.6289188536259764	0.7915063453084288	0.2207872834051713	1706641
412	0.6298106578336471	0.7922542897010564	0.2207872834051713	352990
413	0.6307003188045821	0.7932276921337358	0.2207872834051713	353862
414	0.6315878416895351	0.7937956092390813	0.2207872834051713	361424
415	0.632473231626881	0.7947617897455621	0.2207872834051713	354943
416	0.6333564937426459	0.7953254933259728	0.2207872834051713	356118
417	0.6342376331505367	0.7963044849076406	0.2207872834051713	356830
418	0.6351166549519709	0.7972589099575319	0.2207872834051713	353047
419	0.6359935642361059	0.7980901188726113	0.2207872834051713	353731
420	0.6368683660798683	0.7990361772494056	0.2207872834051713	360742
421	0.6377410655479838	0.7995881408739036	0.2207872834051713	351003
422	0.6386116676930063	0.8003070928557814	0.2207872834051713	355103
423	0.6394801775553468	0.8011258046653195	0.2207872834051713	357159
424	0.6403466001633032	0.8016037509202818	0.2207872834051713	394667
425	0.641210940533089	0.802533346006557	0.2207872834051713	557090
426	0.6420732036688623	0.8032417324406853	0.2207872834051713	3516878
427	0.6429333945627551	0.8040484126557152	0.2207872834051713	1010500
428	0.6437915181949019	0.8047513639814879	0.2207872834051713	867162
429	0.6446475795334685	0.8052876303768024	0.2207872834051713	3923452
430	0.6455015835346813	0.8058224238724716	0.2207872834051713	951899
431	0.6463535351428553	0.8064319377484299	0.2207872834051713	1182480
432	0.6472034392904231	0.8070395383902631	0.2207872834051713	4088186
433	0.6480513008979634	0.8078306481545159	0.2207872834051713	804892
434	0.6488971248742295	0.8086185144840573	0.2207872834051713	2204258
435	0.6497409161161776	0.8092192515688938	0.2207872834051713	3753917
436	0.6505826795089953	0.8099036531696113	0.2207872834051713	473823
437	0.6514224199261298	0.810425768380022	0.2207872834051713	703636
438	0.6522601422293164	0.8112029950949362	0.2207872834051713	3269123
439	0.653095851268606	0.8122139863748468	0.2207872834051713	528535
440	0.6539295518823938	0.8127297560655897	0.2207872834051713	480685
441	0.6547612488974469	0.8134975367668514	0.2207872834051713	3482539
442	0.6555909471289327	0.8141665905651209	0.2207872834051713	738751
443	0.6564186513804463	0.8150373218671377	0.2207872834051713	790294
444	0.6572443664440386	0.8156179106308081	0.2207872834051713	400105
445	0.6580680971002438	0.8161966769548604	0.2207872834051713	4360481
446	0.6588898481181075	0.8167015078592202	0.2207872834051713	778755
447	0.6597096242552138	0.8176830550891048	0.2207872834051713	361727
448	0.6605274302577133	0.8183370938742602	0.2207872834051713	3050643
449	0.6613432708603502	0.8188360459479699	0.2207872834051713	1001271
450	0.6621571507864898	0.8195787917508436	0.2207872834051713	927198
451	0.6629690747481465	0.8201451250635676	0.2207872834051713	756290
452	0.6637790474460097	0.8206391112313007	0.2207872834051713	372890
453	0.6645870735694724	0.8212021162532449	0.2207872834051713	538537
454	0.6653931577966576	0.8219351615127751	0.2207872834051713	3959876
455	0.6661973047944455	0.8225739464084962	0.2207872834051713	403286
456	0.6669995192185005	0.8232104397448816	0.2207872834051713	388730
457	0.6677998057132986	0.8240387956602794	0.2207872834051713	5085533
458	0.6685981689121534	0.8245911292397498	0.2207872834051713	1368181
459	0.6693946134372439	0.8253102800400606	0.2207872834051713	809407
460	0.6701891438996407	0.8259369571285649	0.2207872834051713	1852450
461	0.6709817648993326	0.826752537816738	0.2207872834051713	553217
462	0.6717724810252536	0.8273740409894298	0.2207872834051713	1067674
463	0.6725612968553092	0.8282984377473849	0.2207872834051713	2619097
464	0.6733482169564031	0.8290023891232383	0.2207872834051713	2752592
465	0.6741332458844636	0.8298036065836146	0.2207872834051713	2366477
466	0.6749163881844695	0.830212632645063	0.2207872834051713	4376793
467	0.6756976483904776	0.8309087361008731	0.2207872834051713	1476304
468	0.6764770310256476	0.8316019856339872	0.2207872834051713	752384
469	0.677254540602269	0.8321305787315367	0.2207872834051713	1394818
470	0.6780301816217871	0.832591645867589	0.2207872834051713	744336
471	0.6788039585748292	0.8332779957159817	0.2207872834051713	880700
472	0.6795758759412304	0.833961531630047	0.2207872834051713	1957621
473	0.6803459381900594	0.8348506529576663	0.2207872834051713	527384
474	0.6811141497796447	0.8355418472114706	0.2207872834051713	580155
475	0.6818805151576004	0.8361318198577943	0.2207872834051713	3675002
476	0.6826450387608517	0.8367196760525009	0.2207872834051713	604666
477	0.6834077250156607	0.8373054233880906	0.2207872834051713	482207
478	0.6841685783376522	0.8378890694298265	0.2207872834051713	3400623
479	0.684927603131839	0.8383343203987998	0.2207872834051713	697657
480	0.6856848037926473	0.8388417810281283	0.2207872834051713	579740
481	0.6864401847039427	0.8395968955485088	0.2207872834051713	3137364
482	0.6871937502390553	0.8401723212261489	0.2207872834051713	632139
483	0.6879455047608043	0.8406740124611394	0.2207872834051713	257633
484	0.6886954526215248	0.8414205419737641	0.2207872834051713	254400
485	0.6894435981630913	0.8420706946351326	0.2207872834051713	250325
486	0.6901899457169444	0.8425664269692159	0.2207872834051713	316259
487	0.6909344996041145	0.8434094698425884	0.2207872834051713	290796
488	0.6916772641352478	0.8438395585789826	0.2207872834051713	273457
489	0.6924182436106308	0.8445712557743122	0.2207872834051713	383652
490	0.6931574423202151	0.8452995245675397	0.2207872834051713	294738
491	0.6938948645436429	0.845933773965723	0.2207872834051713	472402
492	0.6946305145502709	0.84656542303383	0.2207872834051713	355946
493	0.6953643965991957	0.8472075878369808	0.2207872834051713	291820
494	0.6960965149392779	0.8481621426818143	0.2207872834051713	447679
495	0.6968268738091672	0.8487068416278697	0.2207872834051713	1393432
496	0.6975554774373266	0.8494157329363605	0.2207872834051713	463578
497	0.6982823300420571	0.8498884095559102	0.2207872834051713	470550
498	0.699007435831522	0.8505038451945749	0.2207872834051713	3070201
499	0.6997307990037713	0.8511167576368348	0.2207872834051713	658747
