0	0.00240325927734375	0.0035873724489795533	0.8014442579664348	319754
1	0.004800742899533361	0.00716187565687143	0.4614484735197566	271658
2	0.0071924647469656655	0.011232367238088625	0.4614484735197566	312954
3	0.00957843866667929	0.014779445002301439	0.4614484735197566	337312
4	0.011958678472434925	0.018818705659635282	0.4614484735197566	294994
5	0.01433319794479504	0.023416077405295055	0.4614484735197566	336930
6	0.01670201083120393	0.0274199291287609	0.4614484735197566	280425
7	0.019065130846067313	0.03197699943167698	0.4614484735197566	290224
8	0.021422571670831503	0.03501557609361716	0.4614484735197566	292553
9	0.023774346954062775	0.03804461481263133	0.26129515566389994	286497
10	0.026120470311526423	0.041495507058600056	0.26129515566389994	302515
11	0.02846095532626547	0.0459866255698832	0.26129515566389994	298480
12	0.030795815548679273	0.04940902686527182	0.26129515566389994	303751
13	0.03312506449660224	0.05239288524913499	0.26129515566389994	317502
14	0.03544871565538188	0.05683294357522717	0.26129515566389994	275481
15	0.03776678247795695	0.06069979101865963	0.26129515566389994	295111
16	0.04007927838493508	0.06364820824830242	0.26129515566389994	332121
17	0.042386216764671025	0.06803552922173295	0.26129515566389994	260377
18	0.04468761097334362	0.07373905767467648	0.26129515566389994	324994
19	0.04698347433503336	0.07664654528660719	0.26129515566389994	298920
20	0.049273820141799596	0.07995895803071607	0.26129515566389994	304720
21	0.05155866165375744	0.08325948791660709	0.26129515566389994	313344
22	0.0538380120991544	0.08654817757251843	0.26129515566389994	317412
23	0.056111884674447055	0.08941545798610906	0.26129515566389994	325897
24	0.05838029254437771	0.09268206388459632	0.26129515566389994	266593
25	0.06064324884205019	0.0964019351605796	0.26129515566389994	333992
26	0.06290076666900601	0.10124062295944602	0.26129515566389994	274982
27	0.06515285909530044	0.10492540539082584	0.26129515566389994	296533
28	0.06739953915957797	0.10911932008859904	0.26129515566389994	289120
29	0.06964081986914772	0.11277180101024742	0.26129515566389994	267076
30	0.07187671420005914	0.11640930729254872	0.26129515566389994	305109
31	0.07410723509717665	0.11957907619974217	0.26129515566389994	293415
32	0.07633239547425485	0.12273747396528834	0.26129515566389994	315435
33	0.07855220821401321	0.12588454138170746	0.26129515566389994	283075
34	0.08076668616821081	0.12946828733996396	0.26129515566389994	300554
35	0.08297584215772047	0.1330373404622035	0.26129515566389994	295903
36	0.0851796889726033	0.13541852452465475	0.26129515566389994	302986
37	0.08737823937218236	0.13813240331904575	0.26129515566389994	302933
38	0.08957150608511699	0.14049959337340623	0.26129515566389994	288760
39	0.09175950180947601	0.1445268235169086	0.26129515566389994	293458
40	0.09394223921281164	0.1472121118080455	0.26129515566389994	286307
41	0.0961197309322328	0.15243108757068013	0.26129515566389994	303221
42	0.09829198957447793	0.1559059965593207	0.26129515566389994	300510
43	0.10045902771598825	0.15986103926598783	0.26129515566389994	269199
44	0.10262085790298059	0.16249819420690792	0.26129515566389994	263613
45	0.10477749265152003	0.16479846161783862	0.26129515566389994	278098
46	0.10692894444759216	0.16871183825540603	0.26129515566389994	296630
47	0.10907522574717565	0.17169397850401147	0.26129515566389994	343985
48	0.11121634897631416	0.17466542070485003	0.26129515566389994	334277
49	0.11335232653118832	0.17725610541943437	0.26129515566389994	289535
50	0.11548317077818748	0.18062923545370235	0.26129515566389994	267103
51	0.11760889405398145	0.18398853614653976	0.2207872834051713	260614
52	0.11972950866559184	0.18733406419623044	0.2207872834051713	298708
53	0.12184502689046317	0.19114184919322852	0.2207872834051713	286476
54	0.1239554609765342	0.19368081520789815	0.2207872834051713	281232
55	0.1260608231423087	0.1962118115329291	0.2207872834051713	221154
56	0.12816112557692616	0.2005160262626272	0.2207872834051713	291460
57	0.13025638044023236	0.20426204654773572	0.2207872834051713	298509
58	0.1323465998628499	0.206759828907205	0.2207872834051713	328451
59	0.13443179594624832	0.20960547684240716	0.2207872834051713	300315
60	0.13651198076281423	0.21330890807336222	0.2207872834051713	315139
61	0.13858716635592117	0.2161310620223975	0.2207872834051713	291896
62	0.14065736473999924	0.21980391731279658	0.2207872834051713	290000
63	0.14272258790060488	0.2234595632645796	0.2207872834051713	298404
64	0.14478284779449002	0.22709808051292346	0.2207872834051713	294517
65	0.14683815634967146	0.22987076756465485	0.2207872834051713	296020
66	0.1488885254654998	0.23263350795524718	0.2207872834051713	252894
67	0.15093396701272854	0.23577959871162602	0.2207872834051713	243296
68	0.15297449283358266	0.23891279095451745	0.2207872834051713	308888
69	0.15501011474182713	0.24130180632889286	0.2207872834051713	291846
70	0.1570408445228355	0.2440235393259591	0.2207872834051713	286733
71	0.1590666939336579	0.2458403467685275	0.2207872834051713	288334
72	0.16108767470308916	0.24893229141096707	0.2207872834051713	258746
73	0.16310379853173695	0.25201155953109333	0.2207872834051713	334908
74	0.16511507709208928	0.2555162950393296	0.2207872834051713	276565
75	0.1671215220285821	0.25730548241010753	0.2207872834051713	346434
76	0.1691231449576669	0.26035042166771916	0.2207872834051713	341030
77	0.17111995746787756	0.2630038201869277	0.2207872834051713	306522
78	0.17311197111989796	0.2653172150035842	0.2207872834051713	298713
79	0.1750991974466285	0.26832930732545357	0.2207872834051713	261405
80	0.1770816479532532	0.2706259856995017	0.2207872834051713	247299
81	0.179059334117306	0.2736163128353911	0.2207872834051713	248781
82	0.18103226738873734	0.2762221216621136	0.2207872834051713	258172
83	0.18300045918998054	0.27881858248204383	0.2207872834051713	274010
84	0.18496392091601777	0.2826804452521168	0.2207872834051713	260744
85	0.18692266393444623	0.28562135086105034	0.2207872834051713	337688
86	0.18887669958554376	0.2889686060892108	0.2207872834051713	283039
87	0.19082603918233454	0.2912004987179765	0.2207872834051713	320741
88	0.1927706940106546	0.29342538554538233	0.2207872834051713	305035
89	0.19471067532921726	0.2967360745968669	0.2207872834051713	292637
90	0.19664599436967822	0.2986676466576055	0.2207872834051713	312131
91	0.19857666233670057	0.3008690944743192	0.2207872834051713	296408
92	0.2005026904080197	0.30373542927284825	0.2207872834051713	288973
93	0.20242408973450798	0.3062331896110754	0.2207872834051713	223083
94	0.20434087144023938	0.3081386770663672	0.2207872834051713	292263
95	0.20625304662255384	0.31062064131477385	0.2207872834051713	253385
96	0.20816062635212151	0.3138507611753356	0.2207872834051713	289776
97	0.21006362167300685	0.3163122340505835	0.2207872834051713	287726
98	0.21196204360273252	0.3195156856819583	0.2207872834051713	278699
99	0.21385590313234326	0.3216516925279622	0.2207872834051713	279564
100	0.2157452112264695	0.32528418777830337	0.2207872834051713	281733
101	0.21762997882339075	0.3277046446939583	0.2207872834051713	333087
102	0.21951021683509908	0.32981494679975987	0.2207872834051713	305090
103	0.22138593614736213	0.33295513082662487	0.2207872834051713	329295
104	0.22325714761978632	0.33703737806888645	0.2207872834051713	300081
105	0.22512386208587953	0.3401437210496133	0.2207872834051713	291843
106	0.2269860903531139	0.34323550911216727	0.2207872834051713	305017
107	0.22884384320298856	0.34598424442559295	0.2207872834051713	241731
108	0.23069713139109171	0.3483304425283391	0.2207872834051713	279570
109	0.23254596564716323	0.3501203064252034	0.2207872834051713	270535
110	0.23439035667515662	0.3521602468695997	0.2207872834051713	257853
111	0.23623031515330084	0.35519573092737444	0.2207872834051713	291202
112	0.23806585173416261	0.3582169920798389	0.2207872834051713	272819
113	0.23989697704470747	0.35975936304766465	0.2207872834051713	278453
114	0.2417237016863618	0.3620561446693846	0.2207872834051713	3634359
115	0.24354603623507398	0.3640586191036673	0.2207872834051713	452430
116	0.24536399124137553	0.36666588606251704	0.2207872834051713	356956
117	0.2471775772304423	0.36893789141385525	0.2207872834051713	4000711
118	0.24898680470215562	0.3718947630180177	0.2207872834051713	653412
119	0.2507916841311627	0.3736199055756465	0.2207872834051713	414772
120	0.25259222596693753	0.3755860819323077	0.2207872834051713	4180958
121	0.25438844063384136	0.3778260872187431	0.2207872834051713	512858
122	0.2561803385311828	0.38074131275759737	0.2207872834051713	419362
123	0.25796793003327845	0.38453111339181034	0.2207872834051713	4141109
124	0.25975122548951257	0.38646304000295484	0.2207872834051713	526957
125	0.2615302352243972	0.3883889023913384	0.2207872834051713	285842
126	0.26330496953763205	0.3905829791923898	0.2207872834051713	267730
127	0.2650754387041637	0.3922567930312779	0.2207872834051713	312846
128	0.2668416529742458	0.39443699426801204	0.2207872834051713	306107
129	0.26860362257349746	0.39633782680553564	0.2207872834051713	316093
130	0.2703613577029633	0.39881275371823155	0.2207872834051713	337273
131	0.2721148685391722	0.4016296452303807	0.2207872834051713	302450
132	0.273864165234196	0.4037762225553674	0.2207872834051713	337332
133	0.27560925791570867	0.40591509930799874	0.2207872834051713	267539
134	0.27735015668704466	0.40835076079953847	0.2207872834051713	332619
135	0.27908687162725754	0.41151899019967186	0.2207872834051713	273887
136	0.2808194127911783	0.4139316765554494	0.2207872834051713	266172
137	0.2825477902094734	0.4166777276336465	0.2207872834051713	287963
138	0.28427201388870327	0.4190692639179473	0.2207872834051713	305528
139	0.2859920938113798	0.42145099525210294	0.2207872834051713	303325
140	0.28770803993602434	0.4238229618349797	0.2207872834051713	291948
141	0.2894198621972255	0.42563155326337154	0.2207872834051713	306361
142	0.29112757050569615	0.4276920268047577	0.2207872834051713	288292
143	0.29283117474833154	0.43037360310565176	0.2207872834051713	301564
144	0.29453068478826594	0.432417065148082	0.2207872834051713	312433
145	0.29622611046492986	0.4344531965310807	0.2207872834051713	315329
146	0.29791746159410726	0.4362284201747819	0.2207872834051713	269394
147	0.2996047479679923	0.4382508788077646	0.2207872834051713	302116
148	0.30128797935524576	0.44026608212836804	0.2207872834051713	285770
149	0.30296716550105185	0.4422740561641001	0.2207872834051713	304852
150	0.30464231612717463	0.44402473051347335	0.2207872834051713	305736
151	0.3063134409320143	0.4460192208775433	0.2207872834051713	292368
152	0.3079805495906631	0.4477581393387954	0.2207872834051713	297103
153	0.30964365175496167	0.44949159942039096	0.2207872834051713	272206
154	0.3113027570535547	0.4514664780895621	0.2207872834051713	312328
155	0.31295787509194684	0.4529730704043796	0.2207872834051713	276011
156	0.31460901545255804	0.4549354597404608	0.2207872834051713	286737
157	0.3162561876947795	0.4568908092551036	0.2207872834051713	308074
158	0.31789940135502837	0.45911747776672174	0.2207872834051713	285871
159	0.3195386659468036	0.4613350172620294	0.2207872834051713	300712
160	0.3211739909607406	0.46281450482448117	0.2207872834051713	265465
161	0.32280538586466645	0.4656910856875618	0.2207872834051713	313318
162	0.32443286010365446	0.46819461558594366	0.2207872834051713	271456
163	0.326056423100079	0.47104238643126195	0.2207872834051713	314600
164	0.3276760842536699	0.47270275840465714	0.2207872834051713	308403
165	0.3292918529415674	0.4748646002297109	0.2207872834051713	307517
166	0.3309037385183756	0.4765129744616907	0.2207872834051713	311395
167	0.3325117503162174	0.4793162012302067	0.2207872834051713	346041
168	0.3341158976447879	0.4814509289037344	0.2207872834051713	309090
169	0.3357161897914087	0.4846243968566223	0.2207872834051713	285210
170	0.33731263602108175	0.48647324109621504	0.2207872834051713	283108
171	0.33890524557654256	0.48808517637458204	0.2207872834051713	319506
172	0.34049402767831405	0.4894911924306822	0.2207872834051713	317840
173	0.34207899152475973	0.49109365450801334	0.2207872834051713	305874
174	0.34366014629213726	0.4929192911109421	0.2207872834051713	345530
175	0.3452375011346511	0.4943120298743703	0.2207872834051713	301728
176	0.3468110651845061	0.49701994427380547	0.2207872834051713	295205
177	0.34838084755195975	0.49859877396881647	0.2207872834051713	269984
178	0.34994685732537534	0.5003974869129653	0.2207872834051713	304113
179	0.35150910357127463	0.5017696861981775	0.2207872834051713	291361
180	0.3530675953343899	0.5035570238991567	0.2207872834051713	306747
181	0.3546223416377169	0.5053379497541103	0.2207872834051713	342255
182	0.35617335148256646	0.5076557123802103	0.2207872834051713	303823
183	0.3577206338486171	0.5092011569214276	0.2207872834051713	304386
184	0.3592641976939669	0.5107417503881224	0.2207872834051713	301677
185	0.36080405195518517	0.5127476378910866	0.2207872834051713	265320
186	0.36234020554736446	0.5142770991281751	0.2207872834051713	311397
187	0.3638726673641719	0.516268492216662	0.2207872834051713	301306
188	0.36540144627790083	0.5182517208837767	0.2207872834051713	270015
189	0.36692655113952244	0.5195748820507828	0.2207872834051713	286503
190	0.36844799077873636	0.5212983458827116	0.2207872834051713	263841
191	0.3699657740040224	0.5238617509443262	0.2207872834051713	310372
192	0.3714799096026914	0.5253563255263229	0.2207872834051713	330999
193	0.3729904063409356	0.527302295401625	0.2207872834051713	294051
194	0.37449727296388025	0.5292402870841073	0.2207872834051713	290233
195	0.3760005181956336	0.5309290775083113	0.2207872834051713	338579
196	0.3775001507393376	0.533440910853004	0.2207872834051713	297402
197	0.3789961792772184	0.5359392935520717	0.2207872834051713	306998
198	0.38048861247063637	0.5378418748011748	0.2207872834051713	291975
199	0.38197745896013646	0.5394998081265852	0.2207872834051713	303475
200	0.383462727365498	0.5416575037361545	0.2207872834051713	309263
201	0.38494442628578507	0.5430962183240362	0.2207872834051713	305176
202	0.3864225642993957	0.5445304168574778	0.2207872834051713	294661
203	0.38789714996411195	0.5466645413099366	0.2207872834051713	317687
204	0.3893681918171492	0.5480875390527555	0.2207872834051713	306023
205	0.3908356983752058	0.5499403142661872	0.2207872834051713	291302
206	0.3922996781345123	0.551554845983185	0.2207872834051713	285017
207	0.3937601395708803	0.553656057137991	0.2207872834051713	306914
208	0.3952170911397521	0.554881977391213	0.2207872834051713	339356
209	0.39667054127624946	0.5562791810057077	0.2207872834051713	293157
210	0.3981204983952221	0.5574978966340489	0.2207872834051713	314521
211	0.3995669708912969	0.5590853164882794	0.2207872834051713	317207
212	0.401009967138926	0.5608930024173999	0.2207872834051713	287326
213	0.4024494954924358	0.5626932770977222	0.2207872834051713	311517
214	0.403885564286075	0.5644861709142859	0.2207872834051713	311666
215	0.4053181818340631	0.5656823453716135	0.2207872834051713	241663
216	0.4067473564306381	0.5672404045599329	0.2207872834051713	241908
217	0.4081730963501049	0.5685988156784318	0.2207872834051713	305173
218	0.40959540984688314	0.5703674976476802	0.2207872834051713	288028
219	0.4110143051555549	0.5726681417371494	0.2207872834051713	292236
220	0.41242979049091255	0.5746704255378396	0.2207872834051713	275735
221	0.4138418740480061	0.5766633275422959	0.2207872834051713	337058
222	0.4152505640021906	0.5789302580189539	0.2207872834051713	336247
223	0.4166558685091739	0.5806565825806473	0.2207872834051713	333396
224	0.4180577957050633	0.5826214361608089	0.2207872834051713	294300
225	0.419456353706413	0.5845770833258197	0.2207872834051713	299828
226	0.420851550610271	0.5865235672127771	0.2207872834051713	266587
227	0.4222433944942261	0.58782144943065	0.2207872834051713	312425
228	0.42363189341645446	0.5897527316855042	0.2207872834051713	262984
229	0.4250170554157664	0.5912244414331248	0.2207872834051713	242376
230	0.42639888851165286	0.5925075678376664	0.2207872834051713	296499
231	0.4277774007043319	0.5939693949619733	0.2207872834051713	296016
232	0.42915259997479493	0.5952439050921847	0.2207872834051713	274603
233	0.43052449428485307	0.5963556009094975	0.2207872834051713	303102
234	0.43189309157718303	0.5976226208564194	0.2207872834051713	293737
235	0.4332583997753733	0.5995079792551554	0.2207872834051713	282489
236	0.4346204267839697	0.6009446932964116	0.2207872834051713	332657
237	0.4359791804885218	0.6025807618825688	0.2207872834051713	419358
238	0.43733466875562776	0.6042101228260167	0.2207872834051713	4411649
239	0.43868689943298045	0.6056299685269757	0.2207872834051713	697155
240	0.44003588034941277	0.606867876689384	0.2207872834051713	476568
241	0.4413816193149427	0.6082781880373573	0.2207872834051713	4036512
242	0.44272412412081874	0.6096834400732565	0.2207872834051713	649925
243	0.4440634025395652	0.6107554765232506	0.2207872834051713	1035639
244	0.4453994623250269	0.6118245685371944	0.2207872834051713	380899
245	0.4467323112124141	0.6132170983853948	0.2207872834051713	805254
246	0.4480619569183474	0.6144311909197598	0.2207872834051713	1989233
247	0.44938840714090234	0.6162377919618893	0.2207872834051713	2045299
248	0.450711669559654	0.6178111610728327	0.2207872834051713	976220
249	0.4520317518357214	0.6191822147839076	0.2207872834051713	672522
250	0.453348661611812	0.6209665546771526	0.2207872834051713	373659
251	0.45466240651226575	0.6223262888161456	0.2207872834051713	311128
252	0.45597299414309944	0.6235117880490748	0.2207872834051713	280218
253	0.4572804320920506	0.6246935660581283	0.2207872834051713	322194
254	0.45858472792862137	0.6269904035360342	0.2207872834051713	363735
255	0.45988588920412254	0.6281612623418991	0.2207872834051713	311313
256	0.461183923451717	0.6296857469623997	0.2207872834051713	321832
257	0.4624788381864636	0.6308481452176098	0.2207872834051713	303891
258	0.4637706409053606	0.6323616140099939	0.2207872834051713	317006
259	0.46505933908738883	0.6333713629949518	0.2207872834051713	273941
260	0.46634494019355544	0.6343783386214915	0.2207872834051713	267493
261	0.46762745166693676	0.6352570222711973	0.2207872834051713	261003
262	0.46890688093272137	0.6362588187798519	0.2207872834051713	274110
263	0.47018323539825324	0.6374005844854118	0.2207872834051713	358625
264	0.4714565224530747	0.6387013636386449	0.2207872834051713	362149
265	0.47272674946896887	0.6401826353802869	0.2207872834051713	313614
266	0.4739939238000027	0.6418685768013497	0.2207872834051713	312936
267	0.4752580527825695	0.6428522141331331	0.2207872834051713	286617
268	0.47651914373543125	0.6441334362603659	0.2207872834051713	350429
269	0.477777203959761	0.6458008660154975	0.2207872834051713	323984
270	0.47903224073918504	0.6469126797033673	0.2207872834051713	304329
271	0.4802842613398256	0.6481793354282834	0.2207872834051713	327202
272	0.4815332730103422	0.6494414471873498	0.2207872834051713	322130
273	0.48277928298197414	0.6510840060041521	0.2207872834051713	312742
274	0.48402229846858214	0.652335697628021	0.2207872834051713	303256
275	0.48526232666669	0.6539646952963611	0.2207872834051713	326111
276	0.4864993747555266	0.6553833896031818	0.2207872834051713	300793
277	0.48773344989706724	0.6569981071654326	0.2207872834051713	321095
278	0.48896455923607496	0.6579401900009767	0.2207872834051713	329387
279	0.4901927099001423	0.6590138989469836	0.2207872834051713	284296
280	0.49141790899973226	0.6604118922548723	0.2207872834051713	369571
281	0.4926401636282195	0.6614778426488825	0.2207872834051713	332192
282	0.49385948086193154	0.6628657341467689	0.2207872834051713	319847
283	0.49507586776018964	0.6640751603236976	0.2207872834051713	360179
284	0.4962893313653497	0.6651296118991324	0.2207872834051713	322966
285	0.49749987870284296	0.666180753602853	0.2207872834051713	324905
286	0.4987075167812167	0.6672285958243842	0.2207872834051713	315543
287	0.499912252592175	0.668422370791532	0.2207872834051713	310763
288	0.5011140931106188	0.6696118632432524	0.2207872834051713	282008
289	0.5023130452946868	0.6706489353801144	0.2207872834051713	278186
290	0.5035091160857953	0.672192125499637	0.2207872834051713	288015
291	0.5047023124086787	0.6733680944371782	0.2207872834051713	351662
292	0.5058926411714295	0.6751171794315647	0.2207872834051713	296583
293	0.5070801092655381	0.6768568982303484	0.2207872834051713	311551
294	0.508264723565933	0.6783710006438881	0.2207872834051713	309288
295	0.5094464909310203	0.679524803654971	0.2207872834051713	312260
296	0.5106254182027239	0.6806744675449206	0.2207872834051713	317845
297	0.5118015122065245	0.6816768147101324	0.2207872834051713	332359
298	0.5129747797514994	0.6831683331751516	0.2207872834051713	303618
299	0.514145227630362	0.6839297618178046	0.2207872834051713	314309
300	0.515312862619501	0.6847978746546087	0.2207872834051713	296874
301	0.5164776914790199	0.6862747692444195	0.2207872834051713	339929
302	0.5176397209527757	0.6875609969579766	0.2207872834051713	289184
303	0.518798957768418	0.6890554437199761	0.2207872834051713	258485
304	0.5199554086374285	0.6905123892668941	0.2207872834051713	273680
305	0.5211090802551592	0.6917812433560877	0.2207872834051713	304634
306	0.5222599793008718	0.6927487268974504	0.2207872834051713	319121
307	0.5234081124377754	0.6940084123283554	0.2207872834051713	308876
308	0.5245534863130661	0.6954421505046595	0.2207872834051713	305211
309	0.5256961075579649	0.6966907932914024	0.2207872834051713	304823
310	0.5268359827877565	0.6983149872941259	0.2207872834051713	327747
311	0.527973118601827	0.6995518518688129	0.2207872834051713	284998
312	0.5291075215837029	0.7006296712777655	0.2207872834051713	321061
313	0.5302391983010882	0.7018570459855371	0.2207872834051713	372489
314	0.5313681553059035	0.702926595804626	0.2207872834051713	360961
315	0.5324943991343234	0.7041445534566662	0.2207872834051713	339214
316	0.533617936306814	0.7053575176598776	0.2207872834051713	368485
317	0.5347387733281713	0.7064145099833236	0.2207872834051713	238732
318	0.5358569166875587	0.7076181676956732	0.2207872834051713	337555
319	0.5369723728585443	0.7085359399092401	0.2207872834051713	305297
320	0.5380851482991384	0.7099016086622685	0.2207872834051713	307563
321	0.5391952494518314	0.711090969778358	0.2207872834051713	306476
322	0.5403026827436304	0.7119978410367267	0.2207872834051713	332144
323	0.5414074545860967	0.7135400671512442	0.2207872834051713	334713
324	0.5425095713753834	0.7143268528554796	0.2207872834051713	372268
325	0.5436090394922715	0.7152235668357741	0.2207872834051713	331291
326	0.5447058653022074	0.7160057286700265	0.2207872834051713	322696
327	0.5458000551553401	0.716897172741584	0.2207872834051713	327513
328	0.5468916153865571	0.7179127680243191	0.2207872834051713	290008
329	0.5479805523155216	0.7187982259929928	0.2207872834051713	312066
330	0.5490668722467091	0.719570569732636	0.2207872834051713	237873
331	0.5501505814694438	0.7204508239431571	0.2207872834051713	349434
332	0.5512316862579352	0.721760664938842	0.2207872834051713	307893
333	0.5523101928713137	0.7225248720969079	0.2207872834051713	265713
334	0.5533861075536679	0.7235202787260244	0.2207872834051713	308267
335	0.5544594365340801	0.7243881349939743	0.2207872834051713	307110
336	0.5555301860266626	0.7255181034638423	0.2207872834051713	312891
337	0.5565983622305932	0.7263796886580476	0.2207872834051713	336466
338	0.5576639713301519	0.7278754265115932	0.2207872834051713	319460
339	0.5587270194947561	0.7288516387092159	0.2207872834051713	321220
340	0.5597875128789964	0.7298243488700964	0.2207872834051713	330042
341	0.5608454576226725	0.7309320296555233	0.2207872834051713	323398
342	0.5619008598508284	0.7321927604620103	0.2207872834051713	314718
343	0.5629537256737882	0.7330333942356717	0.2207872834051713	314191
344	0.5640040611871913	0.7342842789982076	0.2207872834051713	291412
345	0.5650518724720273	0.7357071632065828	0.2207872834051713	240765
346	0.5660971655946722	0.7364330651631077	0.2207872834051713	323396
347	0.5671399466069225	0.7372603888285416	0.2207872834051713	304550
348	0.5681802215460309	0.7382029336709137	0.2207872834051713	265220
349	0.5692179964347409	0.7390247018060148	0.2207872834051713	343608
350	0.5702532772813218	0.7397414918706344	0.2207872834051713	305994
351	0.5712860700796035	0.7409609455218029	0.2207872834051713	282872
352	0.5723163808090113	0.7420229678843684	0.2207872834051713	332736
353	0.5733442154346	0.7429484275818495	0.2207872834051713	326771
354	0.5743695799070891	0.7438705673107093	0.2207872834051713	292591
355	0.5753924801628971	0.744574047808208	0.2207872834051713	311428
356	0.5764129221241756	0.7459418312137689	0.2207872834051713	299949
357	0.5774309116988436	0.746983432671074	0.2207872834051713	1770896
358	0.5784464547806221	0.748168953863265	0.2207872834051713	564928
359	0.5794595572490677	0.7489594391503851	0.2207872834051713	2155544
360	0.5804702249696072	0.7501357016699846	0.2207872834051713	5386526
361	0.5814784637935709	0.7510320579697973	0.2207872834051713	606106
362	0.5824842795582272	0.7520527902394183	0.2207872834051713	407776
363	0.5834876780868158	0.7533805256400521	0.2207872834051713	4344293
364	0.5844886651885817	0.7541546520592902	0.2207872834051713	732429
365	0.5854872466588087	0.7550365908872025	0.2207872834051713	889991
366	0.5864834282788531	0.7560618283695385	0.2207872834051713	4356432
367	0.5874772158161774	0.7575547053474467	0.2207872834051713	429168
368	0.5884686150243829	0.7583157292215654	0.2207872834051713	470710
369	0.5894576316432436	0.7591827407159077	0.2207872834051713	4208597
370	0.5904442713987397	0.7603111014684883	0.2207872834051713	390503
371	0.5914285400030899	0.7610634731505418	0.2207872834051713	460320
372	0.5924104431547853	0.7623429571403348	0.2207872834051713	4298657
373	0.5933899865386221	0.763088950927213	0.2207872834051713	544944
374	0.5943671758257341	0.7639388390975155	0.2207872834051713	766879
375	0.5953420166736261	0.7652029257567183	0.2207872834051713	276734
376	0.5963145147262063	0.766165559534137	0.2207872834051713	265257
377	0.5972846756138196	0.766899554359818	0.2207872834051713	255174
378	0.5982525049532792	0.7677357724763525	0.2207872834051713	505214
379	0.5992180083478998	0.7683737052301711	0.2207872834051713	367418
380	0.6001811913875301	0.7693233392739613	0.2207872834051713	270619
381	0.6011420596485846	0.7704041857684086	0.2207872834051713	1770466
382	0.6021006186940763	0.7711248757544871	0.2207872834051713	449360
383	0.603056874073649	0.7718433035300903	0.2207872834051713	393289
384	0.6040108313236094	0.7726617865770566	0.2207872834051713	2751834
385	0.6049624959669586	0.7735938401124094	0.2207872834051713	773839
386	0.6059118735134248	0.774215683202921	0.2207872834051713	597720
387	0.6068589694594947	0.7751413659886233	0.2207872834051713	3887145
388	0.6078037892884456	0.7761949518414463	0.2207872834051713	403902
389	0.6087463384703772	0.7769978239051528	0.2207872834051713	355170
390	0.609686622462243	0.778191980854551	0.2207872834051713	2544421
391	0.610624646707882	0.7791013613995168	0.2207872834051713	572424
392	0.6115604166380503	0.780136392504996	0.2207872834051713	765947
393	0.6124939376704523	0.7810378012456369	0.2207872834051713	1724263
394	0.6134252152097728	0.7817251128349189	0.2207872834051713	496838
395	0.614354254647707	0.7825081461514389	0.2207872834051713	610885
396	0.6152810613629931	0.7836727958120786	0.2207872834051713	3465223
397	0.6162056407214423	0.7845597058146712	0.2207872834051713	436078
398	0.6171279980759707	0.7853325703904317	0.2207872834051713	397440
399	0.6180481387666299	0.786006400910272	0.2207872834051713	4311523
400	0.6189660681206377	0.78715231772577	0.2207872834051713	393968
401	0.6198817914524095	0.7877369213452976	0.2207872834051713	421014
402	0.6207953140635888	0.788498388065599	0.2207872834051713	3932101
403	0.6217066412430776	0.7891622812392212	0.2207872834051713	687486
404	0.6226157782670677	0.7897413643290793	0.2207872834051713	529613
405	0.6235227303990705	0.790246670345897	0.2207872834051713	4758989
406	0.624427502889948	0.7909991336617799	0.2207872834051713	661457
407	0.6253301009779428	0.7918560067471679	0.2207872834051713	589365
408	0.626230529888709	0.7927093667778146	0.2207872834051713	1241919
409	0.6271287948353418	0.7934529954843673	0.2207872834051713	353842
410	0.628024901018408	0.7941013363886086	0.2207872834051713	355670
411	0.6289188536259764	0.794666853958342	0.2207872834051713	360408
412	0.6298106578336471	0.7956289522061424	0.2207872834051713	354664
413	0.6307003188045821	0.7964668437103992	0.2207872834051713	357841
414	0.6315878416895351	0.7971969929477264	0.2207872834051713	358572
415	0.632473231626881	0.7980284557135202	0.2207872834051713	356320
416	0.6333564937426459	0.7991099954877681	0.2207872834051713	354631
417	0.6342376331505367	0.7997405793467978	0.2207872834051713	358276
418	0.6351166549519709	0.8003691838340602	0.2207872834051713	351494
419	0.6359935642361059	0.8013045635432925	0.2207872834051713	358242
420	0.6368683660798683	0.8021191858684157	0.2207872834051713	357154
421	0.6377410655479838	0.8027403240266133	0.2207872834051713	359725
422	0.6386116676930063	0.8033595124626347	0.2207872834051713	487201
423	0.6394801775553468	0.804412504899022	0.2207872834051713	726277
424	0.6403466001633032	0.8051141500903123	0.2207872834051713	528172
425	0.641210940533089	0.805913153665926	0.2207872834051713	598265
426	0.6420732036688623	0.8065223827455181	0.2207872834051713	1024401
427	0.6429333945627551	0.8074289313478142	0.2207872834051713	661591
428	0.6437915181949019	0.807957843584713	0.2207872834051713	645322
429	0.6446475795334685	0.8088576662667921	0.2207872834051713	637262
430	0.6455015835346813	0.8098812165753534	0.2207872834051713	460052
431	0.6463535351428553	0.810660675873286	0.2207872834051713	544828
432	0.6472034392904231	0.8113399065481666	0.2207872834051713	481321
433	0.6480513008979634	0.8119321013169537	0.2207872834051713	517129
434	0.6488971248742295	0.8126067709152267	0.2207872834051713	656463
435	0.6497409161161776	0.813375055837677	0.2207872834051713	694083
436	0.6505826795089953	0.8143744159242248	0.2207872834051713	553715
437	0.6514224199261298	0.8148842518179875	0.2207872834051713	513871
438	0.6522601422293164	0.8158755302934073	0.2207872834051713	715910
439	0.653095851268606	0.8166304137789027	0.2207872834051713	459556
440	0.6539295518823938	0.8172060019052942	0.2207872834051713	485912
441	0.6547612488974469	0.817861752057898	0.2207872834051713	645875
442	0.6555909471289327	0.8184334750738993	0.2207872834051713	497555
443	0.6564186513804463	0.8191778713586728	0.2207872834051713	534196
444	0.6572443664440386	0.8200251220655512	0.2207872834051713	747699
445	0.6580680971002438	0.8207629928296776	0.2207872834051713	528257
446	0.6588898481181075	0.8211937458300029	0.2207872834051713	488799
447	0.6597096242552138	0.8221512375224703	0.2207872834051713	720466
448	0.6605274302577133	0.8231036019315248	0.2207872834051713	456025
449	0.6613432708603502	0.8240508665133158	0.2207872834051713	472961
450	0.6621571507864898	0.8247722323120494	0.2207872834051713	753951
451	0.6629690747481465	0.8255932703738943	0.2207872834051713	522375
452	0.6637790474460097	0.8262189322706717	0.2207872834051713	478390
453	0.6645870735694724	0.8270331917508695	0.2207872834051713	635024
454	0.6653931577966576	0.8277423304508705	0.2207872834051713	527990
455	0.6661973047944455	0.8284485617855745	0.2207872834051713	554107
456	0.6669995192185005	0.8290639806886078	0.2207872834051713	771784
457	0.6677998057132986	0.8297647934499974	0.2207872834051713	522417
458	0.6685981689121534	0.8305790562364292	0.2207872834051713	579814
459	0.6693946134372439	0.8310443847562877	0.2207872834051713	518119
460	0.6701891438996407	0.8316504914755134	0.2207872834051713	501205
461	0.6709817648993326	0.8323406999197192	0.2207872834051713	504211
462	0.6717724810252536	0.8331262755656597	0.2207872834051713	985632
463	0.6725612968553092	0.8340198696157037	0.2207872834051713	560147
464	0.6733482169564031	0.8350356512532586	0.2207872834051713	558786
465	0.6741332458844636	0.8357119810358391	0.2207872834051713	1197405
466	0.6749163881844695	0.8362276730596524	0.2207872834051713	442391
467	0.6756976483904776	0.8366774871900428	0.2207872834051713	439909
468	0.6764770310256476	0.8373470856846171	0.2207872834051713	665066
469	0.677254540602269	0.8377938252564062	0.2207872834051713	490323
470	0.6780301816217871	0.8383757192187358	0.2207872834051713	494937
471	0.6788039585748292	0.8389555257106966	0.2207872834051713	548894
472	0.6795758759412304	0.8394610364070567	0.2207872834051713	547076
473	0.6803459381900594	0.8399649603301651	0.2207872834051713	532392
474	0.6811141497796447	0.840539065622348	0.2207872834051713	921215
475	0.6818805151576004	0.8409770381593961	0.2207872834051713	482767
476	0.6826450387608517	0.8417221478306609	0.2207872834051713	520625
477	0.6834077250156607	0.8425697117442231	0.2207872834051713	754464
478	0.6841685783376522	0.8433073588674541	0.2207872834051713	738140
479	0.684927603131839	0.8439497758546046	0.2207872834051713	838844
480	0.6856848037926473	0.8445095861293609	0.2207872834051713	3593766
481	0.6864401847039427	0.8452381438786507	0.2207872834051713	860412
482	0.6871937502390553	0.8457933322974533	0.2207872834051713	714252
483	0.6879455047608043	0.8462168735600641	0.2207872834051713	3539162
484	0.6886954526215248	0.8466392515318535	0.2207872834051713	686251
485	0.6894435981630913	0.8470604694078951	0.2207872834051713	556597
486	0.6901899457169444	0.8475405390840004	0.2207872834051713	3253247
487	0.6909344996041145	0.8481656006493448	0.2207872834051713	716194
488	0.6916772641352478	0.848582626282327	0.2207872834051713	538613
489	0.6924182436106308	0.849292099607743	0.2207872834051713	3833757
490	0.6931574423202151	0.8498327449774538	0.2207872834051713	1091676
491	0.6938948645436429	0.8506368773599151	0.2207872834051713	1400167
492	0.6946305145502709	0.851336725393943	0.2207872834051713	3324010
493	0.6953643965991957	0.8518033721125028	0.2207872834051713	1161898
494	0.6960965149392779	0.8524109566838345	0.2207872834051713	1010321
495	0.6968268738091672	0.853102492184587	0.2207872834051713	279087
496	0.6975554774373266	0.8534555249830631	0.2207872834051713	268531
497	0.6982823300420571	0.8539812345952891	0.2207872834051713	267556
498	0.699007435831522	0.854382287112575	0.2207872834051713	307869
499	0.6997307990037713	0.855064585850594	0.2207872834051713	266585
