0	0.00240325927734375	0.00409985422740522	0.8287190473560038	0.8287190473560038	[1791, 420, 158, 1557, 15, 432, 422, 19]	{5 5 8 5 }327745
1	0.004800742899533361	0.008766191853370131	0.8287190473560038	0.9258675528940141	[3819, 438, 2729, 496, 1792, 232, 10, 494]	{8 3 2 1 }267105
2	0.0071924647469656655	0.01341066513185818	0.8287190473560038	0.9317058734160226	[421, 438, 1580, 301, 2627, 261, 217, 132]	{5 6 4 4 }320056
3	0.00957843866667929	0.01694992853022126	0.8287190473560038	1.0601604019078545	[1580, 438, 2729, 496, 217, 132, 241, 2872]	{1 7 5 6 }253913
4	0.011958678472434925	0.021556056520240063	0.8287190473560038	1.0988183361934967	[394, 432, 422, 19, 132, 1031, 241, 1729]	{3 3 8 6 }268619
5	0.01433319794479504	0.02506609936595028	0.4237339425775215	0.4237339425775215	[107, 162, 10, 734, 19, 132, 241, 1126]	{6 3 8 7 }354464
6	0.01670201083120393	0.027743835299088193	0.4237339425775215	0.6679190683377125	[837, 162, 1549, 107, 10, 734, 19, 409]	{1 5 5 2 }276098
7	0.019065130846067313	0.03305864669504799	0.4237339425775215	0.6654049710553581	[377, 162, 107, 10, 734, 19, 400, 4079]	{7 5 7 7 }278524
8	0.021422571670831503	0.03609382811934503	0.4237339425775215	0.8313372824178711	[1849, 420, 158, 10, 734, 19, 241, 89]	{4 1 1 8 }315434
9	0.023774346954062775	0.03911948225820028	0.4237339425775215	0.8581948058276367	[320, 232, 10, 734, 19, 132, 168, 2916]	{4 5 7 5 }277786
10	0.026120470311526423	0.04362173374699463	0.4237339425775215	0.500169331995343	[1579, 1580, 438, 2729, 496, 1792, 232, 10]	{7 8 1 7 }252370
11	0.02846095532626547	0.04874305486098107	0.4237339425775215	0.5895170305537488	[1579, 1580, 301, 2728, 496, 1792, 232, 10]	{1 3 8 4 }308598
12	0.030795815548679273	0.05172900369826172	0.4237339425775215	0.8564646822384463	[1549, 162, 420, 158, 10, 494, 2229, 1529]	{2 4 1 2 }282601
13	0.03312506449660224	0.05513080494456102	0.4237339425775215	0.7452368975880418	[1807, 157, 320, 232, 10, 734, 19, 132]	{3 6 2 3 }267077
14	0.03544871565538188	0.05900463090825403	0.4237339425775215	1.1390796793688531	[2047, 232, 193, 1265, 808, 331, 241, 132]	{2 1 8 6 }327528
15	0.03776678247795695	0.06341370958475645	0.4237339425775215	0.8242734474935158	[1792, 496, 2728, 301, 10, 734, 19, 132]	{2 4 7 1 }283287
16	0.04007927838493508	0.06677359343908407	0.4237339425775215	0.6418699588137922	[1791, 420, 162, 107, 10, 734, 19, 1987]	{5 2 2 4 }268765
17	0.042386216764671025	0.07114627027115838	0.4237339425775215	0.7947623881734774	[3819, 438, 1580, 301, 10, 734, 19, 132]	{3 6 8 3 }314019
18	0.04468761097334362	0.07549845871740979	0.4237339425775215	0.8603156862729713	[87, 1265, 193, 394, 432, 422, 19, 1987]	{5 7 6 7 }281164
19	0.04698347433503336	0.07983025477714711	0.4237339425775215	0.8936466738828512	[421, 438, 2729, 496, 1792, 232, 10, 494]	{7 6 8 6 }266581
20	0.049273820141799596	0.0836028165970294	0.4237339425775215	1.011165684478106	[1265, 87, 1529, 2229, 494, 10, 232, 2047]	{7 2 1 1 }295360
21	0.05155866165375744	0.08689027460509169	0.4237339425775215	0.7639768604031614	[837, 162, 1549, 107, 10, 734, 2229, 1529]	{7 7 1 5 }280435
22	0.0538380120991544	0.089398205369421	0.37724082830877137	0.37724082830877137	[420, 158, 10, 734, 19, 132, 241, 1126]	{1 8 5 4 }266204
23	0.056111884674447055	0.09366487350336272	0.37724082830877137	0.9651089741331098	[394, 193, 1265, 808, 331, 241, 132, 19]	{3 7 4 3 }337813
24	0.05838029254437771	0.09650981495790711	0.3702963559559602	0.3702963559559602	[1791, 420, 158, 10, 734, 19, 132, 217]	{4 2 8 5 }282848
25	0.06064324884205019	0.09934582628093258	0.3702963559559602	0.9136650374144402	[107, 162, 420, 158, 10, 438, 1580, 301]	{8 4 3 2 }298084
26	0.06290076666900601	0.10303837710248487	0.3702963559559602	0.5229092028783412	[377, 162, 107, 10, 734, 19, 132, 1031]	{2 1 6 2 }308182
27	0.06515285909530044	0.10784152734112207	0.3702963559559602	0.8661963519825046	[193, 394, 432, 15, 1557, 158, 420, 1791]	{4 4 6 2 }287276
28	0.06739953915957797	0.1120217784104317	0.3702963559559602	0.8863658667879466	[1799, 1019, 10, 232, 1792, 496, 2729, 301]	{6 1 6 4 }269907
29	0.06964081986914772	0.11566235967605942	0.3702963559559602	0.8320135995661408	[1580, 438, 10, 232, 1792, 496, 2728, 301]	{3 4 7 2 }316621
30	0.07187671420005914	0.1188348081625531	0.3702963559559602	0.7818964741513493	[1529, 2229, 494, 10, 734, 19, 241, 1031]	{2 1 1 5 }277064
31	0.07410723509717665	0.12160074242822583	0.3702963559559602	0.7705533893840184	[377, 162, 1549, 107, 10, 438, 2627, 301]	{1 2 7 3 }269376
32	0.07633239547425485	0.1252020513377311	0.3702963559559602	0.500169331995343	[1579, 1580, 438, 2729, 496, 1792, 232, 10]	{2 8 1 7 }321951
33	0.07855220821401321	0.12930095884395798	0.3702963559559602	1.05143133984738	[1549, 162, 107, 10, 301, 2627, 438, 970]	{4 7 8 8 }282011
34	0.08076668616821081	0.13338066072359378	0.3702963559559602	0.9641408789121723	[2796, 1791, 420, 158, 10, 734, 2229, 1529]	{3 2 1 7 }264187
35	0.08297584215772047	0.1357609018287841	0.3702963559559602	0.7382924252352308	[160, 320, 232, 10, 734, 19, 132, 217]	{6 2 3 3 }315084
36	0.0851796889726033	0.13930415614891023	0.3702963559559602	0.8551368402835844	[3869, 438, 1580, 301, 10, 158, 420, 1791]	{8 6 8 2 }306080
37	0.08737823937218236	0.14200583813644496	0.3702963559559602	0.551532359870496	[2051, 1849, 420, 158, 10, 734, 19, 1987]	{5 1 7 4 }287959
38	0.08957150608511699	0.1460260106982797	0.3702963559559602	0.6348663589710202	[2047, 232, 1792, 496, 2729, 438, 1580, 301]	{8 7 7 2 }315371
39	0.09175950180947601	0.14952717956841244	0.3702963559559602	0.8630047887241346	[1792, 496, 2728, 301, 10, 158, 420, 1791]	{8 8 2 6 }282860
40	0.09394223921281164	0.15219677198745685	0.3702963559559602	0.47989498236885453	[1726, 132, 19, 734, 10, 158, 420, 1791]	{3 8 7 1 }286515
41	0.0961197309322328	0.15485798468699397	0.3702963559559602	0.8207379126656511	[837, 162, 420, 158, 10, 734, 19, 1460]	{1 7 5 1 }327064
42	0.09829198957447793	0.15751084397055182	0.3702963559559602	0.8922053832921163	[1580, 438, 2627, 301, 10, 734, 2229, 1529]	{5 7 6 6 }286813
43	0.10045902771598825	0.16145836708814088	0.3702963559559602	1.1151615190404516	[2627, 438, 2729, 496, 217, 132, 19, 409]	{5 1 6 7 }290169
44	0.10262085790298059	0.16446652823937125	0.3702963559559602	0.6363070388789299	[87, 1265, 193, 232, 10, 734, 19, 409]	{7 4 3 1 }319815
45	0.10477749265152003	0.16746389799616557	0.3702963559559602	0.8155496587366927	[1794, 1791, 420, 162, 107, 10, 232, 2047]	{2 1 7 1 }284060
46	0.10692894444759216	0.17136478560447177	0.3702963559559602	0.7828071744138969	[394, 193, 1265, 415, 10, 158, 420, 1791]	{8 8 6 7 }320699
47	0.10907522574717565	0.17580205396263193	0.3702963559559602	0.6486059469237553	[1579, 1580, 301, 2728, 496, 1792, 232, 2047]	{7 3 6 3 }314665
48	0.11121634897631416	0.17875875896675197	0.3702963559559602	0.7433098192199504	[1849, 420, 162, 1549, 107, 10, 232, 2047]	{3 7 2 4 }290526
49	0.11335232653118832	0.18133659489354437	0.3702963559559602	0.8797930944285738	[1019, 10, 734, 19, 132, 241, 4018, 2197]	{7 5 1 8 }317965
50	0.11548317077818748	0.18517248131897035	0.3702963559559602	0.9472551805177766	[1529, 2229, 494, 10, 232, 193, 394, 432]	{2 3 3 8 }302231
51	0.11760889405398145	0.1889903945156225	0.3702963559559602	0.635782759994945	[1879, 496, 1792, 232, 10, 734, 19, 1987]	{1 4 7 8 }325201
52	0.11972950866559184	0.19279041869792124	0.3702963559559602	1.2712413091473003	[1544, 1526, 621, 1917, 10, 158, 420, 1791]	{7 6 5 6 }315693
53	0.12184502689046317	0.19532420993387223	0.3702963559559602	0.47989498236885453	[1715, 132, 19, 734, 10, 158, 420, 1791]	{7 3 5 1 }372396
54	0.1239554609765342	0.19862326337346548	0.3702963559559602	0.988441573168001	[1792, 232, 10, 846, 162, 107, 420, 1791]	{1 2 6 6 }286110
55	0.1260608231423087	0.20054917945041062	0.3702963559559602	0.77960618646233	[158, 10, 734, 19, 132, 217, 261, 165]	{4 8 5 5 }316385
56	0.12816112557692616	0.20429504439467672	0.3702963559559602	0.7185392226288418	[1265, 193, 232, 10, 734, 19, 241, 1126]	{5 1 5 6 }345738
57	0.13025638044023236	0.20714953442993178	0.3702963559559602	1.0436277243377734	[1529, 2229, 494, 10, 734, 19, 132, 1729]	{1 4 6 1 }309643
58	0.1323465998628499	0.20999378434627847	0.3702963559559602	0.8619341638873453	[2636, 162, 1549, 107, 10, 438, 2729, 301]	{4 3 2 5 }314121
59	0.13443179594624832	0.21282783087883728	0.3702963559559602	1.1059433384999502	[2047, 232, 1792, 496, 217, 132, 19, 409]	{7 5 7 6 }302516
60	0.13651198076281423	0.2149898638140455	0.3702963559559602	0.6705883535104707	[377, 162, 107, 420, 158, 10, 232, 2047]	{1 2 6 3 }309928
61	0.13858716635592117	0.21780598754876868	0.3702963559559602	0.897554018028904	[394, 193, 1265, 415, 10, 734, 19, 400]	{2 4 2 6 }313753
62	0.14065736473999924	0.22101286897736794	0.3702963559559602	1.096117059782368	[2047, 232, 10, 734, 19, 1126, 241, 217]	{2 7 2 1 }344771
63	0.14272258790060488	0.22420660265958536	0.3702963559559602	0.8329968930779454	[320, 232, 1792, 496, 3366, 438, 2729, 301]	{1 3 1 2 }313859
64	0.14478284779449002	0.22895437991298395	0.3702963559559602	1.0970616287870385	[421, 438, 2729, 301, 1580, 1579, 4018, 2197]	{2 2 7 4 }312616
65	0.14683815634967146	0.2330832610820106	0.3702963559559602	0.9477754906646345	[846, 10, 734, 19, 132, 1720, 241, 89]	{8 1 7 3 }302948
66	0.1488885254654998	0.23518966081658765	0.3702963559559602	0.8531141843255733	[1849, 420, 162, 10, 734, 19, 132, 1032]	{4 2 5 4 }331045
67	0.15093396701272854	0.23729027515150303	0.3702963559559602	1.1004296627242465	[2689, 1549, 162, 107, 10, 158, 420, 1582]	{8 6 5 1 }313483
68	0.15297449283358266	0.24002639900499334	0.3702963559559602	0.7108366841068481	[1849, 420, 158, 10, 232, 1792, 496, 3366]	{5 8 8 7 }303894
69	0.15501011474182713	0.24409599049006203	0.3702963559559602	1.090618276569169	[1579, 1580, 438, 10, 1820, 841, 1268, 1380]	{1 7 5 2 }316135
70	0.1570408445228355	0.2468076997078512	0.3702963559559602	0.8460384941288952	[2636, 162, 420, 158, 10, 734, 19, 409]	{2 4 4 8 }321451
71	0.1590666939336579	0.24917193335134635	0.3702963559559602	0.7608580585615496	[1847, 420, 158, 10, 734, 19, 132, 217]	{5 8 4 4 }303283
72	0.16108767470308916	0.2526899740634653	0.3702963559559602	0.6674234191451528	[1579, 1580, 438, 2729, 301, 10, 232, 2047]	{8 8 8 4 }318423
73	0.16310379853173695	0.25619153082805757	0.3702963559559602	0.8757678422016489	[432, 15, 1557, 158, 10, 734, 19, 400]	{6 8 5 2 }364321
74	0.16511507709208928	0.25885984883768265	0.3702963559559602	0.5191529685340931	[1792, 232, 10, 734, 19, 132, 1032, 370]	{7 2 8 3 }349807
75	0.1671215220285821	0.2618984154195252	0.3702963559559602	0.6637622058578585	[377, 162, 10, 734, 19, 132, 1032, 370]	{8 3 5 3 }316594
76	0.1691231449576669	0.26492452432132196	0.3702963559559602	1.1153975571416719	[1799, 1019, 10, 734, 19, 132, 670, 673]	{6 4 3 4 }316988
77	0.17111995746787756	0.2666911012777946	0.3702963559559602	0.5293184125067912	[1549, 162, 420, 158, 10, 734, 19, 132]	{8 3 4 3 }302325
78	0.17311197111989796	0.26899292190017876	0.3702963559559602	0.82403877851752	[1580, 301, 2627, 261, 217, 132, 19, 1987]	{6 6 1 4 }323208
79	0.1750991974466285	0.2729074002145111	0.3702963559559602	1.0820520995688827	[1820, 733, 734, 19, 132, 1031, 241, 1126]	{7 5 4 2 }324607
80	0.1770816479532532	0.2751897081797976	0.3702963559559602	0.7545799596922109	[2636, 162, 1549, 232, 10, 158, 420, 1791]	{6 7 3 1 }302057
81	0.179059334117306	0.2781613247187835	0.3702963559559602	1.0729706084961503	[320, 232, 10, 301, 2729, 438, 80, 909]	{3 5 4 6 }317863
82	0.18103226738873734	0.28154353425519074	0.3702963559559602	0.500169331995343	[1579, 1580, 438, 2729, 496, 1792, 232, 10]	{5 1 6 3 }328198
83	0.18300045918998054	0.28351683387424087	0.3702963559559602	1.1559460532466541	[2040, 438, 1580, 301, 10, 158, 420, 1582]	{1 2 4 5 }333056
84	0.18496392091601777	0.2864543104117463	0.3702963559559602	0.641921615407157	[107, 162, 10, 232, 1792, 496, 2728, 301]	{2 1 2 5 }312452
85	0.18692266393444623	0.2886940952911736	0.3702963559559602	0.7116671446938323	[988, 420, 158, 10, 734, 19, 422, 432]	{4 1 4 3 }313500
86	0.18887669958554376	0.2906477553077689	0.3702963559559602	0.41150289191529354	[1791, 420, 158, 10, 734, 19, 132, 1032]	{1 2 5 8 }302892
87	0.19082603918233454	0.29319246600699955	0.36339977689689984	0.36339977689689984	[2309, 420, 158, 10, 734, 19, 132, 241]	{3 2 4 6 }348870
88	0.1927706940106546	0.29513377087941683	0.3185994521415336	0.3185994521415336	[420, 158, 10, 734, 19, 132, 241, 1031]	{5 3 8 4 }370803
89	0.19471067532921726	0.29843645520994855	0.3185994521415336	0.749090449821767	[2636, 162, 10, 232, 1792, 496, 2729, 301]	{1 8 6 3 }342080
90	0.19664599436967822	0.30063862872526326	0.3185994521415336	0.7839682388186606	[1807, 157, 320, 232, 10, 158, 420, 1791]	{1 2 8 2 }325840
91	0.19857666233670057	0.30314749844045485	0.3185994521415336	0.9145120640451966	[377, 162, 420, 158, 10, 494, 2229, 1529]	{2 7 4 2 }312891
92	0.2005026904080197	0.305647367905552	0.3185994521415336	0.41150289191529354	[1791, 420, 158, 10, 734, 19, 132, 1032]	{6 5 1 3 }350622
93	0.20242408973450798	0.3089007902758405	0.3185994521415336	0.5895170305537488	[1579, 1580, 301, 2728, 496, 1792, 232, 10]	{5 4 2 3 }332018
94	0.20434087144023938	0.3117341962923845	0.3185994521415336	0.5463221147242449	[2309, 420, 158, 10, 734, 19, 132, 1032]	{7 6 1 2 }317879
95	0.20625304662255384	0.3138946288514556	0.3185994521415336	0.4798413711438436	[2636, 162, 1549, 107, 10, 158, 420, 1791]	{4 8 2 6 }308064
96	0.20816062635212151	0.31604827991881634	0.3185994521415336	0.7566868763189217	[1549, 107, 10, 734, 19, 132, 1714, 2168]	{2 1 4 2 }316865
97	0.21006362167300685	0.3185018694758678	0.3185994521415336	1.2481716704141441	[249, 318, 158, 420, 107, 10, 232, 2047]	{5 6 5 3 }317157
98	0.21196204360273252	0.32094665709334114	0.3185994521415336	0.46953556677147046	[2238, 1549, 162, 10, 734, 19, 132, 241]	{1 4 7 2 }349716
99	0.21385590313234326	0.3245829277461405	0.3185994521415336	0.8715630078399568	[421, 438, 2627, 261, 217, 132, 241, 1031]	{1 1 3 1 }327952
100	0.2157452112264695	0.3270059003427145	0.3185994521415336	0.7595956923875984	[837, 162, 1549, 107, 10, 734, 2229, 494]	{1 5 1 4 }373959
101	0.21762997882339075	0.33060972428328417	0.3185994521415336	0.573962807042313	[320, 232, 1792, 496, 2729, 438, 2627, 301]	{3 4 8 7 }348668
102	0.21951021683509908	0.33301107651600514	0.3185994521415336	0.8569716041608297	[1549, 162, 10, 232, 193, 1265, 808, 331]	{4 4 4 1 }331146
103	0.22138593614736213	0.33484301630828905	0.3185994521415336	0.5463221147242449	[2309, 420, 158, 10, 734, 19, 132, 1032]	{8 4 3 6 }312920
104	0.22325714761978632	0.33757006297976566	0.3185994521415336	0.7444844515535107	[1580, 438, 2627, 301, 10, 734, 19, 3308]	{7 4 4 4 }301986
105	0.22512386208587953	0.34073857352035986	0.3185994521415336	0.8995091743150041	[1917, 10, 734, 19, 132, 1032, 370, 4612]	{4 5 1 4 }315310
106	0.2269860903531139	0.34344144926667763	0.3185994521415336	0.6288831853523351	[2636, 162, 107, 10, 734, 19, 132, 1715]	{7 6 8 6 }312318
107	0.22884384320298856	0.3457967693227203	0.3185994521415336	1.0521969759150678	[2047, 232, 10, 107, 1549, 162, 2636, 301]	{3 3 1 6 }327020
108	0.23069713139109171	0.3473689893061137	0.3185994521415336	0.4216151515430648	[377, 162, 1549, 107, 10, 158, 420, 1791]	{8 2 6 6 }316610
109	0.23254596564716323	0.3500446813142428	0.3185994521415336	1.0681275224774753	[1019, 10, 158, 420, 1791, 1792, 232, 2047]	{6 6 2 8 }355581
110	0.23439035667515662	0.3530900779553152	0.3185994521415336	0.6746930488384247	[1019, 1799, 232, 10, 734, 19, 132, 1031]	{8 3 5 3 }345980
111	0.23623031515330084	0.3554107847866298	0.3185994521415336	0.8909678547795707	[1549, 162, 10, 734, 19, 132, 1108, 148]	{7 1 8 1 }327338
112	0.23806585173416261	0.3580535066055621	0.3185994521415336	0.8569716041608297	[1549, 162, 10, 232, 193, 1265, 808, 331]	{7 2 3 7 }307959
113	0.23989697704470747	0.3598166653093432	0.3185994521415336	0.7433098192199504	[1849, 420, 162, 1549, 107, 10, 232, 2047]	{2 8 7 8 }348128
114	0.2417237016863618	0.36244132366038906	0.3185994521415336	0.75611503874457	[1851, 159, 10, 734, 19, 132, 241, 2872]	{6 4 1 2 }318436
115	0.24354603623507398	0.36472848409049763	0.3185994521415336	0.8431545204447461	[160, 107, 1549, 162, 10, 158, 420, 1791]	{5 7 4 3 }367636
116	0.24536399124137553	0.3677050790734139	0.3185994521415336	0.9166131830661454	[394, 193, 232, 10, 734, 2229, 1529, 156]	{7 7 6 4 }345491
117	0.2471775772304423	0.37029739607794154	0.3185994521415336	0.8141748312938346	[432, 15, 1557, 158, 10, 734, 19, 1987]	{8 2 6 5 }327220
118	0.24898680470215562	0.3722740016287571	0.3185994521415336	0.7679079850347026	[1791, 420, 158, 10, 162, 1549, 107, 1586]	{4 7 7 8 }309151
119	0.2507916841311627	0.37570544841285647	0.3185994521415336	0.5746429876726563	[1791, 420, 158, 10, 734, 19, 400, 4079]	{3 4 5 4 }349189
120	0.25259222596693753	0.37794502548726827	0.3185994521415336	0.8926669404900534	[359, 158, 420, 162, 10, 734, 19, 1987]	{7 6 7 4 }317086
121	0.25438844063384136	0.37989762550492123	0.3185994521415336	0.6834512404795346	[837, 162, 107, 10, 734, 19, 422, 432]	{8 6 1 1 }308951
122	0.2561803385311828	0.3828031447523472	0.3185994521415336	1.149757042944643	[1555, 2229, 494, 10, 232, 193, 394, 432]	{3 3 5 3 }307433
123	0.25796793003327845	0.38428642882066855	0.3185994521415336	0.7388696597142854	[107, 162, 420, 158, 10, 734, 19, 409]	{4 5 6 5 }358664
124	0.25975122548951257	0.3864952227223801	0.3185994521415336	0.47459189989497363	[87, 1265, 193, 232, 10, 158, 420, 1791]	{6 8 8 4 }329810
125	0.2615302352243972	0.38869609285770323	0.3185994521415336	1.1383737706502965	[1265, 87, 160, 107, 1549, 162, 420, 1791]	{3 3 4 5 }301263
126	0.26330496953763205	0.3916200592502844	0.3185994521415336	1.0297683678802672	[2405, 1743, 1742, 400, 19, 132, 1032, 370]	{6 5 8 8 }366673
127	0.2650754387041637	0.3935297340084971	0.3185994521415336	0.6288556659146406	[1580, 438, 2729, 301, 10, 734, 19, 132]	{5 1 7 7 }292675
128	0.2668416529742458	0.3967773286975692	0.3185994521415336	0.7484306679118492	[1579, 1580, 301, 2627, 261, 217, 132, 19]	{7 4 7 7 }303998
129	0.26860362257349746	0.39894131308919945	0.3185994521415336	0.5604910948987741	[2636, 162, 107, 10, 734, 19, 132, 1032]	{6 8 4 5 }313726
130	0.2703613577029633	0.4014055660876493	0.3185994521415336	1.2168239473639606	[107, 10, 158, 420, 1879, 496, 2728, 301]	{8 2 4 1 }310600
131	0.2721148685391722	0.4046109863918149	0.3185994521415336	0.9564183352146373	[2627, 438, 2729, 301, 10, 734, 2229, 1529]	{7 7 8 2 }344117
132	0.273864165234196	0.4064798832676776	0.3185994521415336	0.6580706665746365	[2238, 1549, 107, 10, 734, 19, 132, 217]	{5 7 6 7 }309115
133	0.27560925791570867	0.4096581310516907	0.3185994521415336	0.9265963181452732	[1529, 2229, 734, 19, 132, 1031, 241, 1126]	{3 7 4 5 }373729
134	0.27735015668704466	0.41177590720783497	0.3185994521415336	0.798870033592171	[1582, 420, 158, 10, 232, 1792, 496, 3366]	{2 3 1 3 }302227
135	0.27908687162725754	0.4145320592461157	0.3185994521415336	0.626593298130014	[1579, 1580, 438, 2627, 261, 217, 132, 241]	{3 7 7 2 }365451
136	0.2808194127911783	0.41663235080653693	0.3185994521415336	0.6954356666298089	[2238, 1549, 162, 10, 734, 19, 132, 168]	{7 8 2 4 }337809
137	0.2825477902094734	0.4193657477467395	0.3185994521415336	0.993437811747224	[1792, 496, 2729, 301, 2627, 261, 217, 132]	{5 7 8 2 }344197
138	0.28427201388870327	0.42291917073905005	0.3185994521415336	0.6472940801278626	[2047, 232, 1792, 496, 2729, 438, 2627, 301]	{6 7 1 4 }320128
139	0.2859920938113798	0.4252851180164501	0.3185994521415336	0.8963737672929493	[1742, 400, 19, 734, 10, 494, 2229, 1529]	{1 8 8 8 }308376
140	0.28770803993602434	0.4279779720032535	0.3185994521415336	0.947255660299126	[320, 232, 1879, 496, 2729, 438, 1580, 301]	{1 5 3 6 }342140
141	0.2894198621972255	0.43003002806669843	0.3185994521415336	0.8855258637450084	[1849, 420, 158, 10, 162, 1583, 1013, 156]	{6 4 7 4 }367595
142	0.29112757050569615	0.4327006495511839	0.3185994521415336	1.0935589816699236	[317, 324, 671, 670, 132, 19, 734, 10]	{1 3 4 1 }327798
143	0.29283117474833154	0.43573848744851207	0.3185994521415336	0.7988592251893909	[846, 10, 734, 19, 132, 217, 241, 1126]	{5 3 7 6 }306873
144	0.29453068478826594	0.4387600579923113	0.3185994521415336	0.7197266152812417	[1549, 162, 1583, 1579, 1580, 438, 2627, 301]	{6 2 6 1 }365755
145	0.29622611046492986	0.44052176260938347	0.3185994521415336	0.863638673660891	[1849, 420, 158, 10, 107, 1549, 162, 3284]	{2 5 8 7 }360115
146	0.29791746159410726	0.4428155418260906	0.3185994521415336	0.6183400059172167	[2238, 1549, 162, 107, 10, 734, 19, 400]	{1 6 2 8 }305732
147	0.2996047479679923	0.4448143700003433	0.3185994521415336	0.7834547475592385	[107, 10, 734, 19, 132, 1032, 370, 4612]	{5 2 7 7 }312469
148	0.30128797935524576	0.44680602763347343	0.3185994521415336	0.46486182107159085	[2238, 1549, 162, 107, 10, 734, 19, 132]	{5 1 2 8 }364423
149	0.30296716550105185	0.44879054044888267	0.3185994521415336	0.7352289912611724	[1549, 162, 107, 734, 19, 132, 241, 1031]	{2 1 4 6 }330224
150	0.30464231612717463	0.4510504188818091	0.3185994521415336	1.0103723094641008	[107, 1549, 162, 846, 10, 734, 2229, 1529]	{7 5 7 5 }313942
151	0.3063134409320143	0.4527735446595935	0.3185994521415336	0.6147142051778058	[2309, 420, 158, 10, 734, 19, 132, 1715]	{7 8 1 4 }314136
152	0.3079805495906631	0.45473664976883443	0.3185994521415336	0.9544906750483813	[160, 87, 1265, 415, 10, 734, 19, 1987]	{2 6 6 8 }325663
153	0.30964365175496167	0.456692712488892	0.3185994521415336	0.5242764158818288	[359, 158, 10, 734, 19, 132, 241, 1031]	{1 7 6 8 }317493
154	0.3113027570535547	0.4583981273841208	0.3185994521415336	0.9482987579705014	[158, 10, 232, 1792, 496, 217, 132, 19]	{5 7 8 2 }312579
155	0.31295787509194684	0.4600981890657415	0.3185994521415336	0.4358605586643549	[87, 1265, 193, 232, 10, 734, 19, 132]	{5 3 6 5 }304959
156	0.31460901545255804	0.4620350179474413	0.3185994521415336	0.5954282982912226	[1849, 420, 158, 10, 734, 19, 132, 1715]	{8 2 4 1 }318510
157	0.3162561876947795	0.46424059595330547	0.3185994521415336	0.6745167800974325	[1265, 193, 232, 10, 734, 19, 422, 432]	{6 4 7 7 }314481
158	0.31789940135502837	0.46571210310553335	0.3185994521415336	0.32335263409066817	[320, 232, 10, 734, 19, 132, 241, 2872]	{8 6 7 5 }351157
159	0.3195386659468036	0.4682155345258011	0.3185994521415336	1.1485858690237103	[841, 1820, 10, 107, 1549, 162, 420, 1791]	{1 6 5 5 }325781
160	0.3211739909607406	0.4707072359987644	0.3185994521415336	0.9772124320073723	[1820, 10, 158, 420, 1791, 1792, 232, 2047]	{1 5 8 8 }309274
161	0.32280538586466645	0.4731872624856507	0.3185994521415336	0.6479983354571237	[2047, 232, 10, 734, 19, 132, 1714, 2168]	{1 2 4 8 }302157
162	0.32443286010365446	0.47484090179843985	0.3185994521415336	0.874843120956937	[1265, 808, 331, 241, 132, 19, 734, 10]	{6 1 3 8 }284087
163	0.326056423100079	0.47672484307865903	0.3185994521415336	0.8652341599774669	[2309, 420, 107, 10, 734, 19, 132, 217]	{1 5 2 8 }315609
164	0.3276760842536699	0.47860202595983414	0.3185994521415336	0.5953033681844802	[1791, 420, 158, 10, 232, 1792, 496, 3366]	{2 2 6 2 }343308
165	0.3292918529415674	0.4807396816478632	0.3185994521415336	0.6769383500465617	[2627, 301, 10, 734, 19, 132, 241, 1126]	{1 5 2 6 }370066
166	0.3309037385183756	0.4823696142877799	0.3185994521415336	0.7886630831228685	[320, 232, 107, 162, 10, 158, 420, 1791]	{8 5 6 4 }302731
167	0.3325117503162174	0.48399443064918124	0.3185994521415336	0.6148195910440275	[107, 162, 10, 734, 19, 132, 1032, 370]	{1 2 6 2 }348816
168	0.3341158976447879	0.48561414679181425	0.3185994521415336	0.6106733468314501	[241, 132, 19, 734, 10, 438, 2729, 301]	{7 5 1 3 }315330
169	0.3357161897914087	0.48807453830907277	0.3185994521415336	0.7148569160899233	[394, 193, 232, 10, 734, 19, 400, 4079]	{8 7 6 1 }332162
170	0.33731263602108175	0.489911005606274	0.3185994521415336	0.9620674211474946	[1265, 415, 733, 734, 19, 132, 241, 1729]	{8 7 2 1 }304723
171	0.33890524557654256	0.49230105191486606	0.3185994521415336	1.0957080209403234	[157, 842, 193, 394, 432, 422, 19, 132]	{3 8 7 2 }317025
172	0.34049402767831405	0.4950197349235923	0.3185994521415336	0.8360206903215943	[1879, 496, 1792, 232, 10, 734, 2229, 494]	{4 4 8 3 }311463
173	0.34207899152475973	0.49683128721380576	0.3185994521415336	0.675006914576907	[377, 162, 1549, 107, 10, 734, 2229, 494]	{5 5 2 4 }302973
174	0.34366014629213726	0.4984107090940637	0.3185994521415336	0.5463221147242449	[2309, 420, 158, 10, 734, 19, 132, 1032]	{4 2 8 6 }370131
175	0.3452375011346511	0.5004671520688055	0.3185994521415336	0.9508303228620477	[2149, 420, 158, 10, 162, 1549, 107, 1586]	{3 3 2 4 }319276
176	0.3468110651845061	0.5018391600129526	0.3185994521415336	0.36339977689689984	[2309, 420, 158, 10, 734, 19, 132, 241]	{5 7 3 2 }341324
177	0.34838084755195975	0.5032073996247334	0.3185994521415336	0.5848375233935021	[1549, 162, 107, 10, 734, 19, 241, 1126]	{6 5 5 1 }314625
178	0.34994685732537534	0.5045718812541821	0.3185994521415336	0.7580118956197238	[320, 232, 10, 107, 1549, 162, 420, 1582]	{3 3 2 8 }314828
179	0.35150910357127463	0.5066030643211975	0.3185994521415336	0.8997952647002623	[2238, 1549, 162, 10, 232, 193, 394, 432]	{1 1 5 4 }303650
180	0.3530675953343899	0.508963062419151	0.3185994521415336	0.8826066939320204	[2405, 1743, 1742, 400, 19, 132, 241, 2872]	{3 8 4 3 }368954
181	0.3546223416377169	0.5107245948004597	0.3185994521415336	0.7688922513275396	[432, 394, 193, 232, 10, 734, 19, 3308]	{2 8 1 2 }326640
182	0.35617335148256646	0.5122604062704639	0.3185994521415336	0.7382924252352308	[257, 320, 232, 10, 734, 19, 132, 217]	{5 7 8 6 }302986
183	0.3577206338486171	0.5137913969036829	0.3185994521415336	0.7527467757231311	[320, 232, 10, 734, 19, 132, 1032, 2578]	{3 6 1 1 }330259
184	0.3592641976939669	0.5160695505000319	0.3185994521415336	0.749090449821767	[2636, 162, 10, 232, 1792, 496, 2728, 301]	{7 3 6 3 }306213
185	0.36080405195518517	0.5173987051770033	0.3185994521415336	0.6182969738793239	[2627, 301, 10, 734, 19, 132, 241, 1031]	{5 4 7 8 }300032
186	0.36234020554736446	0.5196599565584105	0.3185994521415336	0.8680003055937398	[1743, 1742, 400, 19, 132, 1031, 241, 1126]	{5 7 8 5 }327164
187	0.3638726673641719	0.5213831151963945	0.3185994521415336	0.9602098711357008	[421, 438, 2627, 261, 217, 241, 132, 19]	{8 4 8 5 }321797
188	0.36540144627790083	0.523345374654864	0.3185994521415336	0.8473167650042569	[2051, 1849, 420, 158, 10, 438, 2627, 301]	{1 4 3 6 }301187
189	0.36692655113952244	0.5258978180582711	0.3185994521415336	0.500169331995343	[1579, 1580, 438, 2729, 496, 1792, 232, 10]	{3 5 8 4 }315579
190	0.36844799077873636	0.5284365933527766	0.3185994521415336	0.626593298130014	[1579, 1580, 438, 2627, 261, 217, 132, 241]	{3 1 4 3 }310662
191	0.3699657740040224	0.5301282669257299	0.3185994521415336	0.47459189989497363	[87, 1265, 193, 232, 10, 158, 420, 1791]	{3 5 8 1 }341290
192	0.3714799096026914	0.5318138718355148	0.3185994521415336	0.8379991176504022	[1580, 438, 2627, 301, 10, 158, 420, 1582]	{6 1 3 6 }314204
193	0.3729904063409356	0.5340075802661064	0.3185994521415336	0.8783885502575635	[318, 158, 10, 734, 19, 132, 1032, 370]	{1 7 8 8 }322438
194	0.37449727296388025	0.5356792686340931	0.3185994521415336	0.8963737672929493	[1742, 400, 19, 734, 10, 494, 2229, 1529]	{7 6 5 5 }340582
195	0.3760005181956336	0.5373449600332851	0.3185994521415336	0.8187658479019673	[1791, 420, 158, 10, 232, 1792, 496, 217]	{4 2 1 2 }317776
196	0.3775001507393376	0.5387972114840736	0.3185994521415336	0.5367126567672513	[1265, 193, 232, 10, 734, 19, 132, 217]	{8 7 2 7 }311526
197	0.3789961792772184	0.5402449043888737	0.3185994521415336	0.46305187616615934	[2654, 232, 10, 734, 19, 132, 241, 1031]	{8 7 1 4 }303170
198	0.38048861247063637	0.5415076594732549	0.3185994521415336	0.836104593971593	[1879, 420, 158, 10, 734, 19, 132, 217]	{3 6 1 6 }321000
199	0.38197745896013646	0.5431524422637287	0.3185994521415336	1.1217876809057277	[1580, 301, 2728, 496, 217, 132, 19, 1460]	{2 2 8 5 }368012
200	0.383462727365498	0.5444072115568276	0.3185994521415336	0.6251295181977089	[1549, 107, 10, 734, 19, 132, 241, 89]	{6 7 2 1 }329838
201	0.38494442628578507	0.5462750755765017	0.3185994521415336	0.9154922725634049	[1819, 1513, 1031, 241, 132, 19, 422, 432]	{3 1 4 5 }332697
202	0.3864225642993957	0.5476992958331324	0.3185994521415336	0.8400135635814099	[1791, 420, 107, 10, 734, 19, 132, 1715]	{5 3 6 2 }288590
203	0.38789714996411195	0.5493218669179145	0.3185994521415336	0.8416398186986569	[190, 195, 10, 734, 19, 132, 241, 1126]	{6 8 7 2 }303409
204	0.3893681918171492	0.55207997158365	0.3185994521415336	0.6472940801278626	[2047, 232, 1792, 496, 2729, 438, 2627, 301]	{3 6 5 4 }366832
205	0.3908356983752058	0.5536868275529369	0.3185994521415336	0.9891477986394788	[87, 1265, 808, 331, 241, 132, 19, 1460]	{7 3 1 5 }314931
206	0.3922996781345123	0.5549126632926902	0.3185994521415336	0.6679190683377125	[837, 162, 1549, 107, 10, 734, 19, 409]	{7 1 6 8 }302570
207	0.3937601395708803	0.5567374564916541	0.3185994521415336	0.9657061758595749	[734, 10, 301, 2627, 261, 217, 132, 241]	{3 3 2 1 }313833
208	0.3952170911397521	0.5581288358483698	0.3185994521415336	0.5408150808620928	[1549, 162, 107, 10, 734, 19, 422, 432]	{6 3 6 7 }309352
209	0.39667054127624946	0.5597139922886458	0.3185994521415336	0.41150289191529354	[1791, 420, 158, 10, 734, 19, 132, 1032]	{1 4 8 1 }298814
210	0.3981204983952221	0.5609232739260366	0.3185994521415336	0.6074127555416377	[193, 232, 10, 734, 19, 132, 241, 217]	{1 4 7 8 }326761
211	0.3995669708912969	0.563274490999081	0.3185994521415336	0.7017521242029752	[1580, 438, 2729, 496, 1792, 232, 10, 1873]	{5 5 2 3 }311577
212	0.401009967138926	0.564645350925493	0.3185994521415336	0.7000351443569359	[1807, 157, 10, 734, 19, 132, 241, 2872]	{6 5 2 1 }302155
213	0.4024494954924358	0.5658410881818621	0.3185994521415336	0.6577499012547644	[1580, 438, 10, 734, 19, 132, 241, 2872]	{5 4 3 1 }316572
214	0.403885564286075	0.5673985779005974	0.3185994521415336	0.903683476947893	[734, 10, 107, 1549, 162, 837, 420, 1791]	{4 7 1 4 }323188
215	0.4053181818340631	0.5689504803236262	0.3185994521415336	0.46105833933866197	[377, 162, 107, 10, 734, 19, 132, 217]	{3 4 6 6 }343852
216	0.4067473564306381	0.5707177205190923	0.3185994521415336	0.9464079389649209	[421, 438, 2627, 261, 217, 132, 19, 3308]	{6 1 3 3 }313393
217	0.4081730963501049	0.5720652165135567	0.3185994521415336	0.8355453937510967	[1579, 1580, 438, 10, 734, 19, 400, 4079]	{2 8 7 8 }365987
218	0.40959540984688314	0.5732405745004274	0.3185994521415336	0.5163548647066248	[2238, 1549, 107, 10, 734, 19, 132, 241]	{5 3 4 8 }347724
219	0.4110143051555549	0.5752401761401067	0.3185994521415336	0.8909536258884853	[2872, 241, 132, 19, 734, 2229, 494, 2626]	{6 3 1 5 }319225
220	0.41242979049091255	0.5765734763684616	0.3185994521415336	0.7747324653297196	[1879, 836, 320, 232, 10, 158, 420, 1791]	{1 2 7 6 }310372
221	0.4138418740480061	0.5783094633913679	0.3185994521415336	0.8652396890456739	[320, 232, 10, 438, 2729, 496, 2728, 301]	{6 6 6 1 }297486
222	0.4152505640021906	0.5796331292777649	0.3185994521415336	0.654777075877634	[1791, 420, 158, 10, 734, 19, 241, 1729]	{3 1 1 5 }316610
223	0.4166558685091739	0.581602778297184	0.3185994521415336	1.0383239480733304	[2047, 232, 10, 438, 2627, 261, 217, 132]	{3 3 4 7 }314406
224	0.4180577957050633	0.5833181459153169	0.3185994521415336	1.0683452009731647	[1791, 420, 2149, 157, 10, 734, 19, 132]	{8 1 4 2 }301012
225	0.419456353706413	0.585270528613548	0.3185994521415336	1.161173582445335	[837, 162, 10, 232, 1879, 496, 2729, 301]	{7 7 6 1 }328500
226	0.420851550610271	0.5872137633295402	0.3185994521415336	1.0201028209642171	[158, 1557, 15, 432, 422, 19, 132, 1031]	{1 8 5 5 }313861
227	0.4222433944942261	0.589147892926601	0.3185994521415336	0.9204778538734303	[377, 162, 107, 10, 1820, 841, 1268, 1380]	{2 7 2 5 }343824
228	0.42363189341645446	0.5904375375149312	0.3185994521415336	0.9369309312678383	[195, 1583, 162, 1549, 107, 10, 232, 2047]	{8 5 3 7 }316148
229	0.4250170554157664	0.5919067906089863	0.3185994521415336	0.5242764158818288	[359, 158, 10, 734, 19, 132, 241, 1031]	{2 1 6 4 }321081
230	0.42639888851165286	0.5930276520849749	0.3185994521415336	0.7964213510783894	[846, 10, 107, 1549, 162, 1583, 1013, 156]	{7 8 2 4 }306877
231	0.4277774007043319	0.5946961793860113	0.3185994521415336	0.995588133013656	[846, 10, 734, 19, 132, 1031, 227, 1811]	{4 5 2 5 }316119
232	0.42915259997479493	0.595968408175606	0.3185994521415336	0.5270362078376615	[1849, 420, 158, 10, 734, 19, 132, 1032]	{5 1 2 7 }360177
233	0.43052449428485307	0.5972366435015056	0.3185994521415336	0.3527599326579586	[2047, 232, 10, 734, 19, 132, 241, 1126]	{7 8 1 2 }303550
234	0.43189309157718303	0.5986815056700668	0.3185994521415336	0.3949968548992396	[1265, 193, 232, 10, 734, 19, 132, 241]	{3 4 2 6 }305935
235	0.4332583997753733	0.6003268529955813	0.3185994521415336	0.5965766233672192	[257, 320, 232, 10, 734, 19, 132, 241]	{1 3 5 6 }336443
236	0.4346204267839697	0.6019654546369078	0.3185994521415336	0.9788657028295182	[320, 232, 10, 107, 1549, 162, 2636, 301]	{6 8 4 2 }331239
237	0.4359791804885218	0.6035973382503679	0.3185994521415336	1.110247420945182	[193, 1265, 87, 415, 733, 734, 10, 494]	{3 3 5 1 }317424
238	0.43733466875562776	0.6048416267393978	0.3185994521415336	0.9502522839313816	[1879, 496, 2729, 438, 10, 158, 420, 1791]	{6 7 6 1 }316639
239	0.43868689943298045	0.6064617184665049	0.3185994521415336	0.7998423381753974	[320, 232, 1792, 496, 3366, 438, 2627, 301]	{7 4 3 6 }300638
240	0.44003588034941277	0.6080751680536958	0.3185994521415336	0.7197266152812417	[1549, 162, 1583, 1579, 1580, 438, 2627, 301]	{4 2 5 5 }317802
241	0.4413816193149427	0.6094811483978908	0.3185994521415336	0.7671398196578567	[1580, 438, 2627, 261, 217, 132, 19, 1460]	{1 1 7 6 }361666
242	0.44272412412081874	0.6105537404585655	0.3185994521415336	0.679250968251353	[377, 162, 420, 158, 10, 734, 19, 1987]	{1 2 4 1 }346525
243	0.4440634025395652	0.6121504133520936	0.3185994521415336	0.9154922725634049	[1819, 1513, 1031, 241, 132, 19, 422, 432]	{1 1 5 3 }310907
244	0.4453994623250269	0.6139677010862832	0.3185994521415336	0.6980097920181575	[1579, 1580, 438, 2729, 301, 2728, 496, 3366]	{3 7 2 4 }365800
245	0.4467323112124141	0.6155503772388995	0.3185994521415336	1.068676384068583	[1849, 420, 158, 10, 301, 2627, 261, 217]	{1 1 2 7 }306120
246	0.4480619569183474	0.6173517342801583	0.3185994521415336	0.7613660933516148	[2238, 1549, 162, 107, 10, 734, 2229, 1529]	{3 4 8 4 }314897
247	0.44938840714090234	0.6187244361262515	0.3185994521415336	0.7936086998728679	[1579, 1583, 162, 10, 734, 19, 132, 241]	{4 6 7 3 }368647
248	0.450711669559654	0.6202876103586056	0.3185994521415336	0.9025419497763941	[1549, 162, 10, 232, 193, 1265, 87, 1815]	{1 7 2 3 }349986
249	0.4520317518357214	0.6214795089030993	0.3185994521415336	0.4216151515430648	[377, 162, 1549, 107, 10, 158, 420, 1791]	{1 3 2 8 }311565
250	0.453348661611812	0.6235064526883507	0.3185994521415336	0.8020687125618324	[846, 10, 734, 19, 132, 1031, 241, 89]	{6 7 5 8 }305666
251	0.45466240651226575	0.6244112642987876	0.3185994521415336	0.8478910516481252	[87, 160, 320, 232, 10, 734, 19, 132]	{3 1 5 7 }342775
252	0.45597299414309944	0.6259511233646179	0.3185994521415336	0.9560019356462957	[1580, 438, 2729, 301, 10, 494, 2229, 1529]	{7 6 6 5 }326715
253	0.4572804320920506	0.6272929759992314	0.3185994521415336	0.6580706665746365	[2238, 1549, 107, 10, 734, 19, 132, 217]	{4 8 1 6 }305202
254	0.45858472792862137	0.6288210204671645	0.3185994521415336	0.9983077757741187	[1549, 162, 107, 10, 232, 320, 160, 331]	{8 8 6 5 }307331
255	0.45988588920412254	0.629986133056379	0.3185994521415336	0.4711263834307338	[1019, 1799, 232, 10, 734, 19, 132, 241]	{3 1 6 2 }309578
256	0.461183923451717	0.6310024064946396	0.3185994521415336	0.6283007684592643	[2309, 420, 158, 10, 734, 19, 241, 1031]	{7 3 5 6 }324296
257	0.4624788381864636	0.632015888654536	0.3185994521415336	0.4237339425775215	[107, 162, 10, 734, 19, 132, 241, 1126]	{3 6 4 2 }302889
258	0.4637706409053606	0.6330265872025429	0.3185994521415336	0.46105833933866197	[377, 162, 107, 10, 734, 19, 132, 217]	{1 7 5 2 }317342
259	0.46505933908738883	0.6340345097840788	0.3185994521415336	0.5898933704546431	[2636, 162, 1549, 107, 10, 734, 19, 1460]	{5 7 1 5 }309637
260	0.46634494019355544	0.6357492585408173	0.3185994521415336	0.9085540220461079	[1792, 496, 2729, 438, 10, 734, 19, 1987]	{1 3 6 3 }302018
261	0.46762745166693676	0.6370559616152484	0.3185994521415336	0.6637622058578585	[377, 162, 10, 734, 19, 132, 1032, 370]	{7 4 1 1 }367477
262	0.46890688093272137	0.6387565532153435	0.3185994521415336	0.9505679470777693	[1792, 232, 193, 394, 432, 422, 19, 1987]	{8 6 3 6 }364436
263	0.47018323539825324	0.640237598687766	0.3185994521415336	0.9558238453374158	[1580, 438, 2627, 261, 217, 241, 132, 1032]	{8 6 5 8 }295358
264	0.4714565224530747	0.6417125720896475	0.3185994521415336	0.493481545650313	[1791, 420, 158, 10, 734, 19, 241, 1031]	{4 7 8 6 }329749
265	0.47272674946896887	0.6429978825373488	0.3185994521415336	0.6344324522427114	[1580, 438, 2627, 301, 10, 158, 420, 1791]	{7 6 2 8 }309370
266	0.4739939238000027	0.6444615391778207	0.3185994521415336	0.9640429656150804	[257, 320, 232, 10, 734, 19, 241, 2872]	{6 8 8 1 }302412
267	0.4752580527825695	0.6459191950394276	0.3185994521415336	0.6311987620344006	[1579, 1580, 438, 10, 734, 19, 132, 217]	{8 4 1 6 }322006
268	0.47651914373543125	0.6471894147638557	0.3185994521415336	0.8720587652840096	[1820, 10, 107, 1549, 162, 1583, 1013, 156]	{8 6 4 1 }357324
269	0.477777203959761	0.6481584379777001	0.3185994521415336	0.4211648028270305	[420, 158, 10, 734, 19, 132, 241, 2872]	{8 7 3 6 }349408
270	0.47903224073918504	0.6494206247037049	0.3185994521415336	0.7281129848808853	[320, 232, 1549, 162, 107, 10, 734, 19]	{5 3 6 6 }371655
271	0.4802842613398256	0.6508579490375543	0.3185994521415336	0.8430280128998262	[1820, 10, 734, 19, 132, 217, 261, 165]	{6 5 1 5 }327995
272	0.4815332730103422	0.6522893805511577	0.3185994521415336	0.739454418296801	[846, 10, 734, 19, 132, 1032, 370, 4612]	{8 2 4 3 }308816
273	0.48277928298197414	0.6535367480475861	0.3185994521415336	0.6209507729687634	[837, 162, 1549, 107, 10, 734, 19, 400]	{8 2 5 8 }314907
274	0.48402229846858214	0.6549571968757437	0.3185994521415336	0.9545508196891888	[813, 3284, 811, 734, 10, 158, 420, 1791]	{2 4 5 4 }371999
275	0.48526232666669	0.655904885238817	0.3185994521415336	0.7328864414227908	[837, 162, 107, 420, 158, 10, 734, 19]	{3 8 3 8 }304195
276	0.4864993747555266	0.6568499706980611	0.3185994521415336	0.36339977689689984	[2309, 420, 158, 10, 734, 19, 132, 241]	{6 8 2 1 }328494
277	0.48773344989706724	0.6579271017889223	0.3185994521415336	1.0321472641375178	[837, 162, 107, 734, 10, 158, 420, 1582]	{1 2 6 7 }367656
278	0.48896455923607496	0.6597588719346352	0.3185994521415336	0.9520371671990743	[2627, 438, 2729, 301, 10, 734, 2229, 494]	{6 6 1 3 }305587
279	0.4901927099001423	0.6608268721273627	0.3185994521415336	1.2058163106665054	[377, 162, 107, 10, 158, 651, 2308, 3284]	{8 2 2 5 }366395
280	0.49141790899973226	0.6617584389458604	0.3185994521415336	0.9324967199315572	[394, 193, 232, 10, 107, 162, 420, 1582]	{6 5 2 1 }313363
281	0.4926401636282195	0.6638284431444426	0.3185994521415336	0.7382658583335895	[193, 232, 1792, 496, 2729, 438, 2627, 301]	{6 7 1 3 }302172
282	0.49385948086193154	0.6652066975229501	0.3185994521415336	0.9541266711408373	[377, 162, 1549, 232, 10, 734, 2229, 1529]	{7 4 4 7 }373635
283	0.49507586776018964	0.6665793012594177	0.3185994521415336	1.006889541295098	[1549, 162, 107, 10, 734, 1557, 15, 432]	{6 5 3 3 }290058
284	0.4962893313653497	0.6674950685594253	0.3185994521415336	0.845436624221483	[988, 420, 162, 107, 10, 734, 19, 1987]	{1 3 6 3 }302848
285	0.49749987870284296	0.668858290308225	0.3185994521415336	1.2433895777901829	[1794, 1791, 420, 158, 10, 157, 480, 482]	{4 4 7 3 }314982
286	0.4987075167812167	0.6700462189542813	0.3185994521415336	0.9734575529118007	[1265, 193, 232, 10, 494, 2229, 1529, 156]	{6 8 1 5 }307922
287	0.499912252592175	0.6710819276698963	0.3185994521415336	0.5476805354180074	[1849, 420, 158, 10, 734, 19, 132, 1031]	{3 6 7 5 }346544
288	0.5011140931106188	0.6728432548853249	0.3185994521415336	1.0979943632716866	[394, 432, 422, 19, 132, 217, 241, 1031]	{7 7 8 1 }313499
289	0.5023130452946867	0.6740168879792472	0.3185994521415336	0.9241476302407466	[1549, 162, 837, 420, 158, 10, 232, 2047]	{4 1 8 2 }329061
290	0.5035091160857952	0.675186310814143	0.3185994521415336	1.0398160535936023	[320, 232, 10, 301, 2627, 438, 80, 909]	{3 1 3 3 }300379
291	0.5047023124086787	0.6765179995908708	0.3185994521415336	0.5486569155892225	[19, 734, 10, 232, 1792, 496, 2729, 301]	{7 2 7 4 }311739
292	0.5058926411714294	0.6775333937048782	0.3185994521415336	0.7115802122581779	[1849, 420, 158, 10, 734, 19, 241, 2872]	{4 6 4 2 }324014
293	0.5070801092655379	0.6790443263666108	0.3185994521415336	1.0300692806408542	[394, 193, 1265, 87, 160, 320, 232, 2047]	{4 3 5 1 }304214
294	0.5082647235659328	0.680195713907547	0.3185994521415336	0.8990738850506692	[377, 162, 1549, 107, 10, 232, 1792, 1791]	{2 7 6 8 }315938
295	0.5094464909310201	0.6811995638569164	0.3185994521415336	0.9270388436215573	[734, 10, 232, 193, 1265, 87, 160, 331]	{7 1 5 7 }314537
296	0.5106254182027237	0.6825065991727362	0.3185994521415336	1.0208025119132043	[1851, 159, 1541, 162, 107, 10, 232, 2047]	{5 5 4 6 }301614
297	0.5118015122065243	0.6838082758342912	0.3185994521415336	0.9154922725634049	[1819, 1513, 1031, 241, 132, 19, 422, 432]	{1 3 5 4 }320655
298	0.5129747797514992	0.6851046158112823	0.3185994521415336	1.073833757272468	[734, 10, 107, 1549, 162, 3284, 813, 669]	{8 4 4 8 }317897
299	0.5141452276303617	0.6860930569586381	0.3185994521415336	1.0504068683211378	[377, 162, 1549, 107, 232, 1792, 496, 3366]	{3 2 3 5 }302438
300	0.5153128626195008	0.6875945251173181	0.3185994521415336	0.9716800664159174	[2071, 377, 162, 1549, 107, 10, 734, 19]	{1 8 8 8 }323122
301	0.5164776914790197	0.6885751505616345	0.3185994521415336	0.748105357738523	[3131, 162, 1549, 107, 10, 158, 420, 1791]	{5 6 2 4 }312055
302	0.5176397209527754	0.6900343465450505	0.3185994521415336	0.7444844515535107	[1580, 438, 2627, 301, 10, 734, 19, 3308]	{1 5 8 5 }307282
303	0.5187989577684178	0.6920111683145336	0.3185994521415336	0.9385335663181938	[394, 193, 1743, 1742, 400, 19, 132, 241]	{7 7 3 4 }309687
304	0.5199554086374283	0.6932738776281129	0.3185994521415336	0.6945838216700837	[2636, 162, 10, 734, 19, 132, 241, 89]	{6 1 7 2 }317464
305	0.521109080255159	0.6941163260843344	0.2207872834051713	0.2207872834051713	[320, 232, 10, 734, 19, 132, 241, 1031]	{1 6 4 2 }351026
306	0.5222599793008715	0.6955495586255886	0.2207872834051713	0.882058982189102	[2627, 438, 496, 1792, 232, 10, 734, 19]	{1 4 4 3 }319814
307	0.5234081124377751	0.696976075687422	0.2207872834051713	0.9303787370559462	[1851, 159, 10, 232, 1792, 496, 2729, 301]	{1 1 6 5 }314622
308	0.5245534863130658	0.6983959087355338	0.2207872834051713	1.0036803400894319	[1820, 10, 232, 1792, 496, 217, 132, 241]	{1 3 3 4 }330293
309	0.5256961075579647	0.6994778749430355	0.2207872834051713	0.5277457326021664	[87, 1265, 193, 232, 10, 734, 19, 1987]	{1 7 5 1 }323398
310	0.5268359827877562	0.7008859856914282	0.2207872834051713	0.890193272029643	[432, 422, 19, 734, 10, 438, 2729, 301]	{4 5 5 5 }301856
311	0.5279731186018268	0.7019590190654625	0.2207872834051713	0.8908109980278565	[87, 1265, 415, 10, 734, 19, 422, 432]	{4 6 6 4 }326169
312	0.5291075215837026	0.7030282030691339	0.2207872834051713	1.4989388804941366	[193, 842, 157, 651, 734, 10, 232, 2047]	{5 6 7 7 }365697
313	0.5302391983010879	0.704245744146201	0.2207872834051713	0.8195832568849986	[420, 158, 10, 232, 193, 1265, 808, 331]	{7 1 2 5 }333011
314	0.5313681553059033	0.7051741022316795	0.2207872834051713	0.7407973884472949	[1579, 1580, 438, 10, 734, 19, 132, 1715]	{8 7 2 8 }367095
315	0.5324943991343231	0.7067528688645794	0.2207872834051713	1.0116064710272956	[1742, 400, 19, 132, 217, 261, 2627, 301]	{2 1 2 1 }330923
316	0.5336179363068136	0.7079551393548396	0.2207872834051713	0.6992772025339697	[2238, 1549, 107, 10, 734, 19, 132, 1032]	{7 1 4 1 }324937
317	0.534738773328171	0.708871853830916	0.2207872834051713	0.8543564253696764	[377, 162, 1549, 107, 420, 158, 10, 1873]	{7 6 2 4 }303064
318	0.5358569166875584	0.7097856907852692	0.2207872834051713	0.558865763688278	[1791, 420, 158, 10, 734, 19, 132, 1108]	{7 8 4 4 }317414
319	0.536972372858544	0.7106966592502987	0.2207872834051713	0.5873657943135415	[377, 162, 420, 158, 10, 734, 19, 132]	{6 3 1 2 }311267
320	0.5380851482991382	0.7118827607748738	0.2207872834051713	0.4705143080389149	[320, 232, 10, 734, 19, 132, 1032, 370]	{1 8 2 6 }306769
321	0.5391952494518312	0.7126740984070229	0.2207872834051713	0.7403050362081623	[2309, 420, 162, 1549, 107, 10, 734, 19]	{5 3 5 7 }317527
322	0.5403026827436301	0.7138520927193119	0.2207872834051713	0.762463197147101	[1265, 193, 232, 10, 734, 19, 241, 2872]	{5 4 5 2 }307191
323	0.5414074545860965	0.7156032890171308	0.2207872834051713	0.5592582483653494	[1579, 1580, 438, 2729, 496, 1792, 232, 2047]	{4 3 7 3 }302092
324	0.5425095713753831	0.716935843368883	0.2207872834051713	0.8269318613769505	[193, 1265, 415, 733, 734, 10, 232, 2047]	{6 6 2 7 }319903
325	0.5436090394922712	0.7178243678560762	0.2207872834051713	0.9358785131776332	[1794, 1791, 420, 158, 10, 107, 162, 3284]	{3 2 5 6 }312544
326	0.5447058653022072	0.7188366369446026	0.2207872834051713	0.6084305264741027	[2051, 1849, 420, 158, 10, 734, 19, 1460]	{3 1 3 8 }303915
327	0.5458000551553399	0.71984527464689	0.2207872834051713	1.0885375557189052	[107, 1549, 162, 1192, 836, 320, 232, 2047]	{7 8 8 2 }371236
328	0.5468916153865568	0.7207246665721754	0.2207872834051713	0.559357762060949	[837, 162, 1549, 107, 10, 734, 19, 1987]	{1 7 2 5 }289730
329	0.5479805523155213	0.7218696547285394	0.2207872834051713	1.0892861505871416	[1792, 496, 2728, 301, 2627, 438, 10, 1873]	{7 6 1 4 }302648
330	0.5490668722467089	0.7231728477249175	0.2207872834051713	0.954080264590002	[161, 10, 734, 19, 132, 1032, 370, 4612]	{6 2 3 2 }312105
331	0.5501505814694436	0.724307798695433	0.2207872834051713	0.6148195910440275	[107, 162, 10, 734, 19, 132, 1032, 370]	{4 7 2 3 }315844
332	0.5512316862579348	0.7254380965324142	0.2207872834051713	1.048298273728143	[320, 232, 1799, 1019, 10, 494, 2229, 1529]	{5 3 3 7 }301769
333	0.5523101928713134	0.7262999328644484	0.2207872834051713	0.4216151515430648	[377, 162, 1549, 107, 10, 158, 420, 1791]	{4 4 2 8 }316847
334	0.5533861075536677	0.7270516725507947	0.2207872834051713	0.41150289191529354	[1791, 420, 158, 10, 734, 19, 132, 1032]	{1 5 6 1 }316992
335	0.5544594365340798	0.7278013475224265	0.2207872834051713	0.8515633777885551	[1549, 162, 420, 158, 10, 734, 19, 2004]	{7 8 7 5 }304450
336	0.5555301860266624	0.7290767472893456	0.2207872834051713	0.7619859371767089	[107, 162, 1583, 1579, 1580, 438, 2729, 301]	{7 5 1 8 }321561
337	0.556598362230593	0.7301874931322737	0.2207872834051713	1.221616408993897	[1526, 156, 1529, 2229, 494, 10, 232, 2047]	{5 5 6 8 }311545
338	0.5576639713301517	0.7310344213416102	0.2207872834051713	0.8208151174989351	[193, 1265, 87, 415, 10, 734, 19, 132]	{7 4 8 7 }300314
339	0.558727019494756	0.7326804635233035	0.2207872834051713	1.1834181240377661	[1849, 420, 1879, 496, 2729, 438, 2627, 301]	{7 2 2 6 }367905
340	0.5597875128789963	0.7336394382635341	0.2207872834051713	0.758125668227176	[377, 162, 1549, 107, 10, 438, 1580, 301]	{4 4 3 6 }312077
341	0.5608454576226725	0.7350657755370678	0.2207872834051713	0.500169331995343	[1579, 1580, 438, 2729, 496, 1792, 232, 10]	{2 7 7 4 }345785
342	0.5619008598508284	0.7357934391174408	0.2207872834051713	0.9964100942856238	[158, 10, 107, 162, 1583, 1013, 156, 1529]	{7 1 3 7 }371464
343	0.5629537256737882	0.7368766475029833	0.2207872834051713	0.5746429876726563	[1791, 420, 158, 10, 734, 19, 400, 4079]	{6 1 5 4 }291899
344	0.5640040611871913	0.7375993373749539	0.2207872834051713	0.5517168203325604	[394, 193, 232, 10, 734, 19, 132, 1032]	{8 4 3 1 }327174
345	0.5650518724720273	0.7386751418408911	0.2207872834051713	1.1117694375420826	[1579, 1580, 438, 3366, 496, 1879, 232, 10]	{6 5 7 5 }316746
346	0.5660971655946722	0.7396126114372845	0.2207872834051713	0.9248058268055412	[107, 162, 1583, 1013, 156, 1529, 2229, 494]	{1 1 8 1 }314091
347	0.5671399466069225	0.740327786759875	0.2207872834051713	0.7716214731278488	[1791, 420, 107, 10, 734, 19, 132, 1032]	{8 4 2 4 }301614
348	0.568180221546031	0.7415444932983803	0.2207872834051713	0.6479983354571237	[2047, 232, 10, 734, 19, 132, 1714, 2168]	{8 2 7 2 }314680
349	0.569217996434741	0.7426041232001273	0.2207872834051713	0.8100441126447798	[320, 232, 193, 394, 432, 422, 19, 132]	{3 6 3 4 }369756
350	0.5702532772813219	0.74352749807704	0.2207872834051713	0.7953018623005227	[2051, 1849, 420, 162, 107, 10, 232, 2047]	{3 5 5 6 }303751
351	0.5712860700796036	0.7443325526659443	0.2207872834051713	0.5902502818053489	[1549, 162, 107, 420, 158, 10, 734, 19]	{3 5 7 1 }321080
352	0.5723163808090113	0.7455304946828156	0.2207872834051713	1.1260248425534305	[432, 15, 1557, 734, 19, 132, 241, 2872]	{2 3 8 7 }313614
353	0.5733442154346	0.746722823685239	0.2207872834051713	0.7888780039584707	[1820, 10, 734, 19, 132, 241, 4018, 2197]	{8 7 3 6 }303846
354	0.5743695799070891	0.7475178483039726	0.2207872834051713	0.6112513686394822	[2238, 1549, 162, 10, 734, 19, 132, 217]	{3 2 8 5 }318786
355	0.5753924801628971	0.7483103773794693	0.2207872834051713	0.46305187616615934	[2654, 232, 10, 734, 19, 132, 241, 1031]	{2 1 8 3 }329012
356	0.5764129221241756	0.7491004187451169	0.2207872834051713	0.7630068283960101	[87, 1265, 193, 232, 10, 494, 2229, 1529]	{7 8 4 7 }343324
357	0.5774309116988436	0.7500004889903711	0.2207872834051713	0.684804007684932	[2309, 420, 162, 107, 10, 734, 19, 132]	{7 8 4 4 }310767
358	0.5784464547806221	0.7507852251786686	0.2207872834051713	0.7071598277099005	[2238, 1549, 162, 107, 10, 158, 420, 1582]	{2 4 7 3 }321566
359	0.5794595572490676	0.7521197482782057	0.2207872834051713	1.0950573180281724	[158, 10, 415, 87, 1265, 193, 232, 2047]	{2 1 4 6 }307014
360	0.580470224969607	0.7528978322156694	0.2207872834051713	0.8111005837064392	[377, 162, 1549, 232, 10, 734, 19, 400]	{3 7 7 1 }322033
361	0.5814784637935708	0.753673473785863	0.2207872834051713	0.26129515566389994	[1549, 162, 107, 10, 734, 19, 132, 241]	{3 8 1 5 }335501
362	0.582484279558227	0.7545571387794565	0.2207872834051713	0.910370517333068	[87, 415, 733, 734, 19, 132, 241, 1031]	{6 1 2 7 }352641
363	0.5834876780868156	0.7557071730104982	0.2207872834051713	0.7828071744138969	[394, 193, 1265, 415, 10, 158, 420, 1791]	{3 3 4 2 }315357
364	0.5844886651885814	0.7567087379899559	0.2207872834051713	0.9012349270039088	[394, 193, 232, 10, 158, 1557, 15, 432]	{6 7 6 6 }310376
365	0.5854872466588084	0.7580115412017666	0.2207872834051713	1.2245338238623737	[2309, 420, 1791, 1792, 232, 193, 394, 432]	{7 6 6 8 }304137
366	0.5864834282788529	0.7587711310905725	0.2207872834051713	0.5035931623022096	[2238, 1549, 162, 107, 10, 158, 420, 1791]	{5 1 1 2 }315861
367	0.5874772158161772	0.7595283366640186	0.2207872834051713	1.2068679672726788	[2627, 438, 10, 107, 162, 420, 158, 318]	{1 8 4 6 }324488
368	0.5884686150243825	0.760283165406354	0.2207872834051713	0.6150695573229844	[2149, 420, 158, 10, 734, 19, 132, 1031]	{5 2 7 3 }338360
369	0.5894576316432434	0.76140637006657	0.2207872834051713	0.7910998227613809	[1580, 301, 2729, 496, 1792, 232, 10, 1873]	{1 3 5 1 }309171
370	0.5904442713987395	0.7625243118977866	0.2207872834051713	0.8070412521005097	[1794, 1791, 420, 158, 10, 494, 2229, 1529]	{5 5 7 1 }313490
371	0.5914285400030896	0.7632697364209868	0.2207872834051713	0.6236337952085094	[1849, 420, 158, 10, 734, 19, 422, 432]	{5 8 2 5 }300938
372	0.5924104431547851	0.764240295992876	0.2207872834051713	0.9289433466265185	[1549, 162, 107, 232, 1792, 496, 2728, 301]	{3 1 5 6 }316090
373	0.5933899865386218	0.7648878293595948	0.2207872834051713	0.8608372282735426	[1879, 232, 10, 734, 19, 132, 241, 331]	{6 5 1 8 }312586
374	0.5943671758257337	0.7658517549863093	0.2207872834051713	1.077848266685057	[2051, 1849, 420, 162, 10, 734, 2229, 494]	{2 4 1 3 }343044
375	0.5953420166736256	0.7668117286584681	0.2207872834051713	0.679250968251353	[377, 162, 420, 158, 10, 734, 19, 1987]	{7 3 4 3 }312020
376	0.596314514726206	0.7677677665785091	0.2207872834051713	0.5898933704546431	[2636, 162, 1549, 107, 10, 734, 19, 3308]	{3 4 5 3 }355358
377	0.5972846756138193	0.7688559017830038	0.2207872834051713	0.9157010598126221	[1549, 162, 1583, 1013, 156, 1529, 2229, 494]	{8 5 5 6 }353318
378	0.5982525049532789	0.7699389384781063	0.2207872834051713	0.7275668085700445	[1265, 193, 394, 432, 422, 19, 132, 241]	{6 4 3 6 }316971
379	0.5992180083478995	0.7704918348585644	0.2207872834051713	0.583330290527021	[377, 162, 1549, 107, 10, 734, 19, 409]	{8 3 1 8 }314444
380	0.6001811913875297	0.7718964016538779	0.2207872834051713	1.0205869333846755	[2047, 232, 1879, 496, 2729, 438, 1580, 301]	{1 8 7 7 }301663
381	0.6011420596485841	0.7727146942180978	0.2207872834051713	0.5783102202625546	[1549, 162, 10, 734, 19, 132, 241, 89]	{1 5 2 3 }361077
382	0.6021006186940759	0.7739317869485298	0.2207872834051713	0.9624252630183576	[3819, 438, 2627, 261, 217, 132, 241, 1126]	{2 8 3 4 }314837
383	0.6030568740736487	0.7747427778276208	0.2207872834051713	1.0899288254944641	[1549, 162, 1541, 159, 10, 158, 420, 1791]	{3 2 7 8 }301746
384	0.604010831323609	0.7759490103495172	0.2207872834051713	0.7776390064560588	[1580, 438, 2729, 301, 10, 734, 19, 3308]	{5 3 5 2 }319126
385	0.6049624959669582	0.7766522954035261	0.2207872834051713	0.6251818169507557	[377, 162, 1549, 107, 10, 158, 420, 1582]	{1 1 6 3 }365035
386	0.6059118735134243	0.7774535268055384	0.2207872834051713	0.8493048553603348	[1742, 1743, 193, 232, 10, 734, 19, 1987]	{2 4 4 4 }342688
387	0.6068589694594942	0.7781520892562743	0.2207872834051713	0.44421749349124495	[1549, 162, 107, 10, 734, 19, 132, 1032]	{4 8 5 6 }308859
388	0.6078037892884451	0.7791915682216499	0.2207872834051713	1.0881674347297134	[734, 10, 232, 193, 1265, 415, 87, 1815]	{5 7 7 5 }311091
389	0.6087463384703768	0.779983690306314	0.2207872834051713	0.8997952647002623	[2238, 1549, 162, 10, 232, 193, 394, 432]	{2 2 1 1 }302054
390	0.6096866224622426	0.7810145872176234	0.2207872834051713	0.9172138528765781	[87, 1265, 193, 394, 432, 422, 19, 1460]	{4 5 3 5 }365321
391	0.6106246467078815	0.782040653812293	0.2207872834051713	1.061913768756127	[1792, 232, 1799, 1019, 10, 734, 2229, 494]	{8 8 4 4 }329813
392	0.6115604166380499	0.7829342553591632	0.2207872834051713	1.046873942527901	[87, 415, 10, 232, 1792, 496, 2728, 301]	{3 3 2 1 }310703
393	0.612493937670452	0.7840966232426447	0.2207872834051713	0.5592582483653494	[1579, 1580, 438, 2729, 496, 1792, 232, 2047]	{6 3 3 1 }350780
394	0.6134252152097724	0.7849817956145545	0.2207872834051713	1.250406599619894	[1792, 232, 10, 107, 162, 837, 160, 331]	{1 3 7 8 }312178
395	0.6143542546477068	0.7857531459969959	0.2207872834051713	1.0456745545481323	[988, 420, 162, 107, 10, 734, 2229, 494]	{1 8 3 8 }302793
396	0.6152810613629928	0.7866315268670884	0.2207872834051713	1.1758601235642836	[1579, 1580, 301, 10, 1019, 1799, 232, 2047]	{1 1 6 7 }316245
397	0.616205640721442	0.7873969590490862	0.2207872834051713	0.32335263409066817	[320, 232, 10, 734, 19, 132, 241, 2872]	{6 4 7 1 }310015
398	0.6171279980759704	0.7879808907411511	0.2207872834051713	0.4115028919152935	[2149, 420, 158, 10, 734, 19, 132, 241]	{5 7 6 2 }349565
399	0.6180481387666295	0.7888501381825367	0.2207872834051713	0.7777739970879921	[377, 162, 1583, 1579, 1580, 438, 2627, 301]	{7 7 6 1 }316062
400	0.6189660681206373	0.7896076113794265	0.2207872834051713	0.7260488631284274	[1579, 1580, 438, 3366, 496, 1792, 232, 10]	{4 6 2 2 }310036
401	0.6198817914524092	0.7905934149495979	0.2207872834051713	1.0173544364164462	[3284, 162, 10, 232, 1792, 496, 2729, 301]	{4 5 7 1 }340569
402	0.6207953140635885	0.791250731936712	0.2207872834051713	0.26942594390034946	[1792, 232, 10, 734, 19, 132, 241, 1031]	{1 7 8 5 }313336
403	0.6217066412430774	0.792106573505849	0.2207872834051713	0.7763992546488784	[1791, 420, 158, 10, 734, 2229, 1529, 156]	{5 5 4 8 }310723
404	0.6226157782670674	0.7932198244360849	0.2207872834051713	1.1031570050425974	[2627, 301, 2728, 496, 217, 132, 19, 3308]	{8 6 7 3 }343777
405	0.6235227303990702	0.7940675930130141	0.2207872834051713	0.5242764158818288	[359, 158, 10, 734, 19, 132, 241, 1031]	{2 8 6 3 }313616
406	0.6244275028899477	0.7949118858623594	0.2207872834051713	0.8872377132143623	[1579, 1580, 438, 2627, 261, 217, 241, 1031]	{6 1 7 4 }328827
407	0.6253301009779426	0.7957527172340972	0.2207872834051713	0.5826289272877523	[1879, 496, 1792, 232, 10, 158, 420, 1791]	{3 8 3 1 }348588
408	0.6262305298887088	0.796590101319781	0.2207872834051713	1.0293012074936139	[2627, 438, 1580, 1579, 1582, 420, 158, 10]	{6 6 6 5 }315786
409	0.6271287948353417	0.7973198083861561	0.2207872834051713	0.3193425374706503	[377, 162, 107, 10, 734, 19, 132, 241]	{2 3 7 8 }312421
410	0.6280249010184079	0.7980468977215056	0.2207872834051713	0.7376686575875684	[158, 10, 734, 19, 132, 1720, 241, 1031]	{7 3 2 4 }337409
411	0.6289188536259762	0.7988748760016197	0.2207872834051713	0.5846438992057731	[87, 1265, 193, 232, 10, 734, 19, 3308]	{1 8 3 8 }327759
412	0.629810657833647	0.799596386730249	0.2207872834051713	0.6823879971463176	[107, 10, 734, 19, 132, 1031, 241, 1126]	{7 6 1 5 }356047
413	0.6307003188045821	0.8003153091311689	0.2207872834051713	0.5551845505692676	[1580, 438, 10, 734, 19, 132, 241, 1031]	{6 7 8 4 }302385
414	0.6315878416895351	0.8010316524896748	0.2207872834051713	1.1462498431432255	[2627, 301, 1580, 1579, 1583, 162, 10, 494]	{4 7 4 2 }315017
415	0.6324732316268808	0.8015781353777341	0.2207872834051713	0.5261961472262644	[1549, 162, 107, 10, 734, 19, 241, 1031]	{8 5 8 6 }365058
416	0.6333564937426458	0.8023916360982153	0.2207872834051713	0.7194973450158514	[1555, 2229, 494, 10, 734, 19, 132, 241]	{8 6 1 4 }303623
417	0.6342376331505366	0.8033175395109163	0.2207872834051713	0.7581055239461187	[87, 1265, 193, 232, 10, 734, 19, 2004]	{2 5 3 8 }314434
418	0.6351166549519708	0.8038577440227577	0.2207872834051713	0.40301095753191163	[1549, 162, 107, 10, 734, 19, 132, 217]	{4 8 5 8 }363000
419	0.6359935642361056	0.8044734249322845	0.2207872834051713	0.8493048553603348	[1742, 1743, 193, 232, 10, 734, 19, 1987]	{8 5 3 5 }303094
420	0.6368683660798682	0.8050871732496705	0.2207872834051713	0.7187482815033093	[193, 232, 10, 107, 1549, 162, 420, 1791]	{4 6 5 3 }309933
421	0.6377410655479837	0.8057863981543074	0.2207872834051713	0.4858296718783282	[1849, 420, 158, 10, 734, 19, 132, 217]	{1 6 2 3 }326282
422	0.6386116676930063	0.806582645610854	0.2207872834051713	0.7323648309443788	[87, 1265, 193, 232, 10, 734, 2229, 1529]	{3 3 2 4 }300716
423	0.6394801775553467	0.8073756285689	0.2207872834051713	0.7595956923875984	[837, 162, 1549, 107, 10, 734, 2229, 494]	{6 6 5 7 }334097
424	0.6403466001633031	0.8079802670115896	0.2207872834051713	0.6439759327792607	[320, 232, 10, 734, 19, 132, 1032, 1729]	{4 7 3 6 }310644
425	0.641210940533089	0.8087675199256273	0.2207872834051713	0.9857256415096936	[1549, 162, 10, 232, 1792, 1791, 420, 1582]	{7 8 2 4 }346780
426	0.6420732036688623	0.809292755619191	0.2207872834051713	1.048465116267145	[1579, 1580, 438, 10, 734, 19, 409, 119]	{6 8 6 3 }316533
427	0.642933394562755	0.8099768935335036	0.2207872834051713	0.6183400059172167	[2238, 1549, 162, 107, 10, 734, 19, 400]	{4 1 4 2 }314368
428	0.6437915181949017	0.810658577190311	0.2207872834051713	0.9321018713597573	[2047, 232, 10, 162, 1583, 1579, 1580, 301]	{7 6 6 7 }304013
429	0.6446475795334683	0.8114348494230401	0.2207872834051713	0.8630047887241346	[1792, 496, 2729, 301, 10, 158, 420, 1791]	{7 7 8 3 }318767
430	0.6455015835346811	0.8119527590773348	0.2207872834051713	0.5456471171493534	[837, 162, 107, 10, 734, 19, 132, 217]	{5 3 2 3 }317634
431	0.6463535351428551	0.8124692462502792	0.2207872834051713	0.8414123030886097	[320, 232, 10, 107, 162, 420, 158, 318]	{3 3 6 1 }344800
432	0.6472034392904229	0.8131419889096172	0.2207872834051713	0.8241691435196903	[2047, 232, 10, 494, 2229, 734, 19, 132]	{5 7 4 5 }364039
433	0.6480513008979631	0.8137285270303669	0.2207872834051713	0.8536001268628682	[1791, 420, 107, 10, 734, 19, 241, 1031]	{6 2 6 5 }328642
434	0.6488971248742291	0.8143132240367588	0.2207872834051713	0.5316671508538642	[377, 162, 1549, 107, 10, 734, 19, 3308]	{5 2 2 1 }310889
435	0.6497409161161771	0.8150745127501648	0.2207872834051713	0.4894829601663889	[1579, 1580, 438, 10, 734, 19, 132, 241]	{4 7 1 2 }322666
436	0.6505826795089948	0.8158326802908211	0.2207872834051713	0.5051155787649115	[2309, 420, 158, 10, 734, 19, 132, 217]	{3 8 4 4 }286890
437	0.6514224199261295	0.816695605049975	0.2207872834051713	1.182954939696231	[841, 1820, 733, 734, 19, 132, 241, 1031]	{8 1 3 4 }343188
438	0.652260142229316	0.8172709885441679	0.2207872834051713	0.979029797389596	[1791, 420, 162, 1549, 107, 10, 494, 2626]	{3 6 7 7 }318920
439	0.6530958512686056	0.8179265055654938	0.2207872834051713	0.6576223988608134	[377, 162, 1549, 232, 10, 734, 19, 132]	{7 3 5 7 }309393
440	0.6539295518823933	0.8186729803513495	0.2207872834051713	0.8997952647002623	[2238, 1549, 162, 10, 232, 193, 394, 432]	{8 3 8 2 }303719
441	0.6547612488974466	0.8193234679058927	0.2207872834051713	0.5438455811244645	[2047, 232, 10, 734, 19, 132, 1032, 370]	{6 7 3 5 }364795
442	0.6555909471289323	0.8200642153497917	0.2207872834051713	1.1270108016723028	[1392, 1268, 841, 1820, 10, 734, 19, 1460]	{8 5 2 8 }366274
443	0.6564186513804459	0.8204966476935783	0.2207872834051713	0.841816915830061	[320, 232, 107, 162, 10, 734, 19, 1987]	{5 4 6 8 }328173
444	0.6572443664440382	0.8209896683755723	0.2207872834051713	0.8377943419466692	[1549, 162, 107, 734, 19, 132, 241, 2872]	{4 8 7 3 }312972
445	0.6580680971002433	0.8217235846404319	0.2207872834051713	0.9809489257412438	[320, 232, 1792, 496, 217, 132, 19, 1460]	{8 7 8 6 }289604
446	0.6588898481181069	0.8222831855536001	0.2207872834051713	0.7102416530542501	[1580, 438, 2627, 261, 217, 132, 19, 1987]	{6 5 8 2 }301343
447	0.6597096242552133	0.8228410299069824	0.2207872834051713	1.0680538750737094	[1743, 1742, 400, 19, 734, 10, 438, 3366]	{8 3 3 4 }323603
448	0.6605274302577127	0.8234765651153837	0.2207872834051713	0.8594132670874113	[1265, 415, 733, 734, 19, 132, 241, 1126]	{6 8 2 1 }317351
449	0.6613432708603496	0.8243036740876669	0.2207872834051713	0.8021399476506184	[1794, 1791, 420, 158, 10, 734, 19, 2004]	{1 2 5 2 }304266
450	0.6621571507864894	0.8250240034121982	0.2207872834051713	0.6288556659146406	[1580, 438, 2729, 301, 10, 734, 19, 132]	{8 4 7 5 }327385
451	0.662969074748146	0.8257413794915032	0.2207872834051713	0.8624069174244311	[432, 394, 193, 232, 10, 158, 420, 1582]	{8 6 5 6 }313321
452	0.6637790474460092	0.8265578765680215	0.2207872834051713	0.8499423510088602	[3621, 1720, 241, 19, 734, 10, 232, 2047]	{1 8 7 3 }303797
453	0.664587073569472	0.8271800780631139	0.2207872834051713	0.9006798976538356	[107, 420, 158, 10, 734, 19, 241, 1126]	{5 8 7 2 }316471
454	0.6653931577966572	0.827800047489705	0.2207872834051713	0.8362583808680021	[2238, 1549, 162, 10, 232, 1792, 496, 3366]	{1 1 5 2 }313203
455	0.666197304794445	0.8285060421929633	0.2207872834051713	1.0470148913361128	[1742, 400, 19, 734, 10, 158, 420, 1661]	{4 3 3 6 }304162
456	0.6669995192185001	0.8290443533049414	0.2207872834051713	0.597469793671439	[1807, 157, 10, 734, 19, 132, 241, 1031]	{1 3 8 7 }363436
457	0.6677998057132982	0.8296576348818927	0.2207872834051713	1.0249941548483008	[1580, 438, 2627, 301, 10, 158, 420, 1550]	{4 6 1 4 }307350
458	0.6685981689121532	0.8304557821570192	0.2207872834051713	0.9989784966592827	[1529, 2229, 734, 19, 241, 132, 1032, 370]	{8 7 5 1 }340651
459	0.6693946134372437	0.8311508887352749	0.2207872834051713	0.5192845589394408	[2636, 162, 107, 10, 734, 19, 132, 217]	{5 4 7 2 }317682
460	0.6701891438996405	0.8316146466702671	0.2207872834051713	0.4674725881231375	[837, 162, 1549, 107, 10, 734, 19, 132]	{7 6 8 8 }308378
461	0.6709817648993324	0.8320771308560482	0.2207872834051713	0.6872065200411286	[107, 162, 420, 158, 10, 734, 19, 1460]	{5 8 5 8 }348953
462	0.6717724810252532	0.8326795327303689	0.2207872834051713	0.5712260593395756	[1579, 1580, 301, 10, 734, 19, 132, 241]	{8 3 2 5 }310584
463	0.6725612968553089	0.8333655222554357	0.2207872834051713	0.571780156306666	[1794, 1791, 420, 158, 10, 734, 19, 1987]	{2 3 6 2 }320418
464	0.6733482169564027	0.8338885796981328	0.2207872834051713	0.5957011110120926	[1580, 438, 2627, 301, 10, 734, 19, 132]	{8 6 5 1 }301321
465	0.6741332458844631	0.8345696123068777	0.2207872834051713	1.0604339681465333	[1791, 420, 158, 10, 157, 841, 1268, 1380]	{1 1 5 6 }314518
466	0.6749163881844692	0.8350888901700326	0.2207872834051713	1.0730724114440287	[2051, 1849, 420, 107, 162, 1583, 1013, 156]	{3 7 8 2 }293147
467	0.6756976483904773	0.8357650016808151	0.2207872834051713	0.5779191927265845	[1265, 193, 232, 10, 734, 19, 132, 1032]	{5 1 7 1 }306177
468	0.6764770310256473	0.8362805272754275	0.2207872834051713	0.37724082830877137	[420, 158, 10, 734, 19, 132, 241, 1126]	{7 8 3 5 }316890
469	0.6772545406022688	0.8367301962373785	0.2207872834051713	0.6746930488384247	[1019, 1799, 232, 10, 734, 19, 132, 1031]	{7 6 4 4 }356715
470	0.6780301816217869	0.8371225759079812	0.2207872834051713	0.8111024165790848	[87, 1265, 193, 232, 10, 438, 1580, 301]	{8 6 7 7 }350591
471	0.678803958574829	0.8377068778917296	0.2207872834051713	0.9324967199315572	[394, 193, 232, 10, 107, 162, 420, 1582]	{5 1 5 7 }332800
472	0.6795758759412301	0.838216308032276	0.2207872834051713	0.6283007684592643	[2309, 420, 158, 10, 734, 19, 241, 1031]	{4 1 5 8 }369158
473	0.6803459381900592	0.8387966863915352	0.2207872834051713	0.9575950512223577	[1580, 438, 2729, 496, 217, 132, 241, 1031]	{2 3 1 5 }345075
474	0.6811141497796445	0.839302695676718	0.2207872834051713	0.7545799596922109	[2636, 162, 1549, 232, 10, 158, 420, 1791]	{6 6 3 5 }321444
475	0.6818805151576002	0.8398791767588726	0.2207872834051713	0.8006698763828854	[87, 1265, 193, 232, 10, 162, 420, 1791]	{5 7 5 8 }312957
476	0.6826450387608515	0.8406294305120849	0.2207872834051713	1.1095601340595524	[1579, 1580, 438, 2627, 261, 217, 241, 89]	{7 8 7 1 }339848
477	0.6834077250156605	0.8414828458303399	0.2207872834051713	0.5882051637578561	[10, 232, 1792, 496, 2729, 438, 2627, 301]	{4 4 2 2 }314798
478	0.6841685783376521	0.8422255855156413	0.2207872834051713	0.9037580971717757	[1807, 157, 842, 193, 232, 10, 734, 19]	{5 2 2 3 }308602
479	0.6849276031318388	0.8428724376158414	0.2207872834051713	0.75335885111495	[1799, 232, 10, 734, 19, 132, 241, 2545]	{4 1 3 8 }300844
480	0.6856848037926471	0.843516637716724	0.2207872834051713	0.6873029017910577	[318, 158, 10, 734, 19, 132, 241, 1126]	{5 4 7 6 }317605
481	0.6864401847039425	0.8440078313064803	0.2207872834051713	0.9638170476817676	[1579, 1583, 162, 107, 10, 734, 19, 241]	{2 6 3 4 }322847
482	0.687193750239055	0.8444974830636796	0.2207872834051713	0.41150289191529354	[1791, 420, 158, 10, 734, 19, 132, 1032]	{4 5 8 5 }301544
483	0.6879455047608041	0.8453301853022865	0.2207872834051713	0.7323648309443788	[87, 1265, 193, 232, 10, 734, 2229, 1529]	{8 3 8 5 }309462
484	0.6886954526215245	0.845885043534222	0.2207872834051713	0.969469420670264	[2309, 420, 158, 10, 301, 2627, 438, 3366]	{8 8 7 6 }310455
485	0.6894435981630911	0.8466071565122477	0.2207872834051713	1.0476549246772875	[1873, 10, 107, 162, 1583, 1579, 1580, 301]	{1 3 1 3 }298630
486	0.6901899457169443	0.8470886491152716	0.2207872834051713	0.7782257060118252	[2149, 420, 158, 10, 232, 1792, 496, 3366]	{6 8 4 5 }316293
487	0.6909344996041143	0.8479074758886175	0.2207872834051713	0.8405160569575538	[1579, 1580, 438, 2729, 301, 2627, 261, 165]	{3 7 6 2 }313800
488	0.6916772641352477	0.8487219179169405	0.2207872834051713	1.0162364273895954	[1580, 438, 2729, 496, 217, 132, 241, 1126]	{2 2 3 1 }347670
489	0.6924182436106306	0.8493421360012825	0.2207872834051713	0.7782096530803472	[988, 420, 158, 10, 734, 19, 400, 4079]	{8 3 3 6 }334651
490	0.6931574423202151	0.8498826018718135	0.2207872834051713	0.5604910948987741	[2636, 162, 107, 10, 734, 19, 132, 1032]	{2 4 1 5 }311308
491	0.6938948645436429	0.8504980613211365	0.2207872834051713	0.6288556659146406	[1580, 438, 2729, 301, 10, 734, 19, 132]	{7 8 2 7 }305671
492	0.6946305145502709	0.8511109974764344	0.2207872834051713	0.8427797378712145	[1089, 836, 320, 232, 10, 734, 19, 3308]	{8 7 8 2 }315492
493	0.6953643965991958	0.8517214206828447	0.2207872834051713	0.9548294185094259	[1743, 1742, 400, 19, 132, 241, 1031, 227]	{1 1 3 8 }313334
494	0.6960965149392779	0.8523293412430918	0.2207872834051713	0.8367592916745693	[420, 158, 1557, 15, 432, 422, 19, 132]	{8 5 3 5 }305890
495	0.6968268738091672	0.85293476941766	0.2207872834051713	0.8064057394022315	[377, 162, 1549, 232, 10, 734, 19, 1460]	{8 6 4 1 }318409
496	0.6975554774373266	0.8533386961373991	0.2207872834051713	0.8510410466055626	[1799, 232, 10, 107, 162, 1583, 1013, 156]	{1 2 6 5 }289626
497	0.6982823300420571	0.8538648248582072	0.2207872834051713	0.7682562996448801	[2636, 162, 1549, 107, 10, 494, 2229, 1529]	{1 3 3 6 }307825
498	0.6990074358315221	0.8543890661593376	0.2207872834051713	1.0398160535936023	[320, 232, 10, 301, 2627, 438, 80, 909]	{8 1 2 6 }319209
499	0.6997307990037714	0.8549984869203896	0.2207872834051713	0.5746429876726563	[1791, 420, 158, 10, 734, 19, 400, 4079]	{1 2 3 2 }289045
