0	0.008329862557267753	171.303	
1	0.023633414061013602	335.268	
2	0.031766413527394066	489.836	
3	0.04117587500914921	670.172	
4	0.04916274818691546	839.561	
5	0.05708309180884863	1011.039	
6	0.06285364807280003	1179.152	
7	0.07347889015814246	1350.785	
8	0.07914910579181667	1533.454	
9	0.08681966717630796	1706.178	
10	0.0924082386017604	1891.409	
11	0.1044134206308377	2074.359	
12	0.11456746348082814	2261.491	
13	0.11998622119482316	2428.084	
14	0.12853834732509695	2612.547	
15	0.13700736241426026	2794.3	
16	0.14419597247328342	2974.532	
17	0.15389896598265662	3163.922	
18	0.15907701887297	3334.898	
19	0.16422338260246583	3503.299	
20	0.1723456043458821	3690.618	
21	0.18172944103130295	3855.211	
22	0.18757179642347543	4033.757	
23	0.1954671142424893	4209.611	
24	0.20328570399717838	4400.859	
25	0.20897415021127597	4570.401	
26	0.2146219815895497	4740.009	
27	0.22501057971667204	4911.623	
28	0.23254206096335162	5092.813	
29	0.23802162023534534	5284.511	
30	0.24666083089027335	5451.875	
31	0.2520395838082936	5640.662	
32	0.2582699912734473	5809.393	
33	0.2644485003007405	5977.609	
34	0.2705755431970275	6152.991	
35	0.27665154866810593	6319.541	
36	0.283681174045481	6511.023	
37	0.29064248430742967	6682.229	
38	0.2965513349171137	6860.331	
39	0.3008563697143468	7029.66	
40	0.3076507684537604	7204.841	
41	0.3183351701751529	7378.863	
42	0.3225068901003022	7553.977	
43	0.3290908853374227	7728.098	
44	0.33388109737761484	7896.158	
45	0.3394297762832573	8071.76	
46	0.3441461698601008	8238.404	
47	0.3488288889424348	8403.778	
48	0.35347817396218295	8579.226	
49	0.36345536263560607	8759.841	
50	0.37187526524624626	8951.616	
51	0.3757193251959501	9113.427	
52	0.38091949741422615	9303.055	
53	0.38793855073152517	9471.891	
54	0.39168430499610285	9639.475	
55	0.39540713562282137	9812.936	
56	0.3997238574485643	9981.067	
57	0.40555744483973477	10145.294	
58	0.41050906962241085	10308.238	
59	0.4171926402616125	10488.067	
60	0.4228564629995949	10659.689	
61	0.43049063676944155	10830.484	
62	0.43802382940476636	11020.285	
63	0.44203627305749604	11186.744	
64	0.44602006833524344	11361.67	
65	0.4514037411405375	11528.035	
66	0.45673509448222327	11721.686	
67	0.46126041647737337	11890.515	
68	0.46510695363586185	12057.086	
69	0.4695625391949134	12229.632	
70	0.4733498001752555	12401.583	
71	0.4777367239555532	12591.704	
72	0.4828121688150716	12772.122	
73	0.4865048290008389	12963.304	
74	0.49017112402790497	13133.04	
75	0.4951257292365745	13301.038	
76	0.5000321847347613	13469.339	
77	0.5036018960355186	13638.91	
78	0.5101680085218214	13812.814	
79	0.5157216592188529	13980.44	
80	0.5191793495201402	14153.531	
81	0.5255394110344241	14332.641	
82	0.5309187827914035	14514.907	
83	0.5354773952035375	14685.744	
84	0.5399917062316859	14846.585	
85	0.546076472022272	15034.401	
86	0.5488544381770541	15196.47	
87	0.5532387487875784	15388.324	
88	0.5601332125408565	15571.514	
89	0.5644079140710716	15736.688	
90	0.5680363362778932	15918.888	
91	0.5737501413535824	16075.276	
92	0.5773007440911619	16264.195	
93	0.5803187669809733	16421.018	
94	0.5852130087654517	16589.69	
95	0.589243980497566	16761.527	
96	0.5917577658594624	16950.885	
97	0.5957251345100021	17137.659	
98	0.5986116094227645	17308.386	
99	0.6014774752446999	17482.955	
100	0.6043228791222888	17656.138	
101	0.6095567034725231	17824.4	
102	0.6128090424690035	17993.584	
103	0.6160342899286535	18180.962	
104	0.6187757598643091	18358.446	
105	0.6219513053881383	18523.051	
106	0.6242649252244354	18682.019	
107	0.6273947467552607	18863.53	
108	0.631619296111777	19031.922	
109	0.6342494909393243	19196.858	
110	0.6372961424100504	19365.04	
111	0.6420938124839916	19527.48	
112	0.6450751218343955	19699.193	
113	0.6485243431965492	19877.856	
114	0.6510338379794619	20048.534	
115	0.6535254152652633	20216.09	
116	0.6574536985388998	20380.771	
117	0.6607826227513498	20565.68	
118	0.6632045948623653	20750.577	
119	0.6664776308695337	20933.646	
120	0.6692558263641648	21107.7	
121	0.6730057603056141	21293.045	
122	0.6753404606544764	21476.91	
123	0.6784955582185728	21660.258	
124	0.6827482624749408	21834.956	
125	0.6850134025060592	21998.92	
126	0.6876371975705652	22171.604	
127	0.6906727933181787	22304.508	
128	0.69288135313265	22472.324	
129	0.6958659852693589	22631.306	
130	0.6988216122346713	22794.379	
131	0.7006647935553033	22973.843	
132	0.703158214683539	23136.357	
133	0.7056308659564792	23303.623	
134	0.708491596122111	23437.388	
135	0.7109198210607023	23603.319	
136	0.7141973741099006	23782.778	
137	0.7169748534674332	23946.868	
138	0.7197253408001112	24135.274	
139	0.7214405934127464	24299.842	
140	0.7237609549836523	24490.992	
141	0.7260619882615893	24643.495	
142	0.7277384612316244	24815.128	
143	0.7294046743563702	24990.144	
144	0.7320343665394959	25151.935	
145	0.7342664834362931	25320.91	
146	0.7364800071061283	25484.698	
147	0.7386750924280263	25674.95	
148	0.7412146930847026	25819.19	
149	0.7430623896890838	25996.116	
150	0.7455593538320471	26175.088	
151	0.7476788094436084	26340.185	
152	0.7497806102812294	26523.263	
153	0.7513119276795712	26688.857	
154	0.753728721385309	26872.472	
155	0.7557801272879721	27037.444	
156	0.7572747282480538	27222.002	
157	0.759296596400923	27392.112	
158	0.7620256599337922	27574.272	
159	0.7634820388647451	27759.13	
160	0.765452200973327	27908.62	
161	0.7674059519023289	28080.213	
162	0.7700430726290598	28255.998	
163	0.7730848309276173	28437.91	
164	0.7756575652708415	28624.503	
165	0.7786250577937139	28787.307	
166	0.7804690806359154	28972.446	
167	0.7822977430212888	29154.472	
168	0.7841111729003285	29328.784	
169	0.7862092178672835	29484.054	
170	0.7877356588654347	29639.84	
171	0.7892512012546861	29814.051	
172	0.7910067097823438	29978.333	
173	0.7922857276146815	30151.388	
174	0.7946407647165559	30313.948	
175	0.7963513789213326	30477.733	
176	0.7978054060843861	30644.142	
177	0.7997703681243824	30832.73	
178	0.8009957532526065	30998.389	
179	0.8029297109469447	31163.059	
180	0.8043367695943158	31340.145	
181	0.8062382587139045	31518.759	
182	0.8078522673876746	31685.607	
183	0.8104665222531484	31854.302	
184	0.8118197689556903	32018.447	
185	0.81364853699305	32199.702	
186	0.8166064967233191	32363.437	
187	0.8190323367137513	32534.919	
188	0.8203244245101665	32716.563	
189	0.8218210973588949	32883.807	
190	0.8230932737328421	33064.276	
191	0.8243563669173521	33251.876	
192	0.8256104417653272	33428.229	
193	0.8268555626666279	33589.742	
194	0.8285382102597607	33762.916	
195	0.8297624272389259	33926.716	
196	0.8309779034530824	34097.165	
197	0.8321847013102628	34261.48	
198	0.8335825796833551	34451.177	
199	0.8354693985078069	34629.48	
200	0.8366441276194309	34794.743	
201	0.8378104693035903	34982.201	
202	0.8388030528538237	35136.172	
203	0.8401458012682026	35324.724	
204	0.8419582071495154	35511.227	
205	0.8434940846310557	35671.637	
206	0.8447977573954784	35860.744	
207	0.8459058831236002	36025.228	
208	0.8474033964071415	36183.382	
209	0.8488863565975482	36343.127	
210	0.8498111568359672	36529.902	
211	0.851270717994024	36709.057	
212	0.8527160948842667	36872.917	
213	0.8539429495707784	37062.388	
214	0.8558749211373025	37246.041	
215	0.8572755535849478	37414.84	
216	0.858149012784931	37579.377	
217	0.8595275452165644	37752.176	
218	0.8605305019949313	37940.611	
219	0.8621117888203855	38123.59	
220	0.8634518103090116	38298.15	
221	0.8649999757250092	38461.649	
222	0.8663119293136874	38649.461	
223	0.867266446388856	38840.549	
224	0.8685563740235609	39023.058	
225	0.8694948660279147	39178.467	
226	0.8705819558569199	39364.288	
227	0.8715059854456133	39538.752	
228	0.8725763229262828	39699.394	
229	0.8738146482622763	39868.385	
230	0.8747155968080326	40045.573	
231	0.875933132310384	40213.656	
232	0.8771388355921101	40374.196	
233	0.8780160498319476	40553.346	
234	0.8788870008654555	40728.385	
235	0.8798958555021447	40910.447	
236	0.88089630651837	41094.955	
237	0.881888423915135	41277.989	
238	0.8828722771103441	41453.479	
239	0.8838479349436608	41622.999	
240	0.884677247004514	41806.775	
241	0.8857979734670551	41980.836	
242	0.886749260651836	42169.467	
243	0.8876926237451152	42337.399	
244	0.8886281287534857	42500.472	
245	0.8895558411337149	42679.716	
246	0.8908080424814052	42849.529	
247	0.8915876601943957	43012.654	
248	0.8924907200844883	43202.707	
249	0.8932583236776257	43381.178	
250	0.894020446671538	43543.66	
251	0.8947771281970581	43716.073	
252	0.8957997022670575	43878.442	
253	0.8966676764255993	44061.74	
254	0.8980345061025093	44240.631	
255	0.8987625277165808	44413.76	
256	0.8999103448626513	44578.452	
257	0.9006249732089643	44765.322	
258	0.9013344991930735	44948.309	
259	0.9021563692539393	45135.492	
260	0.902971393250158	45317.169	
261	0.9037796282085073	45497.141	
262	0.9047147144261117	45682.107	
263	0.9057950464620969	45847.534	
264	0.9067105464964789	46020.913	
265	0.9081501985567183	46187.226	
266	0.9089152947786532	46373.83	
267	0.9099480011870585	46544.94	
268	0.9108231420890307	46725.607	
269	0.9118342175755496	46899.43	
270	0.9126910279003743	47062.608	
271	0.9135395115942482	47230.407	
272	0.9141568292957232	47394.137	
273	0.9151301078751367	47564.386	
274	0.915837062411787	47726.672	
275	0.9163521310911936	47906.959	
276	0.9169493670208096	48080.078	
277	0.9175423387562474	48243.532	
278	0.9182291997412017	48408.74	
279	0.9191563063200996	48583.514	
280	0.919829723177075	48772.426	
281	0.9204021295088862	48949.516	
282	0.9210651688299284	49138.232	
283	0.9217226851245562	49324.461	
284	0.922483397611198	49488.126	
285	0.9229577913903202	49660.507	
286	0.9238312858190013	49820.395	
287	0.9246948766827314	49985.559	
288	0.9253221580098224	50173.86	
289	0.9260478901963158	50337.16	
290	0.9265758995481599	50521.902	
291	0.9270252476286818	50702.552	
292	0.9275462787635993	50875.017	
293	0.9281498083032611	51026.428	
294	0.9288480608950661	51197.237	
295	0.9295395277473979	51369.356	
296	0.9299707387226027	51547.504	
297	0.9306512951976017	51719.964	
298	0.9313252379070516	51883.511	
299	0.931897289236439	52055.89	
300	0.9324645754568768	52245.669	
301	0.9331208963950995	52413.739	
302	0.9336779901360817	52598.292	
303	0.934151521473243	52791.606	
304	0.9347914483782649	52962.217	
305	0.9355307743603707	53146.741	
306	0.9359910770364435	53314.79	
307	0.9366131268222895	53484.006	
308	0.9371411307637948	53649.049	
309	0.9377520041285782	53820.287	
310	0.9383569409203315	53983.893	
311	0.9388704191300747	54156.791	
312	0.9393796201369046	54317.277	
313	0.9399687394747384	54489.167	
314	0.9403973556027226	54674.368	
315	0.9408229114620474	54852.557	
316	0.9411850692682959	55018.987	
317	0.9416749895576062	55186.059	
318	0.9420914232610088	55341.877	
319	0.9425737937461316	55505.48	
320	0.9429838100935145	55689.03	
321	0.9436302521559463	55865.947	
322	0.9440327255147425	56038.617	
323	0.9445766251696041	56199.149	
324	0.9450382942644012	56379.715	
325	0.9454961177190917	56560.415	
326	0.9459501275673292	56725.375	
327	0.9463360372889881	56898.405	
328	0.9467191916606975	57062.569	
329	0.9473232824581953	57237.466	
330	0.9477620722752865	57394.067	
331	0.9481350449251923	57573.249	
332	0.9484524532130133	57748.663	
333	0.9489534011895633	57934.644	
334	0.949548696802513	58103.98	
335	0.949908913163773	58293.722	
336	0.950326165032463	58470.57	
337	0.9508089039534303	58629.267	
338	0.9512186590225395	58817.037	
339	0.9517717354508555	58992.416	
340	0.9521734702659254	59157.357	
341	0.9527157211699399	59327.414	
342	0.9530533253503175	59489.868	
343	0.9533885190766197	59659.069	
344	0.9536737766331211	59848.413	
345	0.9540045404103583	60020.27	
346	0.9544515322431051	60187.046	
347	0.9549679547800314	60349.445	
348	0.9552894782777642	60534.442	
349	0.9556619107785742	60689.96	
350	0.9561646102028534	60850.417	
351	0.9564328783619873	61014.309	
352	0.9567957864972477	61183.415	
353	0.9571556716576205	61363.731	
354	0.9575720402518126	61523.783	
355	0.9578749708860593	61695.216	
356	0.958175738631265	61873.954	
357	0.9585241289800258	62048.812	
358	0.9587779571225037	62238.494	
359	0.9590722776523602	62404.907	
360	0.9596136496410856	62598.276	
361	0.960006131180045	62765.216	
362	0.9604595764047611	62950.772	
363	0.9609825978808886	63103.129	
364	0.9613076074778824	63283.581	
365	0.961683626841557	63453.73	
366	0.9620559919840103	63626.504	
367	0.9623720603556554	63798.787	
368	0.9626854959212059	63964.458	
369	0.9629138569182116	64135.122	
370	0.9632742664719706	64297.001	
371	0.9634990242526587	64482.463	
372	0.9637224065384247	64638.848	
373	0.9640749584671087	64817.104	
374	0.9643314590313942	64993.091	
375	0.9647358642577956	65153.177	
376	0.9652023210797824	65339.613	
377	0.9654152793609625	65506.492	
378	0.9656622101919665	65676.553	
379	0.9659482392615878	65839.727	
380	0.9661913648216883	66000.341	
381	0.9665746826808529	66187.103	
382	0.9670168165078257	66351.349	
383	0.9672915618930167	66527.079	
384	0.9676624058624836	66705.62	
385	0.9678932924749963	66887.536	
386	0.9682053110126543	67044.459	
387	0.9684323213463535	67206.7	
388	0.9686952757707903	67389.968	
389	0.9688868575219742	67553.958	
390	0.9692396142394122	67726.482	
391	0.9694592397699214	67891.29	
392	0.9697136401050325	68063.372	
393	0.9700570228702816	68228.578	
394	0.9703064437543275	68400.41	
395	0.9705950108704177	68575.543	
396	0.9708807736413563	68741.642	
397	0.9711637593202547	68913.66	
398	0.9714439948953736	69085.579	
399	0.9716818624930798	69248.121	
400	0.9719177486863902	69430.361	
401	0.9720896092287306	69594.429	
402	0.9723220989477749	69767.596	
403	0.9725526520594137	69933.76	
404	0.9727812846953202	70105.588	
405	0.9730458008790391	70303.03	
406	0.973238250685341	70465.785	
407	0.973429326422698	70618.243	
408	0.9735919362619287	70800.123	
409	0.9738119118032704	70976.631	
410	0.9741088289030067	71144.771	
411	0.9742936888144506	71334.591	
412	0.9745078188534806	71500.616	
413	0.9747555562795887	71684.742	
414	0.9749658390261143	71860.763	
415	0.975144579986242	72046.002	
416	0.9753516222187598	72223.48	
417	0.9755276087323403	72392.247	
418	0.9758050734859419	72582.613	
419	0.9761251121964454	72758.777	
420	0.9762955760827087	72925.707	
421	0.9764406447634493	73113.863	
422	0.9766088557843564	73302.19	
423	0.9768037008007299	73478.023	
424	0.9769456598095058	73646.742	
425	0.9771376992946411	73831.124	
426	0.9773009334283141	74006.178	
427	0.9774630020895031	74173.006	
428	0.9777185236077627	74349.964	
429	0.9779711480566543	74539.948	
430	0.9781284314643536	74716.725	
431	0.978340983150803	74885.617	
432	0.978586550235261	75058.399	
433	0.9787649213286782	75234.604	
434	0.9789418066154031	75402.356	
435	0.9790706806324956	75578.185	
436	0.9793475234812721	75770.51	
437	0.9795482278206182	75948.182	
438	0.979718588271925	76115.295	
439	0.9799156865394477	76291.686	
440	0.9801108693719117	76472.007	
441	0.9802528754214965	76655.107	
442	0.9804447813940766	76831.473	
443	0.9806076736773414	76998.89	
444	0.9807692090902748	77176.206	
445	0.9809065146718281	77344.768	
446	0.9810428399077049	77520.237	
447	0.9812270688687573	77706.464	
448	0.9813834448048776	77874.288	
449	0.9815385181509427	78049.265	
450	0.9816515005556493	78236.659	
451	0.9817637915194478	78413.785	
452	0.9819705512527874	78599.942	
453	0.9820808896585367	78776.327	
454	0.9822088299953592	78952.328	
455	0.9824441629319285	79120.665	
456	0.9825516028820259	79296.698	
457	0.9827824017857029	79464.11	
458	0.9829258220123942	79640.691	
459	0.9830917518276284	79806.682	
460	0.9832560691082152	79982.279	
461	0.9833955437512121	80171.812	
462	0.9835569087293344	80346.397	
463	0.9837167055346859	80534.367	
464	0.9839320930276133	80702.537	
465	0.9841142688436267	80880.258	
466	0.9842276910926162	81047.771	
467	0.9843403035201098	81222.283	
468	0.9845474423624364	81398.454	
469	0.984722641428622	81565.917	
470	0.9848498997257596	81741.684	
471	0.9849426168096062	81915.082	
472	0.9850889470641289	82104.003	
473	0.9852861832140742	82271.079	
474	0.9854087472855938	82446.575	
475	0.9855302904152432	82612.455	
476	0.9856508211073278	82780.385	
477	0.9857703477953135	82955.192	
478	0.9858574318299196	83142.934	
479	0.9859584081005455	83320.332	
480	0.9860753726311532	83487.905	
481	0.9861605899445648	83663.664	
482	0.9862452857366235	83834.503	
483	0.9863294631989873	84002.377	
484	0.9864270692212471	84189.972	
485	0.9865401298691334	84357.619	
486	0.9866225029151791	84529.348	
487	0.9867339356272559	84696.694	
488	0.9868628575356402	84872.852	
489	0.9869432555209553	85053.545	
490	0.9870520164079111	85220.65	
491	0.9871444634853819	85396.945	
492	0.9872902178676337	85565.579	
493	0.9874137337289784	85752.734	
494	0.9875185755971252	85920.159	
495	0.9876600883454572	86110.269	
496	0.9877356073587192	86286.749	
497	0.9878978347746091	86455.227	
498	0.9879842428085859	86630.709	
499	0.9880700338993796	86799.901	
