0	0.0061198990216660976	173.395	
1	0.012202344879296834	297.204	
2	0.01824756678247408	437.459	
3	0.024255792538040333	588.022	
4	0.030227248558683195	714.769	
5	0.036162159871467314	855.941	
6	0.04206075012631472	985.971	
7	0.04792324160443229	1122.156	
8	0.0537498552266884	1251.219	
9	0.05954081056193805	1390.539	
10	0.06529632583529699	1518.623	
11	0.07101661793636527	1681.369	
12	0.0767019024274006	1808.729	
13	0.0823523935514413	1934.853	
14	0.08796830424038005	2063.02	
15	0.09354984612298778	2186.879	
16	0.0990972295328888	2356.955	
17	0.10461066351648673	2480.73	
18	0.11009035584084248	2656.25	
19	0.11553651300150336	2788.567	
20	0.12094934023028481	2946.758	
21	0.1263290415030044	3077.493	
22	0.13167581954716823	3217.984	
23	0.13698987584961053	3344.412	
24	0.14227141066408644	3482.742	
25	0.1475206230188183	3621.231	
26	0.152737710723996	3763.265	
27	0.1579228703792308	3908.169	
28	0.1630762973809643	4050.711	
29	0.1681981859298317	4227.13	
30	0.17328872903797987	4370.379	
31	0.1783481185363407	4492.473	
32	0.1833765450818603	4620.15	
33	0.18837419816468337	4773.086	
34	0.19334126611529434	4900.121	
35	0.19827793611161382	5038.538	
36	0.2031843941860525	5182.298	
37	0.20806082523252156	5321.165	
38	0.2129074130134001	5462.36	
39	0.21772434016646003	5600.348	
40	0.22251178821174855	5726.994	
41	0.2272699375584284	5880.282	
42	0.23199896751157656	6016.955	
43	0.23669905627894106	6145.545	
44	0.2413703809776564	6284.688	
45	0.24601311764091816	6432.641	
46	0.25062744122461655	6570.046	
47	0.2552135256139294	6698.061	
48	0.25977154362987487	6836.489	
49	0.2643016670358238	6964.828	
50	0.2688040665439726	7104.064	
51	0.2732789118217763	7235.971	
52	0.27772637149834234	7374.378	
53	0.2821466131707848	7499.957	
54	0.28653980341054064	7639.743	
55	0.2909061077696462	7768.878	
56	0.29524569078697616	7916.048	
57	0.29955871599444395	8041.615	
58	0.30384534592316415	8175.645	
59	0.3081057421095773	8297.676	
60	0.31234006510153733	8426.126	
61	0.3165484744643614	8555.817	
62	0.3207311287868432	8702.445	
63	0.32488818568722877	8851.743	
64	0.3290198018191567	8991.611	
65	0.333126132877561	9136.127	
66	0.33720733360453825	9264.158	
67	0.34126355779517925	9393.07	
68	0.3452949583033643	9533.751	
69	0.3493016870475234	9662.295	
70	0.35328389501636104	9824.988	
71	0.35724173227454614	9953.53	
72	0.3611753479683669	10101.187	
73	0.3650848903313515	10230.35	
74	0.36897050668985365	10363.535	
75	0.37283234346860483	10487.998	
76	0.37667054619623197	10625.606	
77	0.3804852595107413	10754.522	
78	0.38427662716496924	10894.303	
79	0.38804479203199926	11020.752	
80	0.39178989611054615	11154.507	
81	0.3955120805303066	11301.493	
82	0.39921148555727815	11442.372	
83	0.40288825059904443	11567.089	
84	0.4065425142100286	11706.768	
85	0.41017441409671507	11858.851	
86	0.4137840871228382	11996.92	
87	0.4173716693145403	12124.599	
88	0.4209372958654972	12279.278	
89	0.4244811011420133	12419.669	
90	0.42800321868808466	12542.092	
91	0.43150378123043165	12679.262	
92	0.4349829206835004	12803.729	
93	0.4384407681544341	12941.411	
94	0.44187745394801337	13065.71	
95	0.4452931075715667	13220.7	
96	0.44868785773985087	13364.868	
97	0.4520618323799014	13502.698	
98	0.45541515863585313	13643.297	
99	0.45874796287373176	13803.877	
100	0.46206037068621564	13948.217	
101	0.4653525068973685	14078.708	
102	0.46862449556734354	14210.038	
103	0.4718764599970583	14360.182	
104	0.4751085227328411	14487.097	
105	0.4783208055710493	14629.09	
106	0.4815134295626585	14775.178	
107	0.484686515017825	14906.086	
108	0.48784018151041875	15038.535	
109	0.4909745478825298	15175.079	
110	0.4940897322489467	15313.605	
111	0.49718585200160725	15436.439	
112	0.5002630238140224	15564.206	
113	0.5033213636456735	15692.078	
114	0.5063609867463807	15834.057	
115	0.5093820076606477	15977.299	
116	0.5123845402319771	16105.3	
117	0.5153686976071608	16260.08	
118	0.5183345922405433	16388.274	
119	0.5212823358982609	16519.423	
120	0.5242120396624514	16649.986	
121	0.5271238139354417	16793.882	
122	0.5300177684439074	16941.994	
123	0.5328940122430079	17070.788	
124	0.5357526537204963	17208.899	
125	0.5385938006008033	17368.875	
126	0.5414175599490971	17498.16	
127	0.5442240381753178	17632.143	
128	0.5470133410381877	17771.452	
129	0.5497855736491959	17898.117	
130	0.5525408404765602	18025.94	
131	0.5552792453491631	18162.822	
132	0.5580008914604654	18286.25	
133	0.5607058813723937	18413.805	
134	0.5633943170192066	18543.245	
135	0.5660662997113346	18684.03	
136	0.5687219301391991	18813.081	
137	0.5713613083770063	18949.197	
138	0.573984533886518	19075.752	
139	0.5765917055208005	19227.416	
140	0.5791829215279491	19356.782	
141	0.5817582795547906	19488.54	
142	0.5843178766505632	19613.557	
143	0.5868618092705735	19752.56	
144	0.5893901732798315	19879.011	
145	0.5919030639566627	20036.854	
146	0.5944005759962993	20159.446	
147	0.5968828035144478	20287.036	
148	0.5993498400508366	20411.781	
149	0.6018017785727398	20552.27	
150	0.6042387114784816	20677.81	
151	0.6066607306009177	20810.817	
152	0.6090679272108961	20945.676	
153	0.611460392020696	21073.747	
154	0.6138382151874471	21207.286	
155	0.6162014863165263	21331.179	
156	0.6185502944649346	21455.684	
157	0.6208847281446535	21580.381	
158	0.6232048753259798	21721.681	
159	0.6255108234408409	21849.952	
160	0.6278026593860897	21973.846	
161	0.6300804695267795	22111.611	
162	0.6323443396994177	22233.991	
163	0.6345943552152014	22372.705	
164	0.6368306008632311	22498.149	
165	0.6390531609137072	22636.594	
166	0.641262119121105	22762.467	
167	0.6434575587273302	22904.049	
168	0.6456395624648572	23046.32	
169	0.6478082125598458	23185.75	
170	0.6499635907352397	23311.479	
171	0.6521057782138465	23452.17	
172	0.6542348557213988	23590.891	
173	0.6563509034895958	23730.817	
174	0.6584540012591262	23873.237	
175	0.6605442282826743	24008.064	
176	0.6626216633279062	24134.137	
177	0.6646863846804371	24270.917	
178	0.6667384701467826	24397.552	
179	0.6687779970572902	24534.215	
180	0.6708050422690536	24671.146	
181	0.6728196821688086	24797.372	
182	0.6748219926758121	24921.854	
183	0.6768120492447027	25061.694	
184	0.6787899268683444	25184.984	
185	0.6807557000806521	25325.059	
186	0.682709442959401	25466.068	
187	0.6846512291290177	25605.435	
188	0.6865811317633546	25728.822	
189	0.6884992235884477	25886.196	
190	0.6904055768852569	26029.328	
191	0.6923002634923902	26154.365	
192	0.69418335480881	26292.508	
193	0.6960549217965248	26417.629	
194	0.6979150349832625	26554.481	
195	0.6997637644651284	26678.891	
196	0.701601179909247	26835.15	
197	0.7034273505563867	26973.374	
198	0.7052423452235697	27113.158	
199	0.7070462323066644	27235.926	
200	0.7088390797829642	27391.949	
201	0.7106209552137479	27515.664	
202	0.712391925746826	27651.211	
203	0.7141520581190712	27783.884	
204	0.7159014186589336	27936.084	
205	0.7176400732889395	28077.359	
206	0.7193680875281763	28214.661	
207	0.7210855264947609	28337.442	
208	0.722792454908294	28474.884	
209	0.7244889370922993	28598.256	
210	0.7261750369766463	28737.848	
211	0.7278508180999608	28862.421	
212	0.729516343612018	29003.246	
213	0.7311716762761236	29127.253	
214	0.7328168784714775	29267.548	
215	0.7344520121955256	29392.038	
216	0.7360771390662955	29532.152	
217	0.737692320324719	29656.83	
218	0.7392976168369392	29785.45	
219	0.7408930890966048	29919.984	
220	0.7424787972271494	30062.652	
221	0.7440548009840573	30203.257	
222	0.7456211597571152	30342.941	
223	0.7471779325726502	30465.214	
224	0.7487251780957545	30594.234	
225	0.7502629546324955	30736.669	
226	0.7517913201321139	30893.715	
227	0.7533103321892064	31018.779	
228	0.7548200480458969	31156.237	
229	0.7563205245939929	31276.644	
230	0.7578118183771302	31409.322	
231	0.7592939855929031	31534.735	
232	0.7607670820949822	31673.813	
233	0.7622311633952195	31796.354	
234	0.7636862846657397	31933.135	
235	0.7651325007410201	32057.552	
236	0.7665698661199564	32196.941	
237	0.7679984349679162	32322.797	
238	0.7694182611187811	32463.775	
239	0.7708293980769743	32588.513	
240	0.7722318990194776	32738.647	
241	0.7736258167978352	32877.305	
242	0.7750112039401446	33001.956	
243	0.7763881126530371	33140.458	
244	0.7777565948236447	33266.814	
245	0.7791167020215551	33406.879	
246	0.7804684855007559	33532.414	
247	0.7818119962015646	33672.763	
248	0.78314728475255	33799.844	
249	0.7844744014724385	33946.187	
250	0.7857933963720113	34093.962	
251	0.7871043191559887	34225.734	
252	0.7884072192249029	34365.002	
253	0.78970214567696	34498.52	
254	0.79098914730989	34621.653	
255	0.7922682726227859	34753.918	
256	0.7935395698179306	34879.358	
257	0.7948030868026147	35001.614	
258	0.7960588711909402	35138.361	
259	0.7973069703056163	35261.208	
260	0.7985474311797415	35400.625	
261	0.7997803005585766	35524.651	
262	0.8010056249013066	35649.641	
263	0.8022234503827901	35787.081	
264	0.803433822895301	35913.699	
265	0.8046367880502566	36056.639	
266	0.8058323911799374	36196.545	
267	0.8070206773391946	36321.323	
268	0.8082016913071481	36461.622	
269	0.8093754775888748	36587.066	
270	0.8105420804170842	36727.958	
271	0.8117015437537866	36853.43	
272	0.8128539112919491	37011.344	
273	0.8139992264571421	37145.156	
274	0.8151375324091761	37305.73	
275	0.816268872043728	37443.285	
276	0.8173932879939572	37588.686	
277	0.8185108226321126	37731.686	
278	0.8196215180711294	37871.928	
279	0.8207254161662154	37992.264	
280	0.8218225585164294	38116.683	
281	0.8229129864662477	38251.603	
282	0.8239967411071227	38374.022	
283	0.8250738632790312	38510.861	
284	0.8261443935720137	38633.858	
285	0.8272083723277035	38773.134	
286	0.8282658396408473	38894.77	
287	0.8293168353608159	39035.083	
288	0.8303613990931061	39168.999	
289	0.8313995702008331	39308.934	
290	0.8324313878062135	39429.441	
291	0.8334568907920402	39566.132	
292	0.8344761178031472	39688.91	
293	0.8354891072478661	39841.707	
294	0.8364958972994733	39965.395	
295	0.8374965258976286	40123.909	
296	0.838491030749805	40247.14	
297	0.8394794493327097	40389.14	
298	0.8404618188936956	40524.355	
299	0.8414381764521666	40650.171	
300	0.8424085588009705	40803.625	
301	0.8433730025077875	40947.737	
302	0.8443315439165066	41084.507	
303	0.8452842191485962	41225.006	
304	0.846231064104465	41358.567	
305	0.8471721144648147	41502.527	
306	0.8481074056919847	41643.767	
307	0.8490369730312887	41782.597	
308	0.8499608515123422	41904.468	
309	0.8508790759503835	42045.307	
310	0.8517916809475847	42180.237	
311	0.8526987008943563	42303.726	
312	0.8536001699706431	42441.371	
313	0.8544961221472118	42563.785	
314	0.8553865911869317	42700.438	
315	0.8562716106460466	42823.859	
316	0.8571512138754396	42976.708	
317	0.8580254340218895	43102.329	
318	0.8588943040293203	43240.511	
319	0.8597578566400428	43382.138	
320	0.8606161243959878	43522.478	
321	0.8614691396399328	43646.834	
322	0.862316934516721	43785.708	
323	0.8631595409744721	43929.661	
324	0.8639969907657867	44069.664	
325	0.8648293154489428	44220.206	
326	0.8656565463890848	44357.55	
327	0.8664787147594055	44481.368	
328	0.867295851542321	44623.099	
329	0.8681079875306381	44748.154	
330	0.8689151533287149	44889.566	
331	0.8697173793536138	45029.283	
332	0.8705146958362477	45173.59	
333	0.8713071328225196	45315.695	
334	0.8720947201744544	45459.165	
335	0.8728774875713248	45597.093	
336	0.8736554645107688	45717.416	
337	0.8744286803099022	45848.348	
338	0.8751971641064229	45984.332	
339	0.8759609448597092	46107.617	
340	0.8767200513519107	46247.069	
341	0.877474512189033	46369.872	
342	0.8782243558020166	46508.339	
343	0.8789696104478066	46647.515	
344	0.879710304210419	46787.005	
345	0.8804464650019981	46910.978	
346	0.8811781205638691	47059.019	
347	0.8819052984675828	47185.743	
348	0.882628026115955	47325.006	
349	0.883346330744099	47451.495	
350	0.884060239420452	47609.506	
351	0.8847697790477949	47752.845	
352	0.8854749763642666	47911.039	
353	0.8861758579443713	48036.981	
354	0.8868724501999795	48177.452	
355	0.8875647793813242	48315.209	
356	0.8882528715779892	48460.027	
357	0.888936752719893	48596.274	
358	0.8896164485782656	48735.03	
359	0.8902919847666195	48863.937	
360	0.8909633867417153	48991.071	
361	0.8916306798045204	49132.534	
362	0.8922938891011634	49277.264	
363	0.8929530396238806	49417.101	
364	0.8936081562119588	49539.007	
365	0.8942592635526704	49680.266	
366	0.8949063861822046	49812.044	
367	0.8955495484865915	49934.733	
368	0.896188774702621	50072.85	
369	0.8968240889187564	50194.485	
370	0.897455515076042	50331.561	
371	0.8980830769690055	50454.296	
372	0.898706798246554	50591.208	
373	0.8993267024128664	50716.034	
374	0.8999428128282778	50873.412	
375	0.9005551527101606	51017.044	
376	0.9011637451337995	51157.292	
377	0.9017686130332603	51299.754	
378	0.9023697792022549	51440.834	
379	0.9029672662950001	51565.16	
380	0.903561096827071	51706.559	
381	0.9041512931762495	51850.941	
382	0.9047378775833681	51993.17	
383	0.9053208721531475	52138.31	
384	0.9059002988550297	52280.002	
385	0.9064761795240058	52425.915	
386	0.9070485358614393	52585.395	
387	0.9076173894358833	52711.622	
388	0.9081827616838937	52854.683	
389	0.9087446739108365	52996.803	
390	0.9093031472916914	53140.347	
391	0.9098582028718492	53285.619	
392	0.9104098615679049	53407.697	
393	0.9109581441684464	53545.631	
394	0.9115030713348373	53664.309	
395	0.9120446636019957	53802.463	
396	0.9125829413791682	53940.326	
397	0.9131179249506987	54064.332	
398	0.9136496344767933	54201.052	
399	0.9141780899942792	54326.235	
400	0.9147033114173607	54460.322	
401	0.915225318538369	54587.117	
402	0.915744131028508	54725.514	
403	0.9162597684385964	54850.779	
404	0.916772250199803	54990.648	
405	0.9172815956243807	55117.888	
406	0.9177878239063929	55255.88	
407	0.9182909541224372	55381.706	
408	0.9187910052323646	55538.402	
409	0.9192879960799936	55664.143	
410	0.9197819453938203	55805.1	
411	0.9202728717877247	55929.142	
412	0.9207607937616712	56066.801	
413	0.9212457297024067	56212.406	
414	0.921727697884153	56372.041	
415	0.9222067164692953	56497.55	
416	0.9226828035090671	56624.24	
417	0.9231559769442299	56761.921	
418	0.9236262546057498	56901.231	
419	0.924093654215469	57043.077	
420	0.924558193386774	57182.142	
421	0.925019889625259	57304.296	
422	0.9254787603293858	57443.557	
423	0.9259348227911394	57581.166	
424	0.9263880941966793	57702.657	
425	0.9268385916269881	57839.042	
426	0.9272863320585139	57977.633	
427	0.9277313323638107	58116.068	
428	0.9281736093121745	58242.219	
429	0.9286131795702748	58379.346	
430	0.9290500597027824	58504.449	
431	0.9294842661729946	58644.373	
432	0.9299158153434546	58786.802	
433	0.9303447234765685	58943.595	
434	0.9307710067352181	59068.092	
435	0.9311946811833702	59209.741	
436	0.9316157627866815	59336.257	
437	0.9320342674131007	59465.763	
438	0.932450210833466	59590.132	
439	0.9328636087221001	59730.726	
440	0.9332744766573999	59864.819	
441	0.9336828301224245	60007.077	
442	0.9340886845054779	60148.881	
443	0.9344920551006896	60274.847	
444	0.9348929571085902	60413.7	
445	0.9352914056366849	60550.756	
446	0.9356874157000223	60691.653	
447	0.9360810022217606	60835.802	
448	0.9364721800337295	60977.088	
449	0.9368609638769897	61122.498	
450	0.9372473684023878	61243.554	
451	0.937631408171109	61367.702	
452	0.9380130976552253	61509.662	
453	0.9383924512382412	61635.786	
454	0.9387694832156356	61772.42	
455	0.9391442077954003	61911.182	
456	0.939516639098576	62049.265	
457	0.9398867911597837	62173.606	
458	0.9402546779277541	62313.64	
459	0.9406203132658532	62439.811	
460	0.9409837109526042	62581.572	
461	0.9413448846822078	62708.325	
462	0.9417038480650569	62849.677	
463	0.9420606146282504	62999.592	
464	0.942415197816103	63127.669	
465	0.942767610990651	63264.24	
466	0.943117867432157	63405.424	
467	0.9434659803396092	63543.812	
468	0.9438119628312196	63698.711	
469	0.9441558279449183	63823.942	
470	0.9444975886388438	63964.627	
471	0.9448372577918331	64118.416	
472	0.9451748482039053	64260.354	
473	0.9455103725967449	64401.227	
474	0.9458438436141811	64530.733	
475	0.9461752738226638	64672.945	
476	0.9465046757117379	64802.795	
477	0.9468320616945134	64959.724	
478	0.9471574441081331	65097.125	
479	0.9474808352142381	65218.925	
480	0.9478022471994292	65344.276	
481	0.9481216921757266	65472.119	
482	0.9484391821810261	65594.481	
483	0.9487547291795527	65731.982	
484	0.9490683450623117	65855.971	
485	0.9493800416475368	65995.919	
486	0.9496898306811348	66119.953	
487	0.9499977238371291	66260.571	
488	0.9503037327180994	66385.523	
489	0.9506078688556183	66514.852	
490	0.9509101437106868	66653.883	
491	0.9512105686741655	66794.542	
492	0.9515091550672041	66918.486	
493	0.9518059141416682	67043.842	
494	0.9521008570805627	67180.209	
495	0.9523939949984539	67307.258	
496	0.9526853389418883	67446.521	
497	0.9529748998898083	67604.303	
498	0.9532626887539665	67760.478	
499	0.9535487163793364	67907.097	
