0	0.09375	0.09375	0.09342285392478362	0.09342285392478362	[734, 19, 132, 241]	{3 1 2 4 }15485
1	0.1787109375	0.24479166666666663	0.09342285392478362	0.18487383348289899	[1580, 438, 2729, 301]	{3 1 4 4 }15823
2	0.255706787109375	0.31559244791666663	0.09342285392478362	0.18487383348289899	[1580, 438, 2729, 301]	{4 4 4 3 }14207
3	0.3254842758178711	0.40114339192708326	0.09342285392478362	0.10967630417876868	[734, 10, 232, 2047]	{2 3 3 3 }13132
4	0.3887201249599457	0.4572861989339192	0.09342285392478362	0.29698951933247447	[734, 19, 132, 1031]	{3 1 2 2 }12774
5	0.44602761324495077	0.5081656177838643	0.09342285392478362	0.18409958454888178	[846, 10, 734, 19]	{3 4 3 1 }12339
6	0.49796252450323664	0.554275091116627	0.09342285392478362	0.1658702990684433	[1549, 162, 107, 10]	{4 4 4 1 }12414
7	0.5450285378310582	0.5960618013244432	0.09342285392478362	0.11096716357569314	[241, 132, 19, 1987]	{4 2 4 3 }12276
8	0.5876821124093965	0.6339310074502766	0.09342285392478362	0.09442435626187316	[10, 734, 19, 132]	{2 1 3 1 }12195
9	0.6263369143710156	0.6796896315189921	0.09342285392478362	0.31855967673057284	[421, 438, 1580, 301]	{2 4 2 2 }12220
10	0.6613678286487329	0.719728427579118	0.09342285392478362	0.10967630417876868	[734, 10, 232, 2047]	{3 3 3 4 }12462
11	0.6931145947129143	0.7547623741317283	0.09342285392478362	0.1331556974924919	[1791, 420, 158, 10]	{3 4 3 4 }12280
12	0.7218851014585785	0.7956353117764403	0.09342285392478362	0.15171927858035095	[1580, 438, 2627, 301]	{4 2 2 2 }12634
13	0.7479583731968367	0.8211808978043853	0.09342285392478362	0.10967630417876868	[734, 10, 232, 2047]	{1 4 3 4 }12318
14	0.7715872757096333	0.8379451886352242	0.09342285392478362	0.1658702990684433	[1549, 162, 107, 10]	{4 2 1 1 }12348
15	0.7930009686118552	0.8531378272006719	0.09342285392478362	0.09342285392478362	[734, 19, 132, 241]	{4 2 3 1 }12235
16	0.8124071278044938	0.8776148560005599	0.09342285392478362	0.2159322305028718	[2627, 438, 2729, 301]	{3 2 2 1 }12093
17	0.8299939595728225	0.8890884632505074	0.09342285392478362	0.29698951933247447	[734, 19, 132, 1031]	{2 1 3 1 }12024
18	0.8459320258628704	0.8994864198207724	0.09342285392478362	0.09442435626187316	[10, 734, 19, 132]	{2 4 3 3 }12012
19	0.8603758984382263	0.9089095679625749	0.09342285392478362	0.11096716357569314	[241, 132, 19, 1987]	{4 4 1 2 }12291
20	0.8734656579596425	0.9174492959660835	0.09342285392478362	0.24868901341485986	[1849, 420, 158, 10]	{1 3 3 2 }12316
21	0.8853282525259261	0.9251884244692632	0.09342285392478362	0.16786533017929983	[241, 132, 19, 3308]	{4 3 1 4 }12197
22	0.8960787288516205	0.9322020096752698	0.09342285392478362	0.261243628614468	[320, 232, 10, 1873]	{2 2 2 2 }12285
23	0.905821348021781	0.9406767584658611	0.09342285392478362	0.23406813284548655	[2051, 1849, 420, 1791]	{1 1 3 1 }12212
24	0.9146505966447391	0.9462383123596866	0.09342285392478362	0.15171927858035095	[1580, 438, 2627, 301]	{2 1 1 3 }12504
25	0.9226521032092948	0.9529585233147257	0.09342285392478362	0.10106064337290116	[19, 132, 241, 1031]	{2 2 1 4 }12818
26	0.9299034685334234	0.9573686617539702	0.09342285392478362	0.10106064337290116	[19, 132, 241, 1031]	{1 1 2 3 }12829
27	0.936475018358415	0.9613653497145355	0.09342285392478362	0.09442435626187316	[10, 734, 19, 132]	{2 3 4 2 }12794
28	0.9424304853873136	0.9649873481787978	0.09342285392478362	0.17256017448350755	[241, 132, 19, 400]	{4 1 2 4 }12739
29	0.9478276273822529	0.9682697842870355	0.09342285392478362	0.21860586221537726	[158, 10, 232, 2047]	{2 4 4 4 }12838
30	0.9527187873151667	0.971244492010126	0.09342285392478362	0.10106064337290116	[19, 132, 241, 1031]	{4 4 3 1 }12815
31	0.9571514010043698	0.9739403208841766	0.09342285392478362	0.1331556974924919	[1791, 420, 158, 10]	{4 2 1 4 }12822
32	0.9611684571602102	0.9763834158012851	0.09342285392478362	0.09342285392478362	[734, 19, 132, 241]	{3 4 2 1 }12741
33	0.9648089143014404	0.9785974705699145	0.09342285392478362	0.30988228910964616	[1792, 232, 10, 1873]	{4 4 1 1 }12915
34	0.9681080785856804	0.9806039577039851	0.09342285392478362	0.2491247369771322	[359, 158, 420, 1791]	{1 2 4 2 }12966
35	0.9710979462182728	0.983028462990987	0.09342285392478362	0.10967630417876868	[734, 10, 232, 2047]	{1 1 1 3 }12890
36	0.9738075137603098	0.9851499051171135	0.09342285392478362	0.10967630417876868	[734, 10, 232, 2047]	{3 3 4 4 }12311
37	0.9762630593452808	0.9865421015123842	0.09342285392478362	0.19631517231700574	[158, 10, 734, 19]	{4 1 1 3 }12134
38	0.9784883975316607	0.9878037794955982	0.09342285392478362	0.1658702990684433	[1549, 162, 107, 10]	{4 1 1 1 }12244
39	0.9805051102630675	0.9893283070586484	0.09342285392478362	0.35078055574173583	[3819, 438, 1580, 301]	{1 1 1 2 }12301
40	0.9823327561759049	0.9903287782719001	0.09342285392478362	0.09442435626187316	[10, 734, 19, 132]	{1 2 3 1 }12109
41	0.9839890602844138	0.9912354553089094	0.09342285392478362	0.1658702990684433	[1549, 162, 107, 10]	{4 1 3 1 }12083
42	0.98549008588275	0.9923310233952958	0.09342285392478362	0.31855967673057284	[421, 438, 1580, 301]	{3 3 4 3 }12194
43	0.9868503903312422	0.9930499899519868	0.09342285392478362	0.19631517231700574	[158, 10, 734, 19]	{4 3 4 3 }12299
44	0.9880831662376882	0.993701553393988	0.09342285392478362	0.261243628614468	[320, 232, 10, 1873]	{3 2 4 4 }12288
45	0.989200369402905	0.9942920327633017	0.09342285392478362	0.15171927858035095	[1580, 438, 2627, 301]	{3 1 1 2 }12091
46	0.9902128347713827	0.9952433606360848	0.09342285392478362	0.20639027444725327	[846, 10, 232, 2047]	{2 2 2 4 }12515
47	0.9911303815115655	0.9956892955764518	0.09342285392478362	0.09442435626187316	[10, 734, 19, 132]	{4 3 1 4 }12712
48	0.9919619082448563	0.9960934241161594	0.09342285392478362	0.15171927858035095	[1580, 438, 2627, 301]	{4 3 2 2 }12269
49	0.992715479346901	0.9964596656052694	0.09342285392478362	0.2986019148360745	[432, 422, 19, 132]	{3 3 2 2 }12686
50	0.993398403158129	0.9967915719547754	0.09342285392478362	0.17256017448350755	[241, 132, 19, 400]	{1 4 1 3 }12612
51	0.9940173028620544	0.9971926254604285	0.09342285392478362	0.2679749203014432	[2309, 420, 158, 10]	{1 4 3 3 }12622
52	0.9945781807187368	0.9974558168235134	0.09342285392478362	0.27634519175212857	[734, 19, 132, 1032]	{2 1 3 1 }12844
53	0.9950864762763553	0.997694333996309	0.09342285392478362	0.15171927858035095	[1580, 438, 2627, 301]	{1 1 1 1 }12367
54	0.9955471191254469	0.997910490184155	0.09342285392478362	0.1658702990684433	[1549, 162, 107, 10]	{2 4 1 4 }12149
55	0.9959645767074363	0.9981063817293905	0.09342285392478362	0.16786533017929983	[241, 132, 19, 1460]	{4 2 4 3 }12098
56	0.9963428976411142	0.9983430840132167	0.09342285392478362	0.3085064586858851	[837, 162, 107, 10]	{2 2 3 2 }12132
57	0.9966857509872596	0.9984984198869776	0.09342285392478362	0.09442435626187316	[10, 734, 19, 132]	{4 3 2 2 }12313
58	0.9969964618322041	0.9986861174011054	0.09342285392478362	0.10967630417876868	[734, 10, 232, 2047]	{2 2 3 4 }12073
59	0.9972780435354349	0.9988092938947518	0.09342285392478362	0.15970201954013888	[19, 132, 241, 1126]	{2 3 2 1 }12108
60	0.9975332269539879	0.9989209225921188	0.09342285392478362	0.22391768087519365	[377, 162, 107, 10]	{2 4 4 2 }12900
61	0.9977644869270516	0.9990220860991077	0.09342285392478362	0.1658702990684433	[1549, 162, 107, 10]	{3 1 1 4 }11974
62	0.9979740662776405	0.9991137655273163	0.09342285392478362	0.22809991381131928	[107, 10, 734, 19]	{1 2 2 1 }12054
63	0.9981639975641117	0.9991968500091304	0.09342285392478362	0.09342285392478362	[734, 19, 132, 241]	{2 1 4 3 }12278
64	0.9983361227924762	0.9992721453207745	0.09342285392478362	0.16786533017929983	[241, 132, 19, 3308]	{4 1 4 2 }12774
65	0.9984921112806816	0.9993403816969518	0.09342285392478362	0.09442435626187316	[10, 734, 19, 132]	{3 4 1 4 }13070
66	0.9986334758481177	0.9994503180807932	0.09342285392478362	0.20639027444725327	[846, 10, 232, 2047]	{2 2 3 3 }13027
67	0.9987615874873567	0.9995190283206941	0.09342285392478362	0.10967630417876868	[734, 10, 232, 2047]	{2 2 2 2 }12479
68	0.9988776886604169	0.999564119415629	0.09342285392478362	0.27634519175212857	[734, 19, 132, 1032]	{4 2 3 3 }12834
69	0.9989829053485029	0.9996186044886753	0.09342285392478362	0.1331556974924919	[1791, 420, 158, 10]	{2 3 4 4 }12854
70	0.9990782579720807	0.999666278927591	0.09342285392478362	0.3848513877780665	[3869, 438, 2627, 301]	{2 2 2 4 }12879
71	0.9991646712871981	0.999707994061642	0.09342285392478362	0.21860586221537726	[158, 10, 232, 2047]	{4 3 3 1 }12979
72	0.9992429833540233	0.9997353696183632	0.09342285392478362	0.1331556974924919	[1791, 420, 158, 10]	{4 4 2 4 }12462
73	0.9993139536645836	0.9997601787166416	0.09342285392478362	0.1863095301996846	[10, 734, 19, 1987]	{1 2 1 4 }12375
74	0.9993782705085289	0.9997826619619564	0.09342285392478362	0.09342285392478362	[734, 19, 132, 241]	{2 3 1 4 }12258
75	0.9994365576483544	0.999803037403023	0.09342285392478362	0.09342285392478362	[734, 19, 132, 241]	{2 3 4 1 }12105
76	0.9994893803688211	0.9998215026464896	0.09342285392478362	0.16786533017929983	[241, 132, 19, 3308]	{1 3 1 4 }12143
77	0.9995372509592442	0.9998382367733812	0.09342285392478362	0.1658702990684433	[1549, 162, 107, 10]	{1 3 1 3 }12667
78	0.999580633681815	0.9998534020758767	0.09342285392478362	0.24868901341485986	[1849, 420, 158, 10]	{1 1 2 1 }12658
79	0.9996199492741449	0.9998717268163921	0.09342285392478362	0.10106064337290116	[19, 132, 241, 1031]	{3 3 4 2 }12703
80	0.9996555790296938	0.9998877609643431	0.09342285392478362	0.261243628614468	[320, 232, 10, 1873]	{3 4 3 3 }12619
81	0.9996878684956599	0.9998982833739359	0.09342285392478362	0.17256017448350755	[241, 132, 19, 400]	{3 1 4 3 }12878
82	0.9997171308241919	0.9999078193076294	0.09342285392478362	0.10106064337290116	[19, 132, 241, 1031]	{4 4 1 2 }12670
83	0.9997436498094239	0.9999164612475392	0.09342285392478362	0.2639011924364392	[1579, 1580, 438, 3366]	{4 4 3 4 }12711
84	0.9997676826397903	0.9999242930055824	0.09342285392478362	0.09442435626187316	[10, 734, 19, 132]	{1 3 2 1 }12691
85	0.99978946239231	0.9999313905363091	0.09342285392478362	0.15171927858035095	[1580, 438, 2627, 301]	{3 4 1 4 }12729
86	0.999809200293031	0.99993782267353	0.09342285392478362	0.27336962590975883	[394, 193, 232, 10]	{2 2 2 1 }12721
87	0.9998270877655593	0.9999436517978866	0.09342285392478362	0.15970201954013888	[19, 132, 241, 1126]	{3 4 1 3 }12628
88	0.9998432982875382	0.9999489344418347	0.09342285392478362	0.10106064337290116	[19, 132, 241, 1031]	{3 1 2 3 }12628
89	0.9998579890730814	0.9999553176366054	0.09342285392478362	0.10967630417876868	[734, 10, 232, 2047]	{4 1 2 2 }12096
90	0.99987130259748	0.9999595066081737	0.09342285392478362	0.09442435626187316	[10, 734, 19, 132]	{3 1 2 1 }11999
91	0.9998833679789663	0.9999633028636574	0.09342285392478362	0.15171927858035095	[1580, 438, 2627, 301]	{2 1 3 2 }12071
92	0.9998943022309382	0.9999667432201895	0.09342285392478362	0.22391768087519365	[377, 162, 107, 10]	{1 4 4 2 }12075
93	0.9999042113967878	0.9999698610432968	0.09342285392478362	0.18487383348289899	[1580, 438, 2729, 301]	{4 3 1 1 }12114
94	0.9999131915783389	0.9999726865704877	0.09342285392478362	0.09442435626187316	[10, 734, 19, 132]	{4 2 3 4 }12200
95	0.9999213298678696	0.9999752472045045	0.09342285392478362	0.09442435626187316	[10, 734, 19, 132]	{4 1 2 2 }12208
96	0.9999287051927569	0.9999775677790822	0.09342285392478362	0.34274742368807926	[241, 132, 1032, 370]	{1 2 2 3 }12281
97	0.9999353890809359	0.9999813064825684	0.09342285392478362	0.20639027444725327	[846, 10, 232, 2047]	{4 4 4 2 }12317
98	0.9999414463545981	0.9999836431722474	0.09342285392478362	0.10967630417876868	[734, 10, 232, 2047]	{1 1 1 3 }12338
99	0.9999469357588546	0.9999851766248492	0.09342285392478362	0.09442435626187316	[10, 734, 19, 132]	{1 2 4 1 }12375
100	0.9999519105314619	0.9999865663162696	0.09342285392478362	0.34274742368807926	[241, 132, 1032, 370]	{1 3 1 3 }12343
101	0.9999564189191374	0.9999878257241194	0.09342285392478362	0.10106064337290116	[19, 132, 241, 1031]	{1 4 3 1 }12319
102	0.9999605046454683	0.9999893475086044	0.09342285392478362	0.2821439004759725	[2636, 162, 107, 10]	{1 3 3 2 }12225
103	0.9999642073349556	0.999991122923837	0.09342285392478362	0.2820276886528734	[1820, 10, 232, 2047]	{1 1 1 3 }12833
104	0.9999675628973035	0.9999919551497273	0.09342285392478362	0.15171927858035095	[1580, 438, 2627, 301]	{3 2 2 3 }12193
105	0.9999706038756814	0.9999929607560114	0.09342285392478362	0.18409958454888178	[846, 10, 734, 19]	{4 1 4 1 }12153
106	0.9999733597623361	0.9999936206851353	0.09342285392478362	0.09342285392478362	[734, 19, 132, 241]	{1 4 3 2 }12073
107	0.9999758572846171	0.9999942187459039	0.09342285392478362	0.10106064337290116	[19, 132, 241, 1031]	{2 3 4 2 }12062
108	0.9999781206641843	0.9999949414026659	0.09342285392478362	0.10967630417876868	[734, 10, 232, 2047]	{1 4 1 1 }12112
109	0.999980171851917	0.9999955737273326	0.09342285392478362	0.4279643934003865	[1265, 193, 394, 432]	{2 2 2 4 }12114
110	0.9999820307407998	0.9999959886903952	0.09342285392478362	0.09442435626187316	[10, 734, 19, 132]	{4 2 3 4 }12056
111	0.9999837153588499	0.9999963647506707	0.09342285392478362	0.15970201954013888	[19, 132, 241, 1126]	{2 2 1 3 }12372
112	0.9999852420439577	0.9999967055552953	0.09342285392478362	0.1658702990684433	[1549, 162, 107, 10]	{2 3 1 3 }12569
113	0.9999866256023366	0.9999970144094864	0.09342285392478362	0.1658702990684433	[1549, 162, 107, 10]	{2 1 4 4 }12844
114	0.9999878794521175	0.999997294308597	0.09342285392478362	0.10106064337290116	[19, 132, 241, 1031]	{1 4 2 1 }12567
115	0.9999890157534815	0.999997547967166	0.09342285392478362	0.1658702990684433	[1549, 162, 107, 10]	{2 4 4 4 }12450
116	0.9999900455265927	0.9999977778452442	0.09342285392478362	0.22809991381131928	[107, 10, 734, 19]	{1 4 3 4 }11983
117	0.9999909787584746	0.9999979861722526	0.09342285392478362	0.1658702990684433	[1549, 162, 107, 10]	{2 2 4 4 }12021
118	0.9999918244998676	0.999998237900721	0.09342285392478362	0.36228159185659914	[1715, 132, 19, 1987]	{4 4 2 2 }12206
119	0.999992590953005	0.9999984030975284	0.09342285392478362	0.09442435626187316	[10, 734, 19, 132]	{3 1 4 1 }12093
120	0.9999932855511607	0.9999986027103374	0.09342285392478362	0.1331556974924919	[1791, 420, 158, 10]	{1 2 4 2 }12046
121	0.9999939150307394	0.9999987337062433	0.09342285392478362	0.16786533017929983	[241, 132, 19, 3308]	{3 3 2 1 }12070
122	0.9999944854966076	0.999998852421283	0.09342285392478362	0.09342285392478362	[734, 19, 132, 241]	{2 3 4 1 }12190
123	0.9999950024813007	0.9999989600067877	0.09342285392478362	0.09442435626187316	[10, 734, 19, 132]	{2 4 1 4 }12209
124	0.9999954709986787	0.9999990575061514	0.09342285392478362	0.15171927858035095	[1580, 438, 2627, 301]	{1 2 2 1 }12172
125	0.9999958955925526	0.9999991458649496	0.09342285392478362	0.10106064337290116	[19, 132, 241, 1031]	{4 3 2 4 }12190
126	0.9999962803807508	0.9999992526318309	0.09342285392478362	0.09342285392478362	[734, 19, 132, 241]	{1 4 2 3 }12071
127	0.9999966290950554	0.9999993226975967	0.09342285392478362	0.11096716357569314	[241, 132, 19, 1987]	{2 4 3 2 }12202
128	0.999996945117394	0.9999993861946971	0.09342285392478362	0.18487383348289899	[1580, 438, 2729, 301]	{3 4 3 4 }12539
129	0.9999972315126383	0.9999994629203599	0.09342285392478362	0.10967630417876868	[734, 10, 232, 2047]	{2 3 3 2 }12849
130	0.9999974910583285	0.9999995132715762	0.09342285392478362	0.15970201954013888	[19, 132, 241, 1126]	{1 3 4 1 }12702
131	0.9999977262716101	0.9999995589023659	0.09342285392478362	0.21860586221537726	[158, 10, 232, 2047]	{1 1 1 3 }12656
132	0.9999979394336467	0.9999996002552691	0.09342285392478362	0.1331556974924919	[1791, 420, 158, 10]	{1 4 1 4 }12747
133	0.9999981326117423	0.9999996377313376	0.09342285392478362	0.15970201954013888	[19, 132, 241, 1126]	{2 1 2 3 }12886
134	0.9999983076793915	0.9999996830149205	0.09342285392478362	0.10967630417876868	[734, 10, 232, 2047]	{1 2 2 3 }12820
135	0.9999984663344486	0.9999997127322716	0.09342285392478362	0.23406813284548655	[2051, 1849, 420, 1791]	{1 1 1 1 }12749
136	0.999998610115594	0.9999997396636212	0.09342285392478362	0.09442435626187316	[10, 734, 19, 132]	{4 2 3 2 }12555
137	0.999998740417257	0.9999997722056685	0.09342285392478362	0.2679749203014432	[2309, 420, 158, 10]	{2 3 1 3 }12551
138	0.9999988585031392	0.9999997935613871	0.09342285392478362	0.10106064337290116	[19, 132, 241, 1031]	{3 4 2 3 }12884
139	0.9999989655184699	0.9999998129150071	0.09342285392478362	0.15970201954013888	[19, 132, 241, 1126]	{4 4 1 2 }12864
140	0.9999990625011134	0.9999998363006312	0.09342285392478362	0.10967630417876868	[734, 10, 232, 2047]	{3 3 1 4 }12610
141	0.999999150391634	0.999999851647447	0.09342285392478362	0.18487383348289899	[1580, 438, 2729, 301]	{1 2 2 3 }12479
142	0.9999992300424183	0.9999998701915161	0.09342285392478362	0.10967630417876868	[734, 10, 232, 2047]	{4 3 3 1 }11944
143	0.9999993022259416	0.9999998823610615	0.09342285392478362	0.19631517231700574	[158, 10, 734, 19]	{2 4 2 2 }12554
144	0.9999993676422595	0.999999893389712	0.09342285392478362	0.2351386557927953	[734, 19, 132, 217]	{3 4 1 4 }12135
145	0.9999994269257977	0.9999999033844265	0.09342285392478362	0.18487383348289899	[1580, 438, 2729, 301]	{3 4 4 4 }12118
146	0.9999994806515041	0.9999999124421365	0.09342285392478362	0.23406813284548655	[2051, 1849, 420, 1791]	{2 1 2 4 }12065
147	0.9999995293404257	0.9999999206506862	0.09342285392478362	0.17256017448350755	[241, 132, 19, 400]	{3 3 1 2 }12139
148	0.9999995734647608	0.9999999280896844	0.09342285392478362	0.1331556974924919	[1791, 420, 158, 10]	{3 1 1 2 }12390
149	0.9999996134524395	0.9999999348312765	0.09342285392478362	0.1658702990684433	[1549, 162, 107, 10]	{1 2 4 2 }12021
150	0.9999996496912732	0.9999999409408443	0.09342285392478362	0.15970201954013888	[19, 132, 241, 1126]	{3 2 4 3 }12075
151	0.9999996825327164	0.9999999464776401	0.09342285392478362	0.39644414462666133	[1549, 162, 10, 1873]	{2 2 2 1 }12065
152	0.9999997122952742	0.9999999553980334	0.09342285392478362	0.3802916150617742	[1792, 496, 2728, 301]	{1 2 2 2 }12547
153	0.9999997392675922	0.9999999628316946	0.09342285392478362	0.18487383348289899	[1580, 438, 2729, 301]	{2 3 1 1 }12028
154	0.9999997637112554	0.9999999663162232	0.09342285392478362	0.09442435626187316	[10, 734, 19, 132]	{2 3 1 3 }12119
155	0.9999997858633253	0.9999999705266953	0.09342285392478362	0.1331556974924919	[1791, 420, 158, 10]	{1 1 3 1 }12002
156	0.9999998059386386	0.9999999732898176	0.09342285392478362	0.19631517231700574	[158, 10, 734, 19]	{2 3 4 3 }12585
157	0.9999998241318911	0.9999999757938972	0.09342285392478362	0.2821439004759725	[2636, 162, 107, 10]	{4 4 3 3 }12104
158	0.9999998406195264	0.9999999780632194	0.09342285392478362	0.3037393594195932	[1549, 162, 420, 1791]	{2 2 2 1 }12187
159	0.9999998555614458	0.9999999808053169	0.09342285392478362	0.3085064586858851	[837, 162, 107, 10]	{3 3 3 1 }12131
160	0.9999998691025602	0.9999999826048185	0.09342285392478362	0.15171927858035095	[1580, 438, 2627, 301]	{4 2 3 4 }12752
161	0.9999998813741953	0.9999999842356168	0.09342285392478362	0.15171927858035095	[1580, 438, 2627, 301]	{3 2 1 2 }12179
162	0.9999998924953644	0.9999999857135277	0.09342285392478362	0.11096716357569314	[241, 132, 19, 1987]	{2 4 2 3 }12226
163	0.999999902573924	0.9999999874993367	0.09342285392478362	0.10967630417876868	[734, 10, 232, 2047]	{3 1 3 3 }12237
164	0.9999999117076186	0.9999999886712739	0.09342285392478362	0.10106064337290116	[19, 132, 241, 1031]	{4 4 3 1 }12059
165	0.9999999199850294	0.9999999897333419	0.09342285392478362	0.1863095301996846	[10, 734, 19, 1987]	{2 3 3 3 }12084
166	0.9999999274864328	0.9999999906958411	0.09342285392478362	0.2821439004759725	[2636, 162, 107, 10]	{1 3 3 4 }12157
167	0.9999999342845798	0.999999991568106	0.09342285392478362	0.3757015268352772	[1019, 1799, 232, 10]	{2 3 3 3 }12213
168	0.9999999404454004	0.999999992358596	0.09342285392478362	0.09342285392478362	[734, 19, 132, 241]	{1 2 4 3 }12719
169	0.9999999460286442	0.9999999930749777	0.09342285392478362	0.09342285392478362	[734, 19, 132, 241]	{1 2 3 4 }12733
170	0.9999999510884587	0.9999999939406055	0.09342285392478362	0.2503906037096908	[107, 10, 232, 2047]	{1 3 1 1 }12335
171	0.9999999556739158	0.9999999945086737	0.09342285392478362	0.09342285392478362	[734, 19, 132, 241]	{3 2 1 4 }12002
172	0.9999999598294862	0.9999999950234856	0.09342285392478362	0.3037393594195932	[1549, 162, 420, 1791]	{4 1 1 2 }12215
173	0.9999999635954718	0.9999999954900338	0.09342285392478362	0.09442435626187316	[10, 734, 19, 132]	{2 1 4 4 }12892
174	0.9999999670083963	0.9999999962416949	0.09342285392478362	0.18487383348289899	[1580, 438, 2729, 301]	{4 4 1 2 }12725
175	0.9999999701013592	0.9999999965940359	0.09342285392478362	0.15171927858035095	[1580, 438, 2627, 301]	{2 2 1 4 }12223
176	0.9999999729043567	0.9999999969133451	0.09342285392478362	0.22809991381131928	[107, 10, 734, 19]	{3 1 1 4 }12473
177	0.9999999754445733	0.9999999972027189	0.09342285392478362	0.2491247369771322	[359, 158, 420, 1791]	{1 1 2 2 }11934
178	0.9999999777466445	0.999999997464964	0.09342285392478362	0.09442435626187316	[10, 734, 19, 132]	{2 4 3 3 }12487
179	0.9999999798328967	0.9999999977026237	0.09342285392478362	0.09342285392478362	[734, 19, 132, 241]	{3 2 1 4 }12244
180	0.9999999817235625	0.9999999979180028	0.09342285392478362	0.09342285392478362	[734, 19, 132, 241]	{2 4 1 3 }12355
181	0.9999999834369786	0.9999999981782524	0.09342285392478362	0.23406813284548655	[2051, 1849, 420, 1791]	{2 1 1 2 }12432
182	0.9999999849897618	0.9999999983490412	0.09342285392478362	0.09342285392478362	[734, 19, 132, 241]	{4 2 3 1 }12302
183	0.9999999863969716	0.9999999985038186	0.09342285392478362	0.09342285392478362	[734, 19, 132, 241]	{4 2 3 1 }12213
184	0.9999999876722556	0.9999999986908413	0.09342285392478362	0.261243628614468	[320, 232, 10, 1873]	{2 1 2 2 }12409
185	0.9999999888279816	0.9999999988135749	0.09342285392478362	0.09342285392478362	[734, 19, 132, 241]	{4 3 1 2 }12276
186	0.9999999898753583	0.9999999990113124	0.09342285392478362	0.20639027444725327	[846, 10, 232, 2047]	{3 1 1 3 }12034
187	0.9999999908245435	0.9999999991040018	0.09342285392478362	0.3741107101760138	[2238, 1549, 162, 10]	{4 2 4 4 }12132
188	0.9999999916847425	0.9999999991880018	0.09342285392478362	0.09342285392478362	[734, 19, 132, 241]	{4 1 3 2 }12579
189	0.9999999924642979	0.9999999992895015	0.09342285392478362	0.18409958454888178	[846, 10, 734, 19]	{4 1 4 4 }12664
190	0.99999999317077	0.9999999993561107	0.09342285392478362	0.22391768087519365	[377, 162, 107, 10]	{1 1 1 3 }12543
191	0.9999999938110103	0.9999999994164753	0.09342285392478362	0.09342285392478362	[734, 19, 132, 241]	{3 1 2 4 }12216
192	0.9999999943912281	0.9999999994711808	0.09342285392478362	0.19631517231700574	[158, 10, 734, 19]	{3 1 1 4 }12155
193	0.9999999949170505	0.9999999995207576	0.09342285392478362	0.09442435626187316	[10, 734, 19, 132]	{4 2 1 4 }12108
194	0.999999995393577	0.9999999995656865	0.09342285392478362	0.09342285392478362	[734, 19, 132, 241]	{3 4 2 1 }12019
195	0.9999999958254291	0.9999999996064034	0.09342285392478362	0.15970201954013888	[19, 132, 241, 1126]	{2 3 4 2 }12316
196	0.9999999962167951	0.9999999996433031	0.09342285392478362	0.15970201954013888	[19, 132, 241, 1126]	{1 1 3 2 }12255
197	0.9999999965714707	0.9999999996767435	0.09342285392478362	0.1863095301996846	[10, 734, 19, 1987]	{1 4 1 4 }12094
198	0.9999999968928952	0.9999999997171505	0.09342285392478362	0.10967630417876868	[734, 10, 232, 2047]	{3 1 3 3 }12045
199	0.9999999971841863	0.9999999997525068	0.09342285392478362	0.30988228910964616	[1792, 232, 10, 1873]	{1 4 1 3 }12045
200	0.9999999974481688	0.9999999997757092	0.09342285392478362	0.3617867412263435	[377, 162, 420, 1791]	{1 4 4 4 }12065
201	0.999999997687403	0.9999999997967365	0.09342285392478362	0.16786533017929983	[241, 132, 19, 3308]	{1 2 3 1 }12394
202	0.999999997904209	0.9999999998157925	0.09342285392478362	0.09442435626187316	[10, 734, 19, 132]	{2 1 3 2 }12369
203	0.9999999981006894	0.9999999998330619	0.09342285392478362	0.3583238454871481	[734, 19, 241, 1031]	{1 4 4 2 }12139
204	0.9999999982787497	0.9999999998487124	0.09342285392478362	0.19631517231700574	[158, 10, 734, 19]	{1 4 4 1 }12265
205	0.999999998440117	0.999999999873927	0.09342285392478362	0.09442435626187316	[10, 734, 19, 132]	{4 2 1 2 }12576
206	0.999999998586356	0.9999999998857463	0.09342285392478362	0.09342285392478362	[734, 19, 132, 241]	{3 2 1 4 }12415
207	0.9999999987188851	0.9999999998964576	0.09342285392478362	0.10106064337290116	[19, 132, 241, 1031]	{4 3 2 4 }12613
208	0.9999999988389896	0.9999999999061647	0.09342285392478362	0.24790254110749904	[10, 734, 19, 400]	{1 4 1 1 }12648
209	0.9999999989478344	0.9999999999149617	0.09342285392478362	0.09442435626187316	[10, 734, 19, 132]	{1 3 4 3 }12533
210	0.9999999990464749	0.9999999999255915	0.09342285392478362	0.10967630417876868	[734, 10, 232, 2047]	{2 4 2 2 }12382
211	0.9999999991358679	0.9999999999325673	0.09342285392478362	0.18409958454888178	[846, 10, 734, 19]	{1 2 2 2 }12326
212	0.9999999992168802	0.9999999999409964	0.09342285392478362	0.10967630417876868	[734, 10, 232, 2047]	{3 2 4 4 }12055
213	0.9999999992902977	0.999999999946528	0.09342285392478362	0.15970201954013888	[19, 132, 241, 1126]	{4 4 2 3 }12008
214	0.9999999993568324	0.999999999951541	0.09342285392478362	0.09442435626187316	[10, 734, 19, 132]	{1 4 3 1 }12016
215	0.9999999994171292	0.9999999999575984	0.09342285392478362	0.10967630417876868	[734, 10, 232, 2047]	{3 3 4 1 }12031
216	0.9999999994717734	0.9999999999615735	0.09342285392478362	0.09342285392478362	[734, 19, 132, 241]	{1 2 4 3 }12028
217	0.9999999995212947	0.9999999999663768	0.09342285392478362	0.4137122222587415	[1743, 1742, 400, 19]	{2 2 1 3 }12042
218	0.9999999995661732	0.999999999969529	0.09342285392478362	0.1863095301996846	[10, 734, 19, 1987]	{1 2 3 3 }12234
219	0.9999999996068445	0.9999999999723856	0.09342285392478362	0.1331556974924919	[1791, 420, 158, 10]	{3 4 2 4 }12751
220	0.9999999996437029	0.9999999999758374	0.09342285392478362	0.10967630417876868	[734, 10, 232, 2047]	{3 3 1 2 }12802
221	0.9999999996771057	0.9999999999781027	0.09342285392478362	0.15171927858035095	[1580, 438, 2627, 301]	{3 4 1 4 }12378
222	0.9999999997073771	0.9999999999801555	0.09342285392478362	0.1658702990684433	[1549, 162, 107, 10]	{4 3 4 3 }12130
223	0.9999999997348105	0.9999999999820159	0.09342285392478362	0.24868901341485986	[1849, 420, 158, 10]	{2 2 2 2 }12169
224	0.999999999759672	0.999999999984264	0.09342285392478362	0.18409958454888178	[846, 10, 734, 19]	{4 1 4 2 }12568
225	0.9999999997822028	0.999999999986231	0.09342285392478362	0.10967630417876868	[734, 10, 232, 2047]	{2 1 2 3 }12849
226	0.9999999998026212	0.9999999999875219	0.09342285392478362	0.16786533017929983	[241, 132, 19, 3308]	{2 3 2 4 }13094
227	0.9999999998211255	0.9999999999886917	0.09342285392478362	0.15171927858035095	[1580, 438, 2627, 301]	{2 1 3 3 }13507
228	0.999999999837895	0.9999999999897519	0.09342285392478362	0.11096716357569314	[241, 132, 19, 1987]	{4 3 2 4 }13151
229	0.9999999998530923	0.9999999999907125	0.09342285392478362	0.22391768087519365	[377, 162, 107, 10]	{3 3 4 4 }13059
230	0.9999999998668649	0.9999999999915833	0.09342285392478362	0.10106064337290116	[19, 132, 241, 1031]	{1 1 2 4 }12134
231	0.9999999998793463	0.9999999999923723	0.09342285392478362	0.10106064337290116	[19, 132, 241, 1031]	{2 2 1 4 }12612
232	0.9999999998906576	0.9999999999930874	0.09342285392478362	0.09342285392478362	[734, 19, 132, 241]	{2 4 1 3 }12697
233	0.9999999999009085	0.9999999999939515	0.09342285392478362	0.37242366662122406	[3869, 438, 1580, 301]	{1 3 1 3 }12842
234	0.9999999999101983	0.9999999999945186	0.09342285392478362	0.15171927858035095	[1580, 438, 2627, 301]	{4 4 2 1 }12716
235	0.9999999999186172	0.9999999999950324	0.09342285392478362	0.203625994058398	[19, 132, 241, 2872]	{1 3 1 2 }12682
236	0.9999999999262469	0.9999999999954982	0.09342285392478362	0.10106064337290116	[19, 132, 241, 1031]	{1 4 1 3 }12821
237	0.9999999999331612	0.9999999999959202	0.09342285392478362	0.1658702990684433	[1549, 162, 107, 10]	{4 4 1 4 }12700
238	0.9999999999394273	0.9999999999963026	0.09342285392478362	0.1331556974924919	[1791, 420, 158, 10]	{3 2 4 2 }12916
239	0.999999999945106	0.9999999999966493	0.09342285392478362	0.23406813284548655	[2051, 1849, 420, 1791]	{3 2 1 1 }12686
240	0.9999999999502523	0.9999999999969634	0.09342285392478362	0.27634519175212857	[734, 19, 132, 1032]	{2 4 1 1 }12302
241	0.9999999999549162	0.999999999997343	0.09342285392478362	0.261243628614468	[320, 232, 10, 1873]	{3 1 2 1 }12253
242	0.9999999999591428	0.9999999999975921	0.09342285392478362	0.1331556974924919	[1791, 420, 158, 10]	{2 3 4 3 }11947
243	0.9999999999629732	0.9999999999978179	0.09342285392478362	0.09342285392478362	[734, 19, 132, 241]	{3 4 1 2 }13307
244	0.9999999999664444	0.9999999999980224	0.09342285392478362	0.2351386557927953	[734, 19, 132, 217]	{4 2 1 2 }12182
245	0.9999999999695902	0.9999999999982078	0.09342285392478362	0.15970201954013888	[19, 132, 241, 1126]	{1 3 4 1 }12137
246	0.9999999999724412	0.9999999999983759	0.09342285392478362	0.09342285392478362	[734, 19, 132, 241]	{3 1 4 2 }12678
247	0.9999999999750248	0.9999999999985281	0.09342285392478362	0.09442435626187316	[10, 734, 19, 132]	{1 3 4 3 }12174
248	0.9999999999773662	0.9999999999986661	0.09342285392478362	0.09442435626187316	[10, 734, 19, 132]	{1 4 2 1 }12288
249	0.9999999999794882	0.9999999999987912	0.09342285392478362	0.11096716357569314	[241, 132, 19, 1987]	{1 2 4 1 }12813
250	0.9999999999814111	0.9999999999989044	0.09342285392478362	0.2491247369771322	[359, 158, 420, 1791]	{1 3 2 2 }12808
251	0.9999999999831538	0.9999999999990071	0.09342285392478362	0.2597369987545019	[1820, 10, 734, 19]	{3 4 4 4 }12815
252	0.9999999999847332	0.9999999999991003	0.09342285392478362	0.09342285392478362	[734, 19, 132, 241]	{1 3 4 2 }12713
253	0.9999999999861644	0.9999999999991847	0.09342285392478362	0.22391768087519365	[377, 162, 107, 10]	{3 1 3 1 }12725
254	0.9999999999874615	0.9999999999992866	0.09342285392478362	0.20639027444725327	[846, 10, 232, 2047]	{4 2 2 3 }12697
255	0.999999999988637	0.9999999999993534	0.09342285392478362	0.09442435626187316	[10, 734, 19, 132]	{1 3 2 3 }12711
256	0.9999999999897022	0.999999999999414	0.09342285392478362	0.19631517231700574	[158, 10, 734, 19]	{4 1 1 1 }12667
257	0.9999999999906677	0.9999999999994873	0.09342285392478362	0.10967630417876868	[734, 10, 232, 2047]	{4 1 4 2 }12533
258	0.9999999999915425	0.9999999999995354	0.09342285392478362	0.1331556974924919	[1791, 420, 158, 10]	{1 2 4 4 }12122
259	0.9999999999923355	0.9999999999995789	0.09342285392478362	0.1331556974924919	[1791, 420, 158, 10]	{4 1 4 3 }12125
260	0.999999999993054	0.9999999999996491	0.09342285392478362	0.2159322305028718	[2627, 438, 2729, 301]	{1 2 2 2 }12263
261	0.9999999999937053	0.999999999999682	0.09342285392478362	0.15171927858035095	[1580, 438, 2627, 301]	{4 4 4 3 }12116
262	0.9999999999942953	0.9999999999997118	0.09342285392478362	0.15171927858035095	[1580, 438, 2627, 301]	{4 3 3 4 }12179
263	0.9999999999948301	0.9999999999997389	0.09342285392478362	0.09342285392478362	[734, 19, 132, 241]	{4 2 3 1 }12209
264	0.9999999999953149	0.9999999999997633	0.09342285392478362	0.1331556974924919	[1791, 420, 158, 10]	{3 2 2 2 }12123
265	0.9999999999957541	0.9999999999997929	0.09342285392478362	0.261243628614468	[320, 232, 10, 1873]	{2 4 2 2 }12232
266	0.9999999999961521	0.9999999999998123	0.09342285392478362	0.11096716357569314	[241, 132, 19, 1987]	{2 2 3 1 }12576
267	0.9999999999965129	0.9999999999998299	0.09342285392478362	0.1863095301996846	[10, 734, 19, 1987]	{2 4 2 4 }12842
268	0.9999999999968398	0.9999999999998511	0.09342285392478362	0.10106064337290116	[19, 132, 241, 1031]	{3 4 3 1 }12217
269	0.9999999999971361	0.9999999999998651	0.09342285392478362	0.09342285392478362	[734, 19, 132, 241]	{1 3 4 2 }12341
270	0.9999999999974045	0.9999999999998778	0.09342285392478362	0.09342285392478362	[734, 19, 132, 241]	{2 4 3 1 }12250
271	0.9999999999976479	0.9999999999998892	0.09342285392478362	0.15970201954013888	[19, 132, 241, 1126]	{3 2 1 3 }12319
272	0.9999999999978684	0.9999999999998996	0.09342285392478362	0.1658702990684433	[1549, 162, 107, 10]	{2 2 2 2 }12304
273	0.9999999999980682	0.9999999999999091	0.09342285392478362	0.09342285392478362	[734, 19, 132, 241]	{2 1 4 3 }12197
274	0.9999999999982493	0.9999999999999175	0.09342285392478362	0.1331556974924919	[1791, 420, 158, 10]	{1 4 4 2 }12385
275	0.9999999999984135	0.9999999999999253	0.09342285392478362	0.16786533017929983	[241, 132, 19, 1460]	{2 2 4 1 }12098
276	0.9999999999985622	0.9999999999999323	0.09342285392478362	0.31284412641251236	[107, 162, 420, 1791]	{1 4 4 4 }12081
277	0.9999999999986969	0.9999999999999386	0.09342285392478362	0.15970201954013888	[19, 132, 241, 1126]	{2 2 1 4 }12383
278	0.9999999999988192	0.9999999999999444	0.09342285392478362	0.15970201954013888	[19, 132, 241, 1126]	{4 3 4 2 }12211
279	0.9999999999989299	0.9999999999999496	0.09342285392478362	0.22391768087519365	[377, 162, 107, 10]	{1 1 4 4 }12088
280	0.9999999999990302	0.9999999999999544	0.09342285392478362	0.2639011924364392	[1579, 1580, 438, 3366]	{2 1 1 1 }12181
281	0.9999999999991211	0.9999999999999586	0.09342285392478362	0.1658702990684433	[1549, 162, 107, 10]	{2 3 1 3 }12094
282	0.9999999999992035	0.9999999999999625	0.09342285392478362	0.18487383348289899	[1580, 438, 2729, 301]	{2 4 2 4 }12049
283	0.9999999999992781	0.999999999999966	0.09342285392478362	0.16786533017929983	[241, 132, 19, 3308]	{3 4 1 3 }12147
284	0.9999999999993459	0.9999999999999692	0.09342285392478362	0.09442435626187316	[10, 734, 19, 132]	{2 4 3 3 }12143
285	0.9999999999994071	0.9999999999999721	0.09342285392478362	0.2821439004759725	[2636, 162, 107, 10]	{2 2 4 2 }12022
286	0.9999999999994628	0.9999999999999747	0.09342285392478362	0.2351386557927953	[734, 19, 132, 217]	{3 1 4 4 }12264
287	0.9999999999995131	0.999999999999977	0.09342285392478362	0.2491247369771322	[359, 158, 420, 1791]	{1 1 3 1 }12064
288	0.9999999999995588	0.9999999999999792	0.09342285392478362	0.11096716357569314	[241, 132, 19, 1987]	{4 2 1 4 }12166
289	0.9999999999996001	0.9999999999999818	0.09342285392478362	0.10967630417876868	[734, 10, 232, 2047]	{4 2 2 2 }12568
290	0.9999999999996376	0.9999999999999849	0.09342285392478362	0.20639027444725327	[846, 10, 232, 2047]	{1 4 1 4 }12573
291	0.9999999999996716	0.9999999999999862	0.09342285392478362	0.19631517231700574	[158, 10, 734, 19]	{1 4 4 2 }12708
292	0.9999999999997023	0.9999999999999876	0.09342285392478362	0.09342285392478362	[734, 19, 132, 241]	{3 4 2 1 }12636
293	0.9999999999997303	0.9999999999999891	0.09342285392478362	0.10967630417876868	[734, 10, 232, 2047]	{1 1 1 2 }12477
294	0.9999999999997555	0.9999999999999901	0.09342285392478362	0.15171927858035095	[1580, 438, 2627, 301]	{1 2 2 4 }12336
295	0.9999999999997785	0.9999999999999913	0.09342285392478362	0.261243628614468	[320, 232, 10, 1873]	{2 2 2 1 }12130
296	0.9999999999997993	0.9999999999999922	0.09342285392478362	0.1331556974924919	[1791, 420, 158, 10]	{3 3 1 4 }12215
297	0.999999999999818	0.9999999999999931	0.09342285392478362	0.10967630417876868	[734, 10, 232, 2047]	{3 3 3 1 }12871
298	0.9999999999998351	0.9999999999999938	0.09342285392478362	0.10106064337290116	[19, 132, 241, 1031]	{1 2 1 4 }12930
299	0.9999999999998506	0.9999999999999943	0.09342285392478362	0.24868901341485986	[1849, 420, 158, 10]	{2 3 3 2 }12682
300	0.9999999999998646	0.9999999999999949	0.09342285392478362	0.1658702990684433	[1549, 162, 107, 10]	{3 1 1 4 }12390
301	0.9999999999998773	0.9999999999999953	0.09342285392478362	0.261243628614468	[320, 232, 10, 1873]	{1 1 2 1 }12219
302	0.9999999999998888	0.9999999999999961	0.09342285392478362	0.2159322305028718	[2627, 438, 2729, 301]	{4 4 4 4 }12089
303	0.9999999999998992	0.9999999999999966	0.09342285392478362	0.09442435626187316	[10, 734, 19, 132]	{2 1 4 4 }12143
304	0.9999999999999086	0.9999999999999969	0.09342285392478362	0.27387005898727984	[320, 232, 10, 494]	{4 4 4 4 }12126
305	0.9999999999999172	0.9999999999999972	0.09342285392478362	0.10967630417876868	[734, 10, 232, 2047]	{1 2 4 1 }11975
306	0.999999999999925	0.9999999999999976	0.09342285392478362	0.33098739788741527	[421, 438, 2627, 301]	{3 3 4 4 }12489
307	0.999999999999932	0.9999999999999978	0.09342285392478362	0.29698951933247447	[734, 19, 132, 1031]	{1 4 3 3 }11995
308	0.9999999999999384	0.9999999999999981	0.09342285392478362	0.1331556974924919	[1791, 420, 158, 10]	{2 2 2 3 }12142
309	0.9999999999999442	0.9999999999999982	0.09342285392478362	0.11096716357569314	[241, 132, 19, 1987]	{4 1 2 4 }12305
310	0.9999999999999494	0.9999999999999984	0.09342285392478362	0.1658702990684433	[1549, 162, 107, 10]	{4 4 3 3 }13258
311	0.9999999999999541	0.9999999999999986	0.09342285392478362	0.34274742368807926	[241, 132, 1032, 370]	{3 2 3 2 }12968
312	0.9999999999999585	0.9999999999999987	0.09342285392478362	0.22391768087519365	[377, 162, 107, 10]	{4 4 3 4 }12574
313	0.9999999999999624	0.9999999999999989	0.09342285392478362	0.18487383348289899	[1580, 438, 2729, 301]	{2 4 3 4 }12933
314	0.9999999999999659	0.999999999999999	0.09342285392478362	0.10106064337290116	[19, 132, 241, 1031]	{1 1 4 3 }12725
315	0.999999999999969	0.9999999999999991	0.09342285392478362	0.36228159185659914	[1715, 132, 19, 1987]	{4 4 1 1 }12747
316	0.999999999999972	0.9999999999999992	0.09342285392478362	0.10967630417876868	[734, 10, 232, 2047]	{3 2 3 4 }12658
317	0.9999999999999746	0.9999999999999993	0.09342285392478362	0.2491247369771322	[359, 158, 420, 1791]	{1 1 4 3 }12712
318	0.999999999999977	0.9999999999999993	0.09342285392478362	0.09442435626187316	[10, 734, 19, 132]	{4 3 2 3 }12770
319	0.9999999999999791	0.9999999999999994	0.09342285392478362	0.261243628614468	[320, 232, 10, 1873]	{3 4 4 1 }12736
320	0.9999999999999811	0.9999999999999994	0.09342285392478362	0.27387005898727984	[320, 232, 10, 494]	{2 1 2 2 }12859
321	0.9999999999999829	0.9999999999999996	0.09342285392478362	0.1863095301996846	[10, 734, 19, 1987]	{2 3 1 3 }12699
322	0.9999999999999845	0.9999999999999996	0.09342285392478362	0.2432076968032913	[10, 734, 19, 1460]	{3 2 2 4 }12683
323	0.9999999999999859	0.9999999999999997	0.09342285392478362	0.1331556974924919	[1791, 420, 158, 10]	{3 3 4 3 }12606
324	0.9999999999999872	0.9999999999999997	0.09342285392478362	0.34473728220568967	[734, 19, 132, 1715]	{4 2 3 2 }12945
325	0.9999999999999885	0.9999999999999997	0.09342285392478362	0.18487383348289899	[1580, 438, 2729, 301]	{2 2 3 2 }12245
326	0.9999999999999896	0.9999999999999998	0.09342285392478362	0.10967630417876868	[734, 10, 232, 2047]	{4 2 3 4 }12623
327	0.9999999999999906	0.9999999999999998	0.09342285392478362	0.24868901341485986	[1849, 420, 158, 10]	{4 2 4 2 }12742
328	0.9999999999999915	0.9999999999999998	0.09342285392478362	0.18487383348289899	[1580, 438, 2729, 301]	{2 3 3 4 }12665
329	0.9999999999999922	0.9999999999999998	0.09342285392478362	0.2491247369771322	[359, 158, 420, 1791]	{1 1 3 1 }12575
330	0.9999999999999929	0.9999999999999998	0.09342285392478362	0.15970201954013888	[19, 132, 241, 1126]	{1 4 3 1 }12692
331	0.9999999999999936	0.9999999999999999	0.09342285392478362	0.18409958454888178	[846, 10, 734, 19]	{3 2 2 2 }12757
332	0.9999999999999942	0.9999999999999999	0.09342285392478362	0.2159322305028718	[2627, 438, 2729, 301]	{3 4 4 2 }12174
333	0.9999999999999948	0.9999999999999999	0.09342285392478362	0.15970201954013888	[19, 132, 241, 1126]	{3 4 2 3 }12231
334	0.9999999999999952	0.9999999999999999	0.09342285392478362	0.09442435626187316	[10, 734, 19, 132]	{3 1 4 4 }12353
335	0.9999999999999957	0.9999999999999999	0.09342285392478362	0.09442435626187316	[10, 734, 19, 132]	{3 4 2 4 }12401
336	0.9999999999999961	0.9999999999999999	0.09342285392478362	0.2679749203014432	[2309, 420, 158, 10]	{3 1 4 4 }12366
337	0.9999999999999964	0.9999999999999999	0.09342285392478362	0.20639027444725327	[846, 10, 232, 2047]	{1 3 2 2 }12453
338	0.9999999999999968	0.9999999999999999	0.09342285392478362	0.10106064337290116	[19, 132, 241, 1031]	{1 2 1 3 }12646
339	0.9999999999999971	0.9999999999999999	0.09342285392478362	0.41917975846020583	[1715, 132, 19, 3308]	{4 2 4 2 }12847
340	0.9999999999999973	1.0	0.09342285392478362	0.19631517231700574	[158, 10, 734, 19]	{2 1 4 4 }12777
341	0.9999999999999976	1.0	0.09342285392478362	0.09442435626187316	[10, 734, 19, 132]	{3 2 4 4 }12981
342	0.9999999999999978	1.0	0.09342285392478362	0.1331556974924919	[1791, 420, 158, 10]	{3 2 2 1 }12128
343	0.999999999999998	1.0	0.09342285392478362	0.261243628614468	[320, 232, 10, 1873]	{1 1 1 1 }12204
344	0.9999999999999982	1.0	0.09342285392478362	0.20639027444725327	[846, 10, 232, 2047]	{2 4 1 4 }12791
345	0.9999999999999983	1.0	0.09342285392478362	0.09342285392478362	[734, 19, 132, 241]	{3 4 1 2 }12972
346	0.9999999999999986	1.0	0.09342285392478362	0.15171927858035095	[1580, 438, 2627, 301]	{4 1 4 3 }12924
347	0.9999999999999987	1.0	0.09342285392478362	0.15171927858035095	[1580, 438, 2627, 301]	{1 4 4 1 }12657
348	0.9999999999999988	1.0	0.09342285392478362	0.23406813284548655	[2051, 1849, 420, 1791]	{4 3 3 1 }12817
349	0.9999999999999989	1.0	0.09342285392478362	0.15970201954013888	[19, 132, 241, 1126]	{1 2 1 3 }13114
350	0.999999999999999	1.0	0.09342285392478362	0.09342285392478362	[734, 19, 132, 241]	{4 3 2 1 }12238
351	0.9999999999999991	1.0	0.09342285392478362	0.09342285392478362	[734, 19, 132, 241]	{4 1 3 2 }12797
352	0.9999999999999992	1.0	0.09342285392478362	0.10967630417876868	[734, 10, 232, 2047]	{3 1 1 2 }12731
353	0.9999999999999992	1.0	0.09342285392478362	0.22391768087519365	[377, 162, 107, 10]	{2 4 4 2 }12718
354	0.9999999999999993	1.0	0.09342285392478362	0.19631517231700574	[158, 10, 734, 19]	{2 1 4 1 }12731
355	0.9999999999999994	1.0	0.09342285392478362	0.19631517231700574	[158, 10, 734, 19]	{3 1 3 4 }12771
356	0.9999999999999994	1.0	0.09342285392478362	0.31855967673057284	[421, 438, 1580, 301]	{1 1 4 1 }12703
357	0.9999999999999996	1.0	0.09342285392478362	0.09342285392478362	[734, 19, 132, 241]	{3 4 1 2 }12793
358	0.9999999999999996	1.0	0.09342285392478362	0.11096716357569314	[241, 132, 19, 1987]	{4 4 1 2 }12647
359	0.9999999999999996	1.0	0.09342285392478362	0.10967630417876868	[734, 10, 232, 2047]	{1 3 3 1 }12623
360	0.9999999999999997	1.0	0.09342285392478362	0.22391768087519365	[377, 162, 107, 10]	{3 1 2 2 }12648
361	0.9999999999999997	1.0	0.09342285392478362	0.3085064586858851	[837, 162, 107, 10]	{1 4 4 2 }12736
362	0.9999999999999997	1.0	0.09342285392478362	0.3467483757441316	[157, 10, 734, 19]	{1 2 3 2 }12802
363	0.9999999999999998	1.0	0.09342285392478362	0.2159322305028718	[2627, 438, 2729, 301]	{1 1 2 3 }12858
364	0.9999999999999998	1.0	0.09342285392478362	0.1658702990684433	[1549, 162, 107, 10]	{3 4 4 4 }12960
365	0.9999999999999998	1.0	0.09342285392478362	0.27336962590975883	[394, 193, 232, 10]	{2 3 2 3 }12723
366	0.9999999999999998	1.0	0.09342285392478362	0.11096716357569314	[241, 132, 19, 1987]	{4 4 3 2 }12673
367	0.9999999999999998	1.0	0.09342285392478362	0.15970201954013888	[19, 132, 241, 1126]	{2 1 3 2 }12726
368	0.9999999999999998	1.0	0.09342285392478362	0.09442435626187316	[10, 734, 19, 132]	{1 4 2 4 }12808
369	0.9999999999999999	1.0	0.09342285392478362	0.10967630417876868	[734, 10, 232, 2047]	{2 3 3 1 }12765
370	0.9999999999999999	1.0	0.09342285392478362	0.09342285392478362	[734, 19, 132, 241]	{2 3 4 1 }12772
371	0.9999999999999999	1.0	0.09342285392478362	0.1658702990684433	[1549, 162, 107, 10]	{3 1 2 3 }12319
372	0.9999999999999999	1.0	0.09342285392478362	0.1331556974924919	[1791, 420, 158, 10]	{2 1 2 4 }12212
373	0.9999999999999999	1.0	0.09342285392478362	0.18409958454888178	[846, 10, 734, 19]	{3 2 3 2 }12170
374	0.9999999999999999	1.0	0.09342285392478362	0.10967630417876868	[734, 10, 232, 2047]	{3 3 1 2 }12062
375	0.9999999999999999	1.0	0.09342285392478362	0.21860586221537726	[158, 10, 232, 2047]	{2 2 2 4 }12383
376	0.9999999999999999	1.0	0.09342285392478362	0.11096716357569314	[241, 132, 19, 1987]	{1 3 1 2 }12099
377	0.9999999999999999	1.0	0.09342285392478362	0.2351386557927953	[734, 19, 132, 217]	{3 1 4 4 }12746
378	0.9999999999999999	1.0	0.09342285392478362	0.1863095301996846	[10, 734, 19, 1987]	{2 1 3 1 }12770
379	0.9999999999999999	1.0	0.09342285392478362	0.09442435626187316	[10, 734, 19, 132]	{4 3 1 4 }12701
380	1.0	1.0	0.09342285392478362	0.11096716357569314	[241, 132, 19, 1987]	{4 1 3 4 }12269
381	1.0	1.0	0.09342285392478362	0.2503906037096908	[107, 10, 232, 2047]	{1 1 2 2 }12103
382	1.0	1.0	0.09342285392478362	0.1658702990684433	[1549, 162, 107, 10]	{1 1 3 3 }12148
383	1.0	1.0	0.09342285392478362	0.22391768087519365	[377, 162, 107, 10]	{2 2 2 2 }12321
384	1.0	1.0	0.09342285392478362	0.09442435626187316	[10, 734, 19, 132]	{2 1 3 1 }12573
385	1.0	1.0	0.09342285392478362	0.10106064337290116	[19, 132, 241, 1031]	{4 4 3 1 }12765
386	1.0	1.0	0.09342285392478362	0.15171927858035095	[1580, 438, 2627, 301]	{1 1 2 4 }12674
387	1.0	1.0	0.09342285392478362	0.15171927858035095	[1580, 438, 2627, 301]	{1 2 3 2 }12692
388	1.0	1.0	0.09342285392478362	0.11096716357569314	[241, 132, 19, 1987]	{1 4 1 2 }12658
389	1.0	1.0	0.09342285392478362	0.1658702990684433	[1549, 162, 107, 10]	{4 4 3 4 }12643
390	1.0	1.0	0.09342285392478362	0.18487383348289899	[1580, 438, 2729, 301]	{1 2 4 2 }12744
391	1.0	1.0	0.09342285392478362	0.10106064337290116	[19, 132, 241, 1031]	{4 4 2 1 }12122
392	1.0	1.0	0.09342285392478362	0.33730155160784414	[2872, 241, 132, 217]	{1 2 2 4 }12098
393	1.0	1.0	0.09342285392478362	0.10967630417876868	[734, 10, 232, 2047]	{2 2 2 1 }12082
394	1.0	1.0	0.09342285392478362	0.27387005898727984	[320, 232, 10, 494]	{4 3 4 3 }12098
395	1.0	1.0	0.09342285392478362	0.1658702990684433	[1549, 162, 107, 10]	{3 4 4 1 }12559
396	1.0	1.0	0.09342285392478362	0.2679749203014432	[2309, 420, 158, 10]	{3 1 3 3 }12732
397	1.0	1.0	0.09342285392478362	0.15171927858035095	[1580, 438, 2627, 301]	{2 2 4 2 }12059
398	1.0	1.0	0.09342285392478362	0.09342285392478362	[734, 19, 132, 241]	{3 4 1 2 }12290
399	1.0	1.0	0.09342285392478362	0.16786533017929983	[241, 132, 19, 1460]	{1 3 2 1 }12872
400	1.0	1.0	0.09342285392478362	0.09342285392478362	[734, 19, 132, 241]	{1 2 3 4 }12759
401	1.0	1.0	0.09342285392478362	0.24868901341485986	[1849, 420, 158, 10]	{1 4 4 1 }12816
402	1.0	1.0	0.09342285392478362	0.20639027444725327	[846, 10, 232, 2047]	{4 4 2 2 }12664
403	1.0	1.0	0.09342285392478362	0.24790254110749904	[10, 734, 19, 400]	{2 4 1 1 }12653
404	1.0	1.0	0.09342285392478362	0.18487383348289899	[1580, 438, 2729, 301]	{4 3 3 1 }12623
405	1.0	1.0	0.09342285392478362	0.19631517231700574	[158, 10, 734, 19]	{2 1 1 2 }12718
406	1.0	1.0	0.09342285392478362	0.10967630417876868	[734, 10, 232, 2047]	{1 3 2 2 }12840
407	1.0	1.0	0.09342285392478362	0.27634519175212857	[734, 19, 132, 1032]	{4 2 3 4 }12796
408	1.0	1.0	0.09342285392478362	0.10106064337290116	[19, 132, 241, 1031]	{2 2 3 4 }12800
409	1.0	1.0	0.09342285392478362	0.15970201954013888	[19, 132, 241, 1126]	{3 3 4 1 }12667
410	1.0	1.0	0.09342285392478362	0.16786533017929983	[241, 132, 19, 3308]	{4 3 4 2 }12841
411	1.0	1.0	0.09342285392478362	0.09342285392478362	[734, 19, 132, 241]	{2 4 1 3 }12525
412	1.0	1.0	0.09342285392478362	0.15171927858035095	[1580, 438, 2627, 301]	{3 2 1 2 }12422
413	1.0	1.0	0.09342285392478362	0.15970201954013888	[19, 132, 241, 1126]	{3 2 3 1 }12341
414	1.0	1.0	0.09342285392478362	0.2432076968032913	[10, 734, 19, 1460]	{4 2 3 3 }12164
415	1.0	1.0	0.09342285392478362	0.1331556974924919	[1791, 420, 158, 10]	{4 2 2 4 }12160
416	1.0	1.0	0.09342285392478362	0.3037393594195932	[1549, 162, 420, 1791]	{2 2 3 3 }12396
417	1.0	1.0	0.09342285392478362	0.1331556974924919	[1791, 420, 158, 10]	{3 2 2 2 }12199
418	1.0	1.0	0.09342285392478362	0.10106064337290116	[19, 132, 241, 1031]	{3 1 2 3 }12055
419	1.0	1.0	0.09342285392478362	0.09342285392478362	[734, 19, 132, 241]	{1 3 4 2 }12755
420	1.0	1.0	0.09342285392478362	0.1331556974924919	[1791, 420, 158, 10]	{2 3 2 4 }12843
421	1.0	1.0	0.09342285392478362	0.1863095301996846	[10, 734, 19, 1987]	{4 1 2 2 }12813
422	1.0	1.0	0.09342285392478362	0.1863095301996846	[10, 734, 19, 1987]	{1 4 1 1 }12558
423	1.0	1.0	0.09342285392478362	0.18487383348289899	[1580, 438, 2729, 301]	{1 3 3 4 }12184
424	1.0	1.0	0.09342285392478362	0.16786533017929983	[241, 132, 19, 3308]	{4 3 4 1 }12747
425	1.0	1.0	0.09342285392478362	0.29957199830378295	[1265, 193, 232, 10]	{1 1 3 3 }12832
426	1.0	1.0	0.09342285392478362	0.3443348273352416	[1715, 132, 241, 1031]	{4 4 4 1 }12682
427	1.0	1.0	0.09342285392478362	0.1658702990684433	[1549, 162, 107, 10]	{1 4 4 1 }12746
428	1.0	1.0	0.09342285392478362	0.09342285392478362	[734, 19, 132, 241]	{3 1 4 2 }12817
429	1.0	1.0	0.09342285392478362	0.1658702990684433	[1549, 162, 107, 10]	{4 1 4 4 }12561
430	1.0	1.0	0.09342285392478362	0.09342285392478362	[734, 19, 132, 241]	{1 2 3 4 }12813
431	1.0	1.0	0.09342285392478362	0.10967630417876868	[734, 10, 232, 2047]	{2 4 4 3 }12817
432	1.0	1.0	0.09342285392478362	0.2986019148360745	[432, 422, 19, 132]	{2 2 1 4 }12763
433	1.0	1.0	0.09342285392478362	0.33098739788741527	[421, 438, 2627, 301]	{1 2 2 3 }12756
434	1.0	1.0	0.09342285392478362	0.24868901341485986	[1849, 420, 158, 10]	{1 1 1 2 }12607
435	1.0	1.0	0.09342285392478362	0.2503906037096908	[107, 10, 232, 2047]	{2 1 3 3 }13171
436	1.0	1.0	0.09342285392478362	0.15970201954013888	[19, 132, 241, 1126]	{3 3 4 2 }13308
437	1.0	1.0	0.09342285392478362	0.11096716357569314	[241, 132, 19, 1987]	{3 3 2 1 }13083
438	1.0	1.0	0.09342285392478362	0.10967630417876868	[734, 10, 232, 2047]	{2 1 1 1 }12831
439	1.0	1.0	0.09342285392478362	0.16786533017929983	[241, 132, 19, 3308]	{4 3 4 1 }12739
440	1.0	1.0	0.09342285392478362	0.18487383348289899	[1580, 438, 2729, 301]	{2 4 2 2 }13017
441	1.0	1.0	0.09342285392478362	0.15171927858035095	[1580, 438, 2627, 301]	{3 4 3 2 }13047
442	1.0	1.0	0.09342285392478362	0.24790254110749904	[10, 734, 19, 400]	{2 3 2 2 }12930
443	1.0	1.0	0.09342285392478362	0.2821439004759725	[2636, 162, 107, 10]	{1 2 2 2 }12689
444	1.0	1.0	0.09342285392478362	0.09342285392478362	[734, 19, 132, 241]	{3 2 1 4 }13245
445	1.0	1.0	0.09342285392478362	0.10967630417876868	[734, 10, 232, 2047]	{2 3 3 1 }12670
446	1.0	1.0	0.09342285392478362	0.1331556974924919	[1791, 420, 158, 10]	{2 2 4 4 }12537
447	1.0	1.0	0.09342285392478362	0.24868901341485986	[1849, 420, 158, 10]	{1 2 4 2 }12789
448	1.0	1.0	0.09342285392478362	0.31607803531983686	[2149, 420, 158, 10]	{2 1 2 2 }12509
449	1.0	1.0	0.09342285392478362	0.2986019148360745	[432, 422, 19, 132]	{1 1 2 1 }12366
450	1.0	1.0	0.09342285392478362	0.2432076968032913	[10, 734, 19, 3308]	{1 3 3 2 }12056
451	1.0	1.0	0.09342285392478362	0.27634519175212857	[734, 19, 132, 1032]	{4 2 3 3 }12059
452	1.0	1.0	0.09342285392478362	0.16786533017929983	[241, 132, 19, 1460]	{2 3 2 4 }12338
453	1.0	1.0	0.09342285392478362	0.10106064337290116	[19, 132, 241, 1031]	{2 1 4 2 }12059
454	1.0	1.0	0.09342285392478362	0.10106064337290116	[19, 132, 241, 1031]	{1 3 4 1 }12476
455	1.0	1.0	0.09342285392478362	0.27634519175212857	[734, 19, 132, 1032]	{1 3 4 3 }12671
456	1.0	1.0	0.09342285392478362	0.16786533017929983	[241, 132, 19, 1460]	{3 4 2 3 }12687
457	1.0	1.0	0.09342285392478362	0.31607803531983686	[2149, 420, 158, 10]	{1 4 2 2 }12692
458	1.0	1.0	0.09342285392478362	0.09442435626187316	[10, 734, 19, 132]	{4 1 3 3 }12465
459	1.0	1.0	0.09342285392478362	0.10967630417876868	[734, 10, 232, 2047]	{1 1 2 2 }11749
460	1.0	1.0	0.09342285392478362	0.19631517231700574	[158, 10, 734, 19]	{3 4 4 4 }12444
461	1.0	1.0	0.09342285392478362	0.1658702990684433	[1549, 162, 107, 10]	{2 3 3 4 }12412
462	1.0	1.0	0.09342285392478362	0.10967630417876868	[734, 10, 232, 2047]	{1 1 3 1 }12461
463	1.0	1.0	0.09342285392478362	0.10106064337290116	[19, 132, 241, 1031]	{2 4 3 2 }12565
464	1.0	1.0	0.09342285392478362	0.09442435626187316	[10, 734, 19, 132]	{3 4 1 1 }12092
465	1.0	1.0	0.09342285392478362	0.18409958454888178	[846, 10, 734, 19]	{2 4 4 1 }12516
466	1.0	1.0	0.09342285392478362	0.1863095301996846	[10, 734, 19, 1987]	{2 3 2 3 }12167
467	1.0	1.0	0.09342285392478362	0.09342285392478362	[734, 19, 132, 241]	{3 2 4 1 }12243
468	1.0	1.0	0.09342285392478362	0.23406813284548655	[2051, 1849, 420, 1791]	{3 2 2 4 }12191
469	1.0	1.0	0.09342285392478362	0.18487383348289899	[1580, 438, 2729, 301]	{1 4 2 4 }12043
470	1.0	1.0	0.09342285392478362	0.1658702990684433	[1549, 162, 107, 10]	{3 2 2 1 }12073
471	1.0	1.0	0.09342285392478362	0.203625994058398	[19, 132, 241, 2872]	{2 2 1 3 }12313
472	1.0	1.0	0.09342285392478362	0.10106064337290116	[19, 132, 241, 1031]	{3 1 2 3 }12374
473	1.0	1.0	0.09342285392478362	0.23406813284548655	[2051, 1849, 420, 1791]	{3 2 2 1 }12020
474	1.0	1.0	0.09342285392478362	0.18409958454888178	[846, 10, 734, 19]	{4 2 2 1 }11796
475	1.0	1.0	0.09342285392478362	0.1658702990684433	[1549, 162, 107, 10]	{3 1 3 3 }12122
476	1.0	1.0	0.09342285392478362	0.15970201954013888	[19, 132, 241, 1126]	{2 3 2 4 }12268
477	1.0	1.0	0.09342285392478362	0.1331556974924919	[1791, 420, 158, 10]	{4 4 1 1 }12404
478	1.0	1.0	0.09342285392478362	0.27336962590975883	[394, 193, 232, 10]	{4 2 3 2 }12077
479	1.0	1.0	0.09342285392478362	0.31607803531983686	[2149, 420, 158, 10]	{1 1 2 2 }12038
480	1.0	1.0	0.09342285392478362	0.10106064337290116	[19, 132, 241, 1031]	{3 2 3 1 }12063
481	1.0	1.0	0.09342285392478362	0.2351386557927953	[734, 19, 132, 217]	{4 2 1 2 }12283
482	1.0	1.0	0.09342285392478362	0.09342285392478362	[734, 19, 132, 241]	{1 2 4 3 }12363
483	1.0	1.0	0.09342285392478362	0.20639027444725327	[846, 10, 232, 2047]	{1 4 4 2 }12385
484	1.0	1.0	0.09342285392478362	0.27634519175212857	[734, 19, 132, 1032]	{2 4 1 4 }12025
485	1.0	1.0	0.09342285392478362	0.09342285392478362	[734, 19, 132, 241]	{2 3 1 4 }12046
486	1.0	1.0	0.09342285392478362	0.09342285392478362	[734, 19, 132, 241]	{4 1 2 3 }12146
487	1.0	1.0	0.09342285392478362	0.29487083647644813	[10, 734, 19, 409]	{4 2 1 1 }12274
488	1.0	1.0	0.09342285392478362	0.11096716357569314	[241, 132, 19, 1987]	{2 4 2 3 }11979
489	1.0	1.0	0.09342285392478362	0.09342285392478362	[734, 19, 132, 241]	{3 2 1 4 }12204
490	1.0	1.0	0.09342285392478362	0.09442435626187316	[10, 734, 19, 132]	{1 2 3 2 }12060
491	1.0	1.0	0.09342285392478362	0.20639027444725327	[846, 10, 232, 2047]	{4 2 4 2 }12117
492	1.0	1.0	0.09342285392478362	0.22391768087519365	[377, 162, 107, 10]	{2 4 2 2 }12244
493	1.0	1.0	0.09342285392478362	0.31607803531983686	[2149, 420, 158, 10]	{4 4 4 2 }12481
494	1.0	1.0	0.09342285392478362	0.20639027444725327	[846, 10, 232, 2047]	{1 4 4 3 }12255
495	1.0	1.0	0.09342285392478362	0.23406813284548655	[2051, 1849, 420, 1791]	{1 3 1 1 }11798
496	1.0	1.0	0.09342285392478362	0.09342285392478362	[734, 19, 132, 241]	{1 2 3 4 }12025
497	1.0	1.0	0.09342285392478362	0.1331556974924919	[1791, 420, 158, 10]	{4 2 4 2 }11906
498	1.0	1.0	0.09342285392478362	0.18409958454888178	[846, 10, 734, 19]	{2 3 3 4 }11950
499	1.0	1.0	0.09342285392478362	0.10967630417876868	[734, 10, 232, 2047]	{4 4 1 1 }12406
