0	0.09375	0.16666666666666663	0.20639027444725327	0.20639027444725327	[846, 10, 232, 2047]	{1 3 1 1 }15989
1	0.1787109375	0.24479166666666663	0.10106064337290116	0.10106064337290116	[19, 132, 241, 1031]	{4 2 4 3 }13309
2	0.255706787109375	0.31559244791666663	0.09342285392478362	0.09342285392478362	[734, 19, 132, 241]	{4 3 1 2 }12852
3	0.3254842758178711	0.37975565592447913	0.09342285392478362	0.15970201954013888	[19, 132, 241, 1126]	{4 4 1 3 }12438
4	0.3887201249599457	0.4379035631815592	0.09342285392478362	0.1863095301996846	[10, 734, 19, 1987]	{4 1 4 1 }12729
5	0.44602761324495077	0.49060010413328803	0.09342285392478362	0.1331556974924919	[1791, 420, 158, 10]	{1 4 4 1 }12145
6	0.49796252450323664	0.5383563443707923	0.09342285392478362	0.19631517231700574	[158, 10, 734, 19]	{4 1 1 1 }12081
7	0.5450285378310582	0.5816354370860305	0.09342285392478362	0.09442435626187316	[10, 734, 19, 132]	{3 1 2 2 }12194
8	0.5876821124093965	0.6339310074502766	0.09342285392478362	0.10967630417876868	[734, 10, 232, 2047]	{1 4 3 1 }12029
9	0.6263369143710156	0.6682499755018132	0.09342285392478362	0.1863095301996846	[10, 734, 19, 1987]	{2 3 1 3 }11967
10	0.6613678286487329	0.723541646251511	0.09342285392478362	0.15171927858035095	[1580, 438, 2627, 301]	{3 4 3 1 }12410
11	0.6931145947129143	0.7494596169154318	0.09342285392478362	0.09442435626187316	[10, 734, 19, 132]	{2 4 1 1 }12338
12	0.7218851014585785	0.7729477778296101	0.09342285392478362	0.22809991381131928	[107, 10, 734, 19]	{2 3 1 1 }12369
13	0.7479583731968367	0.7942339236580842	0.09342285392478362	0.09442435626187316	[10, 734, 19, 132]	{1 4 2 4 }12229
14	0.7715872757096333	0.8135244933151388	0.09342285392478362	0.09342285392478362	[734, 19, 132, 241]	{3 4 1 2 }12268
15	0.7930009686118552	0.8310065720668445	0.09342285392478362	0.09342285392478362	[734, 19, 132, 241]	{1 2 4 3 }12310
16	0.8124071278044938	0.8468497059355778	0.09342285392478362	0.10106064337290116	[19, 132, 241, 1031]	{2 4 3 2 }12040
17	0.8299939595728225	0.8659934926936306	0.09342285392478362	0.10967630417876868	[734, 10, 232, 2047]	{4 1 4 1 }13612
18	0.8459320258628704	0.8883279105780255	0.09342285392478362	0.18487383348289899	[1580, 438, 2729, 301]	{4 3 3 1 }12774
19	0.8603758984382263	0.8987971689613357	0.09342285392478362	0.09442435626187316	[10, 734, 19, 132]	{4 1 3 3 }12754
20	0.8734656579596425	0.9114475228411687	0.09342285392478362	0.18409958454888178	[846, 10, 734, 19]	{3 2 2 4 }12445
21	0.8853282525259261	0.919749317574809	0.09342285392478362	0.34768484765490465	[320, 232, 10, 161]	{2 4 4 4 }12472
22	0.8960787288516205	0.9272728190521707	0.09342285392478362	0.09342285392478362	[734, 19, 132, 241]	{4 3 2 1 }12059
23	0.905821348021781	0.9340909922660298	0.09342285392478362	0.2491247369771322	[359, 158, 420, 1791]	{2 1 2 2 }12153
24	0.9146505966447391	0.9402699617410895	0.09342285392478362	0.16786533017929983	[241, 132, 19, 3308]	{3 3 2 1 }12185
25	0.9226521032092948	0.9477362165234533	0.09342285392478362	0.37850808756717746	[2872, 241, 132, 1032]	{4 4 4 1 }12020
26	0.9299034685334234	0.9526359462243795	0.09342285392478362	0.18409958454888178	[846, 10, 734, 19]	{3 2 2 2 }12207
27	0.936475018358415	0.9585564529463321	0.09342285392478362	0.2679749203014432	[2309, 420, 158, 10]	{3 1 3 3 }12265
28	0.9424304853873136	0.9624417854826135	0.09342285392478362	0.261243628614468	[320, 232, 10, 1873]	{4 4 1 1 }12926
29	0.9478276273822529	0.9659628680936184	0.09342285392478362	0.09442435626187316	[10, 734, 19, 132]	{3 1 4 4 }12641
30	0.9527187873151667	0.9691538492098417	0.09342285392478362	0.09342285392478362	[734, 19, 132, 241]	{3 1 4 2 }12867
31	0.9571514010043698	0.9720456758464191	0.09342285392478362	0.10106064337290116	[19, 132, 241, 1031]	{1 2 1 4 }12271
32	0.9611684571602102	0.9746663937358173	0.09342285392478362	0.09342285392478362	[734, 19, 132, 241]	{3 1 4 2 }12458
33	0.9648089143014404	0.9770414193230844	0.09342285392478362	0.24868901341485986	[1849, 420, 158, 10]	{4 1 4 1 }12704
34	0.9681080785856804	0.9791937862615452	0.09342285392478362	0.19631517231700574	[158, 10, 734, 19]	{1 3 1 3 }12584
35	0.9710979462182728	0.9811443687995254	0.09342285392478362	0.22391768087519365	[377, 162, 107, 10]	{1 1 2 2 }12828
36	0.9738075137603098	0.9829120842245699	0.09342285392478362	0.09442435626187316	[10, 734, 19, 132]	{2 4 3 3 }12757
37	0.9762630593452808	0.9845140763285164	0.09342285392478362	0.1658702990684433	[1549, 162, 107, 10]	{3 1 1 3 }12801
38	0.9784883975316607	0.985965881672718	0.09342285392478362	0.09342285392478362	[734, 19, 132, 241]	{3 2 4 1 }12757
39	0.9805051102630675	0.9877201464636283	0.09342285392478362	0.10967630417876868	[734, 10, 232, 2047]	{1 1 2 2 }12615
40	0.9823327561759049	0.9888713827326632	0.09342285392478362	0.15171927858035095	[1580, 438, 2627, 301]	{1 1 4 3 }12712
41	0.9839890602844138	0.989914690601476	0.09342285392478362	0.09342285392478362	[734, 19, 132, 241]	{3 1 4 2 }12696
42	0.98549008588275	0.9911753542762914	0.09342285392478362	0.10967630417876868	[734, 10, 232, 2047]	{3 3 4 3 }12671
43	0.9868503903312422	0.992278434991755	0.09342285392478362	0.10967630417876868	[734, 10, 232, 2047]	{4 3 4 1 }12625
44	0.9880831662376882	0.9930023317112779	0.09342285392478362	0.1658702990684433	[1549, 162, 107, 10]	{1 1 3 2 }12686
45	0.989200369402905	0.9936583631133457	0.09342285392478362	0.1331556974924919	[1791, 420, 158, 10]	{2 4 4 2 }12883
46	0.9902128347713827	0.9942528915714696	0.09342285392478362	0.15970201954013888	[19, 132, 241, 1126]	{3 1 4 3 }12768
47	0.9911303815115655	0.9947916829866442	0.09342285392478362	0.15171927858035095	[1580, 438, 2627, 301]	{1 1 3 1 }12921
48	0.9919619082448563	0.9952799627066463	0.09342285392478362	0.1863095301996846	[10, 734, 19, 1987]	{2 3 3 1 }12790
49	0.992715479346901	0.9957224662028983	0.09342285392478362	0.16786533017929983	[241, 132, 19, 3308]	{3 3 4 2 }12872
50	0.993398403158129	0.996257157927536	0.09342285392478362	0.3443348273352416	[1715, 132, 241, 1031]	{2 2 4 2 }12660
51	0.9940173028620544	0.9968809649396133	0.09342285392478362	0.18487383348289899	[1580, 438, 2729, 301]	{4 3 1 4 }12882
52	0.9945781807187368	0.9971733744765245	0.09342285392478362	0.2821439004759725	[2636, 162, 107, 10]	{2 4 2 2 }12839
53	0.9950864762763553	0.9974383706193504	0.09342285392478362	0.19631517231700574	[158, 10, 734, 19]	{1 4 1 1 }12657
54	0.9955471191254469	0.9976785233737863	0.09342285392478362	0.10106064337290116	[19, 132, 241, 1031]	{1 2 4 1 }12831
55	0.9959645767074363	0.9978961618074939	0.09342285392478362	0.09442435626187316	[10, 734, 19, 132]	{2 3 1 1 }12855
56	0.9963428976411142	0.9980933966380413	0.09342285392478362	0.24868901341485986	[1849, 420, 158, 10]	{4 3 2 3 }12645
57	0.9966857509872596	0.9983317220582861	0.09342285392478362	0.10967630417876868	[734, 10, 232, 2047]	{4 4 4 3 }12766
58	0.9969964618322041	0.9984881231153218	0.09342285392478362	0.10106064337290116	[19, 132, 241, 1031]	{4 3 2 4 }12674
59	0.9972780435354349	0.9986298615732604	0.09342285392478362	0.09442435626187316	[10, 734, 19, 132]	{4 1 3 4 }12799
60	0.9975332269539879	0.9987583120507673	0.09342285392478362	0.09342285392478362	[734, 19, 132, 241]	{1 4 3 2 }12634
61	0.9977644869270516	0.9988747202960078	0.09342285392478362	0.15171927858035095	[1580, 438, 2627, 301]	{1 2 1 1 }12573
62	0.9979740662776405	0.9989802152682571	0.09342285392478362	0.3802916150617742	[1792, 496, 2729, 301]	{1 4 1 4 }12686
63	0.9981639975641117	0.9990758200868579	0.09342285392478362	0.10106064337290116	[19, 132, 241, 1031]	{3 2 3 1 }12808
64	0.9983361227924762	0.999162461953715	0.09342285392478362	0.23406813284548655	[2051, 1849, 420, 1791]	{3 2 2 4 }12702
65	0.9984921112806816	0.9992409811455543	0.09342285392478362	0.10106064337290116	[19, 132, 241, 1031]	{4 4 2 1 }13013
66	0.9986334758481177	0.9993121391631585	0.09342285392478362	0.1863095301996846	[10, 734, 19, 1987]	{3 2 2 4 }12707
67	0.9987615874873567	0.9993766261166124	0.09342285392478362	0.09342285392478362	[734, 19, 132, 241]	{1 2 4 3 }12618
68	0.9988776886604169	0.99943506741818	0.09342285392478362	0.15171927858035095	[1580, 438, 2627, 301]	{1 4 4 3 }12561
69	0.9989829053485029	0.9994880298477257	0.09342285392478362	0.11096716357569314	[241, 132, 19, 1987]	{2 4 2 3 }12234
70	0.9990782579720807	0.9995360270495014	0.09342285392478362	0.2432076968032913	[10, 734, 19, 3308]	{2 3 2 2 }11997
71	0.9991646712871981	0.9995795245136107	0.09342285392478362	0.09342285392478362	[734, 19, 132, 241]	{3 4 1 2 }12030
72	0.9992429833540233	0.9996189440904596	0.09342285392478362	0.22391768087519365	[377, 162, 107, 10]	{1 1 4 4 }11988
73	0.9993139536645836	0.9996665760791521	0.09342285392478362	0.2159322305028718	[2627, 438, 2729, 301]	{4 4 2 2 }12040
74	0.9993782705085289	0.9996978345717317	0.09342285392478362	0.09442435626187316	[10, 734, 19, 132]	{4 1 3 4 }12257
75	0.9994365576483544	0.9997261625806318	0.09342285392478362	0.15970201954013888	[19, 132, 241, 1126]	{2 1 4 2 }12182
76	0.9994893803688211	0.9997518348386976	0.09342285392478362	0.22391768087519365	[377, 162, 107, 10]	{2 4 3 4 }12906
77	0.9995372509592442	0.9997751003225697	0.09342285392478362	0.27387005898727984	[320, 232, 10, 494]	{1 3 4 4 }13085
78	0.999580633681815	0.9997961846673288	0.09342285392478362	0.09442435626187316	[10, 734, 19, 132]	{3 1 4 1 }12757
79	0.9996199492741449	0.9998152923547667	0.09342285392478362	0.15171927858035095	[1580, 438, 2627, 301]	{4 2 2 1 }12616
80	0.9996555790296938	0.9998326086965074	0.09342285392478362	0.27336962590975883	[394, 193, 232, 10]	{4 1 1 4 }12396
81	0.9996878684956599	0.9998483016312097	0.09342285392478362	0.22391768087519365	[377, 162, 107, 10]	{2 1 1 3 }12343
82	0.9997171308241919	0.9998625233532838	0.09342285392478362	0.19631517231700574	[158, 10, 734, 19]	{4 1 2 1 }12661
83	0.9997436498094239	0.9998754117889135	0.09342285392478362	0.27387005898727984	[320, 232, 10, 494]	{3 3 4 3 }12886
84	0.9997676826397903	0.9998870919337028	0.09342285392478362	0.1863095301996846	[10, 734, 19, 1987]	{4 1 1 4 }12709
85	0.99978946239231	0.9998976770649182	0.09342285392478362	0.1658702990684433	[1549, 162, 107, 10]	{4 1 1 4 }12710
86	0.999809200293031	0.9999104674318035	0.09342285392478362	0.23406813284548655	[2051, 1849, 420, 1791]	{4 1 1 2 }12474
87	0.9998270877655593	0.9999253895265029	0.09342285392478362	0.23406813284548655	[2051, 1849, 420, 1791]	{3 1 3 4 }12293
88	0.9998432982875382	0.9999323842583933	0.09342285392478362	0.15970201954013888	[19, 132, 241, 1126]	{2 2 4 1 }12124
89	0.9998579890730814	0.9999387232341689	0.09342285392478362	0.09442435626187316	[10, 734, 19, 132]	{2 3 4 2 }12561
90	0.99987130259748	0.9999444679309655	0.09342285392478362	0.11096716357569314	[241, 132, 19, 1987]	{4 4 3 2 }11970
91	0.9998833679789663	0.9999514094395948	0.09342285392478362	0.21860586221537726	[158, 10, 232, 2047]	{3 2 4 4 }12032
92	0.9998943022309382	0.9999559648046328	0.09342285392478362	0.4215706259935282	[1529, 2229, 494, 10]	{1 3 1 1 }12332
93	0.9999042113967878	0.9999633040038607	0.09342285392478362	0.18487383348289899	[1580, 438, 2729, 301]	{2 2 3 3 }12778
94	0.9999131915783389	0.9999667442534987	0.09342285392478362	0.09442435626187316	[10, 734, 19, 132]	{3 4 2 3 }12606
95	0.9999213298678696	0.9999698619797333	0.09342285392478362	0.15171927858035095	[1580, 438, 2627, 301]	{2 2 3 3 }12847
96	0.9999287051927569	0.9999726874191333	0.09342285392478362	0.31607803531983686	[2149, 420, 158, 10]	{2 3 2 2 }12699
97	0.9999353890809359	0.9999752479735895	0.09342285392478362	0.1658702990684433	[1549, 162, 107, 10]	{3 1 3 1 }12643
98	0.9999414463545981	0.9999775684760654	0.09342285392478362	0.11096716357569314	[241, 132, 19, 1987]	{1 1 2 4 }12571
99	0.9999469357588546	0.9999796714314343	0.09342285392478362	0.09342285392478362	[734, 19, 132, 241]	{3 2 1 4 }12676
100	0.9999519105314619	0.9999815772347374	0.09342285392478362	0.15171927858035095	[1580, 438, 2627, 301]	{2 3 2 2 }12545
101	0.9999564189191374	0.9999833043689808	0.09342285392478362	0.16786533017929983	[241, 132, 19, 3308]	{3 2 4 3 }12627
102	0.9999605046454683	0.9999848695843888	0.09342285392478362	0.15970201954013888	[19, 132, 241, 1126]	{2 4 3 2 }12632
103	0.9999642073349556	0.9999862880608523	0.09342285392478362	0.1863095301996846	[10, 734, 19, 1987]	{3 1 3 3 }12561
104	0.9999675628973035	0.9999875735551474	0.09342285392478362	0.15171927858035095	[1580, 438, 2627, 301]	{2 2 4 1 }12805
105	0.9999706038756814	0.9999887385343523	0.09342285392478362	0.09342285392478362	[734, 19, 132, 241]	{1 2 4 3 }12521
106	0.9999733597623361	0.9999897942967568	0.09342285392478362	0.09342285392478362	[734, 19, 132, 241]	{4 3 1 2 }12399
107	0.9999758572846171	0.9999907510814359	0.09342285392478362	0.15171927858035095	[1580, 438, 2627, 301]	{3 4 3 1 }12686
108	0.9999781206641843	0.9999916181675512	0.09342285392478362	0.10106064337290116	[19, 132, 241, 1031]	{4 4 2 1 }12158
109	0.999980171851917	0.9999926658966074	0.09342285392478362	0.10967630417876868	[734, 10, 232, 2047]	{3 4 1 3 }12156
110	0.9999820307407998	0.9999933534688005	0.09342285392478362	0.15171927858035095	[1580, 438, 2627, 301]	{4 3 3 4 }12211
111	0.9999837153588499	0.9999944612240004	0.09342285392478362	0.15171927858035095	[1580, 438, 2627, 301]	{4 2 2 2 }12012
112	0.9999852420439577	0.9999949804842503	0.09342285392478362	0.15970201954013888	[19, 132, 241, 1126]	{4 4 3 2 }12008
113	0.9999866256023366	0.9999954510638519	0.09342285392478362	0.10106064337290116	[19, 132, 241, 1031]	{2 4 2 3 }12043
114	0.9999878794521175	0.9999958775266158	0.09342285392478362	0.15970201954013888	[19, 132, 241, 1126]	{2 2 4 1 }12041
115	0.9999890157534815	0.9999962640084955	0.09342285392478362	0.09442435626187316	[10, 734, 19, 132]	{2 1 4 1 }12010
116	0.9999900455265927	0.999996614257699	0.09342285392478362	0.09342285392478362	[734, 19, 132, 241]	{4 2 3 1 }12120
117	0.9999909787584746	0.9999969316710398	0.09342285392478362	0.18409958454888178	[846, 10, 734, 19]	{4 2 2 3 }12085
118	0.9999918244998676	0.9999972193268798	0.09342285392478362	0.24868901341485986	[1849, 420, 158, 10]	{3 4 1 3 }12162
119	0.999992590953005	0.9999974800149848	0.09342285392478362	0.2491247369771322	[359, 158, 420, 1791]	{2 1 1 4 }12290
120	0.9999932855511607	0.99999771626358	0.09342285392478362	0.11096716357569314	[241, 132, 19, 1987]	{1 4 1 3 }12257
121	0.9999939150307394	0.9999980968863167	0.09342285392478362	0.20639027444725327	[846, 10, 232, 2047]	{2 3 1 1 }12100
122	0.9999944854966076	0.9999982753032245	0.09342285392478362	0.29698951933247447	[734, 19, 132, 1031]	{4 1 2 2 }12070
123	0.9999950024813007	0.9999984908903214	0.09342285392478362	0.2491247369771322	[359, 158, 420, 1791]	{3 4 3 4 }12232
124	0.9999954709986787	0.9999986323693538	0.09342285392478362	0.15171927858035095	[1580, 438, 2627, 301]	{4 4 1 4 }12182
125	0.9999958955925526	0.9999988033231846	0.09342285392478362	0.23406813284548655	[2051, 1849, 420, 1791]	{1 1 1 1 }12089
126	0.9999962803807508	0.999998915511636	0.09342285392478362	0.2432076968032913	[10, 734, 19, 1460]	{1 4 3 3 }12029
127	0.9999966290950554	0.9999990171824201	0.09342285392478362	0.17256017448350755	[241, 132, 19, 400]	{1 2 3 1 }12031
128	0.999996945117394	0.9999991093215682	0.09342285392478362	0.18409958454888178	[846, 10, 734, 19]	{2 1 1 2 }12315
129	0.9999972315126383	0.9999991928226712	0.09342285392478362	0.22809991381131928	[107, 10, 734, 19]	{2 1 3 1 }12192
130	0.9999974910583285	0.9999992937198373	0.09342285392478362	0.10967630417876868	[734, 10, 232, 2047]	{1 1 1 2 }11972
131	0.9999977262716101	0.9999993599336026	0.09342285392478362	0.1331556974924919	[1791, 420, 158, 10]	{3 2 3 2 }12113
132	0.9999979394336467	0.9999994199398273	0.09342285392478362	0.2351386557927953	[734, 19, 132, 217]	{2 1 4 1 }12039
133	0.9999981326117423	0.9999994924473489	0.09342285392478362	0.261243628614468	[320, 232, 10, 1873]	{2 3 3 3 }12044
134	0.9999983076793915	0.9999995558914303	0.09342285392478362	0.18409958454888178	[846, 10, 734, 19]	{4 2 3 3 }12059
135	0.9999984663344486	0.9999995975266087	0.09342285392478362	0.15171927858035095	[1580, 438, 2627, 301]	{2 1 2 2 }12102
136	0.999998610115594	0.9999996352584891	0.09342285392478362	0.1331556974924919	[1791, 420, 158, 10]	{3 4 3 4 }11990
137	0.999998740417257	0.9999996694530058	0.09342285392478362	0.15171927858035095	[1580, 438, 2627, 301]	{4 3 4 3 }12182
138	0.9999988585031392	0.9999997004417865	0.09342285392478362	0.11096716357569314	[241, 132, 19, 1987]	{3 3 4 2 }12380
139	0.9999989655184699	0.999999728525369	0.09342285392478362	0.1863095301996846	[10, 734, 19, 1987]	{4 1 1 4 }12100
140	0.9999990625011134	0.9999997624596979	0.09342285392478362	0.18409958454888178	[846, 10, 734, 19]	{1 4 4 1 }12124
141	0.999999150391634	0.9999997847291012	0.09342285392478362	0.11096716357569314	[241, 132, 19, 1987]	{1 3 4 1 }12063
142	0.9999992300424183	0.9999998049107479	0.09342285392478362	0.3037393594195932	[1549, 162, 420, 1791]	{1 2 4 2 }12083
143	0.9999993022259416	0.9999998232003654	0.09342285392478362	0.1658702990684433	[1549, 162, 107, 10]	{4 1 4 2 }11976
144	0.9999993676422595	0.9999998397753311	0.09342285392478362	0.1331556974924919	[1791, 420, 158, 10]	{1 3 3 4 }11983
145	0.9999994269257977	0.9999998547963938	0.09342285392478362	0.15171927858035095	[1580, 438, 2627, 301]	{2 2 1 4 }12211
146	0.9999994806515041	0.9999998684092319	0.09342285392478362	0.09442435626187316	[10, 734, 19, 132]	{3 2 1 1 }12279
147	0.9999995293404257	0.9999998807458664	0.09342285392478362	0.10106064337290116	[19, 132, 241, 1031]	{2 1 4 2 }12779
148	0.9999995734647608	0.9999998956526331	0.09342285392478362	0.20639027444725327	[846, 10, 232, 2047]	{3 3 1 2 }12782
149	0.9999996134524395	0.9999999054351988	0.09342285392478362	0.1658702990684433	[1549, 162, 107, 10]	{4 1 3 4 }12671
150	0.9999996496912732	0.9999999143006488	0.09342285392478362	0.09342285392478362	[734, 19, 132, 241]	{1 3 2 4 }12576
151	0.9999996825327164	0.999999922334963	0.09342285392478362	0.19631517231700574	[158, 10, 734, 19]	{4 1 2 1 }12551
152	0.9999997122952742	0.9999999320430927	0.09342285392478362	0.10967630417876868	[734, 10, 232, 2047]	{1 4 3 3 }12554
153	0.9999997392675922	0.9999999384140528	0.09342285392478362	0.33672236290018276	[988, 420, 158, 10]	{4 4 3 4 }12231
154	0.9999997637112554	0.9999999441877353	0.09342285392478362	0.3037393594195932	[1549, 162, 420, 1791]	{3 3 4 3 }12133
155	0.9999997858633253	0.999999949420135	0.09342285392478362	0.1658702990684433	[1549, 162, 107, 10]	{3 2 2 4 }12433
156	0.9999998059386386	0.9999999541619974	0.09342285392478362	0.15970201954013888	[19, 132, 241, 1126]	{3 3 4 1 }12370
157	0.9999998241318911	0.9999999584593102	0.09342285392478362	0.09342285392478362	[734, 19, 132, 241]	{3 2 4 1 }12100
158	0.9999998406195264	0.9999999623537499	0.09342285392478362	0.31607803531983686	[2149, 420, 158, 10]	{3 2 4 4 }11951
159	0.9999998555614458	0.9999999658830858	0.09342285392478362	0.32250871948245796	[1792, 232, 10, 494]	{2 4 4 2 }11974
160	0.9999998691025602	0.9999999690815465	0.09342285392478362	0.23406813284548655	[2051, 1849, 420, 1791]	{2 2 1 1 }11982
161	0.9999998813741953	0.9999999719801516	0.09342285392478362	0.09342285392478362	[734, 19, 132, 241]	{2 4 3 1 }12121
162	0.9999998924953644	0.9999999754826325	0.09342285392478362	0.2432076968032913	[10, 734, 19, 3308]	{1 4 1 4 }12834
163	0.999999902573924	0.9999999777811358	0.09342285392478362	0.15970201954013888	[19, 132, 241, 1126]	{2 4 1 2 }12608
164	0.9999999117076186	0.9999999798641543	0.09342285392478362	0.09442435626187316	[10, 734, 19, 132]	{1 3 2 2 }12659
165	0.9999999199850294	0.999999982381135	0.09342285392478362	0.10967630417876868	[734, 10, 232, 2047]	{1 2 2 1 }12705
166	0.9999999274864328	0.9999999840329036	0.09342285392478362	0.11096716357569314	[241, 132, 19, 1987]	{1 2 1 3 }12649
167	0.9999999342845798	0.9999999855298188	0.09342285392478362	0.09442435626187316	[10, 734, 19, 132]	{4 3 2 2 }12736
168	0.9999999404454004	0.9999999868863984	0.09342285392478362	0.2821439004759725	[2636, 162, 107, 10]	{2 2 4 2 }12648
169	0.9999999460286442	0.9999999881157985	0.09342285392478362	0.2159322305028718	[2627, 438, 2729, 301]	{1 2 2 2 }12769
170	0.9999999510884587	0.9999999892299424	0.09342285392478362	0.1331556974924919	[1791, 420, 158, 10]	{1 3 3 2 }12681
171	0.9999999556739158	0.9999999905761996	0.09342285392478362	0.33672236290018276	[988, 420, 158, 10]	{3 2 2 4 }12681
172	0.9999999598294862	0.9999999914596809	0.09342285392478362	0.27336962590975883	[394, 193, 232, 10]	{3 3 3 2 }12753
173	0.9999999635954718	0.9999999922603358	0.09342285392478362	0.29957199830378295	[1265, 193, 232, 10]	{1 1 3 1 }12495
174	0.9999999670083963	0.9999999932277939	0.09342285392478362	0.10967630417876868	[734, 10, 232, 2047]	{2 4 4 1 }12863
175	0.9999999701013592	0.9999999938626881	0.09342285392478362	0.10106064337290116	[19, 132, 241, 1031]	{1 3 1 4 }12751
176	0.9999999729043567	0.9999999946298521	0.09342285392478362	0.10106064337290116	[19, 132, 241, 1031]	{1 1 2 4 }12575
177	0.9999999754445733	0.9999999951333035	0.09342285392478362	0.09442435626187316	[10, 734, 19, 132]	{1 2 4 4 }12525
178	0.9999999777466445	0.9999999955895563	0.09342285392478362	0.10106064337290116	[19, 132, 241, 1031]	{2 4 2 1 }12596
179	0.9999999798328967	0.9999999960030354	0.09342285392478362	0.16786533017929983	[241, 132, 19, 3308]	{1 3 2 1 }12620
180	0.9999999817235625	0.9999999963777508	0.09342285392478362	0.09442435626187316	[10, 734, 19, 132]	{1 2 3 3 }12576
181	0.9999999834369786	0.9999999967173366	0.09342285392478362	0.24868901341485986	[1849, 420, 158, 10]	{3 3 1 2 }12714
182	0.9999999849897618	0.9999999970250864	0.09342285392478362	0.27387005898727984	[320, 232, 10, 494]	{4 3 3 4 }13262
183	0.9999999863969716	0.9999999973039845	0.09342285392478362	0.09342285392478362	[734, 19, 132, 241]	{1 3 2 4 }12580
184	0.9999999876722556	0.999999997556736	0.09342285392478362	0.22391768087519365	[377, 162, 107, 10]	{2 4 4 4 }12583
185	0.9999999888279816	0.999999997785792	0.09342285392478362	0.17256017448350755	[241, 132, 19, 400]	{1 1 2 3 }12586
186	0.9999999898753583	0.999999997993374	0.09342285392478362	0.11096716357569314	[241, 132, 19, 1987]	{4 1 4 3 }12579
187	0.9999999908245435	0.9999999981814952	0.09342285392478362	0.2679749203014432	[2309, 420, 158, 10]	{1 3 3 2 }12499
188	0.9999999916847425	0.99999999835198	0.09342285392478362	0.261243628614468	[320, 232, 10, 1873]	{1 1 4 1 }12273
189	0.9999999924642979	0.9999999985064819	0.09342285392478362	0.09442435626187316	[10, 734, 19, 132]	{1 4 2 4 }11990
190	0.99999999317077	0.9999999986931717	0.09342285392478362	0.10967630417876868	[734, 10, 232, 2047]	{3 1 3 3 }12609
191	0.9999999938110103	0.9999999988156868	0.09342285392478362	0.09342285392478362	[734, 19, 132, 241]	{1 3 2 4 }11987
192	0.9999999943912281	0.9999999990130723	0.09342285392478362	0.20639027444725327	[846, 10, 232, 2047]	{2 2 3 3 }12187
193	0.9999999949170505	0.9999999991055968	0.09342285392478362	0.11096716357569314	[241, 132, 19, 1987]	{3 2 3 1 }12001
194	0.999999995393577	0.9999999991894472	0.09342285392478362	0.10967630417876868	[734, 10, 232, 2047]	{1 4 4 2 }12310
195	0.9999999958254291	0.9999999992654365	0.09342285392478362	0.3741107101760138	[2238, 1549, 162, 10]	{3 4 3 3 }12116
196	0.9999999962167951	0.9999999993343017	0.09342285392478362	0.2491247369771322	[359, 158, 420, 1791]	{2 1 1 2 }12147
197	0.9999999965714707	0.999999999396711	0.09342285392478362	0.09442435626187316	[10, 734, 19, 132]	{1 3 4 4 }12408
198	0.9999999968928952	0.9999999994721221	0.09342285392478362	0.10967630417876868	[734, 10, 232, 2047]	{1 3 2 2 }12401
199	0.9999999971841863	0.9999999995216107	0.09342285392478362	0.22391768087519365	[377, 162, 107, 10]	{3 2 1 2 }12310
200	0.9999999974481688	0.9999999995664597	0.09342285392478362	0.1658702990684433	[1549, 162, 107, 10]	{3 4 4 3 }12266
201	0.999999997687403	0.9999999996071041	0.09342285392478362	0.16786533017929983	[241, 132, 19, 3308]	{1 1 2 4 }12560
202	0.999999997904209	0.999999999643938	0.09342285392478362	0.09342285392478362	[734, 19, 132, 241]	{4 1 2 3 }12194
203	0.9999999981006894	0.9999999997032817	0.09342285392478362	0.2820276886528734	[1820, 10, 232, 2047]	{2 2 4 4 }12357
204	0.9999999982787497	0.9999999997403715	0.09342285392478362	0.10967630417876868	[734, 10, 232, 2047]	{3 3 2 2 }12651
205	0.999999998440117	0.999999999772825	0.09342285392478362	0.3443348273352416	[1726, 132, 241, 1031]	{4 4 4 2 }12584
206	0.999999998586356	0.9999999997941227	0.09342285392478362	0.15171927858035095	[1580, 438, 2627, 301]	{3 2 3 3 }12713
207	0.9999999987188851	0.9999999998198573	0.09342285392478362	0.10967630417876868	[734, 10, 232, 2047]	{4 3 3 4 }12484
208	0.9999999988389896	0.9999999998423752	0.09342285392478362	0.10967630417876868	[734, 10, 232, 2047]	{3 2 3 2 }12921
209	0.9999999989478344	0.9999999998571525	0.09342285392478362	0.09442435626187316	[10, 734, 19, 132]	{4 1 2 2 }12456
210	0.9999999990464749	0.9999999998705444	0.09342285392478362	0.1658702990684433	[1549, 162, 107, 10]	{3 3 1 3 }12427
211	0.9999999991358679	0.999999999882681	0.09342285392478362	0.16786533017929983	[241, 132, 19, 3308]	{2 2 3 4 }12816
212	0.9999999992168802	0.9999999998936796	0.09342285392478362	0.22391768087519365	[377, 162, 107, 10]	{1 2 2 2 }12082
213	0.9999999992902977	0.9999999999036472	0.09342285392478362	0.4432634425618156	[1549, 107, 10, 1873]	{3 3 3 4 }12249
214	0.9999999993568324	0.9999999999126802	0.09342285392478362	0.09342285392478362	[734, 19, 132, 241]	{3 2 1 4 }12414
215	0.9999999994171292	0.9999999999208664	0.09342285392478362	0.22391768087519365	[377, 162, 107, 10]	{3 1 3 3 }12668
216	0.9999999994717734	0.9999999999282853	0.09342285392478362	0.22391768087519365	[377, 162, 107, 10]	{2 2 3 2 }12351
217	0.9999999995212947	0.9999999999350084	0.09342285392478362	0.1331556974924919	[1791, 420, 158, 10]	{4 4 3 4 }12106
218	0.9999999995661732	0.9999999999411014	0.09342285392478362	0.10106064337290116	[19, 132, 241, 1031]	{1 1 3 2 }12082
219	0.9999999996068445	0.9999999999466231	0.09342285392478362	0.3037393594195932	[1549, 162, 420, 1791]	{4 4 4 1 }11990
220	0.9999999996437029	0.9999999999516272	0.09342285392478362	0.1863095301996846	[10, 734, 19, 1987]	{3 4 4 1 }11992
221	0.9999999996771057	0.9999999999561622	0.09342285392478362	0.34274742368807926	[241, 132, 1032, 370]	{1 1 1 4 }11991
222	0.9999999997073771	0.9999999999634684	0.09342285392478362	0.18487383348289899	[1580, 438, 2729, 301]	{2 1 1 4 }11977
223	0.9999999997348105	0.9999999999680349	0.09342285392478362	0.3590557973508303	[420, 158, 10, 1873]	{2 2 1 2 }11973
224	0.999999999759672	0.9999999999710316	0.09342285392478362	0.11096716357569314	[241, 132, 19, 1987]	{4 2 1 4 }12030
225	0.9999999997822028	0.9999999999737474	0.09342285392478362	0.19631517231700574	[158, 10, 734, 19]	{1 2 2 2 }12004
226	0.9999999998026212	0.999999999977029	0.09342285392478362	0.18409958454888178	[846, 10, 734, 19]	{4 3 4 3 }12251
227	0.9999999998211255	0.9999999999791825	0.09342285392478362	0.2351386557927953	[734, 19, 132, 217]	{2 3 4 3 }12071
228	0.999999999837895	0.9999999999811342	0.09342285392478362	0.09442435626187316	[10, 734, 19, 132]	{1 3 4 3 }11983
229	0.9999999998530923	0.9999999999829029	0.09342285392478362	0.15970201954013888	[19, 132, 241, 1126]	{4 4 2 1 }12025
230	0.9999999998668649	0.99999999998504	0.09342285392478362	0.10967630417876868	[734, 10, 232, 2047]	{3 3 3 4 }12008
231	0.9999999998793463	0.9999999999864425	0.09342285392478362	0.23406813284548655	[2051, 1849, 420, 1791]	{2 3 2 3 }12135
232	0.9999999998906576	0.9999999999877135	0.09342285392478362	0.1331556974924919	[1791, 420, 158, 10]	{1 2 2 4 }12148
233	0.9999999999009085	0.9999999999888654	0.09342285392478362	0.18409958454888178	[846, 10, 734, 19]	{3 1 3 3 }11944
234	0.9999999999101983	0.9999999999907211	0.09342285392478362	0.20639027444725327	[846, 10, 232, 2047]	{1 4 4 2 }11995
235	0.9999999999186172	0.9999999999915911	0.09342285392478362	0.15171927858035095	[1580, 438, 2627, 301]	{4 2 2 1 }11942
236	0.9999999999262469	0.9999999999923794	0.09342285392478362	0.1331556974924919	[1791, 420, 158, 10]	{2 1 4 1 }12005
237	0.9999999999331612	0.9999999999930939	0.09342285392478362	0.1331556974924919	[1791, 420, 158, 10]	{2 3 3 4 }12624
238	0.9999999999394273	0.9999999999937412	0.09342285392478362	0.10106064337290116	[19, 132, 241, 1031]	{3 3 4 1 }12375
239	0.999999999945106	0.9999999999947844	0.09342285392478362	0.20639027444725327	[846, 10, 232, 2047]	{2 2 1 1 }12686
240	0.9999999999502523	0.9999999999954363	0.09342285392478362	0.10967630417876868	[734, 10, 232, 2047]	{3 2 3 3 }12598
241	0.9999999999549162	0.9999999999958642	0.09342285392478362	0.1658702990684433	[1549, 162, 107, 10]	{2 2 1 1 }12745
242	0.9999999999591428	0.9999999999963811	0.09342285392478362	0.10967630417876868	[734, 10, 232, 2047]	{3 4 4 4 }12696
243	0.9999999999629732	0.9999999999968335	0.09342285392478362	0.21860586221537726	[158, 10, 232, 2047]	{1 1 2 2 }12626
244	0.9999999999664444	0.9999999999971304	0.09342285392478362	0.15970201954013888	[19, 132, 241, 1126]	{1 3 2 1 }12645
245	0.9999999999695902	0.9999999999973994	0.09342285392478362	0.09342285392478362	[734, 19, 132, 241]	{1 2 4 3 }12793
246	0.9999999999724412	0.9999999999976432	0.09342285392478362	0.23406813284548655	[2051, 1849, 420, 1791]	{2 4 3 4 }12831
247	0.9999999999750248	0.9999999999978642	0.09342285392478362	0.11096716357569314	[241, 132, 19, 1987]	{2 1 3 2 }12563
248	0.9999999999773662	0.9999999999980644	0.09342285392478362	0.10106064337290116	[19, 132, 241, 1031]	{3 3 1 2 }12654
249	0.9999999999794882	0.9999999999983064	0.09342285392478362	0.10967630417876868	[734, 10, 232, 2047]	{3 4 1 4 }12546
250	0.9999999999814111	0.9999999999984651	0.09342285392478362	0.15171927858035095	[1580, 438, 2627, 301]	{2 4 2 4 }12687
251	0.9999999999831538	0.999999999998657	0.09342285392478362	0.18409958454888178	[846, 10, 734, 19]	{1 2 2 4 }12565
252	0.9999999999847332	0.9999999999987829	0.09342285392478362	0.19631517231700574	[158, 10, 734, 19]	{2 1 1 3 }12694
253	0.9999999999861644	0.999999999998897	0.09342285392478362	0.1658702990684433	[1549, 162, 107, 10]	{2 2 3 4 }12452
254	0.9999999999874615	0.9999999999990004	0.09342285392478362	0.15171927858035095	[1580, 438, 2627, 301]	{1 1 4 1 }12670
255	0.999999999988637	0.9999999999990941	0.09342285392478362	0.15970201954013888	[19, 132, 241, 1126]	{1 4 3 1 }12707
256	0.9999999999897022	0.999999999999179	0.09342285392478362	0.09342285392478362	[734, 19, 132, 241]	{3 1 2 4 }12929
257	0.9999999999906677	0.999999999999256	0.09342285392478362	0.1331556974924919	[1791, 420, 158, 10]	{2 2 2 3 }12955
258	0.9999999999915425	0.9999999999993258	0.09342285392478362	0.24868901341485986	[1849, 420, 158, 10]	{4 3 1 1 }12777
259	0.9999999999923355	0.9999999999994756	0.09342285392478362	0.23406813284548655	[2051, 1849, 420, 1791]	{4 4 4 4 }12588
260	0.999999999993054	0.9999999999995247	0.09342285392478362	0.15171927858035095	[1580, 438, 2627, 301]	{2 2 3 4 }12539
261	0.9999999999937053	0.9999999999995693	0.09342285392478362	0.31932295378312203	[734, 19, 132, 168]	{1 3 4 4 }12725
262	0.9999999999942953	0.9999999999996096	0.09342285392478362	0.09442435626187316	[10, 734, 19, 132]	{1 4 2 4 }12582
263	0.9999999999948301	0.9999999999996463	0.09342285392478362	0.10106064337290116	[19, 132, 241, 1031]	{1 2 1 4 }12684
264	0.9999999999953149	0.9999999999996795	0.09342285392478362	0.22391768087519365	[377, 162, 107, 10]	{2 2 1 1 }12209
265	0.9999999999957541	0.9999999999997196	0.09342285392478362	0.22391768087519365	[377, 162, 107, 10]	{1 3 1 1 }12077
266	0.9999999999961521	0.9999999999997458	0.09342285392478362	0.261243628614468	[320, 232, 10, 1873]	{4 4 2 4 }12596
267	0.9999999999965129	0.9999999999997776	0.09342285392478362	0.18409958454888178	[846, 10, 734, 19]	{2 1 1 3 }12234
268	0.9999999999968398	0.9999999999997984	0.09342285392478362	0.34768484765490465	[320, 232, 10, 161]	{3 1 1 1 }12010
269	0.9999999999971361	0.9999999999998174	0.09342285392478362	0.22391768087519365	[377, 162, 107, 10]	{3 2 1 2 }12109
270	0.9999999999974045	0.9999999999998345	0.09342285392478362	0.16786533017929983	[241, 132, 19, 3308]	{1 3 1 2 }11993
271	0.9999999999976479	0.99999999999985	0.09342285392478362	0.1863095301996846	[10, 734, 19, 1987]	{2 4 4 3 }12006
272	0.9999999999978684	0.999999999999864	0.09342285392478362	0.2351386557927953	[734, 19, 132, 217]	{4 1 2 1 }11957
273	0.9999999999980682	0.9999999999998768	0.09342285392478362	0.16786533017929983	[241, 132, 19, 3308]	{4 1 3 4 }11969
274	0.9999999999982493	0.9999999999998883	0.09342285392478362	0.17256017448350755	[241, 132, 19, 400]	{3 4 3 1 }12283
275	0.9999999999984135	0.9999999999998989	0.09342285392478362	0.31607803531983686	[2149, 420, 158, 10]	{4 1 1 1 }11965
276	0.9999999999985622	0.9999999999999083	0.09342285392478362	0.24868901341485986	[1849, 420, 158, 10]	{4 1 4 4 }11986
277	0.9999999999986969	0.9999999999999168	0.09342285392478362	0.1658702990684433	[1549, 162, 107, 10]	{4 3 4 3 }12008
278	0.9999999999988192	0.9999999999999247	0.09342285392478362	0.19631517231700574	[158, 10, 734, 19]	{1 2 2 2 }12014
279	0.9999999999989299	0.9999999999999317	0.09342285392478362	0.2639011924364392	[1579, 1580, 438, 3366]	{1 1 1 2 }12025
280	0.9999999999990302	0.9999999999999382	0.09342285392478362	0.18409958454888178	[846, 10, 734, 19]	{1 4 3 4 }12006
281	0.9999999999991211	0.9999999999999439	0.09342285392478362	0.29957199830378295	[1265, 193, 232, 10]	{1 1 1 3 }12278
282	0.9999999999992035	0.9999999999999492	0.09342285392478362	0.22391768087519365	[377, 162, 107, 10]	{3 2 3 3 }12059
283	0.9999999999992781	0.9999999999999539	0.09342285392478362	0.22809991381131928	[107, 10, 734, 19]	{4 2 2 2 }12199
284	0.9999999999993459	0.9999999999999583	0.09342285392478362	0.16786533017929983	[241, 132, 19, 3308]	{3 3 1 2 }12306
285	0.9999999999994071	0.9999999999999621	0.09342285392478362	0.09342285392478362	[734, 19, 132, 241]	{4 2 3 1 }12355
286	0.9999999999994628	0.9999999999999657	0.09342285392478362	0.2159322305028718	[2627, 438, 2729, 301]	{3 3 3 3 }12579
287	0.9999999999995131	0.9999999999999689	0.09342285392478362	0.09342285392478362	[734, 19, 132, 241]	{2 4 3 1 }12466
288	0.9999999999995588	0.9999999999999728	0.09342285392478362	0.2432076968032913	[10, 734, 19, 3308]	{4 1 3 3 }12680
289	0.9999999999996001	0.9999999999999754	0.09342285392478362	0.22391768087519365	[377, 162, 107, 10]	{2 1 3 1 }12983
290	0.9999999999996376	0.9999999999999777	0.09342285392478362	0.2432076968032913	[10, 734, 19, 3308]	{1 4 4 2 }12997
291	0.9999999999996716	0.9999999999999805	0.09342285392478362	0.3472013320728294	[2047, 232, 10, 494]	{4 2 4 4 }12579
292	0.9999999999997023	0.9999999999999829	0.09342285392478362	0.10967630417876868	[734, 10, 232, 2047]	{2 4 2 4 }12639
293	0.9999999999997303	0.9999999999999846	0.09342285392478362	0.2639011924364392	[1579, 1580, 438, 3366]	{2 4 3 3 }13167
294	0.9999999999997555	0.999999999999986	0.09342285392478362	0.1863095301996846	[10, 734, 19, 1987]	{3 2 3 3 }12709
295	0.9999999999997785	0.9999999999999877	0.09342285392478362	0.3632082768985782	[3819, 438, 2627, 301]	{3 2 3 3 }12607
296	0.9999999999997993	0.9999999999999889	0.09342285392478362	0.1658702990684433	[1549, 162, 107, 10]	{1 1 2 2 }12830
297	0.999999999999818	0.9999999999999899	0.09342285392478362	0.1658702990684433	[1549, 162, 107, 10]	{2 4 4 3 }12725
298	0.9999999999998351	0.9999999999999909	0.09342285392478362	0.19631517231700574	[158, 10, 734, 19]	{2 3 2 2 }12631
299	0.9999999999998506	0.9999999999999917	0.09342285392478362	0.1863095301996846	[10, 734, 19, 1987]	{2 1 2 2 }12595
300	0.9999999999998646	0.9999999999999925	0.09342285392478362	0.19631517231700574	[158, 10, 734, 19]	{3 2 1 1 }12457
301	0.9999999999998773	0.9999999999999932	0.09342285392478362	0.18409958454888178	[846, 10, 734, 19]	{2 4 2 4 }12537
302	0.9999999999998888	0.9999999999999938	0.09342285392478362	0.15171927858035095	[1580, 438, 2627, 301]	{3 3 2 2 }12891
303	0.9999999999998992	0.9999999999999949	0.09342285392478362	0.20639027444725327	[846, 10, 232, 2047]	{1 4 3 4 }12793
304	0.9999999999999086	0.9999999999999953	0.09342285392478362	0.2639011924364392	[1579, 1580, 438, 3366]	{2 2 3 2 }12239
305	0.9999999999999172	0.9999999999999958	0.09342285392478362	0.15970201954013888	[19, 132, 241, 1126]	{3 3 4 1 }12935
306	0.999999999999925	0.9999999999999962	0.09342285392478362	0.15970201954013888	[19, 132, 241, 1126]	{4 2 4 3 }13578
307	0.999999999999932	0.9999999999999967	0.09342285392478362	0.16786533017929983	[241, 132, 19, 3308]	{4 1 3 4 }14300
308	0.9999999999999384	0.999999999999997	0.09342285392478362	0.11096716357569314	[241, 132, 19, 1987]	{1 3 1 2 }12732
309	0.9999999999999442	0.9999999999999973	0.09342285392478362	0.18409958454888178	[846, 10, 734, 19]	{1 3 1 1 }12627
310	0.9999999999999494	0.9999999999999976	0.09342285392478362	0.1331556974924919	[1791, 420, 158, 10]	{3 4 1 4 }13316
311	0.9999999999999541	0.9999999999999978	0.09342285392478362	0.24868901341485986	[1849, 420, 158, 10]	{4 3 3 4 }12376
312	0.9999999999999585	0.9999999999999982	0.09342285392478362	0.20639027444725327	[846, 10, 232, 2047]	{3 2 1 2 }12569
313	0.9999999999999624	0.9999999999999983	0.09342285392478362	0.24868901341485986	[1849, 420, 158, 10]	{3 4 1 1 }12210
314	0.9999999999999659	0.9999999999999986	0.09342285392478362	0.30988228910964616	[1792, 232, 10, 1873]	{4 1 1 4 }12093
315	0.999999999999969	0.9999999999999987	0.09342285392478362	0.10967630417876868	[734, 10, 232, 2047]	{1 4 4 4 }12060
316	0.999999999999972	0.9999999999999988	0.09342285392478362	0.24790254110749904	[10, 734, 19, 400]	{2 1 2 1 }12183
317	0.9999999999999746	0.999999999999999	0.09342285392478362	0.16786533017929983	[241, 132, 19, 3308]	{1 4 3 1 }12620
318	0.999999999999977	0.9999999999999991	0.09342285392478362	0.09342285392478362	[734, 19, 132, 241]	{2 3 4 1 }12631
319	0.9999999999999791	0.9999999999999991	0.09342285392478362	0.203625994058398	[19, 132, 241, 2872]	{1 3 1 4 }12605
320	0.9999999999999811	0.9999999999999992	0.09342285392478362	0.19631517231700574	[158, 10, 734, 19]	{1 2 2 3 }13142
321	0.9999999999999829	0.9999999999999993	0.09342285392478362	0.261243628614468	[320, 232, 10, 1873]	{1 4 3 4 }12545
322	0.9999999999999845	0.9999999999999993	0.09342285392478362	0.2159322305028718	[2627, 438, 2729, 301]	{1 2 2 4 }12574
323	0.9999999999999859	0.9999999999999994	0.09342285392478362	0.18409958454888178	[846, 10, 734, 19]	{3 4 4 2 }12305
324	0.9999999999999872	0.9999999999999994	0.09342285392478362	0.2639011924364392	[1579, 1580, 438, 3366]	{3 1 3 1 }12079
325	0.9999999999999885	0.9999999999999996	0.09342285392478362	0.09442435626187316	[10, 734, 19, 132]	{3 4 1 3 }12682
326	0.9999999999999896	0.9999999999999996	0.09342285392478362	0.1658702990684433	[1549, 162, 107, 10]	{1 3 2 1 }12871
327	0.9999999999999906	0.9999999999999997	0.09342285392478362	0.1331556974924919	[1791, 420, 158, 10]	{4 1 3 4 }12579
328	0.9999999999999915	0.9999999999999997	0.09342285392478362	0.09342285392478362	[734, 19, 132, 241]	{3 4 2 1 }12384
329	0.9999999999999922	0.9999999999999997	0.09342285392478362	0.16786533017929983	[241, 132, 19, 3308]	{1 2 1 3 }12659
330	0.9999999999999929	0.9999999999999997	0.09342285392478362	0.09342285392478362	[734, 19, 132, 241]	{3 1 4 2 }12606
331	0.9999999999999936	0.9999999999999998	0.09342285392478362	0.15171927858035095	[1580, 438, 2627, 301]	{4 1 1 1 }13235
332	0.9999999999999942	0.9999999999999998	0.09342285392478362	0.18409958454888178	[846, 10, 734, 19]	{1 3 1 2 }12725
333	0.9999999999999948	0.9999999999999998	0.09342285392478362	0.1658702990684433	[1549, 162, 107, 10]	{4 1 2 1 }12929
334	0.9999999999999952	0.9999999999999998	0.09342285392478362	0.22391768087519365	[377, 162, 107, 10]	{1 3 3 4 }12663
335	0.9999999999999957	0.9999999999999999	0.09342285392478362	0.1658702990684433	[1549, 162, 107, 10]	{4 2 2 2 }13233
336	0.9999999999999961	0.9999999999999999	0.09342285392478362	0.10967630417876868	[734, 10, 232, 2047]	{1 4 1 1 }13194
337	0.9999999999999964	0.9999999999999999	0.09342285392478362	0.24868901341485986	[1849, 420, 158, 10]	{3 3 3 4 }12672
338	0.9999999999999968	0.9999999999999999	0.09342285392478362	0.1331556974924919	[1791, 420, 158, 10]	{4 3 1 4 }12807
339	0.9999999999999971	0.9999999999999999	0.09342285392478362	0.10106064337290116	[19, 132, 241, 1031]	{3 4 1 3 }12643
340	0.9999999999999973	0.9999999999999999	0.09342285392478362	0.10106064337290116	[19, 132, 241, 1031]	{1 4 2 1 }12879
341	0.9999999999999976	0.9999999999999999	0.09342285392478362	0.15171927858035095	[1580, 438, 2627, 301]	{4 2 3 2 }12626
342	0.9999999999999978	0.9999999999999999	0.09342285392478362	0.15171927858035095	[1580, 438, 2627, 301]	{4 1 2 2 }12556
343	0.999999999999998	0.9999999999999999	0.09342285392478362	0.1331556974924919	[1791, 420, 158, 10]	{1 2 4 2 }12492
344	0.9999999999999982	0.9999999999999999	0.09342285392478362	0.16786533017929983	[241, 132, 19, 3308]	{4 4 3 2 }12795
345	0.9999999999999983	1.0	0.09342285392478362	0.10106064337290116	[19, 132, 241, 1031]	{1 3 2 1 }12738
346	0.9999999999999986	1.0	0.09342285392478362	0.15171927858035095	[1580, 438, 2627, 301]	{4 2 2 4 }12503
347	0.9999999999999987	1.0	0.09342285392478362	0.15171927858035095	[1580, 438, 2627, 301]	{1 4 4 2 }12853
348	0.9999999999999988	1.0	0.09342285392478362	0.15970201954013888	[19, 132, 241, 1126]	{2 1 4 2 }12658
349	0.9999999999999989	1.0	0.09342285392478362	0.15970201954013888	[19, 132, 241, 1126]	{2 1 2 3 }12839
350	0.999999999999999	1.0	0.09342285392478362	0.10967630417876868	[734, 10, 232, 2047]	{1 3 3 1 }12839
351	0.9999999999999991	1.0	0.09342285392478362	0.32250871948245796	[1792, 232, 10, 494]	{2 2 4 4 }12948
352	0.9999999999999992	1.0	0.09342285392478362	0.16786533017929983	[241, 132, 19, 3308]	{1 1 2 4 }12620
353	0.9999999999999992	1.0	0.09342285392478362	0.1658702990684433	[1549, 162, 107, 10]	{2 3 4 2 }12798
354	0.9999999999999993	1.0	0.09342285392478362	0.11096716357569314	[241, 132, 19, 1987]	{4 4 3 1 }12620
355	0.9999999999999994	1.0	0.09342285392478362	0.16786533017929983	[241, 132, 19, 3308]	{3 1 3 4 }12752
356	0.9999999999999994	1.0	0.09342285392478362	0.1658702990684433	[1549, 162, 107, 10]	{4 4 3 4 }12952
357	0.9999999999999996	1.0	0.09342285392478362	0.15171927858035095	[1580, 438, 2627, 301]	{1 3 4 1 }12605
358	0.9999999999999996	1.0	0.09342285392478362	0.15970201954013888	[19, 132, 241, 1126]	{1 4 1 2 }12710
359	0.9999999999999996	1.0	0.09342285392478362	0.2159322305028718	[2627, 438, 2729, 301]	{4 4 4 4 }12621
360	0.9999999999999997	1.0	0.09342285392478362	0.37294277912297646	[734, 19, 422, 432]	{2 4 1 4 }12574
361	0.9999999999999997	1.0	0.09342285392478362	0.09442435626187316	[10, 734, 19, 132]	{3 1 2 1 }12411
362	0.9999999999999997	1.0	0.09342285392478362	0.09342285392478362	[734, 19, 132, 241]	{3 4 2 1 }12263
363	0.9999999999999998	1.0	0.09342285392478362	0.20639027444725327	[846, 10, 232, 2047]	{4 4 4 3 }12120
364	0.9999999999999998	1.0	0.09342285392478362	0.1331556974924919	[1791, 420, 158, 10]	{2 3 4 3 }12060
365	0.9999999999999998	1.0	0.09342285392478362	0.20639027444725327	[846, 10, 232, 2047]	{1 2 2 2 }12156
366	0.9999999999999998	1.0	0.09342285392478362	0.10106064337290116	[19, 132, 241, 1031]	{2 2 3 4 }12106
367	0.9999999999999998	1.0	0.09342285392478362	0.09442435626187316	[10, 734, 19, 132]	{2 4 3 4 }12412
368	0.9999999999999998	1.0	0.09342285392478362	0.09342285392478362	[734, 19, 132, 241]	{3 4 2 1 }12055
369	0.9999999999999999	1.0	0.09342285392478362	0.22809991381131928	[107, 10, 734, 19]	{4 1 1 4 }12040
370	0.9999999999999999	1.0	0.09342285392478362	0.09342285392478362	[734, 19, 132, 241]	{1 3 4 2 }12119
371	0.9999999999999999	1.0	0.09342285392478362	0.09442435626187316	[10, 734, 19, 132]	{2 4 3 4 }12161
372	0.9999999999999999	1.0	0.09342285392478362	0.11096716357569314	[241, 132, 19, 1987]	{1 1 3 4 }12018
373	0.9999999999999999	1.0	0.09342285392478362	0.10106064337290116	[19, 132, 241, 1031]	{3 1 3 2 }12198
374	0.9999999999999999	1.0	0.09342285392478362	0.18487383348289899	[1580, 438, 2729, 301]	{1 4 4 3 }12041
375	0.9999999999999999	1.0	0.09342285392478362	0.18487383348289899	[1580, 438, 2729, 301]	{2 2 2 2 }12345
376	0.9999999999999999	1.0	0.09342285392478362	0.33245854227976523	[394, 193, 232, 2047]	{3 1 2 1 }12192
377	0.9999999999999999	1.0	0.09342285392478362	0.29957199830378295	[1265, 193, 232, 10]	{4 1 1 3 }12140
378	0.9999999999999999	1.0	0.09342285392478362	0.09342285392478362	[734, 19, 132, 241]	{3 1 4 2 }12085
379	0.9999999999999999	1.0	0.09342285392478362	0.2491247369771322	[359, 158, 420, 1791]	{3 3 1 3 }12213
380	1.0	1.0	0.09342285392478362	0.21860586221537726	[158, 10, 232, 2047]	{2 2 2 2 }12139
381	1.0	1.0	0.09342285392478362	0.33098739788741527	[421, 438, 2627, 301]	{2 2 2 3 }12006
382	1.0	1.0	0.09342285392478362	0.18409958454888178	[846, 10, 734, 19]	{1 2 1 1 }12114
383	1.0	1.0	0.09342285392478362	0.33098739788741527	[421, 438, 2627, 301]	{2 4 4 1 }12027
384	1.0	1.0	0.09342285392478362	0.17256017448350755	[241, 132, 19, 400]	{4 1 4 2 }12128
385	1.0	1.0	0.09342285392478362	0.10967630417876868	[734, 10, 232, 2047]	{4 1 3 4 }12055
386	1.0	1.0	0.09342285392478362	0.11096716357569314	[241, 132, 19, 1987]	{3 4 3 2 }12036
387	1.0	1.0	0.09342285392478362	0.2986019148360745	[432, 422, 19, 132]	{1 4 2 4 }12014
388	1.0	1.0	0.09342285392478362	0.1331556974924919	[1791, 420, 158, 10]	{2 4 3 3 }12063
389	1.0	1.0	0.09342285392478362	0.2159322305028718	[2627, 438, 2729, 301]	{1 1 2 2 }12122
390	1.0	1.0	0.09342285392478362	0.10106064337290116	[19, 132, 241, 1031]	{1 2 4 1 }12122
391	1.0	1.0	0.09342285392478362	0.2679749203014432	[2309, 420, 158, 10]	{3 2 4 2 }12043
392	1.0	1.0	0.09342285392478362	0.11096716357569314	[241, 132, 19, 1987]	{1 2 3 1 }12090
393	1.0	1.0	0.09342285392478362	0.09442435626187316	[10, 734, 19, 132]	{2 1 4 2 }12070
394	1.0	1.0	0.09342285392478362	0.2159322305028718	[2627, 438, 2729, 301]	{4 3 1 3 }11967
395	1.0	1.0	0.09342285392478362	0.15970201954013888	[19, 132, 241, 1126]	{1 4 1 2 }12142
396	1.0	1.0	0.09342285392478362	0.3443348273352416	[1726, 132, 241, 1031]	{2 3 3 1 }12061
397	1.0	1.0	0.09342285392478362	0.10106064337290116	[19, 132, 241, 1031]	{4 4 3 2 }12174
398	1.0	1.0	0.09342285392478362	0.18409958454888178	[846, 10, 734, 19]	{4 2 4 4 }12123
399	1.0	1.0	0.09342285392478362	0.1331556974924919	[1791, 420, 158, 10]	{2 3 1 3 }12035
400	1.0	1.0	0.09342285392478362	0.09442435626187316	[10, 734, 19, 132]	{4 1 3 3 }12032
401	1.0	1.0	0.09342285392478362	0.09442435626187316	[10, 734, 19, 132]	{4 2 3 2 }11971
402	1.0	1.0	0.09342285392478362	0.21952846985245666	[241, 132, 19, 409]	{2 1 3 2 }11992
403	1.0	1.0	0.09342285392478362	0.15171927858035095	[1580, 438, 2627, 301]	{2 2 2 3 }12563
404	1.0	1.0	0.09342285392478362	0.19631517231700574	[158, 10, 734, 19]	{3 4 4 2 }12124
405	1.0	1.0	0.09342285392478362	0.15970201954013888	[19, 132, 241, 1126]	{3 4 3 1 }12230
406	1.0	1.0	0.09342285392478362	0.1331556974924919	[1791, 420, 158, 10]	{3 2 3 2 }12074
407	1.0	1.0	0.09342285392478362	0.1331556974924919	[1791, 420, 158, 10]	{4 2 2 3 }12239
408	1.0	1.0	0.09342285392478362	0.10967630417876868	[734, 10, 232, 2047]	{2 2 1 2 }12181
409	1.0	1.0	0.09342285392478362	0.18487383348289899	[1580, 438, 2729, 301]	{1 1 2 2 }12095
410	1.0	1.0	0.09342285392478362	0.10967630417876868	[734, 10, 232, 2047]	{3 3 2 2 }12765
411	1.0	1.0	0.09342285392478362	0.1863095301996846	[10, 734, 19, 1987]	{1 4 4 2 }12595
412	1.0	1.0	0.09342285392478362	0.1658702990684433	[1549, 162, 107, 10]	{2 4 4 2 }12656
413	1.0	1.0	0.09342285392478362	0.30988228910964616	[1792, 232, 10, 1873]	{2 3 3 3 }12230
414	1.0	1.0	0.09342285392478362	0.24790254110749904	[10, 734, 19, 400]	{3 2 4 2 }12229
415	1.0	1.0	0.09342285392478362	0.22391768087519365	[377, 162, 107, 10]	{3 1 4 4 }12170
416	1.0	1.0	0.09342285392478362	0.15970201954013888	[19, 132, 241, 1126]	{2 4 1 2 }12111
417	1.0	1.0	0.09342285392478362	0.15171927858035095	[1580, 438, 2627, 301]	{3 3 2 3 }12203
418	1.0	1.0	0.09342285392478362	0.33672236290018276	[988, 420, 158, 10]	{2 3 3 4 }12017
419	1.0	1.0	0.09342285392478362	0.1331556974924919	[1791, 420, 158, 10]	{4 4 2 4 }12849
420	1.0	1.0	0.09342285392478362	0.1331556974924919	[1791, 420, 158, 10]	{4 1 1 3 }13294
421	1.0	1.0	0.09342285392478362	0.1331556974924919	[1791, 420, 158, 10]	{2 2 2 3 }13002
422	1.0	1.0	0.09342285392478362	0.09342285392478362	[734, 19, 132, 241]	{2 1 3 4 }12733
423	1.0	1.0	0.09342285392478362	0.09342285392478362	[734, 19, 132, 241]	{4 1 2 3 }12189
424	1.0	1.0	0.09342285392478362	0.2679749203014432	[2309, 420, 158, 10]	{1 1 2 2 }11977
425	1.0	1.0	0.09342285392478362	0.22391768087519365	[377, 162, 107, 10]	{3 2 2 4 }12181
426	1.0	1.0	0.09342285392478362	0.1331556974924919	[1791, 420, 158, 10]	{2 2 2 4 }12477
427	1.0	1.0	0.09342285392478362	0.18487383348289899	[1580, 438, 2729, 301]	{1 2 2 1 }12292
428	1.0	1.0	0.09342285392478362	0.09342285392478362	[734, 19, 132, 241]	{3 1 4 2 }12078
429	1.0	1.0	0.09342285392478362	0.11096716357569314	[241, 132, 19, 1987]	{3 1 3 2 }12334
430	1.0	1.0	0.09342285392478362	0.31284412641251236	[107, 162, 420, 1791]	{3 1 1 2 }12556
431	1.0	1.0	0.09342285392478362	0.10106064337290116	[19, 132, 241, 1031]	{1 4 1 3 }12187
432	1.0	1.0	0.09342285392478362	0.11096716357569314	[241, 132, 19, 1987]	{2 2 3 4 }12157
433	1.0	1.0	0.09342285392478362	0.09342285392478362	[734, 19, 132, 241]	{1 3 2 4 }12210
434	1.0	1.0	0.09342285392478362	0.1331556974924919	[1791, 420, 158, 10]	{2 3 1 1 }12077
435	1.0	1.0	0.09342285392478362	0.09342285392478362	[734, 19, 132, 241]	{4 3 2 1 }12122
436	1.0	1.0	0.09342285392478362	0.34473728220568967	[734, 19, 132, 1715]	{1 4 3 3 }12358
437	1.0	1.0	0.09342285392478362	0.33730155160784414	[2872, 241, 132, 217]	{4 4 4 3 }12085
438	1.0	1.0	0.09342285392478362	0.11096716357569314	[241, 132, 19, 1987]	{4 2 3 4 }12305
439	1.0	1.0	0.09342285392478362	0.31607803531983686	[2149, 420, 158, 10]	{1 2 2 2 }12067
440	1.0	1.0	0.09342285392478362	0.27387005898727984	[320, 232, 10, 494]	{3 4 4 3 }12090
441	1.0	1.0	0.09342285392478362	0.09342285392478362	[734, 19, 132, 241]	{4 2 3 1 }12159
442	1.0	1.0	0.09342285392478362	0.09342285392478362	[734, 19, 132, 241]	{3 1 4 2 }12129
443	1.0	1.0	0.09342285392478362	0.10967630417876868	[734, 10, 232, 2047]	{2 4 4 4 }12013
444	1.0	1.0	0.09342285392478362	0.17256017448350755	[241, 132, 19, 400]	{3 2 3 1 }11979
445	1.0	1.0	0.09342285392478362	0.09442435626187316	[10, 734, 19, 132]	{1 3 4 4 }12009
446	1.0	1.0	0.09342285392478362	0.11096716357569314	[241, 132, 19, 1987]	{3 1 4 3 }12291
447	1.0	1.0	0.09342285392478362	0.19631517231700574	[158, 10, 734, 19]	{1 3 3 4 }12605
448	1.0	1.0	0.09342285392478362	0.10967630417876868	[734, 10, 232, 2047]	{3 1 1 3 }12371
449	1.0	1.0	0.09342285392478362	0.16786533017929983	[241, 132, 19, 1460]	{4 1 3 4 }12847
450	1.0	1.0	0.09342285392478362	0.24868901341485986	[1849, 420, 158, 10]	{3 4 4 1 }12911
451	1.0	1.0	0.09342285392478362	0.18409958454888178	[846, 10, 734, 19]	{1 3 3 2 }12355
452	1.0	1.0	0.09342285392478362	0.18409958454888178	[846, 10, 734, 19]	{2 4 4 1 }12219
453	1.0	1.0	0.09342285392478362	0.1331556974924919	[1791, 420, 158, 10]	{3 3 3 3 }12517
454	1.0	1.0	0.09342285392478362	0.16786533017929983	[241, 132, 19, 3308]	{4 2 1 4 }12685
455	1.0	1.0	0.09342285392478362	0.10967630417876868	[734, 10, 232, 2047]	{4 2 3 3 }12804
456	1.0	1.0	0.09342285392478362	0.11096716357569314	[241, 132, 19, 1987]	{2 2 1 4 }12766
457	1.0	1.0	0.09342285392478362	0.09342285392478362	[734, 19, 132, 241]	{2 3 1 4 }12629
458	1.0	1.0	0.09342285392478362	0.1658702990684433	[1549, 162, 107, 10]	{3 4 1 1 }12553
459	1.0	1.0	0.09342285392478362	0.18487383348289899	[1580, 438, 2729, 301]	{1 1 1 3 }12835
460	1.0	1.0	0.09342285392478362	0.15171927858035095	[1580, 438, 2627, 301]	{1 3 4 1 }12713
461	1.0	1.0	0.09342285392478362	0.33098739788741527	[421, 438, 2627, 301]	{4 2 2 3 }12574
462	1.0	1.0	0.09342285392478362	0.10967630417876868	[734, 10, 232, 2047]	{4 4 1 3 }12595
463	1.0	1.0	0.09342285392478362	0.09442435626187316	[10, 734, 19, 132]	{3 2 1 2 }12679
464	1.0	1.0	0.09342285392478362	0.1658702990684433	[1549, 162, 107, 10]	{1 1 2 1 }12840
465	1.0	1.0	0.09342285392478362	0.1331556974924919	[1791, 420, 158, 10]	{2 3 2 1 }12878
466	1.0	1.0	0.09342285392478362	0.2351386557927953	[734, 19, 132, 217]	{1 4 2 4 }12870
467	1.0	1.0	0.09342285392478362	0.18487383348289899	[1580, 438, 2729, 301]	{1 4 1 4 }12759
468	1.0	1.0	0.09342285392478362	0.22391768087519365	[377, 162, 107, 10]	{3 1 1 4 }12726
469	1.0	1.0	0.09342285392478362	0.10106064337290116	[19, 132, 241, 1031]	{2 4 2 3 }12845
470	1.0	1.0	0.09342285392478362	0.39632350815008277	[1792, 232, 10, 161]	{3 4 4 1 }12672
471	1.0	1.0	0.09342285392478362	0.3741107101760138	[2238, 1549, 162, 10]	{1 2 1 2 }12588
472	1.0	1.0	0.09342285392478362	0.31284412641251236	[107, 162, 420, 1791]	{3 3 3 1 }12699
473	1.0	1.0	0.09342285392478362	0.11096716357569314	[241, 132, 19, 1987]	{1 4 1 2 }12598
474	1.0	1.0	0.09342285392478362	0.27336962590975883	[394, 193, 232, 10]	{2 2 4 2 }12903
475	1.0	1.0	0.09342285392478362	0.1331556974924919	[1791, 420, 158, 10]	{2 2 1 4 }12855
476	1.0	1.0	0.09342285392478362	0.1863095301996846	[10, 734, 19, 1987]	{4 2 2 2 }12745
477	1.0	1.0	0.09342285392478362	0.11096716357569314	[241, 132, 19, 1987]	{2 4 1 2 }12871
478	1.0	1.0	0.09342285392478362	0.09442435626187316	[10, 734, 19, 132]	{1 2 3 2 }12654
479	1.0	1.0	0.09342285392478362	0.16786533017929983	[241, 132, 19, 3308]	{1 2 1 3 }12945
480	1.0	1.0	0.09342285392478362	0.09342285392478362	[734, 19, 132, 241]	{3 2 4 1 }12800
481	1.0	1.0	0.09342285392478362	0.09442435626187316	[10, 734, 19, 132]	{3 1 2 2 }12226
482	1.0	1.0	0.09342285392478362	0.10106064337290116	[19, 132, 241, 1031]	{4 3 2 4 }12030
483	1.0	1.0	0.09342285392478362	0.09442435626187316	[10, 734, 19, 132]	{2 4 3 4 }12085
484	1.0	1.0	0.09342285392478362	0.11096716357569314	[241, 132, 19, 1987]	{2 2 1 3 }12240
485	1.0	1.0	0.09342285392478362	0.22391768087519365	[377, 162, 107, 10]	{3 3 1 1 }12186
486	1.0	1.0	0.09342285392478362	0.23406813284548655	[2051, 1849, 420, 1791]	{3 4 4 1 }12238
487	1.0	1.0	0.09342285392478362	0.2503906037096908	[107, 10, 232, 2047]	{3 2 1 2 }12136
488	1.0	1.0	0.09342285392478362	0.21952846985245666	[241, 132, 19, 409]	{3 4 3 1 }11998
489	1.0	1.0	0.09342285392478362	0.261243628614468	[320, 232, 10, 1873]	{1 1 1 4 }12114
490	1.0	1.0	0.09342285392478362	0.1658702990684433	[1549, 162, 107, 10]	{1 1 4 4 }12019
491	1.0	1.0	0.09342285392478362	0.10106064337290116	[19, 132, 241, 1031]	{2 3 2 4 }12039
492	1.0	1.0	0.09342285392478362	0.18487383348289899	[1580, 438, 2729, 301]	{3 4 1 1 }12389
493	1.0	1.0	0.09342285392478362	0.09342285392478362	[734, 19, 132, 241]	{1 4 3 2 }12833
494	1.0	1.0	0.09342285392478362	0.1331556974924919	[1791, 420, 158, 10]	{2 2 3 3 }12584
495	1.0	1.0	0.09342285392478362	0.09342285392478362	[734, 19, 132, 241]	{3 4 2 1 }12206
496	1.0	1.0	0.09342285392478362	0.18409958454888178	[846, 10, 734, 19]	{4 1 1 1 }12573
497	1.0	1.0	0.09342285392478362	0.10106064337290116	[19, 132, 241, 1031]	{3 4 3 2 }12745
498	1.0	1.0	0.09342285392478362	0.1863095301996846	[10, 734, 19, 1987]	{2 1 2 1 }12907
499	1.0	1.0	0.09342285392478362	0.09442435626187316	[10, 734, 19, 132]	{3 1 2 3 }12855
