0	0.09375	0.09375	0.09442435626187316	0.09442435626187316	[10, 734, 19, 132]	{4 3 1 1 }17692
1	0.1787109375	0.1787109375	0.09442435626187316	0.15171927858035095	[1580, 438, 2627, 301]	{2 1 2 1 }13574
2	0.255706787109375	0.255706787109375	0.09442435626187316	0.1331556974924919	[1791, 420, 158, 10]	{2 2 2 3 }12871
3	0.3254842758178711	0.3254842758178711	0.09442435626187316	0.09442435626187316	[10, 734, 19, 132]	{1 3 4 3 }12848
4	0.3887201249599457	0.4097987413406372	0.09442435626187316	0.2503906037096908	[107, 10, 232, 2047]	{3 3 1 1 }12663
5	0.44602761324495077	0.46513010933995247	0.09442435626187316	0.203625994058398	[19, 132, 241, 2872]	{2 3 2 1 }12818
6	0.49796252450323664	0.5152741615893319	0.09442435626187316	0.3802916150617742	[1792, 496, 2729, 301]	{2 2 3 3 }12557
7	0.5450285378310582	0.5607172089403321	0.09442435626187316	0.16786533017929983	[241, 132, 19, 3308]	{3 4 2 3 }12649
8	0.5876821124093965	0.6156275578227905	0.09442435626187316	0.21860586221537726	[158, 10, 232, 2047]	{1 1 4 2 }12767
9	0.6263369143710156	0.6516624742769039	0.09442435626187316	0.1331556974924919	[1791, 420, 158, 10]	{2 4 1 2 }12591
10	0.6613678286487329	0.6952046649922909	0.09442435626187316	0.10967630417876868	[734, 10, 232, 2047]	{1 2 3 2 }13211
11	0.6931145947129143	0.7333040818682546	0.09442435626187316	0.24868901341485986	[1849, 420, 158, 10]	{2 4 4 1 }12716
12	0.7218851014585785	0.7583068241931057	0.09442435626187316	0.17256017448350755	[241, 132, 19, 400]	{4 4 3 1 }12809
13	0.7479583731968367	0.780965559425002	0.09442435626187316	0.15171927858035095	[1580, 438, 2627, 301]	{3 2 4 4 }12639
14	0.7715872757096333	0.8015000382289081	0.09442435626187316	0.11096716357569314	[241, 132, 19, 1987]	{3 3 1 4 }12724
15	0.7930009686118552	0.8201094096449479	0.09442435626187316	0.2432076968032913	[10, 734, 19, 1460]	{1 2 2 2 }13462
16	0.8124071278044938	0.8369741524907341	0.09442435626187316	0.10106064337290116	[19, 132, 241, 1031]	{2 2 4 1 }13332
17	0.8299939595728225	0.8522578256947277	0.09442435626187316	0.27336962590975883	[394, 193, 232, 10]	{4 3 3 3 }12745
18	0.8459320258628704	0.8661086545358471	0.09442435626187316	0.2351386557927953	[734, 19, 132, 217]	{1 2 4 2 }12718
19	0.8603758984382263	0.8828450727188661	0.09442435626187316	0.1331556974924919	[1791, 420, 158, 10]	{2 2 1 1 }12697
20	0.8734656579596425	0.8938283471514724	0.09442435626187316	0.09442435626187316	[10, 734, 19, 132]	{2 1 3 2 }12862
21	0.8853282525259261	0.9037819396060219	0.09442435626187316	0.29957199830378295	[1265, 193, 232, 10]	{1 4 4 3 }13086
22	0.8960787288516205	0.9128023827679573	0.09342285392478362	0.09342285392478362	[734, 19, 132, 241]	{3 1 2 4 }12751
23	0.905821348021781	0.9209771593834614	0.09342285392478362	0.09342285392478362	[734, 19, 132, 241]	{3 2 1 4 }12774
24	0.9146505966447391	0.9308550144605287	0.09342285392478362	0.1331556974924919	[1791, 420, 158, 10]	{4 2 2 1 }13414
25	0.9226521032092948	0.9394981376529626	0.09342285392478362	0.21860586221537726	[158, 10, 232, 2047]	{3 1 1 3 }12819
26	0.9299034685334234	0.9451701872479974	0.09342285392478362	0.2986019148360745	[432, 422, 19, 132]	{4 4 3 3 }12781
27	0.936475018358415	0.9520239138419977	0.09342285392478362	0.18409958454888178	[846, 10, 734, 19]	{4 1 4 1 }12682
28	0.9424304853873136	0.9565216719193104	0.09342285392478362	0.15171927858035095	[1580, 438, 2627, 301]	{4 3 3 4 }12774
29	0.9478276273822529	0.960597765176875	0.09342285392478362	0.09442435626187316	[10, 734, 19, 132]	{1 3 4 4 }12811
30	0.9527187873151667	0.9655230445297657	0.09342285392478362	0.23406813284548655	[2051, 1849, 420, 1791]	{2 1 1 2 }12868
31	0.9571514010043698	0.9687552591051002	0.09342285392478362	0.09442435626187316	[10, 734, 19, 132]	{2 3 1 3 }12738
32	0.9611684571602102	0.971684453563997	0.09342285392478362	0.09442435626187316	[10, 734, 19, 132]	{3 4 1 3 }12618
33	0.9648089143014404	0.9743390360423723	0.09342285392478362	0.09342285392478362	[734, 19, 132, 241]	{4 2 1 3 }12569
34	0.9681080785856804	0.9767447514133999	0.09342285392478362	0.1658702990684433	[1549, 162, 107, 10]	{3 1 3 3 }12570
35	0.9710979462182728	0.9796516574867249	0.09342285392478362	0.10967630417876868	[734, 10, 232, 2047]	{2 1 3 2 }12685
36	0.9738075137603098	0.9815593145973445	0.09342285392478362	0.18487383348289899	[1580, 438, 2729, 301]	{1 4 4 2 }12604
37	0.9762630593452808	0.9832881288538434	0.09342285392478362	0.11096716357569314	[241, 132, 19, 1987]	{4 3 2 4 }12832
38	0.9784883975316607	0.9860734407115361	0.09342285392478362	0.18487383348289899	[1580, 438, 2729, 301]	{3 4 4 1 }12697
39	0.9805051102630675	0.9883945339262802	0.09342285392478362	0.20639027444725327	[846, 10, 232, 2047]	{3 2 2 3 }12819
40	0.9823327561759049	0.9894825463706913	0.09342285392478362	0.1331556974924919	[1791, 420, 158, 10]	{4 1 4 2 }12746
41	0.9839890602844138	0.9904685576484391	0.09342285392478362	0.22809991381131928	[107, 10, 734, 19]	{3 2 4 2 }12696
42	0.98549008588275	0.9913621303688979	0.09342285392478362	0.27387005898727984	[320, 232, 10, 494]	{4 4 1 4 }12545
43	0.9868503903312422	0.9924418640727857	0.09342285392478362	0.21860586221537726	[158, 10, 232, 2047]	{4 1 1 2 }12592
44	0.9880831662376882	0.993150439315962	0.09342285392478362	0.1658702990684433	[1549, 162, 107, 10]	{4 3 4 3 }12540
45	0.989200369402905	0.9937925856300905	0.09342285392478362	0.22391768087519365	[377, 162, 107, 10]	{1 1 4 1 }12532
46	0.9902128347713827	0.9943745307272696	0.09342285392478362	0.24868901341485986	[1849, 420, 158, 10]	{1 1 4 4 }12474
47	0.9911303815115655	0.9950777143863608	0.09342285392478362	0.2679749203014432	[2309, 420, 158, 10]	{2 3 2 2 }12669
48	0.9919619082448563	0.9955391786626395	0.09342285392478362	0.15970201954013888	[19, 132, 241, 1126]	{4 2 4 1 }12646
49	0.992715479346901	0.9959573806630171	0.09342285392478362	0.11096716357569314	[241, 132, 19, 1987]	{1 1 2 4 }12707
50	0.993398403158129	0.9963363762258592	0.09342285392478362	0.1331556974924919	[1791, 420, 158, 10]	{4 2 2 2 }12565
51	0.9940173028620544	0.996679840954685	0.09342285392478362	0.15171927858035095	[1580, 438, 2627, 301]	{3 3 4 4 }12582
52	0.9945781807187368	0.9970948608353494	0.09342285392478362	0.23406813284548655	[2051, 1849, 420, 1791]	{1 4 1 1 }12536
53	0.9950864762763553	0.9974580032309307	0.09342285392478362	0.10967630417876868	[734, 10, 232, 2047]	{3 3 4 3 }12578
54	0.9955471191254469	0.9976963154280309	0.09342285392478362	0.2432076968032913	[10, 734, 19, 1460]	{4 1 3 1 }12650
55	0.9959645767074363	0.997912285856653	0.09342285392478362	0.17256017448350755	[241, 132, 19, 400]	{2 1 2 4 }12688
56	0.9963428976411142	0.9981732501245714	0.09342285392478362	0.10967630417876868	[734, 10, 232, 2047]	{3 4 3 3 }12739
57	0.9966857509872596	0.9983445079253929	0.09342285392478362	0.2491247369771322	[359, 158, 420, 1791]	{1 1 4 4 }12783
58	0.9969964618322041	0.9985514444347187	0.09342285392478362	0.2491247369771322	[359, 158, 420, 1791]	{1 3 3 3 }12752
59	0.9972780435354349	0.9986872465189638	0.09342285392478362	0.09342285392478362	[734, 19, 132, 241]	{2 3 1 4 }12681
60	0.9975332269539879	0.998810317157811	0.09342285392478362	0.1331556974924919	[1791, 420, 158, 10]	{1 2 3 3 }12899
61	0.9977644869270516	0.9989218499242662	0.09342285392478362	0.1863095301996846	[10, 734, 19, 1987]	{2 1 1 1 }12866
62	0.9979740662776405	0.9990229264938663	0.09342285392478362	0.15970201954013888	[19, 132, 241, 1126]	{1 3 4 1 }12644
63	0.9981639975641117	0.9991145271350663	0.09342285392478362	0.1331556974924919	[1791, 420, 158, 10]	{2 1 1 3 }12604
64	0.9983361227924762	0.9991975402161538	0.09342285392478362	0.15970201954013888	[19, 132, 241, 1126]	{1 2 1 3 }12624
65	0.9984921112806816	0.9992727708208894	0.09342285392478362	0.15171927858035095	[1580, 438, 2627, 301]	{1 3 3 2 }13122
66	0.9986334758481177	0.9993636744682782	0.09342285392478362	0.10967630417876868	[734, 10, 232, 2047]	{1 2 4 4 }12752
67	0.9987615874873567	0.9994432151597434	0.09342285392478362	0.23406813284548655	[2051, 1849, 420, 1791]	{3 3 4 3 }12967
68	0.9988776886604169	0.9994954137385175	0.09342285392478362	0.4209300081111681	[2238, 1549, 107, 10]	{2 2 2 2 }12963
69	0.9989829053485029	0.9995427187005315	0.09342285392478362	0.2693064497706526	[241, 19, 734, 10]	{4 2 2 3 }12791
70	0.9990782579720807	0.9995855888223567	0.09342285392478362	0.09342285392478362	[734, 19, 132, 241]	{1 2 4 3 }12772
71	0.9991646712871981	0.9996244398702607	0.09342285392478362	0.1331556974924919	[1791, 420, 158, 10]	{1 4 4 4 }12802
72	0.9992429833540233	0.9996596486324237	0.09342285392478362	0.27336962590975883	[394, 193, 232, 10]	{4 3 3 4 }12775
73	0.9993139536645836	0.999691556573134	0.09342285392478362	0.2159322305028718	[2627, 438, 2729, 301]	{1 2 4 2 }12994
74	0.9993782705085289	0.9997204731444027	0.09342285392478362	0.23406813284548655	[2051, 1849, 420, 1791]	{1 1 3 3 }12724
75	0.9994365576483544	0.999746678787115	0.09342285392478362	0.22391768087519365	[377, 162, 107, 10]	{3 2 1 2 }12551
76	0.9994893803688211	0.9997704276508229	0.09342285392478362	0.09442435626187316	[10, 734, 19, 132]	{3 1 4 1 }12613
77	0.9995372509592442	0.9997919500585583	0.09342285392478362	0.10106064337290116	[19, 132, 241, 1031]	{4 2 3 4 }12544
78	0.999580633681815	0.9998179563012385	0.09342285392478362	0.10967630417876868	[734, 10, 232, 2047]	{4 3 2 3 }12831
79	0.9996199492741449	0.9998407117635837	0.09342285392478362	0.34473728220568967	[734, 19, 132, 1715]	{3 2 1 2 }12831
80	0.9996555790296938	0.9998556450357478	0.09342285392478362	0.2351386557927953	[734, 19, 132, 217]	{4 3 2 2 }12674
81	0.9996878684956599	0.9998691783136464	0.09342285392478362	0.2159322305028718	[2627, 438, 2729, 301]	{1 3 4 4 }12571
82	0.9997171308241919	0.9998814428467421	0.09342285392478362	0.2491247369771322	[359, 158, 420, 1791]	{3 2 4 2 }12698
83	0.9997436498094239	0.9998962624908992	0.09342285392478362	0.3085064586858851	[837, 162, 107, 10]	{1 1 3 3 }12754
84	0.9997676826397903	0.9999092296795369	0.09342285392478362	0.10967630417876868	[734, 10, 232, 2047]	{2 3 4 2 }12799
85	0.99978946239231	0.9999177393970803	0.09342285392478362	0.1658702990684433	[1549, 162, 107, 10]	{3 4 4 4 }12730
86	0.999809200293031	0.999925451328604	0.09342285392478362	0.09342285392478362	[734, 19, 132, 241]	{4 2 1 3 }12685
87	0.9998270877655593	0.9999324402665474	0.09342285392478362	0.2159322305028718	[2627, 438, 2729, 301]	{1 4 1 1 }12942
88	0.9998432982875382	0.9999387739915586	0.09342285392478362	0.18487383348289899	[1580, 438, 2729, 301]	{1 1 1 1 }12646
89	0.9998579890730814	0.99994451392985	0.09342285392478362	0.21952846985245666	[241, 132, 19, 409]	{2 4 3 2 }12639
90	0.99987130259748	0.9999497157489265	0.09342285392478362	0.2159322305028718	[2627, 438, 2729, 301]	{4 4 1 1 }12577
91	0.9998833679789663	0.9999544298974646	0.09342285392478362	0.15171927858035095	[1580, 438, 2627, 301]	{4 4 4 3 }12670
92	0.9998943022309382	0.9999601261602816	0.09342285392478362	0.10106064337290116	[19, 132, 241, 1031]	{4 4 1 3 }12719
93	0.9999042113967878	0.9999638643327552	0.09342285392478362	0.1658702990684433	[1549, 162, 107, 10]	{3 3 3 3 }12590
94	0.9999131915783389	0.9999672520515593	0.09342285392478362	0.09442435626187316	[10, 734, 19, 132]	{2 1 4 1 }12720
95	0.9999213298678696	0.9999713455451145	0.09342285392478362	0.20639027444725327	[846, 10, 232, 2047]	{1 2 4 2 }12680
96	0.9999287051927569	0.99997403190026	0.09342285392478362	0.23406813284548655	[2051, 1849, 420, 1791]	{4 1 4 1 }12715
97	0.9999353890809359	0.9999764664096106	0.09342285392478362	0.1658702990684433	[1549, 162, 107, 10]	{2 3 4 3 }12758
98	0.9999414463545981	0.9999786726837097	0.09342285392478362	0.09342285392478362	[734, 19, 132, 241]	{1 4 2 3 }12804
99	0.9999469357588546	0.9999806721196118	0.09342285392478362	0.2821439004759725	[2636, 162, 107, 10]	{3 3 3 1 }12741
100	0.9999519105314619	0.9999824841083982	0.09342285392478362	0.09342285392478362	[734, 19, 132, 241]	{1 4 2 3 }12672
101	0.9999564189191374	0.9999841262232358	0.09342285392478362	0.2351386557927953	[734, 19, 132, 217]	{3 2 1 2 }12793
102	0.9999605046454683	0.9999856143898075	0.09342285392478362	0.18487383348289899	[1580, 438, 2729, 301]	{3 3 4 4 }12735
103	0.9999642073349556	0.9999869630407631	0.09342285392478362	0.09442435626187316	[10, 734, 19, 132]	{4 3 2 4 }12732
104	0.9999675628973035	0.9999881852556916	0.09342285392478362	0.2491247369771322	[359, 158, 420, 1791]	{3 4 3 4 }12715
105	0.9999706038756814	0.9999892928879704	0.09342285392478362	0.16786533017929983	[241, 132, 19, 3308]	{4 4 2 3 }12718
106	0.9999733597623361	0.9999910774066421	0.09342285392478362	0.18487383348289899	[1580, 438, 2729, 301]	{3 1 4 4 }12665
107	0.9999758572846171	0.9999919138997694	0.09342285392478362	0.39632350815008277	[1792, 232, 10, 161]	{2 2 4 4 }12761
108	0.9999781206641843	0.999992671971666	0.09342285392478362	0.15970201954013888	[19, 132, 241, 1126]	{4 4 1 3 }12854
109	0.999980171851917	0.9999933589743223	0.09342285392478362	0.1658702990684433	[1549, 162, 107, 10]	{4 4 2 1 }12833
110	0.9999820307407998	0.9999939815704796	0.09342285392478362	0.09442435626187316	[10, 734, 19, 132]	{4 3 1 1 }12678
111	0.9999837153588499	0.9999945457982471	0.09342285392478362	0.10106064337290116	[19, 132, 241, 1031]	{1 1 4 3 }12669
112	0.9999852420439577	0.9999950571296614	0.09342285392478362	0.16786533017929983	[241, 132, 19, 3308]	{1 2 4 1 }12649
113	0.9999866256023366	0.9999956749884538	0.09342285392478362	0.21860586221537726	[158, 10, 232, 2047]	{1 4 3 3 }12544
114	0.9999878794521175	0.999996215614897	0.09342285392478362	0.10967630417876868	[734, 10, 232, 2047]	{4 2 2 3 }12698
115	0.9999890157534815	0.9999965704010004	0.09342285392478362	0.1331556974924919	[1791, 420, 158, 10]	{4 1 3 3 }12645
116	0.9999900455265927	0.9999971420008337	0.09342285392478362	0.15171927858035095	[1580, 438, 2627, 301]	{3 1 1 3 }12685
117	0.9999909787584746	0.9999974099382556	0.09342285392478362	0.09342285392478362	[734, 19, 132, 241]	{2 3 1 4 }12632
118	0.9999918244998676	0.9999976527565441	0.09342285392478362	0.10106064337290116	[19, 132, 241, 1031]	{2 3 4 2 }12657
119	0.999992590953005	0.9999979461619761	0.09342285392478362	0.3443348273352416	[1715, 132, 241, 1031]	{3 3 3 4 }12559
120	0.9999932855511607	0.9999981387092908	0.09342285392478362	0.15970201954013888	[19, 132, 241, 1126]	{3 4 2 3 }12657
121	0.9999939150307394	0.9999983132052948	0.09342285392478362	0.15171927858035095	[1580, 438, 2627, 301]	{2 4 3 2 }12596
122	0.9999944854966076	0.9999984713422985	0.09342285392478362	0.18487383348289899	[1580, 438, 2729, 301]	{3 2 3 2 }12686
123	0.9999950024813007	0.9999986146539579	0.09342285392478362	0.27634519175212857	[734, 19, 132, 1032]	{1 2 4 2 }12697
124	0.9999954709986787	0.9999987445301494	0.09342285392478362	0.1863095301996846	[10, 734, 19, 1987]	{2 4 3 4 }12637
125	0.9999958955925526	0.9999989014638807	0.09342285392478362	0.10967630417876868	[734, 10, 232, 2047]	{2 1 1 1 }12740
126	0.9999962803807508	0.9999990387808956	0.09342285392478362	0.10967630417876868	[734, 10, 232, 2047]	{2 1 3 1 }12644
127	0.9999966290950554	0.9999991589332836	0.09342285392478362	0.23406813284548655	[2051, 1849, 420, 1791]	{3 4 4 3 }12621
128	0.999996945117394	0.9999992377832884	0.09342285392478362	0.19631517231700574	[158, 10, 734, 19]	{3 4 4 4 }12638
129	0.9999972315126383	0.999999364819407	0.09342285392478362	0.20639027444725327	[846, 10, 232, 2047]	{2 3 4 3 }12718
130	0.9999974910583285	0.9999994243675875	0.09342285392478362	0.1331556974924919	[1791, 420, 158, 10]	{1 2 1 2 }12584
131	0.9999977262716101	0.9999994783331262	0.09342285392478362	0.1331556974924919	[1791, 420, 158, 10]	{3 3 4 3 }12580
132	0.9999979394336467	0.9999995272393957	0.09342285392478362	0.09442435626187316	[10, 734, 19, 132]	{3 1 4 1 }12677
133	0.9999981326117423	0.9999995715607023	0.09342285392478362	0.09442435626187316	[10, 734, 19, 132]	{1 3 4 1 }12609
134	0.9999983076793915	0.9999996117268865	0.09342285392478362	0.27387005898727984	[320, 232, 10, 494]	{3 4 4 2 }12730
135	0.9999984663344486	0.9999996481274909	0.09342285392478362	0.11096716357569314	[241, 132, 19, 1987]	{1 1 2 3 }12963
136	0.999998610115594	0.9999996811155386	0.09342285392478362	0.1331556974924919	[1791, 420, 158, 10]	{4 1 1 3 }12807
137	0.999998740417257	0.9999997342629489	0.09342285392478362	0.15171927858035095	[1580, 438, 2627, 301]	{4 3 3 4 }12917
138	0.9999988585031392	0.9999997591757973	0.09342285392478362	0.22391768087519365	[377, 162, 107, 10]	{4 3 3 3 }12997
139	0.9999989655184699	0.9999997892788227	0.09342285392478362	0.261243628614468	[320, 232, 10, 1873]	{4 4 4 4 }13001
140	0.9999990625011134	0.999999809033933	0.09342285392478362	0.19631517231700574	[158, 10, 734, 19]	{3 2 2 4 }13063
141	0.999999150391634	0.9999998269370018	0.09342285392478362	0.10106064337290116	[19, 132, 241, 1031]	{3 3 1 2 }12827
142	0.9999992300424183	0.9999998431616579	0.09342285392478362	0.19631517231700574	[158, 10, 734, 19]	{4 3 2 2 }12749
143	0.9999993022259416	0.9999998578652525	0.09342285392478362	0.2159322305028718	[2627, 438, 2729, 301]	{4 2 2 2 }12837
144	0.9999993676422595	0.999999871190385	0.09342285392478362	0.1863095301996846	[10, 734, 19, 1987]	{1 4 2 4 }12777
145	0.9999994269257977	0.9999998832662864	0.09342285392478362	0.10106064337290116	[19, 132, 241, 1031]	{1 4 1 3 }12736
146	0.9999994806515041	0.9999998942100721	0.09342285392478362	0.1331556974924919	[1791, 420, 158, 10]	{2 1 1 4 }12837
147	0.9999995293404257	0.9999999041278779	0.09342285392478362	0.09342285392478362	[734, 19, 132, 241]	{1 2 4 3 }12730
148	0.9999995734647608	0.9999999131158893	0.09342285392478362	0.21952846985245666	[241, 132, 19, 409]	{2 2 4 3 }12754
149	0.9999996134524395	0.9999999212612747	0.09342285392478362	0.09342285392478362	[734, 19, 132, 241]	{4 2 3 1 }12964
150	0.9999996496912732	0.9999999286430302	0.09342285392478362	0.17256017448350755	[241, 132, 19, 400]	{2 4 3 2 }12826
151	0.9999996825327164	0.9999999353327461	0.09342285392478362	0.11096716357569314	[241, 132, 19, 1987]	{1 2 1 4 }12767
152	0.9999997122952742	0.9999999413953011	0.09342285392478362	0.09442435626187316	[10, 734, 19, 132]	{3 2 4 2 }12861
153	0.9999997392675922	0.9999999487208885	0.09342285392478362	0.18409958454888178	[846, 10, 734, 19]	{1 3 2 3 }12827
154	0.9999997637112554	0.9999999535283052	0.09342285392478362	0.27336962590975883	[394, 193, 232, 10]	{3 4 3 4 }12907
155	0.9999997858633253	0.9999999578850266	0.09342285392478362	0.16786533017929983	[241, 132, 19, 3308]	{4 2 4 1 }12962
156	0.9999998059386386	0.9999999618333053	0.09342285392478362	0.18487383348289899	[1580, 438, 2729, 301]	{2 2 1 2 }12852
157	0.9999998241318911	0.999999965411433	0.09342285392478362	0.10106064337290116	[19, 132, 241, 1031]	{1 1 2 4 }12772
158	0.9999998406195264	0.9999999697350038	0.09342285392478362	0.10967630417876868	[734, 10, 232, 2047]	{3 2 2 1 }12746
159	0.9999998555614458	0.9999999735181284	0.09342285392478362	0.23406813284548655	[2051, 1849, 420, 1791]	{1 2 2 1 }12906
160	0.9999998691025602	0.9999999760008038	0.09342285392478362	0.1658702990684433	[1549, 162, 107, 10]	{1 2 3 1 }12757
161	0.9999998813741953	0.9999999800006699	0.09342285392478362	0.15171927858035095	[1580, 438, 2627, 301]	{2 1 1 1 }12865
162	0.9999998924953644	0.9999999825005861	0.09342285392478362	0.2597369987545019	[1820, 10, 734, 19]	{1 2 2 1 }12763
163	0.999999902573924	0.9999999841411562	0.09342285392478362	0.30988228910964616	[1792, 232, 10, 1873]	{4 3 1 3 }12645
164	0.9999999117076186	0.9999999856279228	0.09342285392478362	0.1331556974924919	[1791, 420, 158, 10]	{3 3 3 3 }12630
165	0.9999999199850294	0.999999986975305	0.09342285392478362	0.10106064337290116	[19, 132, 241, 1031]	{1 4 1 3 }12827
166	0.9999999274864328	0.9999999881963701	0.09342285392478362	0.18487383348289899	[1580, 438, 2729, 301]	{3 1 3 1 }12598
167	0.9999999342845798	0.9999999893029605	0.09342285392478362	0.1863095301996846	[10, 734, 19, 1987]	{4 2 3 3 }13124
168	0.9999999404454004	0.9999999903058079	0.09342285392478362	0.10106064337290116	[19, 132, 241, 1031]	{4 3 4 2 }12801
169	0.9999999460286442	0.9999999919215066	0.09342285392478362	0.23406813284548655	[2051, 1849, 420, 1791]	{1 1 3 3 }12666
170	0.9999999510884587	0.9999999929313182	0.09342285392478362	0.2679749203014432	[2309, 420, 158, 10]	{2 2 1 4 }12591
171	0.9999999556739158	0.9999999935940072	0.09342285392478362	0.2491247369771322	[359, 158, 420, 1791]	{3 3 3 1 }12833
172	0.9999999598294862	0.999999994194569	0.09342285392478362	0.10106064337290116	[19, 132, 241, 1031]	{3 3 2 1 }12905
173	0.9999999635954718	0.9999999949202479	0.09342285392478362	0.18409958454888178	[846, 10, 734, 19]	{1 4 1 4 }12702
174	0.9999999670083963	0.9999999953964747	0.09342285392478362	0.27336962590975883	[394, 193, 232, 10]	{1 1 4 4 }12743
175	0.9999999701013592	0.9999999959719154	0.09342285392478362	0.1331556974924919	[1791, 420, 158, 10]	{3 4 1 4 }12736
176	0.9999999729043567	0.9999999963495483	0.09342285392478362	0.1331556974924919	[1791, 420, 158, 10]	{4 2 3 2 }12751
177	0.9999999754445733	0.9999999966917781	0.09342285392478362	0.09342285392478362	[734, 19, 132, 241]	{1 2 3 4 }13890
178	0.9999999777466445	0.9999999971053058	0.09342285392478362	0.18409958454888178	[846, 10, 734, 19]	{3 4 3 4 }12907
179	0.9999999798328967	0.9999999973766834	0.09342285392478362	0.1658702990684433	[1549, 162, 107, 10]	{3 3 4 2 }12763
180	0.9999999817235625	0.999999997704598	0.09342285392478362	0.10967630417876868	[734, 10, 232, 2047]	{2 4 2 3 }12910
181	0.9999999834369786	0.9999999979197919	0.09342285392478362	0.1331556974924919	[1791, 420, 158, 10]	{3 1 3 2 }12683
182	0.9999999849897618	0.9999999981148114	0.09342285392478362	0.2639011924364392	[1579, 1580, 438, 3366]	{1 1 2 2 }12904
183	0.9999999863969716	0.9999999982915478	0.09342285392478362	0.09342285392478362	[734, 19, 132, 241]	{1 4 2 3 }12749
184	0.9999999876722556	0.9999999984517153	0.09342285392478362	0.261243628614468	[320, 232, 10, 1873]	{2 1 3 1 }12982
185	0.9999999888279816	0.999999998596867	0.09342285392478362	0.11096716357569314	[241, 132, 19, 1987]	{4 2 4 1 }13106
186	0.9999999898753583	0.9999999987284107	0.09342285392478362	0.22809991381131928	[107, 10, 734, 19]	{3 4 4 2 }12928
187	0.9999999908245435	0.9999999988476221	0.09342285392478362	0.16786533017929983	[241, 132, 19, 3308]	{2 2 1 4 }12765
188	0.9999999916847425	0.9999999989556576	0.09342285392478362	0.11096716357569314	[241, 132, 19, 1987]	{2 2 3 4 }13029
189	0.9999999924642979	0.9999999990535647	0.09342285392478362	0.1331556974924919	[1791, 420, 158, 10]	{4 2 2 3 }12748
190	0.99999999317077	0.999999999142293	0.09342285392478362	0.16786533017929983	[241, 132, 19, 1460]	{2 2 4 1 }12991
191	0.9999999938110103	0.999999999222703	0.09342285392478362	0.22391768087519365	[377, 162, 107, 10]	{1 1 3 3 }12741
192	0.9999999943912281	0.9999999992955746	0.09342285392478362	0.2432076968032913	[10, 734, 19, 3308]	{3 1 3 3 }12796
193	0.9999999949170505	0.9999999993836278	0.09342285392478362	0.18409958454888178	[846, 10, 734, 19]	{3 1 1 2 }12887
194	0.999999995393577	0.9999999994606743	0.09342285392478362	0.23406813284548655	[2051, 1849, 420, 1791]	{1 1 3 1 }12778
195	0.9999999958254291	0.9999999995112361	0.09342285392478362	0.24868901341485986	[1849, 420, 158, 10]	{2 4 4 1 }13923
196	0.9999999962167951	0.9999999995570578	0.09342285392478362	0.10106064337290116	[19, 132, 241, 1031]	{3 1 3 4 }12784
197	0.9999999965714707	0.9999999995985835	0.09342285392478362	0.22809991381131928	[107, 10, 734, 19]	{2 1 2 2 }12760
198	0.9999999968928952	0.9999999996362163	0.09342285392478362	0.18487383348289899	[1580, 438, 2729, 301]	{4 2 2 4 }12703
199	0.9999999971841863	0.9999999996816893	0.09342285392478362	0.22391768087519365	[377, 162, 107, 10]	{2 1 1 3 }12679
200	0.9999999974481688	0.999999999711531	0.09342285392478362	0.3617867412263435	[377, 162, 420, 1791]	{4 4 3 3 }12863
201	0.999999997687403	0.9999999997385749	0.09342285392478362	0.1331556974924919	[1791, 420, 158, 10]	{1 4 2 2 }12815
202	0.999999997904209	0.9999999997712531	0.09342285392478362	0.10967630417876868	[734, 10, 232, 2047]	{2 3 2 1 }13099
203	0.9999999981006894	0.999999999792698	0.09342285392478362	0.18409958454888178	[846, 10, 734, 19]	{2 1 1 1 }13101
204	0.9999999982787497	0.9999999998186108	0.09342285392478362	0.10967630417876868	[734, 10, 232, 2047]	{4 2 2 2 }12961
205	0.999999998440117	0.999999999835616	0.09342285392478362	0.1863095301996846	[10, 734, 19, 1987]	{1 4 4 1 }12847
206	0.999999998586356	0.999999999851027	0.09342285392478362	0.09342285392478362	[734, 19, 132, 241]	{3 1 2 4 }12776
207	0.9999999987188851	0.9999999998649932	0.09342285392478362	0.09342285392478362	[734, 19, 132, 241]	{2 1 3 4 }12778
208	0.9999999988389896	0.9999999998776501	0.09342285392478362	0.10106064337290116	[19, 132, 241, 1031]	{2 3 2 4 }13027
209	0.9999999989478344	0.9999999998929439	0.09342285392478362	0.16786533017929983	[241, 132, 19, 3308]	{1 1 2 3 }13049
210	0.9999999990464749	0.9999999999063259	0.09342285392478362	0.16786533017929983	[241, 132, 19, 3308]	{4 1 2 4 }12601
211	0.9999999991358679	0.9999999999151078	0.09342285392478362	0.2639011924364392	[1579, 1580, 438, 3366]	{1 4 4 2 }12511
212	0.9999999992168802	0.9999999999230664	0.09342285392478362	0.15970201954013888	[19, 132, 241, 1126]	{4 2 4 3 }12666
213	0.9999999992902977	0.9999999999326832	0.09342285392478362	0.2597369987545019	[1820, 10, 734, 19]	{4 3 3 2 }12676
214	0.9999999993568324	0.9999999999389941	0.09342285392478362	0.11096716357569314	[241, 132, 19, 1987]	{4 2 4 1 }12602
215	0.9999999994171292	0.9999999999466198	0.09342285392478362	0.3443348273352416	[1715, 132, 241, 1031]	{3 4 4 1 }12994
216	0.9999999994717734	0.9999999999516243	0.09342285392478362	0.261243628614468	[320, 232, 10, 1873]	{1 4 2 2 }13150
217	0.9999999995212947	0.9999999999561595	0.09342285392478362	0.09342285392478362	[734, 19, 132, 241]	{1 4 2 3 }12829
218	0.9999999995661732	0.9999999999616396	0.09342285392478362	0.18409958454888178	[846, 10, 734, 19]	{4 1 2 1 }12785
219	0.9999999996068445	0.9999999999652358	0.09342285392478362	0.30988228910964616	[1792, 232, 10, 1873]	{1 1 2 1 }12807
220	0.9999999996437029	0.999999999968495	0.09342285392478362	0.10967630417876868	[734, 10, 232, 2047]	{1 4 2 2 }12790
221	0.9999999996771057	0.9999999999714486	0.09342285392478362	0.15171927858035095	[1580, 438, 2627, 301]	{3 2 1 3 }12775
222	0.9999999997073771	0.9999999999741253	0.09342285392478362	0.2639011924364392	[1579, 1580, 438, 3366]	{3 3 2 2 }13011
223	0.9999999997348105	0.999999999976551	0.09342285392478362	0.15171927858035095	[1580, 438, 2627, 301]	{1 1 4 4 }12875
224	0.999999999759672	0.9999999999794822	0.09342285392478362	0.2503906037096908	[107, 10, 232, 2047]	{1 4 3 4 }12818
225	0.9999999997822028	0.9999999999814057	0.09342285392478362	0.2679749203014432	[2309, 420, 158, 10]	{2 4 2 2 }13047
226	0.9999999998026212	0.9999999999831489	0.09342285392478362	0.10967630417876868	[734, 10, 232, 2047]	{4 4 2 3 }12952
227	0.9999999998211255	0.9999999999847287	0.09342285392478362	0.15171927858035095	[1580, 438, 2627, 301]	{2 3 4 4 }12910
228	0.999999999837895	0.9999999999861604	0.09342285392478362	0.15171927858035095	[1580, 438, 2627, 301]	{4 1 2 2 }13017
229	0.9999999998530923	0.9999999999874578	0.09342285392478362	0.15171927858035095	[1580, 438, 2627, 301]	{1 3 3 1 }12955
230	0.9999999998668649	0.9999999999886336	0.09342285392478362	0.1658702990684433	[1549, 162, 107, 10]	{3 4 4 2 }12922
231	0.9999999998793463	0.9999999999896992	0.09342285392478362	0.24868901341485986	[1849, 420, 158, 10]	{4 4 2 2 }13147
232	0.9999999998906576	0.9999999999906649	0.09342285392478362	0.31284412641251236	[107, 162, 420, 1791]	{3 1 3 3 }13387
233	0.9999999999009085	0.9999999999918319	0.09342285392478362	0.10967630417876868	[734, 10, 232, 2047]	{3 4 4 1 }12598
234	0.9999999999101983	0.9999999999925976	0.09342285392478362	0.2597369987545019	[1820, 10, 734, 19]	{1 2 1 2 }12915
235	0.9999999999186172	0.9999999999932916	0.09342285392478362	0.1658702990684433	[1549, 162, 107, 10]	{3 1 3 3 }13550
236	0.9999999999262469	0.9999999999939205	0.09342285392478362	0.21952846985245666	[241, 132, 19, 409]	{2 2 4 1 }13043
237	0.9999999999331612	0.9999999999944904	0.09342285392478362	0.2491247369771322	[359, 158, 420, 1791]	{1 4 1 4 }12640
238	0.9999999999394273	0.999999999995007	0.09342285392478362	0.15171927858035095	[1580, 438, 2627, 301]	{2 4 2 1 }12769
239	0.999999999945106	0.9999999999954751	0.09342285392478362	0.2351386557927953	[734, 19, 132, 217]	{4 3 2 2 }12819
240	0.9999999999502523	0.9999999999958993	0.09342285392478362	0.1658702990684433	[1549, 162, 107, 10]	{4 4 4 1 }12835
241	0.9999999999549162	0.9999999999962838	0.09342285392478362	0.1331556974924919	[1791, 420, 158, 10]	{3 2 2 3 }12871
242	0.9999999999591428	0.9999999999967483	0.09342285392478362	0.10967630417876868	[734, 10, 232, 2047]	{3 3 2 2 }12941
243	0.9999999999629732	0.9999999999970531	0.09342285392478362	0.2821439004759725	[2636, 162, 107, 10]	{2 1 2 1 }12775
244	0.9999999999664444	0.9999999999974215	0.09342285392478362	0.3472013320728294	[2047, 232, 10, 494]	{3 2 2 3 }13079
245	0.9999999999695902	0.9999999999976632	0.09342285392478362	0.09442435626187316	[10, 734, 19, 132]	{3 2 1 2 }12778
246	0.9999999999724412	0.9999999999979553	0.09342285392478362	0.3443348273352416	[1715, 132, 241, 1031]	{1 4 4 3 }12842
247	0.9999999999750248	0.999999999998147	0.09342285392478362	0.1863095301996846	[10, 734, 19, 1987]	{3 1 1 4 }12645
248	0.9999999999773662	0.9999999999983207	0.09342285392478362	0.27387005898727984	[320, 232, 10, 494]	{4 4 4 2 }12790
249	0.9999999999794882	0.9999999999984781	0.09342285392478362	0.1863095301996846	[10, 734, 19, 1987]	{1 3 1 3 }12890
250	0.9999999999814111	0.9999999999986208	0.09342285392478362	0.27336962590975883	[394, 193, 232, 10]	{4 2 2 2 }12532
251	0.9999999999831538	0.9999999999987501	0.09342285392478362	0.09342285392478362	[734, 19, 132, 241]	{2 4 3 1 }12651
252	0.9999999999847332	0.9999999999988674	0.09342285392478362	0.22391768087519365	[377, 162, 107, 10]	{3 4 4 3 }12809
253	0.9999999999861644	0.9999999999989735	0.09342285392478362	0.2986019148360745	[432, 422, 19, 132]	{4 2 4 4 }13047
254	0.9999999999874615	0.9999999999990697	0.09342285392478362	0.1658702990684433	[1549, 162, 107, 10]	{3 3 3 3 }12742
255	0.999999999988637	0.9999999999991569	0.09342285392478362	0.19631517231700574	[158, 10, 734, 19]	{2 3 3 2 }12709
256	0.9999999999897022	0.9999999999992624	0.09342285392478362	0.10967630417876868	[734, 10, 232, 2047]	{1 2 4 2 }12565
257	0.9999999999906677	0.9999999999993314	0.09342285392478362	0.4383028663300382	[241, 1031, 132, 217]	{3 1 1 2 }12576
258	0.9999999999915425	0.9999999999993942	0.09342285392478362	0.3443348273352416	[1726, 132, 241, 1031]	{1 1 3 1 }12718
259	0.9999999999923355	0.999999999999451	0.09342285392478362	0.09442435626187316	[10, 734, 19, 132]	{4 3 2 4 }12730
260	0.999999999993054	0.9999999999995425	0.09342285392478362	0.23406813284548655	[2051, 1849, 420, 1791]	{4 2 1 2 }13027
261	0.9999999999937053	0.9999999999995853	0.09342285392478362	0.22391768087519365	[377, 162, 107, 10]	{1 4 2 4 }12801
262	0.9999999999942953	0.9999999999996242	0.09342285392478362	0.15171927858035095	[1580, 438, 2627, 301]	{2 4 3 3 }12698
263	0.9999999999948301	0.9999999999996595	0.09342285392478362	0.22391768087519365	[377, 162, 107, 10]	{3 2 2 1 }12745
264	0.9999999999953149	0.9999999999996914	0.09342285392478362	0.2986019148360745	[432, 422, 19, 132]	{2 3 2 3 }12796
265	0.9999999999957541	0.9999999999997203	0.09342285392478362	0.27387005898727984	[320, 232, 10, 494]	{2 4 2 4 }12601
266	0.9999999999961521	0.9999999999997465	0.09342285392478362	0.1863095301996846	[10, 734, 19, 1987]	{4 3 4 4 }12840
267	0.9999999999965129	0.9999999999997703	0.09342285392478362	0.1863095301996846	[10, 734, 19, 1987]	{1 4 1 4 }12822
268	0.9999999999968398	0.9999999999997918	0.09342285392478362	0.22391768087519365	[377, 162, 107, 10]	{1 1 2 4 }12910
269	0.9999999999971361	0.9999999999998114	0.09342285392478362	0.1331556974924919	[1791, 420, 158, 10]	{2 2 3 2 }12779
270	0.9999999999974045	0.999999999999829	0.09342285392478362	0.15171927858035095	[1580, 438, 2627, 301]	{2 3 2 2 }12870
271	0.9999999999976479	0.999999999999845	0.09342285392478362	0.29698951933247447	[734, 19, 132, 1031]	{2 4 3 3 }12899
272	0.9999999999978684	0.9999999999998596	0.09342285392478362	0.10106064337290116	[19, 132, 241, 1031]	{3 2 3 4 }12874
273	0.9999999999980682	0.9999999999998728	0.09342285392478362	0.09442435626187316	[10, 734, 19, 132]	{1 3 4 1 }12836
274	0.9999999999982493	0.9999999999998846	0.09342285392478362	0.10106064337290116	[19, 132, 241, 1031]	{2 2 4 1 }12790
275	0.9999999999984135	0.9999999999998955	0.09342285392478362	0.10106064337290116	[19, 132, 241, 1031]	{3 1 3 2 }12852
276	0.9999999999985622	0.9999999999999053	0.09342285392478362	0.09342285392478362	[734, 19, 132, 241]	{2 4 3 1 }12777
277	0.9999999999986969	0.9999999999999142	0.09342285392478362	0.1331556974924919	[1791, 420, 158, 10]	{2 2 2 3 }12739
278	0.9999999999988192	0.9999999999999222	0.09342285392478362	0.18409958454888178	[846, 10, 734, 19]	{1 3 1 1 }12662
279	0.9999999999989299	0.9999999999999319	0.09342285392478362	0.203625994058398	[19, 132, 241, 2872]	{4 2 4 3 }12758
280	0.9999999999990302	0.9999999999999383	0.09342285392478362	0.2159322305028718	[2627, 438, 2729, 301]	{3 4 2 4 }12598
281	0.9999999999991211	0.9999999999999442	0.09342285392478362	0.32250871948245796	[1792, 232, 10, 494]	{3 3 3 3 }12675
282	0.9999999999992035	0.9999999999999494	0.09342285392478362	0.09342285392478362	[734, 19, 132, 241]	{3 4 1 2 }12792
283	0.9999999999992781	0.9999999999999557	0.09342285392478362	0.23406813284548655	[2051, 1849, 420, 1791]	{4 4 3 3 }12659
284	0.9999999999993459	0.9999999999999598	0.09342285392478362	0.1658702990684433	[1549, 162, 107, 10]	{2 3 2 2 }12814
285	0.9999999999994071	0.9999999999999636	0.09342285392478362	0.1658702990684433	[1549, 162, 107, 10]	{1 1 2 2 }12702
286	0.9999999999994628	0.999999999999967	0.09342285392478362	0.19631517231700574	[158, 10, 734, 19]	{3 1 3 1 }12908
287	0.9999999999995131	0.9999999999999701	0.09342285392478362	0.15171927858035095	[1580, 438, 2627, 301]	{2 4 2 3 }12850
288	0.9999999999995588	0.9999999999999729	0.09342285392478362	0.1863095301996846	[10, 734, 19, 1987]	{1 4 4 1 }12788
289	0.9999999999996001	0.9999999999999762	0.09342285392478362	0.20639027444725327	[846, 10, 232, 2047]	{4 4 3 4 }12850
290	0.9999999999996376	0.9999999999999785	0.09342285392478362	0.15171927858035095	[1580, 438, 2627, 301]	{1 1 3 4 }12821
291	0.9999999999996716	0.9999999999999806	0.09342285392478362	0.15970201954013888	[19, 132, 241, 1126]	{2 2 4 3 }12916
292	0.9999999999997023	0.999999999999983	0.09342285392478362	0.18409958454888178	[846, 10, 734, 19]	{3 2 1 2 }12831
293	0.9999999999997303	0.9999999999999851	0.09342285392478362	0.2679749203014432	[2309, 420, 158, 10]	{1 3 3 3 }12974
294	0.9999999999997555	0.9999999999999865	0.09342285392478362	0.15970201954013888	[19, 132, 241, 1126]	{4 3 4 1 }13029
295	0.9999999999997785	0.9999999999999878	0.09342285392478362	0.2986019148360745	[432, 422, 19, 132]	{3 1 2 1 }12739
296	0.9999999999997993	0.9999999999999889	0.09342285392478362	0.16786533017929983	[241, 132, 19, 3308]	{2 2 3 1 }12867
297	0.999999999999818	0.9999999999999899	0.09342285392478362	0.1331556974924919	[1791, 420, 158, 10]	{4 1 4 4 }12629
298	0.9999999999998351	0.9999999999999909	0.09342285392478362	0.29957199830378295	[1265, 193, 232, 10]	{2 4 4 4 }12817
299	0.9999999999998506	0.9999999999999918	0.09342285392478362	0.1658702990684433	[1549, 162, 107, 10]	{4 4 4 2 }12791
300	0.9999999999998646	0.9999999999999926	0.09342285392478362	0.23406813284548655	[2051, 1849, 420, 1791]	{4 1 4 4 }12865
301	0.9999999999998773	0.9999999999999932	0.09342285392478362	0.15970201954013888	[19, 132, 241, 1126]	{3 2 3 4 }12994
302	0.9999999999998888	0.9999999999999939	0.09342285392478362	0.19631517231700574	[158, 10, 734, 19]	{3 4 3 4 }12625
303	0.9999999999998992	0.9999999999999944	0.09342285392478362	0.19631517231700574	[158, 10, 734, 19]	{2 1 1 2 }12727
304	0.9999999999999086	0.999999999999995	0.09342285392478362	0.15171927858035095	[1580, 438, 2627, 301]	{4 3 2 2 }12864
305	0.9999999999999172	0.9999999999999954	0.09342285392478362	0.09342285392478362	[734, 19, 132, 241]	{2 4 1 3 }12582
306	0.999999999999925	0.9999999999999959	0.09342285392478362	0.1658702990684433	[1549, 162, 107, 10]	{3 2 3 3 }12644
307	0.999999999999932	0.9999999999999962	0.09342285392478362	0.18487383348289899	[1580, 438, 2729, 301]	{2 3 3 1 }12605
308	0.9999999999999384	0.9999999999999966	0.09342285392478362	0.18487383348289899	[1580, 438, 2729, 301]	{1 4 3 3 }12761
309	0.9999999999999442	0.999999999999997	0.09342285392478362	0.09342285392478362	[734, 19, 132, 241]	{2 3 1 4 }12683
310	0.9999999999999494	0.9999999999999973	0.09342285392478362	0.09442435626187316	[10, 734, 19, 132]	{4 2 3 3 }12687
311	0.9999999999999541	0.9999999999999977	0.09342285392478362	0.2503906037096908	[107, 10, 232, 2047]	{2 4 1 1 }13371
312	0.9999999999999585	0.9999999999999979	0.09342285392478362	0.09342285392478362	[734, 19, 132, 241]	{1 2 4 3 }13047
313	0.9999999999999624	0.9999999999999981	0.09342285392478362	0.21952846985245666	[241, 132, 19, 409]	{1 2 3 1 }12897
314	0.9999999999999659	0.9999999999999982	0.09342285392478362	0.27634519175212857	[734, 19, 132, 1032]	{1 2 4 4 }12748
315	0.999999999999969	0.9999999999999984	0.09342285392478362	0.10106064337290116	[19, 132, 241, 1031]	{1 1 4 2 }12721
316	0.999999999999972	0.9999999999999986	0.09342285392478362	0.15970201954013888	[19, 132, 241, 1126]	{4 4 2 3 }12745
317	0.9999999999999746	0.9999999999999988	0.09342285392478362	0.1863095301996846	[10, 734, 19, 1987]	{4 2 3 3 }12655
318	0.999999999999977	0.9999999999999989	0.09342285392478362	0.3507876680066448	[19, 132, 1032, 370]	{1 1 4 4 }13066
319	0.9999999999999791	0.999999999999999	0.09342285392478362	0.09442435626187316	[10, 734, 19, 132]	{3 1 4 3 }12597
320	0.9999999999999811	0.9999999999999991	0.09342285392478362	0.09442435626187316	[10, 734, 19, 132]	{4 1 3 1 }12908
321	0.9999999999999829	0.9999999999999991	0.09342285392478362	0.17256017448350755	[241, 132, 19, 400]	{2 3 1 2 }13045
322	0.9999999999999845	0.9999999999999992	0.09342285392478362	0.22809991381131928	[107, 10, 734, 19]	{2 1 3 1 }12716
323	0.9999999999999859	0.9999999999999993	0.09342285392478362	0.1863095301996846	[10, 734, 19, 1987]	{3 2 4 2 }12633
324	0.9999999999999872	0.9999999999999993	0.09342285392478362	0.2639011924364392	[1579, 1580, 438, 3366]	{4 3 2 3 }12592
325	0.9999999999999885	0.9999999999999994	0.09342285392478362	0.2491247369771322	[359, 158, 420, 1791]	{4 1 2 2 }12537
326	0.9999999999999896	0.9999999999999994	0.09342285392478362	0.15171927858035095	[1580, 438, 2627, 301]	{1 4 3 1 }12725
327	0.9999999999999906	0.9999999999999996	0.09342285392478362	0.10106064337290116	[19, 132, 241, 1031]	{4 3 4 1 }12656
328	0.9999999999999915	0.9999999999999996	0.09342285392478362	0.22391768087519365	[377, 162, 107, 10]	{4 1 1 3 }12627
329	0.9999999999999922	0.9999999999999997	0.09342285392478362	0.15171927858035095	[1580, 438, 2627, 301]	{3 3 3 3 }12699
330	0.9999999999999929	0.9999999999999997	0.09342285392478362	0.3085064586858851	[837, 162, 107, 10]	{3 4 2 4 }13307
331	0.9999999999999936	0.9999999999999997	0.09342285392478362	0.1658702990684433	[1549, 162, 107, 10]	{3 3 3 2 }13176
332	0.9999999999999942	0.9999999999999997	0.09342285392478362	0.11096716357569314	[241, 132, 19, 1987]	{2 1 2 4 }13633
333	0.9999999999999948	0.9999999999999998	0.09342285392478362	0.1863095301996846	[10, 734, 19, 1987]	{3 1 4 4 }12806
334	0.9999999999999952	0.9999999999999998	0.09342285392478362	0.18487383348289899	[1580, 438, 2729, 301]	{4 4 2 2 }12910
335	0.9999999999999957	0.9999999999999998	0.09342285392478362	0.23406813284548655	[2051, 1849, 420, 1791]	{1 3 2 3 }13091
336	0.9999999999999961	0.9999999999999998	0.09342285392478362	0.11096716357569314	[241, 132, 19, 1987]	{1 2 1 3 }13161
337	0.9999999999999964	0.9999999999999999	0.09342285392478362	0.10106064337290116	[19, 132, 241, 1031]	{2 1 3 2 }12612
338	0.9999999999999968	0.9999999999999999	0.09342285392478362	0.22391768087519365	[377, 162, 107, 10]	{3 2 3 2 }12544
339	0.9999999999999971	0.9999999999999999	0.09342285392478362	0.18487383348289899	[1580, 438, 2729, 301]	{4 2 2 3 }12539
340	0.9999999999999973	0.9999999999999999	0.09342285392478362	0.22391768087519365	[377, 162, 107, 10]	{3 3 1 3 }12577
341	0.9999999999999976	0.9999999999999999	0.09342285392478362	0.1331556974924919	[1791, 420, 158, 10]	{2 2 2 3 }12664
342	0.9999999999999978	0.9999999999999999	0.09342285392478362	0.3583238454871481	[734, 19, 241, 1031]	{1 3 3 2 }12885
343	0.999999999999998	0.9999999999999999	0.09342285392478362	0.2639011924364392	[1579, 1580, 438, 3366]	{1 4 2 2 }12779
344	0.9999999999999982	0.9999999999999999	0.09342285392478362	0.10106064337290116	[19, 132, 241, 1031]	{3 2 3 4 }12702
345	0.9999999999999983	0.9999999999999999	0.09342285392478362	0.09342285392478362	[734, 19, 132, 241]	{4 1 3 2 }12672
346	0.9999999999999986	0.9999999999999999	0.09342285392478362	0.1331556974924919	[1791, 420, 158, 10]	{4 1 3 4 }12643
347	0.9999999999999987	1.0	0.09342285392478362	0.2432076968032913	[10, 734, 19, 1460]	{2 4 2 4 }12667
348	0.9999999999999988	1.0	0.09342285392478362	0.18409958454888178	[846, 10, 734, 19]	{3 4 2 2 }12785
349	0.9999999999999989	1.0	0.09342285392478362	0.2679749203014432	[2309, 420, 158, 10]	{1 1 3 2 }12958
350	0.999999999999999	1.0	0.09342285392478362	0.18409958454888178	[846, 10, 734, 19]	{4 3 4 4 }12782
351	0.9999999999999991	1.0	0.09342285392478362	0.09442435626187316	[10, 734, 19, 132]	{4 1 2 2 }12969
352	0.9999999999999992	1.0	0.09342285392478362	0.1658702990684433	[1549, 162, 107, 10]	{4 4 3 2 }12743
353	0.9999999999999992	1.0	0.09342285392478362	0.15171927858035095	[1580, 438, 2627, 301]	{3 4 4 4 }12887
354	0.9999999999999993	1.0	0.09342285392478362	0.1331556974924919	[1791, 420, 158, 10]	{1 1 2 1 }12824
355	0.9999999999999994	1.0	0.09342285392478362	0.10967630417876868	[734, 10, 232, 2047]	{2 3 4 4 }12837
356	0.9999999999999994	1.0	0.09342285392478362	0.09442435626187316	[10, 734, 19, 132]	{3 2 1 1 }12808
357	0.9999999999999996	1.0	0.09342285392478362	0.18409958454888178	[846, 10, 734, 19]	{3 1 1 2 }12688
358	0.9999999999999996	1.0	0.09342285392478362	0.1863095301996846	[10, 734, 19, 1987]	{3 1 4 4 }12796
359	0.9999999999999996	1.0	0.09342285392478362	0.18409958454888178	[846, 10, 734, 19]	{3 1 2 1 }12662
360	0.9999999999999997	1.0	0.09342285392478362	0.23406813284548655	[2051, 1849, 420, 1791]	{2 3 1 1 }12636
361	0.9999999999999997	1.0	0.09342285392478362	0.09342285392478362	[734, 19, 132, 241]	{1 4 3 2 }12624
362	0.9999999999999997	1.0	0.09342285392478362	0.11096716357569314	[241, 132, 19, 1987]	{4 4 1 2 }12672
363	0.9999999999999998	1.0	0.09342285392478362	0.19631517231700574	[158, 10, 734, 19]	{1 4 1 1 }12631
364	0.9999999999999998	1.0	0.09342285392478362	0.10967630417876868	[734, 10, 232, 2047]	{2 2 2 3 }12648
365	0.9999999999999998	1.0	0.09342285392478362	0.10106064337290116	[19, 132, 241, 1031]	{4 3 2 4 }12583
366	0.9999999999999998	1.0	0.09342285392478362	0.2432076968032913	[10, 734, 19, 3308]	{3 4 3 3 }12573
367	0.9999999999999998	1.0	0.09342285392478362	0.2820276886528734	[1820, 10, 232, 2047]	{3 3 4 1 }12602
368	0.9999999999999998	1.0	0.09342285392478362	0.1331556974924919	[1791, 420, 158, 10]	{2 3 1 1 }12685
369	0.9999999999999999	1.0	0.09342285392478362	0.2159322305028718	[2627, 438, 2729, 301]	{1 1 1 3 }12696
370	0.9999999999999999	1.0	0.09342285392478362	0.19631517231700574	[158, 10, 734, 19]	{2 4 4 1 }12582
371	0.9999999999999999	1.0	0.09342285392478362	0.10106064337290116	[19, 132, 241, 1031]	{1 1 4 3 }12650
372	0.9999999999999999	1.0	0.09342285392478362	0.29957199830378295	[1265, 193, 232, 10]	{2 2 3 2 }12596
373	0.9999999999999999	1.0	0.09342285392478362	0.1658702990684433	[1549, 162, 107, 10]	{1 3 3 4 }12687
374	0.9999999999999999	1.0	0.09342285392478362	0.1331556974924919	[1791, 420, 158, 10]	{4 3 4 4 }12906
375	0.9999999999999999	1.0	0.09342285392478362	0.1658702990684433	[1549, 162, 107, 10]	{4 4 2 3 }12648
376	0.9999999999999999	1.0	0.09342285392478362	0.10967630417876868	[734, 10, 232, 2047]	{4 3 3 1 }12637
377	0.9999999999999999	1.0	0.09342285392478362	0.09442435626187316	[10, 734, 19, 132]	{1 2 4 2 }12772
378	0.9999999999999999	1.0	0.09342285392478362	0.09342285392478362	[734, 19, 132, 241]	{2 3 1 4 }12757
379	0.9999999999999999	1.0	0.09342285392478362	0.20639027444725327	[846, 10, 232, 2047]	{3 3 1 3 }12588
380	1.0	1.0	0.09342285392478362	0.15970201954013888	[19, 132, 241, 1126]	{2 2 3 1 }12599
381	1.0	1.0	0.09342285392478362	0.10106064337290116	[19, 132, 241, 1031]	{3 2 4 3 }12561
382	1.0	1.0	0.09342285392478362	0.09442435626187316	[10, 734, 19, 132]	{3 1 2 1 }12678
383	1.0	1.0	0.09342285392478362	0.09442435626187316	[10, 734, 19, 132]	{2 1 3 3 }12908
384	1.0	1.0	0.09342285392478362	0.09442435626187316	[10, 734, 19, 132]	{2 4 1 4 }12814
385	1.0	1.0	0.09342285392478362	0.2597369987545019	[1820, 10, 734, 19]	{2 1 2 2 }13082
386	1.0	1.0	0.09342285392478362	0.2491247369771322	[359, 158, 420, 1791]	{1 3 1 3 }12748
387	1.0	1.0	0.09342285392478362	0.09442435626187316	[10, 734, 19, 132]	{3 1 2 1 }12837
388	1.0	1.0	0.09342285392478362	0.1658702990684433	[1549, 162, 107, 10]	{3 3 3 4 }12874
389	1.0	1.0	0.09342285392478362	0.09442435626187316	[10, 734, 19, 132]	{4 2 3 4 }12972
390	1.0	1.0	0.09342285392478362	0.11096716357569314	[241, 132, 19, 1987]	{2 2 1 4 }12728
391	1.0	1.0	0.09342285392478362	0.2639011924364392	[1579, 1580, 438, 3366]	{3 3 3 4 }13026
392	1.0	1.0	0.09342285392478362	0.1331556974924919	[1791, 420, 158, 10]	{3 4 2 3 }12796
393	1.0	1.0	0.09342285392478362	0.2432076968032913	[10, 734, 19, 1460]	{3 4 1 4 }12870
394	1.0	1.0	0.09342285392478362	0.11096716357569314	[241, 132, 19, 1987]	{2 1 4 2 }12757
395	1.0	1.0	0.09342285392478362	0.27336962590975883	[394, 193, 232, 10]	{1 4 4 2 }12858
396	1.0	1.0	0.09342285392478362	0.09442435626187316	[10, 734, 19, 132]	{1 2 3 1 }12801
397	1.0	1.0	0.09342285392478362	0.16786533017929983	[241, 132, 19, 1460]	{2 3 2 1 }12955
398	1.0	1.0	0.09342285392478362	0.10106064337290116	[19, 132, 241, 1031]	{2 4 2 3 }13613
399	1.0	1.0	0.09342285392478362	0.16786533017929983	[241, 132, 19, 1460]	{1 1 2 3 }12773
400	1.0	1.0	0.09342285392478362	0.4029762035024793	[1715, 132, 241, 1126]	{3 4 4 2 }13415
401	1.0	1.0	0.09342285392478362	0.21860586221537726	[158, 10, 232, 2047]	{2 3 1 1 }12858
402	1.0	1.0	0.09342285392478362	0.2159322305028718	[2627, 438, 2729, 301]	{3 4 1 4 }14547
403	1.0	1.0	0.09342285392478362	0.1658702990684433	[1549, 162, 107, 10]	{2 3 3 1 }13493
404	1.0	1.0	0.09342285392478362	0.2491247369771322	[359, 158, 420, 1791]	{4 4 4 4 }12695
405	1.0	1.0	0.09342285392478362	0.10106064337290116	[19, 132, 241, 1031]	{1 4 1 3 }12694
406	1.0	1.0	0.09342285392478362	0.18487383348289899	[1580, 438, 2729, 301]	{2 3 2 4 }12816
407	1.0	1.0	0.09342285392478362	0.36414195278996336	[421, 438, 2729, 301]	{1 1 1 3 }13390
408	1.0	1.0	0.09342285392478362	0.09442435626187316	[10, 734, 19, 132]	{4 2 3 2 }13060
409	1.0	1.0	0.09342285392478362	0.15970201954013888	[19, 132, 241, 1126]	{1 3 4 1 }13075
410	1.0	1.0	0.09342285392478362	0.15970201954013888	[19, 132, 241, 1126]	{1 1 3 4 }13279
411	1.0	1.0	0.09342285392478362	0.203625994058398	[19, 132, 241, 2872]	{4 2 4 3 }12885
412	1.0	1.0	0.09342285392478362	0.09342285392478362	[734, 19, 132, 241]	{1 2 4 3 }12768
413	1.0	1.0	0.09342285392478362	0.20639027444725327	[846, 10, 232, 2047]	{4 4 4 4 }12810
414	1.0	1.0	0.09342285392478362	0.18409958454888178	[846, 10, 734, 19]	{2 3 1 3 }12798
415	1.0	1.0	0.09342285392478362	0.1331556974924919	[1791, 420, 158, 10]	{2 4 2 1 }13196
416	1.0	1.0	0.09342285392478362	0.1658702990684433	[1549, 162, 107, 10]	{3 4 2 2 }12854
417	1.0	1.0	0.09342285392478362	0.1331556974924919	[1791, 420, 158, 10]	{1 2 4 2 }12852
418	1.0	1.0	0.09342285392478362	0.09342285392478362	[734, 19, 132, 241]	{1 3 4 2 }13090
419	1.0	1.0	0.09342285392478362	0.1331556974924919	[1791, 420, 158, 10]	{3 1 3 3 }12769
420	1.0	1.0	0.09342285392478362	0.09342285392478362	[734, 19, 132, 241]	{4 2 1 3 }12849
421	1.0	1.0	0.09342285392478362	0.24868901341485986	[1849, 420, 158, 10]	{2 2 1 1 }12811
422	1.0	1.0	0.09342285392478362	0.2432076968032913	[10, 734, 19, 3308]	{2 4 4 4 }12853
423	1.0	1.0	0.09342285392478362	0.17256017448350755	[241, 132, 19, 400]	{2 3 2 1 }13088
424	1.0	1.0	0.09342285392478362	0.2351386557927953	[734, 19, 132, 217]	{2 1 4 4 }12711
425	1.0	1.0	0.09342285392478362	0.27336962590975883	[394, 193, 232, 10]	{1 1 1 3 }12571
426	1.0	1.0	0.09342285392478362	0.18487383348289899	[1580, 438, 2729, 301]	{3 3 2 2 }12633
427	1.0	1.0	0.09342285392478362	0.16786533017929983	[241, 132, 19, 3308]	{4 3 4 1 }12709
428	1.0	1.0	0.09342285392478362	0.22391768087519365	[377, 162, 107, 10]	{2 1 1 1 }12494
429	1.0	1.0	0.09342285392478362	0.15970201954013888	[19, 132, 241, 1126]	{1 3 1 2 }12617
430	1.0	1.0	0.09342285392478362	0.2503906037096908	[107, 10, 232, 2047]	{2 3 2 1 }12646
431	1.0	1.0	0.09342285392478362	0.10106064337290116	[19, 132, 241, 1031]	{2 2 1 3 }12943
432	1.0	1.0	0.09342285392478362	0.27387005898727984	[320, 232, 10, 494]	{1 3 4 4 }12735
433	1.0	1.0	0.09342285392478362	0.09342285392478362	[734, 19, 132, 241]	{1 3 4 2 }12770
434	1.0	1.0	0.09342285392478362	0.18409958454888178	[846, 10, 734, 19]	{3 2 4 4 }12769
435	1.0	1.0	0.09342285392478362	0.18409958454888178	[846, 10, 734, 19]	{3 4 3 3 }12611
436	1.0	1.0	0.09342285392478362	0.09442435626187316	[10, 734, 19, 132]	{4 3 1 1 }12656
437	1.0	1.0	0.09342285392478362	0.09442435626187316	[10, 734, 19, 132]	{4 2 1 1 }12726
438	1.0	1.0	0.09342285392478362	0.11096716357569314	[241, 132, 19, 1987]	{3 1 3 2 }12828
439	1.0	1.0	0.09342285392478362	0.1331556974924919	[1791, 420, 158, 10]	{2 2 3 1 }12629
440	1.0	1.0	0.09342285392478362	0.10106064337290116	[19, 132, 241, 1031]	{3 1 2 3 }12714
441	1.0	1.0	0.09342285392478362	0.1331556974924919	[1791, 420, 158, 10]	{1 1 1 1 }12892
442	1.0	1.0	0.09342285392478362	0.2491247369771322	[359, 158, 420, 1791]	{1 3 3 3 }13034
443	1.0	1.0	0.09342285392478362	0.22391768087519365	[377, 162, 107, 10]	{2 2 2 1 }13038
444	1.0	1.0	0.09342285392478362	0.10967630417876868	[734, 10, 232, 2047]	{4 2 4 3 }12780
445	1.0	1.0	0.09342285392478362	0.40144416046416975	[1529, 2229, 494, 2626]	{3 2 3 2 }12922
446	1.0	1.0	0.09342285392478362	0.15970201954013888	[19, 132, 241, 1126]	{1 4 2 1 }12669
447	1.0	1.0	0.09342285392478362	0.23406813284548655	[2051, 1849, 420, 1791]	{1 3 3 2 }12895
448	1.0	1.0	0.09342285392478362	0.10967630417876868	[734, 10, 232, 2047]	{1 1 3 4 }12833
449	1.0	1.0	0.09342285392478362	0.1863095301996846	[10, 734, 19, 1987]	{2 3 1 3 }12631
450	1.0	1.0	0.09342285392478362	0.31932295378312203	[734, 19, 132, 168]	{1 2 3 2 }12570
451	1.0	1.0	0.09342285392478362	0.10106064337290116	[19, 132, 241, 1031]	{1 4 1 3 }12646
452	1.0	1.0	0.09342285392478362	0.09442435626187316	[10, 734, 19, 132]	{2 4 1 1 }12512
453	1.0	1.0	0.09342285392478362	0.18409958454888178	[846, 10, 734, 19]	{2 1 1 2 }12878
454	1.0	1.0	0.09342285392478362	0.10967630417876868	[734, 10, 232, 2047]	{2 1 2 1 }12744
455	1.0	1.0	0.09342285392478362	0.16786533017929983	[241, 132, 19, 3308]	{3 3 1 2 }12890
456	1.0	1.0	0.09342285392478362	0.203625994058398	[19, 132, 241, 2872]	{3 2 1 3 }12606
457	1.0	1.0	0.09342285392478362	0.20639027444725327	[846, 10, 232, 2047]	{4 2 2 3 }12916
458	1.0	1.0	0.09342285392478362	0.1658702990684433	[1549, 162, 107, 10]	{2 3 3 4 }12900
459	1.0	1.0	0.09342285392478362	0.1331556974924919	[1791, 420, 158, 10]	{2 2 2 4 }12750
460	1.0	1.0	0.09342285392478362	0.2351386557927953	[734, 19, 132, 217]	{1 3 4 3 }12535
461	1.0	1.0	0.09342285392478362	0.09442435626187316	[10, 734, 19, 132]	{3 1 2 1 }12530
462	1.0	1.0	0.09342285392478362	0.22391768087519365	[377, 162, 107, 10]	{2 4 4 1 }12642
463	1.0	1.0	0.09342285392478362	0.22391768087519365	[377, 162, 107, 10]	{2 1 4 1 }12691
464	1.0	1.0	0.09342285392478362	0.10967630417876868	[734, 10, 232, 2047]	{1 1 3 2 }12596
465	1.0	1.0	0.09342285392478362	0.11096716357569314	[241, 132, 19, 1987]	{4 1 4 2 }12570
466	1.0	1.0	0.09342285392478362	0.10106064337290116	[19, 132, 241, 1031]	{3 3 2 4 }12935
467	1.0	1.0	0.09342285392478362	0.15970201954013888	[19, 132, 241, 1126]	{4 2 1 4 }12802
468	1.0	1.0	0.09342285392478362	0.10106064337290116	[19, 132, 241, 1031]	{1 4 2 1 }12835
469	1.0	1.0	0.09342285392478362	0.15171927858035095	[1580, 438, 2627, 301]	{3 1 1 1 }12880
470	1.0	1.0	0.09342285392478362	0.15171927858035095	[1580, 438, 2627, 301]	{3 2 2 3 }12765
471	1.0	1.0	0.09342285392478362	0.10967630417876868	[734, 10, 232, 2047]	{2 1 2 3 }12926
472	1.0	1.0	0.09342285392478362	0.09342285392478362	[734, 19, 132, 241]	{3 4 1 2 }13015
473	1.0	1.0	0.09342285392478362	0.09342285392478362	[734, 19, 132, 241]	{1 4 3 2 }12952
474	1.0	1.0	0.09342285392478362	0.11096716357569314	[241, 132, 19, 1987]	{1 4 1 2 }12724
475	1.0	1.0	0.09342285392478362	0.22391768087519365	[377, 162, 107, 10]	{1 3 3 4 }12714
476	1.0	1.0	0.09342285392478362	0.3802916150617742	[1792, 496, 2728, 301]	{3 3 2 3 }12561
477	1.0	1.0	0.09342285392478362	0.16786533017929983	[241, 132, 19, 1460]	{2 4 2 1 }12638
478	1.0	1.0	0.09342285392478362	0.261243628614468	[320, 232, 10, 1873]	{4 3 3 3 }12760
479	1.0	1.0	0.09342285392478362	0.3535098467191231	[318, 158, 420, 1791]	{1 1 1 3 }12595
480	1.0	1.0	0.09342285392478362	0.1658702990684433	[1549, 162, 107, 10]	{3 1 1 4 }12987
481	1.0	1.0	0.09342285392478362	0.3757015268352772	[1019, 1799, 232, 10]	{1 1 4 1 }12997
482	1.0	1.0	0.09342285392478362	0.33730155160784414	[2872, 241, 132, 217]	{1 3 3 4 }12721
483	1.0	1.0	0.09342285392478362	0.15970201954013888	[19, 132, 241, 1126]	{4 1 2 4 }12568
484	1.0	1.0	0.09342285392478362	0.18487383348289899	[1580, 438, 2729, 301]	{1 2 4 2 }12585
485	1.0	1.0	0.09342285392478362	0.2503906037096908	[107, 10, 232, 2047]	{1 3 2 2 }12516
486	1.0	1.0	0.09342285392478362	0.2491247369771322	[359, 158, 420, 1791]	{3 4 3 4 }12456
487	1.0	1.0	0.09342285392478362	0.10967630417876868	[734, 10, 232, 2047]	{4 4 4 4 }12526
488	1.0	1.0	0.09342285392478362	0.09442435626187316	[10, 734, 19, 132]	{1 4 2 4 }12458
489	1.0	1.0	0.09342285392478362	0.21860586221537726	[158, 10, 232, 2047]	{2 4 2 2 }12621
490	1.0	1.0	0.09342285392478362	0.1331556974924919	[1791, 420, 158, 10]	{4 1 2 2 }12458
491	1.0	1.0	0.09342285392478362	0.10967630417876868	[734, 10, 232, 2047]	{3 2 2 2 }12584
492	1.0	1.0	0.09342285392478362	0.2351386557927953	[734, 19, 132, 217]	{1 4 3 3 }12600
493	1.0	1.0	0.09342285392478362	0.1331556974924919	[1791, 420, 158, 10]	{1 1 3 3 }12520
494	1.0	1.0	0.09342285392478362	0.1331556974924919	[1791, 420, 158, 10]	{4 4 3 4 }12531
495	1.0	1.0	0.09342285392478362	0.18409958454888178	[846, 10, 734, 19]	{3 1 3 1 }12534
496	1.0	1.0	0.09342285392478362	0.18409958454888178	[846, 10, 734, 19]	{1 2 2 1 }12513
497	1.0	1.0	0.09342285392478362	0.23406813284548655	[2051, 1849, 420, 1791]	{2 2 3 2 }12539
498	1.0	1.0	0.09342285392478362	0.15171927858035095	[1580, 438, 2627, 301]	{2 4 3 2 }12666
499	1.0	1.0	0.09342285392478362	0.1331556974924919	[1791, 420, 158, 10]	{3 1 1 1 }12741
