0	0.09375	0.2222222222222222	0.3963628318011263	0.3963628318011263	[3819, 438, 2729, 301]	{2 2 1 1 }15292
1	0.1787109375	0.29513888888888884	0.2491247369771322	0.2491247369771322	[359, 158, 420, 1791]	{3 2 1 2 }13806
2	0.255706787109375	0.4126157407407407	0.20639027444725327	0.20639027444725327	[846, 10, 232, 2047]	{2 3 3 3 }12994
3	0.3254842758178711	0.4676830150462963	0.1331556974924919	0.1331556974924919	[1791, 420, 158, 10]	{1 2 2 2 }13315
4	0.3887201249599457	0.517587732385706	0.1331556974924919	0.15171927858035095	[1580, 438, 2627, 301]	{3 1 1 1 }13060
5	0.44602761324495077	0.5628138824745461	0.09442435626187316	0.09442435626187316	[10, 734, 19, 132]	{3 2 4 2 }13010
6	0.49796252450323664	0.6038000809925574	0.09442435626187316	0.1331556974924919	[1791, 420, 158, 10]	{4 2 2 3 }12718
7	0.5450285378310582	0.6409438233995051	0.09442435626187316	0.2351386557927953	[734, 19, 132, 217]	{4 3 2 2 }12709
8	0.5876821124093965	0.6746053399558015	0.09442435626187316	0.1331556974924919	[1791, 420, 158, 10]	{1 1 4 4 }12664
9	0.6263369143710156	0.7051110893349452	0.09442435626187316	0.11096716357569314	[241, 132, 19, 1987]	{4 2 3 4 }12830
10	0.6613678286487329	0.732756924709794	0.09442435626187316	0.18487383348289899	[1580, 438, 2729, 301]	{4 2 2 4 }13151
11	0.6931145947129143	0.7578109630182508	0.09442435626187316	0.2351386557927953	[734, 19, 132, 217]	{4 2 1 2 }13094
12	0.7218851014585785	0.7880845926409695	0.09442435626187316	0.23406813284548655	[2051, 1849, 420, 1791]	{3 4 2 4 }13030
13	0.7479583731968367	0.8145740185608483	0.09442435626187316	0.10967630417876868	[734, 10, 232, 2047]	{4 3 1 1 }13073
14	0.7715872757096333	0.8377522662407423	0.09442435626187316	0.2503906037096908	[107, 10, 232, 2047]	{1 1 4 1 }13255
15	0.7930009686118552	0.8529629912806727	0.09442435626187316	0.15171927858035095	[1580, 438, 2627, 301]	{2 4 2 2 }13676
16	0.8124071278044938	0.8667477108481096	0.09442435626187316	0.09442435626187316	[10, 734, 19, 132]	{4 1 3 1 }12983
17	0.8299939595728225	0.8792401129560994	0.09442435626187316	0.09442435626187316	[10, 734, 19, 132]	{1 4 3 3 }13226
18	0.8459320258628704	0.890561352366465	0.09442435626187316	0.15970201954013888	[19, 132, 241, 1126]	{2 1 4 2 }12993
19	0.8603758984382263	0.900821225582109	0.09442435626187316	0.16786533017929983	[241, 132, 19, 1460]	{4 1 4 3 }12971
20	0.8734656579596425	0.9101192356837862	0.09442435626187316	0.16786533017929983	[241, 132, 19, 3308]	{4 1 4 2 }13101
21	0.8853282525259261	0.921354331223313	0.09442435626187316	0.18409958454888178	[846, 10, 734, 19]	{4 2 4 2 }13179
22	0.8960787288516205	0.9287273626711273	0.09342285392478362	0.09342285392478362	[734, 19, 132, 241]	{3 4 2 1 }13022
23	0.905821348021781	0.9376364423372364	0.09342285392478362	0.31855967673057284	[421, 438, 1580, 301]	{2 2 3 3 }13109
24	0.9146505966447391	0.9434830258681205	0.09342285392478362	0.1658702990684433	[1549, 162, 107, 10]	{1 4 4 2 }13219
25	0.9226521032092948	0.9487814921929842	0.09342285392478362	0.1658702990684433	[1549, 162, 107, 10]	{3 2 2 4 }13635
26	0.9299034685334234	0.953583227299892	0.09342285392478362	0.15171927858035095	[1580, 438, 2627, 301]	{1 4 3 4 }12967
27	0.936475018358415	0.9579347997405271	0.09342285392478362	0.11096716357569314	[241, 132, 19, 1987]	{3 2 3 4 }12885
28	0.9424304853873136	0.9618784122648527	0.09342285392478362	0.11096716357569314	[241, 132, 19, 1987]	{1 4 1 3 }13092
29	0.9478276273822529	0.9666436107317461	0.09342285392478362	0.18409958454888178	[846, 10, 734, 19]	{1 4 4 3 }13057
30	0.9527187873151667	0.9697707722256449	0.09342285392478362	0.18487383348289899	[1580, 438, 2729, 301]	{2 1 2 2 }13003
31	0.9571514010043698	0.9726047623294907	0.09342285392478362	0.09442435626187316	[10, 734, 19, 132]	{3 4 2 4 }13026
32	0.9611684571602102	0.975173065861101	0.09342285392478362	0.2351386557927953	[734, 19, 132, 217]	{4 3 1 3 }12915
33	0.9648089143014404	0.9782764326284633	0.09342285392478362	0.10967630417876868	[734, 10, 232, 2047]	{3 4 4 2 }12947
34	0.9681080785856804	0.9803130170695449	0.09342285392478362	0.15171927858035095	[1580, 438, 2627, 301]	{1 3 3 4 }12768
35	0.9710979462182728	0.9821586717192751	0.09342285392478362	0.1658702990684433	[1549, 162, 107, 10]	{2 3 2 1 }12664
36	0.9738075137603098	0.9838312962455931	0.09342285392478362	0.09442435626187316	[10, 734, 19, 132]	{4 2 1 2 }13107
37	0.9762630593452808	0.9858523842148939	0.09342285392478362	0.10967630417876868	[734, 10, 232, 2047]	{4 2 3 3 }13073
38	0.9784883975316607	0.9871787231947475	0.09342285392478362	0.16786533017929983	[241, 132, 19, 1460]	{4 3 4 1 }13052
39	0.9805051102630675	0.98838071789524	0.09342285392478362	0.2639011924364392	[1579, 1580, 438, 3366]	{3 4 3 3 }13145
40	0.9823327561759049	0.9894700255925613	0.09342285392478362	0.1331556974924919	[1791, 420, 158, 10]	{4 4 4 4 }12964
41	0.9839890602844138	0.9904572106932586	0.09342285392478362	0.27634519175212857	[734, 19, 132, 1032]	{1 2 4 2 }12976
42	0.98549008588275	0.9913518471907656	0.09342285392478362	0.34274742368807926	[241, 132, 1032, 370]	{4 4 4 1 }13121
43	0.9868503903312422	0.9921626115166313	0.09342285392478362	0.10106064337290116	[19, 132, 241, 1031]	{3 2 3 1 }13277
44	0.9880831662376882	0.9928973666869472	0.09342285392478362	0.11096716357569314	[241, 132, 19, 1987]	{1 1 4 2 }13124
45	0.989200369402905	0.9935632385600459	0.09342285392478362	0.38654746052633393	[10, 734, 2229, 494]	{4 4 1 4 }13113
46	0.9902128347713827	0.9941666849450416	0.09342285392478362	0.1331556974924919	[1791, 420, 158, 10]	{1 1 4 1 }12915
47	0.9911303815115655	0.9947135582314439	0.09342285392478362	0.18487383348289899	[1580, 438, 2729, 301]	{2 4 4 1 }13097
48	0.9919619082448563	0.9952091621472461	0.09342285392478362	0.1658702990684433	[1549, 162, 107, 10]	{1 4 3 4 }13007
49	0.992715479346901	0.9960076351227051	0.09342285392478362	0.23406813284548655	[2051, 1849, 420, 1791]	{4 1 3 3 }13214
50	0.993398403158129	0.9963819193299515	0.09342285392478362	0.09442435626187316	[10, 734, 19, 132]	{2 1 4 1 }13347
51	0.9940173028620544	0.9967211143927684	0.09342285392478362	0.09342285392478362	[734, 19, 132, 241]	{1 4 2 3 }13301
52	0.9945781807187368	0.9970285099184465	0.09342285392478362	0.19631517231700574	[158, 10, 734, 19]	{4 2 4 4 }13152
53	0.9950864762763553	0.9973070871135921	0.09342285392478362	0.1331556974924919	[1791, 420, 158, 10]	{4 3 4 3 }13065
54	0.9955471191254469	0.9975595476966929	0.09342285392478362	0.2639011924364392	[1579, 1580, 438, 3366]	{2 1 1 3 }13246
55	0.9959645767074363	0.9977883401001278	0.09342285392478362	0.27387005898727984	[320, 232, 10, 494]	{2 2 2 3 }12824
56	0.9963428976411142	0.997995683215741	0.09342285392478362	0.33672236290018276	[1582, 420, 158, 10]	{1 1 1 3 }12777
57	0.9966857509872596	0.9981835879142652	0.09342285392478362	0.09442435626187316	[10, 734, 19, 132]	{4 2 1 2 }12911
58	0.9969964618322041	0.9984106394249821	0.09342285392478362	0.2821439004759725	[2636, 162, 107, 10]	{4 3 3 2 }13013
59	0.9972780435354349	0.99855964197889	0.09342285392478362	0.19631517231700574	[158, 10, 734, 19]	{3 2 1 1 }13112
60	0.9975332269539879	0.998694675543369	0.09342285392478362	0.2986019148360745	[432, 422, 19, 132]	{2 2 3 3 }13184
61	0.9977644869270516	0.9988170497111782	0.09342285392478362	0.24868901341485986	[1849, 420, 158, 10]	{2 4 4 4 }13194
62	0.9979740662776405	0.9989649184972809	0.09342285392478362	0.10967630417876868	[734, 10, 232, 2047]	{1 4 4 2 }13404
63	0.9981639975641117	0.9990619573881608	0.09342285392478362	0.2639011924364392	[1579, 1580, 438, 3366]	{3 4 3 4 }13097
64	0.9983361227924762	0.9991498988830207	0.09342285392478362	0.18487383348289899	[1580, 438, 2729, 301]	{4 1 2 2 }13034
65	0.9984921112806816	0.9992295958627375	0.09342285392478362	0.261243628614468	[320, 232, 10, 1873]	{2 1 4 4 }12999
66	0.9986334758481177	0.999301821250606	0.09342285392478362	0.23406813284548655	[2051, 1849, 420, 1791]	{3 4 2 4 }13292
67	0.9987615874873567	0.9993672755083616	0.09342285392478362	0.1658702990684433	[1549, 162, 107, 10]	{3 2 2 4 }12992
68	0.9988776886604169	0.9994265934294527	0.09342285392478362	0.2491247369771322	[359, 158, 420, 1791]	{2 3 4 3 }12988
69	0.9989829053485029	0.9994803502954415	0.09342285392478362	0.09342285392478362	[734, 19, 132, 241]	{2 4 1 3 }13042
70	0.9990782579720807	0.9995290674552438	0.09342285392478362	0.11096716357569314	[241, 132, 19, 1987]	{1 1 3 2 }13302
71	0.9991646712871981	0.9995732173813148	0.09342285392478362	0.24868901341485986	[1849, 420, 158, 10]	{2 1 1 2 }13071
72	0.9992429833540233	0.9996132282518165	0.09342285392478362	0.1863095301996846	[10, 734, 19, 1987]	{1 2 1 2 }13120
73	0.9993139536645836	0.9996494881032087	0.09342285392478362	0.09442435626187316	[10, 734, 19, 132]	{2 1 3 3 }13150
74	0.9993782705085289	0.9996823485935329	0.09342285392478362	0.22391768087519365	[377, 162, 107, 10]	{3 1 2 2 }13025
75	0.9994365576483544	0.9997121284128891	0.09342285392478362	0.16786533017929983	[241, 132, 19, 1460]	{2 4 1 2 }13107
76	0.9994893803688211	0.9997391163741808	0.09342285392478362	0.09342285392478362	[734, 19, 132, 241]	{2 3 1 4 }13010
77	0.9995372509592442	0.9997635742141013	0.09342285392478362	0.15171927858035095	[1580, 438, 2627, 301]	{4 3 1 3 }13080
78	0.999580633681815	0.9998029785117512	0.09342285392478362	0.18487383348289899	[1580, 438, 2729, 301]	{3 3 3 4 }12959
79	0.9996199492741449	0.9998276061977822	0.09342285392478362	0.10106064337290116	[19, 132, 241, 1031]	{4 2 4 3 }13090
80	0.9996555790296938	0.9998437681167401	0.09342285392478362	0.1863095301996846	[10, 734, 19, 1987]	{4 2 2 3 }12952
81	0.9996878684956599	0.9998584148557957	0.09342285392478362	0.1863095301996846	[10, 734, 19, 1987]	{3 4 3 3 }13135
82	0.9997171308241919	0.999871688463065	0.09342285392478362	0.1863095301996846	[10, 734, 19, 1987]	{1 2 2 4 }13030
83	0.9997436498094239	0.9998837176696526	0.09342285392478362	0.1863095301996846	[10, 734, 19, 1987]	{4 3 3 2 }12880
84	0.9997676826397903	0.999898252960946	0.09342285392478362	0.1331556974924919	[1791, 420, 158, 10]	{4 4 3 2 }12749
85	0.99978946239231	0.9999077917458573	0.09342285392478362	0.10106064337290116	[19, 132, 241, 1031]	{1 1 2 4 }12680
86	0.999809200293031	0.9999164362696832	0.09342285392478362	0.1863095301996846	[10, 734, 19, 1987]	{4 2 2 1 }12595
87	0.9998270877655593	0.9999242703694003	0.09342285392478362	0.22391768087519365	[377, 162, 107, 10]	{1 1 1 3 }12849
88	0.9998432982875382	0.9999313700222691	0.09342285392478362	0.3443348273352416	[1726, 132, 241, 1031]	{2 4 4 2 }12674
89	0.9998579890730814	0.9999378040826814	0.09342285392478362	0.10106064337290116	[19, 132, 241, 1031]	{4 3 4 1 }12663
90	0.99987130259748	0.99994363494993	0.09342285392478362	0.09342285392478362	[734, 19, 132, 241]	{1 3 4 2 }12589
91	0.9998833679789663	0.999948919173374	0.09342285392478362	0.10106064337290116	[19, 132, 241, 1031]	{1 1 4 2 }12613
92	0.9998943022309382	0.9999537080008702	0.09342285392478362	0.1331556974924919	[1791, 420, 158, 10]	{2 3 3 4 }13029
93	0.9999042113967878	0.9999580478757887	0.09342285392478362	0.2491247369771322	[359, 158, 420, 1791]	{2 1 1 2 }13034
94	0.9999131915783389	0.9999619808874335	0.09342285392478362	0.11096716357569314	[241, 132, 19, 1987]	{2 2 1 4 }13117
95	0.9999213298678696	0.9999655451792366	0.09342285392478362	0.1863095301996846	[10, 734, 19, 1987]	{1 3 3 4 }13117
96	0.9999287051927569	0.9999687753186831	0.09342285392478362	0.09442435626187316	[10, 734, 19, 132]	{2 3 1 3 }13155
97	0.9999353890809359	0.9999717026325566	0.09342285392478362	0.1658702990684433	[1549, 162, 107, 10]	{4 2 3 2 }13040
98	0.9999414463545981	0.9999743555107544	0.09342285392478362	0.27634519175212857	[734, 19, 132, 1032]	{1 2 4 4 }13050
99	0.9999469357588546	0.9999775610719102	0.09342285392478362	0.36228159185659914	[1715, 132, 19, 1987]	{4 1 3 3 }13014
100	0.9999519105314619	0.9999796647214185	0.09342285392478362	0.09442435626187316	[10, 734, 19, 132]	{4 1 3 1 }12957
101	0.9999564189191374	0.9999822066312413	0.09342285392478362	0.1331556974924919	[1791, 420, 158, 10]	{3 1 4 3 }12964
102	0.9999605046454683	0.9999838747595624	0.09342285392478362	0.24868901341485986	[1849, 420, 158, 10]	{4 2 4 4 }13047
103	0.9999642073349556	0.999985890414617	0.09342285392478362	0.10967630417876868	[734, 10, 232, 2047]	{1 3 4 4 }12904
104	0.9999675628973035	0.9999876541127899	0.09342285392478362	0.2679749203014432	[2309, 420, 158, 10]	{4 3 2 2 }12978
105	0.9999706038756814	0.9999888115397159	0.09342285392478362	0.09342285392478362	[734, 19, 132, 241]	{2 1 3 4 }12977
106	0.9999733597623361	0.9999898604578675	0.09342285392478362	0.1331556974924919	[1791, 420, 158, 10]	{2 4 1 2 }13000
107	0.9999758572846171	0.9999908110399425	0.09342285392478362	0.3037393594195932	[1549, 162, 420, 1791]	{1 1 1 3 }12836
108	0.9999781206641843	0.9999916725049478	0.09342285392478362	0.10106064337290116	[19, 132, 241, 1031]	{3 1 3 4 }13109
109	0.999980171851917	0.9999930604207898	0.09342285392478362	0.20639027444725327	[846, 10, 232, 2047]	{2 3 4 3 }13170
110	0.9999820307407998	0.9999937110063408	0.09342285392478362	0.2639011924364392	[1579, 1580, 438, 3366]	{4 4 2 2 }13142
111	0.9999837153588499	0.9999943005994963	0.09342285392478362	0.10106064337290116	[19, 132, 241, 1031]	{3 1 3 4 }13233
112	0.9999852420439577	0.9999948349182936	0.09342285392478362	0.1331556974924919	[1791, 420, 158, 10]	{2 2 2 3 }12955
113	0.9999866256023366	0.9999953191447035	0.09342285392478362	0.10106064337290116	[19, 132, 241, 1031]	{3 4 3 1 }12976
114	0.9999878794521175	0.9999957579748876	0.09342285392478362	0.18487383348289899	[1580, 438, 2729, 301]	{2 3 2 2 }12923
115	0.9999890157534815	0.9999961556647419	0.09342285392478362	0.11096716357569314	[241, 132, 19, 1987]	{2 4 2 3 }13038
116	0.9999900455265927	0.9999966362066491	0.09342285392478362	0.10967630417876868	[734, 10, 232, 2047]	{4 4 1 2 }12957
117	0.9999909787584746	0.999997056680818	0.09342285392478362	0.18409958454888178	[846, 10, 734, 19]	{2 3 4 3 }13020
118	0.9999918244998676	0.9999973326169913	0.09342285392478362	0.09442435626187316	[10, 734, 19, 132]	{3 2 4 3 }12904
119	0.999992590953005	0.9999975826841484	0.09342285392478362	0.1863095301996846	[10, 734, 19, 1987]	{3 2 2 2 }13149
120	0.9999932855511607	0.9999978093075095	0.09342285392478362	0.34274742368807926	[241, 132, 1032, 370]	{2 4 4 2 }13114
121	0.9999939150307394	0.9999980831440708	0.09342285392478362	0.10967630417876868	[734, 10, 232, 2047]	{1 1 4 4 }12866
122	0.9999944854966076	0.9999982628493141	0.09342285392478362	0.09442435626187316	[10, 734, 19, 132]	{3 1 4 3 }12970
123	0.9999950024813007	0.999998425707191	0.09342285392478362	0.15171927858035095	[1580, 438, 2627, 301]	{2 2 2 1 }13079
124	0.9999954709986787	0.9999985732971418	0.09342285392478362	0.1331556974924919	[1791, 420, 158, 10]	{1 1 1 3 }12952
125	0.9999958955925526	0.9999987070505347	0.09342285392478362	0.16786533017929983	[241, 132, 19, 3308]	{3 4 3 2 }13071
126	0.9999962803807508	0.9999988686692179	0.09342285392478362	0.10967630417876868	[734, 10, 232, 2047]	{1 2 1 3 }13110
127	0.9999966290950554	0.9999989747314787	0.09342285392478362	0.1658702990684433	[1549, 162, 107, 10]	{1 4 2 4 }12962
128	0.999996945117394	0.9999990708504026	0.09342285392478362	0.27336962590975883	[394, 193, 232, 10]	{1 1 4 1 }13005
129	0.9999972315126383	0.9999991579581774	0.09342285392478362	0.11096716357569314	[241, 132, 19, 1987]	{2 4 1 2 }12862
130	0.9999974910583285	0.9999992368995982	0.09342285392478362	0.10106064337290116	[19, 132, 241, 1031]	{2 2 3 4 }13100
131	0.9999977262716101	0.9999993084402609	0.09342285392478362	0.18487383348289899	[1580, 438, 2729, 301]	{2 1 2 1 }13049
132	0.9999979394336467	0.9999993948852283	0.09342285392478362	0.18409958454888178	[846, 10, 734, 19]	{1 4 1 4 }12978
133	0.9999981326117423	0.9999994516147381	0.09342285392478362	0.1863095301996846	[10, 734, 19, 1987]	{4 2 4 4 }12717
134	0.9999983076793915	0.9999995030258564	0.09342285392478362	0.15171927858035095	[1580, 438, 2627, 301]	{4 3 4 4 }13294
135	0.9999984663344486	0.9999995651476243	0.09342285392478362	0.23406813284548655	[2051, 1849, 420, 1791]	{3 4 4 1 }12770
136	0.999998610115594	0.9999996195041714	0.09342285392478362	0.21860586221537726	[158, 10, 232, 2047]	{3 1 2 2 }12587
137	0.999998740417257	0.9999996551756553	0.09342285392478362	0.1331556974924919	[1791, 420, 158, 10]	{2 3 1 3 }12756
138	0.9999988585031392	0.9999996875029376	0.09342285392478362	0.1331556974924919	[1791, 420, 158, 10]	{4 4 3 3 }12673
139	0.9999989655184699	0.9999997167995371	0.09342285392478362	0.1331556974924919	[1791, 420, 158, 10]	{1 4 4 4 }12565
140	0.9999990625011134	0.9999997433495805	0.09342285392478362	0.1658702990684433	[1549, 162, 107, 10]	{2 4 3 3 }12774
141	0.999999150391634	0.9999997674105574	0.09342285392478362	0.21952846985245666	[241, 132, 19, 409]	{2 2 4 1 }12815
142	0.9999992300424183	0.9999997892158177	0.09342285392478362	0.18487383348289899	[1580, 438, 2729, 301]	{1 2 1 2 }13388
143	0.9999993022259416	0.9999998089768347	0.09342285392478362	0.15970201954013888	[19, 132, 241, 1126]	{2 2 1 3 }12992
144	0.9999993676422595	0.9999998268852565	0.09342285392478362	0.1658702990684433	[1549, 162, 107, 10]	{2 3 4 3 }12973
145	0.9999994269257977	0.9999998485245994	0.09342285392478362	0.10967630417876868	[734, 10, 232, 2047]	{4 2 4 4 }12963
146	0.9999994806515041	0.9999998627254182	0.09342285392478362	0.1331556974924919	[1791, 420, 158, 10]	{4 4 4 1 }13092
147	0.9999995293404257	0.9999998755949102	0.09342285392478362	0.1658702990684433	[1549, 162, 107, 10]	{4 3 3 1 }12893
148	0.9999995734647608	0.9999998872578875	0.09342285392478362	0.09442435626187316	[10, 734, 19, 132]	{2 1 4 1 }12913
149	0.9999996134524395	0.9999998978274605	0.09342285392478362	0.09342285392478362	[734, 19, 132, 241]	{4 1 3 2 }12959
150	0.9999996496912732	0.9999999074061361	0.09342285392478362	0.16786533017929983	[241, 132, 19, 1460]	{2 1 2 3 }13036
151	0.9999996825327164	0.9999999160868108	0.09342285392478362	0.261243628614468	[320, 232, 10, 1873]	{3 1 1 1 }13138
152	0.9999997122952742	0.9999999300723423	0.09342285392478362	0.20639027444725327	[846, 10, 232, 2047]	{1 3 2 3 }12723
153	0.9999997392675922	0.9999999366280602	0.09342285392478362	0.32250871948245796	[1792, 232, 10, 494]	{2 2 4 4 }12623
154	0.9999997637112554	0.9999999425691796	0.09342285392478362	0.09342285392478362	[734, 19, 132, 241]	{4 2 1 3 }12781
155	0.9999997858633253	0.999999947953319	0.09342285392478362	0.19631517231700574	[158, 10, 734, 19]	{2 4 3 3 }12801
156	0.9999998059386386	0.9999999528326954	0.09342285392478362	0.10106064337290116	[19, 132, 241, 1031]	{3 3 2 4 }12728
157	0.9999998241318911	0.9999999606939128	0.09342285392478362	0.18487383348289899	[1580, 438, 2729, 301]	{2 4 1 1 }12738
158	0.9999998406195264	0.9999999643788585	0.09342285392478362	0.09342285392478362	[734, 19, 132, 241]	{2 1 3 4 }13098
159	0.9999998555614458	0.9999999677183404	0.09342285392478362	0.15171927858035095	[1580, 438, 2627, 301]	{1 4 1 1 }12738
160	0.9999998691025602	0.9999999707447461	0.09342285392478362	0.09442435626187316	[10, 734, 19, 132]	{2 4 3 2 }12723
161	0.9999998813741953	0.9999999734874261	0.09342285392478362	0.1658702990684433	[1549, 162, 107, 10]	{1 2 1 1 }12684
162	0.9999998924953644	0.99999997597298	0.09342285392478362	0.09442435626187316	[10, 734, 19, 132]	{3 2 1 3 }12595
163	0.999999902573924	0.999999978225513	0.09342285392478362	0.1863095301996846	[10, 734, 19, 1987]	{2 1 1 4 }12716
164	0.9999999117076186	0.9999999809473239	0.09342285392478362	0.10967630417876868	[734, 10, 232, 2047]	{2 2 1 4 }12774
165	0.9999999199850294	0.9999999833289084	0.09342285392478362	0.10967630417876868	[734, 10, 232, 2047]	{4 4 3 2 }12685
166	0.9999999274864328	0.9999999861074237	0.09342285392478362	0.20639027444725327	[846, 10, 232, 2047]	{4 4 2 4 }12705
167	0.9999999342845798	0.9999999874098527	0.09342285392478362	0.09342285392478362	[734, 19, 132, 241]	{4 2 1 3 }12819
168	0.9999999404454004	0.999999988590179	0.09342285392478362	0.31932295378312203	[734, 19, 132, 168]	{1 4 3 1 }12696
169	0.9999999460286442	0.9999999896598497	0.09342285392478362	0.19631517231700574	[158, 10, 734, 19]	{2 1 1 4 }12903
170	0.9999999510884587	0.9999999906292388	0.09342285392478362	0.203625994058398	[19, 132, 241, 2872]	{4 1 4 3 }13044
171	0.9999999556739158	0.9999999915077477	0.09342285392478362	0.09342285392478362	[734, 19, 132, 241]	{4 3 1 2 }12832
172	0.9999999598294862	0.9999999923038964	0.09342285392478362	0.15171927858035095	[1580, 438, 2627, 301]	{1 2 1 1 }12715
173	0.9999999635954718	0.9999999930254061	0.09342285392478362	0.11096716357569314	[241, 132, 19, 1987]	{3 4 3 2 }12612
174	0.9999999670083963	0.9999999936792743	0.09342285392478362	0.09342285392478362	[734, 19, 132, 241]	{1 3 2 4 }12847
175	0.9999999701013592	0.9999999944693649	0.09342285392478362	0.3991524151475233	[2872, 241, 132, 1031]	{1 1 1 2 }12728
176	0.9999999729043567	0.999999994987862	0.09342285392478362	0.1331556974924919	[1791, 420, 158, 10]	{1 2 2 3 }12695
177	0.9999999754445733	0.99999999545775	0.09342285392478362	0.09442435626187316	[10, 734, 19, 132]	{3 1 2 1 }12669
178	0.9999999777466445	0.9999999958835859	0.09342285392478362	0.2639011924364392	[1579, 1580, 438, 3366]	{3 1 1 2 }12705
179	0.9999999798328967	0.9999999962694998	0.09342285392478362	0.1863095301996846	[10, 734, 19, 1987]	{1 3 3 1 }12688
180	0.9999999817235625	0.9999999966192341	0.09342285392478362	0.1331556974924919	[1791, 420, 158, 10]	{1 3 3 2 }12749
181	0.9999999834369786	0.999999997182695	0.09342285392478362	0.20639027444725327	[846, 10, 232, 2047]	{2 3 1 3 }12721
182	0.9999999849897618	0.9999999974468174	0.09342285392478362	0.27336962590975883	[394, 193, 232, 10]	{4 4 2 4 }12668
183	0.9999999863969716	0.9999999976861783	0.09342285392478362	0.1658702990684433	[1549, 162, 107, 10]	{2 4 4 2 }12678
184	0.9999999876722556	0.999999997975406	0.09342285392478362	0.2159322305028718	[2627, 438, 2729, 301]	{4 4 4 2 }12800
185	0.9999999888279816	0.9999999981652117	0.09342285392478362	0.10967630417876868	[734, 10, 232, 2047]	{2 4 4 1 }12773
186	0.9999999898753583	0.9999999983945602	0.09342285392478362	0.10967630417876868	[734, 10, 232, 2047]	{1 4 2 2 }12720
187	0.9999999908245435	0.9999999985450702	0.09342285392478362	0.1658702990684433	[1549, 162, 107, 10]	{1 3 4 4 }12674
188	0.9999999916847425	0.9999999987269365	0.09342285392478362	0.16786533017929983	[241, 132, 19, 3308]	{3 1 3 4 }12772
189	0.9999999924642979	0.9999999988462861	0.09342285392478362	0.2491247369771322	[359, 158, 420, 1791]	{2 4 3 4 }12533
190	0.99999999317077	0.9999999989544468	0.09342285392478362	0.18487383348289899	[1580, 438, 2729, 301]	{3 4 4 3 }13038
191	0.9999999938110103	0.9999999990524674	0.09342285392478362	0.30988228910964616	[1792, 232, 10, 1873]	{1 1 2 2 }13200
192	0.9999999943912281	0.9999999991412986	0.09342285392478362	0.23406813284548655	[2051, 1849, 420, 1791]	{1 1 1 2 }12899
193	0.9999999949170505	0.9999999992218018	0.09342285392478362	0.19631517231700574	[158, 10, 734, 19]	{1 2 3 2 }13025
194	0.999999995393577	0.9999999992947579	0.09342285392478362	0.31284412641251236	[107, 162, 420, 1791]	{3 3 2 3 }12955
195	0.9999999958254291	0.9999999993829132	0.09342285392478362	0.10967630417876868	[734, 10, 232, 2047]	{2 3 2 1 }13000
196	0.9999999962167951	0.9999999994407651	0.09342285392478362	0.18487383348289899	[1580, 438, 2729, 301]	{4 4 3 4 }13110
197	0.9999999965714707	0.9999999994931934	0.09342285392478362	0.10106064337290116	[19, 132, 241, 1031]	{1 1 2 3 }12998
198	0.9999999968928952	0.9999999995407065	0.09342285392478362	0.10106064337290116	[19, 132, 241, 1031]	{1 4 1 3 }13036
199	0.9999999971841863	0.9999999995837653	0.09342285392478362	0.27387005898727984	[320, 232, 10, 494]	{3 3 4 3 }12883
200	0.9999999974481688	0.9999999996357946	0.09342285392478362	0.10967630417876868	[734, 10, 232, 2047]	{1 3 2 2 }13132
201	0.999999997687403	0.9999999996699388	0.09342285392478362	0.10106064337290116	[19, 132, 241, 1031]	{1 2 3 1 }12919
202	0.999999997904209	0.9999999997111965	0.09342285392478362	0.1331556974924919	[1791, 420, 158, 10]	{1 2 2 4 }13033
203	0.9999999981006894	0.9999999997382718	0.09342285392478362	0.22391768087519365	[377, 162, 107, 10]	{4 4 3 3 }13099
204	0.9999999982787497	0.9999999997628088	0.09342285392478362	0.1331556974924919	[1791, 420, 158, 10]	{1 3 4 3 }12960
205	0.999999998440117	0.9999999997850455	0.09342285392478362	0.15970201954013888	[19, 132, 241, 1126]	{2 4 1 2 }13212
206	0.999999998586356	0.9999999998051975	0.09342285392478362	0.2491247369771322	[359, 158, 420, 1791]	{1 4 1 4 }13017
207	0.9999999987188851	0.9999999998234602	0.09342285392478362	0.09342285392478362	[734, 19, 132, 241]	{3 1 2 4 }13125
208	0.9999999988389896	0.9999999998400109	0.09342285392478362	0.23406813284548655	[2051, 1849, 420, 1791]	{4 4 3 3 }12969
209	0.9999999989478344	0.9999999998600094	0.09342285392478362	0.3443348273352416	[1715, 132, 241, 1031]	{2 4 1 4 }12745
210	0.9999999990464749	0.9999999998731336	0.09342285392478362	0.1658702990684433	[1549, 162, 107, 10]	{1 2 2 1 }12543
211	0.9999999991358679	0.9999999998850273	0.09342285392478362	0.1863095301996846	[10, 734, 19, 1987]	{1 3 1 4 }12587
212	0.9999999992168802	0.999999999895806	0.09342285392478362	0.2639011924364392	[1579, 1580, 438, 3366]	{4 4 3 3 }12797
213	0.9999999992902977	0.9999999999088303	0.09342285392478362	0.10967630417876868	[734, 10, 232, 2047]	{4 1 1 1 }12793
214	0.9999999993568324	0.9999999999173774	0.09342285392478362	0.2432076968032913	[10, 734, 19, 3308]	{1 2 2 2 }12966
215	0.9999999994171292	0.9999999999277053	0.09342285392478362	0.2503906037096908	[107, 10, 232, 2047]	{4 4 4 4 }13081
216	0.9999999994717734	0.9999999999344829	0.09342285392478362	0.2639011924364392	[1579, 1580, 438, 3366]	{2 1 1 4 }13257
217	0.9999999995212947	0.999999999940625	0.09342285392478362	0.09342285392478362	[734, 19, 132, 241]	{2 4 3 1 }12872
218	0.9999999995661732	0.999999999948047	0.09342285392478362	0.261243628614468	[320, 232, 10, 1873]	{3 2 3 3 }12814
219	0.9999999996068445	0.9999999999529176	0.09342285392478362	0.10106064337290116	[19, 132, 241, 1031]	{1 4 1 3 }12748
220	0.9999999996437029	0.9999999999573316	0.09342285392478362	0.21952846985245666	[241, 132, 19, 409]	{3 2 3 1 }12764
221	0.9999999996771057	0.9999999999613317	0.09342285392478362	0.1331556974924919	[1791, 420, 158, 10]	{3 2 3 2 }12780
222	0.9999999997073771	0.9999999999649568	0.09342285392478362	0.1658702990684433	[1549, 162, 107, 10]	{2 2 4 2 }12632
223	0.9999999997348105	0.9999999999682422	0.09342285392478362	0.1331556974924919	[1791, 420, 158, 10]	{2 4 4 1 }12685
224	0.999999999759672	0.9999999999735352	0.09342285392478362	0.15171927858035095	[1580, 438, 2627, 301]	{4 1 1 4 }13054
225	0.9999999997822028	0.9999999999768432	0.09342285392478362	0.21860586221537726	[158, 10, 232, 2047]	{4 1 2 2 }12987
226	0.9999999998026212	0.9999999999790142	0.09342285392478362	0.1863095301996846	[10, 734, 19, 1987]	{3 1 1 1 }12705
227	0.9999999998211255	0.9999999999809817	0.09342285392478362	0.1331556974924919	[1791, 420, 158, 10]	{3 3 4 4 }12845
228	0.999999999837895	0.9999999999827646	0.09342285392478362	0.23406813284548655	[2051, 1849, 420, 1791]	{2 3 2 2 }12745
229	0.9999999998530923	0.9999999999843804	0.09342285392478362	0.09442435626187316	[10, 734, 19, 132]	{4 2 3 2 }12649
230	0.9999999998668649	0.9999999999858448	0.09342285392478362	0.1331556974924919	[1791, 420, 158, 10]	{2 3 1 3 }12671
231	0.9999999998793463	0.9999999999871718	0.09342285392478362	0.4830427567876572	[2004, 19, 132, 217]	{3 3 4 4 }12523
232	0.9999999998906576	0.9999999999883744	0.09342285392478362	0.16786533017929983	[241, 132, 19, 3308]	{3 1 3 2 }12726
233	0.9999999999009085	0.9999999999898276	0.09342285392478362	0.2679749203014432	[2309, 420, 158, 10]	{4 4 2 2 }12753
234	0.9999999999101983	0.9999999999907813	0.09342285392478362	0.24868901341485986	[1849, 420, 158, 10]	{2 2 3 2 }12810
235	0.9999999999186172	0.9999999999919337	0.09342285392478362	0.10967630417876868	[734, 10, 232, 2047]	{4 4 4 3 }12850
236	0.9999999999262469	0.999999999993278	0.09342285392478362	0.20639027444725327	[846, 10, 232, 2047]	{4 1 4 2 }12712
237	0.9999999999331612	0.9999999999941183	0.09342285392478362	0.2159322305028718	[2627, 438, 2729, 301]	{1 2 2 3 }12671
238	0.9999999999394273	0.9999999999946697	0.09342285392478362	0.10967630417876868	[734, 10, 232, 2047]	{4 2 3 3 }13111
239	0.999999999945106	0.999999999995336	0.09342285392478362	0.27336962590975883	[394, 193, 232, 10]	{4 1 2 2 }13026
240	0.9999999999502523	0.9999999999957733	0.09342285392478362	0.1658702990684433	[1549, 162, 107, 10]	{3 3 1 2 }13093
241	0.9999999999549162	0.9999999999963016	0.09342285392478362	0.20639027444725327	[846, 10, 232, 2047]	{1 2 2 2 }13089
242	0.9999999999591428	0.9999999999966483	0.09342285392478362	0.16786533017929983	[241, 132, 19, 1460]	{4 4 2 3 }12992
243	0.9999999999629732	0.9999999999969625	0.09342285392478362	0.11096716357569314	[241, 132, 19, 1987]	{4 4 1 3 }12933
244	0.9999999999664444	0.9999999999972473	0.09342285392478362	0.33730155160784414	[2872, 241, 132, 217]	{4 2 2 4 }12778
245	0.9999999999695902	0.9999999999975053	0.09342285392478362	0.10106064337290116	[19, 132, 241, 1031]	{3 1 3 4 }12727
246	0.9999999999724412	0.9999999999977393	0.09342285392478362	0.15970201954013888	[19, 132, 241, 1126]	{2 1 3 2 }12595
247	0.9999999999750248	0.9999999999979512	0.09342285392478362	0.1331556974924919	[1791, 420, 158, 10]	{2 4 3 4 }12715
248	0.9999999999773662	0.9999999999982073	0.09342285392478362	0.10106064337290116	[19, 132, 241, 1031]	{3 1 2 3 }12649
249	0.9999999999794882	0.9999999999983753	0.09342285392478362	0.09442435626187316	[10, 734, 19, 132]	{4 1 3 3 }12816
250	0.9999999999814111	0.9999999999985276	0.09342285392478362	0.15171927858035095	[1580, 438, 2627, 301]	{2 4 4 3 }12731
251	0.9999999999831538	0.9999999999986657	0.09342285392478362	0.18409958454888178	[846, 10, 734, 19]	{3 2 3 4 }12558
252	0.9999999999847332	0.9999999999987907	0.09342285392478362	0.09342285392478362	[734, 19, 132, 241]	{1 4 2 3 }13152
253	0.9999999999861644	0.9999999999989041	0.09342285392478362	0.15171927858035095	[1580, 438, 2627, 301]	{4 4 1 4 }13210
254	0.9999999999874615	0.9999999999990069	0.09342285392478362	0.2159322305028718	[2627, 438, 2729, 301]	{2 3 3 1 }13050
255	0.999999999988637	0.9999999999990999	0.09342285392478362	0.10106064337290116	[19, 132, 241, 1031]	{1 1 3 2 }12815
256	0.9999999999897022	0.9999999999992125	0.09342285392478362	0.3085064586858851	[837, 162, 107, 10]	{1 1 4 4 }12812
257	0.9999999999906677	0.9999999999992863	0.09342285392478362	0.22391768087519365	[377, 162, 107, 10]	{4 3 3 4 }12992
258	0.9999999999915425	0.9999999999993532	0.09342285392478362	0.261243628614468	[320, 232, 10, 1873]	{3 3 3 4 }12834
259	0.9999999999923355	0.9999999999994139	0.09342285392478362	0.09442435626187316	[10, 734, 19, 132]	{2 1 4 2 }12892
260	0.999999999993054	0.9999999999994871	0.09342285392478362	0.10967630417876868	[734, 10, 232, 2047]	{4 3 4 2 }12859
261	0.9999999999937053	0.9999999999995353	0.09342285392478362	0.2159322305028718	[2627, 438, 2729, 301]	{3 4 4 1 }13144
262	0.9999999999942953	0.9999999999995788	0.09342285392478362	0.24868901341485986	[1849, 420, 158, 10]	{4 4 1 1 }12692
263	0.9999999999948301	0.9999999999996183	0.09342285392478362	0.09442435626187316	[10, 734, 19, 132]	{2 3 1 2 }12835
264	0.9999999999953149	0.999999999999654	0.09342285392478362	0.15970201954013888	[19, 132, 241, 1126]	{4 4 2 3 }13027
265	0.9999999999957541	0.9999999999996865	0.09342285392478362	0.11096716357569314	[241, 132, 19, 1987]	{1 2 3 1 }12941
266	0.9999999999961521	0.9999999999997159	0.09342285392478362	0.11096716357569314	[241, 132, 19, 1987]	{2 4 1 2 }13008
267	0.9999999999965129	0.9999999999997425	0.09342285392478362	0.17256017448350755	[241, 132, 19, 400]	{1 1 3 4 }13080
268	0.9999999999968398	0.9999999999997666	0.09342285392478362	0.1863095301996846	[10, 734, 19, 1987]	{2 4 4 3 }13092
269	0.9999999999971361	0.9999999999997885	0.09342285392478362	0.09342285392478362	[734, 19, 132, 241]	{2 4 3 1 }13096
270	0.9999999999974045	0.9999999999998149	0.09342285392478362	0.10967630417876868	[734, 10, 232, 2047]	{1 3 1 2 }12986
271	0.9999999999976479	0.9999999999998458	0.09342285392478362	0.15171927858035095	[1580, 438, 2627, 301]	{1 4 4 3 }13136
272	0.9999999999978684	0.9999999999998602	0.09342285392478362	0.09342285392478362	[734, 19, 132, 241]	{1 4 3 2 }13447
273	0.9999999999980682	0.9999999999998733	0.09342285392478362	0.09342285392478362	[734, 19, 132, 241]	{2 3 4 1 }13529
274	0.9999999999982493	0.9999999999998892	0.09342285392478362	0.18409958454888178	[846, 10, 734, 19]	{4 1 4 3 }12900
275	0.9999999999984135	0.9999999999998995	0.09342285392478362	0.11096716357569314	[241, 132, 19, 1987]	{2 1 3 2 }12909
276	0.9999999999985622	0.999999999999909	0.09342285392478362	0.1331556974924919	[1791, 420, 158, 10]	{3 3 2 3 }13172
277	0.9999999999986969	0.9999999999999175	0.09342285392478362	0.09342285392478362	[734, 19, 132, 241]	{2 4 1 3 }13107
278	0.9999999999988192	0.9999999999999253	0.09342285392478362	0.23406813284548655	[2051, 1849, 420, 1791]	{2 3 2 3 }13102
279	0.9999999999989299	0.9999999999999323	0.09342285392478362	0.1658702990684433	[1549, 162, 107, 10]	{1 4 1 1 }12852
280	0.9999999999990302	0.9999999999999386	0.09342285392478362	0.15171927858035095	[1580, 438, 2627, 301]	{3 4 2 3 }13141
281	0.9999999999991211	0.9999999999999444	0.09342285392478362	0.1863095301996846	[10, 734, 19, 1987]	{4 2 1 1 }13266
282	0.9999999999992035	0.9999999999999496	0.09342285392478362	0.15970201954013888	[19, 132, 241, 1126]	{3 3 1 4 }13005
283	0.9999999999992781	0.9999999999999543	0.09342285392478362	0.203625994058398	[19, 132, 241, 2872]	{1 2 4 1 }12954
284	0.9999999999993459	0.9999999999999586	0.09342285392478362	0.09342285392478362	[734, 19, 132, 241]	{1 3 4 2 }12885
285	0.9999999999994071	0.9999999999999625	0.09342285392478362	0.22391768087519365	[377, 162, 107, 10]	{3 1 2 1 }12967
286	0.9999999999994628	0.999999999999966	0.09342285392478362	0.09442435626187316	[10, 734, 19, 132]	{3 1 2 1 }12928
287	0.9999999999995131	0.9999999999999691	0.09342285392478362	0.17256017448350755	[241, 132, 19, 400]	{2 2 3 1 }12996
288	0.9999999999995588	0.999999999999973	0.09342285392478362	0.23406813284548655	[2051, 1849, 420, 1791]	{1 4 4 2 }12713
289	0.9999999999996001	0.9999999999999764	0.09342285392478362	0.3443348273352416	[1726, 132, 241, 1031]	{2 2 2 1 }12723
290	0.9999999999996376	0.9999999999999786	0.09342285392478362	0.09342285392478362	[734, 19, 132, 241]	{1 2 3 4 }12689
291	0.9999999999996716	0.9999999999999806	0.09342285392478362	0.2597369987545019	[1820, 10, 734, 19]	{2 3 2 2 }12749
292	0.9999999999997023	0.9999999999999825	0.09342285392478362	0.11096716357569314	[241, 132, 19, 1987]	{3 1 3 4 }12671
293	0.9999999999997303	0.9999999999999841	0.09342285392478362	0.21952846985245666	[241, 132, 19, 409]	{2 2 4 3 }12860
294	0.9999999999997555	0.9999999999999856	0.09342285392478362	0.32250871948245796	[1792, 232, 10, 494]	{3 4 4 3 }13081
295	0.9999999999997785	0.9999999999999869	0.09342285392478362	0.15970201954013888	[19, 132, 241, 1126]	{4 4 3 1 }13004
296	0.9999999999997993	0.9999999999999881	0.09342285392478362	0.22391768087519365	[377, 162, 107, 10]	{3 4 4 4 }12830
297	0.999999999999818	0.9999999999999892	0.09342285392478362	0.16786533017929983	[241, 132, 19, 1460]	{2 2 4 1 }12821
298	0.9999999999998351	0.9999999999999902	0.09342285392478362	0.22391768087519365	[377, 162, 107, 10]	{2 4 3 3 }12772
299	0.9999999999998506	0.9999999999999915	0.09342285392478362	0.10967630417876868	[734, 10, 232, 2047]	{2 2 3 4 }12699
300	0.9999999999998646	0.9999999999999923	0.09342285392478362	0.09442435626187316	[10, 734, 19, 132]	{4 1 2 1 }12672
301	0.9999999999998773	0.999999999999993	0.09342285392478362	0.1658702990684433	[1549, 162, 107, 10]	{4 2 3 2 }13024
302	0.9999999999998888	0.9999999999999939	0.09342285392478362	0.18409958454888178	[846, 10, 734, 19]	{4 2 2 3 }13076
303	0.9999999999998992	0.9999999999999944	0.09342285392478362	0.2351386557927953	[734, 19, 132, 217]	{1 4 2 1 }12959
304	0.9999999999999086	0.999999999999995	0.09342285392478362	0.11096716357569314	[241, 132, 19, 1987]	{4 3 4 2 }13241
305	0.9999999999999172	0.9999999999999954	0.09342285392478362	0.09342285392478362	[734, 19, 132, 241]	{4 2 3 1 }13107
306	0.999999999999925	0.9999999999999959	0.09342285392478362	0.16786533017929983	[241, 132, 19, 1460]	{3 2 4 3 }13022
307	0.999999999999932	0.9999999999999963	0.09342285392478362	0.10967630417876868	[734, 10, 232, 2047]	{4 2 2 3 }12880
308	0.9999999999999384	0.999999999999997	0.09342285392478362	0.18487383348289899	[1580, 438, 2729, 301]	{1 2 1 2 }12914
309	0.9999999999999442	0.9999999999999972	0.09342285392478362	0.15970201954013888	[19, 132, 241, 1126]	{2 3 2 4 }13134
310	0.9999999999999494	0.9999999999999976	0.09342285392478362	0.09342285392478362	[734, 19, 132, 241]	{2 4 3 1 }13305
311	0.9999999999999541	0.9999999999999979	0.09342285392478362	0.10967630417876868	[734, 10, 232, 2047]	{2 2 3 1 }13063
312	0.9999999999999585	0.999999999999998	0.09342285392478362	0.2159322305028718	[2627, 438, 2729, 301]	{4 4 2 2 }13164
313	0.9999999999999624	0.9999999999999983	0.09342285392478362	0.18409958454888178	[846, 10, 734, 19]	{1 2 2 2 }13055
314	0.9999999999999659	0.9999999999999984	0.09342285392478362	0.1331556974924919	[1791, 420, 158, 10]	{2 4 4 4 }13842
315	0.999999999999969	0.9999999999999986	0.09342285392478362	0.09442435626187316	[10, 734, 19, 132]	{1 3 2 1 }13115
316	0.999999999999972	0.9999999999999988	0.09342285392478362	0.10967630417876868	[734, 10, 232, 2047]	{3 4 3 4 }12849
317	0.9999999999999746	0.9999999999999989	0.09342285392478362	0.27634519175212857	[734, 19, 132, 1032]	{2 1 3 3 }13110
318	0.999999999999977	0.999999999999999	0.09342285392478362	0.21860586221537726	[158, 10, 232, 2047]	{3 4 3 4 }13113
319	0.9999999999999791	0.9999999999999991	0.09342285392478362	0.2639011924364392	[1579, 1580, 438, 3366]	{2 3 1 3 }12910
320	0.9999999999999811	0.9999999999999992	0.09342285392478362	0.24868901341485986	[1849, 420, 158, 10]	{1 2 2 1 }12960
321	0.9999999999999829	0.9999999999999993	0.09342285392478362	0.2639011924364392	[1579, 1580, 438, 3366]	{4 1 3 3 }12978
322	0.9999999999999845	0.9999999999999993	0.09342285392478362	0.09342285392478362	[734, 19, 132, 241]	{1 2 4 3 }12813
323	0.9999999999999859	0.9999999999999994	0.09342285392478362	0.11096716357569314	[241, 132, 19, 1987]	{2 2 3 4 }12900
324	0.9999999999999872	0.9999999999999994	0.09342285392478362	0.1331556974924919	[1791, 420, 158, 10]	{1 3 3 4 }12984
325	0.9999999999999885	0.9999999999999996	0.09342285392478362	0.11096716357569314	[241, 132, 19, 1987]	{3 2 1 3 }13043
326	0.9999999999999896	0.9999999999999996	0.09342285392478362	0.10967630417876868	[734, 10, 232, 2047]	{2 4 4 3 }12878
327	0.9999999999999906	0.9999999999999997	0.09342285392478362	0.10106064337290116	[19, 132, 241, 1031]	{4 1 4 3 }12837
328	0.9999999999999915	0.9999999999999997	0.09342285392478362	0.21860586221537726	[158, 10, 232, 2047]	{4 4 4 2 }12858
329	0.9999999999999922	0.9999999999999997	0.09342285392478362	0.10967630417876868	[734, 10, 232, 2047]	{2 3 3 2 }12884
330	0.9999999999999929	0.9999999999999998	0.09342285392478362	0.09442435626187316	[10, 734, 19, 132]	{1 2 4 4 }12921
331	0.9999999999999936	0.9999999999999998	0.09342285392478362	0.17256017448350755	[241, 132, 19, 400]	{1 2 3 1 }13117
332	0.9999999999999942	0.9999999999999998	0.09342285392478362	0.10106064337290116	[19, 132, 241, 1031]	{4 1 2 4 }13012
333	0.9999999999999948	0.9999999999999998	0.09342285392478362	0.09342285392478362	[734, 19, 132, 241]	{1 2 4 3 }12862
334	0.9999999999999952	0.9999999999999998	0.09342285392478362	0.36644503046545646	[1917, 10, 232, 2047]	{2 3 2 3 }13119
335	0.9999999999999957	0.9999999999999999	0.09342285392478362	0.2351386557927953	[734, 19, 132, 217]	{3 4 1 1 }13074
336	0.9999999999999961	0.9999999999999999	0.09342285392478362	0.19631517231700574	[158, 10, 734, 19]	{4 1 4 4 }12999
337	0.9999999999999964	0.9999999999999999	0.09342285392478362	0.261243628614468	[320, 232, 10, 1873]	{2 2 4 4 }12954
338	0.9999999999999968	0.9999999999999999	0.09342285392478362	0.09342285392478362	[734, 19, 132, 241]	{4 1 3 2 }12957
339	0.9999999999999971	0.9999999999999999	0.09342285392478362	0.11096716357569314	[241, 132, 19, 1987]	{1 1 2 4 }12984
340	0.9999999999999973	0.9999999999999999	0.09342285392478362	0.1658702990684433	[1549, 162, 107, 10]	{1 2 3 3 }12953
341	0.9999999999999976	0.9999999999999999	0.09342285392478362	0.11096716357569314	[241, 132, 19, 1987]	{2 4 3 2 }12992
342	0.9999999999999978	0.9999999999999999	0.09342285392478362	0.09342285392478362	[734, 19, 132, 241]	{1 3 2 4 }13032
343	0.999999999999998	0.9999999999999999	0.09342285392478362	0.17256017448350755	[241, 132, 19, 400]	{2 2 4 1 }13104
344	0.9999999999999982	0.9999999999999999	0.09342285392478362	0.15970201954013888	[19, 132, 241, 1126]	{4 4 3 2 }12815
345	0.9999999999999983	0.9999999999999999	0.09342285392478362	0.27336962590975883	[394, 193, 232, 10]	{4 1 4 4 }12897
346	0.9999999999999986	1.0	0.09342285392478362	0.09342285392478362	[734, 19, 132, 241]	{3 2 1 4 }12896
347	0.9999999999999987	1.0	0.09342285392478362	0.09342285392478362	[734, 19, 132, 241]	{1 4 2 3 }12775
348	0.9999999999999988	1.0	0.09342285392478362	0.18487383348289899	[1580, 438, 2729, 301]	{1 2 3 2 }12706
349	0.9999999999999989	1.0	0.09342285392478362	0.1863095301996846	[10, 734, 19, 1987]	{1 3 3 1 }12675
350	0.999999999999999	1.0	0.09342285392478362	0.09342285392478362	[734, 19, 132, 241]	{4 1 2 3 }12798
351	0.9999999999999991	1.0	0.09342285392478362	0.17256017448350755	[241, 132, 19, 400]	{2 3 1 2 }12777
352	0.9999999999999992	1.0	0.09342285392478362	0.10106064337290116	[19, 132, 241, 1031]	{1 4 2 1 }12641
353	0.9999999999999992	1.0	0.09342285392478362	0.16786533017929983	[241, 132, 19, 1460]	{1 2 1 4 }12840
354	0.9999999999999993	1.0	0.09342285392478362	0.18487383348289899	[1580, 438, 2729, 301]	{2 4 3 3 }12826
355	0.9999999999999994	1.0	0.09342285392478362	0.10967630417876868	[734, 10, 232, 2047]	{4 3 4 3 }12808
356	0.9999999999999994	1.0	0.09342285392478362	0.2159322305028718	[2627, 438, 2729, 301]	{1 2 2 1 }12750
357	0.9999999999999996	1.0	0.09342285392478362	0.10967630417876868	[734, 10, 232, 2047]	{3 3 4 3 }13156
358	0.9999999999999996	1.0	0.09342285392478362	0.33245854227976523	[394, 193, 232, 2047]	{1 1 1 1 }12993
359	0.9999999999999996	1.0	0.09342285392478362	0.27634519175212857	[734, 19, 132, 1032]	{3 1 4 4 }12999
360	0.9999999999999997	1.0	0.09342285392478362	0.23406813284548655	[2051, 1849, 420, 1791]	{1 4 1 2 }13017
361	0.9999999999999997	1.0	0.09342285392478362	0.09342285392478362	[734, 19, 132, 241]	{1 4 2 3 }13114
362	0.9999999999999997	1.0	0.09342285392478362	0.2432076968032913	[10, 734, 19, 1460]	{4 2 4 4 }12956
363	0.9999999999999998	1.0	0.09342285392478362	0.1863095301996846	[10, 734, 19, 1987]	{4 2 2 2 }13055
364	0.9999999999999998	1.0	0.09342285392478362	0.15171927858035095	[1580, 438, 2627, 301]	{3 2 2 2 }12969
365	0.9999999999999998	1.0	0.09342285392478362	0.09442435626187316	[10, 734, 19, 132]	{4 1 3 4 }12989
366	0.9999999999999998	1.0	0.09342285392478362	0.1658702990684433	[1549, 162, 107, 10]	{4 4 2 4 }12941
367	0.9999999999999998	1.0	0.09342285392478362	0.19631517231700574	[158, 10, 734, 19]	{1 3 3 1 }12970
368	0.9999999999999998	1.0	0.09342285392478362	0.16786533017929983	[241, 132, 19, 3308]	{1 4 1 3 }12964
369	0.9999999999999999	1.0	0.09342285392478362	0.10967630417876868	[734, 10, 232, 2047]	{3 3 4 3 }12991
370	0.9999999999999999	1.0	0.09342285392478362	0.16786533017929983	[241, 132, 19, 1460]	{3 4 3 2 }12969
371	0.9999999999999999	1.0	0.09342285392478362	0.10967630417876868	[734, 10, 232, 2047]	{2 2 3 4 }12964
372	0.9999999999999999	1.0	0.09342285392478362	0.2491247369771322	[359, 158, 420, 1791]	{1 4 1 1 }13072
373	0.9999999999999999	1.0	0.09342285392478362	0.2432076968032913	[10, 734, 19, 3308]	{2 4 4 2 }13226
374	0.9999999999999999	1.0	0.09342285392478362	0.261243628614468	[320, 232, 10, 1873]	{4 4 4 2 }13070
375	0.9999999999999999	1.0	0.09342285392478362	0.18409958454888178	[846, 10, 734, 19]	{4 2 4 2 }12990
376	0.9999999999999999	1.0	0.09342285392478362	0.09442435626187316	[10, 734, 19, 132]	{3 4 1 4 }12770
377	0.9999999999999999	1.0	0.09342285392478362	0.1658702990684433	[1549, 162, 107, 10]	{1 4 4 1 }12649
378	0.9999999999999999	1.0	0.09342285392478362	0.10967630417876868	[734, 10, 232, 2047]	{4 4 1 4 }12898
379	0.9999999999999999	1.0	0.09342285392478362	0.09342285392478362	[734, 19, 132, 241]	{3 1 4 2 }13027
380	1.0	1.0	0.09342285392478362	0.1658702990684433	[1549, 162, 107, 10]	{3 4 4 1 }12835
381	1.0	1.0	0.09342285392478362	0.11096716357569314	[241, 132, 19, 1987]	{4 2 1 4 }13042
382	1.0	1.0	0.09342285392478362	0.31284412641251236	[107, 162, 420, 1791]	{2 3 3 1 }13083
383	1.0	1.0	0.09342285392478362	0.09442435626187316	[10, 734, 19, 132]	{3 4 1 1 }13064
384	1.0	1.0	0.09342285392478362	0.2351386557927953	[734, 19, 132, 217]	{3 1 2 1 }13232
385	1.0	1.0	0.09342285392478362	0.261243628614468	[320, 232, 10, 1873]	{2 3 3 2 }13142
386	1.0	1.0	0.09342285392478362	0.10106064337290116	[19, 132, 241, 1031]	{4 2 4 1 }13140
387	1.0	1.0	0.09342285392478362	0.16786533017929983	[241, 132, 19, 3308]	{3 2 3 4 }13112
388	1.0	1.0	0.09342285392478362	0.1658702990684433	[1549, 162, 107, 10]	{4 1 1 1 }13047
389	1.0	1.0	0.09342285392478362	0.22809991381131928	[107, 10, 734, 19]	{4 1 3 3 }13198
390	1.0	1.0	0.09342285392478362	0.09342285392478362	[734, 19, 132, 241]	{4 3 1 2 }13091
391	1.0	1.0	0.09342285392478362	0.15171927858035095	[1580, 438, 2627, 301]	{4 4 3 3 }12714
392	1.0	1.0	0.09342285392478362	0.27336962590975883	[394, 193, 232, 10]	{2 4 1 1 }12790
393	1.0	1.0	0.09342285392478362	0.23406813284548655	[2051, 1849, 420, 1791]	{3 3 1 2 }12777
394	1.0	1.0	0.09342285392478362	0.27336962590975883	[394, 193, 232, 10]	{3 1 1 4 }12609
395	1.0	1.0	0.09342285392478362	0.09342285392478362	[734, 19, 132, 241]	{4 3 1 2 }12764
396	1.0	1.0	0.09342285392478362	0.1658702990684433	[1549, 162, 107, 10]	{3 4 4 1 }12692
397	1.0	1.0	0.09342285392478362	0.1331556974924919	[1791, 420, 158, 10]	{4 1 1 4 }12884
398	1.0	1.0	0.09342285392478362	0.2491247369771322	[359, 158, 420, 1791]	{1 1 1 4 }12846
399	1.0	1.0	0.09342285392478362	0.261243628614468	[320, 232, 10, 1873]	{2 4 2 2 }12992
400	1.0	1.0	0.09342285392478362	0.2159322305028718	[2627, 438, 2729, 301]	{3 1 1 2 }13085
401	1.0	1.0	0.09342285392478362	0.1331556974924919	[1791, 420, 158, 10]	{2 4 4 1 }13083
402	1.0	1.0	0.09342285392478362	0.16786533017929983	[241, 132, 19, 3308]	{4 4 1 3 }12919
403	1.0	1.0	0.09342285392478362	0.15970201954013888	[19, 132, 241, 1126]	{4 4 1 3 }12890
404	1.0	1.0	0.09342285392478362	0.11096716357569314	[241, 132, 19, 1987]	{1 3 1 4 }12788
405	1.0	1.0	0.09342285392478362	0.18409958454888178	[846, 10, 734, 19]	{2 1 4 1 }12723
406	1.0	1.0	0.09342285392478362	0.35078055574173583	[3819, 438, 1580, 301]	{4 4 3 4 }13052
407	1.0	1.0	0.09342285392478362	0.10967630417876868	[734, 10, 232, 2047]	{2 2 3 1 }12771
408	1.0	1.0	0.09342285392478362	0.16786533017929983	[241, 132, 19, 1460]	{4 3 4 2 }12628
409	1.0	1.0	0.09342285392478362	0.1658702990684433	[1549, 162, 107, 10]	{4 1 4 1 }12858
410	1.0	1.0	0.09342285392478362	0.2679749203014432	[2309, 420, 158, 10]	{1 1 2 1 }12887
411	1.0	1.0	0.09342285392478362	0.1863095301996846	[10, 734, 19, 1987]	{3 1 1 2 }13233
412	1.0	1.0	0.09342285392478362	0.2491247369771322	[359, 158, 420, 1791]	{1 4 1 1 }13222
413	1.0	1.0	0.09342285392478362	0.18409958454888178	[846, 10, 734, 19]	{4 3 4 4 }13031
414	1.0	1.0	0.09342285392478362	0.15171927858035095	[1580, 438, 2627, 301]	{2 1 1 1 }12907
415	1.0	1.0	0.09342285392478362	0.20639027444725327	[846, 10, 232, 2047]	{2 4 2 2 }13294
416	1.0	1.0	0.09342285392478362	0.23406813284548655	[2051, 1849, 420, 1791]	{1 2 4 4 }13197
417	1.0	1.0	0.09342285392478362	0.2491247369771322	[359, 158, 420, 1791]	{1 1 2 1 }12800
418	1.0	1.0	0.09342285392478362	0.2679749203014432	[2309, 420, 158, 10]	{1 1 1 4 }12629
419	1.0	1.0	0.09342285392478362	0.15171927858035095	[1580, 438, 2627, 301]	{3 2 4 4 }12909
420	1.0	1.0	0.09342285392478362	0.11096716357569314	[241, 132, 19, 1987]	{3 3 4 2 }12788
421	1.0	1.0	0.09342285392478362	0.21860586221537726	[158, 10, 232, 2047]	{1 3 2 2 }12672
422	1.0	1.0	0.09342285392478362	0.10106064337290116	[19, 132, 241, 1031]	{1 1 3 4 }13405
423	1.0	1.0	0.09342285392478362	0.16786533017929983	[241, 132, 19, 3308]	{2 1 2 3 }12829
424	1.0	1.0	0.09342285392478362	0.09342285392478362	[734, 19, 132, 241]	{3 1 4 2 }12933
425	1.0	1.0	0.09342285392478362	0.09442435626187316	[10, 734, 19, 132]	{3 2 1 1 }12767
426	1.0	1.0	0.09342285392478362	0.2159322305028718	[2627, 438, 2729, 301]	{1 1 1 3 }13064
427	1.0	1.0	0.09342285392478362	0.09442435626187316	[10, 734, 19, 132]	{1 3 4 1 }13464
428	1.0	1.0	0.09342285392478362	0.10967630417876868	[734, 10, 232, 2047]	{2 1 3 3 }12817
429	1.0	1.0	0.09342285392478362	0.11096716357569314	[241, 132, 19, 1987]	{3 1 2 3 }13228
430	1.0	1.0	0.09342285392478362	0.19631517231700574	[158, 10, 734, 19]	{3 2 2 2 }13096
431	1.0	1.0	0.09342285392478362	0.15171927858035095	[1580, 438, 2627, 301]	{1 2 1 4 }12978
432	1.0	1.0	0.09342285392478362	0.2597369987545019	[1820, 10, 734, 19]	{3 2 4 4 }12753
433	1.0	1.0	0.09342285392478362	0.10106064337290116	[19, 132, 241, 1031]	{4 4 3 2 }12737
434	1.0	1.0	0.09342285392478362	0.09342285392478362	[734, 19, 132, 241]	{3 4 2 1 }13083
435	1.0	1.0	0.09342285392478362	0.15970201954013888	[19, 132, 241, 1126]	{1 2 1 3 }12864
436	1.0	1.0	0.09342285392478362	0.10106064337290116	[19, 132, 241, 1031]	{4 4 1 2 }12867
437	1.0	1.0	0.09342285392478362	0.2503906037096908	[107, 10, 232, 2047]	{2 1 4 4 }12610
438	1.0	1.0	0.09342285392478362	0.1331556974924919	[1791, 420, 158, 10]	{4 2 4 2 }12923
439	1.0	1.0	0.09342285392478362	0.21860586221537726	[158, 10, 232, 2047]	{4 3 4 3 }12734
440	1.0	1.0	0.09342285392478362	0.09442435626187316	[10, 734, 19, 132]	{2 3 4 2 }13387
441	1.0	1.0	0.09342285392478362	0.1658702990684433	[1549, 162, 107, 10]	{2 4 1 4 }12930
442	1.0	1.0	0.09342285392478362	0.2159322305028718	[2627, 438, 2729, 301]	{4 3 1 4 }12831
443	1.0	1.0	0.09342285392478362	0.23406813284548655	[2051, 1849, 420, 1791]	{1 2 2 2 }13312
444	1.0	1.0	0.09342285392478362	0.1331556974924919	[1791, 420, 158, 10]	{2 4 1 4 }13211
445	1.0	1.0	0.09342285392478362	0.09442435626187316	[10, 734, 19, 132]	{2 3 1 1 }13024
446	1.0	1.0	0.09342285392478362	0.22391768087519365	[377, 162, 107, 10]	{4 1 1 4 }13153
447	1.0	1.0	0.09342285392478362	0.15970201954013888	[19, 132, 241, 1126]	{2 4 3 2 }12887
448	1.0	1.0	0.09342285392478362	0.11096716357569314	[241, 132, 19, 1987]	{3 3 2 1 }12624
449	1.0	1.0	0.09342285392478362	0.16786533017929983	[241, 132, 19, 1460]	{3 4 2 3 }12664
450	1.0	1.0	0.09342285392478362	0.18487383348289899	[1580, 438, 2729, 301]	{3 4 4 2 }12712
451	1.0	1.0	0.09342285392478362	0.4200129608271223	[2636, 162, 420, 1791]	{2 4 4 3 }12871
452	1.0	1.0	0.09342285392478362	0.1658702990684433	[1549, 162, 107, 10]	{4 1 4 3 }12854
453	1.0	1.0	0.09342285392478362	0.11096716357569314	[241, 132, 19, 1987]	{1 4 1 2 }12699
454	1.0	1.0	0.09342285392478362	0.09442435626187316	[10, 734, 19, 132]	{4 1 3 3 }12531
455	1.0	1.0	0.09342285392478362	0.10967630417876868	[734, 10, 232, 2047]	{1 4 1 1 }12834
456	1.0	1.0	0.09342285392478362	0.1331556974924919	[1791, 420, 158, 10]	{4 2 2 3 }12673
457	1.0	1.0	0.09342285392478362	0.19631517231700574	[158, 10, 734, 19]	{2 4 2 4 }12843
458	1.0	1.0	0.09342285392478362	0.22391768087519365	[377, 162, 107, 10]	{1 1 3 3 }12656
459	1.0	1.0	0.09342285392478362	0.15171927858035095	[1580, 438, 2627, 301]	{2 2 1 2 }12807
460	1.0	1.0	0.09342285392478362	0.2432076968032913	[10, 734, 19, 1460]	{4 3 3 4 }12582
461	1.0	1.0	0.09342285392478362	0.10106064337290116	[19, 132, 241, 1031]	{3 1 3 2 }12741
462	1.0	1.0	0.09342285392478362	0.2159322305028718	[2627, 438, 2729, 301]	{1 1 4 4 }13142
463	1.0	1.0	0.09342285392478362	0.3802916150617742	[1792, 496, 2729, 301]	{2 1 1 1 }12761
464	1.0	1.0	0.09342285392478362	0.27387005898727984	[320, 232, 10, 494]	{4 4 4 1 }12797
465	1.0	1.0	0.09342285392478362	0.09342285392478362	[734, 19, 132, 241]	{3 2 1 4 }12668
466	1.0	1.0	0.09342285392478362	0.18487383348289899	[1580, 438, 2729, 301]	{3 3 1 1 }12792
467	1.0	1.0	0.09342285392478362	0.15970201954013888	[19, 132, 241, 1126]	{1 1 4 3 }12874
468	1.0	1.0	0.09342285392478362	0.2821439004759725	[2636, 162, 107, 10]	{3 3 3 1 }12803
469	1.0	1.0	0.09342285392478362	0.23406813284548655	[2051, 1849, 420, 1791]	{2 1 4 2 }13065
470	1.0	1.0	0.09342285392478362	0.11096716357569314	[241, 132, 19, 1987]	{4 3 1 4 }13295
471	1.0	1.0	0.09342285392478362	0.15171927858035095	[1580, 438, 2627, 301]	{2 2 1 1 }13042
472	1.0	1.0	0.09342285392478362	0.18409958454888178	[846, 10, 734, 19]	{3 1 3 3 }12988
473	1.0	1.0	0.09342285392478362	0.1658702990684433	[1549, 162, 107, 10]	{2 3 3 1 }12544
474	1.0	1.0	0.09342285392478362	0.2679749203014432	[2309, 420, 158, 10]	{1 3 4 3 }12488
475	1.0	1.0	0.09342285392478362	0.1658702990684433	[1549, 162, 107, 10]	{2 2 1 2 }12309
476	1.0	1.0	0.09342285392478362	0.17256017448350755	[241, 132, 19, 400]	{4 1 4 3 }12217
477	1.0	1.0	0.09342285392478362	0.20639027444725327	[846, 10, 232, 2047]	{2 3 4 3 }12174
478	1.0	1.0	0.09342285392478362	0.34274742368807926	[241, 132, 1032, 370]	{4 2 2 1 }12534
479	1.0	1.0	0.09342285392478362	0.1863095301996846	[10, 734, 19, 1987]	{1 4 4 1 }12293
480	1.0	1.0	0.09342285392478362	0.11096716357569314	[241, 132, 19, 1987]	{1 4 1 3 }12337
481	1.0	1.0	0.09342285392478362	0.10967630417876868	[734, 10, 232, 2047]	{1 1 2 2 }12464
482	1.0	1.0	0.09342285392478362	0.23406813284548655	[2051, 1849, 420, 1791]	{2 1 3 1 }12241
483	1.0	1.0	0.09342285392478362	0.1331556974924919	[1791, 420, 158, 10]	{1 3 2 1 }12232
484	1.0	1.0	0.09342285392478362	0.203625994058398	[19, 132, 241, 2872]	{2 4 3 2 }12023
485	1.0	1.0	0.09342285392478362	0.20639027444725327	[846, 10, 232, 2047]	{2 2 4 2 }11995
486	1.0	1.0	0.09342285392478362	0.09442435626187316	[10, 734, 19, 132]	{1 2 4 1 }11918
487	1.0	1.0	0.09342285392478362	0.18409958454888178	[846, 10, 734, 19]	{1 4 4 1 }11950
488	1.0	1.0	0.09342285392478362	0.22391768087519365	[377, 162, 107, 10]	{1 1 2 2 }12030
489	1.0	1.0	0.09342285392478362	0.16786533017929983	[241, 132, 19, 3308]	{2 4 2 3 }12213
490	1.0	1.0	0.09342285392478362	0.11096716357569314	[241, 132, 19, 1987]	{4 1 3 4 }12076
491	1.0	1.0	0.09342285392478362	0.18487383348289899	[1580, 438, 2729, 301]	{1 1 4 4 }12010
492	1.0	1.0	0.09342285392478362	0.2159322305028718	[2627, 438, 2729, 301]	{1 4 2 2 }12099
493	1.0	1.0	0.09342285392478362	0.1331556974924919	[1791, 420, 158, 10]	{4 2 2 2 }12134
494	1.0	1.0	0.09342285392478362	0.09342285392478362	[734, 19, 132, 241]	{2 4 1 3 }12069
495	1.0	1.0	0.09342285392478362	0.18409958454888178	[846, 10, 734, 19]	{2 3 2 4 }11994
496	1.0	1.0	0.09342285392478362	0.10967630417876868	[734, 10, 232, 2047]	{2 2 4 4 }12037
497	1.0	1.0	0.09342285392478362	0.10106064337290116	[19, 132, 241, 1031]	{1 4 2 1 }12089
498	1.0	1.0	0.09342285392478362	0.11096716357569314	[241, 132, 19, 1987]	{2 3 2 4 }12220
499	1.0	1.0	0.09342285392478362	0.11096716357569314	[241, 132, 19, 1987]	{2 3 1 2 }11939
