0	0.09375	0.09375	0.09442435626187316	0.09442435626187316	[10, 734, 19, 132]	{3 2 1 1 }16658
1	0.1787109375	0.20703125	0.09442435626187316	0.33245854227976523	[394, 193, 232, 2047]	{1 1 2 2 }13067
2	0.255706787109375	0.33919270833333326	0.09442435626187316	0.15171927858035095	[1580, 438, 2627, 301]	{4 1 3 3 }12365
3	0.3254842758178711	0.42179361979166663	0.09442435626187316	0.3085064586858851	[837, 162, 107, 10]	{3 3 1 3 }11955
4	0.3887201249599457	0.4760004679361979	0.09342285392478362	0.09342285392478362	[734, 19, 132, 241]	{1 4 2 3 }12317
5	0.44602761324495077	0.5251254240671793	0.09342285392478362	0.2491247369771322	[359, 158, 420, 1791]	{3 1 1 3 }12354
6	0.49796252450323664	0.5696449155608813	0.09342285392478362	0.09442435626187316	[10, 734, 19, 132]	{4 1 3 4 }13393
7	0.5450285378310582	0.6099907047270486	0.09342285392478362	0.1863095301996846	[10, 734, 19, 1987]	{2 1 1 1 }12040
8	0.5876821124093965	0.6749922539392073	0.09342285392478362	0.20639027444725327	[846, 10, 232, 2047]	{2 4 1 2 }11927
9	0.6263369143710156	0.729160211616006	0.09342285392478362	0.18487383348289899	[1580, 438, 2729, 301]	{1 2 3 2 }12902
10	0.6613678286487329	0.7545514417770054	0.09342285392478362	0.09342285392478362	[734, 19, 132, 241]	{1 4 3 2 }11898
11	0.6931145947129143	0.7775622441104112	0.09342285392478362	0.18409958454888178	[846, 10, 734, 19]	{3 1 1 4 }11849
12	0.7218851014585785	0.7984157837250601	0.09342285392478362	0.10106064337290116	[19, 132, 241, 1031]	{3 4 1 3 }12230
13	0.7479583731968367	0.8173143040008357	0.09342285392478362	0.1331556974924919	[1791, 420, 158, 10]	{2 4 4 4 }12054
14	0.7715872757096333	0.8344410880007573	0.09342285392478362	0.09342285392478362	[734, 19, 132, 241]	{4 2 1 3 }11926
15	0.7930009686118552	0.8620342400006311	0.09342285392478362	0.20639027444725327	[846, 10, 232, 2047]	{4 1 3 1 }12013
16	0.8124071278044938	0.874968530000572	0.09342285392478362	0.19631517231700574	[158, 10, 734, 19]	{1 3 2 2 }11960
17	0.8299939595728225	0.8958071083338099	0.09342285392478362	0.2820276886528734	[1820, 10, 232, 2047]	{1 3 3 4 }11983
18	0.8459320258628704	0.9055751919275153	0.09342285392478362	0.09342285392478362	[734, 19, 132, 241]	{1 3 2 4 }12180
19	0.8603758984382263	0.9173782929365759	0.09342285392478362	0.29698951933247447	[734, 19, 132, 1031]	{2 1 4 1 }12171
20	0.8734656579596425	0.9251240779737719	0.09342285392478362	0.15970201954013888	[19, 132, 241, 1126]	{4 2 4 3 }12277
21	0.8853282525259261	0.9321436956637308	0.09342285392478362	0.32491064217445786	[19, 734, 10, 494]	{4 3 3 3 }12187
22	0.8960787288516205	0.9385052241952561	0.09342285392478362	0.31284412641251236	[107, 162, 420, 1791]	{2 2 2 2 }12253
23	0.905821348021781	0.9442703594269508	0.09342285392478362	0.1658702990684433	[1549, 162, 107, 10]	{4 4 4 3 }12151
24	0.9146505966447391	0.951236564498582	0.09342285392478362	0.27336962590975883	[394, 193, 232, 10]	{4 1 4 4 }11981
25	0.9226521032092948	0.9573319939362592	0.09342285392478362	0.10967630417876868	[734, 10, 232, 2047]	{4 2 3 4 }12013
26	0.9299034685334234	0.9613321195047348	0.09342285392478362	0.09342285392478362	[734, 19, 132, 241]	{4 1 3 2 }11942
27	0.936475018358415	0.964957233301166	0.09342285392478362	0.22809991381131928	[107, 10, 734, 19]	{3 4 2 2 }12274
28	0.9424304853873136	0.9682424926791817	0.09342285392478362	0.16786533017929983	[241, 132, 19, 1460]	{1 1 2 3 }12152
29	0.9478276273822529	0.9712197589905084	0.09342285392478362	0.3507876680066448	[19, 132, 1032, 370]	{3 2 4 4 }11807
30	0.9527187873151667	0.9739179065851482	0.09342285392478362	0.10106064337290116	[19, 132, 241, 1031]	{1 2 1 4 }12004
31	0.9571514010043698	0.9763631028427906	0.09342285392478362	0.16786533017929983	[241, 132, 19, 3308]	{3 3 1 2 }12081
32	0.9611684571602102	0.978579061951279	0.09342285392478362	0.1331556974924919	[1791, 420, 158, 10]	{4 1 2 4 }12088
33	0.9648089143014404	0.9805872748933465	0.09342285392478362	0.31932295378312203	[734, 19, 132, 168]	{2 4 1 1 }12050
34	0.9681080785856804	0.9830138655316782	0.09342285392478362	0.10967630417876868	[734, 10, 232, 2047]	{2 4 4 3 }12027
35	0.9710979462182728	0.9851371323402185	0.09342285392478362	0.33098739788741527	[421, 438, 2627, 301]	{1 1 3 3 }11953
36	0.9738075137603098	0.9865305261833229	0.09342285392478362	0.10106064337290116	[19, 132, 241, 1031]	{2 4 2 1 }11889
37	0.9762630593452808	0.9882142104104076	0.09342285392478362	0.10967630417876868	[734, 10, 232, 2047]	{3 3 3 2 }11848
38	0.9784883975316607	0.9893191281844319	0.09342285392478362	0.24868901341485986	[1849, 420, 158, 10]	{3 3 3 2 }11969
39	0.9805051102630675	0.9903204599171415	0.09342285392478362	0.23406813284548655	[2051, 1849, 420, 1791]	{2 4 2 2 }12276
40	0.9823327561759049	0.9919337165976179	0.09342285392478362	0.20639027444725327	[846, 10, 232, 2047]	{3 2 3 3 }11928
41	0.9839890602844138	0.9926899306665912	0.09342285392478362	0.1863095301996846	[10, 734, 19, 1987]	{2 4 4 4 }11899
42	0.98549008588275	0.9933752496665983	0.09342285392478362	0.11096716357569314	[241, 132, 19, 1987]	{1 4 3 1 }11819
43	0.9868503903312422	0.9939963200103547	0.09342285392478362	0.15970201954013888	[19, 132, 241, 1126]	{2 3 4 2 }12011
44	0.9880831662376882	0.9947467800090604	0.09342285392478362	0.261243628614468	[320, 232, 10, 1873]	{3 3 3 1 }11887
45	0.989200369402905	0.995239269383211	0.09342285392478362	0.11096716357569314	[241, 132, 19, 1987]	{1 4 1 3 }11877
46	0.9902128347713827	0.9956855878785349	0.09342285392478362	0.11096716357569314	[241, 132, 19, 1987]	{1 2 1 4 }11912
47	0.9911303815115655	0.9960900640149223	0.09342285392478362	0.1863095301996846	[10, 734, 19, 1987]	{2 4 2 2 }11893
48	0.9919619082448563	0.9964566205135232	0.09342285392478362	0.24868901341485986	[1849, 420, 158, 10]	{2 4 4 4 }12152
49	0.992715479346901	0.9967888123403805	0.09342285392478362	0.15970201954013888	[19, 132, 241, 1126]	{1 1 3 4 }12274
50	0.993398403158129	0.9975024095980737	0.09342285392478362	0.23406813284548655	[2051, 1849, 420, 1791]	{2 3 2 3 }12090
51	0.9940173028620544	0.9977365586982543	0.09342285392478362	0.11096716357569314	[241, 132, 19, 1987]	{1 2 1 4 }12461
52	0.9945781807187368	0.997948756320293	0.09342285392478362	0.1863095301996846	[10, 734, 19, 1987]	{3 1 1 3 }12475
53	0.9950864762763553	0.9981410604152655	0.09342285392478362	0.10106064337290116	[19, 132, 241, 1031]	{1 3 1 4 }12593
54	0.9955471191254469	0.9983153360013344	0.09342285392478362	0.09342285392478362	[734, 19, 132, 241]	{2 3 1 4 }12430
55	0.9959645767074363	0.9984732732512093	0.09342285392478362	0.15171927858035095	[1580, 438, 2627, 301]	{3 3 3 2 }12083
56	0.9963428976411142	0.9986641140948082	0.09342285392478362	0.18409958454888178	[846, 10, 734, 19]	{1 3 1 3 }12316
57	0.9966857509872596	0.9987893533984198	0.09342285392478362	0.31607803531983686	[2149, 420, 158, 10]	{1 4 4 2 }12216
58	0.9969964618322041	0.998902851517318	0.09342285392478362	0.22809991381131928	[107, 10, 734, 19]	{3 1 1 2 }12323
59	0.9972780435354349	0.9990399950776533	0.09342285392478362	0.261243628614468	[320, 232, 10, 1873]	{1 3 1 1 }12021
60	0.9975332269539879	0.9991299955391233	0.09342285392478362	0.15171927858035095	[1580, 438, 2627, 301]	{1 4 2 2 }12275
61	0.9977644869270516	0.9992387460967328	0.09342285392478362	0.21860586221537726	[158, 10, 232, 2047]	{3 1 2 1 }11998
62	0.9979740662776405	0.9993101136501641	0.09342285392478362	0.16786533017929983	[241, 132, 19, 1460]	{3 1 3 4 }12052
63	0.9981639975641117	0.9994250947084701	0.09342285392478362	0.20639027444725327	[846, 10, 232, 2047]	{1 4 4 3 }12045
64	0.9983361227924762	0.9994969578699113	0.09342285392478362	0.18409958454888178	[846, 10, 734, 19]	{1 2 1 2 }12148
65	0.9984921112806816	0.9995441180696072	0.09342285392478362	0.1331556974924919	[1791, 420, 158, 10]	{4 4 3 4 }12385
66	0.9986334758481177	0.9995868570005815	0.09342285392478362	0.09442435626187316	[10, 734, 19, 132]	{1 2 3 3 }12004
67	0.9987615874873567	0.999625589156777	0.09342285392478362	0.1658702990684433	[1549, 162, 107, 10]	{4 4 3 3 }11881
68	0.9988776886604169	0.9996606901733291	0.09342285392478362	0.09442435626187316	[10, 734, 19, 132]	{2 3 1 2 }11880
69	0.9989829053485029	0.9996925004695795	0.09342285392478362	0.1331556974924919	[1791, 420, 158, 10]	{2 4 2 2 }11979
70	0.9990782579720807	0.9997213285505564	0.09342285392478362	0.09442435626187316	[10, 734, 19, 132]	{3 1 4 4 }12038
71	0.9991646712871981	0.9997474539989418	0.09342285392478362	0.15171927858035095	[1580, 438, 2627, 301]	{4 1 2 1 }12318
72	0.9992429833540233	0.999771130186541	0.09342285392478362	0.16786533017929983	[241, 132, 19, 1460]	{3 4 3 1 }12050
73	0.9993139536645836	0.9997925867315528	0.09342285392478362	0.09442435626187316	[10, 734, 19, 132]	{1 3 2 2 }11909
74	0.9993782705085289	0.9998185133901086	0.09342285392478362	0.10967630417876868	[734, 10, 232, 2047]	{2 3 3 2 }11823
75	0.9994365576483544	0.999835527759786	0.09342285392478362	0.27634519175212857	[734, 19, 132, 1032]	{3 1 4 4 }12061
76	0.9994893803688211	0.999850947032306	0.09342285392478362	0.1658702990684433	[1549, 162, 107, 10]	{4 1 4 2 }11925
77	0.9995372509592442	0.9998649207480274	0.09342285392478362	0.18487383348289899	[1580, 438, 2729, 301]	{1 2 3 2 }12013
78	0.999580633681815	0.9998775844278998	0.09342285392478362	0.31607803531983686	[2149, 420, 158, 10]	{2 2 2 3 }12255
79	0.9996199492741449	0.9998890608877842	0.09342285392478362	0.09342285392478362	[734, 19, 132, 241]	{2 1 3 4 }12286
80	0.9996555790296938	0.9999029282768112	0.09342285392478362	0.10106064337290116	[19, 132, 241, 1031]	{1 1 2 3 }12303
81	0.9996878684956599	0.9999120287508602	0.09342285392478362	0.09342285392478362	[734, 19, 132, 241]	{4 1 2 3 }12061
82	0.9997171308241919	0.999920276055467	0.09342285392478362	0.19631517231700574	[158, 10, 734, 19]	{4 3 2 3 }12011
83	0.9997436498094239	0.9999302415485336	0.09342285392478362	0.10967630417876868	[734, 10, 232, 2047]	{4 4 2 2 }11925
84	0.9997676826397903	0.9999367814033586	0.09342285392478362	0.09342285392478362	[734, 19, 132, 241]	{1 3 4 2 }11924
85	0.99978946239231	0.9999427081467938	0.09342285392478362	0.10106064337290116	[19, 132, 241, 1031]	{4 1 4 2 }11925
86	0.999809200293031	0.9999480792580318	0.09342285392478362	0.2623561736002222	[19, 132, 241, 1729]	{2 3 2 4 }12024
87	0.9998270877655593	0.9999529468275913	0.09342285392478362	0.16786533017929983	[241, 132, 19, 1460]	{3 2 4 3 }11991
88	0.9998432982875382	0.9999588284741424	0.09342285392478362	0.18409958454888178	[846, 10, 734, 19]	{2 1 2 1 }11879
89	0.9998579890730814	0.9999626883046916	0.09342285392478362	0.09342285392478362	[734, 19, 132, 241]	{1 3 2 4 }11954
90	0.99987130259748	0.9999661862761268	0.09342285392478362	0.1658702990684433	[1549, 162, 107, 10]	{4 3 2 2 }12059
91	0.9998833679789663	0.9999693563127399	0.09342285392478362	0.24868901341485986	[1849, 420, 158, 10]	{3 3 2 3 }11898
92	0.9998943022309382	0.9999744635939498	0.09342285392478362	0.36414195278996336	[421, 438, 2729, 301]	{3 3 3 1 }11869
93	0.9999042113967878	0.9999776556447061	0.09342285392478362	0.20639027444725327	[846, 10, 232, 2047]	{4 4 4 3 }11986
94	0.9999131915783389	0.9999797504280149	0.09342285392478362	0.2491247369771322	[359, 158, 420, 1791]	{3 4 3 2 }11884
95	0.9999213298678696	0.9999816488253885	0.09342285392478362	0.09342285392478362	[734, 19, 132, 241]	{2 4 3 1 }11874
96	0.9999287051927569	0.9999839427222149	0.09342285392478362	0.10106064337290116	[19, 132, 241, 1031]	{3 3 1 4 }11927
97	0.9999353890809359	0.9999854480920073	0.09342285392478362	0.09342285392478362	[734, 19, 132, 241]	{2 4 1 3 }11847
98	0.9999414463545981	0.9999872670805064	0.09342285392478362	0.35078055574173583	[3819, 438, 1580, 301]	{1 4 4 4 }11831
99	0.9999469357588546	0.9999884607917089	0.09342285392478362	0.10106064337290116	[19, 132, 241, 1031]	{3 4 2 3 }11966
100	0.9999519105314619	0.9999895425924862	0.09342285392478362	0.27336962590975883	[394, 193, 232, 10]	{2 1 1 1 }11955
101	0.9999564189191374	0.9999905229744406	0.09342285392478362	0.21952846985245666	[241, 132, 19, 409]	{1 1 4 3 }11909
102	0.9999605046454683	0.9999917076026356	0.09342285392478362	0.2679749203014432	[2309, 420, 158, 10]	{2 1 2 2 }11859
103	0.9999642073349556	0.9999924850148885	0.09342285392478362	0.1331556974924919	[1791, 420, 158, 10]	{4 4 1 1 }11918
104	0.9999675628973035	0.9999934243880274	0.09342285392478362	0.2503906037096908	[107, 10, 232, 2047]	{3 1 3 3 }11971
105	0.9999706038756814	0.9999940408516499	0.09342285392478362	0.09342285392478362	[734, 19, 132, 241]	{4 2 1 3 }12253
106	0.9999733597623361	0.9999945995218077	0.09342285392478362	0.1331556974924919	[1791, 420, 158, 10]	{1 2 2 4 }11997
107	0.9999758572846171	0.9999951058166382	0.09342285392478362	0.2491247369771322	[359, 158, 420, 1791]	{3 4 4 4 }11990
108	0.9999781206641843	0.9999955646463283	0.09342285392478362	0.15171927858035095	[1580, 438, 2627, 301]	{2 4 3 2 }12048
109	0.999980171851917	0.9999959804607351	0.09342285392478362	0.18487383348289899	[1580, 438, 2729, 301]	{1 3 4 4 }12050
110	0.9999820307407998	0.9999963572925412	0.09342285392478362	0.1658702990684433	[1549, 162, 107, 10]	{4 4 4 1 }12067
111	0.9999837153588499	0.9999966987963654	0.09342285392478362	0.09442435626187316	[10, 734, 19, 132]	{3 1 2 2 }12339
112	0.9999852420439577	0.9999970082842061	0.09342285392478362	0.2491247369771322	[359, 158, 420, 1791]	{2 4 2 2 }12246
113	0.9999866256023366	0.9999972887575619	0.09342285392478362	0.2491247369771322	[359, 158, 420, 1791]	{3 1 1 2 }12323
114	0.9999878794521175	0.9999975429365404	0.09342285392478362	0.2159322305028718	[2627, 438, 2729, 301]	{2 2 4 1 }12170
115	0.9999890157534815	0.999997952447117	0.09342285392478362	0.20639027444725327	[846, 10, 232, 2047]	{3 3 3 2 }12059
116	0.9999900455265927	0.9999981444051999	0.09342285392478362	0.27634519175212857	[734, 19, 132, 1032]	{4 3 2 3 }12164
117	0.9999909787584746	0.9999983183672123	0.09342285392478362	0.1658702990684433	[1549, 162, 107, 10]	{1 2 3 3 }12265
118	0.9999918244998676	0.9999985285713108	0.09342285392478362	0.09342285392478362	[734, 19, 132, 241]	{4 2 3 1 }12859
119	0.999992590953005	0.9999986665177504	0.09342285392478362	0.10106064337290116	[19, 132, 241, 1031]	{4 2 3 4 }12687
120	0.9999932855511607	0.9999987915317113	0.09342285392478362	0.2821439004759725	[2636, 162, 107, 10]	{1 1 1 3 }12252
121	0.9999939150307394	0.9999989048256134	0.09342285392478362	0.34768484765490465	[320, 232, 10, 161]	{1 1 1 2 }11868
122	0.9999944854966076	0.9999990074982121	0.09342285392478362	0.3590557973508303	[420, 158, 10, 1873]	{4 1 3 1 }11833
123	0.9999950024813007	0.9999991005452548	0.09342285392478362	0.1331556974924919	[1791, 420, 158, 10]	{1 3 1 2 }11930
124	0.9999954709986787	0.9999991848691371	0.09342285392478362	0.27387005898727984	[320, 232, 10, 494]	{1 4 4 4 }11948
125	0.9999958955925526	0.9999992612876555	0.09342285392478362	0.22391768087519365	[377, 162, 107, 10]	{2 4 2 2 }11925
126	0.9999962803807508	0.9999993305419378	0.09342285392478362	0.1331556974924919	[1791, 420, 158, 10]	{4 3 4 3 }11878
127	0.9999966290950554	0.9999993933036311	0.09342285392478362	0.15171927858035095	[1580, 438, 2627, 301]	{4 4 1 2 }12115
128	0.999996945117394	0.9999994501814157	0.09342285392478362	0.10106064337290116	[19, 132, 241, 1031]	{2 3 2 4 }11934
129	0.9999972315126383	0.9999995189087387	0.09342285392478362	0.18409958454888178	[846, 10, 734, 19]	{2 1 2 2 }12072
130	0.9999974910583285	0.9999995640110445	0.09342285392478362	0.09442435626187316	[10, 734, 19, 132]	{2 1 4 2 }11890
131	0.9999977262716101	0.999999604885009	0.09342285392478362	0.33098739788741527	[421, 438, 2627, 301]	{4 4 4 2 }11837
132	0.9999979394336467	0.9999996419270395	0.09342285392478362	0.15171927858035095	[1580, 438, 2627, 301]	{1 3 4 4 }11997
133	0.9999981326117423	0.9999996754963795	0.09342285392478362	0.2821439004759725	[2636, 162, 107, 10]	{3 2 2 3 }12215
134	0.9999983076793915	0.9999997295803162	0.09342285392478362	0.15171927858035095	[1580, 438, 2627, 301]	{1 4 1 3 }12114
135	0.9999984663344486	0.9999997549321616	0.09342285392478362	0.261243628614468	[320, 232, 10, 1873]	{1 2 3 2 }12067
136	0.999998610115594	0.9999997779072715	0.09342285392478362	0.09442435626187316	[10, 734, 19, 132]	{3 4 2 3 }12067
137	0.999998740417257	0.9999997987284648	0.09342285392478362	0.11096716357569314	[241, 132, 19, 1987]	{4 3 2 4 }12025
138	0.9999988585031392	0.9999998175976712	0.09342285392478362	0.1331556974924919	[1791, 420, 158, 10]	{4 3 2 3 }12078
139	0.9999989655184699	0.9999998346978896	0.09342285392478362	0.09442435626187316	[10, 734, 19, 132]	{1 3 4 4 }12077
140	0.9999990625011134	0.9999998501949624	0.09342285392478362	0.09342285392478362	[734, 19, 132, 241]	{2 4 1 3 }12121
141	0.999999150391634	0.9999998642391846	0.09342285392478362	0.27387005898727984	[320, 232, 10, 494]	{2 2 4 4 }12074
142	0.9999992300424183	0.9999998769667611	0.09342285392478362	0.22809991381131928	[107, 10, 734, 19]	{3 4 2 4 }12536
143	0.9999993022259416	0.9999998923459159	0.09342285392478362	0.10967630417876868	[734, 10, 232, 2047]	{2 2 1 1 }12362
144	0.9999993676422595	0.9999999024384864	0.09342285392478362	0.1658702990684433	[1549, 162, 107, 10]	{1 1 1 3 }12307
145	0.9999994269257977	0.9999999115848782	0.09342285392478362	0.10106064337290116	[19, 132, 241, 1031]	{2 3 2 1 }12116
146	0.9999994806515041	0.9999999198737959	0.09342285392478362	0.2491247369771322	[359, 158, 420, 1791]	{1 3 3 4 }12120
147	0.9999995293404257	0.9999999273856275	0.09342285392478362	0.17256017448350755	[241, 132, 19, 400]	{1 4 1 2 }12078
148	0.9999995734647608	0.999999934193225	0.09342285392478362	0.1331556974924919	[1791, 420, 158, 10]	{3 3 1 1 }12218
149	0.9999996134524395	0.9999999403626101	0.09342285392478362	0.19631517231700574	[158, 10, 734, 19]	{3 1 1 1 }12318
150	0.9999996496912732	0.9999999459536154	0.09342285392478362	0.2623561736002222	[19, 132, 241, 1729]	{4 4 2 1 }12199
151	0.9999996825327164	0.9999999527094134	0.09342285392478362	0.23406813284548655	[2051, 1849, 420, 1791]	{4 3 3 4 }11936
152	0.9999997122952742	0.999999957142906	0.09342285392478362	0.09442435626187316	[10, 734, 19, 132]	{2 4 3 2 }11931
153	0.9999997392675922	0.9999999625000427	0.09342285392478362	0.10967630417876868	[734, 10, 232, 2047]	{1 3 3 4 }12261
154	0.9999997637112554	0.9999999671875374	0.09342285392478362	0.10967630417876868	[734, 10, 232, 2047]	{1 3 3 2 }12185
155	0.9999997858633253	0.9999999712890952	0.09342285392478362	0.10967630417876868	[734, 10, 232, 2047]	{2 4 3 4 }12298
156	0.9999998059386386	0.9999999739807426	0.09342285392478362	0.15171927858035095	[1580, 438, 2627, 301]	{2 4 4 4 }12258
157	0.9999998241318911	0.9999999772331497	0.09342285392478362	0.20639027444725327	[846, 10, 232, 2047]	{4 1 4 1 }12370
158	0.9999998406195264	0.9999999793675419	0.09342285392478362	0.1331556974924919	[1791, 420, 158, 10]	{1 3 4 3 }12340
159	0.9999998555614458	0.9999999813018349	0.09342285392478362	0.15171927858035095	[1580, 438, 2627, 301]	{4 2 4 4 }12192
160	0.9999998691025602	0.9999999844181957	0.09342285392478362	0.2159322305028718	[2627, 438, 2729, 301]	{4 4 1 4 }12131
161	0.9999998813741953	0.9999999870151631	0.09342285392478362	0.23406813284548655	[2051, 1849, 420, 1791]	{1 3 1 1 }11911
162	0.9999998924953644	0.9999999882324916	0.09342285392478362	0.3467483757441316	[157, 10, 734, 19]	{3 1 1 1 }12149
163	0.999999902573924	0.9999999893356954	0.09342285392478362	0.18487383348289899	[1580, 438, 2729, 301]	{4 4 4 2 }12035
164	0.9999999117076186	0.999999990335474	0.09342285392478362	0.09342285392478362	[734, 19, 132, 241]	{4 2 1 3 }11881
165	0.9999999199850294	0.9999999912415234	0.09342285392478362	0.16786533017929983	[241, 132, 19, 1460]	{4 1 3 4 }12058
166	0.9999999274864328	0.9999999920626306	0.09342285392478362	0.09342285392478362	[734, 19, 132, 241]	{3 1 2 4 }12054
167	0.9999999342845798	0.9999999928067589	0.09342285392478362	0.21952846985245666	[241, 132, 19, 409]	{4 4 1 2 }11843
168	0.9999999404454004	0.9999999934811252	0.09342285392478362	0.2597369987545019	[1820, 10, 734, 19]	{2 1 2 2 }11875
169	0.9999999460286442	0.9999999940922698	0.09342285392478362	0.19631517231700574	[158, 10, 734, 19]	{1 4 1 1 }12006
170	0.9999999510884587	0.9999999946461194	0.09342285392478362	0.1331556974924919	[1791, 420, 158, 10]	{1 2 4 2 }12087
171	0.9999999556739158	0.9999999953153546	0.09342285392478362	0.10967630417876868	[734, 10, 232, 2047]	{3 1 3 2 }11849
172	0.9999999598294862	0.99999999575454	0.09342285392478362	0.29698951933247447	[734, 19, 132, 1031]	{2 1 4 4 }11954
173	0.9999999635954718	0.999999996152552	0.09342285392478362	0.1658702990684433	[1549, 162, 107, 10]	{2 3 2 1 }11836
174	0.9999999670083963	0.9999999965132502	0.09342285392478362	0.2159322305028718	[2627, 438, 2729, 301]	{3 1 3 3 }11933
175	0.9999999701013592	0.999999996840133	0.09342285392478362	0.2639011924364392	[1579, 1580, 438, 3366]	{4 2 3 3 }11892
176	0.9999999729043567	0.9999999971363706	0.09342285392478362	0.27634519175212857	[734, 19, 132, 1032]	{2 4 3 3 }12009
177	0.9999999754445733	0.9999999974943242	0.09342285392478362	0.23406813284548655	[2051, 1849, 420, 1791]	{4 2 1 1 }11951
178	0.9999999777466445	0.9999999977292313	0.09342285392478362	0.18487383348289899	[1580, 438, 2729, 301]	{4 4 2 2 }12072
179	0.9999999798328967	0.9999999979421159	0.09342285392478362	0.10106064337290116	[19, 132, 241, 1031]	{3 3 4 1 }12098
180	0.9999999817235625	0.9999999981350425	0.09342285392478362	0.3085064586858851	[837, 162, 107, 10]	{1 2 4 2 }13315
181	0.9999999834369786	0.9999999983098823	0.09342285392478362	0.1331556974924919	[1791, 420, 158, 10]	{4 3 3 4 }12153
182	0.9999999849897618	0.9999999984683308	0.09342285392478362	0.09342285392478362	[734, 19, 132, 241]	{3 4 1 2 }11894
183	0.9999999863969716	0.9999999986597895	0.09342285392478362	0.10967630417876868	[734, 10, 232, 2047]	{2 4 4 1 }12187
184	0.9999999876722556	0.9999999987854342	0.09342285392478362	0.1331556974924919	[1791, 420, 158, 10]	{4 1 2 1 }12346
185	0.9999999888279816	0.9999999988992997	0.09342285392478362	0.18409958454888178	[846, 10, 734, 19]	{2 3 3 1 }12192
186	0.9999999898753583	0.9999999990024904	0.09342285392478362	0.09442435626187316	[10, 734, 19, 132]	{2 4 3 4 }12080
187	0.9999999908245435	0.9999999991687419	0.09342285392478362	0.20639027444725327	[846, 10, 232, 2047]	{2 1 1 1 }12410
188	0.9999999916847425	0.9999999992466724	0.09342285392478362	0.1658702990684433	[1549, 162, 107, 10]	{4 4 1 1 }11983
189	0.9999999924642979	0.9999999993172969	0.09342285392478362	0.15171927858035095	[1580, 438, 2627, 301]	{3 1 1 2 }12033
190	0.99999999317077	0.9999999993813004	0.09342285392478362	0.15970201954013888	[19, 132, 241, 1126]	{2 3 2 1 }12160
191	0.9999999938110103	0.9999999994393034	0.09342285392478362	0.1863095301996846	[10, 734, 19, 1987]	{4 3 3 3 }12180
192	0.9999999943912281	0.9999999994918687	0.09342285392478362	0.3085064586858851	[837, 162, 107, 10]	{4 4 4 1 }12033
193	0.9999999949170505	0.999999999539506	0.09342285392478362	0.09442435626187316	[10, 734, 19, 132]	{1 4 2 4 }12109
194	0.999999995393577	0.9999999995826774	0.09342285392478362	0.11096716357569314	[241, 132, 19, 1987]	{1 2 1 3 }12037
195	0.9999999958254291	0.9999999996218013	0.09342285392478362	0.11096716357569314	[241, 132, 19, 1987]	{1 4 2 1 }12075
196	0.9999999962167951	0.9999999996572575	0.09342285392478362	0.09342285392478362	[734, 19, 132, 241]	{2 3 4 1 }12014
197	0.9999999965714707	0.9999999996893896	0.09342285392478362	0.2491247369771322	[359, 158, 420, 1791]	{3 2 1 2 }12195
198	0.9999999968928952	0.9999999997185093	0.09342285392478362	0.09442435626187316	[10, 734, 19, 132]	{1 4 2 4 }12231
199	0.9999999971841863	0.9999999997448991	0.09342285392478362	0.10106064337290116	[19, 132, 241, 1031]	{4 4 3 2 }12416
200	0.9999999974481688	0.9999999997688148	0.09342285392478362	0.1331556974924919	[1791, 420, 158, 10]	{1 2 3 3 }12068
201	0.999999997687403	0.9999999997904884	0.09342285392478362	0.1658702990684433	[1549, 162, 107, 10]	{3 2 4 4 }12060
202	0.999999997904209	0.9999999998101301	0.09342285392478362	0.1863095301996846	[10, 734, 19, 1987]	{3 2 2 4 }12096
203	0.9999999981006894	0.9999999998279304	0.09342285392478362	0.10106064337290116	[19, 132, 241, 1031]	{4 4 2 3 }12070
204	0.9999999982787497	0.999999999844062	0.09342285392478362	0.15970201954013888	[19, 132, 241, 1126]	{1 3 2 1 }12052
205	0.999999998440117	0.9999999998586812	0.09342285392478362	0.2491247369771322	[359, 158, 420, 1791]	{1 1 2 2 }12034
206	0.999999998586356	0.9999999998719298	0.09342285392478362	0.1658702990684433	[1549, 162, 107, 10]	{2 3 3 3 }12070
207	0.9999999987188851	0.9999999998839364	0.09342285392478362	0.3716822277236421	[420, 158, 10, 494]	{1 3 3 1 }12178
208	0.9999999988389896	0.9999999998948174	0.09342285392478362	0.2159322305028718	[2627, 438, 2729, 301]	{2 4 4 4 }12177
209	0.9999999989478344	0.9999999999046781	0.09342285392478362	0.31607803531983686	[2149, 420, 158, 10]	{4 3 3 4 }12129
210	0.9999999990464749	0.9999999999136147	0.09342285392478362	0.2597369987545019	[1820, 10, 734, 19]	{2 4 3 4 }12071
211	0.9999999991358679	0.9999999999217133	0.09342285392478362	0.1658702990684433	[1549, 162, 107, 10]	{2 3 3 4 }12030
212	0.9999999992168802	0.9999999999290526	0.09342285392478362	0.09342285392478362	[734, 19, 132, 241]	{4 2 1 3 }11995
213	0.9999999992902977	0.999999999935704	0.09342285392478362	0.10106064337290116	[19, 132, 241, 1031]	{4 2 4 3 }12124
214	0.9999999993568324	0.9999999999417317	0.09342285392478362	0.2639011924364392	[1579, 1580, 438, 3366]	{4 3 4 4 }12339
215	0.9999999994171292	0.9999999999490152	0.09342285392478362	0.21860586221537726	[158, 10, 232, 2047]	{1 1 2 2 }12334
216	0.9999999994717734	0.9999999999553884	0.09342285392478362	0.10106064337290116	[19, 132, 241, 1031]	{3 1 4 3 }12008
217	0.9999999995212947	0.9999999999595707	0.09342285392478362	0.18487383348289899	[1580, 438, 2729, 301]	{2 1 2 1 }12005
218	0.9999999995661732	0.999999999963361	0.09342285392478362	0.19631517231700574	[158, 10, 734, 19]	{3 2 2 1 }12045
219	0.9999999996068445	0.9999999999667958	0.09342285392478362	0.09442435626187316	[10, 734, 19, 132]	{4 2 1 4 }12052
220	0.9999999996437029	0.9999999999699087	0.09342285392478362	0.15171927858035095	[1580, 438, 2627, 301]	{4 4 2 4 }12017
221	0.9999999996771057	0.9999999999727298	0.09342285392478362	0.15171927858035095	[1580, 438, 2627, 301]	{4 3 2 2 }12015
222	0.9999999997073771	0.9999999999752863	0.09342285392478362	0.1331556974924919	[1791, 420, 158, 10]	{2 2 4 3 }12066
223	0.9999999997348105	0.9999999999776032	0.09342285392478362	0.09342285392478362	[734, 19, 132, 241]	{3 2 1 4 }12133
224	0.999999999759672	0.999999999979703	0.09342285392478362	0.22391768087519365	[377, 162, 107, 10]	{3 1 1 4 }12172
225	0.9999999997822028	0.9999999999822401	0.09342285392478362	0.18409958454888178	[846, 10, 734, 19]	{1 4 4 1 }12225
226	0.9999999998026212	0.9999999999839051	0.09342285392478362	0.1863095301996846	[10, 734, 19, 1987]	{2 3 3 3 }12240
227	0.9999999998211255	0.999999999985414	0.09342285392478362	0.10106064337290116	[19, 132, 241, 1031]	{3 1 2 3 }12426
228	0.999999999837895	0.999999999987845	0.09342285392478362	0.15171927858035095	[1580, 438, 2627, 301]	{3 2 2 1 }12057
229	0.9999999998530923	0.9999999999889845	0.09342285392478362	0.27336962590975883	[394, 193, 232, 10]	{4 2 3 2 }11840
230	0.9999999998668649	0.9999999999900172	0.09342285392478362	0.10106064337290116	[19, 132, 241, 1031]	{1 4 3 1 }11995
231	0.9999999998793463	0.9999999999909531	0.09342285392478362	0.11096716357569314	[241, 132, 19, 1987]	{3 1 4 3 }11904
232	0.9999999998906576	0.999999999992084	0.09342285392478362	0.10106064337290116	[19, 132, 241, 1031]	{3 1 3 2 }11827
233	0.9999999999009085	0.9999999999928261	0.09342285392478362	0.15171927858035095	[1580, 438, 2627, 301]	{3 3 2 4 }11972
234	0.9999999999101983	0.9999999999934986	0.09342285392478362	0.09442435626187316	[10, 734, 19, 132]	{1 3 2 2 }12149
235	0.9999999999186172	0.9999999999945822	0.09342285392478362	0.18487383348289899	[1580, 438, 2729, 301]	{4 3 3 3 }12066
236	0.9999999999262469	0.9999999999950901	0.09342285392478362	0.3037393594195932	[1549, 162, 420, 1791]	{4 1 4 2 }12121
237	0.9999999999331612	0.9999999999957039	0.09342285392478362	0.10967630417876868	[734, 10, 232, 2047]	{1 2 2 4 }11988
238	0.9999999999394273	0.9999999999961067	0.09342285392478362	0.23406813284548655	[2051, 1849, 420, 1791]	{3 3 3 4 }11970
239	0.999999999945106	0.9999999999964716	0.09342285392478362	0.22391768087519365	[377, 162, 107, 10]	{4 1 2 1 }12340
240	0.9999999999502523	0.9999999999968024	0.09342285392478362	0.09342285392478362	[734, 19, 132, 241]	{2 4 1 3 }12198
241	0.9999999999549162	0.9999999999971022	0.09342285392478362	0.15171927858035095	[1580, 438, 2627, 301]	{1 3 3 2 }11938
242	0.9999999999591428	0.9999999999973739	0.09342285392478362	0.1658702990684433	[1549, 162, 107, 10]	{4 3 2 2 }12091
243	0.9999999999629732	0.99999999999762	0.09342285392478362	0.1331556974924919	[1791, 420, 158, 10]	{4 3 1 3 }12091
244	0.9999999999664444	0.9999999999978432	0.09342285392478362	0.1331556974924919	[1791, 420, 158, 10]	{3 2 3 3 }12146
245	0.9999999999695902	0.9999999999980453	0.09342285392478362	0.09342285392478362	[734, 19, 132, 241]	{1 2 4 3 }11877
246	0.9999999999724412	0.9999999999982286	0.09342285392478362	0.1331556974924919	[1791, 420, 158, 10]	{1 2 1 1 }11928
247	0.9999999999750248	0.9999999999983947	0.09342285392478362	0.1658702990684433	[1549, 162, 107, 10]	{4 3 3 4 }11801
248	0.9999999999773662	0.9999999999985953	0.09342285392478362	0.2679749203014432	[2309, 420, 158, 10]	{1 1 4 4 }11859
249	0.9999999999794882	0.999999999998727	0.09342285392478362	0.27336962590975883	[394, 193, 232, 10]	{1 1 1 3 }12015
250	0.9999999999814111	0.9999999999988464	0.09342285392478362	0.1658702990684433	[1549, 162, 107, 10]	{4 2 4 2 }11861
251	0.9999999999831538	0.9999999999989545	0.09342285392478362	0.33098739788741527	[421, 438, 2627, 301]	{2 2 2 2 }11948
252	0.9999999999847332	0.9999999999990852	0.09342285392478362	0.1331556974924919	[1791, 420, 158, 10]	{4 4 2 1 }12299
253	0.9999999999861644	0.999999999999171	0.09342285392478362	0.11096716357569314	[241, 132, 19, 1987]	{3 3 4 2 }11861
254	0.9999999999874615	0.9999999999992487	0.09342285392478362	0.10967630417876868	[734, 10, 232, 2047]	{3 2 3 3 }11934
255	0.999999999988637	0.9999999999993191	0.09342285392478362	0.22391768087519365	[377, 162, 107, 10]	{2 2 1 3 }12155
256	0.9999999999897022	0.9999999999993829	0.09342285392478362	0.1331556974924919	[1791, 420, 158, 10]	{3 2 4 4 }12195
257	0.9999999999906677	0.9999999999994408	0.09342285392478362	0.16786533017929983	[241, 132, 19, 1460]	{1 2 1 3 }11899
258	0.9999999999915425	0.9999999999994932	0.09342285392478362	0.1331556974924919	[1791, 420, 158, 10]	{3 3 2 3 }12065
259	0.9999999999923355	0.9999999999995407	0.09342285392478362	0.10106064337290116	[19, 132, 241, 1031]	{3 2 3 4 }12275
260	0.999999999993054	0.9999999999995838	0.09342285392478362	0.1331556974924919	[1791, 420, 158, 10]	{1 2 3 2 }11871
261	0.9999999999937053	0.9999999999996229	0.09342285392478362	0.17256017448350755	[241, 132, 19, 400]	{1 4 1 3 }11878
262	0.9999999999942953	0.9999999999996582	0.09342285392478362	0.09442435626187316	[10, 734, 19, 132]	{4 3 2 2 }12075
263	0.9999999999948301	0.9999999999996902	0.09342285392478362	0.2491247369771322	[359, 158, 420, 1791]	{3 3 1 3 }12109
264	0.9999999999953149	0.9999999999997192	0.09342285392478362	0.2639011924364392	[1579, 1580, 438, 3366]	{3 1 4 4 }12044
265	0.9999999999957541	0.9999999999997455	0.09342285392478362	0.09342285392478362	[734, 19, 132, 241]	{2 1 3 4 }12492
266	0.9999999999961521	0.9999999999997774	0.09342285392478362	0.1331556974924919	[1791, 420, 158, 10]	{3 3 2 2 }12036
267	0.9999999999965129	0.9999999999998053	0.09342285392478362	0.21860586221537726	[158, 10, 232, 2047]	{4 3 2 3 }12024
268	0.9999999999968398	0.9999999999998235	0.09342285392478362	0.10106064337290116	[19, 132, 241, 1031]	{4 4 1 3 }12114
269	0.9999999999971361	0.99999999999984	0.09342285392478362	0.1658702990684433	[1549, 162, 107, 10]	{2 4 4 2 }12248
270	0.9999999999974045	0.999999999999855	0.09342285392478362	0.10106064337290116	[19, 132, 241, 1031]	{1 3 4 1 }12153
271	0.9999999999976479	0.9999999999998687	0.09342285392478362	0.09442435626187316	[10, 734, 19, 132]	{4 3 2 4 }12194
272	0.9999999999978684	0.999999999999881	0.09342285392478362	0.10106064337290116	[19, 132, 241, 1031]	{3 4 1 3 }12192
273	0.9999999999980682	0.9999999999998921	0.09342285392478362	0.2986019148360745	[432, 422, 19, 132]	{4 4 3 4 }12010
274	0.9999999999982493	0.9999999999999022	0.09342285392478362	0.27387005898727984	[320, 232, 10, 494]	{2 1 1 1 }11950
275	0.9999999999984135	0.9999999999999114	0.09342285392478362	0.15171927858035095	[1580, 438, 2627, 301]	{2 2 2 4 }11918
276	0.9999999999985622	0.9999999999999225	0.09342285392478362	0.3632082768985782	[3819, 438, 2627, 301]	{3 3 4 3 }12208
277	0.9999999999986969	0.9999999999999297	0.09342285392478362	0.16786533017929983	[241, 132, 19, 1460]	{1 4 1 2 }12273
278	0.9999999999988192	0.9999999999999363	0.09342285392478362	0.1331556974924919	[1791, 420, 158, 10]	{2 1 2 1 }12144
279	0.9999999999989299	0.9999999999999423	0.09342285392478362	0.1331556974924919	[1791, 420, 158, 10]	{3 4 2 2 }12065
280	0.9999999999990302	0.9999999999999477	0.09342285392478362	0.1331556974924919	[1791, 420, 158, 10]	{2 1 3 1 }12112
281	0.9999999999991211	0.9999999999999526	0.09342285392478362	0.09442435626187316	[10, 734, 19, 132]	{4 1 3 4 }12419
282	0.9999999999992035	0.999999999999957	0.09342285392478362	0.10106064337290116	[19, 132, 241, 1031]	{3 3 4 1 }12497
283	0.9999999999992781	0.999999999999961	0.09342285392478362	0.15171927858035095	[1580, 438, 2627, 301]	{4 2 2 2 }12263
284	0.9999999999993459	0.9999999999999647	0.09342285392478362	0.22391768087519365	[377, 162, 107, 10]	{3 3 3 1 }12207
285	0.9999999999994071	0.999999999999968	0.09342285392478362	0.33672236290018276	[1582, 420, 158, 10]	{3 2 2 4 }12578
286	0.9999999999994628	0.999999999999971	0.09342285392478362	0.15171927858035095	[1580, 438, 2627, 301]	{1 4 4 4 }12291
287	0.9999999999995131	0.9999999999999737	0.09342285392478362	0.1658702990684433	[1549, 162, 107, 10]	{3 1 4 1 }12069
288	0.9999999999995588	0.9999999999999762	0.09342285392478362	0.1331556974924919	[1791, 420, 158, 10]	{3 3 4 1 }12132
289	0.9999999999996001	0.9999999999999785	0.09342285392478362	0.09342285392478362	[734, 19, 132, 241]	{2 1 4 3 }12222
290	0.9999999999996376	0.9999999999999805	0.09342285392478362	0.2351386557927953	[734, 19, 132, 217]	{3 4 2 2 }12317
291	0.9999999999996716	0.9999999999999822	0.09342285392478362	0.09342285392478362	[734, 19, 132, 241]	{1 3 4 2 }12215
292	0.9999999999997023	0.9999999999999845	0.09342285392478362	0.10106064337290116	[19, 132, 241, 1031]	{3 2 4 3 }12356
293	0.9999999999997303	0.9999999999999871	0.09342285392478362	0.20639027444725327	[846, 10, 232, 2047]	{2 1 1 2 }12144
294	0.9999999999997555	0.9999999999999883	0.09342285392478362	0.2821439004759725	[2636, 162, 107, 10]	{3 4 4 4 }12097
295	0.9999999999997785	0.9999999999999893	0.09342285392478362	0.18409958454888178	[846, 10, 734, 19]	{2 1 1 3 }11878
296	0.9999999999997993	0.9999999999999903	0.09342285392478362	0.2491247369771322	[359, 158, 420, 1791]	{1 2 1 4 }12038
297	0.999999999999818	0.9999999999999913	0.09342285392478362	0.09342285392478362	[734, 19, 132, 241]	{4 3 2 1 }11896
298	0.9999999999998351	0.9999999999999921	0.09342285392478362	0.09342285392478362	[734, 19, 132, 241]	{2 4 3 1 }11855
299	0.9999999999998506	0.9999999999999929	0.09342285392478362	0.09442435626187316	[10, 734, 19, 132]	{3 4 2 4 }11940
300	0.9999999999998646	0.9999999999999936	0.09342285392478362	0.2679749203014432	[2309, 420, 158, 10]	{3 2 3 3 }12056
301	0.9999999999998773	0.9999999999999941	0.09342285392478362	0.16786533017929983	[241, 132, 19, 3308]	{2 3 2 4 }11836
302	0.9999999999998888	0.9999999999999947	0.09342285392478362	0.15171927858035095	[1580, 438, 2627, 301]	{1 2 4 4 }11953
303	0.9999999999998992	0.9999999999999952	0.09342285392478362	0.1331556974924919	[1791, 420, 158, 10]	{3 2 4 2 }11946
304	0.9999999999999086	0.9999999999999957	0.09342285392478362	0.1658702990684433	[1549, 162, 107, 10]	{3 4 3 4 }11890
305	0.9999999999999172	0.999999999999996	0.09342285392478362	0.09342285392478362	[734, 19, 132, 241]	{3 1 4 2 }11867
306	0.999999999999925	0.9999999999999964	0.09342285392478362	0.09342285392478362	[734, 19, 132, 241]	{2 1 3 4 }11899
307	0.999999999999932	0.9999999999999968	0.09342285392478362	0.2491247369771322	[359, 158, 420, 1791]	{3 2 2 4 }11886
308	0.9999999999999384	0.9999999999999973	0.09342285392478362	0.20639027444725327	[846, 10, 232, 2047]	{3 4 4 3 }11930
309	0.9999999999999442	0.9999999999999978	0.09342285392478362	0.30988228910964616	[1792, 232, 10, 1873]	{3 4 1 1 }12212
310	0.9999999999999494	0.999999999999998	0.09342285392478362	0.261243628614468	[320, 232, 10, 1873]	{4 1 4 1 }12155
311	0.9999999999999541	0.9999999999999982	0.09342285392478362	0.203625994058398	[19, 132, 241, 2872]	{1 1 2 3 }12100
312	0.9999999999999585	0.9999999999999984	0.09342285392478362	0.21860586221537726	[158, 10, 232, 2047]	{2 4 4 2 }12222
313	0.9999999999999624	0.9999999999999987	0.09342285392478362	0.16786533017929983	[241, 132, 19, 3308]	{1 3 2 1 }12074
314	0.9999999999999659	0.9999999999999989	0.09342285392478362	0.20639027444725327	[846, 10, 232, 2047]	{2 4 3 4 }12068
315	0.999999999999969	0.999999999999999	0.09342285392478362	0.10106064337290116	[19, 132, 241, 1031]	{1 2 1 3 }12292
316	0.999999999999972	0.9999999999999991	0.09342285392478362	0.22391768087519365	[377, 162, 107, 10]	{4 4 4 2 }12535
317	0.9999999999999746	0.9999999999999992	0.09342285392478362	0.2503906037096908	[107, 10, 232, 2047]	{3 1 2 3 }12138
318	0.999999999999977	0.9999999999999993	0.09342285392478362	0.15970201954013888	[19, 132, 241, 1126]	{3 3 4 1 }12145
319	0.9999999999999791	0.9999999999999993	0.09342285392478362	0.1658702990684433	[1549, 162, 107, 10]	{4 1 2 2 }12458
320	0.9999999999999811	0.9999999999999994	0.09342285392478362	0.1331556974924919	[1791, 420, 158, 10]	{4 4 4 4 }12745
321	0.9999999999999829	0.9999999999999994	0.09342285392478362	0.09342285392478362	[734, 19, 132, 241]	{4 2 3 1 }12113
322	0.9999999999999845	0.9999999999999996	0.09342285392478362	0.23406813284548655	[2051, 1849, 420, 1791]	{3 3 4 4 }12615
323	0.9999999999999859	0.9999999999999996	0.09342285392478362	0.1331556974924919	[1791, 420, 158, 10]	{2 1 3 1 }12212
324	0.9999999999999872	0.9999999999999997	0.09342285392478362	0.3507876680066448	[19, 132, 1032, 370]	{3 3 4 4 }12295
325	0.9999999999999885	0.9999999999999997	0.09342285392478362	0.09442435626187316	[10, 734, 19, 132]	{3 4 1 3 }11972
326	0.9999999999999896	0.9999999999999997	0.09342285392478362	0.16786533017929983	[241, 132, 19, 3308]	{3 1 3 2 }12037
327	0.9999999999999906	0.9999999999999998	0.09342285392478362	0.2821439004759725	[2636, 162, 107, 10]	{2 2 4 2 }11983
328	0.9999999999999915	0.9999999999999998	0.09342285392478362	0.09442435626187316	[10, 734, 19, 132]	{3 4 2 4 }12160
329	0.9999999999999922	0.9999999999999998	0.09342285392478362	0.18409958454888178	[846, 10, 734, 19]	{4 2 2 3 }11875
330	0.9999999999999929	0.9999999999999998	0.09342285392478362	0.3741107101760138	[2238, 1549, 162, 10]	{4 4 2 4 }11971
331	0.9999999999999936	0.9999999999999998	0.09342285392478362	0.10967630417876868	[734, 10, 232, 2047]	{1 2 2 2 }11956
332	0.9999999999999942	0.9999999999999999	0.09342285392478362	0.3535098467191231	[318, 158, 420, 1791]	{2 1 4 4 }11874
333	0.9999999999999948	0.9999999999999999	0.09342285392478362	0.18487383348289899	[1580, 438, 2729, 301]	{2 4 3 4 }12140
334	0.9999999999999952	0.9999999999999999	0.09342285392478362	0.2432076968032913	[10, 734, 19, 1460]	{2 1 2 1 }11968
335	0.9999999999999957	0.9999999999999999	0.09342285392478362	0.09442435626187316	[10, 734, 19, 132]	{4 2 1 2 }12232
336	0.9999999999999961	0.9999999999999999	0.09342285392478362	0.3085064586858851	[837, 162, 107, 10]	{1 2 3 2 }12129
337	0.9999999999999964	0.9999999999999999	0.09342285392478362	0.22809991381131928	[107, 10, 734, 19]	{3 1 2 1 }12083
338	0.9999999999999968	0.9999999999999999	0.09342285392478362	0.1331556974924919	[1791, 420, 158, 10]	{4 4 4 2 }12277
339	0.9999999999999971	0.9999999999999999	0.09342285392478362	0.1331556974924919	[1791, 420, 158, 10]	{1 4 2 1 }12083
340	0.9999999999999973	0.9999999999999999	0.09342285392478362	0.15171927858035095	[1580, 438, 2627, 301]	{4 3 3 4 }12227
341	0.9999999999999976	0.9999999999999999	0.09342285392478362	0.09442435626187316	[10, 734, 19, 132]	{4 3 1 3 }12052
342	0.9999999999999978	1.0	0.09342285392478362	0.1331556974924919	[1791, 420, 158, 10]	{4 3 4 2 }12067
343	0.999999999999998	1.0	0.09342285392478362	0.15171927858035095	[1580, 438, 2627, 301]	{1 3 4 4 }12025
344	0.9999999999999982	1.0	0.09342285392478362	0.19631517231700574	[158, 10, 734, 19]	{3 4 3 3 }12198
345	0.9999999999999983	1.0	0.09342285392478362	0.20639027444725327	[846, 10, 232, 2047]	{2 1 2 1 }12100
346	0.9999999999999986	1.0	0.09342285392478362	0.18487383348289899	[1580, 438, 2729, 301]	{2 2 2 2 }12059
347	0.9999999999999987	1.0	0.09342285392478362	0.18409958454888178	[846, 10, 734, 19]	{2 1 1 3 }12245
348	0.9999999999999988	1.0	0.09342285392478362	0.15171927858035095	[1580, 438, 2627, 301]	{1 1 2 4 }12177
349	0.9999999999999989	1.0	0.09342285392478362	0.2679749203014432	[2309, 420, 158, 10]	{3 2 2 2 }12265
350	0.999999999999999	1.0	0.09342285392478362	0.24868901341485986	[1849, 420, 158, 10]	{4 4 1 4 }11896
351	0.9999999999999991	1.0	0.09342285392478362	0.15171927858035095	[1580, 438, 2627, 301]	{1 3 4 4 }11930
352	0.9999999999999992	1.0	0.09342285392478362	0.18487383348289899	[1580, 438, 2729, 301]	{4 3 3 3 }11872
353	0.9999999999999992	1.0	0.09342285392478362	0.10967630417876868	[734, 10, 232, 2047]	{3 3 3 3 }11905
354	0.9999999999999993	1.0	0.09342285392478362	0.1331556974924919	[1791, 420, 158, 10]	{4 1 1 2 }11950
355	0.9999999999999994	1.0	0.09342285392478362	0.34274742368807926	[241, 132, 1032, 370]	{1 1 1 2 }11844
356	0.9999999999999994	1.0	0.09342285392478362	0.10106064337290116	[19, 132, 241, 1031]	{3 3 1 4 }12224
357	0.9999999999999996	1.0	0.09342285392478362	0.33098739788741527	[421, 438, 2627, 301]	{4 1 3 3 }12127
358	0.9999999999999996	1.0	0.09342285392478362	0.10967630417876868	[734, 10, 232, 2047]	{2 4 2 3 }12029
359	0.9999999999999996	1.0	0.09342285392478362	0.19631517231700574	[158, 10, 734, 19]	{1 2 1 1 }12127
360	0.9999999999999997	1.0	0.09342285392478362	0.261243628614468	[320, 232, 10, 1873]	{4 3 3 4 }11883
361	0.9999999999999997	1.0	0.09342285392478362	0.09442435626187316	[10, 734, 19, 132]	{4 2 1 4 }11891
362	0.9999999999999997	1.0	0.09342285392478362	0.27336962590975883	[394, 193, 232, 10]	{4 2 3 3 }11980
363	0.9999999999999998	1.0	0.09342285392478362	0.10967630417876868	[734, 10, 232, 2047]	{2 2 3 1 }12039
364	0.9999999999999998	1.0	0.09342285392478362	0.15970201954013888	[19, 132, 241, 1126]	{2 4 2 3 }12059
365	0.9999999999999998	1.0	0.09342285392478362	0.09342285392478362	[734, 19, 132, 241]	{4 3 1 2 }11930
366	0.9999999999999998	1.0	0.09342285392478362	0.09342285392478362	[734, 19, 132, 241]	{1 4 2 3 }12105
367	0.9999999999999998	1.0	0.09342285392478362	0.18409958454888178	[846, 10, 734, 19]	{4 1 4 1 }12363
368	0.9999999999999998	1.0	0.09342285392478362	0.18409958454888178	[846, 10, 734, 19]	{4 2 1 1 }11992
369	0.9999999999999999	1.0	0.09342285392478362	0.15970201954013888	[19, 132, 241, 1126]	{1 2 4 1 }11939
370	0.9999999999999999	1.0	0.09342285392478362	0.11096716357569314	[241, 132, 19, 1987]	{1 2 1 4 }12318
371	0.9999999999999999	1.0	0.09342285392478362	0.1658702990684433	[1549, 162, 107, 10]	{2 1 4 1 }12273
372	0.9999999999999999	1.0	0.09342285392478362	0.10967630417876868	[734, 10, 232, 2047]	{4 3 3 1 }12234
373	0.9999999999999999	1.0	0.09342285392478362	0.09442435626187316	[10, 734, 19, 132]	{3 2 1 1 }12258
374	0.9999999999999999	1.0	0.09342285392478362	0.11096716357569314	[241, 132, 19, 1987]	{2 2 1 3 }12190
375	0.9999999999999999	1.0	0.09342285392478362	0.1658702990684433	[1549, 162, 107, 10]	{2 2 2 3 }12104
376	0.9999999999999999	1.0	0.09342285392478362	0.34274742368807926	[241, 132, 1032, 370]	{2 2 3 2 }11868
377	0.9999999999999999	1.0	0.09342285392478362	0.1658702990684433	[1549, 162, 107, 10]	{4 3 3 1 }12337
378	0.9999999999999999	1.0	0.09342285392478362	0.10106064337290116	[19, 132, 241, 1031]	{2 1 3 2 }12040
379	0.9999999999999999	1.0	0.09342285392478362	0.11096716357569314	[241, 132, 19, 1987]	{2 4 1 2 }12230
380	1.0	1.0	0.09342285392478362	0.15171927858035095	[1580, 438, 2627, 301]	{1 4 4 3 }12259
381	1.0	1.0	0.09342285392478362	0.1331556974924919	[1791, 420, 158, 10]	{2 4 2 1 }12304
382	1.0	1.0	0.09342285392478362	0.10967630417876868	[734, 10, 232, 2047]	{1 1 3 1 }12235
383	1.0	1.0	0.09342285392478362	0.10967630417876868	[734, 10, 232, 2047]	{1 2 1 2 }11986
384	1.0	1.0	0.09342285392478362	0.27336962590975883	[394, 193, 232, 10]	{1 4 1 4 }11987
385	1.0	1.0	0.09342285392478362	0.15171927858035095	[1580, 438, 2627, 301]	{3 2 3 2 }11963
386	1.0	1.0	0.09342285392478362	0.09442435626187316	[10, 734, 19, 132]	{4 1 3 4 }12258
387	1.0	1.0	0.09342285392478362	0.22809991381131928	[107, 10, 734, 19]	{3 2 4 2 }12299
388	1.0	1.0	0.09342285392478362	0.16786533017929983	[241, 132, 19, 3308]	{4 4 3 2 }12170
389	1.0	1.0	0.09342285392478362	0.21860586221537726	[158, 10, 232, 2047]	{1 1 1 3 }12078
390	1.0	1.0	0.09342285392478362	0.15171927858035095	[1580, 438, 2627, 301]	{1 3 1 3 }12144
391	1.0	1.0	0.09342285392478362	0.20639027444725327	[846, 10, 232, 2047]	{1 1 1 2 }12126
392	1.0	1.0	0.09342285392478362	0.27634519175212857	[734, 19, 132, 1032]	{2 3 4 4 }12113
393	1.0	1.0	0.09342285392478362	0.10106064337290116	[19, 132, 241, 1031]	{4 4 3 1 }12006
394	1.0	1.0	0.09342285392478362	0.16786533017929983	[241, 132, 19, 1460]	{2 2 4 3 }12109
395	1.0	1.0	0.09342285392478362	0.2159322305028718	[2627, 438, 2729, 301]	{3 4 4 2 }12130
396	1.0	1.0	0.09342285392478362	0.10967630417876868	[734, 10, 232, 2047]	{4 3 3 4 }12151
397	1.0	1.0	0.09342285392478362	0.20639027444725327	[846, 10, 232, 2047]	{3 4 4 4 }12190
398	1.0	1.0	0.09342285392478362	0.21952846985245666	[241, 132, 19, 409]	{1 3 1 4 }11940
399	1.0	1.0	0.09342285392478362	0.09442435626187316	[10, 734, 19, 132]	{1 4 3 3 }11896
400	1.0	1.0	0.09342285392478362	0.2623561736002222	[19, 132, 241, 1729]	{4 4 1 2 }11877
401	1.0	1.0	0.09342285392478362	0.10967630417876868	[734, 10, 232, 2047]	{2 2 3 1 }12015
402	1.0	1.0	0.09342285392478362	0.1331556974924919	[1791, 420, 158, 10]	{2 4 2 2 }11873
403	1.0	1.0	0.09342285392478362	0.09342285392478362	[734, 19, 132, 241]	{3 4 1 2 }11921
404	1.0	1.0	0.09342285392478362	0.09342285392478362	[734, 19, 132, 241]	{4 3 1 2 }12080
405	1.0	1.0	0.09342285392478362	0.10106064337290116	[19, 132, 241, 1031]	{2 1 2 3 }12137
406	1.0	1.0	0.09342285392478362	0.09342285392478362	[734, 19, 132, 241]	{4 2 3 1 }12439
407	1.0	1.0	0.09342285392478362	0.15171927858035095	[1580, 438, 2627, 301]	{4 3 3 2 }12390
408	1.0	1.0	0.09342285392478362	0.21952846985245666	[241, 132, 19, 409]	{1 1 4 2 }12455
409	1.0	1.0	0.09342285392478362	0.1658702990684433	[1549, 162, 107, 10]	{2 1 3 2 }12162
410	1.0	1.0	0.09342285392478362	0.2986019148360745	[432, 422, 19, 132]	{3 1 3 1 }12172
411	1.0	1.0	0.09342285392478362	0.261243628614468	[320, 232, 10, 1873]	{4 2 3 2 }11921
412	1.0	1.0	0.09342285392478362	0.1658702990684433	[1549, 162, 107, 10]	{3 4 3 4 }11815
413	1.0	1.0	0.09342285392478362	0.09442435626187316	[10, 734, 19, 132]	{3 4 2 2 }11989
414	1.0	1.0	0.09342285392478362	0.18409958454888178	[846, 10, 734, 19]	{3 2 3 2 }12169
415	1.0	1.0	0.09342285392478362	0.20639027444725327	[846, 10, 232, 2047]	{4 4 2 1 }12315
416	1.0	1.0	0.09342285392478362	0.11096716357569314	[241, 132, 19, 1987]	{1 2 1 3 }12231
417	1.0	1.0	0.09342285392478362	0.1331556974924919	[1791, 420, 158, 10]	{1 1 4 4 }12203
418	1.0	1.0	0.09342285392478362	0.18409958454888178	[846, 10, 734, 19]	{1 4 4 1 }12131
419	1.0	1.0	0.09342285392478362	0.10106064337290116	[19, 132, 241, 1031]	{1 4 1 2 }12284
420	1.0	1.0	0.09342285392478362	0.18487383348289899	[1580, 438, 2729, 301]	{4 3 4 4 }12186
421	1.0	1.0	0.09342285392478362	0.2986019148360745	[432, 422, 19, 132]	{4 2 4 4 }12062
422	1.0	1.0	0.09342285392478362	0.10106064337290116	[19, 132, 241, 1031]	{3 3 2 1 }12094
423	1.0	1.0	0.09342285392478362	0.15171927858035095	[1580, 438, 2627, 301]	{1 2 3 2 }12053
424	1.0	1.0	0.09342285392478362	0.35078055574173583	[3819, 438, 1580, 301]	{2 2 2 1 }12061
425	1.0	1.0	0.09342285392478362	0.09342285392478362	[734, 19, 132, 241]	{3 4 1 2 }12127
426	1.0	1.0	0.09342285392478362	0.24868901341485986	[1849, 420, 158, 10]	{2 1 1 3 }12396
427	1.0	1.0	0.09342285392478362	0.18409958454888178	[846, 10, 734, 19]	{3 1 1 3 }12082
428	1.0	1.0	0.09342285392478362	0.20639027444725327	[846, 10, 232, 2047]	{2 2 3 3 }11940
429	1.0	1.0	0.09342285392478362	0.22391768087519365	[377, 162, 107, 10]	{4 2 1 1 }11901
430	1.0	1.0	0.09342285392478362	0.24790254110749904	[10, 734, 19, 400]	{4 1 2 1 }12096
431	1.0	1.0	0.09342285392478362	0.22391768087519365	[377, 162, 107, 10]	{4 4 3 3 }12151
432	1.0	1.0	0.09342285392478362	0.1658702990684433	[1549, 162, 107, 10]	{3 3 4 3 }12343
433	1.0	1.0	0.09342285392478362	0.2693064497706526	[241, 19, 734, 10]	{4 1 1 2 }12048
434	1.0	1.0	0.09342285392478362	0.15171927858035095	[1580, 438, 2627, 301]	{2 1 2 1 }11835
435	1.0	1.0	0.09342285392478362	0.1863095301996846	[10, 734, 19, 1987]	{3 4 4 3 }11827
436	1.0	1.0	0.09342285392478362	0.09442435626187316	[10, 734, 19, 132]	{4 3 1 1 }12874
437	1.0	1.0	0.09342285392478362	0.09342285392478362	[734, 19, 132, 241]	{2 1 4 3 }12603
438	1.0	1.0	0.09342285392478362	0.18409958454888178	[846, 10, 734, 19]	{1 3 3 3 }12319
439	1.0	1.0	0.09342285392478362	0.2623561736002222	[19, 132, 241, 1729]	{3 4 1 3 }12428
440	1.0	1.0	0.09342285392478362	0.15970201954013888	[19, 132, 241, 1126]	{1 1 4 3 }11898
441	1.0	1.0	0.09342285392478362	0.09442435626187316	[10, 734, 19, 132]	{1 4 2 1 }12230
442	1.0	1.0	0.09342285392478362	0.15171927858035095	[1580, 438, 2627, 301]	{4 3 3 1 }12314
443	1.0	1.0	0.09342285392478362	0.10106064337290116	[19, 132, 241, 1031]	{2 3 2 1 }12681
444	1.0	1.0	0.09342285392478362	0.24790254110749904	[10, 734, 19, 400]	{3 1 1 2 }12406
445	1.0	1.0	0.09342285392478362	0.10967630417876868	[734, 10, 232, 2047]	{1 1 2 1 }12085
446	1.0	1.0	0.09342285392478362	0.09442435626187316	[10, 734, 19, 132]	{2 1 3 1 }12348
447	1.0	1.0	0.09342285392478362	0.10106064337290116	[19, 132, 241, 1031]	{3 2 1 3 }12115
448	1.0	1.0	0.09342285392478362	0.2159322305028718	[2627, 438, 2729, 301]	{1 2 1 1 }12063
449	1.0	1.0	0.09342285392478362	0.20639027444725327	[846, 10, 232, 2047]	{2 4 1 1 }12255
450	1.0	1.0	0.09342285392478362	0.1658702990684433	[1549, 162, 107, 10]	{4 3 3 4 }12352
451	1.0	1.0	0.09342285392478362	0.24868901341485986	[1849, 420, 158, 10]	{2 1 2 2 }12143
452	1.0	1.0	0.09342285392478362	0.2503906037096908	[107, 10, 232, 2047]	{1 3 1 3 }12099
453	1.0	1.0	0.09342285392478362	0.09342285392478362	[734, 19, 132, 241]	{1 3 4 2 }12283
454	1.0	1.0	0.09342285392478362	0.10106064337290116	[19, 132, 241, 1031]	{3 1 3 2 }12105
455	1.0	1.0	0.09342285392478362	0.1863095301996846	[10, 734, 19, 1987]	{2 3 1 1 }12593
456	1.0	1.0	0.09342285392478362	0.1331556974924919	[1791, 420, 158, 10]	{1 2 3 1 }11960
457	1.0	1.0	0.09342285392478362	0.23406813284548655	[2051, 1849, 420, 1791]	{2 3 1 1 }12444
458	1.0	1.0	0.09342285392478362	0.16786533017929983	[241, 132, 19, 3308]	{3 1 4 3 }11883
459	1.0	1.0	0.09342285392478362	0.2820276886528734	[1820, 10, 232, 2047]	{2 2 3 3 }12161
460	1.0	1.0	0.09342285392478362	0.10967630417876868	[734, 10, 232, 2047]	{2 3 2 1 }12414
461	1.0	1.0	0.09342285392478362	0.40144416046416975	[1529, 2229, 494, 2626]	{2 3 3 3 }12036
462	1.0	1.0	0.09342285392478362	0.09442435626187316	[10, 734, 19, 132]	{2 3 1 2 }12106
463	1.0	1.0	0.09342285392478362	0.09442435626187316	[10, 734, 19, 132]	{3 1 4 1 }12061
464	1.0	1.0	0.09342285392478362	0.24790254110749904	[10, 734, 19, 400]	{4 1 3 1 }12348
465	1.0	1.0	0.09342285392478362	0.10106064337290116	[19, 132, 241, 1031]	{4 2 1 4 }11960
466	1.0	1.0	0.09342285392478362	0.11096716357569314	[241, 132, 19, 1987]	{3 4 3 1 }13715
467	1.0	1.0	0.09342285392478362	0.3757015268352772	[1019, 1799, 232, 10]	{1 3 3 2 }11884
468	1.0	1.0	0.09342285392478362	0.10106064337290116	[19, 132, 241, 1031]	{1 3 2 1 }12791
469	1.0	1.0	0.09342285392478362	0.09342285392478362	[734, 19, 132, 241]	{1 2 4 3 }12825
470	1.0	1.0	0.09342285392478362	0.15171927858035095	[1580, 438, 2627, 301]	{3 4 3 3 }11856
471	1.0	1.0	0.09342285392478362	0.21860586221537726	[158, 10, 232, 2047]	{2 3 1 1 }12093
472	1.0	1.0	0.09342285392478362	0.10106064337290116	[19, 132, 241, 1031]	{4 2 3 4 }12476
473	1.0	1.0	0.09342285392478362	0.16786533017929983	[241, 132, 19, 1460]	{3 3 4 1 }12055
474	1.0	1.0	0.09342285392478362	0.3535098467191231	[318, 158, 420, 1791]	{3 2 4 2 }12382
475	1.0	1.0	0.09342285392478362	0.21860586221537726	[158, 10, 232, 2047]	{2 3 2 2 }12532
476	1.0	1.0	0.09342285392478362	0.2986019148360745	[432, 422, 19, 132]	{4 2 4 2 }12047
477	1.0	1.0	0.09342285392478362	0.11096716357569314	[241, 132, 19, 1987]	{3 2 3 4 }12475
478	1.0	1.0	0.09342285392478362	0.15171927858035095	[1580, 438, 2627, 301]	{1 1 3 2 }12376
479	1.0	1.0	0.09342285392478362	0.09342285392478362	[734, 19, 132, 241]	{1 3 2 4 }12299
480	1.0	1.0	0.09342285392478362	0.16786533017929983	[241, 132, 19, 1460]	{3 3 4 2 }12529
481	1.0	1.0	0.09342285392478362	0.203625994058398	[19, 132, 241, 2872]	{2 3 2 1 }12227
482	1.0	1.0	0.09342285392478362	0.22809991381131928	[107, 10, 734, 19]	{2 1 1 2 }12396
483	1.0	1.0	0.09342285392478362	0.18409958454888178	[846, 10, 734, 19]	{2 3 2 2 }12196
484	1.0	1.0	0.09342285392478362	0.2432076968032913	[10, 734, 19, 1460]	{4 3 2 2 }12176
485	1.0	1.0	0.09342285392478362	0.09442435626187316	[10, 734, 19, 132]	{1 4 3 4 }12078
486	1.0	1.0	0.09342285392478362	0.15171927858035095	[1580, 438, 2627, 301]	{4 4 1 3 }12181
487	1.0	1.0	0.09342285392478362	0.22391768087519365	[377, 162, 107, 10]	{1 3 1 3 }12101
488	1.0	1.0	0.09342285392478362	0.23406813284548655	[2051, 1849, 420, 1791]	{4 3 3 1 }12399
489	1.0	1.0	0.09342285392478362	0.27387005898727984	[320, 232, 10, 494]	{2 3 2 3 }12134
490	1.0	1.0	0.09342285392478362	0.09342285392478362	[734, 19, 132, 241]	{2 1 3 4 }12377
491	1.0	1.0	0.09342285392478362	0.09442435626187316	[10, 734, 19, 132]	{4 3 1 1 }12174
492	1.0	1.0	0.09342285392478362	0.09342285392478362	[734, 19, 132, 241]	{1 3 2 4 }12339
493	1.0	1.0	0.09342285392478362	0.2597369987545019	[1820, 10, 734, 19]	{3 1 3 2 }12056
494	1.0	1.0	0.09342285392478362	0.1658702990684433	[1549, 162, 107, 10]	{1 1 4 2 }12058
495	1.0	1.0	0.09342285392478362	0.18487383348289899	[1580, 438, 2729, 301]	{4 3 1 3 }11900
496	1.0	1.0	0.09342285392478362	0.20639027444725327	[846, 10, 232, 2047]	{2 2 4 4 }12091
497	1.0	1.0	0.09342285392478362	0.11096716357569314	[241, 132, 19, 1987]	{2 3 4 2 }12050
498	1.0	1.0	0.09342285392478362	0.1331556974924919	[1791, 420, 158, 10]	{2 2 1 4 }11953
499	1.0	1.0	0.09342285392478362	0.31284412641251236	[107, 162, 420, 1791]	{2 2 1 1 }11920
