0	0.00240325927734375	0.0061198990216660976	6.465863793812048	2581
1	0.004800742899533361	0.019266461203919172	6.465863793812048	4975
2	0.0071924647469656655	0.025268451428512417	6.465863793812048	7290
3	0.00957843866667929	0.03123371007900211	6.465380045023395	9585
4	0.011958678472434925	0.040648348465017636	5.549029137853223	12171
5	0.01433319794479504	0.05183612282694161	5.549029137853223	14644
6	0.01670201083120393	0.0569134566131958	5.549029137853223	16954
7	0.019065130846067313	0.06268505102741517	5.549029137853223	19303
8	0.021422571670831503	0.0693773693398273	5.127519858546099	21653
9	0.023774346954062775	0.07507268586674487	5.127519858546099	23894
10	0.026120470311526423	0.08167655792576733	5.127519858546099	26097
11	0.02846095532626547	0.08823327911627776	5.127519858546099	28271
12	0.030795815548679273	0.09582817058552984	5.127519858546099	30449
13	0.03312506449660224	0.10486612306614096	5.034044860061201	32669
14	0.03544871565538188	0.11530500209743955	4.877112537272065	34843
15	0.03776678247795695	0.16838670197159322	4.877112537272065	37037
16	0.04007927838493508	0.17531392644496602	4.877112537272065	39211
17	0.042386216764671025	0.1803609219396971	4.877112537272065	41393
18	0.04468761097334362	0.18621304839696118	4.877112537272065	43580
19	0.04698347433503336	0.19202339136074797	4.877112537272065	45755
20	0.049273820141799596	0.20009979228009078	4.877112537272065	47933
21	0.05155866165375744	0.2049951007787464	4.877112537272065	50121
22	0.0538380120991544	0.20986045048371027	4.877112537272065	52329
23	0.056111884674447055	0.21753916330699785	4.877112537272065	54517
24	0.05838029254437771	0.22232774461596738	4.877112537272065	56694
25	0.06064324884205019	0.22708702029086902	4.877112537272065	58871
26	0.06290076666900601	0.23181716967922394	4.877112537272065	61034
27	0.06515285909530044	0.23651837103096474	4.877112537272065	63327
28	0.06739953915957797	0.24119080150515237	4.877112537272065	65488
29	0.06964081986914772	0.24583463717665222	4.877112537272065	67658
30	0.07187671420005914	0.25121928902045554	4.877112537272065	69877
31	0.07410723509717665	0.2558017513610217	4.877112537272065	72074
32	0.07633239547425485	0.2620008204875437	4.877112537272065	74353
33	0.07855220821401321	0.2672700476870138	4.877112537272065	76521
34	0.08076668616821081	0.2743908441137678	4.877112537272065	78675
35	0.08297584215772047	0.28144243940906644	4.877112537272065	80834
36	0.0851796889726033	0.28593155369847256	4.877112537272065	83001
37	0.08737823937218236	0.2903015804843959	4.877112537272065	85164
38	0.08957150608511699	0.29464486314766747	4.877112537272065	87317
39	0.09175950180947601	0.30287057902932724	4.877112537272065	89465
40	0.09394223921281164	0.30867757129064055	4.877112537272065	91611
41	0.0961197309322328	0.3284296406823365	4.877112537272065	93782
42	0.09829198957447793	0.33402372947298753	4.877112537272065	95944
43	0.10045902771598825	0.3380994369994387	4.877112537272065	98098
44	0.10262085790298059	0.3447156858590861	4.877112537272065	100258
45	0.10477749265152003	0.3487259596921102	4.877112537272065	102456
46	0.10692894444759216	0.35271169105422695	4.877112537272065	104630
47	0.10907522574717565	0.3566730301428801	4.877112537272065	106786
48	0.11121634897631416	0.36417538547649075	4.877112537272065	108940
49	0.11335232653118832	0.36947171712599935	4.877112537272065	111093
50	0.11548317077818748	0.3747239310608098	4.877112537272065	113244
51	0.11760889405398145	0.37855055746338195	4.877112537272065	115419
52	0.11972950866559184	0.385797781283051	4.877112537272065	117585
53	0.12184502689046317	0.38955663684048203	4.877112537272065	119724
54	0.1239554609765342	0.3978619887202034	4.877112537272065	121877
55	0.1260608231423087	0.40287771559467067	4.877112537272065	124050
56	0.12816112557692616	0.40785166215364876	4.877112537272065	126242
57	0.13025638044023236	0.4114755501871159	4.877112537272065	128405
58	0.1323465998628499	0.4150772603917523	4.877112537272065	130560
59	0.13443179594624832	0.4186569284936311	4.877112537272065	132750
60	0.13651198076281423	0.42543643953160626	4.877112537272065	134946
61	0.13858716635592117	0.42953875566513444	4.877112537272065	137100
62	0.14065736473999924	0.43619136492851474	4.877112537272065	139301
63	0.14272258790060488	0.43964181684269565	4.877112537272065	141479
64	0.14478284779449002	0.4436427082557305	4.877112537272065	143677
65	0.14683815634967146	0.4470475587011731	4.877112537272065	145882
66	0.1488885254654998	0.4545707211678238	4.877112537272065	148072
67	0.15093396701272854	0.45790869327773687	4.877112537272065	150249
68	0.15297449283358266	0.462424239356223	4.877112537272065	152408
69	0.15501011474182713	0.4686933444366169	4.877112537272065	154601
70	0.1570408445228355	0.47592200641707116	4.877112537272065	156767
71	0.1590666939336579	0.47912931081727606	4.877112537272065	158935
72	0.16108767470308916	0.48231698683841995	4.877112537272065	161104
73	0.16310379853173695	0.4860131825651641	4.877112537272065	163263
74	0.16511507709208928	0.4891587299863328	4.877112537272065	165463
75	0.1671215220285821	0.49228502697491616	4.877112537272065	167692
76	0.1691231449576669	0.4972190889090764	4.877112537272065	169874
77	0.17111995746787756	0.5040596455225583	4.877112537272065	172052
78	0.17311197111989796	0.5081907605119581	4.877112537272065	174277
79	0.1750991974466285	0.5122874638812879	4.877112537272065	176420
80	0.1770816479532532	0.5179750736319434	4.877112537272065	178574
81	0.179059334117306	0.520925017507242	4.877112537272065	180736
82	0.18103226738873734	0.5251151777039715	4.877112537272065	182899
83	0.18300045918998054	0.5285057993899074	4.877112537272065	185117
84	0.18496392091601777	0.5324332812775383	4.877112537272065	187274
85	0.18692266393444623	0.5371070010815113	4.877112537272065	189442
86	0.18887669958554376	0.5404120025612649	4.877112537272065	191624
87	0.19082603918233454	0.5432246346971596	4.877112537272065	193853
88	0.1927706940106546	0.5504750373210143	4.877112537272065	196109
89	0.19471067532921726	0.5536845925968802	4.877112537272065	198349
90	0.19664599436967822	0.5597569110649498	4.877112537272065	200556
91	0.19857666233670057	0.5634240754875659	4.877112537272065	202731
92	0.2005026904080197	0.5660958760608725	4.877112537272065	204917
93	0.20242408973450798	0.571999333529432	4.877112537272065	207103
94	0.20434087144023938	0.5746186543894377	4.877112537272065	209329
95	0.20625304662255384	0.5772219452702748	4.877112537272065	211543
96	0.20816062635212151	0.5802405307743843	4.877112537272065	213763
97	0.21006362167300685	0.5882359492358246	4.877112537272065	215948
98	0.21196204360273252	0.5929044758884796	4.877112537272065	218144
99	0.21385590313234326	0.5953958593882144	4.877112537272065	220352
100	0.2157452112264695	0.5978719958725065	4.877112537272065	222548
101	0.21762997882339075	0.6007431424480583	4.877112537272065	224774
102	0.21951021683509908	0.6061752085372004	4.877112537272065	226988
103	0.22138593614736213	0.6115333689652658	4.877112537272065	229197
104	0.22325714761978632	0.6139107455204851	4.877112537272065	231452
105	0.22512386208587953	0.6162735727712501	4.877112537272065	233624
106	0.2269860903531139	0.619469961169657	4.877112537272065	235810
107	0.22884384320298856	0.6217987665820094	4.877112537272065	238018
108	0.23069713139109171	0.6244990788334617	4.877112537272065	240201
109	0.23254596564716323	0.6296079349037547	4.877112537272065	242406
110	0.23439035667515662	0.6322524906133726	4.877112537272065	244580
111	0.23623031515330084	0.6353157768223407	4.877112537272065	246768
112	0.23806585173416261	0.6383535462782146	4.877112537272065	248958
113	0.23989697704470747	0.6409356593529225	4.877112537272065	251152
114	0.2417237016863618	0.6431330968599637	4.877112537272065	253339
115	0.24354603623507398	0.6453170862713553	4.877112537272065	255526
116	0.24536399124137553	0.6474877098880849	4.877112537272065	257729
117	0.2471775772304423	0.6496450495074662	4.877112537272065	259940
118	0.24898680470215562	0.6517891864262213	4.877112537272065	262141
119	0.2507916841311627	0.6573163421972337	4.877112537272065	264351
120	0.25259222596693753	0.6613126530754	4.877112537272065	266523
121	0.25438844063384136	0.6651526456709169	4.877112537272065	268691
122	0.2561803385311828	0.6679418781101429	4.877112537272065	270877
123	0.25796793003327845	0.6737504749945137	4.877112537272065	273048
124	0.25975122548951257	0.6757470891434139	4.877112537272065	275218
125	0.2615302352243972	0.6795284641971349	4.877112537272065	277400
126	0.26330496953763205	0.6814897176355668	4.877112537272065	279614
127	0.2650754387041637	0.6837638435285716	4.877112537272065	281787
128	0.2668416529742458	0.6860217324306106	4.877112537272065	284032
129	0.26860362257349746	0.6882635002718867	4.877112537272065	286183
130	0.2703613577029633	0.6901712961715903	4.877112537272065	288371
131	0.2721148685391722	0.6920674165530338	4.877112537272065	290557
132	0.273864165234196	0.6939519328692101	4.877112537272065	292734
133	0.27560925791570867	0.6974218656031193	4.877112537272065	294951
134	0.27735015668704466	0.6995822378365711	4.877112537272065	297134
135	0.27908687162725754	0.7025851642388712	4.877112537272065	299312
136	0.2808194127911783	0.7044053130012746	4.877112537272065	301591
137	0.2825477902094734	0.7062143226370479	4.877112537272065	303799
138	0.28427201388870327	0.7083119177630997	4.877112537272065	305985
139	0.2859920938113798	0.7103945363070652	4.877112537272065	308157
140	0.28770803993602434	0.7121668925009887	4.877112537272065	310321
141	0.2894198621972255	0.7139284020539751	4.877112537272065	312493
142	0.29112757050569615	0.7193773848719947	4.877112537272065	314667
143	0.29283117474833154	0.7210947669397739	4.877112537272065	316838
144	0.29453068478826594	0.7248893959610014	4.877112537272065	319020
145	0.29622611046492986	0.7271810294806933	4.877112537272065	321203
146	0.29791746159410726	0.7303625918191108	4.877112537272065	323384
147	0.2996047479679923	0.7329829747946297	4.877112537272065	325564
148	0.30128797935524576	0.7356520329391232	4.877112537272065	327737
149	0.30296716550105185	0.7372698158041184	4.877112537272065	329921
150	0.30464231612717463	0.7398960233929153	4.877112537272065	332108
151	0.3063134409320143	0.7433365521840143	4.877112537272065	334284
152	0.3079805495906631	0.7449073065672007	4.877112537272065	336478
153	0.30964365175496167	0.7464684480921744	4.877112537272065	338786
154	0.3113027570535547	0.7480200355886566	4.877112537272065	340979
155	0.31295787509194684	0.749562127526337	4.877112537272065	343180
156	0.31460901545255804	0.7510947820170767	4.877112537272065	345368
157	0.3162561876947795	0.7528719359504349	4.877112537272065	347549
158	0.31789940135502837	0.7546364012140719	4.877112537272065	349800
159	0.3195386659468036	0.7574977842902927	4.877112537272065	352007
160	0.3211739909607406	0.7589818733629663	4.877112537272065	354200
161	0.32280538586466645	0.7613910508054024	4.877112537272065	356400
162	0.32443286010365446	0.7633786305571274	4.877112537272065	358671
163	0.326056423100079	0.7648267294444862	4.877112537272065	360947
164	0.3276760842536699	0.7671774826695309	4.877112537272065	363167
165	0.3292918529415674	0.7686023329655635	4.877112537272065	365450
166	0.3309037385183756	0.7705298437280327	4.877112537272065	367627
167	0.3325117503162174	0.772823589563321	4.877112537272065	369787
168	0.3341158976447879	0.7740400991688009	4.877112537272065	371946
169	0.3357161897914087	0.7754229509448336	4.877112537272065	374112
170	0.33731263602108175	0.7772936468969799	4.877112537272065	376298
171	0.33890524557654256	0.7794579457609547	4.877112537272065	378479
172	0.34049402767831405	0.7816012115941817	4.877112537272065	380675
173	0.34207899152475973	0.7841481362403137	4.877112537272065	382892
174	0.34366014629213726	0.7856892931184694	4.877112537272065	385074
175	0.3452375011346511	0.7874744718513433	4.877112537272065	387269
176	0.3468110651845061	0.7895398316972972	4.877112537272065	389543
177	0.34838084755195975	0.7910424925050752	4.877112537272065	391734
178	0.34994685732537534	0.793479314749914	4.858445827937206	393937
179	0.35150910357127463	0.79519960367328	4.858445827937206	396127
180	0.3530675953343899	0.7966618543759162	4.858445827937206	398328
181	0.3546223416377169	0.7990331447038939	4.858445827937206	400523
182	0.35617335148256646	0.8013767815003499	4.858445827937206	402754
183	0.3577206338486171	0.8025923355409261	4.858445827937206	404968
184	0.3592641976939669	0.8045655899961605	4.858445827937206	407158
185	0.36080405195518517	0.8057616288507429	4.858445827937206	409363
186	0.36234020554736446	0.8073796077857638	4.858445827937206	411561
187	0.3638726673641719	0.8087548946939394	4.858445827937206	413789
188	0.36540144627790083	0.8117905312860991	4.858445827937206	416089
189	0.36692655113952244	0.8129423542295495	4.858445827937206	418287
190	0.36844799077873636	0.8140871281328953	4.858445827937206	420480
191	0.3699657740040224	0.8156357568031752	4.858445827937206	422670
192	0.3714799096026914	0.8167640473547457	4.858445827937206	424873
193	0.3729904063409356	0.8180723304699614	4.858445827937206	427060
194	0.37449727296388025	0.8191857094367323	4.858445827937206	429284
195	0.3760005181956336	0.8202922746366537	4.858445827937206	431480
196	0.3775001507393376	0.821254593627711	4.858445827937206	433717
197	0.3789961792772184	0.8223484974652961	4.858445827937206	435919
198	0.38048861247063637	0.8234357067218558	4.858445827937206	438147
199	0.38197745896013646	0.8245387739435018	4.858445827937206	440325
200	0.383462727365498	0.8256125789291853	4.858445827937206	442548
201	0.38494442628578507	0.8266798123367874	4.858445827937206	444787
202	0.3864225642993957	0.8283641679020276	4.858445827937206	446955
203	0.38789714996411195	0.8294145618629669	4.858445827937206	449111
204	0.3893681918171492	0.8304585275189322	4.858445827937206	451291
205	0.3908356983752058	0.8316690336590957	4.858445827937206	453444
206	0.3922996781345123	0.8328708969280259	4.858445827937206	455608
207	0.3937601395708803	0.8345414918775166	4.858445827937206	457769
208	0.3952170911397521	0.8354275075692537	4.858445827937206	459933
209	0.39667054127624946	0.8376665890989237	4.858445827937206	462099
210	0.3981204983952221	0.839018804100182	4.858445827937206	464290
211	0.3995669708912969	0.840003992763476	4.858445827937206	466545
212	0.401009967138926	0.8409831521716333	4.858445827937206	468745
213	0.4024494954924358	0.8431466466999105	4.858445827937206	470924
214	0.403885564286075	0.8441065733833166	4.858445827937206	473133
215	0.4053181818340631	0.8449413689087228	4.858445827937206	475355
216	0.4067473564306381	0.846491309411093	4.858445827937206	477529
217	0.4081730963501049	0.8475873433773373	4.858445827937206	479724
218	0.40959540984688314	0.8486755517901843	4.858445827937206	481932
219	0.4110143051555549	0.8501461489545168	4.858445827937206	484154
220	0.41242979049091255	0.8516024546012173	4.858445827937206	486375
221	0.4138418740480061	0.852510632594121	4.858445827937206	488590
222	0.4152505640021906	0.8535636893019634	4.858445827937206	490814
223	0.4166558685091739	0.8544598647365407	4.858445827937206	493023
224	0.4180577957050633	0.8553505556679526	4.858445827937206	495264
225	0.419456353706413	0.8563833356596136	4.858445827937206	497448
226	0.420851550610271	0.8586629652523181	4.858445827937206	499660
227	0.4222433944942261	0.8595279336329957	4.858445827937206	501853
228	0.42363189341645446	0.8609320692401627	4.858445827937206	504094
229	0.4250170554157664	0.8625538526892571	4.858445827937206	506301
230	0.42639888851165286	0.8633950092317159	4.858445827937206	508518
231	0.4277774007043319	0.8642310179810734	4.858445827937206	510790
232	0.42915259997479493	0.8650619104413035	4.858445827937206	513070
233	0.43052449428485307	0.8666355324769736	4.858445827937206	515314
234	0.43189309157718303	0.8691758080488408	4.858445827937206	517540
235	0.4332583997753733	0.8709557290277681	4.858445827937206	519851
236	0.4346204267839697	0.8718770899200551	4.858445827937206	522128
237	0.4359791804885218	0.8729443361514582	4.858445827937206	524352
238	0.43733466875562776	0.8742143636118351	4.858445827937206	526556
239	0.43868689943298045	0.8756812514997437	4.858445827937206	528749
240	0.44003588034941277	0.8769239212057022	4.858445827937206	531144
241	0.4413816193149427	0.8779491280261461	4.858445827937206	533363
242	0.44272412412081874	0.8786960670381324	4.858445827937206	535553
243	0.4440634025395652	0.87943843485879	4.858445827937206	537756
244	0.4453994623250269	0.8801762594633482	4.858445827937206	539954
245	0.4467323112124141	0.8809095686558308	4.858445827937206	542140
246	0.4480619569183474	0.881759860305816	4.858445827937206	544332
247	0.44938840714090234	0.8824834780210521	4.858445827937206	546508
248	0.450711669559654	0.8833225321435887	4.858445827937206	548763
249	0.4520317518357214	0.8840365864649736	4.858445827937206	551010
250	0.453348661611812	0.885002545761392	4.858445827937206	553194
251	0.45466240651226575	0.8858236140370291	4.858445827937206	555369
252	0.45597299414309944	0.8915324333351777	4.858445827937206	557567
253	0.4572804320920506	0.8925865399111235	4.858445827937206	559750
254	0.45858472792862137	0.8934812792704644	4.858445827937206	561938
255	0.45988588920412254	0.894546022834608	4.858445827937206	564136
256	0.461183923451717	0.8959807708232528	4.858445827937206	566310
257	0.4624788381864636	0.896617358002126	4.858445827937206	568511
258	0.4637706409053606	0.8974785212007755	4.858445827937206	570703
259	0.46505933908738883	0.8981059422985787	4.858445827937206	572911
260	0.46634494019355544	0.8989547057946339	4.858445827937206	575102
261	0.46762745166693676	0.8999366814428882	4.858445827937206	577360
262	0.46890688093272137	0.9005490588482304	4.858445827937206	579617
263	0.47018323539825324	0.9017088365876097	4.858445827937206	581794
264	0.4714565224530747	0.9023103685824156	4.858445827937206	584039
265	0.47272674946896887	0.9030078610421116	4.858445827937206	586209
266	0.4739939238000027	0.903950447426542	4.858445827937206	588394
267	0.4752580527825695	0.9045382609893677	4.858445827937206	590574
268	0.47651914373543125	0.9053334441548041	4.858445827937206	592767
269	0.477777203959761	0.9059127939173056	4.858445827937206	594955
270	0.47903224073918504	0.907192891959247	4.858445827937206	597162
271	0.4802842613398256	0.908455573701298	4.858445827937206	599370
272	0.4815332730103422	0.9090158163462425	4.858445827937206	601570
273	0.48277928298197414	0.9096654326988605	4.858445827937206	603761
274	0.48402229846858214	0.9104179072286492	4.858445827937206	605998
275	0.48526232666669	0.9109661405905595	4.858445827937206	608267
276	0.4864993747555266	0.9117077804023832	4.858445827937206	610482
277	0.48773344989706724	0.9122481198707193	4.858445827937206	612689
278	0.48896455923607496	0.912785152516072	4.858445827937206	614902
279	0.4901927099001423	0.9133188985758636	4.858445827937206	617110
280	0.49141790899973226	0.9139377914282998	4.858445827937206	619323
281	0.4926401636282195	0.914654677797077	4.858445827937206	621514
282	0.49385948086193154	0.9152640333432394	4.858445827937206	623705
283	0.49507586776018964	0.9159698722991474	4.858445827937206	625970
284	0.4962893313653497	0.9171131393426963	4.858445827937206	628171
285	0.49749987870284296	0.917620398560142	4.858445827937206	630352
286	0.4987075167812167	0.9189280112814096	4.858445827937206	632538
287	0.499912252592175	0.9197383935093338	4.858445827937206	634725
288	0.5011140931106188	0.9202295864363734	4.858445827937206	636940
289	0.5023130452946867	0.9208940630174949	4.858445827937206	639145
290	0.5035091160857952	0.9216847929165286	4.858445827937206	641417
291	0.5047023124086787	0.9221640740757403	4.858445827937206	643605
292	0.5058926411714294	0.9229204970682016	4.858445827937206	645797
293	0.5070801092655379	0.9233922158427844	4.858445827937206	648002
294	0.5082647235659328	0.9242856010807694	4.858445827937206	650214
295	0.5094464909310201	0.9247489655566412	4.858445827937206	652410
296	0.5106254182027237	0.9252862490773888	4.858445827937206	654612
297	0.5118015122065243	0.925743489688565	4.858445827937206	656860
298	0.5129747797514992	0.9261979320333723	4.858445827937206	659037
299	0.5141452276303617	0.9268126931159765	4.858445827937206	661268
300	0.5153128626195008	0.9272605920437743	4.858445827937206	663484
301	0.5164776914790197	0.9278665013145467	4.858445827937206	665859
302	0.5176397209527754	0.9283079510425812	4.858445827937206	668105
303	0.5187989577684178	0.928746699142857	4.858445827937206	670322
304	0.5199554086374283	0.9295776414269052	4.858445827937206	672515
305	0.521109080255159	0.9303988934219267	4.858445827937206	674706
306	0.5222599793008715	0.9309786610735559	4.858445827937206	676885
307	0.5234081124377751	0.9314010646981259	4.858445827937206	679090
308	0.5245534863130658	0.9318208832551672	4.858445827937206	681289
309	0.5256961075579647	0.932238132565032	4.858445827937206	683466
310	0.5268359827877562	0.933006407706018	4.858445827937206	685643
311	0.5279731186018268	0.9335644551220444	4.858445827937206	687842
312	0.5291075215837026	0.9348298940721008	4.858445827937206	690213
313	0.5302391983010879	0.9352287285396108	4.858445827937206	692382
314	0.5313681553059033	0.9356251221804534	4.858445827937206	694544
315	0.5324943991343231	0.9361613560648311	4.858445827937206	696712
316	0.5336179363068136	0.9367994766206178	4.858445827937206	698883
317	0.534738773328171	0.9376839154317579	4.858445827937206	701049
318	0.5358569166875584	0.9384106336191426	4.858445827937206	703230
319	0.536972372858544	0.9388503744393784	4.858445827937206	705411
320	0.5380851482991382	0.9395634896062661	4.858445827937206	707644
321	0.5391952494518312	0.9400669174312868	4.858445827937206	709966
322	0.5403026827436301	0.9404337018446645	4.858445827937206	712142
323	0.5414074545860965	0.9409298809213437	4.858445827937206	714509
324	0.5425095713753831	0.9413516346126294	4.858445827937206	716814
325	0.5436090394922712	0.9419215895726621	4.858445827937206	718986
326	0.5447058653022072	0.9422770235798164	4.858445827937206	721158
327	0.5458000551553399	0.9426302823667378	4.858445827937206	723317
328	0.5468916153865568	0.9429813792455549	4.858445827937206	725529
329	0.5479805523155213	0.9433303274469268	4.858445827937206	727732
330	0.5490668722467089	0.944409749781271	4.858445827937206	729901
331	0.5501505814694436	0.9448728089251172	4.858445827937206	732067
332	0.5512316862579348	0.9469896930623927	4.858445827937206	734234
333	0.5523101928713134	0.9475907169505742	4.858445827937206	736397
334	0.5533861075536677	0.9479649130573113	4.858445827937206	738568
335	0.5544594365340798	0.948485047204177	4.858445827937206	740788
336	0.5555301860266624	0.9488003135133933	4.858445827937206	742958
337	0.556598362230593	0.9493973944053654	4.858445827937206	745119
338	0.5576639713301517	0.9497070772418378	4.858445827937206	747278
339	0.558727019494756	0.9501260103760165	4.858445827937206	749490
340	0.5597875128789963	0.950431234156323	4.858445827937206	751661
341	0.5608454576226725	0.9507345899979149	4.858445827937206	753836
342	0.5619008598508284	0.9513091137297176	4.858445827937206	756021
343	0.5629537256737882	0.9516070970369672	4.858445827937206	758280
344	0.5640040611871913	0.9520102032673965	4.858445827937206	760457
345	0.5650518724720273	0.9525698510427038	4.858445827937206	762639
346	0.5660971655946722	0.9529084967186052	4.858445827937206	764808
347	0.5671399466069225	0.9532447245042759	4.858445827937206	766994
348	0.568180221546031	0.9535308620690399	4.858445827937206	769162
349	0.569217996434741	0.9539179436011596	4.858445827937206	771377
350	0.5702532772813219	0.9543018007973182	4.858445827937206	773595
351	0.5712860700796036	0.9546280805560092	4.858445827937206	775876
352	0.5723163808090113	0.9550060224089372	4.858445827937206	778066
353	0.5733442154346	0.9556011808426813	4.858445827937206	780222
354	0.5743695799070891	0.956118951328481	4.858445827937206	782380
355	0.5753924801628971	0.9563874989153155	4.858445827937206	784539
356	0.5764129221241756	0.9566544030180361	4.858445827937206	786703
357	0.5774309116988436	0.9571598910294875	4.858445827937206	788868
358	0.5784464547806221	0.957465764360627	4.858445827937206	791030
359	0.5794595572490676	0.9577694537922166	4.858445827937206	793190
360	0.580470224969607	0.9580709749170415	4.858445827937206	795351
361	0.5814784637935708	0.9583275763166261	4.858445827937206	797511
362	0.582484279558227	0.959121336767738	4.858445827937206	799693
363	0.5834876780868156	0.9593715100588602	4.858445827937206	801858
364	0.5844886651885814	0.9597099397959792	4.858445827937206	804010
365	0.5854872466588084	0.9599565108960046	4.858445827937206	806169
366	0.5864834282788529	0.9604234903607743	4.858445827937206	808330
367	0.5874772158161772	0.9607531572465654	4.858445827937206	810549
368	0.5884686150243825	0.9609933439611357	4.858445827937206	812703
369	0.5894576316432434	0.9612718468899548	4.858445827937206	814859
370	0.5904442713987395	0.9615088592762839	4.858445827937206	817022
371	0.5914285400030896	0.9618294851881849	4.858445827937206	819178
372	0.5924104431547851	0.9623488119203185	4.858445827937206	821358
373	0.5933899865386218	0.9627878928308687	4.858445827937206	823606
374	0.5943671758257337	0.963221853264328	4.858445827937206	825842
375	0.5953420166736256	0.9634469318085543	4.858445827937206	828022
376	0.596314514726206	0.9637079164091953	4.858445827937206	830169
377	0.5972846756138193	0.9639300202960569	4.858445827937206	832339
378	0.5982525049532789	0.9642304782694342	4.858445827937206	834505
379	0.5992180083478995	0.9644493841304785	4.858445827937206	836671
380	0.6001811913875297	0.964666950309758	4.858445827937206	838922
381	0.6011420596485841	0.9651476720742511	4.858445827937206	841115
382	0.6021006186940759	0.9653609648018266	4.858445827937206	843262
383	0.6030568740736487	0.9656082834323843	4.858445827937206	845440
384	0.604010831323609	0.9660093530133477	4.858445827937206	847617
385	0.6049624959669582	0.9662173723405871	4.858445827937206	849851
386	0.6059118735134243	0.9664987769858133	4.858445827937206	852049
387	0.6068589694594942	0.9667038010877625	4.858445827937206	854290
388	0.6078037892884451	0.9669075704629108	4.858445827937206	856456
389	0.6087463384703768	0.9671100927900593	4.858445827937206	858632
390	0.6096866224622426	0.9674936485592714	4.858445827937206	860805
391	0.6106246467078815	0.9677257400790482	4.858445827937206	863038
392	0.6115604166380499	0.9680393869198738	4.858445827937206	865191
393	0.612493937670452	0.9682675819320481	4.858445827937206	867363
394	0.6134252152097724	0.9684617811263373	4.858445827937206	869538
395	0.6143542546477068	0.9687682749929424	4.858445827937206	871709
396	0.6152810613629928	0.9689912658301439	4.858445827937206	874010
397	0.616205640721442	0.9692495643238537	4.858445827937206	876231
398	0.6171279980759704	0.9696679375983591	4.858445827937206	878396
399	0.6180481387666295	0.9699205995092433	4.858445827937206	880596
400	0.6189660681206373	0.9702212682355149	4.858445827937206	882781
401	0.6198817914524092	0.9704035110669068	4.858445827937206	884935
402	0.6207953140635885	0.9705846385905732	4.858445827937206	887090
403	0.6217066412430774	0.9707646576320847	4.858445827937206	889253
404	0.6226157782670674	0.9709212103073457	4.858445827937206	891408
405	0.6235227303990702	0.9711288294400356	4.858445827937206	893567
406	0.6244275028899477	0.9713349661965772	4.858445827937206	895743
407	0.6253301009779426	0.9715396311609618	4.858445827937206	897949
408	0.6262305298887088	0.9719268470635337	4.858445827937206	900192
409	0.6271287948353417	0.9720986519247247	4.858445827937206	902418
410	0.6280249010184079	0.9723698020517925	4.858445827937206	904643
411	0.6289188536259762	0.9725670784100828	4.858445827937206	906852
412	0.629810657833647	0.9727349651200824	4.858445827937206	909029
413	0.6307003188045821	0.9729620791132512	4.858445827937206	911267
414	0.6315878416895351	0.9731275484588339	4.858445827937206	913445
415	0.6324732316268808	0.9732920051487304	4.858445827937206	915668
416	0.6333564937426458	0.9734554553802913	4.858445827937206	917834
417	0.6342376331505366	0.9737207902702842	4.858445827937206	920014
418	0.6351166549519708	0.9744215691964101	4.858445827937206	922175
419	0.6359935642361056	0.9747198599346444	4.858445827937206	924356
420	0.6368683660798682	0.9749304400268172	4.858445827937206	926566
421	0.6377410655479837	0.9751810312135546	4.858445827937206	928736
422	0.6386116676930063	0.9753329207963495	4.858445827937206	930919
423	0.6394801775553467	0.9754838808302353	4.858445827937206	933072
424	0.6403466001633031	0.9758174334720008	4.858445827937206	935251
425	0.641210940533089	0.9759654283372369	4.858445827937206	937438
426	0.6420732036688623	0.976112517488842	4.858445827937206	939625
427	0.642933394562755	0.9762830712998337	4.858445827937206	941797
428	0.6437915181949017	0.9765201418074573	4.858445827937206	943964
429	0.6446475795334683	0.9766638361686386	4.858445827937206	946125
430	0.6455015835346811	0.9769725155843973	4.858445827937206	948350
431	0.6463535351428551	0.9771963006613226	4.858445827937206	950534
432	0.6472034392904229	0.9773358569985957	4.858445827937206	952694
433	0.6480513008979631	0.9774745592651769	4.858445827937206	954883
434	0.6488971248742291	0.9776997198556124	4.858445827937206	957064
435	0.6497409161161771	0.9778589412286908	4.858445827937206	959319
436	0.6505826795089948	0.9779944422726039	4.858445827937206	961482
437	0.6514224199261295	0.9782510668525153	4.858445827937206	963661
438	0.652260142229316	0.9783841681272069	4.858445827937206	965852
439	0.6530958512686056	0.9785164548355376	4.858445827937206	968024
440	0.6539295518823933	0.978760032445112	4.858445827937206	970207
441	0.6547612488974466	0.9788900189017714	4.858445827937206	972375
442	0.6555909471289323	0.979040741679887	4.858445827937206	974538
443	0.6564186513804459	0.9791903883151231	4.858445827937206	976704
444	0.6572443664440382	0.9793637295203282	4.858445827937206	978872
445	0.6580680971002433	0.9794900214118476	4.858445827937206	981085
446	0.6588898481181069	0.9796155404097436	4.858445827937206	983242
447	0.6597096242552133	0.9797402912440472	4.858445827937206	985406
448	0.6605274302577127	0.9798849431778078	4.858445827937206	987613
449	0.6613432708603496	0.9800285623138025	4.858445827937206	989795
450	0.6621571507864894	0.9801507854957595	4.858445827937206	991961
451	0.662969074748146	0.9804658523926523	4.858445827937206	994129
452	0.6637790474460092	0.9805853994034835	4.858445827937206	996304
453	0.664587073569472	0.9807042147986802	4.858445827937206	998482
454	0.6653931577966572	0.980822303055656	4.858445827937206	1000640
455	0.666197304794445	0.9809592295525514	4.858445827937206	1002814
456	0.6669995192185001	0.9811178365533632	4.858445827937206	1005042
457	0.6677998057132982	0.9812751223796575	4.858445827937206	1007237
458	0.6685981689121532	0.9815298826193901	4.858445827937206	1009423
459	0.6693946134372437	0.9817145068664266	4.858445827937206	1011599
460	0.6701891438996405	0.98189728563994	4.858445827937206	1013806
461	0.6709817648993324	0.9820080724238417	4.858445827937206	1016082
462	0.6717724810252532	0.9821181812038129	4.858445827937206	1018241
463	0.6725612968553089	0.9822276161291693	4.858445827937206	1020405
464	0.6733482169564027	0.982469417270269	4.858445827937206	1022546
465	0.6741332458844631	0.9825767026663659	4.858445827937206	1024682
466	0.6749163881844692	0.9827798898072829	4.858445827937206	1026820
467	0.6756976483904773	0.9829028393653912	4.858445827937206	1028987
468	0.6764770310256473	0.9830452563635971	4.858445827937206	1031160
469	0.6772545406022688	0.9831490176825901	4.858445827937206	1033306
470	0.6780301816217869	0.983289384049249	4.858445827937206	1035476
471	0.678803958574829	0.9833916513314575	4.858445827937206	1037641
472	0.6795758759412301	0.9835102329843536	4.858445827937206	1039824
473	0.6803459381900592	0.9837719753179353	4.858445827937206	1042009
474	0.6811141497796445	0.9839071525331128	4.858445827937206	1044181
475	0.6818805151576002	0.9840220535681593	4.858445827937206	1046361
476	0.6826450387608515	0.9842394405944429	4.858445827937206	1048513
477	0.6834077250156605	0.9843707238881169	4.858445827937206	1050723
478	0.6841685783376521	0.984454417280755	4.858445827937206	1052891
479	0.6849276031318388	0.9845654109099755	4.858445827937206	1055011
480	0.6856848037926471	0.9846939789157233	4.858445827937206	1057445
481	0.6864401847039425	0.984821475967654	4.858445827937206	1059606
482	0.687193750239055	0.9849298488410925	4.858445827937206	1061766
483	0.6879455047608041	0.9850220766444263	4.858445827937206	1063959
484	0.6886954526215245	0.985129017252665	4.858445827937206	1066111
485	0.6894435981630911	0.9852200261654317	4.858445827937206	1068309
486	0.6901899457169443	0.9853104781128421	4.858445827937206	1070748
487	0.6909344996041143	0.985400376503468	4.858445827937206	1073016
488	0.6916772641352477	0.9855046160952801	4.858445827937206	1075177
489	0.6924182436106306	0.9855933263810572	4.858445827937206	1077449
490	0.6931574423202151	0.9857893355459407	4.858445827937206	1079601
491	0.6938948645436429	0.9859274372413155	4.858445827937206	1081797
492	0.6946305145502709	0.9860446597549238	4.858445827937206	1083999
493	0.6953643965991958	0.9862074042475778	4.858445827937206	1086264
494	0.6960965149392779	0.9866671574393252	4.858445827937206	1088843
495	0.6968268738091672	0.9868485566578378	4.858445827937206	1091018
496	0.6975554774373266	0.9869424564139548	4.858445827937206	1093180
497	0.6982823300420571	0.9870947309747251	4.858445827937206	1095326
498	0.6990074358315221	0.9871868730752209	4.858445827937206	1097506
499	0.6997307990037714	0.9872652881181523	4.858445827937206	1099758
