0	0.00240325927734375	0.0061198990216660976	6.764694854956798	2545
1	0.004800742899533361	0.012202344879296834	6.5943321756889	4889
2	0.0071924647469656655	0.01824756678247408	6.5943321756889	7248
3	0.00957843866667929	0.024255792538040333	6.163013688754402	9620
4	0.011958678472434925	0.030227248558683195	6.160780102281535	12139
5	0.01433319794479504	0.04153655178248861	5.127519858546099	14392
6	0.01670201083120393	0.047402251301537635	5.127519858546099	16715
7	0.019065130846067313	0.055337259620558465	5.127519858546099	19074
8	0.021422571670831503	0.06320617041089116	5.127519858546099	21388
9	0.023774346954062775	0.06989476799229732	5.127519858546099	23701
10	0.026120470311526423	0.07893369152978713	5.127519858546099	25996
11	0.02846095532626547	0.0855099964632331	5.127519858546099	28336
12	0.030795815548679273	0.09312757250268966	5.127519858546099	30721
13	0.03312506449660224	0.1037033442519294	5.127519858546099	33013
14	0.03544871565538188	0.10918858927856456	5.127519858546099	35295
15	0.03776678247795695	0.12130847241763176	5.107954356012027	37584
16	0.04007927838493508	0.13155560393462729	5.107954356012027	39879
17	0.042386216764671025	0.14304296367094171	5.107954356012027	42095
18	0.04468761097334362	0.1501812980010463	5.107954356012027	44306
19	0.04698347433503336	0.1553821026440032	5.107954356012027	46701
20	0.049273820141799596	0.1605510788877138	5.107954356012027	48878
21	0.05155866165375744	0.17034057067911068	5.034044860061201	51077
22	0.0538380120991544	0.17840334453062567	5.034044860061201	53278
23	0.056111884674447055	0.1852471317481964	5.034044860061201	55473
24	0.05838029254437771	0.19633220478563596	5.034044860061201	57665
25	0.06064324884205019	0.203026647061474	5.034044860061201	59860
26	0.06290076666900601	0.20790404350441638	5.034044860061201	62074
27	0.06515285909530044	0.21275159077363937	5.034044860061201	64302
28	0.06739953915957797	0.22062079603037932	5.034044860061201	66612
29	0.06964081986914772	0.23794033389637093	5.034044860061201	68910
30	0.07187671420005914	0.24555775663126767	5.034044860061201	71115
31	0.07410723509717665	0.25992808507638643	5.034044860061201	73304
32	0.07633239547425485	0.2685586613437172	5.034044860061201	75484
33	0.07855220821401321	0.2730350084765659	5.034044860061201	77670
34	0.08076668616821081	0.28688196069606	5.034044860061201	79857
35	0.08297584215772047	0.3004651614447065	5.034044860061201	82025
36	0.0851796889726033	0.3074575963157298	5.034044860061201	84231
37	0.08737823937218236	0.3124022674909611	5.034044860061201	86395
38	0.08957150608511699	0.3192753810187483	5.034044860061201	88558
39	0.09175950180947601	0.3234413469484757	5.034044860061201	90728
40	0.09394223921281164	0.3313312437770649	5.034044860061201	92951
41	0.0961197309322328	0.3354234290440924	5.034044860061201	95144
42	0.09829198957447793	0.3394905705505077	5.034044860061201	97686
43	0.10045902771598825	0.3435328215615968	5.034044860061201	100095
44	0.10262085790298059	0.34991248315963763	5.034044860061201	102358
45	0.10477749265152003	0.35641065075820855	5.034044860061201	104539
46	0.10692894444759216	0.3686694955056713	5.034044860061201	106797
47	0.10907522574717565	0.3731771209319412	5.034044860061201	109011
48	0.11121634897631416	0.378398469362329	5.034044860061201	111194
49	0.11335232653118832	0.3856474668041677	5.034044860061201	113449
50	0.11548317077818748	0.3928119278326905	5.034044860061201	115646
51	0.11760889405398145	0.39786972102025653	5.034044860061201	117826
52	0.11972950866559184	0.4015546975255002	5.034044860061201	120006
53	0.12184502689046317	0.40521712234663454	5.034044860061201	122185
54	0.1239554609765342	0.41116247389335703	5.034044860061201	124427
55	0.1260608231423087	0.41536670445995416	5.034044860061201	126607
56	0.12816112557692616	0.42023661945820523	5.034044860061201	128861
57	0.13025638044023236	0.42378471280358077	5.034044860061201	131082
58	0.1323465998628499	0.4347602420835126	5.034044860061201	133287
59	0.13443179594624832	0.4382194523249925	5.034044860061201	135500
60	0.13651198076281423	0.44367893286605187	5.034044860061201	137818
61	0.13858716635592117	0.4470835616205372	5.034044860061201	139991
62	0.14065736473999924	0.45103131985255573	5.034044860061201	142186
63	0.14272258790060488	0.4556041535064286	5.034044860061201	144512
64	0.14478284779449002	0.46104584460007525	5.034044860061201	146892
65	0.14683815634967146	0.46489391377648925	5.034044860061201	149078
66	0.1488885254654998	0.47508641065693713	5.034044860061201	151253
67	0.15093396701272854	0.48222809214459783	5.034044860061201	153446
68	0.15297449283358266	0.4874036547387376	5.034044860061201	155631
69	0.15501011474182713	0.4916735118421217	5.034044860061201	157822
70	0.1570408445228355	0.49590780162269543	5.034044860061201	160178
71	0.1590666939336579	0.5017864278428389	5.034044860061201	162526
72	0.16108767470308916	0.5075964986551673	5.034044860061201	164689
73	0.16310379853173695	0.513338813539655	5.034044860061201	166866
74	0.16511507709208928	0.5188565140664163	5.034044860061201	169029
75	0.1671215220285821	0.5218010636152624	5.034044860061201	171213
76	0.1691231449576669	0.5273777275964253	5.034044860061201	173383
77	0.17111995746787756	0.5313146061670507	5.034044860061201	175550
78	0.17311197111989796	0.5341829134502382	5.034044860061201	177704
79	0.1750991974466285	0.5370336669824893	5.034044860061201	179842
80	0.1770816479532532	0.5416614020897031	5.034044860061201	182037
81	0.179059334117306	0.5449338856828034	5.034044860061201	184218
82	0.18103226738873734	0.5477188443506066	5.034044860061201	186412
83	0.18300045918998054	0.552993260159929	5.034044860061201	188673
84	0.18496392091601777	0.5567167648649691	5.034044860061201	190861
85	0.18692266393444623	0.559881754941497	5.034044860061201	193041
86	0.18887669958554376	0.5658697582756262	5.034044860061201	195237
87	0.19082603918233454	0.5685265915172308	5.034044860061201	197426
88	0.1927706940106546	0.5711671652076795	5.034044860061201	199636
89	0.19471067532921726	0.574739283781543	5.034044860061201	201820
90	0.19664599436967822	0.5784587652645032	5.034044860061201	204005
91	0.19857666233670057	0.5810385550545529	5.034044860061201	206210
92	0.2005026904080197	0.5867387107680965	5.034044860061201	208388
93	0.20242408973450798	0.5901811205076375	5.034044860061201	210661
94	0.20434087144023938	0.5926891706673031	5.034044860061201	212865
95	0.20625304662255384	0.5951818718132502	5.034044860061201	215034
96	0.20816062635212151	0.5985539511817364	5.034044860061201	217242
97	0.21006362167300685	0.6025667396747135	5.034044860061201	219418
98	0.21196204360273252	0.6054043663325962	5.034044860061201	221620
99	0.21385590313234326	0.6093486792055731	5.034044860061201	223924
100	0.2157452112264695	0.6117394258415156	5.034044860061201	226137
101	0.21762997882339075	0.6149735830606616	5.034044860061201	228319
102	0.21951021683509908	0.6177226263183948	5.034044860061201	230581
103	0.22138593614736213	0.6262176790668749	5.034044860061201	232750
104	0.22325714761978632	0.6288864408037687	5.034044860061201	235058
105	0.22512386208587953	0.6311576183116208	5.034044860061201	237307
106	0.2269860903531139	0.6342300246563802	5.034044860061201	239491
107	0.22884384320298856	0.6364684999706405	5.034044860061201	241739
108	0.23069713139109171	0.6390640720539107	5.034044860061201	243921
109	0.23254596564716323	0.6416411120582858	5.034044860061201	246100
110	0.23439035667515662	0.6438342322660056	5.034044860061201	248386
111	0.23623031515330084	0.6486800250242912	5.034044860061201	250583
112	0.23806585173416261	0.6521917615504957	5.034044860061201	253007
113	0.23989697704470747	0.6543203128487103	5.034044860061201	255243
114	0.2417237016863618	0.6609046878420681	5.034044860061201	257451
115	0.24354603623507398	0.6637293051861576	5.034044860061201	259650
116	0.24536399124137553	0.6661302383317316	5.034044860061201	261856
117	0.2471775772304423	0.6685140290974954	5.034044860061201	264041
118	0.24898680470215562	0.6708807998780213	5.034044860061201	266221
119	0.2507916841311627	0.6728949761488594	5.034044860061201	268400
120	0.25259222596693753	0.674896825864308	5.034044860061201	270628
121	0.25438844063384136	0.6793199983015283	5.034044860061201	272805
122	0.2561803385311828	0.6836829915219156	5.034044860061201	274957
123	0.25796793003327845	0.6868448441680939	5.034044860061201	277217
124	0.25975122548951257	0.6887613220998994	5.034044860061201	279446
125	0.2615302352243972	0.6918724125911957	5.034044860061201	281719
126	0.26330496953763205	0.6944390730444134	5.034044860061201	283970
127	0.2650754387041637	0.6974085669895601	5.034044860061201	286177
128	0.2668416529742458	0.7014110991722379	5.034044860061201	288327
129	0.26860362257349746	0.703238433094294	5.034044860061201	290479
130	0.2703613577029633	0.706122413336332	5.034044860061201	292725
131	0.2721148685391722	0.7079209144914447	5.034044860061201	294909
132	0.273864165234196	0.7100063247527064	5.034044860061201	297079
133	0.27560925791570867	0.7117810567621417	5.034044860061201	299227
134	0.27735015668704466	0.7146620457824284	5.034044860061201	301369
135	0.27908687162725754	0.7170388717234328	5.034044860061201	303525
136	0.2808194127911783	0.7198673044925448	5.034044860061201	305686
137	0.2825477902094734	0.7218674189365797	4.858445827937206	307858
138	0.28427201388870327	0.7251109475787186	4.858445827937206	310019
139	0.2859920938113798	0.7267932408216984	4.858445827937206	312183
140	0.28770803993602434	0.7284652385999062	4.858445827937206	314356
141	0.2894198621972255	0.7316318247386828	4.858445827937206	316533
142	0.29112757050569615	0.7405774305807267	4.858445827937206	318697
143	0.29283117474833154	0.7421650705095137	4.858445827937206	320851
144	0.29453068478826594	0.743742994242254	4.858445827937206	323020
145	0.29622611046492986	0.7453112612410859	4.858445827937206	325230
146	0.29791746159410726	0.7487764141493705	4.858445827937206	327422
147	0.2996047479679923	0.7512178484141967	4.858445827937206	329617
148	0.30128797935524576	0.7529941236679777	4.858445827937206	331783
149	0.30296716550105185	0.7543168183112741	4.858445827937206	333992
150	0.30464231612717463	0.7558203745745307	4.858445827937206	336180
151	0.3063134409320143	0.7575637883337415	4.858445827937206	338404
152	0.3079805495906631	0.7599871407202431	4.858445827937206	340577
153	0.30964365175496167	0.7627083749524398	4.858445827937206	342763
154	0.3113027570535547	0.7641605757364179	4.858445827937206	345007
155	0.31295787509194684	0.7680110153162315	4.858445827937206	347167
156	0.31460901545255804	0.7696673893367023	4.858445827937206	349342
157	0.3162561876947795	0.7710770016553584	4.858445827937206	351503
158	0.31789940135502837	0.7724779872889647	4.858445827937206	353686
159	0.3195386659468036	0.778545240961259	4.858445827937206	355841
160	0.3211739909607406	0.7801264018516408	4.858445827937206	358000
161	0.32280538586466645	0.7822631715129466	4.858445827937206	360178
162	0.32443286010365446	0.7835956989165852	4.858445827937206	362323
163	0.326056423100079	0.7853983170014116	4.858445827937206	364544
164	0.3276760842536699	0.7869305477362144	4.858445827937206	366685
165	0.3292918529415674	0.7882345112686705	4.858445827937206	368848
166	0.3309037385183756	0.7911156743806613	4.858445827937206	371021
167	0.3325117503162174	0.7923940253606605	4.858445827937206	373180
168	0.3341158976447879	0.7944115761346094	4.858445827937206	375329
169	0.3357161897914087	0.7961240994487735	4.858445827937206	377528
170	0.33731263602108175	0.7973717993730982	4.858445827937206	379714
171	0.33890524557654256	0.7986118634998767	4.858445827937206	381937
172	0.34049402767831405	0.800289398997587	4.858445827937206	384155
173	0.34207899152475973	0.8015116077092781	4.858445827937206	386321
174	0.34366014629213726	0.8046622171107181	4.858445827937206	388472
175	0.3452375011346511	0.8058576646171166	4.858445827937206	390637
176	0.3468110651845061	0.8072438180202193	4.858445827937206	392816
177	0.34838084755195975	0.8086200744513238	4.858445827937206	395005
178	0.34994685732537534	0.8097913002704556	4.858445827937206	397165
179	0.35150910357127463	0.8123791737361638	4.858445827937206	399381
180	0.3530675953343899	0.8142546005709543	4.858445827937206	401537
181	0.3546223416377169	0.8155808008405732	4.858445827937206	403676
182	0.35617335148256646	0.8171169874224926	4.858445827937206	405815
183	0.3577206338486171	0.8187165472992638	4.858445827937206	408057
184	0.3592641976939669	0.8202266135441679	4.858445827937206	410214
185	0.36080405195518517	0.8230801593609272	4.858445827937206	412367
186	0.36234020554736446	0.8241628909205675	4.858445827937206	414570
187	0.3638726673641719	0.8252389962723954	4.858445827937206	416739
188	0.36540144627790083	0.8263085159681333	4.858445827937206	418934
189	0.36692655113952244	0.8275486527018647	4.858445827937206	421120
190	0.36844799077873636	0.8286040375334796	4.858445827937206	423273
191	0.3699657740040224	0.8298277845136653	4.858445827937206	425542
192	0.3714799096026914	0.8310427940845798	4.858445827937206	427702
193	0.3729904063409356	0.8320767951237651	4.858445827937206	429854
194	0.37449727296388025	0.833755327783919	4.858445827937206	432006
195	0.3760005181956336	0.8354170821084446	4.858445827937206	434160
196	0.3775001507393376	0.8365921847529967	4.858445827937206	436321
197	0.3789961792772184	0.8375922240816593	4.858445827937206	438477
198	0.38048861247063637	0.8389450585332907	4.858445827937206	440639
199	0.38197745896013646	0.8402866240598772	4.858445827937206	442801
200	0.383462727365498	0.8414269587485673	4.858445827937206	445044
201	0.38494442628578507	0.8423974097485846	4.858445827937206	447269
202	0.3864225642993957	0.8444821000958256	4.858445827937206	449487
203	0.38789714996411195	0.8454338539393007	4.858445827937206	451654
204	0.3893681918171492	0.8463797831453602	4.858445827937206	453843
205	0.3908356983752058	0.8473199233601971	4.858445827937206	456027
206	0.3922996781345123	0.8488036947561135	4.858445827937206	458195
207	0.3937601395708803	0.8500631391979618	4.858445827937206	460352
208	0.3952170911397521	0.8511336707203182	4.858445827937206	462521
209	0.39667054127624946	0.8551034395011097	4.858445827937206	464690
210	0.3981204983952221	0.8559901918199497	4.858445827937206	466844
211	0.3995669708912969	0.8568715173041411	4.858445827937206	469048
212	0.401009967138926	0.8578934378089011	4.858445827937206	471229
213	0.4024494954924358	0.8587631156198269	4.858445827937206	473534
214	0.403885564286075	0.8596274710903682	4.858445827937206	475673
215	0.4053181818340631	0.860486536792711	4.858445827937206	477833
216	0.4067473564306381	0.8616486647661162	4.858445827937206	480020
217	0.4081730963501049	0.8624953609672603	4.858445827937206	482181
218	0.40959540984688314	0.8636407557113898	4.858445827937206	484343
219	0.4110143051555549	0.8646143446513929	4.858445827937206	486581
220	0.41242979049091255	0.8661931861131842	4.858445827937206	488785
221	0.4138418740480061	0.8671485510008154	4.858445827937206	490951
222	0.4152505640021906	0.8680970946956986	4.858445827937206	493139
223	0.4166558685091739	0.8701907916052907	4.858445827937206	495329
224	0.4180577957050633	0.8709852108527487	4.858445827937206	497467
225	0.419456353706413	0.8727405141064528	4.858445827937206	499638
226	0.420851550610271	0.874012578938375	4.858445827937206	501801
227	0.4222433944942261	0.8747836092332724	4.858445827937206	503973
228	0.42363189341645446	0.8755499209006221	4.858445827937206	506128
229	0.4250170554157664	0.8765865729547611	4.858445827937206	508411
230	0.42639888851165286	0.8774677302847681	4.858445827937206	510734
231	0.4277774007043319	0.8815521392752759	4.858445827937206	512891
232	0.42915259997479493	0.8825387936753152	4.858445827937206	515057
233	0.43052449428485307	0.8835172293798107	4.858445827937206	517309
234	0.43189309157718303	0.8857359488201952	4.858445827937206	519480
235	0.4332583997753733	0.8865517806843933	4.858445827937206	521713
236	0.4346204267839697	0.8872460723307927	4.858445827937206	523893
237	0.4359791804885218	0.8879361149824244	4.858445827937206	526147
238	0.43733466875562776	0.8890562870942202	4.858445827937206	528401
239	0.43868689943298045	0.8896503808742834	4.858445827937206	530591
240	0.44003588034941277	0.8905695780348474	4.858445827937206	532777
241	0.4413816193149427	0.8913508983558933	4.858445827937206	534941
242	0.44272412412081874	0.8920158198867499	4.858445827937206	537107
243	0.4440634025395652	0.8927868142113522	4.858445827937206	539263
244	0.4453994623250269	0.8934429480821698	4.858445827937206	541436
245	0.4467323112124141	0.8940950664799534	4.858445827937206	543594
246	0.4480619569183474	0.8947431939789924	4.858445827937206	545757
247	0.44938840714090234	0.895387355003184	4.858445827937206	547913
248	0.450711669559654	0.896027573826954	4.858445827937206	550153
249	0.4520317518357214	0.896893649846721	4.858445827937206	552458
250	0.453348661611812	0.8985302585793128	4.858445827937206	554661
251	0.45466240651226575	0.8991512431505619	4.858445827937206	556853
252	0.45597299414309944	0.90032732194764	4.858445827937206	559006
253	0.4572804320920506	0.9009373086725394	4.858445827937206	561150
254	0.45858472792862137	0.9022851003912804	4.858445827937206	563293
255	0.45988588920412254	0.902883105709798	4.858445827937206	565567
256	0.461183923451717	0.9039842042845169	4.858445827937206	567711
257	0.4624788381864636	0.9055082645339689	4.858445827937206	569868
258	0.4637706409053606	0.9066102089708906	4.858445827937206	572286
259	0.46505933908738883	0.9075437179191199	4.858445827937206	574448
260	0.46634494019355544	0.9084422240617912	4.858445827937206	576605
261	0.46762745166693676	0.9089325078622577	4.858445827937206	578764
262	0.46890688093272137	0.9096910875552001	4.858445827937206	581003
263	0.47018323539825324	0.9104433483835616	4.858445827937206	583162
264	0.4714565224530747	0.9109914260481727	4.858445827937206	585353
265	0.47272674946896887	0.9115361495328205	4.858445827937206	587613
266	0.4739939238000027	0.9120775393647473	4.858445827937206	589763
267	0.4752580527825695	0.9126156159455715	4.858445827937206	591992
268	0.47651914373543125	0.9134890958361613	4.858445827937206	594153
269	0.477777203959761	0.9141067735002097	4.858445827937206	596307
270	0.47903224073918504	0.9147200410185041	4.858445827937206	598502
271	0.4802842613398256	0.9155488064119104	4.858445827937206	600668
272	0.4815332730103422	0.9166978022430408	4.858445827937206	602820
273	0.48277928298197414	0.9172076032815962	4.858445827937206	604973
274	0.48402229846858214	0.9185217683088726	4.858445827937206	607127
275	0.48526232666669	0.9194719517688273	4.858445827937206	609293
276	0.4864993747555266	0.9204110543721064	4.858445827937206	611445
277	0.48773344989706724	0.9210740193502646	4.858445827937206	613605
278	0.48896455923607496	0.9215570383820268	4.858445827937206	615769
279	0.4901927099001423	0.9220371013860893	4.858445827937206	618113
280	0.49141790899973226	0.9229462897081174	4.858445827937206	620322
281	0.4926401636282195	0.9234178506343484	4.858445827937206	622488
282	0.49385948086193154	0.9238865256553284	4.858445827937206	624742
283	0.49507586776018964	0.9244299668953688	4.858445827937206	626895
284	0.4962893313653497	0.9248924478670332	4.858445827937206	629057
285	0.49749987870284296	0.9256432105705698	4.858445827937206	631202
286	0.4987075167812167	0.926365822712741	4.858445827937206	633342
287	0.499912252592175	0.9268915620638728	4.858445827937206	635502
288	0.5011140931106188	0.9273389783216737	4.858445827937206	637649
289	0.5023130452946867	0.9278577694564032	4.858445827937206	639841
290	0.5035091160857952	0.928458704321406	4.858445827937206	642014
291	0.5047023124086787	0.9288965298268381	4.858445827937206	644175
292	0.5058926411714294	0.9293316758843879	4.858445827937206	646333
293	0.5070801092655379	0.9298362393932755	4.858445827937206	648471
294	0.5082647235659328	0.9306544756685726	4.858445827937206	650624
295	0.5094464909310201	0.9310788632750855	4.858445827937206	652777
296	0.5106254182027237	0.9318826083097783	4.858445827937206	654954
297	0.5118015122065243	0.9322994798685418	4.858445827937206	657150
298	0.5129747797514992	0.9327138002154606	4.858445827937206	659311
299	0.5141452276303617	0.9336292587159305	4.858445827937206	661465
300	0.5153128626195008	0.9341031379896907	4.858445827937206	663677
301	0.5164776914790197	0.9347618321538921	4.858445827937206	665902
302	0.5176397209527754	0.9352276249867315	4.858445827937206	668096
303	0.5187989577684178	0.9361088817896331	4.858445827937206	670281
304	0.5199554086374283	0.9368539677162847	4.858445827937206	672464
305	0.521109080255159	0.9373799654862448	4.858445827937206	674718
306	0.5222599793008715	0.9379015817670757	4.858445827937206	676875
307	0.5234081124377751	0.9383449571575648	4.858445827937206	679039
308	0.5245534863130658	0.9387851668999991	4.858445827937206	681190
309	0.5256961075579647	0.9392222335967326	4.858445827937206	683350
310	0.5268359827877562	0.9397285040374096	4.858445827937206	685539
311	0.5279731186018268	0.9400973595065854	4.858445827937206	687708
312	0.5291075215837026	0.9404639576175362	4.858445827937206	689892
313	0.5302391983010879	0.9409598846677858	4.858445827937206	692100
314	0.5313681553059033	0.9413212042118465	4.858445827937206	694302
315	0.5324943991343231	0.9418099905157878	4.858445827937206	696488
316	0.5336179363068136	0.9422254603282532	4.858445827937206	698680
317	0.534738773328171	0.9425790346770675	4.858445827937206	700817
318	0.5358569166875584	0.9429304451865704	4.858445827937206	702969
319	0.536972372858544	0.943337915084685	4.858445827937206	705124
320	0.5380851482991382	0.9439986974160589	4.858445827937206	707278
321	0.5391952494518312	0.944633632819505	4.858445827937206	709434
322	0.5403026827436301	0.9450289421585696	4.858445827937206	711660
323	0.5414074545860965	0.9453653594816733	4.858445827937206	713833
324	0.5425095713753831	0.9457554443785734	4.858445827937206	716002
325	0.5436090394922712	0.9467886740094578	4.858445827937206	718175
326	0.5447058653022072	0.9471143219513288	4.858445827937206	720346
327	0.5458000551553399	0.9478338549860046	4.858445827937206	722513
328	0.5468916153865568	0.9482683918041137	4.858445827937206	724672
329	0.5479805523155213	0.9485915796937173	4.858445827937206	726837
330	0.5490668722467089	0.9489061940348551	4.858445827937206	729025
331	0.5501505814694436	0.9495020401685594	4.858445827937206	731197
332	0.5512316862579348	0.9499226812333778	4.858445827937206	733347
333	0.5523101928713134	0.9502291493675052	4.858445827937206	735507
334	0.5533861075536677	0.9505337419475985	4.858445827937206	737670
335	0.5544594365340798	0.9508364704518589	4.858445827937206	739842
336	0.5555301860266624	0.9511373462882422	4.858445827937206	742054
337	0.556598362230593	0.9515443654778446	4.858445827937206	744240
338	0.5576639713301517	0.9519479942535394	4.858445827937206	746375
339	0.558727019494756	0.9523482608570084	4.858445827937206	748552
340	0.5597875128789963	0.9526398846887703	4.858445827937206	750712
341	0.5608454576226725	0.9530343879400092	4.858445827937206	752899
342	0.5619008598508284	0.95336971687719	4.858445827937206	755104
343	0.5629537256737882	0.9537581407266095	4.858445827937206	757272
344	0.5640040611871913	0.9542974043916053	4.858445827937206	759472
345	0.5650518724720273	0.9545770996617567	4.858445827937206	761643
346	0.5660971655946722	0.9548550832250979	4.858445827937206	763870
347	0.5671399466069225	0.9551313655571019	4.858445827937206	766072
348	0.568180221546031	0.9555051151151436	4.858445827937206	768258
349	0.569217996434741	0.9559375241033345	4.858445827937206	770427
350	0.5702532772813219	0.9562071820064667	4.858445827937206	772615
351	0.5712860700796036	0.9564751896304614	4.858445827937206	774796
352	0.5723163808090113	0.9573042336375002	4.858445827937206	776973
353	0.5733442154346	0.9576090763794233	4.858445827937206	779180
354	0.5743695799070891	0.9578685045514164	4.858445827937206	781351
355	0.5753924801628971	0.9581693184654896	4.858445827937206	783537
356	0.5764129221241756	0.9584679846036548	4.858445827937206	785718
357	0.5774309116988436	0.959654613614979	4.858445827937206	787926
358	0.5784464547806221	0.9599015233056454	4.858445827937206	790151
359	0.5794595572490676	0.9603023410651891	4.858445827937206	792455
360	0.580470224969607	0.9605452867292666	4.858445827937206	794643
361	0.5814784637935708	0.9610820855492767	4.858445827937206	796833
362	0.582484279558227	0.9613202592558489	4.858445827937206	799036
363	0.5834876780868156	0.9616424561799984	4.858445827937206	801235
364	0.5844886651885814	0.9620258718616644	4.858445827937206	803415
365	0.5854872466588084	0.9623421911297888	4.858445827937206	805645
366	0.5864834282788529	0.9625726531174518	4.858445827937206	807841
367	0.5874772158161772	0.9628017047010218	4.858445827937206	810106
368	0.5884686150243825	0.9631632041694278	4.858445827937206	812329
369	0.5894576316432434	0.9633886416401927	4.858445827937206	814550
370	0.5904442713987395	0.9636126994564007	4.858445827937206	816730
371	0.5914285400030896	0.9641902756555054	4.858445827937206	818912
372	0.5924104431547851	0.9647586839784339	4.858445827937206	821183
373	0.5933899865386218	0.9649743572738765	4.858445827937206	823434
374	0.5943671758257337	0.9651887106705294	4.858445827937206	825647
375	0.5953420166736256	0.9654786839260852	4.858445827937206	827842
376	0.596314514726206	0.9656899508945525	4.858445827937206	830057
377	0.5972846756138193	0.965975748887934	4.858445827937206	832247
378	0.5982525049532789	0.9664386638690505	4.858445827937206	834532
379	0.5992180083478995	0.9667741374497014	4.858445827937206	836761
380	0.6001811913875297	0.9672261900014062	4.858445827937206	838993
381	0.6011420596485841	0.9674016908581845	4.858445827937206	841259
382	0.6021006186940759	0.9676344389451136	4.858445827937206	843438
383	0.6030568740736487	0.9679489730661524	4.858445827937206	845682
384	0.604010831323609	0.9683975005567718	4.858445827937206	847875
385	0.6049624959669582	0.9687133939289657	4.858445827937206	850100
386	0.6059118735134243	0.9689048647988511	4.858445827937206	852280
387	0.6068589694594942	0.9693279278628123	4.858445827937206	854452
388	0.6078037892884451	0.9696345208371115	4.858445827937206	856637
389	0.6087463384703768	0.9697971252950552	4.858445827937206	858835
390	0.6096866224622426	0.9706025352871871	4.858445827937206	861039
391	0.6106246467078815	0.9707824448027225	4.858445827937206	863243
392	0.6115604166380499	0.9711231743093963	4.858445827937206	865462
393	0.612493937670452	0.9713293514429044	4.858445827937206	867658
394	0.6134252152097724	0.9715681740048128	4.858445827937206	869844
395	0.6143542546477068	0.9718523738481633	4.858445827937206	872039
396	0.6152810613629928	0.9720246344779121	4.858445827937206	874199
397	0.616205640721442	0.9721958408900016	4.858445827937206	876372
398	0.6171279980759704	0.972394359310493	4.858445827937206	878632
399	0.6180481387666295	0.9727699462586495	4.858445827937206	880846
400	0.6189660681206373	0.9729365914379011	4.858445827937206	883118
401	0.6198817914524092	0.9731298209867469	4.858445827937206	885320
402	0.6207953140635885	0.973321670899378	4.858445827937206	887548
403	0.6217066412430774	0.9735121510262343	4.858445827937206	889845
404	0.6226157782670674	0.9736742539872549	4.858445827937206	892049
405	0.6235227303990702	0.9739812597716602	4.858445827937206	894244
406	0.6244275028899477	0.9743352562373518	4.858445827937206	896478
407	0.6253301009779426	0.9744923218775962	4.858445827937206	898934
408	0.6262305298887088	0.9747472924210938	4.858445827937206	901187
409	0.6271287948353417	0.9749018364415003	4.858445827937206	903458
410	0.6280249010184079	0.9753798966997574	4.858445827937206	905695
411	0.6289188536259762	0.9755305692458579	4.858445827937206	908048
412	0.629810657833647	0.9757751616399019	4.858445827937206	910198
413	0.6307003188045821	0.9759234152044819	4.858445827937206	912466
414	0.6315878416895351	0.9760953191835062	4.858445827937206	914689
415	0.6324732316268808	0.9763342664303183	4.858445827937206	916903
416	0.6333564937426458	0.9769653526588431	4.858445827937206	919091
417	0.6342376331505366	0.9770887011601047	4.858445827937206	921274
418	0.6351166549519708	0.977400419511668	4.858445827937206	923443
419	0.6359935642361056	0.9776639714707156	4.858445827937206	925620
420	0.6368683660798682	0.9778500275184397	4.858445827937206	927821
421	0.6377410655479837	0.9780652847825948	4.858445827937206	930045
422	0.6386116676930063	0.9782479979455886	4.858445827937206	932247
423	0.6394801775553467	0.9785439435517711	4.858445827937206	934452
424	0.6403466001633031	0.9786752524506374	4.858445827937206	936644
425	0.641210940533089	0.978805757752302	4.858445827937206	938850
426	0.6420732036688623	0.9789354643746987	4.858445827937206	941034
427	0.642933394562755	0.9790643772056637	4.858445827937206	943219
428	0.6437915181949017	0.9793085244102625	4.858445827937206	945518
429	0.6446475795334683	0.9797026477548288	4.858445827937206	947716
430	0.6455015835346811	0.9800248279491967	4.858445827937206	949923
431	0.6463535351428551	0.980147073985088	4.858445827937206	952114
432	0.6472034392904229	0.9804171818220256	4.858445827937206	954379
433	0.6480513008979631	0.9805803040059321	4.858445827937206	956656
434	0.6488971248742291	0.9808067727638804	4.858445827937206	958839
435	0.6497409161161771	0.9809242333764654	4.858445827937206	961023
436	0.6505826795089948	0.9811466912962733	4.858445827937206	963252
437	0.6514224199261295	0.9812620716417644	4.858445827937206	965505
438	0.652260142229316	0.9816784700497252	4.858445827937206	967720
439	0.6530958512686056	0.9818310858760498	4.858445827937206	969909
440	0.6539295518823933	0.9819422777958218	4.858445827937206	972118
441	0.6547612488974466	0.9820527892322727	4.858445827937206	974329
442	0.6555909471289323	0.982256272347553	4.858445827937206	976532
443	0.6564186513804459	0.9823648621690539	4.858445827937206	978718
444	0.6572443664440382	0.9825191053570796	4.858445827937206	980924
445	0.6580680971002433	0.98264391688544	4.858445827937206	983124
446	0.6588898481181069	0.9827501343615127	4.858445827937206	985395
447	0.6597096242552133	0.9830239417525998	4.858445827937206	987581
448	0.6605274302577127	0.9831653499845647	4.858445827937206	989777
449	0.6613432708603496	0.9832683763427243	4.858445827937206	991959
450	0.6621571507864894	0.9833878381645172	4.858445827937206	994165
451	0.662969074748146	0.9835262151893859	4.858445827937206	996413
452	0.6637790474460092	0.9836270330889315	4.858445827937206	998655
453	0.664587073569472	0.9837272339931123	4.858445827937206	1000861
454	0.6653931577966572	0.9839117324739161	4.858445827937206	1003037
455	0.666197304794445	0.9840101910466093	4.858445827937206	1005226
456	0.6669995192185001	0.9841100857297833	4.858445827937206	1007421
457	0.6677998057132982	0.9842645066653539	4.858445827937206	1009602
458	0.6685981689121532	0.9843608062956181	4.858445827937206	1011779
459	0.6693946134372437	0.9844724682962442	4.858445827937206	1013966
460	0.6701891438996405	0.9846018105011902	4.858445827937206	1016158
461	0.6709817648993324	0.9847557282637772	4.858445827937206	1018335
462	0.6717724810252532	0.9848490216674617	4.858445827937206	1020514
463	0.6725612968553089	0.9849752272345799	4.858445827937206	1022696
464	0.6733482169564027	0.9850671773267278	4.858445827937206	1024875
465	0.6741332458844631	0.9851737959214081	4.858445827937206	1027075
466	0.6749163881844692	0.9852972961636288	4.858445827937206	1029320
467	0.6756976483904773	0.9854973329505182	4.858445827937206	1031551
468	0.6764770310256473	0.9855860878084058	4.858445827937206	1033761
469	0.6772545406022688	0.9857061537158743	4.858445827937206	1035956
470	0.6780301816217869	0.9857936306117644	4.858445827937206	1038165
471	0.678803958574829	0.9859119677162063	4.858445827937206	1040354
472	0.6795758759412301	0.985998185051197	4.858445827937206	1042522
473	0.6803459381900592	0.9860731635331029	4.858445827937206	1044704
474	0.6811141497796445	0.9861583943659715	4.858445827937206	1046887
475	0.6818805151576002	0.9862967527729756	4.858445827937206	1049079
476	0.6826450387608515	0.9864565574053608	4.858445827937206	1051278
477	0.6834077250156605	0.9866408219304579	4.858445827937206	1053475
478	0.6841685783376521	0.9867743580710947	4.858445827937206	1055688
479	0.6849276031318388	0.986884525850594	4.858445827937206	1057880
480	0.6856848037926471	0.9869781687909124	4.858445827937206	1060218
481	0.6864401847039425	0.9871553365624646	4.858445827937206	1062419
482	0.687193750239055	0.9872339446056696	4.858445827937206	1064576
483	0.6879455047608041	0.9873250927372409	4.858445827937206	1066801
484	0.6886954526215245	0.9874927502407166	4.858445827937206	1068955
485	0.6894435981630911	0.9875692933462821	4.858445827937206	1071111
486	0.6901899457169443	0.9876935486397803	4.858445827937206	1073272
487	0.6909344996041143	0.987837064107538	4.858445827937206	1075416
488	0.6916772641352477	0.9879115000470069	4.858445827937206	1077582
489	0.6924182436106306	0.9879978105125485	4.858445827937206	1079745
490	0.6931574423202151	0.9882077613490637	4.858445827937206	1081904
491	0.6938948645436429	0.9883059890762685	4.858445827937206	1084062
492	0.6946305145502709	0.98837755524228	4.858445827937206	1086299
493	0.6953643965991958	0.9885130939566558	4.858445827937206	1088478
494	0.6960965149392779	0.9885833926617125	4.858445827937206	1090642
495	0.6968268738091672	0.9886532611457928	4.858445827937206	1092817
496	0.6975554774373266	0.9887342755244746	4.858445827937206	1094967
497	0.6982823300420571	0.9887946024836461	4.858445827937206	1097098
498	0.6990074358315221	0.9888631783849439	4.858445827937206	1099244
499	0.6997307990037714	0.9889313346086503	4.858445827937206	1101404
