0	0.00240325927734375	0.0061198990216660976	6.840822458312085	2559
1	0.004800742899533361	0.012202344879296834	6.840822458312085	4797
2	0.0071924647469656655	0.02043056358084372	6.840822458312085	7120
3	0.00957843866667929	0.03185411385978432	5.544020201012931	9286
4	0.011958678472434925	0.03777906892120386	5.544020201012931	11821
5	0.01433319794479504	0.04713009837775195	5.544020201012931	13937
6	0.01670201083120393	0.05393347721958386	5.544020201012931	16075
7	0.019065130846067313	0.059723308806778785	5.544020201012931	18234
8	0.021422571670831503	0.08061834638885035	5.544020201012931	20363
9	0.023774346954062775	0.08718262308506852	5.544020201012931	22509
10	0.026120470311526423	0.09782772369049042	5.544020201012931	24714
11	0.02846095532626547	0.10426912746017813	5.544020201012931	26860
12	0.030795815548679273	0.10975090995071068	5.544020201012931	29028
13	0.03312506449660224	0.11519914448594248	5.544020201012931	31202
14	0.03544871565538188	0.12151651835764399	5.544020201012931	33368
15	0.03776678247795695	0.1317612236829192	5.453521124305016	35525
16	0.04007927838493508	0.13707475732067465	5.453521124305016	37694
17	0.042386216764671025	0.14323594189385958	5.453521124305016	39838
18	0.04468761097334362	0.1532273594811031	5.453521124305016	41983
19	0.04698347433503336	0.16474807567863914	5.034044860061201	44200
20	0.049273820141799596	0.17071167601888804	5.034044860061201	46388
21	0.05155866165375744	0.18650764409471876	5.034044860061201	48525
22	0.0538380120991544	0.19148613516775637	5.034044860061201	50710
23	0.056111884674447055	0.199567906411394	4.858445827937206	52846
24	0.05838029254437771	0.20528289726226756	4.858445827937206	55021
25	0.06064324884205019	0.2101464856818135	4.858445827937206	57135
26	0.06290076666900601	0.2251913145259694	4.858445827937206	59265
27	0.06515285909530044	0.2549439680481722	4.858445827937206	61429
28	0.06739953915957797	0.2621845514490646	4.858445827937206	63563
29	0.06964081986914772	0.2818596300770895	4.858445827937206	65683
30	0.07187671420005914	0.29023444488668604	4.858445827937206	67733
31	0.07410723509717665	0.29457813841303626	4.858445827937206	69767
32	0.07633239547425485	0.3016294189953299	4.858445827937206	71878
33	0.07855220821401321	0.3059033764307808	4.858445827937206	73945
34	0.08076668616821081	0.3101511776783038	4.858445827937206	76084
35	0.08297584215772047	0.31507661699993195	4.858445827937206	78242
36	0.0851796889726033	0.31926827894147025	4.858445827937206	80416
37	0.08737823937218236	0.3249386806162602	4.858445827937206	82603
38	0.08957150608511699	0.3297585389089983	4.858445827937206	84809
39	0.09175950180947601	0.3353415581600687	4.858445827937206	86952
40	0.09394223921281164	0.33940920070802705	4.858445827937206	89201
41	0.0961197309322328	0.34345194969433557	4.858445827937206	91380
42	0.09829198957447793	0.3481396254268684	4.858445827937206	93577
43	0.10045902771598825	0.3570084740605164	4.858445827937206	95760
44	0.10262085790298059	0.3634357113043929	4.858445827937206	97923
45	0.10477749265152003	0.36733142047200873	4.858445827937206	100105
46	0.10692894444759216	0.3726014627837787	4.858445827937206	102298
47	0.10907522574717565	0.376441078477883	4.858445827937206	104494
48	0.11121634897631416	0.3808932157172865	4.858445827937206	106632
49	0.11335232653118832	0.3853135652212982	4.858445827937206	108809
50	0.11548317077818748	0.38970235395060415	4.858445827937206	110992
51	0.11760889405398145	0.39478604946121965	4.858445827937206	113126
52	0.11972950866559184	0.39848989772502064	4.858445827937206	115327
53	0.12184502689046317	0.4027846089925281	4.858445827937206	117580
54	0.1239554609765342	0.41090998846201754	4.858445827937206	119760
55	0.1260608231423087	0.4158170272919882	4.858445827937206	121944
56	0.12816112557692616	0.43139523989753514	4.858445827937206	124163
57	0.13025638044023236	0.4348750436126009	4.858445827937206	126350
58	0.1323465998628499	0.43833355128031526	4.858445827937206	128570
59	0.13443179594624832	0.4448835973295244	4.858445827937206	130681
60	0.13651198076281423	0.4495076406670544	4.858445827937206	132741
61	0.13858716635592117	0.4528765983183708	4.858445827937206	134879
62	0.14065736473999924	0.4615610967577617	4.858445827937206	136931
63	0.14272258790060488	0.46694324322915437	4.858445827937206	138974
64	0.14478284779449002	0.4702054967534087	4.858445827937206	141100
65	0.14683815634967146	0.4763838583073048	4.858445827937206	143239
66	0.1488885254654998	0.4795883362205785	4.858445827937206	145317
67	0.15093396701272854	0.48277320305260585	4.858445827937206	147289
68	0.15297449283358266	0.48646614144932665	4.858445827937206	149299
69	0.15501011474182713	0.4962477387550538	4.858445827937206	151299
70	0.1570408445228355	0.4993306517258088	4.858445827937206	153384
71	0.1590666939336579	0.5043352599551219	4.858445827937206	155397
72	0.16108767470308916	0.5078742478057428	4.858445827937206	157432
73	0.16310379853173695	0.5114611701978291	4.858445827937206	159522
74	0.16511507709208928	0.5155306315039696	4.858445827937206	161516
75	0.1671215220285821	0.5230070106474269	4.858445827937206	163513
76	0.1691231449576669	0.5264126843977874	4.858445827937206	165535
77	0.17111995746787756	0.5297940420387861	4.858445827937206	167549
78	0.17311197111989796	0.5344941432428965	4.858445827937206	169621
79	0.1750991974466285	0.5373429920802442	4.858445827937206	171642
80	0.1770816479532532	0.5406463086120685	4.858445827937206	173621
81	0.179059334117306	0.5434575068185922	4.858445827937206	175648
82	0.18103226738873734	0.5462515007759621	4.858445827937206	177726
83	0.18300045918998054	0.5583514607552698	4.858445827937206	179749
84	0.18496392091601777	0.5610543052185137	4.858445827937206	181742
85	0.18692266393444623	0.564710662526148	4.858445827937206	183956
86	0.18887669958554376	0.5673745893166959	4.858445827937206	186086
87	0.19082603918233454	0.5722796393244431	4.858445827937206	188192
88	0.1927706940106546	0.5780989639594847	4.858445827937206	190334
89	0.19471067532921726	0.581613341602471	4.858445827937206	192473
90	0.19664599436967822	0.585098444962717	4.858445827937206	194612
91	0.19857666233670057	0.5873202061308823	4.858445827937206	196708
92	0.2005026904080197	0.5902666912421035	4.858445827937206	198966
93	0.20242408973450798	0.5931921387967503	4.858445827937206	201106
94	0.20434087144023938	0.599649406434897	4.858445827937206	203283
95	0.20625304662255384	0.6029842718540148	4.858445827937206	205370
96	0.20816062635212151	0.6068425393772995	4.858445827937206	207503
97	0.21006362167300685	0.6092486233359251	4.858445827937206	209577
98	0.21196204360273252	0.6125035285975999	4.858445827937206	211795
99	0.21385590313234326	0.6157313209458082	4.858445827937206	213908
100	0.2157452112264695	0.6184749540443091	4.858445827937206	216016
101	0.21762997882339075	0.6208098487997944	4.858445827937206	218118
102	0.21951021683509908	0.6231304542351499	4.858445827937206	220257
103	0.22138593614736213	0.6275254343606875	4.858445827937206	222341
104	0.22325714761978632	0.6298049410905391	4.858445827937206	224411
105	0.22512386208587953	0.6320704974693847	4.858445827937206	226527
106	0.2269860903531139	0.6357482600935974	4.858445827937206	228628
107	0.22884384320298856	0.6392881215115411	4.858445827937206	230777
108	0.23069713139109171	0.6513118507944897	4.858445827937206	232837
109	0.23254596564716323	0.6534457870576791	4.858445827937206	234894
110	0.23439035667515662	0.655566663846419	4.858445827937206	237014
111	0.23623031515330084	0.6602528316852433	4.858445827937206	239299
112	0.23806585173416261	0.6623320500482266	4.858445827937206	241432
113	0.23989697704470747	0.6647429594308775	4.858445827937206	243571
114	0.2417237016863618	0.6680010453450576	4.858445827937206	245726
115	0.24354603623507398	0.6717652058286736	4.858445827937206	247864
116	0.24536399124137553	0.6762309853412087	4.858445827937206	249989
117	0.2471775772304423	0.6782124190172648	4.858445827937206	251974
118	0.24898680470215562	0.6858740280882824	4.858445827937206	254008
119	0.2507916841311627	0.6895373047286522	4.858445827937206	256051
120	0.25259222596693753	0.691753971797883	4.858445827937206	258129
121	0.25438844063384136	0.6943216188466304	4.858445827937206	260204
122	0.2561803385311828	0.6961923396723952	4.858445827937206	262323
123	0.25796793003327845	0.6983614905761445	4.858445827937206	264504
124	0.25975122548951257	0.6999767381425244	4.858445827937206	266652
125	0.2615302352243972	0.7040586872834425	4.858445827937206	268780
126	0.26330496953763205	0.7080850997013548	4.858445827937206	271024
127	0.2650754387041637	0.7114893550984235	4.858445827937206	273359
128	0.2668416529742458	0.7132917956121776	4.858445827937206	275430
129	0.26860362257349746	0.7153388584149705	4.858445827937206	277556
130	0.2703613577029633	0.7170809558568629	4.858445827937206	279707
131	0.2721148685391722	0.7191009645019024	4.858445827937206	281864
132	0.273864165234196	0.7211065505231895	4.858445827937206	283991
133	0.27560925791570867	0.7234296946254536	4.858445827937206	286077
134	0.27735015668704466	0.7257334872566452	4.858445827937206	288258
135	0.27908687162725754	0.7284750100829012	4.858445827937206	290443
136	0.2808194127911783	0.7301367156030527	4.858445827937206	292674
137	0.2825477902094734	0.732384639671332	4.858445827937206	294875
138	0.28427201388870327	0.7342953818168334	4.858445827937206	297014
139	0.2859920938113798	0.7359214672497048	4.858445827937206	299174
140	0.28770803993602434	0.7378069568629633	4.858445827937206	301355
141	0.2894198621972255	0.7403549942112337	4.858445827937206	303505
142	0.29112757050569615	0.7422088289642922	4.858445827937206	305588
143	0.29283117474833154	0.7440494275556104	4.858445827937206	307677
144	0.29453068478826594	0.7456158192135076	4.858445827937206	309783
145	0.29622611046492986	0.7477348044762022	4.858445827937206	311887
146	0.29791746159410726	0.7498361388828978	4.858445827937206	314032
147	0.2996047479679923	0.75314518466487	4.858445827937206	316205
148	0.30128797935524576	0.7546559112077331	4.858445827937206	318419
149	0.30296716550105185	0.7571594223178583	4.858445827937206	320517
150	0.30464231612717463	0.758645582131636	4.858445827937206	322639
151	0.3063134409320143	0.7603688242417214	4.858445827937206	324689
152	0.3079805495906631	0.7620797626061524	4.858445827937206	326775
153	0.30964365175496167	0.7653167726387218	4.858445827937206	328819
154	0.3113027570535547	0.7667530102922515	4.858445827937206	330889
155	0.31295787509194684	0.7686959256584135	4.858445827937206	332969
156	0.31460901545255804	0.7713933492658955	4.858445827937206	335040
157	0.3162561876947795	0.7750220262616749	4.858445827937206	337126
158	0.31789940135502837	0.7793073209995478	4.858445827937206	339198
159	0.3195386659468036	0.7806579379098516	4.858445827937206	341254
160	0.3211739909607406	0.7824850271400903	4.858445827937206	343479
161	0.32280538586466645	0.7838161968096933	4.858445827937206	345602
162	0.32443286010365446	0.7851392198553377	4.858445827937206	347642
163	0.326056423100079	0.7866733005132398	4.858445827937206	349696
164	0.3276760842536699	0.787978838372724	4.858445827937206	351806
165	0.3292918529415674	0.7904513883625465	4.858445827937206	353867
166	0.3309037385183756	0.7928951039501553	4.858445827937206	355953
167	0.3325117503162174	0.794162565000873	4.858445827937206	358119
168	0.3341158976447879	0.7956322200374586	4.858445827937206	360207
169	0.3357161897914087	0.7968829302141114	4.858445827937206	362297
170	0.33731263602108175	0.7979706041761945	4.858445827937206	364471
171	0.33890524557654256	0.8012690432916851	4.858445827937206	366596
172	0.34049402767831405	0.8024852566792191	4.858445827937206	368706
173	0.34207899152475973	0.8081285350598129	4.858445827937206	370815
174	0.34366014629213726	0.8103661031640716	4.858445827937206	372956
175	0.3452375011346511	0.8119457274609141	4.858445827937206	375067
176	0.3468110651845061	0.8137732714117312	4.858445827937206	377255
177	0.34838084755195975	0.8153245144653611	4.858445827937206	379408
178	0.34994685732537534	0.8164547097886102	4.858445827937206	381550
179	0.35150910357127463	0.8177652015376057	4.858445827937206	383661
180	0.3530675953343899	0.8188804601024292	4.858445827937206	385760
181	0.3546223416377169	0.8204645960199006	4.858445827937206	387820
182	0.35617335148256646	0.8217464576536017	4.858445827937206	389939
183	0.3577206338486171	0.8230191669462515	4.858445827937206	392021
184	0.3592641976939669	0.8241022717733109	4.858445827937206	394122
185	0.36080405195518517	0.8251787481081987	4.858445827937206	396196
186	0.36234020554736446	0.8262486365166177	4.858445827937206	398366
187	0.3638726673641719	0.8273119773160128	4.858445827937206	400452
188	0.36540144627790083	0.82836881057709	4.858445827937206	402692
189	0.36692655113952244	0.8300844076392099	4.858445827937206	404770
190	0.36844799077873636	0.8311242739066645	4.858445827937206	406887
191	0.3699657740040224	0.8323300266960499	4.858445827937206	409019
192	0.3714799096026914	0.8333561500016355	4.858445827937206	411088
193	0.3729904063409356	0.8350218944414359	4.858445827937206	413282
194	0.37449727296388025	0.8361998186793742	4.858445827937206	415386
195	0.3760005181956336	0.8387998215574793	4.858445827937206	417461
196	0.3775001507393376	0.8397863503718221	4.858445827937206	419590
197	0.3789961792772184	0.8411209080530231	4.858445827937206	421687
198	0.38048861247063637	0.8426649225520219	4.858445827937206	423827
199	0.38197745896013646	0.8437882764696608	4.858445827937206	425960
200	0.383462727365498	0.8447442764436669	4.858445827937206	428090
201	0.38494442628578507	0.8460375352821203	4.858445827937206	430239
202	0.3864225642993957	0.8471368091421873	4.858445827937206	432388
203	0.38789714996411195	0.8482282343163967	4.858445827937206	434541
204	0.3893681918171492	0.8491570621967203	4.858445827937206	436697
205	0.3908356983752058	0.8500802057442078	4.858445827937206	438791
206	0.3922996781345123	0.8515371522384332	4.858445827937206	440860
207	0.3937601395708803	0.8532684974018334	4.858445827937206	442973
208	0.3952170911397521	0.8549796519510832	4.858445827937206	445156
209	0.39667054127624946	0.8566708513452397	4.858445827937206	447341
210	0.3981204983952221	0.8575480112618681	4.858445827937206	449401
211	0.3995669708912969	0.8584198030483811	4.858445827937206	451412
212	0.401009967138926	0.8597957038933919	4.858445827937206	453500
213	0.4024494954924358	0.8606537400279681	4.858445827937206	455637
214	0.403885564286075	0.8615065250680438	4.858445827937206	457864
215	0.4053181818340631	0.8631216093238101	4.858445827937206	459970
216	0.4067473564306381	0.8657288167652613	4.858445827937206	462065
217	0.4081730963501049	0.8666874971953302	4.858445827937206	464192
218	0.40959540984688314	0.8676393327600688	4.858445827937206	466332
219	0.4110143051555549	0.8684493666780175	4.858445827937206	468495
220	0.41242979049091255	0.8693886227022121	4.858445827937206	470702
221	0.4138418740480061	0.8701879511423553	4.858445827937206	472821
222	0.4152505640021906	0.8709823877731596	4.858445827937206	474943
223	0.4166558685091739	0.8719035583251451	4.858445827937206	477096
224	0.4180577957050633	0.87268749561323	4.858445827937206	479267
225	0.419456353706413	0.8732840244238719	4.858445827937206	481391
226	0.420851550610271	0.873877758170324	4.858445827937206	483674
227	0.4222433944942261	0.8755937070387549	4.858445827937206	485792
228	0.42363189341645446	0.8763550609893376	4.858445827937206	487926
229	0.4250170554157664	0.8771117555306229	4.858445827937206	490102
230	0.42639888851165286	0.8781353977169567	4.858445827937206	492233
231	0.4277774007043319	0.8788811967772444	4.858445827937206	494335
232	0.42915259997479493	0.8796224316225927	4.858445827937206	496413
233	0.43052449428485307	0.8803591301855361	4.858445827937206	498409
234	0.43189309157718303	0.8812133519013532	4.858445827937206	500422
235	0.4332583997753733	0.8824007236441135	4.858445827937206	502629
236	0.4346204267839697	0.8835435737544719	4.858445827937206	504790
237	0.4359791804885218	0.884901666188822	4.858445827937206	506915
238	0.43733466875562776	0.8855180075967477	4.858445827937206	508942
239	0.43868689943298045	0.886471626858749	4.858445827937206	510951
240	0.44003588034941277	0.8874173026033658	4.858445827937206	513004
241	0.4413816193149427	0.8882211297996291	4.858445827937206	515026
242	0.44272412412081874	0.8890192177644083	4.858445827937206	517130
243	0.4440634025395652	0.8903134542919371	4.858445827937206	519206
244	0.4453994623250269	0.8909847248757058	4.858445827937206	521335
245	0.4467323112124141	0.8916518873512855	4.858445827937206	523488
246	0.4480619569183474	0.8923149668598838	4.858445827937206	525633
247	0.44938840714090234	0.8929739883888461	4.858445827937206	527769
248	0.450711669559654	0.8946728139699756	4.858445827937206	529848
249	0.4520317518357214	0.8953174057127155	4.858445827937206	531879
250	0.453348661611812	0.8961893973352668	4.858445827937206	533936
251	0.45466240651226575	0.897227070997888	4.858445827937206	536088
252	0.45597299414309944	0.8978560309455418	4.858445827937206	538307
253	0.4572804320920506	0.8984030028747916	4.858445827937206	540479
254	0.45858472792862137	0.8994185497015326	4.858445827937206	542556
255	0.45988588920412254	0.9002563793583295	4.858445827937206	544815
256	0.461183923451717	0.9008668002447119	4.858445827937206	546850
257	0.4624788381864636	0.9014734854169089	4.858445827937206	548880
258	0.4637706409053606	0.9022941977416327	4.858445827937206	550910
259	0.46505933908738883	0.9031080736454924	4.858445827937206	552915
260	0.46634494019355544	0.9037010424507967	4.858445827937206	554881
261	0.46762745166693676	0.9045031995315898	4.858445827937206	556927
262	0.46890688093272137	0.9052986747541505	4.858445827937206	558922
263	0.47018323539825324	0.9060875237774395	4.858445827937206	560931
264	0.4714565224530747	0.9073652445423722	4.858445827937206	562924
265	0.47272674946896887	0.908415525216495	4.858445827937206	564908
266	0.4739939238000027	0.9090694275770603	4.858445827937206	566930
267	0.4752580527825695	0.909826866747597	4.858445827937206	568970
268	0.47651914373543125	0.910378717217569	4.858445827937206	571768
269	0.477777203959761	0.91124967234665	4.858445827937206	574024
270	0.47903224073918504	0.9118833392305913	4.858445827937206	576177
271	0.4802842613398256	0.9124226042966265	4.858445827937206	578270
272	0.4815332730103422	0.913443915033692	4.858445827937206	580421
273	0.48277928298197414	0.9139736295333966	4.858445827937206	582500
274	0.48402229846858214	0.914976852512599	4.858445827937206	584462
275	0.48526232666669	0.9159683760984578	4.858445827937206	586524
276	0.4864993747555266	0.9166683479760217	4.858445827937206	588607
277	0.48773344989706724	0.9176401456672635	4.858445827937206	590811
278	0.48896455923607496	0.9186006104408231	4.858445827937206	592952
279	0.4901927099001423	0.9190987664853505	4.858445827937206	595109
280	0.49141790899973226	0.919676391761828	4.858445827937206	597250
281	0.4926401636282195	0.9202498928618804	4.858445827937206	599362
282	0.49385948086193154	0.9207379554645327	4.858445827937206	601519
283	0.49507586776018964	0.9212230311733406	4.858445827937206	603672
284	0.4962893313653497	0.9219885993835122	4.858445827937206	605738
285	0.49749987870284296	0.9226384236285475	4.858445827937206	607764
286	0.4987075167812167	0.9235405994462904	4.858445827937206	609802
287	0.499912252592175	0.9241774957441139	4.858445827937206	611793
288	0.5011140931106188	0.9246415218137297	4.858445827937206	613827
289	0.5023130452946867	0.9252692475795462	4.858445827937206	615860
290	0.5035091160857952	0.9257265922381726	4.858445827937206	617874
291	0.5047023124086787	0.92618113799367	4.858445827937206	619867
292	0.5058926411714294	0.926632901975043	4.858445827937206	621982
293	0.5070801092655379	0.9272440398178166	4.858445827937206	624069
294	0.5082647235659328	0.9276892989473559	4.858445827937206	626179
295	0.5094464909310201	0.9281318331359839	4.858445827937206	628307
296	0.5106254182027237	0.9285716590600639	4.858445827937206	630466
297	0.5118015122065243	0.9291963967359234	4.858445827937206	632655
298	0.5129747797514992	0.9297861810196725	4.858445827937206	634804
299	0.5141452276303617	0.9302874994154385	4.858445827937206	636901
300	0.5153128626195008	0.9309843340735099	4.858445827937206	639008
301	0.5164776914790197	0.9316742032872691	4.858445827937206	641133
302	0.5176397209527754	0.9320923502637259	4.858445827937206	643232
303	0.5187989577684178	0.9325772028827747	4.858445827937206	645292
304	0.5199554086374283	0.9334945198503559	4.858445827937206	647353
305	0.521109080255159	0.9342700939628883	4.858445827937206	649430
306	0.5222599793008715	0.9347393977484808	4.858445827937206	651489
307	0.5234081124377751	0.9351387860443532	4.858445827937206	653536
308	0.5245534863130658	0.9356790710419013	4.858445827937206	655563
309	0.5256961075579647	0.9361383148971385	4.858445827937206	657606
310	0.5268359827877562	0.9372554289222614	4.858445827937206	659651
311	0.5279731186018268	0.9378826133062121	4.858445827937206	661659
312	0.5291075215837026	0.9386070143172184	4.858445827937206	663662
313	0.5302391983010879	0.9392206884764799	4.858445827937206	665697
314	0.5313681553059033	0.9395926517256102	4.858445827937206	667728
315	0.5324943991343231	0.9402971105976148	4.858445827937206	669770
316	0.5336179363068136	0.9407233821944665	4.858445827937206	671802
317	0.534738773328171	0.9415074644405714	4.858445827937206	673811
318	0.5358569166875584	0.9419250942535737	4.858445827937206	675924
319	0.536972372858544	0.9423397422389115	4.858445827937206	678005
320	0.5380851482991382	0.9427514296864828	4.858445827937206	680019
321	0.5391952494518312	0.9431017851559362	4.858445827937206	682030
322	0.5403026827436301	0.943449996485295	4.858445827937206	684052
323	0.5414074545860965	0.9437960767964799	4.858445827937206	686083
324	0.5425095713753831	0.9442642477519444	4.858445827937206	688113
325	0.5436090394922712	0.9445627077806423	4.858445827937206	690124
326	0.5447058653022072	0.9450244928053766	4.858445827937206	692182
327	0.5458000551553399	0.9453609373580726	4.858445827937206	694235
328	0.5468916153865568	0.9456953229040796	4.858445827937206	696250
329	0.5479805523155213	0.946083051901016	4.858445827937206	698300
330	0.5490668722467089	0.9464130181789383	4.858445827937206	700344
331	0.5501505814694436	0.9471420927615377	4.858445827937206	702345
332	0.5512316862579348	0.9475823918638989	4.858445827937206	704326
333	0.5523101928713134	0.9480190233352535	4.858445827937206	706354
334	0.5533861075536677	0.948608376812178	4.858445827937206	708385
335	0.5544594365340798	0.9489753069473919	4.858445827937206	710414
336	0.5555301860266624	0.9492875729164852	4.858445827937206	712495
337	0.556598362230593	0.9497944859735467	4.858445827937206	714523
338	0.5576639713301517	0.9501529474290815	4.858445827937206	716535
339	0.558727019494756	0.9505681665258822	4.858445827937206	718600
340	0.5597875128789963	0.9508706843551996	4.858445827937206	720597
341	0.5608454576226725	0.9515391104183941	4.858445827937206	722616
342	0.5619008598508284	0.9520235174779353	4.858445827937206	724643
343	0.5629537256737882	0.9523660639111268	4.858445827937206	726653
344	0.5640040611871913	0.9526575787899951	4.858445827937206	728633
345	0.5650518724720273	0.9529473096272416	4.858445827937206	730649
346	0.5660971655946722	0.9531992726267983	4.858445827937206	732700
347	0.5671399466069225	0.9534856883524627	4.858445827937206	734703
348	0.568180221546031	0.953770351242808	4.858445827937206	736720
349	0.569217996434741	0.9542324551870698	4.858445827937206	738764
350	0.5702532772813219	0.9551042179454113	4.858445827937206	740766
351	0.5712860700796036	0.9556277839168934	4.858445827937206	742755
352	0.5723163808090113	0.9559445963123222	4.858445827937206	744800
353	0.5733442154346	0.9562142109342495	4.858445827937206	746822
354	0.5743695799070891	0.9568099359555523	4.858445827937206	748835
355	0.5753924801628971	0.9570742547862436	4.858445827937206	750881
356	0.5764129221241756	0.9574914146036757	4.858445827937206	752913
357	0.5774309116988436	0.9577949208955516	4.858445827937206	754933
358	0.5784464547806221	0.9583691396588774	4.858445827937206	756983
359	0.5794595572490676	0.9586239163203502	4.858445827937206	759009
360	0.580470224969607	0.9591868562343591	4.858445827937206	761098
361	0.5814784637935708	0.9594782572727285	4.858445827937206	763110
362	0.582484279558227	0.9598720545781442	4.858445827937206	765139
363	0.5834876780868156	0.9601176335520729	4.858445827937206	767136
364	0.5844886651885814	0.960402388950047	4.858445827937206	769170
365	0.5854872466588084	0.9606447223311719	4.858445827937206	771163
366	0.5864834282788529	0.9609257143773586	4.858445827937206	773235
367	0.5874772158161772	0.9613162944918706	4.858445827937206	775210
368	0.5884686150243825	0.9615530348633643	4.858445827937206	777250
369	0.5894576316432434	0.9618732927986965	4.858445827937206	779230
370	0.5904442713987395	0.9623920235089183	4.858445827937206	781297
371	0.5914285400030896	0.962705292784146	4.858445827937206	783286
372	0.5924104431547851	0.9629050026460741	4.858445827937206	785308
373	0.5933899865386218	0.9631698565570916	4.858445827937206	787326
374	0.5943671758257337	0.9634766465899356	4.858445827937206	789359
375	0.5953420166736256	0.9638907435673739	4.858445827937206	791416
376	0.596314514726206	0.9643683792344722	4.858445827937206	793402
377	0.5972846756138193	0.9645864411555355	4.858445827937206	795438
378	0.5982525049532789	0.9648031685596614	4.858445827937206	797565
379	0.5992180083478995	0.9651549902816806	4.858445827937206	799700
380	0.6001811913875297	0.9654452444234409	4.858445827937206	801696
381	0.6011420596485841	0.9656567160382878	4.858445827937206	803735
382	0.6021006186940759	0.9659904700126485	4.858445827937206	805780
383	0.6030568740736487	0.9661986049019454	4.858445827937206	807798
384	0.604010831323609	0.9665270927065912	4.858445827937206	809837
385	0.6049624959669582	0.9670584086953755	4.858445827937206	811829
386	0.6059118735134243	0.9672600079077728	4.858445827937206	813850
387	0.6068589694594942	0.9677796903219351	4.858445827937206	815876
388	0.6078037892884451	0.9681554373735743	4.858445827937206	817824
389	0.6087463384703768	0.9683503228812371	4.858445827937206	819794
390	0.6096866224622426	0.9685440157092724	4.858445827937206	821813
391	0.6106246467078815	0.9689108493453158	4.858445827937206	823804
392	0.6115604166380499	0.9690773290001573	4.858445827937206	825806
393	0.612493937670452	0.9692665726241566	4.858445827937206	827819
394	0.6134252152097724	0.9694546580962865	4.858445827937206	829919
395	0.6143542546477068	0.9697599842960737	4.858445827937206	831946
396	0.6152810613629928	0.9699450501385953	4.858445827937206	834014
397	0.616205640721442	0.9701289833968484	4.858445827937206	835994
398	0.6171279980759704	0.9704676570544805	4.858445827937206	838027
399	0.6180481387666295	0.9707136574122107	4.858445827937206	840037
400	0.6189660681206373	0.9710551891041966	4.858445827937206	842106
401	0.6198817914524092	0.9713833615633327	4.858445827937206	844122
402	0.6207953140635885	0.9715584925009046	4.858445827937206	846157
403	0.6217066412430774	0.9717325516548231	4.858445827937206	848175
404	0.6226157782670674	0.9719343779058744	4.858445827937206	850208
405	0.6235227303990702	0.9721347631412701	4.858445827937206	852296
406	0.6244275028899477	0.9723337176496921	4.858445827937206	854313
407	0.6253301009779426	0.9725030325039808	4.858445827937206	856366
408	0.6262305298887088	0.9726713111684585	4.858445827937206	858431
409	0.6271287948353417	0.9728385599845021	4.858445827937206	860451
410	0.6280249010184079	0.9730324894663763	4.858445827937206	862623
411	0.6289188536259762	0.9732571251226331	4.858445827937206	864618
412	0.629810657833647	0.9739702684526962	4.858445827937206	866745
413	0.6307003188045821	0.9741870925388878	4.858445827937206	868786
414	0.6315878416895351	0.9743713936571917	4.858445827937206	870808
415	0.6324732316268808	0.9745848764255616	4.858445827937206	872824
416	0.6333564937426458	0.9747404144154603	4.858445827937206	874824
417	0.6342376331505366	0.9749508232916331	4.858445827937206	876838
418	0.6351166549519708	0.975348429271131	4.858445827937206	878858
419	0.6359935642361056	0.9756359111455201	4.858445827937206	880863
420	0.6368683660798682	0.975838860657011	4.858445827937206	882897
421	0.6377410655479837	0.9760401196269651	4.858445827937206	884867
422	0.6386116676930063	0.9762111903501616	4.858445827937206	886881
423	0.6394801775553467	0.9764093478649458	4.858445827937206	888895
424	0.6403466001633031	0.976605854754867	4.858445827937206	890849
425	0.641210940533089	0.9768396987723111	4.858445827937206	892824
426	0.6420732036688623	0.976981437477136	4.858445827937206	894833
427	0.642933394562755	0.977595265811079	4.858445827937206	896894
428	0.6437915181949017	0.9778129988935759	4.858445827937206	898918
429	0.6446475795334683	0.97807173943126	4.858445827937206	900883
430	0.6455015835346811	0.9782675274720524	4.858445827937206	902962
431	0.6463535351428551	0.9784005280094146	4.858445827937206	904945
432	0.6472034392904229	0.9785547456948356	4.858445827937206	906922
433	0.6480513008979631	0.9786859884856771	4.858445827937206	909016
434	0.6488971248742291	0.9788635312721354	4.858445827937206	910976
435	0.6497409161161771	0.9790395951515846	4.858445827937206	912992
436	0.6505826795089948	0.97916787071271	4.858445827937206	914969
437	0.6514224199261295	0.9793166096616287	4.858445827937206	916948
438	0.652260142229316	0.979598016332899	4.858445827937206	918954
439	0.6530958512686056	0.9797228744127834	4.858445827937206	920956
440	0.6539295518823933	0.9798469683738268	4.858445827937206	922975
441	0.6547612488974466	0.9799548860775428	4.858445827937206	925087
442	0.6555909471289323	0.9800980058294733	4.858445827937206	927051
443	0.6564186513804459	0.980204579249795	4.858445827937206	929167
444	0.6572443664440382	0.9803694723839075	4.858445827937206	931187
445	0.6580680971002433	0.9805329919808762	4.858445827937206	933161
446	0.6588898481181069	0.9806521281042072	4.858445827937206	935139
447	0.6597096242552133	0.9810104220282033	4.858445827937206	937154
448	0.6605274302577127	0.9811460053777967	4.858445827937206	939178
449	0.6613432708603496	0.9812613899210396	4.858445827937206	941207
450	0.6621571507864894	0.9814174799675116	4.858445827937206	943190
451	0.662969074748146	0.981550156971373	4.858445827937206	945209
452	0.6637790474460092	0.981843011622621	4.858445827937206	947248
453	0.664587073569472	0.9819541305580282	4.858445827937206	949290
454	0.6653931577966572	0.9820645694567712	4.858445827937206	951323
455	0.666197304794445	0.9822139691281018	4.858445827937206	953300
456	0.6669995192185001	0.9824213863977449	4.858445827937206	955264
457	0.6677998057132982	0.9827004120104791	4.858445827937206	957318
458	0.6685981689121532	0.9828733358387791	4.858445827937206	959368
459	0.6693946134372437	0.9829956182032312	4.858445827937206	961393
460	0.6701891438996405	0.983193920031765	4.858445827937206	963352
461	0.6709817648993324	0.9833139134628466	4.858445827937206	965389
462	0.6717724810252532	0.9834807048318144	4.858445827937206	967462
463	0.6725612968553089	0.98374291586623	4.858445827937206	969505
464	0.6733482169564027	0.9838589895317297	4.858445827937206	971496
465	0.6741332458844631	0.9839577708859031	4.858445827937206	973517
466	0.6749163881844692	0.9841181263622623	4.858445827937206	975663
467	0.6756976483904773	0.984231521069023	4.858445827937206	977681
468	0.6764770310256473	0.9844154100361482	4.858445827937206	979651
469	0.6772545406022688	0.984510786153021	4.858445827937206	981658
470	0.6780301816217869	0.9846213773151342	4.858445827937206	983664
471	0.678803958574829	0.9847037284808174	4.858445827937206	985723
472	0.6795758759412301	0.9847973401179229	4.858445827937206	987721
473	0.6803459381900592	0.984890378861262	4.858445827937206	989713
474	0.6811141497796445	0.9849982597761574	4.858445827937206	991743
475	0.6818805151576002	0.9851232222103419	4.858445827937206	993743
476	0.6826450387608515	0.9852471437246247	4.858445827937206	995770
477	0.6834077250156605	0.9853261439664753	4.858445827937206	997770
478	0.6841685783376521	0.9854309135698562	4.858445827937206	999778
479	0.6849276031318388	0.9855200749076467	4.858445827937206	1001743
480	0.6856848037926471	0.9859337870531425	4.858445827937206	1003721
481	0.6864401847039425	0.9860198708559945	4.858445827937206	1005752
482	0.687193750239055	0.986286159030166	4.858445827937206	1007775
483	0.6879455047608041	0.9864460872047414	4.858445827937206	1009767
484	0.6886954526215245	0.9866041503277181	4.858445827937206	1011763
485	0.6894435981630911	0.9866997951162392	4.858445827937206	1013751
486	0.6901899457169443	0.9867811910270953	4.858445827937206	1015808
487	0.6909344996041143	0.9868620888031961	4.858445827937206	1017811
488	0.6916772641352477	0.9869424914930762	4.858445827937206	1019892
489	0.6924182436106306	0.9870947656447605	4.858445827937206	1021869
490	0.6931574423202151	0.9873405796324793	4.858445827937206	1023877
491	0.6938948645436429	0.9876781641756132	4.858445827937206	1025894
492	0.6946305145502709	0.98775357256662	4.858445827937206	1027858
493	0.6953643965991958	0.9878285194658885	4.858445827937206	1029838
494	0.6960965149392779	0.9879665181113999	4.858445827937206	1031837
495	0.6968268738091672	0.9881302389534217	4.858445827937206	1033869
496	0.6975554774373266	0.9882455913445449	4.858445827937206	1035874
497	0.6982823300420571	0.9884632655789052	4.858445827937206	1037839
498	0.6990074358315221	0.9885978047558276	4.858445827937206	1039917
499	0.6997307990037714	0.9886927834750626	4.858445827937206	1041908
