0	0.00240325927734375	0.008329862557267753	8.579843630715974	3191
1	0.004800742899533361	0.030366976722661865	5.549029137853223	5497
2	0.0071924647469656655	0.037290042278280366	5.549029137853223	8102
3	0.00957843866667929	0.04318173000668968	5.549029137853223	10701
4	0.011958678472434925	0.049037361201134	5.549029137853223	13014
5	0.01433319794479504	0.055827122411097996	5.233404492437243	15337
6	0.01670201083120393	0.06683788483195974	5.233404492437243	17608
7	0.019065130846067313	0.07254874274763246	5.233404492437243	19856
8	0.021422571670831503	0.08027428424910987	5.233404492437243	22130
9	0.023774346954062775	0.08921233785213112	5.233404492437243	24388
10	0.026120470311526423	0.09478626637465537	5.233404492437243	26692
11	0.02846095532626547	0.10032608301746782	5.233404492437243	28968
12	0.030795815548679273	0.10674964879588777	5.233404492437243	31220
13	0.03312506449660224	0.11716656251255375	5.233404492437243	33531
14	0.03544871565538188	0.12452044370778437	5.233404492437243	35739
15	0.03776678247795695	0.13181306808339632	5.233404492437243	37934
16	0.04007927838493508	0.1390449459002776	5.233404492437243	40164
17	0.042386216764671025	0.14621658316891328	5.233404492437243	42390
18	0.04468761097334362	0.15231249618252252	5.233404492437243	44645
19	0.04698347433503336	0.15750025810781365	5.233404492437243	46897
20	0.049273820141799596	0.16265627145397354	5.233404492437243	49207
21	0.05155866165375744	0.17242121289474344	5.233404492437243	51449
22	0.0538380120991544	0.1774859115043005	5.233404492437243	53763
23	0.056111884674447055	0.18251961466979194	5.233404492437243	56092
24	0.05838029254437771	0.1936417967831281	5.233404492437243	58409
25	0.06064324884205019	0.20035864978785	5.233404492437243	60703
26	0.06290076666900601	0.2052523741046971	5.233404492437243	62967
27	0.06515285909530044	0.21011614932288525	5.233404492437243	65266
28	0.06739953915957797	0.21495015872787393	5.233404492437243	67528
29	0.06964081986914772	0.21975458448343432	5.233404492437243	69849
30	0.07187671420005914	0.22625392155562563	5.233404492437243	72155
31	0.07410723509717665	0.2352771994383588	5.233404492437243	74393
32	0.07633239547425485	0.24073723014386228	5.233404492437243	76740
33	0.07855220821401321	0.2461582768733641	5.233404492437243	79110
34	0.08076668616821081	0.25077171209721794	5.233404492437243	81415
35	0.08297584215772047	0.25950906822436404	5.233404492437243	83746
36	0.0851796889726033	0.2681445309855959	5.233404492437243	86030
37	0.08737823937218236	0.27262341255441813	5.233404492437243	88308
38	0.08957150608511699	0.28110593835553277	5.233404492437243	90590
39	0.09175950180947601	0.2870942270822672	5.233404492437243	92879
40	0.09394223921281164	0.29517705897475843	5.233404492437243	95206
41	0.0961197309322328	0.29949050420198664	5.233404492437243	97520
42	0.09829198957447793	0.30377755157998876	5.233404492437243	99756
43	0.10045902771598825	0.3080383626609363	5.233404492437243	102003
44	0.10262085790298059	0.3129788872328818	5.233404492437243	104299
45	0.10477749265152003	0.31718338706876925	5.233404492437243	106642
46	0.10692894444759216	0.32144921347192146	5.233404492437243	108870
47	0.10907522574717565	0.3256018757665454	5.233404492437243	111108
48	0.11121634897631416	0.3323430481870381	5.034044860061201	113330
49	0.11335232653118832	0.33790453883104443	5.034044860061201	115547
50	0.11548317077818748	0.3434197030223727	5.034044860061201	117762
51	0.11760889405398145	0.3469356324998515	5.034044860061201	119996
52	0.11972950866559184	0.35159843514755884	5.034044860061201	122221
53	0.12184502689046317	0.35699953106469706	5.034044860061201	124444
54	0.1239554609765342	0.360934629005465	5.034044860061201	126681
55	0.1260608231423087	0.3649271240345854	5.034044860061201	129001
56	0.12816112557692616	0.3688137059068928	5.034044860061201	131266
57	0.13025638044023236	0.3733203016878872	5.034044860061201	133509
58	0.1323465998628499	0.37715551816048554	5.034044860061201	135754
59	0.13443179594624832	0.38441901066007167	4.877112537272065	138000
60	0.13651198076281423	0.388814186403559	4.877112537272065	140263
61	0.13858716635592117	0.39255458186624403	4.877112537272065	142566
62	0.14065736473999924	0.39761451871034026	4.877112537272065	145151
63	0.14272258790060488	0.4013010570279507	4.877112537272065	147388
64	0.14478284779449002	0.40557569694921247	4.877112537272065	149653
65	0.14683815634967146	0.41052716969432523	4.877112537272065	151902
66	0.1488885254654998	0.41413468389181163	4.877112537272065	154141
67	0.15093396701272854	0.41831769322917	4.877112537272065	156378
68	0.15297449283358266	0.4231630268965655	4.877112537272065	158621
69	0.15501011474182713	0.426693210923922	4.877112537272065	160868
70	0.1570408445228355	0.43078655385776676	4.877112537272065	163106
71	0.1590666939336579	0.4374246115387257	4.877112537272065	165364
72	0.16108767470308916	0.4421107872027096	4.877112537272065	167644
73	0.16310379853173695	0.44609405045823847	4.877112537272065	169890
74	0.16511507709208928	0.4494838989369341	4.877112537272065	172144
75	0.1671215220285821	0.45285300188524136	4.877112537272065	174410
76	0.1691231449576669	0.45817027106031194	4.877112537272065	176662
77	0.17111995746787756	0.46148621428835956	4.877112537272065	178906
78	0.17311197111989796	0.46533113927707836	4.877112537272065	181147
79	0.1750991974466285	0.4715663446499404	4.877112537272065	183410
80	0.1770816479532532	0.4813521530823489	4.877112537272065	185671
81	0.179059334117306	0.4845262255332895	4.877112537272065	187990
82	0.18103226738873734	0.4876808729813429	4.877112537272065	190239
83	0.18300045918998054	0.4908162143055652	4.877112537272065	192496
84	0.18496392091601777	0.4957645504153265	4.877112537272065	194738
85	0.18692266393444623	0.5026248966681792	4.877112537272065	196970
86	0.18887669958554376	0.5093919048767754	4.877112537272065	199205
87	0.19082603918233454	0.5128947888783693	4.877112537272065	201442
88	0.1927706940106546	0.5177638122298558	4.877112537272065	203697
89	0.19471067532921726	0.5212069217992268	4.877112537272065	205973
90	0.19664599436967822	0.5241370870900881	4.877112537272065	208234
91	0.19857666233670057	0.5275346922277802	4.877112537272065	210466
92	0.2005026904080197	0.5330444917353279	4.877112537272065	212762
93	0.20242408973450798	0.5359022122935184	4.877112537272065	215024
94	0.20434087144023938	0.5392158158232845	4.877112537272065	217257
95	0.20625304662255384	0.5425057606142172	4.877112537272065	219501
96	0.20816062635212151	0.5453055791622521	4.877112537272065	221830
97	0.21006362167300685	0.548088263103494	4.877112537272065	224053
98	0.21196204360273252	0.5518526257598582	4.877112537272065	226361
99	0.21385590313234326	0.5545952424370326	4.877112537272065	228578
100	0.2157452112264695	0.5590474349324558	4.877112537272065	230795
101	0.21762997882339075	0.5627205091937431	4.877112537272065	233026
102	0.21951021683509908	0.5663629872512712	4.877112537272065	235250
103	0.22138593614736213	0.5699751239672124	4.877112537272065	237479
104	0.22325714761978632	0.5730454509216917	4.877112537272065	239726
105	0.22512386208587953	0.5756583696488919	4.877112537272065	241980
106	0.2269860903531139	0.5799000185986739	4.877112537272065	244237
107	0.22884384320298856	0.5824709880638539	4.877112537272065	246551
108	0.23069713139109171	0.585026223455519	4.877112537272065	248833
109	0.23254596564716323	0.5879890873327926	4.877112537272065	251076
110	0.23439035667515662	0.5905105525141405	4.877112537272065	253318
111	0.23623031515330084	0.5930165865831918	4.877112537272065	255582
112	0.23806585173416261	0.5985537758813797	4.877112537272065	257816
113	0.23989697704470747	0.6032353645008388	4.877112537272065	260079
114	0.2417237016863618	0.6056635240054618	4.877112537272065	262395
115	0.24354603623507398	0.608076823419108	4.877112537272065	264674
116	0.24536399124137553	0.6113414896130346	4.877112537272065	266929
117	0.2471775772304423	0.613720040450514	4.877112537272065	269220
118	0.24898680470215562	0.6169376994221881	4.877112537272065	271472
119	0.2507916841311627	0.6192820020207315	4.877112537272065	273711
120	0.25259222596693753	0.625941792072847	4.877112537272065	275964
121	0.25438844063384136	0.6303039869174785	4.877112537272065	278195
122	0.2561803385311828	0.6322836764026588	4.877112537272065	280435
123	0.25796793003327845	0.6349091276331985	4.877112537272065	282710
124	0.25975122548951257	0.6375158334512514	4.877112537272065	284987
125	0.2615302352243972	0.6405352767377883	4.877112537272065	287264
126	0.26330496953763205	0.6435295684767488	4.877112537272065	289489
127	0.2650754387041637	0.6464989181770673	4.877112537272065	291723
128	0.2668416529742458	0.6486623091018734	4.877112537272065	293953
129	0.26860362257349746	0.6508124602926753	4.877112537272065	296192
130	0.2703613577029633	0.6542059252072265	4.877112537272065	298450
131	0.2721148685391722	0.6563221500272487	4.877112537272065	300696
132	0.273864165234196	0.6609980391425243	4.877112537272065	302974
133	0.27560925791570867	0.6634184732058847	4.877112537272065	305219
134	0.27735015668704466	0.6679978137064848	4.877112537272065	307462
135	0.27908687162725754	0.6700296335615736	4.877112537272065	309786
136	0.2808194127911783	0.6733279629220577	4.877112537272065	312057
137	0.2825477902094734	0.6760490960922196	4.877112537272065	314299
138	0.28427201388870327	0.6783620673820949	4.877112537272065	316545
139	0.2859920938113798	0.6806585243294471	4.877112537272065	318821
140	0.28770803993602434	0.6850033063113594	4.877112537272065	321129
141	0.2894198621972255	0.6869310542688924	4.877112537272065	323403
142	0.29112757050569615	0.6899735124392629	4.877112537272065	325687
143	0.29283117474833154	0.6916336768874372	4.877112537272065	328036
144	0.29453068478826594	0.695229785611782	4.877112537272065	330293
145	0.29622611046492986	0.6977684796091848	4.877112537272065	332591
146	0.29791746159410726	0.7018804730838898	4.877112537272065	334896
147	0.2996047479679923	0.7037049344850033	4.877112537272065	337243
148	0.30128797935524576	0.7093486500186222	4.877112537272065	339481
149	0.30296716550105185	0.7114238664164187	4.877112537272065	341726
150	0.30464231612717463	0.7153500723155151	4.877112537272065	343996
151	0.3063134409320143	0.7181163495524877	4.877112537272065	346299
152	0.3079805495906631	0.7198414490290851	4.877112537272065	348600
153	0.30964365175496167	0.7221751312529161	4.877112537272065	350866
154	0.3113027570535547	0.723875391395356	4.877112537272065	353096
155	0.31295787509194684	0.7276321887913375	4.877112537272065	355336
156	0.31460901545255804	0.7313378732975777	4.877112537272065	357564
157	0.3162561876947795	0.7344709593232619	4.877112537272065	359794
158	0.31789940135502837	0.7366827797370623	4.877112537272065	362016
159	0.3195386659468036	0.7382942545357374	4.877112537272065	364294
160	0.3211739909607406	0.7457715615490019	4.877112537272065	366565
161	0.32280538586466645	0.747327413920758	4.877112537272065	368899
162	0.32443286010365446	0.7494321418347875	4.877112537272065	371176
163	0.326056423100079	0.7522730472561617	4.877112537272065	373469
164	0.3276760842536699	0.754041788514522	4.877112537272065	375772
165	0.3292918529415674	0.7555470279323627	4.877112537272065	378048
166	0.3309037385183756	0.7575832875914017	4.877112537272065	380318
167	0.3325117503162174	0.7604103046457293	4.877112537272065	382571
168	0.3341158976447879	0.7618765693879292	4.877112537272065	385069
169	0.3357161897914087	0.7633338607379678	4.877112537272065	387916
170	0.33731263602108175	0.7647822336120991	4.877112537272065	390410
171	0.33890524557654256	0.7662217425904949	4.877112537272065	392626
172	0.34049402767831405	0.7678908918074366	4.877112537272065	395005
173	0.34207899152475973	0.7701465682718931	4.877112537272065	397225
174	0.34366014629213726	0.7715532480638525	4.877112537272065	399453
175	0.3452375011346511	0.7734561781091348	4.877112537272065	401694
176	0.3468110651845061	0.7750736743087483	4.877112537272065	403966
177	0.34838084755195975	0.7776967218386754	4.877112537272065	406222
178	0.34994685732537534	0.7807212562354282	4.877112537272065	408545
179	0.35150910357127463	0.7820632200048652	4.877112537272065	410835
180	0.3530675953343899	0.7833969710915425	4.877112537272065	413072
181	0.3546223416377169	0.7847225597562493	4.877112537272065	415472
182	0.35617335148256646	0.7865157912451601	4.877112537272065	417716
183	0.3577206338486171	0.7880400433455099	4.877112537272065	419952
184	0.3592641976939669	0.7893372168768722	4.877112537272065	422199
185	0.36080405195518517	0.7949548910934889	4.877112537272065	424469
186	0.36234020554736446	0.7970044881837663	4.877112537272065	426760
187	0.3638726673641719	0.7986954128969379	4.877112537272065	429001
188	0.36540144627790083	0.8006517256967732	4.877112537272065	431301
189	0.36692655113952244	0.8018717170056524	4.877112537272065	433606
190	0.36844799077873636	0.8036046174400053	4.877112537272065	436025
191	0.3699657740040224	0.8058313224576923	4.877112537272065	438321
192	0.3714799096026914	0.8080327813867434	4.877112537272065	440619
193	0.3729904063409356	0.8096318419332929	4.877112537272065	442968
194	0.37449727296388025	0.8117902110723711	4.877112537272065	445270
195	0.3760005181956336	0.8133579727460706	4.877112537272065	447572
196	0.3775001507393376	0.8152236156673927	4.877112537272065	449876
197	0.3789961792772184	0.8163544284810968	4.877112537272065	452195
198	0.38048861247063637	0.8172149085642237	4.877112537272065	454486
199	0.38197745896013646	0.8189912457015975	4.877112537272065	456801
200	0.383462727365498	0.8199605315876484	4.877112537272065	459124
201	0.38494442628578507	0.8220601172251103	4.877112537272065	461464
202	0.3864225642993957	0.8238387749454756	4.877112537272065	463821
203	0.38789714996411195	0.8249168638543424	4.877112537272065	466104
204	0.3893681918171492	0.8263752823145311	4.877112537272065	468389
205	0.3908356983752058	0.8276149423444148	4.877112537272065	470679
206	0.3922996781345123	0.8288457513477272	4.877112537272065	472961
207	0.3937601395708803	0.8305565809885662	4.877112537272065	475298
208	0.3952170911397521	0.831968021380165	4.877112537272065	477604
209	0.39667054127624946	0.8341906666000041	4.877112537272065	479892
210	0.3981204983952221	0.8389280761257183	4.877112537272065	482206
211	0.3995669708912969	0.8405381245109672	4.877112537272065	484495
212	0.401009967138926	0.8423977382192941	4.877112537272065	486862
213	0.4024494954924358	0.8433622481469782	4.877112537272065	489130
214	0.403885564286075	0.8443208553712995	4.877112537272065	491415
215	0.4053181818340631	0.845432386123691	4.877112537272065	493717
216	0.4067473564306381	0.8463783243126339	4.877112537272065	496023
217	0.4081730963501049	0.8476579717569268	4.877112537272065	498326
218	0.40959540984688314	0.8485902895865303	4.877112537272065	500624
219	0.4110143051555549	0.8495169017251604	4.877112537272065	502849
220	0.41242979049091255	0.8504378430910698	4.877112537272065	505089
221	0.4138418740480061	0.851353148388815	4.877112537272065	507338
222	0.4152505640021906	0.8522628521105641	4.877112537272065	509596
223	0.4166558685091739	0.8531669885373964	4.877112537272065	511863
224	0.4180577957050633	0.8543900873417496	4.877112537272065	514225
225	0.419456353706413	0.8563711745888006	4.877112537272065	516506
226	0.420851550610271	0.857140294258403	4.877112537272065	518771
227	0.4222433944942261	0.8581602957273738	4.877112537272065	521041
228	0.42363189341645446	0.8590283403947853	4.877112537272065	523305
229	0.4250170554157664	0.8598910727164859	4.877112537272065	525538
230	0.42639888851165286	0.8607485252034949	4.877112537272065	527780
231	0.4277774007043319	0.8617427643285964	4.877112537272065	530011
232	0.42915259997479493	0.862894428099287	4.877112537272065	532247
233	0.43052449428485307	0.8637335003546271	4.877112537272065	534499
234	0.43189309157718303	0.8653226140531154	4.877112537272065	536736
235	0.4332583997753733	0.866444458167625	4.877112537272065	538986
236	0.4346204267839697	0.8672618045974231	4.877112537272065	541251
237	0.4359791804885218	0.8683674955212263	4.877112537272065	543500
238	0.43733466875562776	0.8701584139495089	4.877112537272065	545767
239	0.43868689943298045	0.8708537041705207	4.877112537272065	548010
240	0.44003588034941277	0.8717757935082691	4.877112537272065	550266
241	0.4413816193149427	0.8725605127041317	4.877112537272065	552511
242	0.44272412412081874	0.8734704156300259	4.877112537272065	554810
243	0.4440634025395652	0.8742447639096236	4.877112537272065	557094
244	0.4453994623250269	0.875711297275109	4.877112537272065	559427
245	0.4467323112124141	0.8764719315853192	4.877112537272065	561647
246	0.4480619569183474	0.877872476578683	4.877112537272065	563861
247	0.44938840714090234	0.8786198846897876	4.877112537272065	566133
248	0.450711669559654	0.8799960764733501	4.877112537272065	568361
249	0.4520317518357214	0.8808528903499013	4.877112537272065	570599
250	0.453348661611812	0.882428910318818	4.877112537272065	572851
251	0.45466240651226575	0.8830584931159446	4.877112537272065	575115
252	0.45597299414309944	0.8846495340259317	4.877112537272065	577360
253	0.4572804320920506	0.8856103875534125	4.877112537272065	579598
254	0.45858472792862137	0.8863104404307132	4.877112537272065	581844
255	0.45988588920412254	0.8872574588361216	4.877112537272065	584092
256	0.461183923451717	0.8883531103537492	4.877112537272065	586328
257	0.4624788381864636	0.8892831135994489	4.877112537272065	588588
258	0.4637706409053606	0.8900736191250077	4.877112537272065	590850
259	0.46505933908738883	0.8909892907691143	4.877112537272065	593086
260	0.46634494019355544	0.8916564253018875	4.877112537272065	595321
261	0.46762745166693676	0.8927394098053255	4.877112537272065	597555
262	0.46890688093272137	0.8933958337863213	4.877112537272065	599830
263	0.47018323539825324	0.8940482405188378	4.877112537272065	602086
264	0.4714565224530747	0.8949308041130166	4.877112537272065	604386
265	0.47272674946896887	0.895680985793652	4.877112537272065	606664
266	0.4739939238000027	0.8963194076266345	4.877112537272065	608957
267	0.4752580527825695	0.8969539223824661	4.877112537272065	611209
268	0.47651914373543125	0.8976896592369972	4.877112537272065	613427
269	0.477777203959761	0.898315788191339	4.877112537272065	615657
270	0.47903224073918504	0.8989380852997056	4.877112537272065	617908
271	0.4802842613398256	0.9008630741511399	4.877112537272065	620125
272	0.4815332730103422	0.9018265039455894	4.877112537272065	622347
273	0.48277928298197414	0.9025274511417892	4.877112537272065	624562
274	0.48402229846858214	0.9031239732981858	4.877112537272065	626786
275	0.48526232666669	0.9042537228807143	4.877112537272065	629071
276	0.4864993747555266	0.9053702975409975	4.877112537272065	631387
277	0.48773344989706724	0.9063162004393799	4.877112537272065	633702
278	0.48896455923607496	0.9068895358326569	4.877112537272065	636027
279	0.4901927099001423	0.9079753721494772	4.877112537272065	638426
280	0.49141790899973226	0.9085385535794288	4.877112537272065	640712
281	0.4926401636282195	0.9090982883958982	4.877112537272065	642988
282	0.49385948086193154	0.9103350463769064	4.877112537272065	645262
283	0.49507586776018964	0.9108837868388621	4.877112537272065	647567
284	0.4962893313653497	0.9114291690646016	4.877112537272065	649871
285	0.49749987870284296	0.9119712136061913	4.877112537272065	652165
286	0.4987075167812167	0.9125099408899211	4.877112537272065	654427
287	0.499912252592175	0.9130453712170744	4.877112537272065	656668
288	0.5011140931106188	0.9136662170226287	4.877112537272065	659023
289	0.5023130452946867	0.914282630062272	4.877112537272065	661283
290	0.5035091160857952	0.9149966439726238	4.877112537272065	663605
291	0.5047023124086787	0.9159879367542841	4.877112537272065	665845
292	0.5058926411714294	0.9165020820979497	4.877112537272065	668048
293	0.5070801092655379	0.917098247395043	4.877112537272065	670231
294	0.5082647235659328	0.9176055977497044	4.877112537272065	672428
295	0.5094464909310201	0.9181098431714267	4.877112537272065	674646
296	0.5106254182027237	0.9192239949650128	4.877112537272065	676846
297	0.5118015122065243	0.9200089901548573	4.877112537272065	679058
298	0.5129747797514992	0.9204985270577506	4.877112537272065	681240
299	0.5141452276303617	0.9211607634004598	4.877112537272065	683450
300	0.5153128626195008	0.9229127464360052	4.877112537272065	685730
301	0.5164776914790197	0.9241363536354337	4.877112537272065	687904
302	0.5176397209527754	0.9246006314906002	4.877112537272065	690068
303	0.5187989577684178	0.9250620680121752	4.877112537272065	692240
304	0.5199554086374283	0.9258111352207166	4.877112537272065	694405
305	0.521109080255159	0.9268205075306387	4.877112537272065	696594
306	0.5222599793008715	0.9273430004857363	4.877112537272065	698771
307	0.5234081124377751	0.9277876539859807	4.877112537272065	700983
308	0.5245534863130658	0.9287428437480709	4.877112537272065	703236
309	0.5256961075579647	0.9291789303489039	4.877112537272065	705390
310	0.5268359827877562	0.9296845844429201	4.877112537272065	707546
311	0.5279731186018268	0.9302703021901677	4.877112537272065	709722
312	0.5291075215837026	0.9308511409890835	4.877112537272065	711896
313	0.5302391983010879	0.9316575416772575	4.877112537272065	714071
314	0.5313681553059033	0.932075790621085	4.877112537272065	716252
315	0.5324943991343231	0.9324914799236105	4.877112537272065	718423
316	0.5336179363068136	0.9329046252495801	4.877112537272065	720591
317	0.534738773328171	0.9334635204994794	4.877112537272065	722771
318	0.5358569166875584	0.9338707170352798	4.877112537272065	724948
319	0.536972372858544	0.9341805689442149	4.877112537272065	727142
320	0.5380851482991382	0.9345833772159398	4.877112537272065	729423
321	0.5391952494518312	0.9353462532833924	4.877112537272065	731603
322	0.5403026827436301	0.9358848101073541	4.877112537272065	733771
323	0.5414074545860965	0.9362771885952521	4.877112537272065	735935
324	0.5425095713753831	0.9367321619616215	4.877112537272065	738117
325	0.5436090394922712	0.9372591743567766	4.877112537272065	740296
326	0.5447058653022072	0.9375531494873415	4.877112537272065	742469
327	0.5458000551553399	0.9380733231692462	4.877112537272065	744658
328	0.5468916153865568	0.9392528789184034	4.877112537272065	746839
329	0.5479805523155213	0.9398600971216347	4.877112537272065	749034
330	0.5490668722467089	0.9406783270927689	4.877112537272065	751214
331	0.5501505814694436	0.9411018768487556	4.877112537272065	753382
332	0.5512316862579348	0.9416742589979417	4.877112537272065	755547
333	0.5523101928713134	0.941986588187576	4.877112537272065	757717
334	0.5533861075536677	0.9424698319344517	4.877112537272065	759888
335	0.5544594365340798	0.9429490503273342	4.877112537272065	762062
336	0.5555301860266624	0.943298196378421	4.877112537272065	764240
337	0.556598362230593	0.9443782307331178	4.877112537272065	766425
338	0.5576639713301517	0.9447186303444376	4.877112537272065	768599
339	0.558727019494756	0.9451133328111876	4.877112537272065	770786
340	0.5597875128789963	0.9455052171488241	4.877112537272065	772977
341	0.5608454576226725	0.9459591512000626	4.877112537272065	775216
342	0.5619008598508284	0.9462898757377634	4.877112537272065	777506
343	0.5629537256737882	0.9466733596975103	4.877112537272065	779782
344	0.5640040611871913	0.9472952447156152	4.877112537272065	782029
345	0.5650518724720273	0.9479098774303019	4.877112537272065	784257
346	0.5660971655946722	0.9482286637204547	4.877112537272065	786491
347	0.5671399466069225	0.9485454990707022	4.877112537272065	788760
348	0.568180221546031	0.9491455515596736	4.877112537272065	791025
349	0.569217996434741	0.9494567756489309	4.877112537272065	793302
350	0.5702532772813219	0.9497660950781889	4.877112537272065	795579
351	0.5712860700796036	0.9504305647200118	4.877112537272065	797824
352	0.5723163808090113	0.9507339246584863	4.877112537272065	800121
353	0.5733442154346	0.9513084561493494	4.877112537272065	802354
354	0.5743695799070891	0.9520813377977725	4.877112537272065	804589
355	0.5753924801628971	0.9524804936678452	4.877112537272065	806846
356	0.5764129221241756	0.9529554908156884	4.877112537272065	809139
357	0.5774309116988436	0.9534888752735604	4.877112537272065	811430
358	0.5784464547806221	0.9538763065499156	4.877112537272065	813694
359	0.5794595572490676	0.9542605105769884	4.877112537272065	815953
360	0.580470224969607	0.9546415142373217	4.877112537272065	818194
361	0.5814784637935708	0.9549653684820721	4.877112537272065	820457
362	0.582484279558227	0.9552409758794398	4.877112537272065	822698
363	0.5834876780868156	0.955514896587366	4.877112537272065	824969
364	0.5844886651885814	0.9557871409282197	4.877112537272065	827266
365	0.5854872466588084	0.9561028155333612	4.877112537272065	829507
366	0.5864834282788529	0.956541604549271	4.877112537272065	831779
367	0.5874772158161772	0.956807565541073	4.877112537272065	834087
368	0.5884686150243825	0.957115954434693	4.877112537272065	836385
369	0.5894576316432434	0.9574731726401516	4.877112537272065	838726
370	0.5904442713987395	0.9578864557048732	4.877112537272065	840980
371	0.5914285400030896	0.9584435131690945	4.877112537272065	843212
372	0.5924104431547851	0.9590089075477463	4.877112537272065	845457
373	0.5933899865386218	0.9594186477471857	4.877112537272065	847695
374	0.5943671758257337	0.9597566848338397	4.877112537272065	849935
375	0.5953420166736256	0.9600440173631394	4.877112537272065	852191
376	0.596314514726206	0.960376845206845	4.877112537272065	854463
377	0.5972846756138193	0.9606193349130989	4.877112537272065	856723
378	0.5982525049532789	0.9609473704406866	4.877112537272065	858970
379	0.5992180083478995	0.9624469914157643	4.877112537272065	861248
380	0.6001811913875297	0.9628119380492359	4.877112537272065	863532
381	0.6011420596485841	0.9630774564305111	4.877112537272065	865721
382	0.6021006186940759	0.963508040028989	4.877112537272065	868015
383	0.6030568740736487	0.9640045292802953	4.877112537272065	870289
384	0.604010831323609	0.9643643340688305	4.877112537272065	872519
385	0.6049624959669582	0.9645824207458991	4.877112537272065	874747
386	0.6059118735134243	0.9648352980892972	4.877112537272065	877006
387	0.6068589694594942	0.9650505025141177	4.877112537272065	879266
388	0.6078037892884451	0.9653416270246207	4.877112537272065	881530
389	0.6087463384703768	0.9655537327674852	4.877112537272065	883758
390	0.6096866224622426	0.9661161208039345	4.877112537272065	885996
391	0.6106246467078815	0.9667615280267167	4.877112537272065	888235
392	0.6115604166380499	0.9669988468008461	4.877112537272065	890521
393	0.612493937670452	0.9672008105260235	4.877112537272065	892798
394	0.6134252152097724	0.9674015382535968	4.877112537272065	895004
395	0.6143542546477068	0.9676010375477463	4.877112537272065	897263
396	0.6152810613629928	0.9677993159263609	4.877112537272065	899753
397	0.616205640721442	0.9680675431989443	4.877112537272065	902048
398	0.6171279980759704	0.9682629666100805	4.877112537272065	904287
399	0.6180481387666295	0.9685713925905461	4.877112537272065	906530
400	0.6189660681206373	0.9688331885706333	4.877112537272065	908774
401	0.6198817914524092	0.9690557159325375	4.877112537272065	911003
402	0.6207953140635885	0.9693650298923955	4.877112537272065	913250
403	0.6217066412430774	0.9695324951079982	4.877112537272065	915496
404	0.6226157782670674	0.9697862852362115	4.877112537272065	917757
405	0.6235227303990702	0.9700379613275384	4.858445827937206	919996
406	0.6244275028899477	0.970221325978697	4.858445827937206	922246
407	0.6253301009779426	0.9704339422030415	4.858445827937206	924491
408	0.6262305298887088	0.9706148834912276	4.858445827937206	926727
409	0.6271287948353417	0.9707947174370012	4.858445827937206	929004
410	0.6280249010184079	0.9710379934266972	4.858445827937206	931243
411	0.6289188536259762	0.9712152379823906	4.858445827937206	933484
412	0.629810657833647	0.9714207577921194	4.858445827937206	935728
413	0.6307003188045821	0.9715956598685475	4.858445827937206	937974
414	0.6315878416895351	0.9718322641178723	4.858445827937206	940246
415	0.6324732316268808	0.9720333784336845	4.858445827937206	942481
416	0.6333564937426458	0.9722045313336475	4.858445827937206	945072
417	0.6342376331505366	0.9723746367951455	4.858445827937206	947363
418	0.6351166549519708	0.9725225681742397	4.858445827937206	949627
419	0.6359935642361056	0.9730459478280638	4.858445827937206	951938
420	0.6368683660798682	0.9732109039055806	4.858445827937206	954177
421	0.6377410655479837	0.9733748504685602	4.858445827937206	956410
422	0.6386116676930063	0.9735377936951294	4.858445827937206	958632
423	0.6394801775553467	0.9736997397256058	4.858445827937206	960857
424	0.6403466001633031	0.9739188172789117	4.858445827937206	963103
425	0.641210940533089	0.9740784314835305	4.858445827937206	965319
426	0.6420732036688623	0.9742370688653345	4.858445827937206	967544
427	0.642933394562755	0.9747277913631376	4.858445827937206	969780
428	0.6437915181949017	0.974908231955535	4.858445827937206	972005
429	0.6446475795334683	0.9751590451304901	4.858445827937206	974261
430	0.6455015835346811	0.9754073512183152	4.858445827937206	976538
431	0.6463535351428551	0.9755578557455344	4.858445827937206	978782
432	0.6472034392904229	0.9757074392002448	4.858445827937206	981024
433	0.6480513008979631	0.9759097928928708	4.858445827937206	983291
434	0.6488971248742291	0.9761104610070493	4.858445827937206	985525
435	0.6497409161161771	0.9762566625733604	4.858445827937206	987758
436	0.6505826795089948	0.9764261872054302	4.858445827937206	989996
437	0.6514224199261295	0.9766225538259596	4.858445827937206	992221
438	0.652260142229316	0.9767894660375909	4.858445827937206	994468
439	0.6530958512686056	0.9769551865156946	4.858445827937206	996753
440	0.6539295518823933	0.9771855386704731	4.858445827937206	998999
441	0.6547612488974466	0.9773251608700435	4.858445827937206	1001256
442	0.6555909471289323	0.9775895904808884	4.858445827937206	1003500
443	0.6564186513804459	0.9777267399241797	4.858445827937206	1005850
444	0.6572443664440382	0.9779122731193135	4.858445827937206	1008074
445	0.6580680971002433	0.9781330583942558	4.858445827937206	1010315
446	0.6588898481181069	0.9783516367360042	4.858445827937206	1012566
447	0.6597096242552133	0.9784841225331642	4.858445827937206	1014793
448	0.6605274302577127	0.9786377433635337	4.858445827937206	1017026
449	0.6613432708603496	0.9793213355759006	4.858445827937206	1019279
450	0.6621571507864894	0.979447886914079	4.858445827937206	1021532
451	0.662969074748146	0.9795736637708468	4.858445827937206	1023791
452	0.6637790474460092	0.9796986708859518	4.858445827937206	1026031
453	0.664587073569472	0.9798677781672016	4.858445827937206	1028252
454	0.6653931577966572	0.9800690165362091	4.858445827937206	1030489
455	0.666197304794445	0.9802627092812412	4.858445827937206	1032720
456	0.6669995192185001	0.9805312438488433	4.858445827937206	1034956
457	0.6677998057132982	0.9806934159117434	4.858445827937206	1037196
458	0.6685981689121532	0.9808312626476624	4.858445827937206	1039433
459	0.6693946134372437	0.981022870184712	4.858445827937206	1041664
460	0.6701891438996405	0.9811390083029027	4.858445827937206	1043909
461	0.6709817648993324	0.981240007246958	4.858445827937206	1046160
462	0.6717724810252532	0.9813548165082538	4.858445827937206	1048401
463	0.6725612968553089	0.9814879409218321	4.858445827937206	1050647
464	0.6733482169564027	0.9816201148427806	4.858445827937206	1052899
465	0.6741332458844631	0.9818038371433941	4.858445827937206	1055139
466	0.6749163881844692	0.9822890681529036	4.858445827937206	1057383
467	0.6756976483904773	0.9823974572673875	4.858445827937206	1059698
468	0.6764770310256473	0.9825440840290085	4.858445827937206	1061952
469	0.6772545406022688	0.9826509124720817	4.858445827937206	1064212
470	0.6780301816217869	0.9827747829131688	4.858445827937206	1066495
471	0.678803958574829	0.9828977689338994	4.858445827937206	1068745
472	0.6795758759412301	0.9830972118617839	4.858445827937206	1070952
473	0.6803459381900592	0.9832380097638099	4.858445827937206	1073156
474	0.6811141497796445	0.9833576883993989	4.858445827937206	1075336
475	0.6818805151576002	0.983496316567667	4.858445827937206	1077532
476	0.6826450387608515	0.9835973174437584	4.858445827937206	1079775
477	0.6834077250156605	0.983697700204687	4.858445827937206	1082023
478	0.6841685783376521	0.9838606553046819	4.858445827937206	1084239
479	0.6849276031318388	0.9839758883244616	4.858445827937206	1086463
480	0.6856848037926471	0.9842726311332679	4.858445827937206	1088692
481	0.6864401847039425	0.9843688810426088	4.858445827937206	1090945
482	0.687193750239055	0.9844645419122237	4.858445827937206	1093178
483	0.6879455047608041	0.9847604553996099	4.858445827937206	1095362
484	0.6886954526215245	0.9848537198737005	4.858445827937206	1097635
485	0.6894435981630911	0.9850303528780888	4.858445827937206	1099788
486	0.6901899457169443	0.9851219656068648	4.858445827937206	1101958
487	0.6909344996041143	0.9852281930196796	4.858445827937206	1104122
488	0.6916772641352477	0.9853336619812811	4.858445827937206	1106368
489	0.6924182436106306	0.9854234184889733	4.858445827937206	1108553
490	0.6931574423202151	0.9855126256959019	4.858445827937206	1110745
491	0.6938948645436429	0.9856012869637321	4.858445827937206	1112959
492	0.6946305145502709	0.985689405633556	4.858445827937206	1115150
493	0.6953643965991958	0.9858086109177413	4.858445827937206	1117377
494	0.6960965149392779	0.9859268232382932	4.858445827937206	1119601
495	0.6968268738091672	0.9860440508664623	4.858445827937206	1121845
496	0.6975554774373266	0.9861436946991525	4.858445827937206	1124084
497	0.6982823300420571	0.9863636360531343	4.858445827937206	1126347
498	0.6990074358315221	0.9865226607055758	4.858445827937206	1128591
499	0.6997307990037714	0.98677224106288	4.858445827937206	1130801
