0	0.00240325927734375	0.0061198990216660976	7.297244230181901	2266
1	0.004800742899533361	0.012202344879296834	6.897182280746545	4542
2	0.0071924647469656655	0.01925510376633699	6.897182280746545	6801
3	0.00957843866667929	0.02742457395570519	6.897182280746545	9284
4	0.011958678472434925	0.04443755516930803	6.897182280746545	11656
5	0.01433319794479504	0.050285500840568265	6.609980639572123	13955
6	0.01670201083120393	0.059778690336539264	5.514192560409181	16213
7	0.019065130846067313	0.06761060461945012	5.514192560409181	18494
8	0.021422571670831503	0.08065861948191844	5.514192560409181	20736
9	0.023774346954062775	0.10517438962906722	5.514192560409181	22986
10	0.026120470311526423	0.11560967371502562	5.514192560409181	25233
11	0.02846095532626547	0.12102205320762804	5.514192560409181	27489
12	0.030795815548679273	0.13127252489033792	5.453521124305016	29754
13	0.03312506449660224	0.14140345754467798	5.453521124305016	32002
14	0.03544871565538188	0.15276055466710292	5.453521124305016	34247
15	0.03776678247795695	0.15981794279982175	5.453521124305016	36507
16	0.04007927838493508	0.1649597721497026	5.453521124305016	38768
17	0.042386216764671025	0.1700701340231755	5.453521124305016	41068
18	0.04468761097334362	0.17599573549382574	5.453521124305016	43325
19	0.04698347433503336	0.18103855838602578	5.416776684680671	45645
20	0.049273820141799596	0.18605051971134146	5.416776684680671	47907
21	0.05155866165375744	0.19527897186880927	5.416776684680671	50215
22	0.0538380120991544	0.2002037833015835	5.416776684680671	52441
23	0.056111884674447055	0.21419438767531673	5.416776684680671	54679
24	0.05838029254437771	0.21840230729864163	5.416776684680671	56909
25	0.06064324884205019	0.22491290865392155	5.416776684680671	59162
26	0.06290076666900601	0.2296563633859564	5.416776684680671	61422
27	0.06515285909530044	0.23515652619869432	5.416776684680671	63679
28	0.06739953915957797	0.24280177541620007	5.416776684680671	65917
29	0.06964081986914772	0.24820808153567742	5.416776684680671	68177
30	0.07187671420005914	0.2522338608336955	5.416776684680671	70424
31	0.07410723509717665	0.2575728229744676	5.416776684680671	72661
32	0.07633239547425485	0.2615484549095124	5.416776684680671	74917
33	0.07855220821401321	0.2668209119459174	5.416776684680671	77198
34	0.08076668616821081	0.2784586752483631	5.416776684680671	79477
35	0.08297584215772047	0.2836103953037089	5.416776684680671	81715
36	0.0851796889726033	0.28799462734462145	5.416776684680671	83981
37	0.08737823937218236	0.2923520283281561	5.416776684680671	86278
38	0.08957150608511699	0.29668276245767466	5.416776684680671	88531
39	0.09175950180947601	0.3009869929316309	5.416776684680671	90794
40	0.09394223921281164	0.30526488194972046	5.416776684680671	93037
41	0.0961197309322328	0.3102252088472056	5.416776684680671	95271
42	0.09829198957447793	0.3171200838941307	5.416776684680671	97524
43	0.10045902771598825	0.33012732039138537	5.416776684680671	99753
44	0.10262085790298059	0.334226873547963	5.416776684680671	101975
45	0.10477749265152003	0.3383013378531884	5.416776684680671	104230
46	0.10692894444759216	0.3509051218940801	5.416776684680671	106531
47	0.10907522574717565	0.35487751700356895	5.416776684680671	108861
48	0.11121634897631416	0.36025129861953253	5.416776684680671	111101
49	0.11335232653118832	0.364166496071223	5.416776684680671	113360
50	0.11548317077818748	0.3675713283050297	5.416776684680671	115623
51	0.11760889405398145	0.3714417279142094	5.416776684680671	117874
52	0.11972950866559184	0.37528844106860737	5.416776684680671	120125
53	0.12184502689046317	0.3837879180608712	5.416776684680671	122373
54	0.1239554609765342	0.38892088000955194	5.416776684680671	124606
55	0.1260608231423087	0.3972348816420751	5.416776684680671	126859
56	0.12816112557692616	0.4009237433002082	5.416776684680671	129109
57	0.13025638044023236	0.40791005533169267	5.416776684680671	131367
58	0.1323465998628499	0.41596570083738393	5.416776684680671	133603
59	0.13443179594624832	0.42013563692945954	5.416776684680671	135844
60	0.13651198076281423	0.42368434827771395	5.416776684680671	138180
61	0.13858716635592117	0.4272113418708601	5.416776684680671	140419
62	0.14065736473999924	0.43389109298606865	5.416776684680671	142650
63	0.14272258790060488	0.4386067023739397	5.416776684680671	144879
64	0.14478284779449002	0.4420423726668513	5.416776684680671	147126
65	0.14683815634967146	0.4454570170044986	5.416776684680671	149395
66	0.1488885254654998	0.44941638857345556	5.416776684680671	151655
67	0.15093396701272854	0.4533474906958561	5.416776684680671	153946
68	0.15297449283358266	0.45881173901876304	5.416776684680671	156203
69	0.15501011474182713	0.46212375652767934	5.416776684680671	158470
70	0.1570408445228355	0.46596412953991706	5.416776684680671	160738
71	0.1590666939336579	0.47041257494150035	5.416776684680671	162984
72	0.16108767470308916	0.4736535965060026	5.416776684680671	165231
73	0.16310379853173695	0.4797917469840667	5.416776684680671	167475
74	0.16511507709208928	0.4829753689627615	5.416776684680671	169721
75	0.1671215220285821	0.48613950749642354	5.416776684680671	171975
76	0.1691231449576669	0.48980841087599336	5.416776684680671	174220
77	0.17111995746787756	0.49293073188313563	5.416776684680671	176478
78	0.17311197111989796	0.4960339446010009	5.416776684680671	178713
79	0.1750991974466285	0.49911816597039016	5.416776684680671	180966
80	0.1770816479532532	0.5026944032574463	5.416776684680671	183206
81	0.179059334117306	0.507665387981237	5.416776684680671	185515
82	0.18103226738873734	0.5143638180767304	5.416776684680671	187768
83	0.18300045918998054	0.5192181572546389	5.416776684680671	190017
84	0.18496392091601777	0.5221604935836911	5.416776684680671	192266
85	0.18692266393444623	0.5349028804214593	5.416776684680671	194556
86	0.18887669958554376	0.5377492278285478	5.416776684680671	196839
87	0.19082603918233454	0.5431399073873986	5.416776684680671	199114
88	0.1927706940106546	0.5469454891667621	5.416776684680671	201390
89	0.19471067532921726	0.5514741473341914	5.416776684680671	203640
90	0.19664599436967822	0.5542190802611129	5.416776684680671	205893
91	0.19857666233670057	0.5569472144757004	5.416776684680671	208148
92	0.2005026904080197	0.5629751435304526	5.107954356012027	210378
93	0.20242408973450798	0.5656496915220044	5.107954356012027	212619
94	0.20434087144023938	0.5683078715499192	5.107954356012027	214881
95	0.20625304662255384	0.5713901024902424	5.107954356012027	217164
96	0.20816062635212151	0.5740131517826887	5.107954356012027	219587
97	0.21006362167300685	0.5821271869868281	5.107954356012027	221848
98	0.21196204360273252	0.5868649739824422	5.107954356012027	224091
99	0.21385590313234326	0.5909946035636255	5.107954356012027	226321
100	0.2157452112264695	0.5934976752891328	5.107954356012027	228572
101	0.21762997882339075	0.5974481351988593	5.107954356012027	230828
102	0.21951021683509908	0.6029250313186028	5.107954356012027	233092
103	0.22138593614736213	0.606783874551658	5.107954356012027	235388
104	0.22325714761978632	0.6091903175330927	5.107954356012027	237546
105	0.22512386208587953	0.6115820333264796	5.107954356012027	239740
106	0.2269860903531139	0.6168666315125139	5.107954356012027	241915
107	0.22884384320298856	0.6205899878632183	5.107954356012027	244109
108	0.23069713139109171	0.6229119388253045	5.107954356012027	246307
109	0.23254596564716323	0.6256043031580802	4.858445827937206	248464
110	0.23439035667515662	0.6293467007941511	4.858445827937206	250607
111	0.23623031515330084	0.6316150615573384	4.858445827937206	252844
112	0.23806585173416261	0.63386954018171	4.858445827937206	254974
113	0.23989697704470747	0.6375293198716889	4.858445827937206	257106
114	0.2417237016863618	0.6417563831968003	4.858445827937206	259250
115	0.24354603623507398	0.6439487979567924	4.858445827937206	261407
116	0.24536399124137553	0.6464909615936809	4.858445827937206	263559
117	0.2471775772304423	0.6483839712596873	4.858445827937206	265715
118	0.24898680470215562	0.6531678628071744	4.858445827937206	267865
119	0.2507916841311627	0.6560569268404342	4.858445827937206	270003
120	0.25259222596693753	0.6581618237173722	4.858445827937206	272142
121	0.25438844063384136	0.6610092887426335	4.858445827937206	274280
122	0.2561803385311828	0.6630838776648114	4.858445827937206	276471
123	0.25796793003327845	0.6654894190868512	4.858445827937206	278671
124	0.25975122548951257	0.6675365900637186	4.858445827937206	280905
125	0.2615302352243972	0.6695712325609273	4.858445827937206	283033
126	0.26330496953763205	0.6715934232515082	4.858445827937206	285181
127	0.2650754387041637	0.6748761212281694	4.858445827937206	287315
128	0.2668416529742458	0.6781260058972756	4.858445827937206	289447
129	0.26860362257349746	0.6837564547737081	4.858445827937206	291593
130	0.2703613577029633	0.688059088042093	4.858445827937206	293790
131	0.2721148685391722	0.6916968829337304	4.858445827937206	295976
132	0.273864165234196	0.6935836668782409	4.858445827937206	298167
133	0.27560925791570867	0.6954589038955352	4.858445827937206	300321
134	0.27735015668704466	0.6973226646516422	4.858445827937206	302477
135	0.27908687162725754	0.6994837451682009	4.858445827937206	304645
136	0.2808194127911783	0.7013228743021408	4.858445827937206	306824
137	0.2825477902094734	0.7038108137082038	4.858445827937206	309041
138	0.28427201388870327	0.7062780289209634	4.858445827937206	311241
139	0.2859920938113798	0.7096082099989569	4.858445827937206	313457
140	0.28770803993602434	0.7134493712423571	4.858445827937206	315654
141	0.2894198621972255	0.7167910695369069	4.858445827937206	317838
142	0.29112757050569615	0.7185242795933751	4.858445827937206	320039
143	0.29283117474833154	0.7202468825793142	4.858445827937206	322258
144	0.29453068478826594	0.7219589434089251	4.858445827937206	324467
145	0.29622611046492986	0.7236605265991398	4.858445827937206	326700
146	0.29791746159410726	0.7256335578842058	4.858445827937206	329015
147	0.2996047479679923	0.7279189926373569	4.858445827937206	331194
148	0.30128797935524576	0.7316207750504542	4.858445827937206	333376
149	0.30296716550105185	0.7332632288066584	4.858445827937206	335568
150	0.30464231612717463	0.7351676979292383	4.858445827937206	337761
151	0.3063134409320143	0.7378700683585317	4.858445827937206	339959
152	0.3079805495906631	0.7394742770707339	4.858445827937206	342152
153	0.30964365175496167	0.7416444205353674	4.858445827937206	344356
154	0.3113027570535547	0.7446573135903486	4.858445827937206	346557
155	0.31295787509194684	0.7472096769697036	4.858445827937206	348770
156	0.31460901545255804	0.7497365273456833	4.858445827937206	350970
157	0.3162561876947795	0.7512681145271393	4.858445827937206	353184
158	0.31789940135502837	0.7537543974306581	4.858445827937206	355552
159	0.3195386659468036	0.7555125620232874	4.858445827937206	357752
160	0.3211739909607406	0.7572581735278513	4.858445827937206	359971
161	0.32280538586466645	0.7587437289941956	4.858445827937206	362192
162	0.32443286010365446	0.7619349495101455	4.858445827937206	364378
163	0.326056423100079	0.7643146084904688	4.858445827937206	366561
164	0.3276760842536699	0.7657569792873891	4.858445827937206	368748
165	0.3292918529415674	0.7684886763219384	4.858445827937206	370985
166	0.3309037385183756	0.7699055022452204	4.858445827937206	373130
167	0.3325117503162174	0.7734563432599546	4.858445827937206	375317
168	0.3341158976447879	0.7760982517933662	4.858445827937206	377457
169	0.3357161897914087	0.7779633225822595	4.858445827937206	379621
170	0.33731263602108175	0.7809842297580111	4.858445827937206	381853
171	0.33890524557654256	0.782808601022001	4.858445827937206	384064
172	0.34049402767831405	0.7849796104245299	4.858445827937206	386298
173	0.34207899152475973	0.7865148306749646	4.858445827937206	388490
174	0.34366014629213726	0.7894193908018359	4.858445827937206	390702
175	0.3452375011346511	0.7907081228660495	4.858445827937206	392909
176	0.3468110651845061	0.7930810466430784	4.858445827937206	395108
177	0.34838084755195975	0.7943473697432917	4.858445827937206	397273
178	0.34994685732537534	0.7963459375786338	4.858445827937206	399535
179	0.35150910357127463	0.7975922798760047	4.858445827937206	401732
180	0.3530675953343899	0.7988309946843691	4.858445827937206	404049
181	0.3546223416377169	0.8002673176829933	4.858445827937206	406251
182	0.35617335148256646	0.8016933855046177	4.858445827937206	408456
183	0.3577206338486171	0.8033452523475613	4.858445827937206	410664
184	0.3592641976939669	0.8045487595453255	4.858445827937206	412865
185	0.36080405195518517	0.8068280743028143	4.858445827937206	415080
186	0.36234020554736446	0.8094562637680822	4.858445827937206	417279
187	0.3638726673641719	0.8106223721930325	4.858445827937206	419491
188	0.36540144627790083	0.8117813441521737	4.858445827937206	421733
189	0.36692655113952244	0.8131252031812533	4.858445827937206	423988
190	0.36844799077873636	0.8142688580674784	4.858445827937206	426233
191	0.3699657740040224	0.8164348189063416	4.858445827937206	428565
192	0.3714799096026914	0.8182697061809138	4.858445827937206	430788
193	0.3729904063409356	0.8203890098989206	4.858445827937206	433023
194	0.37449727296388025	0.8214882110215207	4.858445827937206	435309
195	0.3760005181956336	0.8225806851442459	4.858445827937206	437513
196	0.3775001507393376	0.8236664734356564	4.858445827937206	439715
197	0.3789961792772184	0.8251353074761756	4.858445827937206	441912
198	0.38048861247063637	0.8271179003619333	4.858445827937206	444134
199	0.38197745896013646	0.8285579844905302	4.858445827937206	446345
200	0.383462727365498	0.830271690601412	4.858445827937206	448574
201	0.38494442628578507	0.8316855040907798	4.858445827937206	450789
202	0.3864225642993957	0.832887249762768	4.858445827937206	453001
203	0.38789714996411195	0.8348360865002284	4.858445827937206	455215
204	0.3893681918171492	0.8360153373849772	4.858445827937206	457412
205	0.3908356983752058	0.8379276949664934	4.858445827937206	459635
206	0.3922996781345123	0.8398177510018696	4.858445827937206	461851
207	0.3937601395708803	0.8411520471201381	4.858445827937206	464140
208	0.3952170911397521	0.8421241805515612	4.858445827937206	466345
209	0.39667054127624946	0.8432513953033797	4.858445827937206	468556
210	0.3981204983952221	0.84421068093591	4.858445827937206	470761
211	0.3995669708912969	0.8457246684875532	4.858445827937206	472958
212	0.401009967138926	0.8466688179379436	4.858445827937206	475172
213	0.4024494954924358	0.8481589168889839	4.858445827937206	477367
214	0.403885564286075	0.8494237322418453	4.858445827937206	479580
215	0.4053181818340631	0.8511797237025818	4.858445827937206	481869
216	0.4067473564306381	0.8520904887658984	4.858445827937206	484170
217	0.4081730963501049	0.8529956800389952	4.858445827937206	486405
218	0.40959540984688314	0.8544651109757149	4.858445827937206	488604
219	0.4110143051555549	0.8555042129381659	4.858445827937206	490816
220	0.41242979049091255	0.8565358958350197	4.858445827937206	493023
221	0.4138418740480061	0.861318032640519	4.858445827937206	495233
222	0.4152505640021906	0.8623082055496127	4.858445827937206	497458
223	0.4166558685091739	0.8631508654277611	4.858445827937206	499679
224	0.4180577957050633	0.8641279521266763	4.858445827937206	501883
225	0.419456353706413	0.8654483801915288	4.858445827937206	504158
226	0.420851550610271	0.8661688922271547	4.858445827937206	506368
227	0.4222433944942261	0.8669879250926822	4.858445827937206	508581
228	0.42363189341645446	0.868095897395117	4.858445827937206	510788
229	0.4250170554157664	0.8696341376587309	4.858445827937206	512984
230	0.42639888851165286	0.8705649345576987	4.858445827937206	515222
231	0.4277774007043319	0.8713570640880683	4.858445827937206	517440
232	0.42915259997479493	0.8721443458657	4.858445827937206	519700
233	0.43052449428485307	0.8736353739022517	4.858445827937206	521933
234	0.43189309157718303	0.8744087126538804	4.858445827937206	524114
235	0.4332583997753733	0.8756641024482607	4.858445827937206	526315
236	0.4346204267839697	0.8769069435733092	4.858445827937206	528517
237	0.4359791804885218	0.8777858134948421	4.858445827937206	530723
238	0.43733466875562776	0.8785337519752687	4.858445827937206	532914
239	0.43868689943298045	0.8792771131477207	4.858445827937206	535112
240	0.44003588034941277	0.8817408455324611	4.858445827937206	537389
241	0.4413816193149427	0.8824645796161901	4.858445827937206	539614
242	0.44272412412081874	0.8831838845204081	4.858445827937206	541929
243	0.4440634025395652	0.8840179378230529	4.858445827937206	544241
244	0.4453994623250269	0.8847425238008347	4.858445827937206	546532
245	0.4467323112124141	0.8854478879166657	4.858445827937206	548761
246	0.4480619569183474	0.8861489352753342	4.858445827937206	550967
247	0.44938840714090234	0.8879560950328687	4.858445827937206	553162
248	0.450711669559654	0.8888894053616244	4.858445827937206	555353
249	0.4520317518357214	0.8895693909810486	4.858445827937206	557535
250	0.453348661611812	0.8906425747421657	4.858445827937206	559717
251	0.45466240651226575	0.8921304308681226	4.858445827937206	561944
252	0.45597299414309944	0.8927905817387203	4.858445827937206	564177
253	0.4572804320920506	0.893446692552651	4.858445827937206	566323
254	0.45858472792862137	0.8944821960263861	4.858445827937206	568535
255	0.45988588920412254	0.8952355807159104	4.858445827937206	570738
256	0.461183923451717	0.8957264593985201	4.858445827937206	572944
257	0.4624788381864636	0.8964709601941515	4.858445827937206	575122
258	0.4637706409053606	0.8971045474635734	4.858445827937206	577287
259	0.46505933908738883	0.8978392088727702	4.858445827937206	579482
260	0.46634494019355544	0.8984644225984424	4.858445827937206	581677
261	0.46762745166693676	0.8990858100792465	4.858445827937206	583876
262	0.46890688093272137	0.8997033947314147	4.858445827937206	586071
263	0.47018323539825324	0.9003171998278744	4.858445827937206	588289
264	0.4714565224530747	0.9016734284016448	4.858445827937206	590606
265	0.47272674946896887	0.9022751770909734	4.858445827937206	592820
266	0.4739939238000027	0.9032520183028919	4.858445827937206	595030
267	0.4752580527825695	0.9038441061814283	4.858445827937206	597211
268	0.47651914373543125	0.9044325705419359	4.858445827937206	599397
269	0.477777203959761	0.9051149107296534	4.858445827937206	601566
270	0.47903224073918504	0.9056955978946497	4.858445827937206	603697
271	0.4802842613398256	0.906272731312833	4.858445827937206	605854
272	0.4815332730103422	0.9068463327327752	4.858445827937206	608136
273	0.48277928298197414	0.9074164237699485	4.858445827937206	610336
274	0.48402229846858214	0.9083418739280164	4.858445827937206	612591
275	0.48526232666669	0.9089963021501047	4.858445827937206	614798
276	0.4864993747555266	0.9119084204813014	4.858445827937206	617007
277	0.48773344989706724	0.9125373839811671	4.858445827937206	619290
278	0.48896455923607496	0.9134116458655703	4.858445827937206	621492
279	0.4901927099001423	0.9139415578493253	4.858445827937206	623688
280	0.49141790899973226	0.9149451548423361	4.858445827937206	625881
281	0.4926401636282195	0.9154656819060044	4.858445827937206	628118
282	0.49385948086193154	0.9159830233966051	4.858445827937206	630326
283	0.49507586776018964	0.9164971988095235	4.858445827937206	632524
284	0.4962893313653497	0.9170082275208354	4.858445827937206	634713
285	0.49749987870284296	0.9178147559219936	4.858445827937206	636992
286	0.4987075167812167	0.9184993477093988	4.858445827937206	639220
287	0.499912252592175	0.9189981234716172	4.858445827937206	641435
288	0.5011140931106188	0.9195764673273562	4.858445827937206	643684
289	0.5023130452946867	0.9200686512262785	4.858445827937206	645985
290	0.5035091160857952	0.9205578230094392	4.858445827937206	648175
291	0.5047023124086787	0.9210440011106829	4.858445827937206	650373
292	0.5058926411714294	0.9219647707770305	4.858445827937206	652574
293	0.5070801092655379	0.9224423385000077	4.858445827937206	654775
294	0.5082647235659328	0.9229169835567441	4.858445827937206	657067
295	0.5094464909310201	0.9233887238336623	4.858445827937206	659270
296	0.5106254182027237	0.9240268852344649	4.858445827937206	661469
297	0.5118015122065243	0.9244918330251913	4.858445827937206	663677
298	0.5129747797514992	0.9249539353823882	4.858445827937206	665908
299	0.5141452276303617	0.925489755442727	4.858445827937206	668118
300	0.5153128626195008	0.9259457506154971	4.858445827937206	670380
301	0.5164776914790197	0.9263989551438556	4.858445827937206	672595
302	0.5176397209527754	0.9271346590491232	4.858445827937206	674790
303	0.5187989577684178	0.9276549089993883	4.858445827937206	676999
304	0.5199554086374283	0.9288032437771757	4.858445827937206	679236
305	0.521109080255159	0.9293963029710351	4.858445827937206	681439
306	0.5222599793008715	0.9298283904674087	4.858445827937206	683635
307	0.5234081124377751	0.930257833631936	4.858445827937206	685853
308	0.5245534863130658	0.930755784483615	4.858445827937206	688053
309	0.5256961075579647	0.9314479382413797	4.858445827937206	690247
310	0.5268359827877562	0.931937391886351	4.858445827937206	692445
311	0.5279731186018268	0.9323539281751578	4.858445827937206	694647
312	0.5291075215837026	0.932836913158735	4.858445827937206	696847
313	0.5302391983010879	0.9332479444681869	4.858445827937206	699078
314	0.5313681553059033	0.933915187005781	4.858445827937206	701265
315	0.5324943991343231	0.9343870247852364	4.858445827937206	703468
316	0.5336179363068136	0.9347383764702086	4.858445827937206	705664
317	0.534738773328171	0.9352043367738664	4.858445827937206	707846
318	0.5358569166875584	0.9358520235366432	4.858445827937206	710039
319	0.536972372858544	0.9367247851211787	4.858445827937206	712215
320	0.5380851482991382	0.9371120230468113	4.858445827937206	714408
321	0.5391952494518312	0.9378454105331459	4.858445827937206	716606
322	0.5403026827436301	0.9382891869796278	4.858445827937206	718813
323	0.5414074545860965	0.9388032295703848	4.858445827937206	720999
324	0.5425095713753831	0.9391777476258661	4.858445827937206	723193
325	0.5436090394922712	0.9395499736686661	4.858445827937206	725403
326	0.5447058653022072	0.939919921725671	4.858445827937206	727799
327	0.5458000551553399	0.9402876057379236	4.858445827937206	730107
328	0.5468916153865568	0.9409839601899594	4.858445827937206	732281
329	0.5479805523155213	0.9420163107405725	4.858445827937206	734555
330	0.5490668722467089	0.9424993069026668	4.858445827937206	736673
331	0.5501505814694436	0.9429782797731152	4.858445827937206	738878
332	0.5512316862579348	0.9436247845375924	4.858445827937206	741060
333	0.5523101928713134	0.9440943823340305	4.858445827937206	743201
334	0.5533861075536677	0.9444365190688901	4.858445827937206	745348
335	0.5544594365340798	0.9447765619614809	4.858445827937206	747485
336	0.5555301860266624	0.9454205670698017	4.858445827937206	749691
337	0.556598362230593	0.9457545876879944	4.858445827937206	751912
338	0.5576639713301517	0.9463871872484843	4.858445827937206	754062
339	0.558727019494756	0.9470124095546243	4.858445827937206	756211
340	0.5597875128789963	0.9473366882575515	4.858445827937206	758382
341	0.5608454576226725	0.9477126980992301	4.858445827937206	760521
342	0.5619008598508284	0.9480326911069782	4.858445827937206	762717
343	0.5629537256737882	0.9484037315703068	4.858445827937206	764833
344	0.5640040611871913	0.9487194955229913	4.858445827937206	766966
345	0.5650518724720273	0.9490333270321707	4.858445827937206	769116
346	0.5660971655946722	0.949707489373015	4.858445827937206	771259
347	0.5671399466069225	0.9501264190741977	4.858445827937206	773395
348	0.568180221546031	0.9503934876934231	4.858445827937206	775554
349	0.569217996434741	0.9506970745395564	4.858445827937206	777687
350	0.5702532772813219	0.950998803464847	4.858445827937206	779830
351	0.5712860700796036	0.9514069766971265	4.858445827937206	781971
352	0.5723163808090113	0.9518117499024816	4.858445827937206	784187
353	0.5733442154346	0.9521066571271092	4.858445827937206	786327
354	0.5743695799070891	0.9526496655497043	4.858445827937206	788530
355	0.5753924801628971	0.9529032224069975	4.858445827937206	790746
356	0.5764129221241756	0.9531914499301125	4.858445827937206	792894
357	0.5774309116988436	0.9534779135298909	4.858445827937206	795027
358	0.5784464547806221	0.9537626240013651	4.858445827937206	797190
359	0.5794595572490676	0.9540455920735036	4.858445827937206	799357
360	0.580470224969607	0.9543737011322992	4.858445827937206	801539
361	0.5814784637935708	0.9552186325928123	4.858445827937206	803737
362	0.582484279558227	0.9555383662804937	4.858445827937206	805927
363	0.5834876780868156	0.9558104669891955	4.858445827937206	808058
364	0.5844886651885814	0.9561259750490096	4.858445827937206	810192
365	0.5854872466588084	0.9563609165760869	4.858445827937206	812338
366	0.5864834282788529	0.9566279833600394	4.858445827937206	814558
367	0.5874772158161772	0.9569892662974817	4.858445827937206	816686
368	0.5884686150243825	0.9572524876445889	4.858445827937206	818909
369	0.5894576316432434	0.9576797847276918	4.858445827937206	821266
370	0.5904442713987395	0.9579387801717335	4.858445827937206	823461
371	0.5914285400030896	0.9581961905898105	4.858445827937206	825605
372	0.5924104431547851	0.958859743120131	4.858445827937206	827744
373	0.5933899865386218	0.9591115173379612	4.858445827937206	830014
374	0.5943671758257337	0.9596678232245196	4.858445827937206	832155
375	0.5953420166736256	0.9599146520737095	4.858445827937206	834299
376	0.596314514726206	0.9601599703552668	4.858445827937206	836467
377	0.5972846756138193	0.9606245771149721	4.858445827937206	838624
378	0.5982525049532789	0.9611602971542241	4.858445827937206	840776
379	0.5992180083478995	0.9613979922136718	4.858445827937206	842983
380	0.6001811913875297	0.9617838515168254	4.858445827937206	845193
381	0.6011420596485841	0.9620177304865395	4.858445827937206	847328
382	0.6021006186940759	0.9622889194162483	4.858445827937206	849468
383	0.6030568740736487	0.9625581720889471	4.858445827937206	851600
384	0.604010831323609	0.9627873122949494	4.858445827937206	853736
385	0.6049624959669582	0.9631670335980622	4.858445827937206	855920
386	0.6059118735134243	0.9634738471457668	4.858445827937206	858068
387	0.6068589694594942	0.9636973835128846	4.858445827937206	860282
388	0.6078037892884451	0.9639997793186915	4.858445827937206	862397
389	0.6087463384703768	0.9644079450860532	4.858445827937206	864575
390	0.6096866224622426	0.964662068165108	4.858445827937206	866688
391	0.6106246467078815	0.9649143768353161	4.858445827937206	868793
392	0.6115604166380499	0.9651290973061962	4.858445827937206	870919
393	0.612493937670452	0.9657933049765544	4.858445827937206	873048
394	0.6134252152097724	0.9661811359858905	4.858445827937206	875182
395	0.6143542546477068	0.9663881040186844	4.858445827937206	877364
396	0.6152810613629928	0.9668454087259131	4.858445827937206	879495
397	0.616205640721442	0.9677926827623156	4.858445827937206	881640
398	0.6171279980759704	0.9680226392131112	4.858445827937206	883872
399	0.6180481387666295	0.9699412808603245	4.858445827937206	886102
400	0.6189660681206373	0.9703388829653466	4.858445827937206	888320
401	0.6198817914524092	0.9705204060064686	4.858445827937206	890470
402	0.6207953140635885	0.9707008181449087	4.858445827937206	892712
403	0.6217066412430774	0.970944876302802	4.858445827937206	894919
404	0.6226157782670674	0.9711226907258909	4.858445827937206	897110
405	0.6235227303990702	0.9712994169426659	4.858445827937206	899331
406	0.6244275028899477	0.9715043357245353	4.858445827937206	901574
407	0.6253301009779426	0.9717077914104433	4.858445827937206	903808
408	0.6262305298887088	0.9719097944467227	4.858445827937206	906022
409	0.6271287948353417	0.9722373770187726	4.858445827937206	908237
410	0.6280249010184079	0.9724072814679943	4.858445827937206	910494
411	0.6289188536259762	0.9726042902276683	4.858445827937206	912693
412	0.629810657833647	0.9727719492051018	4.858445827937206	914943
413	0.6307003188045821	0.9730894774942551	4.858445827937206	917144
414	0.6315878416895351	0.9732541671746106	4.858445827937206	919384
415	0.6324732316268808	0.9734178489707522	4.858445827937206	921831
416	0.6333564937426458	0.9737278449011225	4.858445827937206	924042
417	0.6342376331505366	0.973915424993457	4.858445827937206	926235
418	0.6351166549519708	0.9742196182879939	4.858445827937206	928428
419	0.6359935642361056	0.974403687176281	4.858445827937206	930635
420	0.6368683660798682	0.9745603340260891	4.858445827937206	932839
421	0.6377410655479837	0.9746965611896312	4.858445827937206	935023
422	0.6386116676930063	0.9748514156800516	4.858445827937206	937285
423	0.6394801775553467	0.9750053224766275	4.858445827937206	939559
424	0.6403466001633031	0.97518378152957	4.858445827937206	941783
425	0.641210940533089	0.9753356542807087	4.858445827937206	944052
426	0.6420732036688623	0.9761577991380184	4.858445827937206	946263
427	0.642933394562755	0.9763280296433696	4.858445827937206	948452
428	0.6437915181949017	0.9765964193299527	4.858445827937206	950736
429	0.6446475795334683	0.9767396468803988	4.858445827937206	952960
430	0.6455015835346811	0.9769721535338225	4.858445827937206	955188
431	0.6463535351428551	0.9772406998482969	4.858445827937206	957415
432	0.6472034392904229	0.9774681980588928	4.858445827937206	959639
433	0.6480513008979631	0.9776324240205627	4.858445827937206	961858
434	0.6488971248742291	0.9778560066209403	4.858445827937206	964078
435	0.6497409161161771	0.9779915256243565	4.858445827937206	966428
436	0.6505826795089948	0.9781486635386231	4.858445827937206	968641
437	0.6514224199261295	0.9782656755146761	4.858445827937206	970858
438	0.652260142229316	0.9783986873858305	4.858445827937206	973054
439	0.6530958512686056	0.9785308852377647	4.858445827937206	975265
440	0.6539295518823933	0.9786841721879324	4.858445827937206	977478
441	0.6547612488974466	0.9788363646873343	4.858445827937206	979703
442	0.6555909471289323	0.9791243053038331	4.858445827937206	981952
443	0.6564186513804459	0.9792520624473807	4.858445827937206	984158
444	0.6572443664440382	0.9794594554091729	4.858445827937206	986366
445	0.6580680971002433	0.9796061124777098	4.858445827937206	988662
446	0.6588898481181069	0.9798099664137926	4.858445827937206	990907
447	0.6597096242552133	0.9799541208750495	4.858445827937206	993138
448	0.6605274302577127	0.9800767996310947	4.858445827937206	995375
449	0.6613432708603496	0.9801987276055408	4.858445827937206	997621
450	0.6621571507864894	0.9803401063576879	4.858445827937206	999882
451	0.662969074748146	0.9804804756822001	4.858445827937206	1002091
452	0.6637790474460092	0.9805999331999761	4.858445827937206	1004288
453	0.664587073569472	0.980738447391444	4.858445827937206	1006513
454	0.6653931577966572	0.9809309826944866	4.858445827937206	1008730
455	0.666197304794445	0.981183218373131	4.858445827937206	1010999
456	0.6669995192185001	0.9812983751766002	4.858445827937206	1013240
457	0.6677998057132982	0.9815164699267274	4.858445827937206	1015482
458	0.6685981689121532	0.9817320212978442	4.858445827937206	1017702
459	0.6693946134372437	0.9819095526749303	4.858445827937206	1019925
460	0.6701891438996405	0.9820202643858165	4.858445827937206	1022117
461	0.6709817648993324	0.9821700331122987	4.858445827937206	1024315
462	0.6717724810252532	0.982279150709211	4.858445827937206	1026586
463	0.6725612968553089	0.9824858078437975	4.858445827937206	1028858
464	0.6733482169564027	0.9825795947953092	4.858445827937206	1031125
465	0.6741332458844631	0.9827247043763562	4.858445827937206	1033333
466	0.6749163881844692	0.98284804795194	4.858445827937206	1035555
467	0.6756976483904773	0.9829398951396788	4.858445827937206	1037776
468	0.6764770310256473	0.9830617022785637	4.858445827937206	1040077
469	0.6772545406022688	0.9831653629502178	4.858445827937206	1042363
470	0.6780301816217869	0.9834325794113254	4.858445827937206	1044610
471	0.678803958574829	0.9835339703523777	4.858445827937206	1046822
472	0.6795758759412301	0.9839730644763142	4.858445827937206	1049032
473	0.6803459381900592	0.9840874949078512	4.858445827937206	1051218
474	0.6811141497796445	0.9841848778321969	4.858445827937206	1053423
475	0.6818805151576002	0.9842977959413263	4.858445827937206	1055615
476	0.6826450387608515	0.9843938918445829	4.858445827937206	1057813
477	0.6834077250156605	0.9845758872749668	4.858445827937206	1060106
478	0.6841685783376521	0.9847300641618476	4.858445827937206	1062365
479	0.6849276031318388	0.9848235146272444	4.858445827937206	1064589
480	0.6856848037926471	0.9851704057214788	4.858445827937206	1066853
481	0.6864401847039425	0.9852762872775818	4.858445827937206	1069098
482	0.687193750239055	0.9853814128518479	4.858445827937206	1071298
483	0.6879455047608041	0.9854857878418983	4.858445827937206	1073525
484	0.6886954526215245	0.985574613354685	4.858445827937206	1075756
485	0.6894435981630911	0.9856776089159057	4.858445827937206	1077939
486	0.6901899457169443	0.9857652605030892	4.858445827937206	1080152
487	0.6909344996041143	0.9859912087490719	4.858445827937206	1082369
488	0.6916772641352477	0.9861545765770711	4.858445827937206	1084564
489	0.6924182436106306	0.9862534312692084	4.858445827937206	1086751
490	0.6931574423202151	0.9863515801504896	4.858445827937206	1088974
491	0.6938948645436429	0.9865372729375579	4.858445827937206	1091189
492	0.6946305145502709	0.9866899115663837	4.858445827937206	1093381
493	0.6953643965991958	0.9867849440297641	4.858445827937206	1095582
494	0.6960965149392779	0.9868658188378676	4.858445827937206	1097824
495	0.6968268738091672	0.9869595953440529	4.858445827937206	1099997
496	0.6975554774373266	0.9871608361566446	4.858445827937206	1102206
497	0.6982823300420571	0.9872525062739292	4.858445827937206	1104431
498	0.6990074358315221	0.987343521877376	4.858445827937206	1106794
499	0.6997307990037714	0.9874209782454564	4.858445827937206	1108946
