0	0.00240325927734375	0.00999583506872137	6.650690993839446	2238
1	0.004800742899533361	0.021541073143721667	6.26460955121253	4500
2	0.0071924647469656655	0.027529142972929854	6.26460955121253	6910
3	0.00957843866667929	0.0344724703272018	6.26460955121253	9422
4	0.011958678472434925	0.04136622314214411	6.26460955121253	11655
5	0.01433319794479504	0.047232965055272524	6.26460955121253	13917
6	0.01670201083120393	0.055169383505457636	5.975724825940175	16163
7	0.019065130846067313	0.060951651470982804	5.814818390889643	18481
8	0.021422571670831503	0.06877379514885873	5.814818390889643	20684
9	0.023774346954062775	0.07447280548887703	5.814818390889643	22896
10	0.026120470311526423	0.08526612554148483	5.814818390889643	25166
11	0.02846095532626547	0.09179721764209892	5.439957426630372	27394
12	0.030795815548679273	0.09735532696132543	5.439957426630372	29621
13	0.03312506449660224	0.10380010358800718	5.439957426630372	31859
14	0.03544871565538188	0.1092847564572762	5.439957426630372	34073
15	0.03776678247795695	0.11818819912492529	5.439957426630372	36353
16	0.04007927838493508	0.12358479830239433	5.439957426630372	38565
17	0.042386216764671025	0.12894837083783683	5.439957426630372	40847
18	0.04468761097334362	0.13620411118904185	5.439957426630372	42980
19	0.04698347433503336	0.14237151207303755	5.439957426630372	45093
20	0.049273820141799596	0.14951543950266655	5.439957426630372	47219
21	0.05155866165375744	0.15482875412468233	5.439957426630372	49354
22	0.0538380120991544	0.16000111680545503	5.439957426630372	51471
23	0.056111884674447055	0.1644992366059851	5.439957426630372	53594
24	0.05838029254437771	0.1773927669052754	5.439957426630372	55795
25	0.06064324884205019	0.18242704010630728	5.439957426630372	57930
26	0.06290076666900601	0.18743050406370132	5.439957426630372	60058
27	0.06515285909530044	0.19419909628307908	5.439957426630372	62277
28	0.06739953915957797	0.19913051644539392	5.439957426630372	64424
29	0.06964081986914772	0.20403175681428198	5.439957426630372	66565
30	0.07187671420005914	0.21486125672157064	5.439957426630372	68750
31	0.07410723509717665	0.22401739366942397	5.439957426630372	70921
32	0.07633239547425485	0.23281538240333066	5.374771957911367	73046
33	0.07855220821401321	0.23751047479399778	5.374771957911367	75170
34	0.08076668616821081	0.2429545601765598	5.374771957911367	77290
35	0.08297584215772047	0.24758760182309203	5.374771957911367	79414
36	0.0851796889726033	0.2516167037351478	5.374771957911367	81548
37	0.08737823937218236	0.2561967339377903	5.374771957911367	83711
38	0.08957150608511699	0.2601797347080407	5.374771957911367	85815
39	0.09175950180947601	0.26470736002580975	5.374771957911367	87941
40	0.09394223921281164	0.2732822013083076	5.374771957911367	90076
41	0.0961197309322328	0.2793356606893296	5.374771957911367	92211
42	0.09829198957447793	0.2837460536744266	5.374771957911367	94357
43	0.10045902771598825	0.29070673342491815	5.374771957911367	96506
44	0.10262085790298059	0.29504753659310534	5.374771957911367	98715
45	0.10477749265152003	0.2993617744842303	5.374771957911367	100831
46	0.10692894444759216	0.3043642488735855	5.374771957911367	102960
47	0.10907522574717565	0.30862146942633994	5.374771957911367	105090
48	0.11121634897631416	0.3143805575610643	5.374771957911367	107219
49	0.11335232653118832	0.32009167328317123	5.374771957911367	109336
50	0.11548317077818748	0.32802063336150156	5.107954356012027	111479
51	0.11760889405398145	0.3328184868747175	5.107954356012027	113703
52	0.11972950866559184	0.33837601717980104	5.107954356012027	115816
53	0.12184502689046317	0.343099934472502	5.107954356012027	117933
54	0.1239554609765342	0.34712009654085607	5.107954356012027	120063
55	0.1260608231423087	0.35473385634795973	5.107954356012027	122287
56	0.12816112557692616	0.3593409805960852	5.107954356012027	124427
57	0.13025638044023236	0.3632617491021568	5.107954356012027	126552
58	0.1323465998628499	0.36856569121709093	5.107954356012027	128674
59	0.13443179594624832	0.37243000542565785	5.107954356012027	130790
60	0.13651198076281423	0.3769107812541175	5.107954356012027	132911
61	0.13858716635592117	0.382101028807186	5.107954356012027	135074
62	0.14065736473999924	0.3858825081164774	5.107954356012027	137197
63	0.14272258790060488	0.39563040481304124	5.107954356012027	139314
64	0.14478284779449002	0.39994553252306886	5.107954356012027	141502
65	0.14683815634967146	0.40810953888329926	5.107954356012027	143637
66	0.1488885254654998	0.41482031508643646	5.107954356012027	145768
67	0.15093396701272854	0.42278194345260744	5.107954356012027	147990
68	0.15297449283358266	0.4258728951447158	5.107954356012027	150137
69	0.15501011474182713	0.43065529501856237	5.107954356012027	152288
70	0.1570408445228355	0.43413962712156906	5.107954356012027	154507
71	0.1590666939336579	0.4376026354639474	5.107954356012027	156636
72	0.16108767470308916	0.4410444505449592	5.107954356012027	158798
73	0.16310379853173695	0.4473818150512522	5.107954356012027	160923
74	0.16511507709208928	0.4513274437889121	5.107954356012027	163084
75	0.1671215220285821	0.45589781077109526	5.107954356012027	165275
76	0.1691231449576669	0.4604301072244805	5.107954356012027	167444
77	0.17111995746787756	0.4637322204833979	5.107954356012027	169577
78	0.17311197111989796	0.46701412514261265	5.107954356012027	171723
79	0.1750991974466285	0.4702759448767142	5.107954356012027	173842
80	0.1770816479532532	0.47645348487815187	5.107954356012027	176155
81	0.179059334117306	0.4796575366838428	5.107954356012027	178399
82	0.18103226738873734	0.48284198001602274	5.107954356012027	180534
83	0.18300045918998054	0.48600693487656943	5.107954356012027	182669
84	0.18496392091601777	0.4941655549578937	5.107954356012027	184800
85	0.18692266393444623	0.4972612106832319	5.107954356012027	186931
86	0.18887669958554376	0.5014489557004478	5.107954356012027	189085
87	0.19082603918233454	0.5045000377487072	5.107954356012027	191214
88	0.1927706940106546	0.5080378491052941	5.107954356012027	193342
89	0.19471067532921726	0.5110486077912513	5.107954356012027	195492
90	0.19664599436967822	0.514040940938072	5.107954356012027	197625
91	0.19857666233670057	0.5170149613081949	5.107954356012027	199774
92	0.2005026904080197	0.5224909821550408	5.107954356012027	201927
93	0.20242408973450798	0.5254132891261868	5.107954356012027	204054
94	0.20434087144023938	0.5293665311992715	5.107954356012027	206185
95	0.20625304662255384	0.5322467605045483	5.107954356012027	208316
96	0.20816062635212151	0.5361430807002622	5.107954356012027	210457
97	0.21006362167300685	0.5414022294451571	5.107954356012027	212590
98	0.21196204360273252	0.545858961909247	5.107954356012027	214740
99	0.21385590313234326	0.5491014754197421	5.107954356012027	216870
100	0.2157452112264695	0.5534833852796085	5.107954356012027	219010
101	0.21762997882339075	0.5572028073097659	5.107954356012027	221134
102	0.21951021683509908	0.5608912470656195	5.107954356012027	223269
103	0.22138593614736213	0.5645489626252561	5.107954356012027	225446
104	0.22325714761978632	0.5681762099170073	5.107954356012027	227576
105	0.22512386208587953	0.5708189279074685	5.107954356012027	229702
106	0.2269860903531139	0.5830812442529694	5.107954356012027	231892
107	0.22884384320298856	0.5856327449383798	5.107954356012027	234113
108	0.23069713139109171	0.588591278323719	5.107954356012027	236298
109	0.23254596564716323	0.5911090581570105	5.107954356012027	238553
110	0.23439035667515662	0.5951962645727672	5.107954356012027	240697
111	0.23623031515330084	0.5980865155545765	5.107954356012027	242830
112	0.23806585173416261	0.6002387267522968	5.107954356012027	244967
113	0.23989697704470747	0.6035686832141687	5.107954356012027	247123
114	0.2417237016863618	0.6080633693455273	5.107954356012027	249255
115	0.24354603623507398	0.6167730722489599	5.107954356012027	251424
116	0.24536399124137553	0.6191183823491797	5.107954356012027	253551
117	0.2471775772304423	0.6214493393884115	5.107954356012027	255686
118	0.24898680470215562	0.6241521465088609	5.107954356012027	257864
119	0.2507916841311627	0.6265002172303797	5.107954356012027	260077
120	0.25259222596693753	0.6301299527286268	5.107954356012027	262267
121	0.25438844063384136	0.6399931539891968	5.107954356012027	264391
122	0.2561803385311828	0.6421963595338913	5.107954356012027	266531
123	0.25796793003327845	0.649011666971341	5.107954356012027	268670
124	0.25975122548951257	0.6511596801272593	5.107954356012027	270804
125	0.2615302352243972	0.6540654720462326	5.107954356012027	272960
126	0.26330496953763205	0.6561825564254173	5.107954356012027	275132
127	0.2650754387041637	0.6586373724680752	5.107954356012027	277345
128	0.2668416529742458	0.6620495769915096	5.107954356012027	279485
129	0.26860362257349746	0.6659906897962733	5.107954356012027	281611
130	0.2703613577029633	0.6683754769221404	5.107954356012027	283745
131	0.2721148685391722	0.6722428182991417	5.107954356012027	285871
132	0.273864165234196	0.6742486591547767	5.107954356012027	288018
133	0.27560925791570867	0.6786806501866846	5.107954356012027	290157
134	0.27735015668704466	0.6806470921612495	5.107954356012027	292363
135	0.27908687162725754	0.68330725799081	5.107954356012027	294487
136	0.2808194127911783	0.6870004678101591	5.107954356012027	296607
137	0.2825477902094734	0.6889159933409897	5.107954356012027	298732
138	0.28427201388870327	0.691137096500333	5.107954356012027	300904
139	0.2859920938113798	0.6933423412447823	5.107954356012027	303031
140	0.28770803993602434	0.6982099231297857	5.107954356012027	305166
141	0.2894198621972255	0.7003646687253366	5.107954356012027	307319
142	0.29112757050569615	0.702860589852156	5.107954356012027	309465
143	0.29283117474833154	0.7053357202990351	5.107954356012027	311626
144	0.29453068478826594	0.7087720384296587	5.107954356012027	313785
145	0.29622611046492986	0.7105543241467549	5.107954356012027	315963
146	0.29791746159410726	0.7129653668444078	5.107954356012027	318105
147	0.2996047479679923	0.7145024119437119	5.107954356012027	320252
148	0.30128797935524576	0.716540831088518	5.107954356012027	322406
149	0.30296716550105185	0.7210401829760018	5.107954356012027	324526
150	0.30464231612717463	0.7227473888872911	5.107954356012027	326742
151	0.3063134409320143	0.7244441468707941	5.107954356012027	328905
152	0.3079805495906631	0.7267394892542111	5.107954356012027	331032
153	0.30964365175496167	0.7284118159865842	5.107954356012027	333169
154	0.3113027570535547	0.730350923625164	5.107954356012027	335322
155	0.31295787509194684	0.7320011487438634	5.107954356012027	337457
156	0.31460901545255804	0.7339146289694085	5.107954356012027	339582
157	0.3162561876947795	0.7355430445712583	5.107954356012027	341708
158	0.31789940135502837	0.7377459346622932	5.107954356012027	343863
159	0.3195386659468036	0.7393509030601815	5.107954356012027	345995
160	0.3211739909607406	0.7412119069057683	5.107954356012027	348199
161	0.32280538586466645	0.7427956639035145	5.107954356012027	350348
162	0.32443286010365446	0.7443697284683597	5.107954356012027	352525
163	0.326056423100079	0.7468539876669178	5.107954356012027	354673
164	0.3276760842536699	0.7484032157001337	5.107954356012027	356901
165	0.3292918529415674	0.7501995870999068	5.107954356012027	359060
166	0.3309037385183756	0.7517283404024258	5.107954356012027	361270
167	0.3325117503162174	0.7532477378891044	5.107954356012027	363388
168	0.3341158976447879	0.7553031503181831	5.107954356012027	365564
169	0.3357161897914087	0.7568006703291555	5.107954356012027	367816
170	0.33731263602108175	0.7588264873193333	5.107954356012027	370033
171	0.33890524557654256	0.7603024448636395	5.107954356012027	372174
172	0.34049402767831405	0.7620138571690102	5.107954356012027	374307
173	0.34207899152475973	0.7637130501921385	5.107954356012027	376446
174	0.34366014629213726	0.7651591024651001	5.107954356012027	378594
175	0.3452375011346511	0.7665963050441711	5.107954356012027	380728
176	0.3468110651845061	0.7680247120885846	5.107954356012027	382877
177	0.34838084755195975	0.7696809883157143	5.107954356012027	385071
178	0.34994685732537534	0.771325438925705	5.107954356012027	387225
179	0.35150910357127463	0.7732302665897974	5.107954356012027	389341
180	0.3530675953343899	0.7748493757710448	4.877112537272065	391477
181	0.3546223416377169	0.7774750390273591	4.877112537272065	393619
182	0.35617335148256646	0.7790638410334707	4.877112537272065	395775
183	0.3577206338486171	0.7806412991804323	4.877112537272065	397901
184	0.3592641976939669	0.7827730649804281	4.877112537272065	400063
185	0.36080405195518517	0.783790892143681	4.877112537272065	402191
186	0.36234020554736446	0.7851140700513262	4.877112537272065	404316
187	0.3638726673641719	0.786648330275866	4.877112537272065	406434
188	0.36540144627790083	0.789470442309254	4.877112537272065	408569
189	0.36692655113952244	0.7907588619433974	4.877112537272065	410700
190	0.36844799077873636	0.7925018118647352	4.877112537272065	412827
191	0.3699657740040224	0.7937981354057719	4.877112537272065	415039
192	0.3714799096026914	0.7952703924267338	4.877112537272065	417249
193	0.3729904063409356	0.7969757619192225	4.877112537272065	419417
194	0.37449727296388025	0.7982182497552275	4.877112537272065	421533
195	0.3760005181956336	0.7998990640013315	4.877112537272065	423642
196	0.3775001507393376	0.801565877295781	4.877112537272065	425780
197	0.3789961792772184	0.8029826735547508	4.877112537272065	428069
198	0.38048861247063637	0.8052164300904112	4.877112537272065	430307
199	0.38197745896013646	0.8064084858693376	4.877112537272065	432471
200	0.383462727365498	0.8090423840207751	4.877112537272065	434616
201	0.38494442628578507	0.8102110253479861	4.877112537272065	436747
202	0.3864225642993957	0.811372514708282	4.877112537272065	438901
203	0.38789714996411195	0.812526895870978	4.877112537272065	441032
204	0.3893681918171492	0.813674212337526	4.877112537272065	443251
205	0.3908356983752058	0.8150045565107572	4.877112537272065	445376
206	0.3922996781345123	0.8171619377759378	4.877112537272065	447497
207	0.3937601395708803	0.8182808882540662	4.877112537272065	449622
208	0.3952170911397521	0.8193929908682582	4.877112537272065	451784
209	0.39667054127624946	0.8218502290877376	4.877112537272065	454051
210	0.3981204983952221	0.8239277774365688	4.877112537272065	456278
211	0.3995669708912969	0.8250053216591773	4.877112537272065	458549
212	0.401009967138926	0.8264630032780096	4.877112537272065	460772
213	0.4024494954924358	0.8281976504755638	4.877112537272065	462997
214	0.403885564286075	0.8339243954597118	4.877112537272065	465230
215	0.4053181818340631	0.8353077824196474	4.877112537272065	467476
216	0.4067473564306381	0.8364836654511012	4.877112537272065	469695
217	0.4081730963501049	0.8374843689069333	4.877112537272065	471911
218	0.40959540984688314	0.8391088483514288	4.877112537272065	474146
219	0.4110143051555549	0.8400934859529976	4.877112537272065	476375
220	0.41242979049091255	0.841072097671872	4.877112537272065	478703
221	0.4138418740480061	0.8423959452547801	4.877112537272065	481001
222	0.4152505640021906	0.8445402181084566	4.877112537272065	483248
223	0.4166558685091739	0.8460941684480638	4.877112537272065	485466
224	0.4180577957050633	0.8475898519422518	4.877112537272065	487690
225	0.419456353706413	0.8493672297621672	4.877112537272065	489920
226	0.420851550610271	0.8506219800348688	4.877112537272065	492185
227	0.4222433944942261	0.8518662784102551	4.877112537272065	494400
228	0.42363189341645446	0.8546878731072027	4.877112537272065	496617
229	0.4250170554157664	0.855725384574278	4.877112537272065	498831
230	0.42639888851165286	0.8564979623923488	4.877112537272065	501123
231	0.4277774007043319	0.8576933146423084	4.877112537272065	503349
232	0.42915259997479493	0.8587093676108883	4.877112537272065	505652
233	0.43052449428485307	0.8597181660809718	4.877112537272065	507878
234	0.43189309157718303	0.8613541058351296	4.877112537272065	510061
235	0.4332583997753733	0.8623440211858635	4.877112537272065	512205
236	0.4346204267839697	0.8636817858001894	4.877112537272065	514357
237	0.4359791804885218	0.8667110794490741	4.877112537272065	516615
238	0.43733466875562776	0.8675267941835526	4.877112537272065	518856
239	0.43868689943298045	0.8683375168262256	4.877112537272065	521103
240	0.44003588034941277	0.8692775714451852	4.877112537272065	523405
241	0.4413816193149427	0.8716983571591632	4.877112537272065	525650
242	0.44272412412081874	0.8726144157740796	4.877112537272065	527979
243	0.4440634025395652	0.8743475529744323	4.877112537272065	530115
244	0.4453994623250269	0.8751165332620541	4.877112537272065	532249
245	0.4467323112124141	0.8758808074679658	4.877112537272065	534429
246	0.4480619569183474	0.8767670038804037	4.877112537272065	536649
247	0.44938840714090234	0.877646872954858	4.877112537272065	538835
248	0.450711669559654	0.8786660576865959	4.877112537272065	541002
249	0.4520317518357214	0.8794086091614546	4.877112537272065	543207
250	0.453348661611812	0.8810493083565368	4.877112537272065	545432
251	0.45466240651226575	0.8820401512690188	4.877112537272065	547679
252	0.45597299414309944	0.883022740596224	4.877112537272065	549945
253	0.4572804320920506	0.8838579444475034	4.877112537272065	552151
254	0.45858472792862137	0.8845687220996534	4.877112537272065	554406
255	0.45988588920412254	0.8859148594512609	4.877112537272065	556615
256	0.461183923451717	0.8866130489912918	4.877112537272065	558848
257	0.4624788381864636	0.887557546708982	4.877112537272065	561067
258	0.4637706409053606	0.8888324044560457	4.877112537272065	563316
259	0.46505933908738883	0.8895127389152562	4.877112537272065	565515
260	0.46634494019355544	0.890433082614421	4.877112537272065	567715
261	0.46762745166693676	0.8914978728708406	4.877112537272065	569918
262	0.46890688093272137	0.8921618949325071	4.877112537272065	572125
263	0.47018323539825324	0.8932398268448851	4.877112537272065	574328
264	0.4714565224530747	0.8938931883241301	4.877112537272065	576575
265	0.47272674946896887	0.8945425512970974	4.877112537272065	578848
266	0.4739939238000027	0.8957723757717667	4.877112537272065	581068
267	0.4752580527825695	0.8966405775562585	4.877112537272065	583248
268	0.47651914373543125	0.897273126784552	4.877112537272065	585376
269	0.477777203959761	0.8979018048754419	4.877112537272065	587541
270	0.47903224073918504	0.8985266355198986	4.877112537272065	589797
271	0.4802842613398256	0.8999072255128251	4.877112537272065	592031
272	0.4815332730103422	0.9005197831854851	4.877112537272065	594275
273	0.48277928298197414	0.9014865491409225	4.877112537272065	596513
274	0.48402229846858214	0.9024439198975704	4.877112537272065	598728
275	0.48526232666669	0.9030409532567469	4.877112537272065	600948
276	0.4864993747555266	0.9038486087898019	4.877112537272065	603172
277	0.48773344989706724	0.9049699078126614	4.877112537272065	605404
278	0.48896455923607496	0.9054787855598417	4.877112537272065	607644
279	0.4901927099001423	0.9065810737748873	4.877112537272065	609848
280	0.49141790899973226	0.9076705073168712	4.877112537272065	612076
281	0.4926401636282195	0.9083297290174706	4.877112537272065	614296
282	0.49385948086193154	0.9092460499269169	4.877112537272065	616576
283	0.49507586776018964	0.9098014549371816	4.877112537272065	618764
284	0.4962893313653497	0.9103534609248672	4.877112537272065	620975
285	0.49749987870284296	0.9112495529439439	4.877112537272065	623196
286	0.4987075167812167	0.911988831969817	4.877112537272065	625455
287	0.499912252592175	0.9125274514309405	4.877112537272065	627682
288	0.5011140931106188	0.9135192036822904	4.877112537272065	629902
289	0.5023130452946867	0.9145277260883279	4.877112537272065	632131
290	0.5035091160857952	0.9156906141687587	4.877112537272065	634443
291	0.5047023124086787	0.9168376806426533	4.877112537272065	636693
292	0.5058926411714294	0.9173466256395277	4.877112537272065	638923
293	0.5070801092655379	0.9178524559444138	4.877112537272065	641153
294	0.5082647235659328	0.918673589246094	4.877112537272065	643387
295	0.5094464909310201	0.9192542502379705	4.877112537272065	645609
296	0.5106254182027237	0.9200613714350919	4.877112537272065	647830
297	0.5118015122065243	0.9207272492240541	4.877112537272065	650100
298	0.5129747797514992	0.9216517127899544	4.877112537272065	652314
299	0.5141452276303617	0.9221311963962003	4.877112537272065	654541
300	0.5153128626195008	0.9226871704803591	4.877112537272065	656757
301	0.5164776914790197	0.9234599767729336	4.877112537272065	659007
302	0.5176397209527754	0.9240975446465451	4.877112537272065	661238
303	0.5187989577684178	0.9246394792358481	4.877112537272065	663502
304	0.5199554086374283	0.9252672220160576	4.877112537272065	665713
305	0.521109080255159	0.9257245790709279	4.877112537272065	667946
306	0.5222599793008715	0.9261791371468056	4.877112537272065	670194
307	0.5234081124377751	0.9266309133731594	4.877112537272065	672440
308	0.5245534863130658	0.9272420677807133	4.877112537272065	674741
309	0.5256961075579647	0.9277615508452883	4.877112537272065	676936
310	0.5268359827877562	0.928203642859597	4.877112537272065	679188
311	0.5279731186018268	0.9286430293154198	4.877112537272065	681454
312	0.5291075215837026	0.9300022097094117	4.877112537272065	683612
313	0.5302391983010879	0.9303770416916901	4.877112537272065	685743
314	0.5313681553059033	0.9311889712346442	4.877112537272065	687914
315	0.5324943991343231	0.9327617947492809	4.877112537272065	690086
316	0.5336179363068136	0.9335459137609511	4.877112537272065	692217
317	0.534738773328171	0.9339526060583111	4.877112537272065	694358
318	0.5358569166875584	0.9343568094398784	4.877112537272065	696571
319	0.536972372858544	0.9349036081950648	4.877112537272065	698731
320	0.5380851482991382	0.9354729643916094	4.877112537272065	700862
321	0.5391952494518312	0.9358678633337002	4.877112537272065	702998
322	0.5403026827436301	0.9363257592342152	4.877112537272065	705166
323	0.5414074545860965	0.9368561569082327	4.877112537272065	707282
324	0.5425095713753831	0.9374873323493832	4.877112537272065	709435
325	0.5436090394922712	0.9379336654319127	4.877112537272065	711648
326	0.5447058653022072	0.9385540702755754	4.877112537272065	713764
327	0.5458000551553399	0.9392706408846065	4.877112537272065	715900
328	0.5468916153865568	0.9396422984300433	4.877112537272065	718034
329	0.5479805523155213	0.9400732453086292	4.877112537272065	720262
330	0.5490668722467089	0.9404399909960366	4.877112537272065	722404
331	0.5501505814694436	0.9409361176849492	4.877112537272065	724527
332	0.5512316862579348	0.941297582680545	4.877112537272065	726656
333	0.5523101928713134	0.9419821589758155	4.877112537272065	728807
334	0.5533861075536677	0.9423372223043386	4.877112537272065	730931
335	0.5544594365340798	0.9426901126811449	4.877112537272065	733068
336	0.5555301860266624	0.943099298525035	4.877112537272065	735295
337	0.556598362230593	0.9435055628302053	4.877112537272065	737492
338	0.5576639713301517	0.9441643900858296	4.877112537272065	739612
339	0.558727019494756	0.9448155342247705	4.877112537272065	741751
340	0.5597875128789963	0.945351826409175	4.877112537272065	743887
341	0.5608454576226725	0.9456862677132694	4.877112537272065	746026
342	0.5619008598508284	0.9460186622703539	4.877112537272065	748158
343	0.5629537256737882	0.9463490226063138	4.877112537272065	750301
344	0.5640040611871913	0.9468853089276168	4.877112537272065	752441
345	0.5650518724720273	0.9472645415645351	4.877112537272065	754585
346	0.5660971655946722	0.9480025304872471	4.877112537272065	756747
347	0.5671399466069225	0.9483207497500474	4.877112537272065	758902
348	0.568180221546031	0.9486897335086	4.877112537272065	761054
349	0.569217996434741	0.9490560827665858	4.877112537272065	763212
350	0.5702532772813219	0.9493678543958225	4.877112537272065	765382
351	0.5712860700796036	0.9498739649724574	4.858445827937206	767545
352	0.5723163808090113	0.9501807312451824	4.858445827937206	769770
353	0.5733442154346	0.950485620139295	4.858445827937206	771937
354	0.5743695799070891	0.9510470076660604	4.858445827937206	774077
355	0.5753924801628971	0.9519794456152784	4.858445827937206	776209
356	0.5764129221241756	0.9523794502332269	4.858445827937206	778360
357	0.5774309116988436	0.9527761228676856	4.858445827937206	780512
358	0.5784464547806221	0.9531694912736192	4.858445827937206	782668
359	0.5794595572490676	0.9540615009636454	4.858445827937206	784795
360	0.580470224969607	0.9543426399389549	4.858445827937206	787060
361	0.5814784637935708	0.9546220583721243	4.858445827937206	789344
362	0.582484279558227	0.9551512471957729	4.858445827937206	791747
363	0.5834876780868156	0.9554257170341826	4.858445827937206	793904
364	0.5844886651885814	0.9556985071448965	4.858445827937206	796024
365	0.5854872466588084	0.9560148145848092	4.858445827937206	798130
366	0.5864834282788529	0.9562839994779994	4.858445827937206	800289
367	0.5874772158161772	0.9567209774090815	4.858445827937206	802400
368	0.5884686150243825	0.9569858406570942	4.858445827937206	804518
369	0.5894576316432434	0.9572490829687748	4.858445827937206	806667
370	0.5904442713987395	0.9579276689533973	4.858445827937206	808815
371	0.5914285400030896	0.9583365351443264	4.858445827937206	810966
372	0.5924104431547851	0.9585915113421358	4.858445827937206	813112
373	0.5933899865386218	0.9588449271113618	4.858445827937206	815237
374	0.5943671758257337	0.9591877432120585	4.858445827937206	817359
375	0.5953420166736256	0.959437510102447	4.858445827937206	819484
376	0.596314514726206	0.9596857484446873	4.858445827937206	821614
377	0.5972846756138193	0.9600775293150013	4.858445827937206	823727
378	0.5982525049532789	0.960321850804289	4.858445827937206	825841
379	0.5992180083478995	0.9605646770707333	4.858445827937206	827986
380	0.6001811913875297	0.9608931678906356	4.858445827937206	830130
381	0.6011420596485841	0.9611723860647966	4.858445827937206	832249
382	0.6021006186940759	0.9618914159524856	4.858445827937206	834427
383	0.6030568740736487	0.9622088552198534	4.858445827937206	836573
384	0.604010831323609	0.9624401332098211	4.858445827937206	838694
385	0.6049624959669582	0.9626699958018442	4.858445827937206	840893
386	0.6059118735134243	0.9628984516580154	4.858445827937206	843013
387	0.6068589694594942	0.9631255093874157	4.858445827937206	845136
388	0.6078037892884451	0.9634326688260878	4.858445827937206	847346
389	0.6087463384703768	0.9638591100059585	4.858445827937206	849467
390	0.6096866224622426	0.964117151702828	4.858445827937206	851590
391	0.6106246467078815	0.9644658674297198	4.858445827937206	853718
392	0.6115604166380499	0.9649493250157101	4.858445827937206	855841
393	0.612493937670452	0.9652412923208686	4.858445827937206	858026
394	0.6134252152097724	0.9660137080470715	4.858445827937206	860147
395	0.6143542546477068	0.9662968091878706	4.858445827937206	862269
396	0.6152810613629928	0.9665030693123488	4.858445827937206	864394
397	0.616205640721442	0.9670347666248512	4.858445827937206	866566
398	0.6171279980759704	0.9672365105243328	4.858445827937206	868753
399	0.6180481387666295	0.9676822722859064	4.858445827937206	870918
400	0.6189660681206373	0.967996341554265	4.858445827937206	873148
401	0.6198817914524092	0.9683073586431449	4.858445827937206	875258
402	0.6207953140635885	0.9685013144079787	4.858445827937206	877394
403	0.6217066412430774	0.968694083183117	4.858445827937206	879545
404	0.6226157782670674	0.9690070119642937	4.858445827937206	881676
405	0.6235227303990702	0.9691966859214519	4.858445827937206	883819
406	0.6244275028899477	0.9694166179550943	4.858445827937206	885935
407	0.6253301009779426	0.96960378516495	4.858445827937206	888051
408	0.6262305298887088	0.9697898069303814	4.858445827937206	890172
409	0.6271287948353417	0.9699746902613926	4.858445827937206	892301
410	0.6280249010184079	0.9704512824794657	4.858445827937206	894497
411	0.6289188536259762	0.9706321176469112	4.858445827937206	896672
412	0.629810657833647	0.9708118461213922	4.858445827937206	898793
413	0.6307003188045821	0.9710202461014857	4.858445827937206	900941
414	0.6315878416895351	0.9712271581302727	4.858445827937206	903066
415	0.6324732316268808	0.9715147667120608	4.858445827937206	905190
416	0.6333564937426458	0.9717995004059011	4.858445827937206	907315
417	0.6342376331505366	0.9722599167258048	4.858445827937206	909452
418	0.6351166549519708	0.9724579776523773	4.858445827937206	911578
419	0.6359935642361056	0.9726265320479972	4.858445827937206	913790
420	0.6368683660798682	0.9728219753843594	4.858445827937206	915984
421	0.6377410655479837	0.9730483645939858	4.858445827937206	918122
422	0.6386116676930063	0.9732133058811393	4.858445827937206	920243
423	0.6394801775553467	0.9735256871536625	4.858445827937206	922377
424	0.6403466001633031	0.9737462145409707	4.858445827937206	924507
425	0.641210940533089	0.9739068850569164	4.858445827937206	926654
426	0.6420732036688623	0.9740665722855287	4.858445827937206	928781
427	0.642933394562755	0.9742825941740292	4.858445827937206	930903
428	0.6437915181949017	0.974466213421909	4.858445827937206	933068
429	0.6446475795334683	0.9746485216499908	4.858445827937206	935218
430	0.6455015835346811	0.9748295282188014	4.858445827937206	937355
431	0.6463535351428551	0.975123061417416	4.858445827937206	939494
432	0.6472034392904229	0.9752753057695096	4.858445827937206	941617
433	0.6480513008979631	0.9754812590742201	4.858445827937206	943749
434	0.6488971248742291	0.9757671919130047	4.858445827937206	945883
435	0.6497409161161771	0.9760419403040137	4.858445827937206	948011
436	0.6505826795089948	0.9763679002998774	4.858445827937206	950363
437	0.6514224199261295	0.9764944481057328	4.858445827937206	952491
438	0.652260142229316	0.9767609509616769	4.858445827937206	954630
439	0.6530958512686056	0.9769268750340633	4.858445827937206	956770
440	0.6539295518823933	0.9771575101857428	4.858445827937206	958903
441	0.6547612488974466	0.9772973039168095	4.858445827937206	961035
442	0.6555909471289323	0.9774391366703488	4.858445827937206	963155
443	0.6564186513804459	0.9777460871918406	4.858445827937206	965425
444	0.6572443664440382	0.9778822788910636	4.858445827937206	967692
445	0.6580680971002433	0.9780972227308006	4.858445827937206	970036
446	0.6588898481181069	0.9783100777091213	4.858445827937206	972297
447	0.6597096242552133	0.9785630214093064	4.858445827937206	974618
448	0.6605274302577127	0.9788060710531918	4.858445827937206	976889
449	0.6613432708603496	0.9793712424917734	4.858445827937206	979117
450	0.6621571507864894	0.9795774441494982	4.858445827937206	981435
451	0.662969074748146	0.9797024281290677	4.858445827937206	983686
452	0.6637790474460092	0.9800890485456568	4.858445827937206	985945
453	0.664587073569472	0.9802312103933704	4.858445827937206	988114
454	0.6653931577966572	0.9803521933895435	4.858445827937206	990250
455	0.666197304794445	0.9804724359819967	4.858445827937206	992393
456	0.6669995192185001	0.9807001626760843	4.858445827937206	994524
457	0.6677998057132982	0.9808182757316412	4.858445827937206	996658
458	0.6685981689121532	0.980935665947225	4.858445827937206	998809
459	0.6693946134372437	0.9810523377465433	4.858445827937206	1001084
460	0.6701891438996405	0.9811876218228457	4.858445827937206	1003226
461	0.6709817648993324	0.9813756672523549	4.858445827937206	1005358
462	0.6717724810252532	0.9814896462881164	4.858445827937206	1007486
463	0.6725612968553089	0.9816029277836885	4.858445827937206	1009609
464	0.6733482169564027	0.9818115113689074	4.858445827937206	1012123
465	0.6741332458844631	0.9819228230826864	4.858445827937206	1014249
466	0.6749163881844692	0.9820334535800173	4.858445827937206	1016385
467	0.6756976483904773	0.9821434070298756	4.858445827937206	1018522
468	0.6764770310256473	0.9822709010000318	4.858445827937206	1020648
469	0.6772545406022688	0.9824185819579657	4.858445827937206	1022771
470	0.6780301816217869	0.9825261784610406	4.858445827937206	1024900
471	0.678803958574829	0.9826331164843817	4.858445827937206	1027025
472	0.6795758759412301	0.9827394000578183	4.858445827937206	1029203
473	0.6803459381900592	0.9829119341680276	4.858445827937206	1031325
474	0.6811141497796445	0.9830165114053948	4.858445827937206	1033483
475	0.6818805151576002	0.9831204486406294	4.858445827937206	1035737
476	0.6826450387608515	0.9833883780272861	4.858445827937206	1037967
477	0.6834077250156605	0.983526750555172	4.858445827937206	1040183
478	0.6841685783376521	0.9836639704589191	4.858445827937206	1042526
479	0.6849276031318388	0.9837806077853265	4.858445827937206	1044748
480	0.6856848037926471	0.983879868827873	4.858445827937206	1046962
481	0.6864401847039425	0.9840141473049421	4.858445827937206	1049218
482	0.687193750239055	0.9842005712430768	4.858445827937206	1051361
483	0.6879455047608041	0.9843584997271111	4.858445827937206	1053503
484	0.6886954526215245	0.9846564330656422	4.858445827937206	1055622
485	0.6894435981630911	0.9849974012197391	4.858445827937206	1057872
486	0.6901899457169443	0.9851223708055805	4.858445827937206	1060166
487	0.6909344996041143	0.9852134203939321	4.858445827937206	1062300
488	0.6916772641352477	0.9853039127679971	4.858445827937206	1064473
489	0.6924182436106306	0.9854088410995161	4.858445827937206	1066707
490	0.6931574423202151	0.9855130202551096	4.858445827937206	1068911
491	0.6938948645436429	0.9856016791082772	4.858445827937206	1071116
492	0.6946305145502709	0.9857216151423607	4.858445827937206	1073324
493	0.6953643965991958	0.9858235611281354	4.858445827937206	1075539
494	0.6960965149392779	0.9860164378474805	4.858445827937206	1077746
495	0.6968268738091672	0.9861162788338732	4.858445827937206	1079896
496	0.6975554774373266	0.9862154069673852	4.858445827937206	1082083
497	0.6982823300420571	0.9863531954858287	4.858445827937206	1084339
498	0.6990074358315221	0.9864668714917776	4.858445827937206	1086612
499	0.6997307990037714	0.9865796005922209	4.858445827937206	1088926
