0	0.00240325927734375	0.007139882191943836	6.269801368562494	2326
1	0.004800742899533361	0.01321608585556866	6.034445517207691	4496
2	0.0071924647469656655	0.02143586023411448	6.034445517207691	6665
3	0.00957843866667929	0.029587165021835227	6.034445517207691	8880
4	0.011958678472434925	0.03901780481754136	5.823014889077824	11048
5	0.01433319794479504	0.04702265442339271	5.823014889077824	13218
6	0.01670201083120393	0.0528547795482569	5.823014889077824	15428
7	0.019065130846067313	0.06390020485964742	5.739382866344442	17631
8	0.021422571670831503	0.0696290410801087	5.739382866344442	19922
9	0.023774346954062775	0.07532281740138913	5.739382866344442	22117
10	0.026120470311526423	0.0819249035507218	5.739382866344442	24293
11	0.02846095532626547	0.09263131866966379	5.522174050550047	26464
12	0.030795815548679273	0.09818432337482774	5.522174050550047	28636
13	0.03312506449660224	0.1056963240131048	5.522174050550047	30828
14	0.03544871565538188	0.11116937220484935	5.522174050550047	33007
15	0.03776678247795695	0.11751551817589823	5.522174050550047	35306
16	0.04007927838493508	0.12291623409284902	5.522174050550047	37471
17	0.042386216764671025	0.13314461620255336	5.522174050550047	39702
18	0.04468761097334362	0.13844968361778132	5.522174050550047	42013
19	0.04698347433503336	0.1548601658345855	5.522174050550047	44213
20	0.049273820141799596	0.16089436468624552	5.416776684680671	46444
21	0.05155866165375744	0.1692819262220765	5.416776684680671	48609
22	0.0538380120991544	0.17896960055184818	5.416776684680671	50765
23	0.056111884674447055	0.18399422369018903	5.416776684680671	53008
24	0.05838029254437771	0.18898809664230132	5.416776684680671	55251
25	0.06064324884205019	0.19844596140449022	5.416776684680671	57542
26	0.06290076666900601	0.20335139118110335	5.416776684680671	59848
27	0.06515285909530044	0.20998736459900336	5.416776684680671	62149
28	0.06739953915957797	0.2148221621534978	5.416776684680671	64466
29	0.06964081986914772	0.2226706703202267	5.416776684680671	66659
30	0.07187671420005914	0.2291457167981923	5.416776684680671	68884
31	0.07410723509717665	0.23813527112124544	5.416776684680671	71107
32	0.07633239547425485	0.24279780633015247	5.416776684680671	73365
33	0.07855220821401321	0.24743180729439596	5.416776684680671	75677
34	0.08076668616821081	0.25474539517297323	5.416776684680671	77891
35	0.08297584215772047	0.2609532636013533	5.416776684680671	80246
36	0.0851796889726033	0.2671094213389513	5.416776684680671	82616
37	0.08737823937218236	0.27103398563237036	5.416776684680671	84805
38	0.08957150608511699	0.27549518403052664	5.416776684680671	87090
39	0.09175950180947601	0.28153020956963093	5.416776684680671	89259
40	0.09394223921281164	0.28592717213718244	5.416776684680671	91484
41	0.0961197309322328	0.29029722573781847	5.416776684680671	93757
42	0.09829198957447793	0.2973912976171572	5.416776684680671	96000
43	0.10045902771598825	0.30169119192748406	5.416776684680671	98248
44	0.10262085790298059	0.3059647713188278	5.374771957911367	100492
45	0.10477749265152003	0.3140584766095703	5.374771957911367	102739
46	0.10692894444759216	0.3182563694674876	5.374771957911367	104992
47	0.10907522574717565	0.32393520020911615	5.374771957911367	107245
48	0.11121634897631416	0.3280726485159393	5.374771957911367	109483
49	0.11335232653118832	0.3321847760569173	5.374771957911367	111732
50	0.11548317077818748	0.33627173779258035	5.374771957911367	113958
51	0.11760889405398145	0.341010679392205	5.374771957911367	116197
52	0.11972950866559184	0.3457157855070937	5.374771957911367	118452
53	0.12184502689046317	0.3497199388312604	5.374771957911367	120686
54	0.1239554609765342	0.35730337977783455	5.374771957911367	122991
55	0.1260608231423087	0.3618921579313813	5.374771957911367	125221
56	0.12816112557692616	0.36827057867675694	5.374771957911367	127447
57	0.13025638044023236	0.3727810523221897	5.374771957911367	129702
58	0.1323465998628499	0.37661956894645354	5.374771957911367	131944
59	0.13443179594624832	0.3804345942365839	5.374771957911367	134240
60	0.13651198076281423	0.38559548891183093	5.374771957911367	136540
61	0.13858716635592117	0.3893555824781466	5.374771957911367	138784
62	0.14065736473999924	0.39371551168042085	5.374771957911367	141001
63	0.14272258790060488	0.3996074892151106	5.374771957911367	143080
64	0.14478284779449002	0.40328183075447865	5.374771957911367	145009
65	0.14683815634967146	0.4069336856946547	5.374771957911367	146964
66	0.1488885254654998	0.41286187875726543	5.374771957911367	148916
67	0.15093396701272854	0.42062825602238096	5.374771957911367	150863
68	0.15297449283358266	0.42417395259153057	5.374771957911367	152827
69	0.15501011474182713	0.42828528273307975	5.127519858546099	154791
70	0.1570408445228355	0.4317841190719537	5.127519858546099	156746
71	0.1590666939336579	0.43651727926294115	5.127519858546099	158689
72	0.16108767470308916	0.44121101288007614	5.127519858546099	160652
73	0.16310379853173695	0.44463074505566913	5.127519858546099	162617
74	0.16511507709208928	0.44859601610899924	5.127519858546099	164550
75	0.1671215220285821	0.4525329755941495	5.127519858546099	166506
76	0.1691231449576669	0.4601943217082839	5.127519858546099	168438
77	0.17111995746787756	0.46349787795075115	5.127519858546099	170381
78	0.17311197111989796	0.4673284398979106	5.127519858546099	172319
79	0.1750991974466285	0.4711316520840385	5.127519858546099	174263
80	0.1770816479532532	0.4743682729690396	5.127519858546099	176215
81	0.179059334117306	0.477585086061053	5.127519858546099	178200
82	0.18103226738873734	0.4807822125817717	5.127519858546099	180130
83	0.18300045918998054	0.4839597730110241	5.127519858546099	182139
84	0.18496392091601777	0.4871178870913143	5.127519858546099	184097
85	0.18692266393444623	0.4913901245999247	5.127519858546099	186111
86	0.18887669958554376	0.4950215391919405	4.877112537272065	188090
87	0.19082603918233454	0.49862702591157915	4.877112537272065	190093
88	0.1927706940106546	0.5052589435582514	4.877112537272065	192167
89	0.19471067532921726	0.5082867088655474	4.877112537272065	194191
90	0.19664599436967822	0.5130652636870678	4.877112537272065	196285
91	0.19857666233670057	0.5171213631149139	4.877112537272065	198339
92	0.2005026904080197	0.5200765316123703	4.877112537272065	200434
93	0.20242408973450798	0.5235031286378071	4.877112537272065	202399
94	0.20434087144023938	0.5264192413746835	4.877112537272065	204484
95	0.20625304662255384	0.5289552244934006	4.877112537272065	206583
96	0.20816062635212151	0.5318379709541845	4.877112537272065	208606
97	0.21006362167300685	0.535180592688313	4.877112537272065	210640
98	0.21196204360273252	0.5380252405243712	4.877112537272065	212665
99	0.21385590313234326	0.5413236858826788	4.877112537272065	214693
100	0.2157452112264695	0.5441307386087068	4.877112537272065	216714
101	0.21762997882339075	0.5486875325584739	4.877112537272065	218729
102	0.21951021683509908	0.551909850407762	4.877112537272065	220756
103	0.22138593614736213	0.5546521168758698	4.877112537272065	222780
104	0.22325714761978632	0.5573776009501021	4.877112537272065	224811
105	0.22512386208587953	0.5600864053370151	4.877112537272065	226831
106	0.2269860903531139	0.5643615617477342	4.877112537272065	228855
107	0.22884384320298856	0.5788828430228097	4.877112537272065	230921
108	0.23069713139109171	0.5814600374998011	4.877112537272065	232936
109	0.23254596564716323	0.5840214598068343	4.877112537272065	235027
110	0.23439035667515662	0.5862489881353513	4.877112537272065	237089
111	0.23623031515330084	0.5887811025480751	4.877112537272065	239118
112	0.23806585173416261	0.5922064994448009	4.877112537272065	241144
113	0.23989697704470747	0.5947021544898904	4.877112537272065	243162
114	0.2417237016863618	0.6024221134519877	4.877112537272065	245186
115	0.24354603623507398	0.604855249970909	4.877112537272065	247209
116	0.24536399124137553	0.6072734959400286	4.877112537272065	249267
117	0.2471775772304423	0.6111991253017275	4.877112537272065	251290
118	0.24898680470215562	0.6144377831501096	4.877112537272065	253360
119	0.2507916841311627	0.6167973849838007	4.877112537272065	255378
120	0.25259222596693753	0.6220110260044291	4.877112537272065	257443
121	0.25438844063384136	0.6292108159852972	4.877112537272065	259470
122	0.2561803385311828	0.6314800083497931	4.877112537272065	261508
123	0.25796793003327845	0.6337353134861576	4.877112537272065	263537
124	0.25975122548951257	0.6405179928660436	4.877112537272065	265611
125	0.2615302352243972	0.6427179864498093	4.877112537272065	267662
126	0.26330496953763205	0.644904516294994	4.877112537272065	269626
127	0.2650754387041637	0.6478624128689632	4.877112537272065	271578
128	0.2668416529742458	0.6507956705710126	4.877112537272065	273600
129	0.26860362257349746	0.6529327658050467	4.877112537272065	275630
130	0.2703613577029633	0.6558237881640216	4.877112537272065	277688
131	0.2721148685391722	0.6582811657698001	4.877112537272065	279736
132	0.273864165234196	0.6607209979889721	4.877112537272065	281769
133	0.27560925791570867	0.6641123749353548	4.877112537272065	283759
134	0.27735015668704466	0.6659110234898747	4.877112537272065	285750
135	0.27908687162725754	0.6704564517417132	4.877112537272065	287773
136	0.2808194127911783	0.6742995251907894	4.877112537272065	289782
137	0.2825477902094734	0.6762927792079305	4.877112537272065	291865
138	0.28427201388870327	0.6836918013974635	4.877112537272065	293919
139	0.2859920938113798	0.6863266052175596	4.877112537272065	295987
140	0.28770803993602434	0.6889394614839689	4.877112537272065	298011
141	0.2894198621972255	0.6925669896299285	4.877112537272065	300039
142	0.29112757050569615	0.6955546768055365	4.877112537272065	301988
143	0.29283117474833154	0.6974178514411051	4.877112537272065	303970
144	0.29453068478826594	0.6992696236360443	4.877112537272065	305999
145	0.29622611046492986	0.7011100631721394	4.877112537272065	308046
146	0.29791746159410726	0.7045956601030765	4.877112537272065	310147
147	0.2996047479679923	0.708040608673303	4.877112537272065	312241
148	0.30128797935524576	0.7101251643322073	4.877112537272065	314296
149	0.30296716550105185	0.7134117270948805	4.877112537272065	316311
150	0.30464231612717463	0.7151656183858537	4.877112537272065	318247
151	0.3063134409320143	0.7166908813325588	4.877112537272065	320187
152	0.3079805495906631	0.7195227925562233	4.877112537272065	322151
153	0.30964365175496167	0.7215253667748973	4.877112537272065	324171
154	0.3113027570535547	0.7232296034103304	4.877112537272065	326245
155	0.31295787509194684	0.7264572465192478	4.877112537272065	328281
156	0.31460901545255804	0.7281313005486585	4.877112537272065	330352
157	0.3162561876947795	0.7313017810087326	4.877112537272065	332378
158	0.31789940135502837	0.7329461869762606	4.877112537272065	334398
159	0.3195386659468036	0.7345805293453167	4.877112537272065	336427
160	0.3211739909607406	0.7362048697041075	4.877112537272065	338545
161	0.32280538586466645	0.7378192692639256	4.877112537272065	340574
162	0.32443286010365446	0.7400031987161211	4.877112537272065	342638
163	0.326056423100079	0.7435405701621602	4.877112537272065	344621
164	0.3276760842536699	0.7451100759759219	4.877112537272065	346589
165	0.3292918529415674	0.747233274010275	4.877112537272065	348541
166	0.3309037385183756	0.749759888514129	4.877112537272065	350495
167	0.3325117503162174	0.751291332727593	4.877112537272065	352450
168	0.3341158976447879	0.7546751241190542	4.877112537272065	354408
169	0.3357161897914087	0.7561764875869484	4.877112537272065	356458
170	0.33731263602108175	0.7574821409526398	4.877112537272065	358437
171	0.33890524557654256	0.7607817036607671	4.877112537272065	360460
172	0.34049402767831405	0.7622456954784982	4.877112537272065	362469
173	0.34207899152475973	0.7646222482933737	4.877112537272065	364503
174	0.34366014629213726	0.7665829126141286	4.877112537272065	366457
175	0.3452375011346511	0.7682494831196504	4.858445827937206	368412
176	0.3468110651845061	0.770952113054115	4.858445827937206	370365
177	0.34838084755195975	0.7732416379548652	4.858445827937206	372328
178	0.34994685732537534	0.7758860503402313	4.858445827937206	374276
179	0.35150910357127463	0.7774861975383732	4.858445827937206	376234
180	0.3530675953343899	0.7791080182560236	4.858445827937206	378262
181	0.3546223416377169	0.7804598548789925	4.858445827937206	380217
182	0.35617335148256646	0.7845254131219741	4.858445827937206	382263
183	0.3577206338486171	0.7860638762876409	4.858445827937206	384211
184	0.3592641976939669	0.788558758196823	4.858445827937206	386161
185	0.36080405195518517	0.7910245452732447	4.858445827937206	388112
186	0.36234020554736446	0.7923034539541793	4.858445827937206	390086
187	0.3638726673641719	0.7935745358431285	4.858445827937206	392034
188	0.36540144627790083	0.795048389338626	4.858445827937206	393992
189	0.36692655113952244	0.7967556080863258	4.858445827937206	395949
190	0.36844799077873636	0.7979994432415574	4.858445827937206	397900
191	0.3699657740040224	0.7992356662512394	4.858445827937206	399867
192	0.3714799096026914	0.800908005557768	4.858445827937206	401833
193	0.3729904063409356	0.8040681959457399	4.858445827937206	403786
194	0.37449727296388025	0.8054671259443423	4.858445827937206	405767
195	0.3760005181956336	0.80685606774756	4.858445827937206	407786
196	0.3775001507393376	0.8080380891095924	4.858445827937206	409744
197	0.3789961792772184	0.8094086745386904	4.858445827937206	411690
198	0.38048861247063637	0.8113534839821731	4.858445827937206	413690
199	0.38197745896013646	0.8125079816109914	4.858445827937206	415684
200	0.383462727365498	0.8136554138309005	4.858445827937206	417672
201	0.38494442628578507	0.8169150858921674	4.858445827937206	419618
202	0.3864225642993957	0.8187451724971604	4.858445827937206	421575
203	0.38789714996411195	0.8200393106122518	4.858445827937206	423536
204	0.3893681918171492	0.8211406518591742	4.858445827937206	425483
205	0.3908356983752058	0.8229285004036889	4.858445827937206	427498
206	0.3922996781345123	0.8241927700503574	4.858445827937206	429452
207	0.3937601395708803	0.8262430001372337	4.858445827937206	431492
208	0.3952170911397521	0.8273063754307015	4.858445827937206	433452
209	0.39667054127624946	0.8287448895878802	4.858445827937206	435418
210	0.3981204983952221	0.8297929535705466	4.858445827937206	437432
211	0.3995669708912969	0.8310082118302916	4.858445827937206	439402
212	0.401009967138926	0.8329789615465565	4.858445827937206	441406
213	0.4024494954924358	0.8352513566275557	4.858445827937206	443422
214	0.403885564286075	0.8374928347686774	4.858445827937206	445374
215	0.4053181818340631	0.8384873622101903	4.858445827937206	447371
216	0.4067473564306381	0.8394758032441869	4.858445827937206	449321
217	0.4081730963501049	0.8406219270979798	4.858445827937206	451258
218	0.40959540984688314	0.8415973048104078	4.858445827937206	453204
219	0.4110143051555549	0.8446144990044954	4.858445827937206	455177
220	0.41242979049091255	0.8463762393785941	4.858445827937206	457167
221	0.4138418740480061	0.8473164012809257	4.858445827937206	459143
222	0.4152505640021906	0.848250809487351	4.858445827937206	461195
223	0.4166558685091739	0.8500204793475568	4.858445827937206	463156
224	0.4180577957050633	0.8509383388692676	4.858445827937206	465098
225	0.419456353706413	0.8529663886805701	4.858445827937206	467046
226	0.420851550610271	0.854911277719187	4.858445827937206	469002
227	0.4222433944942261	0.8557992060487281	4.858445827937206	470949
228	0.42363189341645446	0.8566817003465539	4.858445827937206	472921
229	0.4250170554157664	0.8577049761220292	4.858445827937206	474979
230	0.42639888851165286	0.8593643933101105	4.858445827937206	476942
231	0.4277774007043319	0.8607311144635594	4.858445827937206	478881
232	0.42915259997479493	0.8615834259799023	4.858445827937206	480975
233	0.43052449428485307	0.8624305214358303	4.858445827937206	483014
234	0.43189309157718303	0.8634127513059857	4.858445827937206	484958
235	0.4332583997753733	0.8649613595678225	4.858445827937206	487148
236	0.4346204267839697	0.866536154208431	4.858445827937206	489208
237	0.4359791804885218	0.8678331789488739	4.858445827937206	491224
238	0.43733466875562776	0.8686420265477214	4.858445827937206	493300
239	0.43868689943298045	0.8695799070031431	4.858445827937206	495239
240	0.44003588034941277	0.870511091102603	4.858445827937206	497254
241	0.4413816193149427	0.8720211658419312	4.858445827937206	499227
242	0.44272412412081874	0.8730872119407074	4.858445827937206	501274
243	0.4440634025395652	0.874144378022001	4.858445827937206	503260
244	0.4453994623250269	0.8751927380551371	4.858445827937206	505238
245	0.4467323112124141	0.8762323653932867	4.858445827937206	507180
246	0.4480619569183474	0.8774695262556612	4.858445827937206	509197
247	0.44938840714090234	0.8782194003820535	4.858445827937206	511145
248	0.450711669559654	0.8790888995165899	4.858445827937206	513186
249	0.4520317518357214	0.8798288632421469	4.858445827937206	515125
250	0.453348661611812	0.8806868710014699	4.858445827937206	517066
251	0.45466240651226575	0.8814170553028999	4.858445827937206	519018
252	0.45597299414309944	0.8827999467862481	4.858445827937206	520953
253	0.4572804320920506	0.8835171992772501	4.858445827937206	522921
254	0.45858472792862137	0.8842300622554342	4.858445827937206	524884
255	0.45988588920412254	0.8849385625841755	4.858445827937206	526822
256	0.461183923451717	0.8867142020504691	4.858445827937206	528759
257	0.4624788381864636	0.8882555054239321	4.858445827937206	530705
258	0.4637706409053606	0.8891863217052821	4.858445827937206	532681
259	0.46505933908738883	0.8899775183135623	4.858445827937206	534626
260	0.46634494019355544	0.8917239069117597	4.858445827937206	536593
261	0.46762745166693676	0.8923865456679203	4.858445827937206	538539
262	0.46890688093272137	0.8934622320085992	4.858445827937206	540522
263	0.47018323539825324	0.8947046549589361	4.858445827937206	542509
264	0.4714565224530747	0.8954564513178894	4.858445827937206	544524
265	0.47272674946896887	0.8965014513880147	4.858445827937206	546517
266	0.4739939238000027	0.8977084315467551	4.858445827937206	548528
267	0.4752580527825695	0.8984387812947403	4.858445827937206	550468
268	0.47651914373543125	0.8990603256977339	4.858445827937206	552469
269	0.477777203959761	0.8996780663117436	4.858445827937206	554421
270	0.47903224073918504	0.900292026415574	4.858445827937206	556381
271	0.4802842613398256	0.9010039296005643	4.858445827937206	558331
272	0.4815332730103422	0.9016097755549506	4.858445827937206	560288
273	0.48277928298197414	0.9024293526015565	4.858445827937206	562252
274	0.48402229846858214	0.9030264751111137	4.858445827937206	564233
275	0.48526232666669	0.9038342512451318	4.858445827937206	566202
276	0.4864993747555266	0.9044227759168546	4.858445827937206	568200
277	0.48773344989706724	0.9051051860370413	4.858445827937206	570192
278	0.48896455923607496	0.9056859327161744	4.858445827937206	572140
279	0.4901927099001423	0.9065108370947501	4.858445827937206	574067
280	0.49141790899973226	0.9070829813313502	4.858445827937206	575995
281	0.4926401636282195	0.9076516241029967	4.858445827937206	577986
282	0.49385948086193154	0.9083109806275186	4.858445827937206	580009
283	0.49507586776018964	0.9091129254033712	4.858445827937206	581953
284	0.4962893313653497	0.9097618484087615	4.858445827937206	583952
285	0.49749987870284296	0.9103140967844018	4.858445827937206	585942
286	0.4987075167812167	0.9120223997027941	4.858445827937206	587885
287	0.499912252592175	0.9126505494044461	4.858445827937206	589870
288	0.5011140931106188	0.9136692018895254	4.858445827937206	591808
289	0.5023130452946867	0.9141975376564213	4.858445827937206	593776
290	0.5035091160857952	0.9148101571293332	4.858445827937206	595757
291	0.5047023124086787	0.9155197768117211	4.858445827937206	597760
292	0.5058926411714294	0.9164776024714522	4.858445827937206	599702
293	0.5070801092655379	0.9170739425501947	4.858445827937206	601642
294	0.5082647235659328	0.9175814416480523	4.858445827937206	603586
295	0.5094464909310201	0.9184052839639403	4.858445827937206	605541
296	0.5106254182027237	0.9189878606239228	4.858445827937206	607489
297	0.5118015122065243	0.9194836467364336	4.858445827937206	609444
298	0.5129747797514992	0.9201543368927314	4.858445827937206	611389
299	0.5141452276303617	0.9205819033638241	4.858445827937206	613390
300	0.5153128626195008	0.921508061925179	4.858445827937206	615412
301	0.5164776914790197	0.9220684851160506	4.858445827937206	617361
302	0.5176397209527754	0.9224858014925338	4.858445827937206	619336
303	0.5187989577684178	0.9231314841123378	4.858445827937206	621282
304	0.5199554086374283	0.9236019116675156	4.858445827937206	623220
305	0.521109080255159	0.9253481536865439	4.858445827937206	625163
306	0.5222599793008715	0.9260943612298687	4.858445827937206	627105
307	0.5234081124377751	0.9265466562762736	4.858445827937206	629046
308	0.5245534863130658	0.9269961833226665	4.858445827937206	630997
309	0.5256961075579647	0.9274429593089281	4.858445827937206	632932
310	0.5268359827877562	0.9282891055560543	4.858445827937206	634863
311	0.5279731186018268	0.9288011128942629	4.858445827937206	636858
312	0.5291075215837026	0.9293941898380842	4.858445827937206	638793
313	0.5302391983010879	0.9302175812102348	4.858445827937206	640818
314	0.5313681553059033	0.9310313703506402	4.858445827937206	642759
315	0.5324943991343231	0.9318356692386793	4.858445827937206	644760
316	0.5336179363068136	0.9326085074559279	4.858445827937206	646700
317	0.534738773328171	0.9330896747734319	4.858445827937206	648664
318	0.5358569166875584	0.9336470285862313	4.858445827937206	650613
319	0.536972372858544	0.934053102071071	4.858445827937206	652574
320	0.5380851482991382	0.9344566904271882	4.858445827937206	654515
321	0.5391952494518312	0.9350026571874781	4.858445827937206	656496
322	0.5403026827436301	0.9353507122153313	4.858445827937206	658448
323	0.5414074545860965	0.9359969358333371	4.858445827937206	660408
324	0.5425095713753831	0.936843537211203	4.858445827937206	662358
325	0.5436090394922712	0.9372944669151749	4.858445827937206	664304
326	0.5447058653022072	0.9377421770341836	4.858445827937206	666249
327	0.5458000551553399	0.9381231886240431	4.858445827937206	668201
328	0.5468916153865568	0.9385097576247259	4.858445827937206	670146
329	0.5479805523155213	0.9388860716988804	4.858445827937206	672098
330	0.5490668722467089	0.9392600827689006	4.858445827937206	674041
331	0.5501505814694436	0.9396318049289393	4.858445827937206	675992
332	0.5512316862579348	0.9401346636967115	4.858445827937206	677960
333	0.5523101928713134	0.9407330677247328	4.858445827937206	679897
334	0.5533861075536677	0.9413090340247839	4.858445827937206	681919
335	0.5544594365340798	0.9419934767766814	4.858445827937206	683846
336	0.5555301860266624	0.9423484708414062	4.858445827937206	685789
337	0.556598362230593	0.9426571896861895	4.858445827937206	687744
338	0.5576639713301517	0.9432144570361779	4.858445827937206	689673
339	0.558727019494756	0.9435619788250069	4.858445827937206	691772
340	0.5597875128789963	0.9439073738155805	4.858445827937206	693818
341	0.5608454576226725	0.9443078685583741	4.858445827937206	695847
342	0.5619008598508284	0.9448761556139009	4.858445827937206	697891
343	0.5629537256737882	0.9452135079752298	4.858445827937206	699932
344	0.5640040611871913	0.9455487957741727	4.858445827937206	701957
345	0.5650518724720273	0.9461661563663023	4.858445827937206	704044
346	0.5660971655946722	0.9464956140532886	4.858445827937206	706066
347	0.5671399466069225	0.9469412982344358	4.858445827937206	708092
348	0.568180221546031	0.9473201311142994	4.858445827937206	710120
349	0.569217996434741	0.9482956842418124	4.858445827937206	712139
350	0.5702532772813219	0.9486648469651409	4.858445827937206	714173
351	0.5712860700796036	0.9490924617342776	4.858445827937206	716206
352	0.5723163808090113	0.949587189997307	4.858445827937206	718240
353	0.5733442154346	0.9499471315216911	4.858445827937206	720274
354	0.5743695799070891	0.950253450022523	4.858445827937206	722338
355	0.5753924801628971	0.9505578938850614	4.858445827937206	724362
356	0.5764129221241756	0.9509109046980437	4.858445827937206	726385
357	0.5774309116988436	0.9512113250043566	4.858445827937206	728406
358	0.5784464547806221	0.9516177279614215	4.858445827937206	730432
359	0.5794595572490676	0.9521662797985936	4.858445827937206	732455
360	0.580470224969607	0.9526444177764503	4.858445827937206	734480
361	0.5814784637935708	0.9531966694641885	4.858445827937206	736495
362	0.582484279558227	0.9538157611379425	4.858445827937206	738569
363	0.5834876780868156	0.9543543528447886	4.858445827937206	740698
364	0.5844886651885814	0.9546336995961572	4.858445827937206	742726
365	0.5854872466588084	0.9550115946432529	4.858445827937206	744798
366	0.5864834282788529	0.9558685166500481	4.858445827937206	746827
367	0.5874772158161772	0.9563096476789522	4.858445827937206	748862
368	0.5884686150243825	0.9565770282233781	4.858445827937206	750896
369	0.5894576316432434	0.9570834185647964	4.858445827937206	752923
370	0.5904442713987395	0.9573898379003247	4.858445827937206	754947
371	0.5914285400030896	0.9576506077896716	4.858445827937206	756973
372	0.5924104431547851	0.9580739253294666	4.858445827937206	759028
373	0.5933899865386218	0.9584813701756331	4.858445827937206	761101
374	0.5943671758257337	0.9587354599976762	4.858445827937206	763159
375	0.5953420166736256	0.9590791879443844	4.858445827937206	765222
376	0.596314514726206	0.9593713577216602	4.858445827937206	767267
377	0.5972846756138193	0.959620000909791	4.858445827937206	769294
378	0.5982525049532789	0.9603891437496045	4.858445827937206	771267
379	0.5992180083478995	0.9606315581900187	4.858445827937206	773201
380	0.6001811913875297	0.9608724890785361	4.858445827937206	775156
381	0.6011420596485841	0.9611119454943445	4.858445827937206	777091
382	0.6021006186940759	0.9616410346712922	4.858445827937206	779043
383	0.6030568740736487	0.9622499071368273	4.858445827937206	781081
384	0.604010831323609	0.9625643602219016	4.858445827937206	783097
385	0.6049624959669582	0.962793462557155	4.858445827937206	785069
386	0.6059118735134243	0.9631033879002858	4.858445827937206	787042
387	0.6068589694594942	0.9632762687358217	4.858445827937206	789021
388	0.6078037892884451	0.9635010142628573	4.858445827937206	790957
389	0.6087463384703768	0.9637243843699619	4.858445827937206	792961
390	0.6096866224622426	0.9640869894408161	4.858445827937206	794897
391	0.6106246467078815	0.9645756018293764	4.858445827937206	796841
392	0.6115604166380499	0.9648285278590352	4.858445827937206	798776
393	0.612493937670452	0.965386805194606	4.858445827937206	800722
394	0.6134252152097724	0.9657792450450073	4.858445827937206	802717
395	0.6143542546477068	0.965988672609777	4.858445827937206	804670
396	0.6152810613629928	0.9662315094805348	4.858445827937206	806635
397	0.616205640721442	0.966438169232628	4.858445827937206	808561
398	0.6171279980759704	0.9667177346700906	4.858445827937206	810523
399	0.6180481387666295	0.9669256621919351	4.858445827937206	812485
400	0.6189660681206373	0.9672011668800489	4.858445827937206	814475
401	0.6198817914524092	0.9674018924267714	4.858445827937206	816498
402	0.6207953140635885	0.9693577788811651	4.858445827937206	818528
403	0.6217066412430774	0.9695453061802121	4.858445827937206	820573
404	0.6226157782670674	0.969762749106277	4.858445827937206	822630
405	0.6235227303990702	0.9699786395154665	4.858445827937206	824680
406	0.6244275028899477	0.9703287428447321	4.858445827937206	826735
407	0.6253301009779426	0.9705405921253076	4.858445827937206	828784
408	0.6262305298887088	0.9708350635076453	4.858445827937206	830836
409	0.6271287948353417	0.9710432977183362	4.858445827937206	832913
410	0.6280249010184079	0.9712205098123005	4.858445827937206	834962
411	0.6289188536259762	0.9713966373861441	4.858445827937206	837010
412	0.629810657833647	0.9719414633406938	4.858445827937206	839061
413	0.6307003188045821	0.9721131787517445	4.858445827937206	841108
414	0.6315878416895351	0.9723122873701648	4.858445827937206	843169
415	0.6324732316268808	0.9725429222108964	4.858445827937206	845249
416	0.6333564937426458	0.9728631213687868	4.858445827937206	847290
417	0.6342376331505366	0.9730291963257731	4.858445827937206	849351
418	0.6351166549519708	0.9732538594134384	4.858445827937206	851409
419	0.6359935642361056	0.9735137830342991	4.858445827937206	853485
420	0.6368683660798682	0.9736758760075952	4.858445827937206	855552
421	0.6377410655479837	0.973863827151707	4.858445827937206	857605
422	0.6386116676930063	0.9740237778903514	4.858445827937206	859658
423	0.6394801775553467	0.974283431922268	4.858445827937206	861708
424	0.6403466001633031	0.9744408147220874	4.858445827937206	863768
425	0.641210940533089	0.9745776819009422	4.858445827937206	865856
426	0.6420732036688623	0.974923563779841	4.858445827937206	867913
427	0.642933394562755	0.975174223700409	4.858445827937206	869931
428	0.6437915181949017	0.9754223780657527	4.858445827937206	871993
429	0.6446475795334683	0.975572790630183	4.858445827937206	874009
430	0.6455015835346811	0.9757762659268912	4.858445827937206	876040
431	0.6463535351428551	0.9759245127333462	4.858445827937206	878072
432	0.6472034392904229	0.9763830934431873	4.858445827937206	880117
433	0.6480513008979631	0.9765276265265191	4.858445827937206	882162
434	0.6488971248742291	0.9766712750819756	4.858445827937206	884226
435	0.6497409161161771	0.9767961983426778	4.858445827937206	886321
436	0.6505826795089948	0.9770667966127341	4.858445827937206	888394
437	0.6514224199261295	0.9772305369832031	4.858445827937206	890454
438	0.652260142229316	0.9773698837976434	4.858445827937206	892521
439	0.6530958512686056	0.9775083778236504	4.858445827937206	894579
440	0.6539295518823933	0.9778653876994655	4.858445827937206	896664
441	0.6547612488974466	0.9780008492916284	4.858445827937206	898722
442	0.6555909471289323	0.9781354818725261	4.858445827937206	900876
443	0.6564186513804459	0.9782692905156236	4.858445827937206	902898
444	0.6572443664440382	0.9784503043389005	4.858445827937206	904897
445	0.6580680971002433	0.9789428688111541	4.858445827937206	906973
446	0.6588898481181069	0.9790717363277158	4.858445827937206	909040
447	0.6597096242552133	0.9791998151880891	4.858445827937206	911093
448	0.6605274302577127	0.97932711021877	4.858445827937206	913145
449	0.6613432708603496	0.9795280129377323	4.858445827937206	915252
450	0.6621571507864894	0.9798065433739537	4.858445827937206	917355
451	0.662969074748146	0.9800736525885839	4.858445827937206	919385
452	0.6637790474460092	0.9802159243616171	4.858445827937206	921340
453	0.664587073569472	0.980337000906761	4.858445827937206	923308
454	0.6653931577966572	0.980477392403827	4.858445827937206	925279
455	0.666197304794445	0.9805968687909553	4.858445827937206	927259
456	0.6669995192185001	0.9807007708441958	4.858445827937206	929229
457	0.6677998057132982	0.9808188801778254	4.858445827937206	931188
458	0.6685981689121532	0.9809362666942595	4.858445827937206	933150
459	0.6693946134372437	0.981195637215426	4.858445827937206	935115
460	0.6701891438996405	0.9813298981504025	4.858445827937206	937075
461	0.6709817648993324	0.9814441572884463	4.858445827937206	939066
462	0.6717724810252532	0.9815577171721028	4.858445827937206	941032
463	0.6725612968553089	0.9816893928988446	4.858445827937206	943044
464	0.6733482169564027	0.9818201284764098	4.858445827937206	945008
465	0.6741332458844631	0.9820321386399502	4.858445827937206	946971
466	0.6749163881844692	0.9822765993387264	4.858445827937206	948951
467	0.6756976483904773	0.9824031423314885	4.858445827937206	950913
468	0.6764770310256473	0.9825108333235184	4.858445827937206	952872
469	0.6772545406022688	0.9826178652575516	4.858445827937206	954841
470	0.6780301816217869	0.9827242421669563	4.858445827937206	956794
471	0.678803958574829	0.9828969277929426	4.858445827937206	958741
472	0.6795758759412301	0.9830393940337344	4.858445827937206	960709
473	0.6803459381900592	0.9831806735503215	4.858445827937206	962676
474	0.6811141497796445	0.9833487967634794	4.858445827937206	964644
475	0.6818805151576002	0.9834507004458761	4.858445827937206	966605
476	0.6826450387608515	0.9835519804880267	4.858445827937206	968585
477	0.6834077250156605	0.9836526407065463	4.858445827937206	970638
478	0.6841685783376521	0.983769358926051	4.858445827937206	972694
479	0.6849276031318388	0.9839315977372858	4.858445827937206	974658
480	0.6856848037926471	0.9840299347365731	4.858445827937206	976629
481	0.6864401847039425	0.9841276699233547	4.858445827937206	978591
482	0.687193750239055	0.9842248069806623	4.858445827937206	980548
483	0.6879455047608041	0.984321349568988	4.858445827937206	982512
484	0.6886954526215245	0.984433293285994	4.858445827937206	984535
485	0.6894435981630911	0.984562961813391	4.858445827937206	986584
486	0.6901899457169443	0.9846915502197767	4.858445827937206	988678
487	0.6909344996041143	0.98478523638661	4.858445827937206	990649
488	0.6916772641352477	0.9849119732763508	4.858445827937206	992663
489	0.6924182436106306	0.9850376544652192	4.858445827937206	994658
490	0.6931574423202151	0.985241223792223	4.858445827937206	996650
491	0.6938948645436429	0.9855223433390379	4.858445827937206	998650
492	0.6946305145502709	0.9857193182595951	4.858445827937206	1000658
493	0.6953643965991958	0.9858212806448423	4.858445827937206	1002617
494	0.6960965149392779	0.9859080529755524	4.858445827937206	1004585
495	0.6968268738091672	0.986008667817162	4.858445827937206	1006548
496	0.6975554774373266	0.9861446380035842	4.858445827937206	1008528
497	0.6982823300420571	0.9862600512646955	4.858445827937206	1010516
498	0.6990074358315221	0.9863441383635184	4.858445827937206	1012521
499	0.6997307990037714	0.9864416396068324	4.858445827937206	1014579
