0	0.00240325927734375	0.0061198990216660976	8.160398774160646	2652
1	0.004800742899533361	0.012202344879296834	7.297244230181901	5278
2	0.0071924647469656655	0.01824756678247408	7.000570380086053	7649
3	0.00957843866667929	0.02937854675092677	7.000570380086053	9974
4	0.011958678472434925	0.03531865203307394	5.482086884075224	12261
5	0.01433319794479504	0.041222404470716234	5.482086884075224	14951
6	0.01670201083120393	0.04709002653959127	5.482086884075224	17316
7	0.019065130846067313	0.05389369148962686	5.482086884075224	19631
8	0.021422571670831503	0.05968376656147156	5.482086884075224	21928
9	0.023774346954062775	0.06543840695854874	5.482086884075224	24181
10	0.026120470311526423	0.0763370844284198	5.482086884075224	26425
11	0.02846095532626547	0.0968629269966772	5.482086884075224	28683
12	0.030795815548679273	0.10331121930109788	5.482086884075224	30932
13	0.03312506449660224	0.10879886409283601	5.482086884075224	33200
14	0.03544871565538188	0.114252925052582	5.482086884075224	35452
15	0.03776678247795695	0.12057705481956538	5.482086884075224	37832
16	0.04007927838493508	0.12790252708262606	5.435249358069061	40083
17	0.042386216764671025	0.13516697916856835	5.435249358069061	42347
18	0.04468761097334362	0.14134178505300765	5.435249358069061	44660
19	0.04698347433503336	0.14849428996718494	5.435249358069061	46868
20	0.049273820141799596	0.15457394042258676	5.435249358069061	49050
21	0.05155866165375744	0.15974786253748563	5.435249358069061	51233
22	0.0538380120991544	0.1695467212834041	5.435249358069061	53457
23	0.056111884674447055	0.17646428295534566	5.435249358069061	55682
24	0.05838029254437771	0.18150423838439433	5.435249358069061	57915
25	0.06064324884205019	0.18651334979514356	5.435249358069061	60261
26	0.06290076666900601	0.1914918059498707	5.435249358069061	62473
27	0.06515285909530044	0.19726445920660984	5.435249358069061	64675
28	0.06739953915957797	0.20636576919292948	5.435249358069061	66887
29	0.06964081986914772	0.21203222410438594	5.435249358069061	69089
30	0.07187671420005914	0.21685450732519396	5.435249358069061	71285
31	0.07410723509717665	0.2233780016415189	5.435249358069061	73554
32	0.07633239547425485	0.2289229912174704	5.107954356012027	75870
33	0.07855220821401321	0.2336419046491478	5.107954356012027	78042
34	0.08076668616821081	0.24002556225306992	5.107954356012027	80239
35	0.08297584215772047	0.24467652907112858	5.107954356012027	82428
36	0.0851796889726033	0.2532402872449253	5.107954356012027	84609
37	0.08737823937218236	0.25781038128043476	5.107954356012027	86803
38	0.08957150608511699	0.26399271879579966	5.107954356012027	89005
39	0.09175950180947601	0.26793397275595776	5.107954356012027	91204
40	0.09394223921281164	0.2731608379472046	5.107954356012027	93414
41	0.0961197309322328	0.28022438665520066	5.107954356012027	95633
42	0.09829198957447793	0.28462934072712864	5.107954356012027	97930
43	0.10045902771598825	0.2915814365412479	5.107954356012027	100189
44	0.10262085790298059	0.2977775172712078	5.107954356012027	102384
45	0.10477749265152003	0.30207504795625173	5.107954356012027	104578
46	0.10692894444759216	0.30634627818746063	5.107954356012027	106778
47	0.10907522574717565	0.3112988840432055	5.107954356012027	109008
48	0.11121634897631416	0.320668967253502	5.107954356012027	111222
49	0.11335232653118832	0.3248264045761947	5.107954356012027	113432
50	0.11548317077818748	0.3324814340027684	5.107954356012027	115632
51	0.11760889405398145	0.34026590707562243	5.107954356012027	117847
52	0.11972950866559184	0.3443034131054701	5.107954356012027	120097
53	0.12184502689046317	0.3567928719034612	5.107954356012027	122296
54	0.1239554609765342	0.3607292345774279	5.107954356012027	124501
55	0.1260608231423087	0.3646415071093172	5.107954356012027	126800
56	0.12816112557692616	0.36852983692836616	5.107954356012027	129037
57	0.13025638044023236	0.37378989659576833	5.107954356012027	131242
58	0.1323465998628499	0.380049389507764	5.107954356012027	133473
59	0.13443179594624832	0.3844757638315023	5.107954356012027	135732
60	0.13651198076281423	0.38824271000224164	5.107954356012027	137989
61	0.13858716635592117	0.3919866028427961	5.107954356012027	140266
62	0.14065736473999924	0.396327746869622	5.107954356012027	142572
63	0.14272258790060488	0.4000221601009616	5.107954356012027	144825
64	0.14478284779449002	0.40430593119561764	5.107954356012027	147104
65	0.14683815634967146	0.40926798091493777	5.107954356012027	149354
66	0.1488885254654998	0.4186446796305736	5.107954356012027	151607
67	0.15093396701272854	0.4254243335124328	5.107954356012027	153846
68	0.15297449283358266	0.4321249243752615	5.107954356012027	156108
69	0.15501011474182713	0.4361794855149633	5.107954356012027	158384
70	0.1570408445228355	0.4396300101299556	5.107954356012027	160646
71	0.1590666939336579	0.4436309858415285	5.107954356012027	162916
72	0.16108767470308916	0.4490378761637682	5.107954356012027	165174
73	0.16310379853173695	0.4524097087264086	5.107954356012027	167425
74	0.16511507709208928	0.4557609060142477	5.107954356012027	169713
75	0.1671215220285821	0.45831096424304396	5.107954356012027	171986
76	0.1691231449576669	0.4637255985030052	5.107954356012027	174325
77	0.17111995746787756	0.46908610897194647	5.107954356012027	176593
78	0.17311197111989796	0.472335248374238	5.107954356012027	178824
79	0.1750991974466285	0.477609698203067	5.107954356012027	181044
80	0.1770816479532532	0.4819611376182851	5.107954356012027	183307
81	0.179059334117306	0.4856598740665391	5.107954356012027	185546
82	0.18103226738873734	0.48933220197229355	5.107954356012027	187791
83	0.18300045918998054	0.4929783098894307	5.107954356012027	190037
84	0.18496392091601777	0.49608123143470184	5.107954356012027	192315
85	0.18692266393444623	0.49916516341344375	5.107954356012027	194577
86	0.18887669958554376	0.5027410651442932	5.107954356012027	196838
87	0.19082603918233454	0.5075735134908015	5.107954356012027	199107
88	0.1927706940106546	0.5123589992683447	5.107954356012027	201371
89	0.19471067532921726	0.5262915992892492	5.107954356012027	203750
90	0.19664599436967822	0.529190646867314	5.107954356012027	205961
91	0.19857666233670057	0.532071952566942	5.107954356012027	208224
92	0.2005026904080197	0.5349356249666376	5.107954356012027	210462
93	0.20242408973450798	0.5437939940148921	5.107954356012027	212711
94	0.20434087144023938	0.5465859287045987	5.107954356012027	214946
95	0.20625304662255384	0.5509922850825908	5.107954356012027	217194
96	0.20816062635212151	0.5571012335848685	5.107954356012027	219445
97	0.21006362167300685	0.5598117293121496	5.107954356012027	221717
98	0.21196204360273252	0.5625056370792811	5.107954356012027	223966
99	0.21385590313234326	0.5656292952901745	5.107954356012027	226225
100	0.2157452112264695	0.5682876001409686	5.107954356012027	228553
101	0.21762997882339075	0.5726029260870813	5.107954356012027	230788
102	0.21951021683509908	0.5756544908440011	5.107954356012027	233033
103	0.22138593614736213	0.5782514425103333	5.107954356012027	235268
104	0.22325714761978632	0.5808325010947034	5.107954356012027	237511
105	0.22512386208587953	0.5833977638611682	5.107954356012027	239758
106	0.2269860903531139	0.586868003229255	5.107954356012027	241995
107	0.22884384320298856	0.5916858690808089	5.107954356012027	244251
108	0.23069713139109171	0.595087069671556	5.107954356012027	246506
109	0.23254596564716323	0.6027996969159073	5.107954356012027	248760
110	0.23439035667515662	0.6056356602865322	5.107954356012027	251061
111	0.23623031515330084	0.6094681611583832	5.107954356012027	253288
112	0.23806585173416261	0.6127212377001708	5.107954356012027	255617
113	0.23989697704470747	0.6172376081059998	5.107954356012027	257853
114	0.2417237016863618	0.6209573592419959	5.107954356012027	260096
115	0.24354603623507398	0.6232770619283405	5.107954356012027	262371
116	0.24536399124137553	0.6255825682684844	5.107954356012027	264643
117	0.2471775772304423	0.6299489523120005	5.107954356012027	266896
118	0.24898680470215562	0.6342644164249802	5.107954356012027	269168
119	0.2507916841311627	0.6392404107593341	5.107954356012027	271451
120	0.25259222596693753	0.6428465041128435	5.107954356012027	273746
121	0.25438844063384136	0.645032247442908	5.107954356012027	275986
122	0.2561803385311828	0.6484818854658146	5.107954356012027	278248
123	0.25796793003327845	0.6514099830462743	5.107954356012027	280482
124	0.25975122548951257	0.6544588753228375	5.107954356012027	282724
125	0.2615302352243972	0.657337185399282	5.107954356012027	284951
126	0.26330496953763205	0.6601915195483925	5.107954356012027	287184
127	0.2650754387041637	0.6635881890739396	5.034044860061201	289420
128	0.2668416529742458	0.6663904532215952	5.034044860061201	291663
129	0.26860362257349746	0.6691693748940517	5.034044860061201	293915
130	0.2703613577029633	0.6730274579856663	5.034044860061201	296179
131	0.2721148685391722	0.6750284969256515	5.034044860061201	298454
132	0.273864165234196	0.6770172897093856	5.034044860061201	300695
133	0.27560925791570867	0.6787468335855178	5.034044860061201	302957
134	0.27735015668704466	0.6810405433475062	5.034044860061201	305255
135	0.27908687162725754	0.6847601871568647	5.034044860061201	307527
136	0.2808194127911783	0.6952681809183026	5.034044860061201	309758
137	0.2825477902094734	0.6974439302066826	5.034044860061201	312002
138	0.28427201388870327	0.6992955428022098	5.034044860061201	314253
139	0.2859920938113798	0.7108425939586049	5.034044860061201	316510
140	0.28770803993602434	0.7129071437726686	5.034044860061201	318776
141	0.2894198621972255	0.7146641230626216	5.034044860061201	321039
142	0.29112757050569615	0.7164103498167369	5.034044860061201	323304
143	0.29283117474833154	0.718145889839448	5.034044860061201	325555
144	0.29453068478826594	0.7201582949813096	5.034044860061201	327827
145	0.29622611046492986	0.7218708979580748	5.034044860061201	330119
146	0.29791746159410726	0.7238567069808053	5.034044860061201	332441
147	0.2996047479679923	0.7255466760495931	5.034044860061201	334782
148	0.30128797935524576	0.7278328345164853	5.034044860061201	337012
149	0.30296716550105185	0.731535789148914	5.034044860061201	339251
150	0.30464231612717463	0.733178763010254	5.034044860061201	341484
151	0.3063134409320143	0.7354013472417387	5.034044860061201	343729
152	0.3079805495906631	0.7370206642778881	5.034044860061201	345973
153	0.30964365175496167	0.739211245999855	5.034044860061201	348231
154	0.3113027570535547	0.740807246840322	5.034044860061201	350466
155	0.31295787509194684	0.7433980948519139	5.034044860061201	352718
156	0.31460901545255804	0.7458917965540333	5.034044860061201	355010
157	0.3162561876947795	0.7474469130996996	5.034044860061201	357254
158	0.31789940135502837	0.7496558322271074	5.034044860061201	359586
159	0.3195386659468036	0.7509964031261115	5.034044860061201	361835
160	0.3211739909607406	0.7525202799950113	5.034044860061201	364087
161	0.32280538586466645	0.754581752048364	5.034044860061201	366330
162	0.32443286010365446	0.7566260523228465	5.034044860061201	368575
163	0.326056423100079	0.7612617465643161	5.034044860061201	370900
164	0.3276760842536699	0.7644196599695501	5.034044860061201	373167
165	0.3292918529415674	0.7661016758441055	5.034044860061201	375460
166	0.3309037385183756	0.7677716823234717	5.034044860061201	377786
167	0.3325117503162174	0.7690152444458545	5.034044860061201	380056
168	0.3341158976447879	0.7709393157124447	5.034044860061201	382282
169	0.3357161897914087	0.7723411439701182	5.034044860061201	384535
170	0.33731263602108175	0.773734393180409	5.034044860061201	386865
171	0.33890524557654256	0.775119115846221	5.034044860061201	389096
172	0.34049402767831405	0.7764953641491451	5.034044860061201	391331
173	0.34207899152475973	0.7780911609184735	5.034044860061201	393555
174	0.34366014629213726	0.7800320545547551	5.034044860061201	395769
175	0.3452375011346511	0.7818643573073185	5.034044860061201	397997
176	0.3468110651845061	0.7836813972297899	5.034044860061201	400233
177	0.34838084755195975	0.78780175156827	5.034044860061201	402490
178	0.34994685732537534	0.7891003834212467	5.034044860061201	404750
179	0.35150910357127463	0.7906061818379451	5.034044860061201	406999
180	0.3530675953343899	0.7923504035635766	5.034044860061201	409311
181	0.3546223416377169	0.7944260346816416	5.034044860061201	411570
182	0.35617335148256646	0.7958938085757454	5.034044860061201	413911
183	0.3577206338486171	0.7978773478510055	5.034044860061201	416131
184	0.3592641976939669	0.7991143180721486	5.034044860061201	418373
185	0.36080405195518517	0.8013919335135075	5.034044860061201	420596
186	0.36234020554736446	0.8026073948252932	5.034044860061201	422849
187	0.3638726673641719	0.8040167547718015	5.034044860061201	425094
188	0.36540144627790083	0.8059757709673353	5.034044860061201	427373
189	0.36692655113952244	0.8073610811050113	5.034044860061201	429627
190	0.36844799077873636	0.8099820187770519	5.034044860061201	431878
191	0.3699657740040224	0.8111449096344372	5.034044860061201	434146
192	0.3714799096026914	0.8130326739696199	5.034044860061201	436434
193	0.3729904063409356	0.8141768951252767	5.034044860061201	438701
194	0.37449727296388025	0.8153141137630024	5.034044860061201	440942
195	0.3760005181956336	0.8166327492332494	5.034044860061201	443185
196	0.3775001507393376	0.8177549382918224	5.034044860061201	445448
197	0.3789961792772184	0.8192730146075923	5.034044860061201	447683
198	0.38048861247063637	0.8205633839921993	5.034044860061201	449951
199	0.38197745896013646	0.8216615179629565	5.034044860061201	452196
200	0.383462727365498	0.8237412670246129	5.034044860061201	454441
201	0.38494442628578507	0.8249997336133585	5.034044860061201	456711
202	0.3864225642993957	0.8267490074131416	5.034044860061201	458970
203	0.38789714996411195	0.8279859990898492	5.034044860061201	461236
204	0.3893681918171492	0.8292141587917126	5.034044860061201	463472
205	0.3908356983752058	0.8304335495779918	5.034044860061201	465769
206	0.3922996781345123	0.8314712791320369	5.034044860061201	468081
207	0.3937601395708803	0.8325026578859993	5.034044860061201	470308
208	0.3952170911397521	0.8336985691761569	5.034044860061201	472536
209	0.39667054127624946	0.8364136945773626	5.034044860061201	474757
210	0.3981204983952221	0.8374148262478766	5.034044860061201	476979
211	0.3995669708912969	0.8384098310936596	5.034044860061201	479198
212	0.401009967138926	0.839755854991255	5.034044860061201	481415
213	0.4024494954924358	0.8407365329775218	5.034044860061201	483622
214	0.403885564286075	0.8417112093135398	5.034044860061201	485821
215	0.4053181818340631	0.8430297331843142	5.034044860061201	488029
216	0.4067473564306381	0.8460196430284225	5.034044860061201	490240
217	0.4081730963501049	0.848463775678765	5.034044860061201	492460
218	0.40959540984688314	0.8499364309199821	5.034044860061201	494687
219	0.4110143051555549	0.8511864398252716	5.034044860061201	496941
220	0.41242979049091255	0.852248951113483	5.034044860061201	499153
221	0.4138418740480061	0.8533038761962688	5.034044860061201	501357
222	0.4152505640021906	0.8552997418262516	5.034044860061201	503586
223	0.4166558685091739	0.856332884622756	5.034044860061201	505927
224	0.4180577957050633	0.8572121128615988	5.034044860061201	508142
225	0.419456353706413	0.8584015163363043	5.034044860061201	510349
226	0.420851550610271	0.859412512828221	5.034044860061201	512580
227	0.4222433944942261	0.8610520170517986	5.034044860061201	514822
228	0.42363189341645446	0.862044089280857	5.034044860061201	517147
229	0.4250170554157664	0.8628883655239001	5.034044860061201	519429
230	0.42639888851165286	0.8638673264412042	5.034044860061201	521684
231	0.4277774007043319	0.8647004446569335	5.034044860061201	523959
232	0.42915259997479493	0.8656664675427055	5.034044860061201	526241
233	0.43052449428485307	0.8664885751965677	5.034044860061201	528526
234	0.43189309157718303	0.8673056516346036	5.034044860061201	530783
235	0.4332583997753733	0.8688531075922175	5.034044860061201	533046
236	0.4346204267839697	0.87135114363808	5.034044860061201	535289
237	0.4359791804885218	0.8737335298670045	5.034044860061201	537675
238	0.43733466875562776	0.8745062679140406	5.034044860061201	539939
239	0.43868689943298045	0.8754022783769617	5.034044860061201	542193
240	0.44003588034941277	0.8762918914307348	5.034044860061201	544472
241	0.4413816193149427	0.87704897256334	5.034044860061201	546777
242	0.44272412412081874	0.8778014204358625	5.034044860061201	548984
243	0.4440634025395652	0.8792561654306736	5.034044860061201	551179
244	0.4453994623250269	0.8799951055057267	5.034044860061201	553363
245	0.4467323112124141	0.8809947297830634	5.034044860061201	555567
246	0.4480619569183474	0.8819860273275609	5.034044860061201	557798
247	0.44938840714090234	0.882708260923462	5.034044860061201	560030
248	0.450711669559654	0.8845700345595975	5.034044860061201	562284
249	0.4520317518357214	0.8857238534561279	5.034044860061201	564516
250	0.453348661611812	0.8866757580504125	5.034044860061201	566757
251	0.45466240651226575	0.8872825993531711	5.034044860061201	568989
252	0.45597299414309944	0.8885970879904519	4.858445827937206	571304
253	0.4572804320920506	0.8896797207602241	4.858445827937206	573603
254	0.45858472792862137	0.8909662546289094	4.858445827937206	575861
255	0.45988588920412254	0.8920561379645638	4.858445827937206	578129
256	0.461183923451717	0.893524761937835	4.858445827937206	580406
257	0.4624788381864636	0.8945890708564073	4.858445827937206	582676
258	0.4637706409053606	0.8952341750985461	4.858445827937206	584990
259	0.46505933908738883	0.8958753313678646	4.858445827937206	587501
260	0.46634494019355544	0.8965125638255577	4.858445827937206	589890
261	0.46762745166693676	0.8971725602297314	4.858445827937206	592318
262	0.46890688093272137	0.8978018537777819	4.858445827937206	594548
263	0.47018323539825324	0.8984272961128633	4.858445827937206	596777
264	0.4714565224530747	0.8990489108040102	4.858445827937206	599066
265	0.47272674946896887	0.8996667212760169	4.858445827937206	601374
266	0.4739939238000027	0.9008367886663841	4.858445827937206	603795
267	0.4752580527825695	0.9014436575064099	4.858445827937206	606068
268	0.47651914373543125	0.9024288104509522	4.858445827937206	608320
269	0.477777203959761	0.9030259362784162	4.858445827937206	610615
270	0.47903224073918504	0.9038337169008368	4.858445827937206	612903
271	0.4802842613398256	0.9047949792058679	4.858445827937206	615105
272	0.4815332730103422	0.9053776243194837	4.858445827937206	617316
273	0.48277928298197414	0.9066650035804431	4.858445827937206	619555
274	0.48402229846858214	0.9072362043337183	4.858445827937206	621778
275	0.48526232666669	0.908008914001909	4.858445827937206	624000
276	0.4864993747555266	0.9089284417253384	4.858445827937206	626228
277	0.48773344989706724	0.9099905007139641	4.858445827937206	628433
278	0.48896455923607496	0.9105413497605854	4.858445827937206	630669
279	0.4901927099001423	0.91224532405086	4.858445827937206	632915
280	0.49141790899973226	0.9127823738063477	4.858445827937206	635159
281	0.4926401636282195	0.9137712357813325	4.858445827937206	637472
282	0.49385948086193154	0.914633164286642	4.858445827937206	639683
283	0.49507586776018964	0.9162591992526107	4.858445827937206	641904
284	0.4962893313653497	0.916956748613272	4.858445827937206	644120
285	0.49749987870284296	0.9175496676450092	4.858445827937206	646326
286	0.4987075167812167	0.9182364675813274	4.858445827937206	648523
287	0.499912252592175	0.9204168284458253	4.858445827937206	650735
288	0.5011140931106188	0.9209038694195607	4.858445827937206	652938
289	0.5023130452946867	0.9213879297517176	4.858445827937206	655150
290	0.5035091160857952	0.9221518954489798	4.858445827937206	657355
291	0.5047023124086787	0.9229084367954425	4.858445827937206	659572
292	0.5058926411714294	0.9234588614747159	4.858445827937206	661838
293	0.5070801092655379	0.9240053561866237	4.858445827937206	664133
294	0.5082647235659328	0.9247649861122884	4.858445827937206	666368
295	0.5094464909310201	0.9253916834374671	4.858445827937206	668565
296	0.5106254182027237	0.9259243780282629	4.858445827937206	670883
297	0.5118015122065243	0.9265414177781316	4.858445827937206	673095
298	0.5129747797514992	0.9269909768836042	4.858445827937206	675294
299	0.5141452276303617	0.9283816249429642	4.858445827937206	677496
300	0.5153128626195008	0.9289781961637641	4.858445827937206	679688
301	0.5164776914790197	0.9298064387740992	4.858445827937206	681882
302	0.5176397209527754	0.9305080820349995	4.858445827937206	684098
303	0.5187989577684178	0.9309333655557672	4.858445827937206	686301
304	0.5199554086374283	0.9313560463843322	4.858445827937206	688503
305	0.521109080255159	0.9319278410833383	4.858445827937206	690722
306	0.5222599793008715	0.9327216855021914	4.858445827937206	692918
307	0.5234081124377751	0.9331334219932659	4.858445827937206	695140
308	0.5245534863130658	0.9343716919563535	4.858445827937206	697361
309	0.5256961075579647	0.9347733305745435	4.858445827937206	699564
310	0.5268359827877562	0.9351725112049468	4.858445827937206	701788
311	0.5279731186018268	0.9355692488902008	4.858445827937206	703998
312	0.5291075215837026	0.9359635585808829	4.858445827937206	706199
313	0.5302391983010879	0.9363554551360747	4.858445827937206	708443
314	0.5313681553059033	0.9366163884923864	4.858445827937206	710648
315	0.5324943991343231	0.9370689400114507	4.858445827937206	712876
316	0.5336179363068136	0.9377824440929534	4.858445827937206	715082
317	0.534738773328171	0.9386531270910695	4.858445827937206	717287
318	0.5358569166875584	0.9390285637585672	4.858445827937206	719510
319	0.536972372858544	0.9394017027915708	4.858445827937206	721726
320	0.5380851482991382	0.9399906075263466	4.858445827937206	723966
321	0.5391952494518312	0.9403578589486368	4.858445827937206	726275
322	0.5403026827436301	0.9407836968094189	4.858445827937206	728477
323	0.5414074545860965	0.9412769604761458	4.858445827937206	730689
324	0.5425095713753831	0.9417661153243246	4.858445827937206	732883
325	0.5436090394922712	0.942122500818179	4.858445827937206	735090
326	0.5447058653022072	0.943408667466664	4.858445827937206	737288
327	0.5458000551553399	0.9438127229140371	4.858445827937206	739476
328	0.5468916153865568	0.944577175663506	4.858445827937206	741703
329	0.5479805523155213	0.9449163577519408	4.858445827937206	743961
330	0.5490668722467089	0.9453096484682952	4.858445827937206	746184
331	0.5501505814694436	0.9459474368243501	4.858445827937206	748381
332	0.5512316862579348	0.9468299276517076	4.858445827937206	750575
333	0.5523101928713134	0.9472095557044116	4.858445827937206	752779
334	0.5533861075536677	0.9475326278928095	4.858445827937206	755018
335	0.5544594365340798	0.9479072387485756	4.858445827937206	757232
336	0.5555301860266624	0.9482791749269639	4.858445827937206	759426
337	0.556598362230593	0.9487818068518719	4.858445827937206	761637
338	0.5576639713301517	0.9490952570220107	4.858445827937206	763865
339	0.558727019494756	0.9494067889087598	4.858445827937206	766110
340	0.5597875128789963	0.9496777110839375	4.858445827937206	768341
341	0.5608454576226725	0.949985678410643	4.858445827937206	770580
342	0.5619008598508284	0.9506661453710423	4.858445827937206	772792
343	0.5629537256737882	0.9511455803042683	4.858445827937206	774997
344	0.5640040611871913	0.9514943951054516	4.858445827937206	777221
345	0.5650518724720273	0.9519657809644851	4.858445827937206	779428
346	0.5660971655946722	0.9523658994070967	4.858445827937206	781633
347	0.5671399466069225	0.9527626849180747	4.858445827937206	783847
348	0.568180221546031	0.9530999537828233	4.858445827937206	786060
349	0.569217996434741	0.9537562809602066	4.858445827937206	788271
350	0.5702532772813219	0.9540392878511164	4.858445827937206	790486
351	0.5712860700796036	0.9543205627684315	4.858445827937206	792694
352	0.5723163808090113	0.9545651721187522	4.858445827937206	794919
353	0.5733442154346	0.9548432286774522	4.858445827937206	797161
354	0.5743695799070891	0.955219378376099	4.858445827937206	799383
355	0.5753924801628971	0.9555923947994551	4.858445827937206	801635
356	0.5764129221241756	0.9559623040472731	4.858445827937206	803887
357	0.5774309116988436	0.9566613150941418	4.858445827937206	806107
358	0.5784464547806221	0.9569265434694973	4.858445827937206	808312
359	0.5794595572490676	0.9571901486739782	4.858445827937206	810518
360	0.580470224969607	0.9574958059691007	4.858445827937206	812734
361	0.5814784637935708	0.9579777129309022	4.858445827937206	814952
362	0.582484279558227	0.9584677687567809	4.858445827937206	817201
363	0.5834876780868156	0.9587219418181339	4.858445827937206	819451
364	0.5844886651885814	0.9595081905454075	4.858445827937206	821696
365	0.5854872466588084	0.9602794631064474	4.858445827937206	823962
366	0.5864834282788529	0.9605225487813223	4.858445827937206	826241
367	0.5874772158161772	0.9607641467964133	4.858445827937206	828489
368	0.5884686150243825	0.9610042662560482	4.858445827937206	830749
369	0.5894576316432434	0.9613290953584551	4.858445827937206	833020
370	0.5904442713987395	0.9615657573899379	4.858445827937206	835300
371	0.5914285400030896	0.9618009710736857	4.858445827937206	837558
372	0.5924104431547851	0.9620737076400662	4.858445827937206	839829
373	0.5933899865386218	0.9623058127195752	4.858445827937206	842085
374	0.5943671758257337	0.9625364973394351	4.858445827937206	844329
375	0.5953420166736256	0.962961253605428	4.858445827937206	846577
376	0.596314514726206	0.9632257058912225	4.858445827937206	848852
377	0.5972846756138193	0.9634507608577613	4.858445827937206	851127
378	0.5982525049532789	0.9638769910518399	4.858445827937206	853424
379	0.5992180083478995	0.9642982506314102	4.858445827937206	855781
380	0.6001811913875297	0.9645956412967046	4.858445827937206	858059
381	0.6011420596485841	0.9648123123968956	4.858445827937206	860296
382	0.6021006186940759	0.9652226644389144	4.858445827937206	862498
383	0.6030568740736487	0.9655123548642461	4.858445827937206	864740
384	0.604010831323609	0.9657996322081508	4.858445827937206	866987
385	0.6049624959669582	0.9660089350055407	4.858445827937206	869232
386	0.6059118735134243	0.9663487040850356	4.858445827937206	871426
387	0.6068589694594942	0.9667411390228194	4.858445827937206	873635
388	0.6078037892884451	0.9669786033720347	4.858445827937206	875843
389	0.6087463384703768	0.9673636925455387	4.858445827937206	878057
390	0.6096866224622426	0.9677337187071539	4.858445827937206	880348
391	0.6106246467078815	0.9683483145413033	4.858445827937206	882555
392	0.6115604166380499	0.9685743038466549	4.858445827937206	884730
393	0.612493937670452	0.9687986796149896	4.858445827937206	887167
394	0.6134252152097724	0.969058582325402	4.858445827937206	889454
395	0.6143542546477068	0.9693592763747179	4.858445827937206	891715
396	0.6152810613629928	0.969776156968259	4.858445827937206	893981
397	0.616205640721442	0.9700279174266659	4.858445827937206	896348
398	0.6171279980759704	0.9702113435454838	4.858445827937206	898638
399	0.6180481387666295	0.9705587331251283	4.858445827937206	900934
400	0.6189660681206373	0.9708925343368615	4.858445827937206	903197
401	0.6198817914524092	0.9711834877628988	4.858445827937206	905457
402	0.6207953140635885	0.9713598419079463	4.858445827937206	907703
403	0.6217066412430774	0.9715351167834343	4.858445827937206	909964
404	0.6226157782670674	0.971738352696208	4.858445827937206	912232
405	0.6235227303990702	0.9719113111238932	4.858445827937206	914533
406	0.6244275028899477	0.972083211063466	4.858445827937206	916923
407	0.6253301009779426	0.9722540589927667	4.858445827937206	919184
408	0.6262305298887088	0.972423861349992	4.858445827937206	921437
409	0.6271287948353417	0.9726207517312618	4.858445827937206	923795
410	0.6280249010184079	0.9728488171062617	4.858445827937206	926070
411	0.6289188536259762	0.9730149796038902	4.858445827937206	928328
412	0.629810657833647	0.973180125203812	4.858445827937206	930614
413	0.6307003188045821	0.9734928934230095	4.858445827937206	932897
414	0.6315878416895351	0.9736551142386173	4.858445827937206	935168
415	0.6324732316268808	0.9738163422792142	4.858445827937206	937441
416	0.6333564937426458	0.9741132091467968	4.858445827937206	939702
417	0.6342376331505366	0.9742518306245613	4.858445827937206	941990
418	0.6351166549519708	0.9743897097965605	4.858445827937206	944207
419	0.6359935642361056	0.9747381491190562	4.858445827937206	946443
420	0.6368683660798682	0.9750327479631489	4.858445827937206	948676
421	0.6377410655479837	0.9751855450244629	4.858445827937206	950918
422	0.6386116676930063	0.9753627173096455	4.858445827937206	953163
423	0.6394801775553467	0.9756089875239597	4.858445827937206	955408
424	0.6403466001633031	0.9758121613055178	4.858445827937206	957660
425	0.641210940533089	0.9759848596242742	4.858445827937206	959903
426	0.6420732036688623	0.976218242912668	4.858445827937206	962160
427	0.642933394562755	0.9763637848646003	4.858445827937206	964402
428	0.6437915181949017	0.9766317691631875	4.858445827937206	966652
429	0.6446475795334683	0.9767747803762238	4.858445827937206	968906
430	0.6455015835346811	0.9769169163750774	4.858445827937206	971141
431	0.6463535351428551	0.9770581825159705	4.858445827937206	973395
432	0.6472034392904229	0.9771810339215493	4.858445827937206	975651
433	0.6480513008979631	0.9773439586510915	4.858445827937206	977954
434	0.6488971248742291	0.9774826113363775	4.858445827937206	980173
435	0.6497409161161771	0.9776204154812305	4.858445827937206	982403
436	0.6505826795089948	0.9777402561789569	4.858445827937206	984601
437	0.6514224199261295	0.9780431098363861	4.858445827937206	986826
438	0.652260142229316	0.9781774837870172	4.858445827937206	989122
439	0.6530958512686056	0.9783332939819097	4.858445827937206	991339
440	0.6539295518823933	0.9784879917103664	4.858445827937206	993603
441	0.6547612488974466	0.9787806720952593	4.858445827937206	995952
442	0.6555909471289323	0.9790281278142651	4.858445827937206	998253
443	0.6564186513804459	0.9792028206271408	4.858445827937206	1000520
444	0.6572443664440382	0.9793513100377877	4.858445827937206	1002816
445	0.6580680971002433	0.9795519775787227	4.858445827937206	1005099
446	0.6588898481181069	0.9796771174111337	4.858445827937206	1007353
447	0.6597096242552133	0.9797859446517476	4.858445827937206	1009601
448	0.6605274302577127	0.9799096526292973	4.858445827937206	1011949
449	0.6613432708603496	0.9801829906887627	4.858445827937206	1014185
450	0.6621571507864894	0.9803810782453931	4.858445827937206	1016404
451	0.662969074748146	0.9805771857514782	4.858445827937206	1018640
452	0.6637790474460092	0.9810951274647722	4.858445827937206	1020877
453	0.664587073569472	0.9812108233757053	4.858445827937206	1023159
454	0.6653931577966572	0.9813673346345498	4.858445827937206	1025364
455	0.666197304794445	0.9815003696701811	4.858445827937206	1027593
456	0.6669995192185001	0.9817940145960512	4.858445827937206	1029811
457	0.6677998057132982	0.9819054333883134	4.858445827937206	1032051
458	0.6685981689121532	0.9824224210057901	4.858445827937206	1034285
459	0.6693946134372437	0.98252999401428	4.858445827937206	1036539
460	0.6701891438996405	0.9826369086868205	4.858445827937206	1038782
461	0.6709817648993324	0.9828104672838702	4.858445827937206	1041010
462	0.6717724810252532	0.9829331985223979	4.858445827937206	1043240
463	0.6725612968553089	0.9830550534743413	4.858445827937206	1045502
464	0.6733482169564027	0.9831760383962833	4.858445827937206	1047695
465	0.6741332458844631	0.9834430854058661	4.858445827937206	1049873
466	0.6749163881844692	0.983608585593396	4.858445827937206	1052068
467	0.6756976483904773	0.9837088993943867	4.858445827937206	1054241
468	0.6764770310256473	0.9838252159334878	4.858445827937206	1056450
469	0.6772545406022688	0.9840138431529224	4.858445827937206	1058679
470	0.6780301816217869	0.9841691993905033	4.858445827937206	1060922
471	0.678803958574829	0.9842660822916656	4.858445827937206	1063164
472	0.6795758759412301	0.9843623722792558	4.858445827937206	1065413
473	0.6803459381900592	0.9845447352847455	4.858445827937206	1067640
474	0.6811141497796445	0.9846274968617297	4.858445827937206	1069823
475	0.6818805151576002	0.9847555477000326	4.858445827937206	1072015
476	0.6826450387608515	0.984848842208749	4.858445827937206	1074248
477	0.6834077250156605	0.9849415657644929	4.858445827937206	1076568
478	0.6841685783376521	0.9850920873895042	4.858445827937206	1078805
479	0.6849276031318388	0.9851833223093042	4.858445827937206	1081176
480	0.6856848037926471	0.9853314273757668	4.858445827937206	1083380
481	0.6864401847039425	0.9854211975590191	4.858445827937206	1085629
482	0.687193750239055	0.9855104183578147	4.858445827937206	1087847
483	0.6879455047608041	0.985599093134331	4.858445827937206	1090074
484	0.6886954526215245	0.9856872252301694	4.858445827937206	1092316
485	0.6894435981630911	0.9857748179664806	4.858445827937206	1094547
486	0.6901899457169443	0.9859130607462038	4.858445827937206	1096816
487	0.6909344996041143	0.9860304030140405	4.858445827937206	1098999
488	0.6916772641352477	0.9861933137660633	4.858445827937206	1101271
489	0.6924182436106306	0.9862778092916389	4.858445827937206	1103508
490	0.6931574423202151	0.9863635372635778	4.858445827937206	1105767
491	0.6938948645436429	0.9864469910385375	4.858445827937206	1108040
492	0.6946305145502709	0.9865437579258687	4.858445827937206	1110251
493	0.6953643965991958	0.9867268360493262	4.858445827937206	1112427
494	0.6960965149392779	0.9868216048762484	4.858445827937206	1114612
495	0.6968268738091672	0.9869156970649109	4.858445827937206	1116812
496	0.6975554774373266	0.9870091174464312	4.858445827937206	1118976
497	0.6982823300420571	0.9871173297125999	4.858445827937206	1121154
498	0.6990074358315221	0.9874608675869306	4.858445827937206	1123364
499	0.6997307990037714	0.9875376058111179	4.858445827937206	1125534
