0	0.00240325927734375	0.008329862557267753	5.107954356012027	1992
1	0.004800742899533361	0.0154102705118776	5.107954356012027	3985
2	0.0071924647469656655	0.02244012518782068	5.107954356012027	5978
3	0.00957843866667929	0.02842269290930377	5.107954356012027	8280
4	0.011958678472434925	0.03436864792044114	5.107954356012027	10264
5	0.01433319794479504	0.04027821428732292	5.107954356012027	12233
6	0.01670201083120393	0.04713051477435337	5.107954356012027	14201
7	0.019065130846067313	0.05296197980476125	5.107954356012027	16188
8	0.021422571670831503	0.05875775685803464	5.107954356012027	18195
9	0.023774346954062775	0.07156377377153078	5.107954356012027	20189
10	0.026120470311526423	0.07724570972410572	5.107954356012027	22185
11	0.02846095532626547	0.08289287280240332	5.107954356012027	24191
12	0.030795815548679273	0.08850547581290291	5.107954356012027	26226
13	0.03312506449660224	0.09736353727244706	5.107954356012027	28224
14	0.03544871565538188	0.10613551455842907	5.107954356012027	30266
15	0.03776678247795695	0.11160587494838503	5.107954356012027	32261
16	0.04007927838493508	0.11794890434126859	5.107954356012027	34261
17	0.042386216764671025	0.12334696797864997	5.107954356012027	36249
18	0.04468761097334362	0.13186643379032492	5.107954356012027	38239
19	0.04698347433503336	0.13909786707820226	5.107954356012027	40309
20	0.049273820141799596	0.15276298029918312	5.107954356012027	42387
21	0.05155866165375744	0.15729985968117122	5.107954356012027	44388
22	0.0538380120991544	0.16572335129618654	5.107954356012027	46367
23	0.056111884674447055	0.17082904014238787	5.107954356012027	48359
24	0.05838029254437771	0.17590348268841438	5.107954356012027	50362
25	0.06064324884205019	0.18414101555616869	5.107954356012027	52432
26	0.06290076666900601	0.18913399015688404	5.107954356012027	54410
27	0.06515285909530044	0.19492347794061549	5.107954356012027	56398
28	0.06739953915957797	0.1998504649603331	5.107954356012027	58420
29	0.06964081986914772	0.20474729931700897	5.107954356012027	60412
30	0.07187671420005914	0.20961416554189616	5.107954356012027	62387
31	0.07410723509717665	0.21384661185005516	5.107954356012027	64486
32	0.07633239547425485	0.21865779120107354	5.107954356012027	66493
33	0.07855220821401321	0.22343952662028854	5.107954356012027	68476
34	0.08076668616821081	0.23120189703308036	5.107954356012027	70463
35	0.08297584215772047	0.23590686379128634	5.107954356012027	72449
36	0.0851796889726033	0.24058303662803182	5.107954356012027	74452
37	0.08737823937218236	0.24600518428107143	5.107954356012027	76434
38	0.08957150608511699	0.250619556416131	5.107954356012027	78414
39	0.09175950180947601	0.25811023973392055	5.107954356012027	80397
40	0.09394223921281164	0.26265053015195705	5.107954356012027	82428
41	0.0961197309322328	0.2671630344511061	5.107954356012027	84601
42	0.09829198957447793	0.27326746565101356	5.107954356012027	86699
43	0.10045902771598825	0.27771499537698885	5.107954356012027	88777
44	0.10262085790298059	0.2859041677650048	5.107954356012027	90902
45	0.10477749265152003	0.2953498798316053	5.107954356012027	93003
46	0.10692894444759216	0.2996622674126408	5.107954356012027	95097
47	0.10907522574717565	0.303948263617138	5.107954356012027	97189
48	0.11121634897631416	0.3082080299576565	5.107954356012027	99361
49	0.11335232653118832	0.31493098399110975	5.107954356012027	101479
50	0.11548317077818748	0.3191235371919563	5.107954356012027	103578
51	0.11760889405398145	0.32329043239057076	5.107954356012027	105676
52	0.11972950866559184	0.32743182661133574	5.107954356012027	107840
53	0.12184502689046317	0.3315478759176608	5.107954356012027	109905
54	0.1239554609765342	0.33711599023738037	5.107954356012027	112009
55	0.1260608231423087	0.3448464160072068	5.107954356012027	114097
56	0.12816112557692616	0.3488558897849253	5.107954356012027	116268
57	0.13025638044023236	0.35284082598799416	5.107954356012027	118356
58	0.1323465998628499	0.3574614662498755	5.107954356012027	120420
59	0.13443179594624832	0.3613937371939556	5.107954356012027	122537
60	0.13651198076281423	0.37008225777635084	5.107954356012027	124696
61	0.13858716635592117	0.3774282372775012	5.107954356012027	126764
62	0.14065736473999924	0.38448687404306237	5.107954356012027	128831
63	0.14272258790060488	0.38888156524998996	5.107954356012027	130965
64	0.14478284779449002	0.39499020433120624	5.107954356012027	133029
65	0.14683815634967146	0.39930990299725344	5.107954356012027	135123
66	0.1488885254654998	0.4043135689447982	5.107954356012027	137385
67	0.15093396701272854	0.4079591097514327	5.107954356012027	139463
68	0.15297449283358266	0.412186211960621	5.107954356012027	141513
69	0.15501011474182713	0.41638313315802244	5.107954356012027	143575
70	0.1570408445228355	0.4199548094504365	5.107954356012027	145646
71	0.1590666939336579	0.42357858198614806	5.107954356012027	147698
72	0.16108767470308916	0.42838009317326886	5.107954356012027	149766
73	0.16310379853173695	0.43187834928182267	5.107954356012027	151857
74	0.16511507709208928	0.43850367465462936	5.107954356012027	153954
75	0.1671215220285821	0.44251269226880463	5.107954356012027	156064
76	0.1691231449576669	0.4454979875443331	5.107954356012027	158113
77	0.17111995746787756	0.45011691309581725	5.107954356012027	160176
78	0.17311197111989796	0.4534821420613929	5.107954356012027	162188
79	0.1750991974466285	0.4589450444314581	5.107954356012027	164424
80	0.1770816479532532	0.46435334053043564	5.107954356012027	166370
81	0.179059334117306	0.4695588474251836	5.107954356012027	168416
82	0.18103226738873734	0.47280509371587764	5.107954356012027	170454
83	0.18300045918998054	0.47656920323893914	5.107954356012027	172433
84	0.18496392091601777	0.4818013311532521	5.107954356012027	174439
85	0.18692266393444623	0.48550120860084	5.107954356012027	176486
86	0.18887669958554376	0.49064405366272246	5.107954356012027	178539
87	0.19082603918233454	0.4965840646987256	5.107954356012027	180537
88	0.1927706940106546	0.499664919388667	5.107954356012027	182545
89	0.19471067532921726	0.5054997308243676	5.107954356012027	184644
90	0.19664599436967822	0.5096188501011325	5.107954356012027	186703
91	0.19857666233670057	0.5126199332206421	5.107954356012027	188699
92	0.2005026904080197	0.5152298104152719	5.107954356012027	190685
93	0.20242408973450798	0.5186910124590731	5.107954356012027	192732
94	0.20434087144023938	0.5278588026979479	5.107954356012027	194740
95	0.20625304662255384	0.5312298352246478	5.107954356012027	196702
96	0.20816062635212151	0.534576798976242	5.107954356012027	198701
97	0.21006362167300685	0.537425141968848	5.107954356012027	200664
98	0.21196204360273252	0.5402560533899602	5.107954356012027	202655
99	0.21385590313234326	0.5435385710072151	4.877112537272065	204604
100	0.2157452112264695	0.5473408319734192	4.877112537272065	206637
101	0.21762997882339075	0.5526196560903471	4.877112537272065	208648
102	0.21951021683509908	0.5563462728659379	4.877112537272065	210691
103	0.22138593614736213	0.5776416517683728	4.877112537272065	212676
104	0.22325714761978632	0.580226442210508	4.877112537272065	214640
105	0.22512386208587953	0.5837230982520698	4.877112537272065	216736
106	0.2269860903531139	0.5916521820948875	4.877112537272065	218883
107	0.22884384320298856	0.5957339595333393	4.877112537272065	221003
108	0.23069713139109171	0.600317474731374	4.877112537272065	223013
109	0.23254596564716323	0.604978495434215	4.877112537272065	225068
110	0.23439035667515662	0.6077989024400992	4.877112537272065	227039
111	0.23623031515330084	0.6101991335533523	4.877112537272065	229083
112	0.23806585173416261	0.6335871855401513	4.877112537272065	231180
113	0.23989697704470747	0.63582959496489	4.877112537272065	233187
114	0.2417237016863618	0.638863084386257	4.877112537272065	235191
115	0.24354603623507398	0.641073205842809	4.877112537272065	237188
116	0.24536399124137553	0.6459565635864444	4.877112537272065	239177
117	0.2471775772304423	0.650085350016923	4.877112537272065	241271
118	0.24898680470215562	0.6556395508103052	4.877112537272065	243320
119	0.2507916841311627	0.6577470019864018	4.877112537272065	245298
120	0.25259222596693753	0.6598415557741075	4.877112537272065	247269
121	0.25438844063384136	0.6674006323124606	4.877112537272065	249238
122	0.2561803385311828	0.6694361068573784	4.877112537272065	251265
123	0.25796793003327845	0.6727403690129066	4.877112537272065	253240
124	0.25975122548951257	0.6750769642243334	4.877112537272065	255328
125	0.2615302352243972	0.6783248412999752	4.877112537272065	257306
126	0.26330496953763205	0.6802934607889978	4.877112537272065	259268
127	0.2650754387041637	0.6829565723192852	4.877112537272065	261237
128	0.2668416529742458	0.6871502684526279	4.877112537272065	263242
129	0.26860362257349746	0.6907986618234427	4.877112537272065	265200
130	0.2703613577029633	0.6926909427904473	4.877112537272065	267203
131	0.2721148685391722	0.6948850932554409	4.877112537272065	269180
132	0.273864165234196	0.6970635777446029	4.877112537272065	271162
133	0.27560925791570867	0.6989175180587908	4.877112537272065	273184
134	0.27735015668704466	0.7024286840289506	4.877112537272065	275160
135	0.27908687162725754	0.7042497904344378	4.877112537272065	277172
136	0.2808194127911783	0.7060597518526156	4.877112537272065	279192
137	0.2825477902094734	0.7085082337197325	4.877112537272065	281229
138	0.28427201388870327	0.7102921338950148	4.877112537272065	283202
139	0.2859920938113798	0.7120651167813596	4.877112537272065	285172
140	0.28770803993602434	0.7144635747840139	4.877112537272065	287219
141	0.2894198621972255	0.7168420539611566	4.877112537272065	289197
142	0.29112757050569615	0.7185749519980967	4.877112537272065	291161
143	0.29283117474833154	0.7202972448740359	4.877112537272065	293136
144	0.29453068478826594	0.7256249164002447	4.877112537272065	295117
145	0.29622611046492986	0.7275839221735517	4.877112537272065	297095
146	0.29791746159410726	0.7292510810617279	4.877112537272065	299158
147	0.2996047479679923	0.7329347398227928	4.877112537272065	301169
148	0.30128797935524576	0.7345691522472724	4.877112537272065	303171
149	0.30296716550105185	0.7361935622327542	4.877112537272065	305212
150	0.30464231612717463	0.7378080309931552	4.877112537272065	307207
151	0.3063134409320143	0.7394126193677689	4.877112537272065	309241
152	0.3079805495906631	0.7410073878235586	4.877112537272065	311280
153	0.30964365175496167	0.7428565645630822	4.877112537272065	313286
154	0.3113027570535547	0.7454269279327141	4.877112537272065	315283
155	0.31295787509194684	0.7469848894274012	4.877112537272065	317403
156	0.31460901545255804	0.7490924705233828	4.877112537272065	319480
157	0.3162561876947795	0.7506279992675555	4.877112537272065	321514
158	0.31789940135502837	0.7524084859747544	4.877112537272065	323627
159	0.3195386659468036	0.7539237210392103	4.877112537272065	325787
160	0.3211739909607406	0.7556806766812223	4.877112537272065	327874
161	0.32280538586466645	0.757175886268975	4.877112537272065	329967
162	0.32443286010365446	0.7586619453250345	4.877112537272065	332073
163	0.326056423100079	0.7601389098497306	4.877112537272065	334168
164	0.3276760842536699	0.7621369197635187	4.877112537272065	336271
165	0.3292918529415674	0.7645145598825006	4.877112537272065	338350
166	0.3309037385183756	0.7664761212329171	4.877112537272065	340449
167	0.3325117503162174	0.7679052637901195	4.877112537272065	342586
168	0.3341158976447879	0.7693256601391841	4.877112537272065	344647
169	0.3357161897914087	0.7712471456857133	4.877112537272065	346779
170	0.33731263602108175	0.7726470900550346	4.877112537272065	348867
171	0.33890524557654256	0.7740384669061797	4.877112537272065	350905
172	0.34049402767831405	0.7771127734788847	4.877112537272065	353016
173	0.34207899152475973	0.7797120414266528	4.877112537272065	355082
174	0.34366014629213726	0.7810601814888107	4.877112537272065	357222
175	0.3452375011346511	0.7824279854361942	4.877112537272065	359337
176	0.3468110651845061	0.7849652684048684	4.877112537272065	361414
177	0.34838084755195975	0.7865005910556339	4.877112537272065	363520
178	0.34994685732537534	0.7878071858795588	4.877112537272065	365630
179	0.35150910357127463	0.789574722856822	4.877112537272065	367712
180	0.3530675953343899	0.7914151771758584	4.877112537272065	369784
181	0.3546223416377169	0.7929044482378503	4.877112537272065	371900
182	0.35617335148256646	0.7941718521024709	4.877112537272065	373973
183	0.3577206338486171	0.7956414408302452	4.877112537272065	376088
184	0.3592641976939669	0.7968920945765773	4.877112537272065	378227
185	0.36080405195518517	0.8006533520844185	4.877112537272065	380296
186	0.36234020554736446	0.8033655513757869	4.877112537272065	382374
187	0.3638726673641719	0.8055949668930682	4.877112537272065	384488
188	0.36540144627790083	0.8077991055904257	4.877112537272065	386588
189	0.36692655113952244	0.810414083745658	4.877112537272065	388696
190	0.36844799077873636	0.8115743304090647	4.877112537272065	390980
191	0.3699657740040224	0.812727476480051	4.877112537272065	393037
192	0.3714799096026914	0.8149114126143944	4.877112537272065	395241
193	0.3729904063409356	0.8160441360792572	4.877112537272065	397356
194	0.37449727296388025	0.81926202291169	4.877112537272065	399461
195	0.3760005181956336	0.8203681210808507	4.877112537272065	401625
196	0.3775001507393376	0.8216506715342509	4.877112537272065	403697
197	0.3789961792772184	0.8229240647285087	4.877112537272065	405786
198	0.38048861247063637	0.8238722907161586	4.877112537272065	407948
199	0.38197745896013646	0.8249501745118931	4.877112537272065	410011
200	0.383462727365498	0.8260214617676407	4.877112537272065	412108
201	0.38494442628578507	0.8277605225413085	4.877112537272065	414198
202	0.3864225642993957	0.8304944825009702	4.877112537272065	416282
203	0.38789714996411195	0.8324712232298219	4.877112537272065	418368
204	0.3893681918171492	0.8334964824268787	4.877112537272065	420558
205	0.3908356983752058	0.834685297926895	4.877112537272065	422650
206	0.3922996781345123	0.8358656254242933	4.877112537272065	424821
207	0.3937601395708803	0.8368701112226808	4.877112537272065	427131
208	0.3952170911397521	0.8382289607751783	4.877112537272065	429256
209	0.39667054127624946	0.8407967550485882	4.877112537272065	431355
210	0.3981204983952221	0.8421228961977045	4.877112537272065	433481
211	0.3995669708912969	0.8442708840045384	4.877112537272065	435483
212	0.401009967138926	0.845223930469164	4.877112537272065	437479
213	0.4024494954924358	0.8470288992100483	4.877112537272065	439469
214	0.403885564286075	0.847965066900116	4.877112537272065	441460
215	0.4053181818340631	0.8497380690353915	4.877112537272065	443468
216	0.4067473564306381	0.8514903947609264	4.877112537272065	445460
217	0.4081730963501049	0.8525507358467055	4.877112537272065	447428
218	0.40959540984688314	0.8540246143721861	4.877112537272065	449448
219	0.4110143051555549	0.8557269512308194	4.877112537272065	451399
220	0.41242979049091255	0.8571690808311778	4.877112537272065	453358
221	0.4138418740480061	0.8580431916336628	4.877112537272065	455413
222	0.4152505640021906	0.8590567465217428	4.877112537272065	457396
223	0.4166558685091739	0.8600630647473269	4.877112537272065	459382
224	0.4180577957050633	0.8614229960908901	4.877112537272065	461349
225	0.419456353706413	0.8624124195733138	4.877112537272065	463332
226	0.420851550610271	0.8637495194802787	4.877112537272065	465516
227	0.4222433944942261	0.8656032675145606	4.877112537272065	467505
228	0.42363189341645446	0.8669466750862601	4.877112537272065	469564
229	0.4250170554157664	0.8677609479992291	4.877112537272065	471536
230	0.42639888851165286	0.8687051192516889	4.877112537272065	473522
231	0.4277774007043319	0.8695086306639304	4.877112537272065	475473
232	0.42915259997479493	0.8708401752489923	4.877112537272065	477452
233	0.43052449428485307	0.8716306203341245	4.877112537272065	479470
234	0.43189309157718303	0.8724162279751536	4.877112537272065	481440
235	0.4332583997753733	0.8741520616081446	4.877112537272065	483431
236	0.4346204267839697	0.8749222382831877	4.877112537272065	485420
237	0.4359791804885218	0.8765767060307645	4.877112537272065	487378
238	0.43733466875562776	0.8782092892843258	4.877112537272065	489363
239	0.43868689943298045	0.8796295891177448	4.877112537272065	491372
240	0.44003588034941277	0.8833143976141404	4.877112537272065	493393
241	0.4413816193149427	0.8846751626565411	4.877112537272065	495407
242	0.44272412412081874	0.8852927169708691	4.877112537272065	497379
243	0.4440634025395652	0.885994713960057	4.877112537272065	499364
244	0.4453994623250269	0.8881662432179608	4.877112537272065	501339
245	0.4467323112124141	0.889097803041218	4.877112537272065	503344
246	0.4480619569183474	0.8898896316623315	4.877112537272065	505300
247	0.44938840714090234	0.8906758067203739	4.877112537272065	507258
248	0.450711669559654	0.8914563685811199	4.877112537272065	509243
249	0.4520317518357214	0.8921206446448483	4.877112537272065	511200
250	0.453348661611812	0.8985934059661574	4.877112537272065	513168
251	0.45466240651226575	0.8996070495550005	4.877112537272065	515147
252	0.45597299414309944	0.9016558852783678	4.877112537272065	517128
253	0.4572804320920506	0.9022577413298394	4.877112537272065	519118
254	0.45858472792862137	0.9030719209105987	4.877112537272065	521230
255	0.45988588920412254	0.90366511096699	4.877112537272065	523195
256	0.461183923451717	0.9041809757859922	4.877112537272065	525243
257	0.4624788381864636	0.9047673785385365	4.877112537272065	527251
258	0.4637706409053606	0.9055606531862788	4.877112537272065	529258
259	0.46505933908738883	0.9060663675441794	4.877112537272065	531243
260	0.46634494019355544	0.9067370426137753	4.877112537272065	533220
261	0.46762745166693676	0.9081762857833158	4.877112537272065	535199
262	0.46890688093272137	0.9089411647022386	4.877112537272065	537170
263	0.47018323539825324	0.9096996722848938	4.877112537272065	539136
264	0.4714565224530747	0.9102523011721336	4.877112537272065	541105
265	0.47272674946896887	0.9108930891687627	4.877112537272065	543053
266	0.4739939238000027	0.9119322368169404	4.877112537272065	545085
267	0.4752580527825695	0.9124712026346846	4.877112537272065	547142
268	0.47651914373543125	0.9133461260569119	4.877112537272065	549138
269	0.477777203959761	0.9142123038889127	4.877112537272065	551114
270	0.47903224073918504	0.914737315926414	4.877112537272065	553109
271	0.4802842613398256	0.9153460814460683	4.877112537272065	555079
272	0.4815332730103422	0.9158641548794068	4.877112537272065	557095
273	0.48277928298197414	0.9164648749016874	4.877112537272065	559070
274	0.48402229846858214	0.9172998782346151	4.877112537272065	561053
275	0.48526232666669	0.9181265350119451	4.877112537272065	563039
276	0.4864993747555266	0.9189221955074558	4.877112537272065	565001
277	0.48773344989706724	0.9210842702939237	4.877112537272065	567034
278	0.48896455923607496	0.9216477193071163	4.877112537272065	568994
279	0.4901927099001423	0.9224309157821806	4.877112537272065	570972
280	0.49141790899973226	0.9229056307447967	4.877112537272065	572968
281	0.4926401636282195	0.9238046904445658	4.877112537272065	574995
282	0.49385948086193154	0.9242709980449697	4.877112537272065	576970
283	0.49507586776018964	0.9257134552250655	4.877112537272065	578986
284	0.4962893313653497	0.9267241565145204	4.877112537272065	580973
285	0.49749987870284296	0.9275786853015231	4.877112537272065	583007
286	0.4987075167812167	0.9280218964344941	4.877112537272065	585180
287	0.499912252592175	0.9286214641443276	4.877112537272065	587163
288	0.5011140931106188	0.9290582935760786	4.877112537272065	589174
289	0.5023130452946867	0.9295648090024409	4.877112537272065	591185
290	0.5035091160857952	0.9300677079683305	4.877112537272065	593200
291	0.5047023124086787	0.9307667396254568	4.877112537272065	595211
292	0.5058926411714294	0.9315741245860928	4.877112537272065	597192
293	0.5070801092655379	0.9328774745939767	4.877112537272065	599159
294	0.5082647235659328	0.9332369097868454	4.877112537272065	601160
295	0.5094464909310201	0.9337135903857374	4.877112537272065	603349
296	0.5106254182027237	0.9341192565190855	4.877112537272065	605390
297	0.5118015122065243	0.934522440016661	4.877112537272065	607357
298	0.5129747797514992	0.9349231560719441	4.877112537272065	609325
299	0.5141452276303617	0.9353214197854325	4.877112537272065	611317
300	0.5153128626195008	0.9359679362057364	4.877112537272065	613278
301	0.5164776914790197	0.9366079901545337	4.877112537272065	615254
302	0.5176397209527754	0.9370606016367409	4.877112537272065	617277
303	0.5187989577684178	0.9374457843992084	4.877112537272065	619409
304	0.5199554086374283	0.9378286098820648	4.877112537272065	621401
305	0.521109080255159	0.9383464890167414	4.877112537272065	623364
306	0.5222599793008715	0.9389627673439377	4.877112537272065	625346
307	0.5234081124377751	0.9393363090443547	4.877112537272065	627435
308	0.5245534863130658	0.9399426932938073	4.877112537272065	629484
309	0.5256961075579647	0.9403102379463624	4.877112537272065	631640
310	0.5268359827877562	0.9407364158154905	4.877112537272065	633832
311	0.5279731186018268	0.9414275363307618	4.877112537272065	635937
312	0.5291075215837026	0.9417859938938677	4.877112537272065	638010
313	0.5302391983010879	0.9422016350393866	4.877112537272065	640098
314	0.5313681553059033	0.942555355196563	4.877112537272065	642191
315	0.5324943991343231	0.9431295623915994	4.877112537272065	644277
316	0.5336179363068136	0.943792774491989	4.858445827937206	646424
317	0.534738773328171	0.9441940874604522	4.858445827937206	648540
318	0.5358569166875584	0.9447635355475904	4.858445827937206	650618
319	0.536972372858544	0.9453003330641347	4.858445827937206	652705
320	0.5380851482991382	0.945635089502301	4.858445827937206	654827
321	0.5391952494518312	0.9459677972648688	4.858445827937206	656913
322	0.5403026827436301	0.9464178780873189	4.858445827937206	658989
323	0.5414074545860965	0.9467457952627911	4.858445827937206	661103
324	0.5425095713753831	0.9472781155100601	4.858445827937206	663228
325	0.5436090394922712	0.9477904759035484	4.858445827937206	665444
326	0.5447058653022072	0.9483993333274137	4.858445827937206	667546
327	0.5458000551553399	0.9487677560084817	4.858445827937206	669674
328	0.5468916153865568	0.9491335481950101	4.858445827937206	671799
329	0.5479805523155213	0.9494448457436471	4.858445827937206	673921
330	0.5490668722467089	0.9500344102247708	4.858445827937206	676092
331	0.5501505814694436	0.9503401945887531	4.858445827937206	678146
332	0.5512316862579348	0.9510158381997905	4.858445827937206	680250
333	0.5523101928713134	0.9513156163236687	4.858445827937206	682337
334	0.5533861075536677	0.9516135598357	4.858445827937206	684478
335	0.5544594365340798	0.9520972227111448	4.858445827937206	686562
336	0.5555301860266624	0.95239038287101	4.858445827937206	688648
337	0.556598362230593	0.9526817489202996	4.858445827937206	690722
338	0.5576639713301517	0.9535830489408653	4.858445827937206	692806
339	0.558727019494756	0.9539144605031368	4.858445827937206	694893
340	0.5597875128789963	0.9542983467130232	4.858445827937206	696970
341	0.5608454576226725	0.9545780362162627	4.858445827937206	699051
342	0.5619008598508284	0.9548560140479849	4.858445827937206	701097
343	0.5629537256737882	0.9551322906834467	4.858445827937206	703262
344	0.5640040611871913	0.9555060325353131	4.858445827937206	705347
345	0.5650518724720273	0.9559384326078562	4.858445827937206	707466
346	0.5660971655946722	0.9563238107483123	4.858445827937206	709562
347	0.5671399466069225	0.9567482635107193	4.858445827937206	711659
348	0.568180221546031	0.9571085445310382	4.858445827937206	713726
349	0.569217996434741	0.9573710359074006	4.858445827937206	715808
350	0.5702532772813219	0.9576754016889863	4.858445827937206	717897
351	0.5712860700796036	0.9581072853452212	4.858445827937206	719954
352	0.5723163808090113	0.9583636645286518	4.858445827937206	722029
353	0.5733442154346	0.9588492194612623	4.858445827937206	724108
354	0.5743695799070891	0.9591010580828221	4.858445827937206	726203
355	0.5753924801628971	0.959578013673693	4.858445827937206	728191
356	0.5764129221241756	0.9598253921482651	4.858445827937206	730192
357	0.5774309116988436	0.9603719854523705	4.858445827937206	732152
358	0.5784464547806221	0.9608341197328092	4.858445827937206	734111
359	0.5794595572490676	0.9610738109651391	4.858445827937206	736097
360	0.580470224969607	0.9613120353113307	4.858445827937206	738084
361	0.5814784637935708	0.9620489489244483	4.858445827937206	740073
362	0.582484279558227	0.9622812055247967	4.858445827937206	742153
363	0.5834876780868156	0.9626582363733619	4.858445827937206	744124
364	0.5844886651885814	0.9629248521664955	4.858445827937206	746085
365	0.5854872466588084	0.9633572154065363	4.858445827937206	748068
366	0.5864834282788529	0.9636188405717184	4.858445827937206	750038
367	0.5874772158161772	0.9639218906294301	4.858445827937206	752037
368	0.5884686150243825	0.9642825214602896	4.858445827937206	754127
369	0.5894576316432434	0.9645011088222611	4.858445827937206	756318
370	0.5904442713987395	0.9651772781780276	4.858445827937206	758456
371	0.5914285400030896	0.9655833740593334	4.858445827937206	760504
372	0.5924104431547851	0.9662389288391556	4.858445827937206	762488
373	0.5933899865386218	0.9665201539217116	4.858445827937206	764464
374	0.5943671758257337	0.9668548129412363	4.858445827937206	766467
375	0.5953420166736256	0.9670576581390902	4.858445827937206	768519
376	0.596314514726206	0.9673320633191062	4.858445827937206	770484
377	0.5972846756138193	0.9676495359787843	4.858445827937206	772437
378	0.5982525049532789	0.9678475175518982	4.858445827937206	774393
379	0.5992180083478995	0.9681689084634995	4.858445827937206	776361
380	0.6001811913875297	0.968396178707111	4.858445827937206	778326
381	0.6011420596485841	0.9686594341947653	4.858445827937206	780288
382	0.6021006186940759	0.9688512352927752	4.858445827937206	782274
383	0.6030568740736487	0.9690418625874331	4.858445827937206	784264
384	0.604010831323609	0.9692313232622968	4.858445827937206	786242
385	0.6049624959669582	0.9694876221105909	4.858445827937206	788202
386	0.6059118735134243	0.969674354782185	4.858445827937206	790154
387	0.6068589694594942	0.9698599446686849	4.858445827937206	792128
388	0.6078037892884451	0.9701110071870632	4.858445827937206	794097
389	0.6087463384703768	0.9703244110745834	4.858445827937206	796084
390	0.6096866224622426	0.97067048208246	4.858445827937206	798060
391	0.6106246467078815	0.9708798913851377	4.858445827937206	800064
392	0.6115604166380499	0.9711224578875522	4.858445827937206	802021
393	0.612493937670452	0.9713028673551435	4.858445827937206	804019
394	0.6134252152097724	0.9715077615014744	4.858445827937206	805959
395	0.6143542546477068	0.9718954110048557	4.858445827937206	807942
396	0.6152810613629928	0.972100254947969	4.858445827937206	809915
397	0.616205640721442	0.9722709985704177	4.858445827937206	811873
398	0.6171279980759704	0.9725019773411764	4.858445827937206	813893
399	0.6180481387666295	0.9727768430403899	4.858445827937206	815857
400	0.6189660681206373	0.9730489612274081	4.858445827937206	817851
401	0.6198817914524092	0.973241388469195	4.858445827937206	819828
402	0.6207953140635885	0.9735534422479798	4.858445827937206	821820
403	0.6217066412430774	0.9737422675547117	4.858445827937206	823798
404	0.6226157782670674	0.9739297446709986	4.858445827937206	825805
405	0.6235227303990702	0.9740892920010812	4.858445827937206	827782
406	0.6244275028899477	0.9742478629176144	4.858445827937206	829773
407	0.6253301009779426	0.9744054633961508	4.858445827937206	831793
408	0.6262305298887088	0.9745620993756726	4.858445827937206	833817
409	0.6271287948353417	0.9747437229893406	4.858445827937206	835819
410	0.6280249010184079	0.9748982888543092	4.858445827937206	837791
411	0.6289188536259762	0.9751422316254043	4.858445827937206	839775
412	0.629810657833647	0.9752943586577608	4.858445827937206	841764
413	0.6307003188045821	0.9755824710932388	4.858445827937206	843779
414	0.6315878416895351	0.9757319039045068	4.858445827937206	845739
415	0.6324732316268808	0.9761941533539448	4.858445827937206	847728
416	0.6333564937426458	0.9763398427315438	4.858445827937206	849716
417	0.6342376331505366	0.9764846405048636	4.858445827937206	851702
418	0.6351166549519708	0.9768045773687429	4.858445827937206	853678
419	0.6359935642361056	0.9769465310130111	4.858445827937206	855637
420	0.6368683660798682	0.9775612901859975	4.858445827937206	857630
421	0.6377410655479837	0.9777214999306088	4.858445827937206	859609
422	0.6386116676930063	0.9778578421013876	4.858445827937206	861562
423	0.6394801775553467	0.9779933498718488	4.858445827937206	863503
424	0.6403466001633031	0.9781504747612032	4.858445827937206	865473
425	0.641210940533089	0.978284191649336	4.858445827937206	867425
426	0.6420732036688623	0.978465081348217	4.858445827937206	869415
427	0.642933394562755	0.9785968728758057	4.858445827937206	871381
428	0.6437915181949017	0.9787278578525536	4.858445827937206	873386
429	0.6446475795334683	0.9788580412144705	4.858445827937206	875455
430	0.6455015835346811	0.9789874278673582	4.858445827937206	877446
431	0.6463535351428551	0.979137455156935	4.858445827937206	879421
432	0.6472034392904229	0.9793112372880726	4.858445827937206	881383
433	0.6480513008979631	0.9794835718379428	4.858445827937206	883367
434	0.6488971248742291	0.9796300567180194	4.858445827937206	885359
435	0.6497409161161771	0.9797547187139821	4.858445827937206	887323
436	0.6505826795089948	0.9798786177911178	4.858445827937206	889319
437	0.6514224199261295	0.9800017586184125	4.858445827937206	891290
438	0.652260142229316	0.9801088474340455	4.858445827937206	893305
439	0.6530958512686056	0.9802745380010255	4.858445827937206	895328
440	0.6539295518823933	0.9803952558366149	4.858445827937206	897314
441	0.6547612488974466	0.9805585606609664	4.858445827937206	899278
442	0.6555909471289323	0.9807852829856198	4.858445827937206	901263
443	0.6564186513804459	0.981009361318149	4.858445827937206	903236
444	0.6572443664440382	0.9811449522410872	4.858445827937206	905210
445	0.6580680971002433	0.9813334241886982	4.858445827937206	907189
446	0.6588898481181069	0.9814476617477436	4.858445827937206	909240
447	0.6597096242552133	0.9815612001844632	4.858445827937206	911187
448	0.6605274302577127	0.9816928510429069	4.858445827937206	913156
449	0.6613432708603496	0.981804888945899	4.858445827937206	915136
450	0.6621571507864894	0.9819347998952946	4.858445827937206	917153
451	0.662969074748146	0.9820637832958161	4.858445827937206	919132
452	0.6637790474460092	0.9821918457700531	4.858445827937206	921127
453	0.664587073569472	0.9823189938933109	4.858445827937206	923083
454	0.6653931577966572	0.9824271998652854	4.858445827937206	925072
455	0.666197304794445	0.9825347436276377	4.858445827937206	927093
456	0.6669995192185001	0.982641629233024	4.858445827937206	929097
457	0.6677998057132982	0.9827655659553444	4.858445827937206	931064
458	0.6685981689121532	0.9828710389513932	4.858445827937206	933016
459	0.6693946134372437	0.9831157383949447	4.858445827937206	934990
460	0.6701891438996405	0.9832362900337028	4.858445827937206	936952
461	0.6709817648993324	0.9833829114036704	4.858445827937206	938925
462	0.6717724810252532	0.9835213294677798	4.858445827937206	940918
463	0.6725612968553089	0.9836389852340597	4.858445827937206	942885
464	0.6733482169564027	0.9838297842400765	4.858445827937206	944906
465	0.6741332458844631	0.9839287443276857	4.858445827937206	946880
466	0.6749163881844692	0.9840434911998627	4.858445827937206	948898
467	0.6756976483904773	0.9842605865576877	4.858445827937206	950939
468	0.6764770310256473	0.9843916937083942	4.858445827937206	952921
469	0.6772545406022688	0.984487214966798	4.858445827937206	954903
470	0.6780301816217869	0.9846924105360203	4.858445827937206	956887
471	0.678803958574829	0.9847860914378049	4.858445827937206	958861
472	0.6795758759412301	0.9848791990219304	4.858445827937206	960913
473	0.6803459381900592	0.9849871597595617	4.858445827937206	962882
474	0.6811141497796445	0.9850790368258616	4.858445827937206	964946
475	0.6818805151576002	0.9852033263983242	4.858445827937206	966939
476	0.6826450387608515	0.985293880546623	4.858445827937206	968944
477	0.6834077250156605	0.9853988805070207	4.858445827937206	970968
478	0.6841685783376521	0.9855031307800711	4.858445827937206	973026
479	0.6849276031318388	0.9855918501558274	4.858445827937206	975114
480	0.6856848037926471	0.985787879405408	4.858445827937206	977276
481	0.6864401847039425	0.9858893522721511	4.858445827937206	979334
482	0.687193750239055	0.9859901006345799	4.858445827937206	981424
483	0.6879455047608041	0.986106801170735	4.858445827937206	983465
484	0.6886954526215245	0.9863273281362789	4.858445827937206	985465
485	0.6894435981630911	0.9865133508827241	4.858445827937206	987543
486	0.6901899457169443	0.9865958878134625	4.858445827937206	989667
487	0.6909344996041143	0.9866779196265192	4.858445827937206	991654
488	0.6916772641352477	0.9868073859080885	4.858445827937206	993722
489	0.6924182436106306	0.9869569620315796	4.858445827937206	995688
490	0.6931574423202151	0.9871090674306282	4.858445827937206	997719
491	0.6938948645436429	0.9872593990057812	4.858445827937206	999769
492	0.6946305145502709	0.9874079774430315	4.858445827937206	1001829
493	0.6953643965991958	0.9875128672602491	4.858445827937206	1003910
494	0.6960965149392779	0.9876544447289538	4.858445827937206	1005873
495	0.6968268738091672	0.9877425905391832	4.858445827937206	1007900
496	0.6975554774373266	0.9878176046473506	4.858445827937206	1009888
497	0.6982823300420571	0.9878921596767508	4.858445827937206	1011927
498	0.6990074358315221	0.9879930163225088	4.858445827937206	1013982
499	0.6997307990037714	0.9880930328462697	4.858445827937206	1016036
