0	0.00240325927734375	0.008329862557267753	5.823014889077824	3058
1	0.004800742899533361	0.016590338504312574	5.823014889077824	6046
2	0.0071924647469656655	0.024782005822060804	5.823014889077824	8560
3	0.00957843866667929	0.031744947411955104	5.823014889077824	11346
4	0.011958678472434925	0.038658174419188174	5.823014889077824	13806
5	0.01433319794479504	0.044541489317046934	5.823014889077824	16376
6	0.01670201083120393	0.04965788522122172	5.823014889077824	19015
7	0.019065130846067313	0.060432739130278135	5.823014889077824	21625
8	0.021422571670831503	0.06618279589086429	5.823014889077824	24141
9	0.023774346954062775	0.0711833045104765	5.823014889077824	26714
10	0.026120470311526423	0.08171410604663887	5.823014889077824	29294
11	0.02846095532626547	0.08827055914798965	5.823014889077824	32035
12	0.030795815548679273	0.09478019994659981	5.823014889077824	34474
13	0.03312506449660224	0.10032005371533936	5.823014889077824	36906
14	0.03544871565538188	0.10582600413841947	5.823014889077824	39417
15	0.03776678247795695	0.11129825870089205	5.823014889077824	41856
16	0.04007927838493508	0.12018157473220337	5.823014889077824	44322
17	0.042386216764671025	0.1341469465618509	5.127519858546099	46747
18	0.04468761097334362	0.1394458798164936	5.127519858546099	49228
19	0.04698347433503336	0.1466141773607127	5.127519858546099	51676
20	0.049273820141799596	0.15194561731889233	5.127519858546099	54147
21	0.05155866165375744	0.16183546434724339	5.127519858546099	56582
22	0.0538380120991544	0.16696494666897987	5.127519858546099	59040
23	0.056111884674447055	0.17390401416861345	5.127519858546099	61389
24	0.05838029254437771	0.18078528018969953	5.127519858546099	63579
25	0.06064324884205019	0.19033880461897412	5.127519858546099	65753
26	0.06290076666900601	0.19529384937646743	5.127519858546099	67937
27	0.06515285909530044	0.20199694101014942	5.127519858546099	70107
28	0.06739953915957797	0.2110445947401931	5.127519858546099	72278
29	0.06964081986914772	0.21587292215298082	5.127519858546099	74464
30	0.07187671420005914	0.22147149711232172	5.127519858546099	76665
31	0.07410723509717665	0.23055054670867947	5.127519858546099	78906
32	0.07633239547425485	0.25253481680271717	5.127519858546099	81080
33	0.07855220821401321	0.2627044111319319	5.127519858546099	83263
34	0.08076668616821081	0.2679686147770898	5.127519858546099	85467
35	0.08297584215772047	0.2724485729353443	5.127519858546099	87629
36	0.0851796889726033	0.2797210570042955	5.127519858546099	89913
37	0.08737823937218236	0.2867208523686853	5.127519858546099	92111
38	0.08957150608511699	0.2926623696334192	5.127519858546099	94277
39	0.09175950180947601	0.2997327999244638	5.127519858546099	96447
40	0.09394223921281164	0.3055659294544557	5.127519858546099	98636
41	0.0961197309322328	0.309815795843399	5.127519858546099	100850
42	0.09829198957447793	0.3178645912271494	5.127519858546099	103078
43	0.10045902771598825	0.3220391910479422	5.127519858546099	105251
44	0.10262085790298059	0.3276865114057269	5.127519858546099	107439
45	0.10477749265152003	0.3324867505103448	5.127519858546099	109638
46	0.10692894444759216	0.34027116158311044	5.127519858546099	111814
47	0.10907522574717565	0.34924706414660556	5.127519858546099	114000
48	0.11121634897631416	0.3532296064020811	5.127519858546099	116212
49	0.11335232653118832	0.35784747081760737	5.127519858546099	118396
50	0.11548317077818748	0.36177737945271116	5.127519858546099	120589
51	0.11760889405398145	0.3656832374438037	5.127519858546099	122785
52	0.11972950866559184	0.36956519197839777	5.127519858546099	124990
53	0.12184502689046317	0.3781425363052223	5.127519858546099	127180
54	0.1239554609765342	0.3843585209485687	5.127519858546099	129370
55	0.1260608231423087	0.3903414313377954	5.127519858546099	131554
56	0.12816112557692616	0.3946943216953527	5.127519858546099	133731
57	0.13025638044023236	0.3983987313238182	5.127519858546099	135950
58	0.1323465998628499	0.40541448955910897	5.127519858546099	138160
59	0.13443179594624832	0.40905329284275305	5.127519858546099	140337
60	0.13651198076281423	0.41266982701774146	5.127519858546099	142594
61	0.13858716635592117	0.41626422836877053	5.127519858546099	144966
62	0.14065736473999924	0.420432033009441	5.127519858546099	147179
63	0.14272258790060488	0.4255011405924488	5.127519858546099	149379
64	0.14478284779449002	0.43028663713062076	5.127519858546099	151540
65	0.14683815634967146	0.43503227114036147	5.127519858546099	153725
66	0.1488885254654998	0.4390660741666693	5.127519858546099	155910
67	0.15093396701272854	0.44560757767492976	5.127519858546099	158095
68	0.15297449283358266	0.449000403317936	5.127519858546099	160337
69	0.15501011474182713	0.45237246521060903	5.127519858546099	162591
70	0.1570408445228355	0.4598231799696484	5.127519858546099	164782
71	0.1590666939336579	0.46612261810411315	5.127519858546099	167030
72	0.16108767470308916	0.4693898937712675	5.127519858546099	169203
73	0.16310379853173695	0.4738098030276501	5.127519858546099	171392
74	0.16511507709208928	0.48096885332659367	5.127519858546099	173572
75	0.1671215220285821	0.48414527153333453	5.127519858546099	175756
76	0.1691231449576669	0.48844227052097855	5.127519858546099	178030
77	0.17111995746787756	0.4944079583283141	5.127519858546099	180304
78	0.17311197111989796	0.49946177298892236	5.127519858546099	182547
79	0.1750991974466285	0.5062718168938349	5.127519858546099	184728
80	0.1770816479532532	0.5112070423809436	5.127519858546099	186901
81	0.179059334117306	0.5141984059240738	5.127519858546099	189129
82	0.18103226738873734	0.5171714626243828	5.127519858546099	191304
83	0.18300045918998054	0.5206188015001534	5.127519858546099	193486
84	0.18496392091601777	0.5240415267824752	5.127519858546099	195666
85	0.18692266393444623	0.5274398142095057	5.127519858546099	197846
86	0.18887669958554376	0.5379411516715167	5.127519858546099	200017
87	0.19082603918233454	0.5433295930514407	5.127519858546099	202202
88	0.1927706940106546	0.546124369828149	5.127519858546099	204389
89	0.19471067532921726	0.5506612357690588	5.127519858546099	206567
90	0.19664599436967822	0.5538694616099413	5.127519858546099	208789
91	0.19857666233670057	0.5599392648533436	5.127519858546099	210968
92	0.2005026904080197	0.5626323921158413	5.127519858546099	213139
93	0.20242408973450798	0.56530903771144	5.127519858546099	215322
94	0.20434087144023938	0.5679693025062769	5.127519858546099	217492
95	0.20625304662255384	0.5706132867491984	5.127519858546099	219670
96	0.20816062635212151	0.5732410900755384	5.127519858546099	221855
97	0.21006362167300685	0.5775069017532506	5.127519858546099	224024
98	0.21196204360273252	0.5805234527016417	5.127519858546099	226211
99	0.21385590313234326	0.5830906068130648	5.127519858546099	228418
100	0.2157452112264695	0.585642050200553	5.127519858546099	230607
101	0.21762997882339075	0.5897839039261619	5.127519858546099	232780
102	0.21951021683509908	0.5927127985253682	5.127519858546099	234975
103	0.22138593614736213	0.5974625034988332	5.127519858546099	237164
104	0.22325714761978632	0.5999259923298546	5.127519858546099	239361
105	0.22512386208587953	0.6039250661258078	5.127519858546099	241565
106	0.2269860903531139	0.6063490047261308	5.127519858546099	243743
107	0.22884384320298856	0.6091596264571277	5.127519858546099	245933
108	0.23069713139109171	0.6153634419101892	5.127519858546099	248123
109	0.23254596564716323	0.6181097016216652	5.127519858546099	250306
110	0.23439035667515662	0.6208363533623329	5.127519858546099	252492
111	0.23623031515330084	0.623156796592442	5.127519858546099	254715
112	0.23806585173416261	0.6254630389442974	5.127519858546099	256913
113	0.23989697704470747	0.6277551673258401	5.127519858546099	259094
114	0.2417237016863618	0.6308559156196689	5.127519858546099	261281
115	0.24354603623507398	0.6344433216875051	5.127519858546099	263498
116	0.24536399124137553	0.6380973659521865	5.127519858546099	265707
117	0.2471775772304423	0.6416143983530398	5.127519858546099	267923
118	0.24898680470215562	0.644173229328088	5.127519858546099	270152
119	0.2507916841311627	0.6467137905514253	5.127519858546099	272403
120	0.25259222596693753	0.6496566161195101	5.127519858546099	274619
121	0.25438844063384136	0.6518006822517675	5.127519858546099	276833
122	0.2561803385311828	0.6551845434543742	5.127519858546099	279001
123	0.25796793003327845	0.6576464851920714	5.127519858546099	281217
124	0.25975122548951257	0.6616389460061579	5.127519858546099	283428
125	0.2615302352243972	0.6640548040700158	5.127519858546099	285611
126	0.26330496953763205	0.6661107547459213	5.127519858546099	287810
127	0.2650754387041637	0.6688920062682375	5.127519858546099	289993
128	0.2668416529742458	0.6783522346605737	5.127519858546099	292178
129	0.26860362257349746	0.6803206865049956	5.127519858546099	294358
130	0.2703613577029633	0.6822770916229004	5.127519858546099	296564
131	0.2721148685391722	0.6928678552354705	5.127519858546099	298752
132	0.273864165234196	0.6947474729477371	5.127519858546099	300939
133	0.27560925791570867	0.6969269400296834	5.127519858546099	303133
134	0.27735015668704466	0.6990908459734234	5.127519858546099	305336
135	0.27908687162725754	0.7009707448948723	5.127519858546099	307546
136	0.2808194127911783	0.7028007737406397	5.127519858546099	309794
137	0.2825477902094734	0.7046196029946643	5.127519858546099	311992
138	0.28427201388870327	0.7102458962709564	5.127519858546099	314212
139	0.2859920938113798	0.7120191621268915	5.127519858546099	316445
140	0.28770803993602434	0.7153775392449453	5.127519858546099	318666
141	0.2894198621972255	0.7171193999640644	5.127519858546099	320863
142	0.29112757050569615	0.7191391341227074	5.127519858546099	323060
143	0.29283117474833154	0.72285422494119	5.127519858546099	325310
144	0.29453068478826594	0.7241528046868841	5.127519858546099	327539
145	0.29622611046492986	0.7279058277523687	5.127519858546099	329863
146	0.29791746159410726	0.7295710166109081	5.127519858546099	332094
147	0.2996047479679923	0.7318236528740408	5.127519858546099	334286
148	0.30128797935524576	0.7341692185923436	5.127519858546099	336472
149	0.30296716550105185	0.7392326620477276	5.127519858546099	338664
150	0.30464231612717463	0.7422736805661214	5.127519858546099	340859
151	0.3063134409320143	0.7448498703480511	5.127519858546099	343037
152	0.3079805495906631	0.7464113633768861	5.127519858546099	345207
153	0.30964365175496167	0.7479633002260615	5.127519858546099	347441
154	0.3113027570535547	0.7497628125704938	5.127519858546099	349658
155	0.31295787509194684	0.752194660844833	5.127519858546099	351866
156	0.31460901545255804	0.7539639617729356	5.127519858546099	354055
157	0.3162561876947795	0.755469677482576	5.127519858546099	356269
158	0.31789940135502837	0.7575065814602304	5.127519858546099	358436
159	0.3195386659468036	0.7598631744489551	5.127519858546099	360610
160	0.3211739909607406	0.7622635425510897	5.127519858546099	362878
161	0.32280538586466645	0.7650359793726513	4.877112537272065	365086
162	0.32443286010365446	0.7664739354526153	4.877112537272065	367297
163	0.326056423100079	0.7684191754738348	4.877112537272065	369492
164	0.3276760842536699	0.7703482119130365	4.877112537272065	371667
165	0.3292918529415674	0.7719878986251466	4.877112537272065	373848
166	0.3309037385183756	0.7733833096612786	4.877112537272065	376023
167	0.3325117503162174	0.7747701809227757	4.877112537272065	378205
168	0.3341158976447879	0.7761485646721965	4.877112537272065	380380
169	0.3357161897914087	0.7783239916433121	4.877112537272065	382550
170	0.33731263602108175	0.7809091345979091	4.877112537272065	384760
171	0.33890524557654256	0.782473417566211	4.877112537272065	386939
172	0.34049402767831405	0.7850101707141269	4.877112537272065	389145
173	0.34207899152475973	0.7868010064432888	4.877112537272065	391337
174	0.34366014629213726	0.7881057627553767	4.877112537272065	393550
175	0.3452375011346511	0.7898708126283014	4.877112537272065	395768
176	0.3468110651845061	0.791156782036521	4.877112537272065	398065
177	0.34838084755195975	0.7935922714588356	4.877112537272065	400275
178	0.34994685732537534	0.794855465914799	4.877112537272065	402488
179	0.35150910357127463	0.7963201737204886	4.877112537272065	404712
180	0.3530675953343899	0.7977744236849998	4.877112537272065	406982
181	0.3546223416377169	0.7990120237916458	4.877112537272065	409156
182	0.35617335148256646	0.8017465540801949	4.877112537272065	411321
183	0.3577206338486171	0.8033979780362116	4.877112537272065	413499
184	0.3592641976939669	0.8050356458576509	4.877112537272065	415692
185	0.36080405195518517	0.8069844773859376	4.877112537272065	417885
186	0.36234020554736446	0.8081657128939498	4.877112537272065	420096
187	0.3638726673641719	0.8093397193599321	4.877112537272065	422423
188	0.36540144627790083	0.8105065410248918	4.877112537272065	424628
189	0.36692655113952244	0.8116662218590858	4.877112537272065	426845
190	0.36844799077873636	0.8130109028477756	4.877112537272065	429054
191	0.3699657740040224	0.8148800150225582	4.877112537272065	431357
192	0.3714799096026914	0.8160129306375126	4.877112537272065	433558
193	0.3729904063409356	0.8171389129233033	4.877112537272065	435742
194	0.37449727296388025	0.819626818869925	4.877112537272065	437914
195	0.3760005181956336	0.82091466213378	4.877112537272065	440085
196	0.3775001507393376	0.8220106463177821	4.877112537272065	442258
197	0.3789961792772184	0.8237897985411778	4.877112537272065	444458
198	0.38048861247063637	0.8258447280042545	4.877112537272065	446634
199	0.38197745896013646	0.829161971280364	4.877112537272065	448805
200	0.383462727365498	0.8303817346793261	4.877112537272065	450991
201	0.38494442628578507	0.8314197813353188	4.877112537272065	453186
202	0.3864225642993957	0.8330580730618948	4.877112537272065	455451
203	0.38789714996411195	0.835783655542517	4.877112537272065	457624
204	0.3893681918171492	0.8373795383846694	4.877112537272065	459831
205	0.3908356983752058	0.8387341444789245	4.877112537272065	462076
206	0.3922996781345123	0.839885563688928	4.877112537272065	464277
207	0.3937601395708803	0.8414860411864148	4.858445827937206	466455
208	0.3952170911397521	0.8424561306078785	4.858445827937206	468638
209	0.39667054127624946	0.8440309131424103	4.858445827937206	470818
210	0.3981204983952221	0.8447617137368075	4.858445827937206	472992
211	0.3995669708912969	0.8457117563730348	4.858445827937206	475165
212	0.401009967138926	0.8466559848442621	4.858445827937206	477468
213	0.4024494954924358	0.8479971861430002	4.858445827937206	479614
214	0.403885564286075	0.8489274280148142	4.858445827937206	481767
215	0.4053181818340631	0.8500060683812224	4.858445827937206	483935
216	0.4067473564306381	0.8523869244386633	4.858445827937206	486112
217	0.4081730963501049	0.8532903015553762	4.858445827937206	488296
218	0.40959540984688314	0.8543377915186865	4.858445827937206	490481
219	0.4110143051555549	0.855229229525865	4.858445827937206	492798
220	0.41242979049091255	0.8571988998724518	4.858445827937206	494965
221	0.4138418740480061	0.8586263161169587	4.858445827937206	497149
222	0.4152505640021906	0.8596357075649248	4.858445827937206	499347
223	0.4166558685091739	0.8608049228288571	4.858445827937206	501578
224	0.4180577957050633	0.861964398690341	4.858445827937206	503813
225	0.419456353706413	0.8628091626317511	4.858445827937206	506020
226	0.420851550610271	0.8636487567031426	4.858445827937206	508259
227	0.4222433944942261	0.864483212543598	4.858445827937206	510571
228	0.42363189341645446	0.8658378160000552	4.858445827937206	512820
229	0.4250170554157664	0.866675980414882	4.858445827937206	515045
230	0.42639888851165286	0.8676278982080761	4.858445827937206	517291
231	0.4277774007043319	0.8684380021043284	4.858445827937206	519518
232	0.42915259997479493	0.8702279612593715	4.858445827937206	521746
233	0.43052449428485307	0.8713089445058574	4.858445827937206	523973
234	0.43189309157718303	0.8720965207704732	4.858445827937206	526262
235	0.4332583997753733	0.8733395089068146	4.858445827937206	528501
236	0.4346204267839697	0.8741146583223395	4.858445827937206	530682
237	0.4359791804885218	0.876992037560686	4.858445827937206	533005
238	0.43733466875562776	0.8781874502180166	4.858445827937206	535190
239	0.43868689943298045	0.8792021320154508	4.858445827937206	537385
240	0.44003588034941277	0.8808456404234039	4.858445827937206	539590
241	0.4413816193149427	0.8816963885134372	4.858445827937206	541788
242	0.44272412412081874	0.8824203946696335	4.858445827937206	544001
243	0.4440634025395652	0.8831399699812627	4.858445827937206	546221
244	0.4453994623250269	0.88472990236247	4.858445827937206	548384
245	0.4467323112124141	0.8858821232468101	4.858445827937206	550554
246	0.4480619569183474	0.8874347474203229	4.858445827937206	552723
247	0.44938840714090234	0.8889662474554205	4.858445827937206	554887
248	0.450711669559654	0.8902611017125002	4.858445827937206	557075
249	0.4520317518357214	0.8909326926887686	4.858445827937206	559305
250	0.453348661611812	0.8918412083681624	4.858445827937206	561514
251	0.45466240651226575	0.8926134493984368	4.858445827937206	563729
252	0.45597299414309944	0.894491931333158	4.858445827937206	565942
253	0.4572804320920506	0.8953707990438355	4.858445827937206	568164
254	0.45858472792862137	0.8960111191884049	4.858445827937206	570370
255	0.45988588920412254	0.896647520638348	4.858445827937206	572593
256	0.461183923451717	0.8976806149759904	4.858445827937206	574756
257	0.4624788381864636	0.898674972459217	4.858445827937206	576923
258	0.4637706409053606	0.900053544262493	4.858445827937206	579099
259	0.46505933908738883	0.9006652064791799	4.858445827937206	581385
260	0.46634494019355544	0.9016581406917995	4.858445827937206	583569
261	0.46762745166693676	0.9023602899817967	4.858445827937206	585773
262	0.46890688093272137	0.9042200939821434	4.858445827937206	587970
263	0.47018323539825324	0.9055232219551755	4.858445827937206	590114
264	0.4714565224530747	0.9064413636271369	4.858445827937206	592348
265	0.47272674946896887	0.9070139330343436	4.858445827937206	594597
266	0.4739939238000027	0.9084899023512588	4.858445827937206	597175
267	0.4752580527825695	0.9102329518302824	4.858445827937206	599550
268	0.47651914373543125	0.9107823171005541	4.858445827937206	601777
269	0.477777203959761	0.9114193208458944	4.858445827937206	604141
270	0.47903224073918504	0.9124523316815107	4.858445827937206	606352
271	0.4802842613398256	0.9136434564205378	4.858445827937206	608751
272	0.4815332730103422	0.9141719497471043	4.858445827937206	611020
273	0.48277928298197414	0.9146972087478784	4.858445827937206	613235
274	0.48402229846858214	0.9152192532166077	4.858445827937206	615590
275	0.48526232666669	0.9157381028259035	4.858445827937206	617871
276	0.4864993747555266	0.9163397228449962	4.858445827937206	620079
277	0.48773344989706724	0.9172882520644408	4.858445827937206	622288
278	0.48896455923607496	0.9177944396097119	4.858445827937206	624486
279	0.4901927099001423	0.9187531050370038	4.858445827937206	626698
280	0.49141790899973226	0.9193331982955009	4.858445827937206	628901
281	0.4926401636282195	0.9200051416666337	4.858445827937206	631096
282	0.49385948086193154	0.9204947021218864	4.858445827937206	633313
283	0.49507586776018964	0.920981266516588	4.858445827937206	635489
284	0.4962893313653497	0.9214044048526091	4.858445827937206	637664
285	0.49749987870284296	0.9218854019584588	4.858445827937206	639866
286	0.4987075167812167	0.9226662225969415	4.858445827937206	642039
287	0.499912252592175	0.9231394975056123	4.858445827937206	644233
288	0.5011140931106188	0.9236098760196325	4.858445827937206	646393
289	0.5023130452946867	0.9242461952531216	4.858445827937206	648559
290	0.5035091160857952	0.9248772140348531	4.858445827937206	650778
291	0.5047023124086787	0.9252794899161445	4.858445827937206	652943
292	0.5058926411714294	0.9260263838111934	4.858445827937206	655128
293	0.5070801092655379	0.9263729907175341	4.858445827937206	657312
294	0.5082647235659328	0.9269862935853598	4.858445827937206	659538
295	0.5094464909310201	0.927433130095815	4.858445827937206	661748
296	0.5106254182027237	0.9278772320119469	4.858445827937206	663909
297	0.5118015122065243	0.9283186160691969	4.858445827937206	666073
298	0.5129747797514992	0.9296839757631169	4.858445827937206	668235
299	0.5141452276303617	0.9301860238923741	4.858445827937206	670386
300	0.5153128626195008	0.9306844874571337	4.858445827937206	672566
301	0.5164776914790197	0.9313773538882162	4.858445827937206	674799
302	0.5176397209527754	0.9324977236206534	4.858445827937206	677006
303	0.5187989577684178	0.9331724652421046	4.858445827937206	679195
304	0.5199554086374283	0.933649605967454	4.858445827937206	681429
305	0.521109080255159	0.934055663678981	4.858445827937206	683579
306	0.5222599793008715	0.9344592363583164	4.858445827937206	685733
307	0.5234081124377751	0.9348603392136063	4.858445827937206	687908
308	0.5245534863130658	0.9351655542006313	4.858445827937206	690073
309	0.5256961075579647	0.9359216410321108	4.858445827937206	692225
310	0.5268359827877562	0.9364554049552086	4.858445827937206	694396
311	0.5279731186018268	0.9369091058777632	4.858445827937206	696547
312	0.5291075215837026	0.9375222341005255	4.858445827937206	698723
313	0.5302391983010879	0.9379045917189296	4.858445827937206	700902
314	0.5313681553059033	0.9387259595533353	4.858445827937206	703106
315	0.5324943991343231	0.9391634489835489	4.858445827937206	705274
316	0.5336179363068136	0.939535762532596	4.858445827937206	707428
317	0.534738773328171	0.9400394213203295	4.858445827937206	709597
318	0.5358569166875584	0.9407386700512876	4.858445827937206	711777
319	0.536972372858544	0.9415449466492294	4.858445827937206	713942
320	0.5380851482991382	0.9422077023561541	4.858445827937206	716098
321	0.5391952494518312	0.9425613853819645	4.858445827937206	718265
322	0.5403026827436301	0.9429129039033713	4.858445827937206	720516
323	0.5414074545860965	0.9432622711669228	4.858445827937206	722690
324	0.5425095713753831	0.9436095003381	4.858445827937206	724852
325	0.5436090394922712	0.9439546045018121	4.858445827937206	727012
326	0.5447058653022072	0.9446081951198668	4.858445827937206	729169
327	0.5458000551553399	0.9450696012413173	4.858445827937206	731330
328	0.5468916153865568	0.945692394878037	4.858445827937206	733499
329	0.5479805523155213	0.946308127362413	4.858445827937206	735650
330	0.5490668722467089	0.9471603793090414	4.858445827937206	737856
331	0.5501505814694436	0.9475376479758418	4.858445827937206	740038
332	0.5512316862579348	0.9479122229888066	4.858445827937206	742193
333	0.5523101928713134	0.9485027873540128	4.858445827937206	744354
334	0.5533861075536677	0.9488704713855187	4.858445827937206	746538
335	0.5544594365340798	0.9494667341098858	4.858445827937206	748741
336	0.5555301860266624	0.9497759925943683	4.858445827937206	750950
337	0.556598362230593	0.9501345860904519	4.858445827937206	753172
338	0.5576639713301517	0.9504397573882519	4.858445827937206	755393
339	0.558727019494756	0.9511140464033777	4.858445827937206	757575
340	0.5597875128789963	0.9516027023327067	4.858445827937206	759742
341	0.5608454576226725	0.9520058451704184	4.858445827937206	761918
342	0.5619008598508284	0.9522995645516057	4.858445827937206	764094
343	0.5629537256737882	0.9529485500679103	4.858445827937206	766350
344	0.5640040611871913	0.9535887058492993	4.858445827937206	768505
345	0.5650518724720273	0.954039738834243	4.858445827937206	770656
346	0.5660971655946722	0.9548908547817571	4.858445827937206	772815
347	0.5671399466069225	0.9551669181954463	4.858445827937206	774974
348	0.568180221546031	0.9554412921289203	4.858445827937206	777136
349	0.569217996434741	0.955759436053745	4.858445827937206	779303
350	0.5702532772813219	0.9560301838377577	4.858445827937206	781471
351	0.5712860700796036	0.9562992746726718	4.858445827937206	783639
352	0.5723163808090113	0.9567360999154273	4.858445827937206	785799
353	0.5733442154346	0.9570008706152283	4.858445827937206	787969
354	0.5743695799070891	0.9574306828206571	4.858445827937206	790151
355	0.5753924801628971	0.957691202743216	4.858445827937206	792326
356	0.5764129221241756	0.958266832637866	4.858445827937206	794514
357	0.5774309116988436	0.9590617501114306	4.858445827937206	796681
358	0.5784464547806221	0.9594595951054886	4.858445827937206	798818
359	0.5794595572490676	0.9597076982897405	4.858445827937206	801048
360	0.580470224969607	0.9601104534921754	4.858445827937206	803203
361	0.5814784637935708	0.9603545734888232	4.858445827937206	805372
362	0.582484279558227	0.9606848144426856	4.858445827937206	807538
363	0.5834876780868156	0.9612048565796871	4.858445827937206	809713
364	0.5844886651885814	0.9615818744943646	4.858445827937206	811877
365	0.5854872466588084	0.9619018921995345	4.858445827937206	814033
366	0.5864834282788529	0.9621350487721898	4.858445827937206	816205
367	0.5874772158161772	0.9625766225474413	4.858445827937206	818364
368	0.5884686150243825	0.9628438210536772	4.858445827937206	820524
369	0.5894576316432434	0.9630427891089618	4.858445827937206	822681
370	0.5904442713987395	0.9633506375961841	4.858445827937206	824833
371	0.5914285400030896	0.9636559217478194	4.858445827937206	827001
372	0.5924104431547851	0.9639154141849148	4.858445827937206	829170
373	0.5933899865386218	0.9641362482063418	4.858445827937206	831334
374	0.5943671758257337	0.9643923111691096	4.858445827937206	833512
375	0.5953420166736256	0.9646102266291495	4.858445827937206	835677
376	0.596314514726206	0.9649541505686136	4.858445827937206	837850
377	0.5972846756138193	0.9651686276282622	4.858445827937206	840022
378	0.5982525049532789	0.9655748243906148	4.858445827937206	842197
379	0.5992180083478995	0.9659093742021735	4.858445827937206	844433
380	0.6001811913875297	0.9661180053896415	4.858445827937206	846588
381	0.6011420596485841	0.966456684219566	4.858445827937206	848777
382	0.6021006186940759	0.9668478599137985	4.858445827937206	850981
383	0.6030568740736487	0.9671240126841958	4.858445827937206	853189
384	0.604010831323609	0.9677328272641181	4.858445827937206	855428
385	0.6049624959669582	0.9690235141735534	4.858445827937206	857667
386	0.6059118735134243	0.9692130871388573	4.858445827937206	859951
387	0.6068589694594942	0.9696881938188132	4.858445827937206	862173
388	0.6078037892884451	0.9698736990118064	4.858445827937206	864488
389	0.6087463384703768	0.9702835806579043	4.858445827937206	866747
390	0.6096866224622426	0.9704654421435633	4.858445827937206	868972
391	0.6106246467078815	0.9706763154072495	4.858445827937206	871202
392	0.6115604166380499	0.9709205776695797	4.858445827937206	873429
393	0.612493937670452	0.9712112507790883	4.858445827937206	875756
394	0.6134252152097724	0.9714167990569791	4.858445827937206	877963
395	0.6143542546477068	0.9715917253604663	4.858445827937206	880154
396	0.6152810613629928	0.971794557094669	4.858445827937206	882356
397	0.616205640721442	0.9719959406341847	4.858445827937206	884570
398	0.6171279980759704	0.9724404495130071	4.858445827937206	886791
399	0.6180481387666295	0.9726700167807039	4.858445827937206	889026
400	0.6189660681206373	0.9728372735182698	4.858445827937206	891266
401	0.6198817914524092	0.9730035066614912	4.858445827937206	893491
402	0.6207953140635885	0.9733708058905864	4.858445827937206	895750
403	0.6217066412430774	0.9737331078512588	4.858445827937206	897972
404	0.6226157782670674	0.9739519074526644	4.858445827937206	900251
405	0.6235227303990702	0.9742556752957819	4.858445827937206	902522
406	0.6244275028899477	0.9744132279633527	4.858445827937206	904807
407	0.6253301009779426	0.9746263622577022	4.858445827937206	907077
408	0.6262305298887088	0.9747816463584974	4.858445827937206	909306
409	0.6271287948353417	0.9749617024325725	4.858445827937206	911534
410	0.6280249010184079	0.975211981125458	4.858445827937206	913762
411	0.6289188536259762	0.9754597580738084	4.858445827937206	915961
412	0.629810657833647	0.9756982443899035	4.858445827937206	918184
413	0.6307003188045821	0.9758469686802865	4.858445827937206	920385
414	0.6315878416895351	0.976175581351303	4.858445827937206	922580
415	0.6324732316268808	0.9763456848937463	4.858445827937206	924785
416	0.6333564937426458	0.9766675123101579	4.858445827937206	927011
417	0.6342376331505366	0.9768341035235083	4.858445827937206	929332
418	0.6351166549519708	0.9769758764706908	4.858445827937206	931565
419	0.6359935642361056	0.9772060218120917	4.858445827937206	933797
420	0.6368683660798682	0.977368768131039	4.858445827937206	936047
421	0.6377410655479837	0.977507268984813	4.858445827937206	938316
422	0.6386116676930063	0.9778132925360401	4.858445827937206	940542
423	0.6394801775553467	0.9779717030135598	4.858445827937206	942750
424	0.6403466001633031	0.9781065139667361	4.858445827937206	944958
425	0.641210940533089	0.978240499890492	4.858445827937206	947222
426	0.6420732036688623	0.9784519624765902	4.858445827937206	949434
427	0.642933394562755	0.9785838342903486	4.858445827937206	951642
428	0.6437915181949017	0.9787979067505866	4.858445827937206	953863
429	0.6446475795334683	0.978927661420321	4.858445827937206	956074
430	0.6455015835346811	0.9792716996012137	4.858445827937206	958289
431	0.6463535351428551	0.9794443634945813	4.858445827937206	960570
432	0.6472034392904229	0.9795701619143206	4.858445827937206	962848
433	0.6480513008979631	0.979695190460434	4.858445827937206	965337
434	0.6488971248742291	0.9798981539876932	4.858445827937206	967559
435	0.6497409161161771	0.9800211752554376	4.858445827937206	969844
436	0.6505826795089948	0.9801638217104472	4.858445827937206	972057
437	0.6514224199261295	0.9803565931223963	4.858445827937206	974258
438	0.652260142229316	0.9804768087889287	4.858445827937206	976449
439	0.6530958512686056	0.9805962887477212	4.858445827937206	978629
440	0.6539295518823933	0.9807150375012307	4.858445827937206	980831
441	0.6547612488974466	0.9808527298615479	4.858445827937206	983030
442	0.6555909471289323	0.9810760216415882	4.858445827937206	985186
443	0.6564186513804459	0.9812111366176701	4.858445827937206	987344
444	0.6572443664440382	0.9814596665565899	4.858445827937206	989495
445	0.6580680971002433	0.9815731315250915	4.858445827937206	991653
446	0.6588898481181069	0.9817046971951688	4.858445827937206	993820
447	0.6597096242552133	0.9818166626009053	4.858445827937206	995985
448	0.6605274302577127	0.9819279427896646	4.858445827937206	998147
449	0.6613432708603496	0.9820408461041814	4.858445827937206	1000295
450	0.6621571507864894	0.9821904433877784	4.858445827937206	1002469
451	0.662969074748146	0.9823981350100784	4.858445827937206	1004626
452	0.6637790474460092	0.9825740803494195	4.858445827937206	1006781
453	0.664587073569472	0.9828111676916043	4.858445827937206	1008942
454	0.6653931577966572	0.982916361609632	4.858445827937206	1011112
455	0.666197304794445	0.9831155877133098	4.858445827937206	1013278
456	0.6669995192185001	0.9832796733526362	4.858445827937206	1015568
457	0.6677998057132982	0.9833820000633274	4.858445827937206	1017726
458	0.6685981689121532	0.983608095300561	4.858445827937206	1019898
459	0.6693946134372437	0.9837446376137592	4.858445827937206	1022056
460	0.6701891438996405	0.9838441187901236	4.858445827937206	1024214
461	0.6709817648993324	0.9840056103140874	4.858445827937206	1026399
462	0.6717724810252532	0.9841198083721768	4.858445827937206	1028557
463	0.6725612968553089	0.9842785441485482	4.858445827937206	1030725
464	0.6733482169564027	0.9843907934912134	4.858445827937206	1032891
465	0.6741332458844631	0.9845728250539981	4.858445827937206	1035053
466	0.6749163881844692	0.984747736334565	4.858445827937206	1037234
467	0.6756976483904773	0.9849001954465894	4.858445827937206	1039482
468	0.6764770310256473	0.9849926047257032	4.858445827937206	1041638
469	0.6772545406022688	0.98508444846936	4.858445827937206	1043806
470	0.6780301816217869	0.9852583907612625	4.858445827937206	1045960
471	0.678803958574829	0.9853636441145468	4.858445827937206	1048125
472	0.6795758759412301	0.985453217134611	4.858445827937206	1050354
473	0.6803459381900592	0.9855422419768373	4.858445827937206	1052507
474	0.6811141497796445	0.9857389461676286	4.858445827937206	1054663
475	0.6818805151576002	0.9858262223770252	4.858445827937206	1056831
476	0.6826450387608515	0.9859129644648333	4.858445827937206	1059030
477	0.6834077250156605	0.9860135442389882	4.858445827937206	1061244
478	0.6841685783376521	0.9861533505439712	4.858445827937206	1063518
479	0.6849276031318388	0.9862274981283732	4.858445827937206	1065774
480	0.6856848037926471	0.9863117844491032	4.858445827937206	1068050
481	0.6864401847039425	0.9864258054032964	4.858445827937206	1070320
482	0.687193750239055	0.9865088781035287	4.858445827937206	1072538
483	0.6879455047608041	0.9866052031245066	4.858445827937206	1074753
484	0.6886954526215245	0.9867614106682442	4.858445827937206	1076994
485	0.6894435981630911	0.986893741423747	4.858445827937206	1079270
486	0.6901899457169443	0.9870247494228432	4.858445827937206	1081565
487	0.6909344996041143	0.9871041566461562	4.858445827937206	1083834
488	0.6916772641352477	0.9872503680220501	4.858445827937206	1085999
489	0.6924182436106306	0.9873742711510876	4.858445827937206	1088166
490	0.6931574423202151	0.9874794417370844	4.858445827937206	1090326
491	0.6938948645436429	0.987601118688133	4.858445827937206	1092494
492	0.6946305145502709	0.9876896452400117	4.858445827937206	1094670
493	0.6953643965991958	0.9877649833680637	4.858445827937206	1096859
494	0.6960965149392779	0.9878398604343795	4.858445827937206	1099053
495	0.6968268738091672	0.9879816696421418	4.858445827937206	1101209
496	0.6975554774373266	0.9880674791050409	4.858445827937206	1103438
497	0.6982823300420571	0.9882066338676643	4.858445827937206	1105612
498	0.6990074358315221	0.9882908371124957	4.858445827937206	1107820
499	0.6997307990037714	0.9883624960069954	4.858445827937206	1109987
