0	0.00240325927734375	0.0061198990216660976	8.005711506033292	2484
1	0.004800742899533361	0.01439878366121905	6.671625330014664	4830
2	0.0071924647469656655	0.022608706329596995	6.671625330014664	7256
3	0.00957843866667929	0.041225683351890474	5.435249358069061	9535
4	0.011958678472434925	0.04709328535434387	5.435249358069061	12057
5	0.01433319794479504	0.056618383709818976	5.107954356012027	14312
6	0.01670201083120393	0.062391783940411005	5.107954356012027	17048
7	0.019065130846067313	0.06812985154458018	5.107954356012027	19403
8	0.021422571670831503	0.07478329462274114	5.107954356012027	21671
9	0.023774346954062775	0.08557299381081407	5.107954356012027	23954
10	0.026120470311526423	0.09471345534706588	5.107954356012027	26200
11	0.02846095532626547	0.10376255033734927	5.107954356012027	28443
12	0.030795815548679273	0.1092474330287202	5.107954356012027	30711
13	0.03312506449660224	0.11469874879187425	5.107954356012027	33013
14	0.03544871565538188	0.12101969542988078	5.107954356012027	35293
15	0.03776678247795695	0.1263989661358832	5.107954356012027	37518
16	0.04007927838493508	0.13174531624835473	5.107954356012027	39733
17	0.042386216764671025	0.13705894723800338	5.107954356012027	41955
18	0.04468761097334362	0.142340059342557	5.107954356012027	44171
19	0.04698347433503336	0.14758885157430868	5.107954356012027	46407
20	0.049273820141799596	0.15468931928297747	5.107954356012027	48587
21	0.05155866165375744	0.16072473795888886	5.107954356012027	50775
22	0.0538380120991544	0.16911399505550972	5.107954356012027	52966
23	0.056111884674447055	0.1741989335042856	5.107954356012027	55156
24	0.05838029254437771	0.18107774288784007	5.107954356012027	57341
25	0.06064324884205019	0.18926355470403822	5.107954356012027	59553
26	0.06290076666900601	0.19505211741216666	5.107954356012027	61731
27	0.06515285909530044	0.1999783171713081	5.107954356012027	63917
28	0.06739953915957797	0.2066423878321052	5.107954356012027	66101
29	0.06964081986914772	0.2132509477002259	5.107954356012027	68287
30	0.07187671420005914	0.21746391936125875	5.107954356012027	70455
31	0.07410723509717665	0.22225296115557824	5.107954356012027	72629
32	0.07633239547425485	0.22873148709347424	5.107954356012027	74805
33	0.07855220821401321	0.23922493624866503	5.107954356012027	76990
34	0.08076668616821081	0.24388080281702484	5.107954356012027	79176
35	0.08297584215772047	0.24850817595212793	5.107954356012027	81348
36	0.0851796889726033	0.2584485439950892	5.107954356012027	83624
37	0.08737823937218236	0.2629867640252087	5.107954356012027	85805
38	0.08957150608511699	0.268248951703972	5.107954356012027	87985
39	0.09175950180947601	0.2743443373624145	5.107954356012027	90167
40	0.09394223921281164	0.2787852767422567	5.107954356012027	92413
41	0.0961197309322328	0.2839346649014124	5.107954356012027	94597
42	0.09829198957447793	0.2910923358894866	5.107954356012027	96793
43	0.10045902771598825	0.2993594806604546	5.107954356012027	98985
44	0.10262085790298059	0.3051957198886057	5.107954356012027	101207
45	0.10477749265152003	0.31015654059505937	5.107954356012027	103416
46	0.10692894444759216	0.3143783129073744	5.107954356012027	105801
47	0.10907522574717565	0.3192735709814575	5.107954356012027	108015
48	0.11121634897631416	0.32413387748959244	5.107954356012027	110226
49	0.11335232653118832	0.32827010991152117	5.107954356012027	112428
50	0.11548317077818748	0.33386552757156673	5.107954356012027	114654
51	0.11760889405398145	0.3414180726104379	5.107954356012027	116873
52	0.11972950866559184	0.3490983283234357	5.107954356012027	119081
53	0.12184502689046317	0.35308178082712993	5.107954356012027	121313
54	0.1239554609765342	0.35704085500374394	5.107954356012027	123533
55	0.1260608231423087	0.3623966163115011	5.107954356012027	125749
56	0.12816112557692616	0.36859295628903754	5.107954356012027	127981
57	0.13025638044023236	0.37245710363811735	5.107954356012027	130237
58	0.1323465998628499	0.37872991892869845	5.107954356012027	132436
59	0.13443179594624832	0.38253202909003714	5.107954356012027	134710
60	0.13651198076281423	0.3869406776596329	5.107954356012027	136915
61	0.13858716635592117	0.390692538806647	5.107954356012027	139126
62	0.14065736473999924	0.3976007866659821	5.107954356012027	141323
63	0.14272258790060488	0.40345500642627385	5.107954356012027	143532
64	0.14478284779449002	0.40664945215850656	5.107954356012027	145751
65	0.14683815634967146	0.4102806975957468	5.107954356012027	147956
66	0.1488885254654998	0.4138897201775882	5.107954356012027	150171
67	0.15093396701272854	0.4197483818667751	5.107954356012027	152391
68	0.15297449283358266	0.42554848133999346	5.107954356012027	154604
69	0.15501011474182713	0.43129060397549535	5.107954356012027	156851
70	0.1570408445228355	0.43773855631137404	5.107954356012027	159148
71	0.1590666939336579	0.4411795395705246	5.107954356012027	161355
72	0.16108767470308916	0.4458344372000912	4.877112537272065	163568
73	0.16310379853173695	0.452297009361023	4.877112537272065	165797
74	0.16511507709208928	0.4552299104830262	4.877112537272065	168012
75	0.1671215220285821	0.45976777045401307	4.877112537272065	170321
76	0.1691231449576669	0.4651678427193624	4.877112537272065	172577
77	0.17111995746787756	0.4684409615154598	4.877112537272065	174800
78	0.17311197111989796	0.47360674420238436	4.877112537272065	177034
79	0.1750991974466285	0.47872232491956235	4.877112537272065	179235
80	0.1770816479532532	0.48244418610892703	4.877112537272065	181441
81	0.179059334117306	0.4884798224225255	4.877112537272065	183644
82	0.18103226738873734	0.4979524183035898	4.877112537272065	185854
83	0.18300045918998054	0.5045932593313202	4.877112537272065	188071
84	0.18496392091601777	0.5087199293910343	4.877112537272065	190405
85	0.18692266393444623	0.5117265138145181	4.877112537272065	192614
86	0.18887669958554376	0.5147146982449301	4.877112537272065	194824
87	0.19082603918233454	0.5181795781289432	4.877112537272065	197067
88	0.1927706940106546	0.5221930760204139	4.877112537272065	199427
89	0.19471067532921726	0.5251172061470218	4.877112537272065	201660
90	0.19664599436967822	0.5285078133501133	4.877112537272065	203874
91	0.19857666233670057	0.5313932979219151	4.877112537272065	206107
92	0.2005026904080197	0.534261123619509	4.877112537272065	208394
93	0.20242408973450798	0.5405977069716246	4.877112537272065	210592
94	0.20434087144023938	0.54340920261528	4.877112537272065	212805
95	0.20625304662255384	0.5479732089198337	4.877112537272065	215019
96	0.20816062635212151	0.5553532381619588	4.877112537272065	217237
97	0.21006362167300685	0.5580744314447184	4.877112537272065	219459
98	0.21196204360273252	0.5607789712993692	4.877112537272065	221678
99	0.21385590313234326	0.5659010824212423	4.877112537272065	223903
100	0.2157452112264695	0.5685577239622388	4.877112537272065	226112
101	0.21762997882339075	0.5711981071252678	4.877112537272065	228310
102	0.21951021683509908	0.5738223314099604	4.877112537272065	230507
103	0.22138593614736213	0.5780823330951587	4.877112537272065	232742
104	0.22325714761978632	0.5803416649224589	4.877112537272065	234953
105	0.22512386208587953	0.5845365004251082	4.877112537272065	237146
106	0.2269860903531139	0.5875028608671257	4.877112537272065	239357
107	0.22884384320298856	0.5915115794204091	4.877112537272065	241599
108	0.23069713139109171	0.5944281386201207	4.858445827937206	243823
109	0.23254596564716323	0.5978064964825103	4.858445827937206	246055
110	0.23439035667515662	0.6002678801112075	4.858445827937206	248267
111	0.23623031515330084	0.6027142003206434	4.858445827937206	250491
112	0.23806585173416261	0.6065750924458072	4.858445827937206	252711
113	0.23989697704470747	0.6094426209265229	4.858445827937206	254919
114	0.2417237016863618	0.6133465680726135	4.858445827937206	257200
115	0.24354603623507398	0.6172114920069147	4.858445827937206	259411
116	0.24536399124137553	0.6199445568584153	4.858445827937206	261620
117	0.2471775772304423	0.6222704577930764	4.858445827937206	263828
118	0.24898680470215562	0.624582124448883	4.858445827937206	266043
119	0.2507916841311627	0.6296898506468573	4.858445827937206	268239
120	0.25259222596693753	0.6327744832945302	4.858445827937206	270450
121	0.25438844063384136	0.6370569966088797	4.858445827937206	272689
122	0.2561803385311828	0.6392781711402535	4.858445827937206	274890
123	0.25796793003327845	0.6422829343960615	4.858445827937206	277095
124	0.25975122548951257	0.6444721267158844	4.858445827937206	279301
125	0.2615302352243972	0.6474336250356187	4.858445827937206	281515
126	0.26330496953763205	0.6495912956488357	4.858445827937206	283719
127	0.2650754387041637	0.6525101519949511	4.858445827937206	285928
128	0.2668416529742458	0.6565625117384501	4.858445827937206	288148
129	0.26860362257349746	0.6594232988126822	4.858445827937206	290428
130	0.2703613577029633	0.6618549763364805	4.858445827937206	292668
131	0.2721148685391722	0.6646716779080217	4.858445827937206	294910
132	0.273864165234196	0.671058884043107	4.858445827937206	297123
133	0.27560925791570867	0.6734074848591257	4.858445827937206	299373
134	0.27735015668704466	0.6757393169420022	4.858445827937206	301596
135	0.27908687162725754	0.6789805732491209	4.858445827937206	303837
136	0.2808194127911783	0.6806996039153659	4.858445827937206	306068
137	0.2825477902094734	0.6844232236947785	4.858445827937206	308310
138	0.28427201388870327	0.6887167852771624	4.858445827937206	310551
139	0.2859920938113798	0.6923469102301985	4.858445827937206	312794
140	0.28770803993602434	0.6942297160732931	4.858445827937206	315029
141	0.2894198621972255	0.6967767405124994	4.858445827937206	317363
142	0.29112757050569615	0.7025524216455946	4.858445827937206	319598
143	0.29283117474833154	0.7082180898047261	4.858445827937206	321868
144	0.29453068478826594	0.7103013782692608	4.858445827937206	324051
145	0.29622611046492986	0.7118526887920053	4.858445827937206	326255
146	0.29791746159410726	0.7136161212399628	4.858445827937206	328472
147	0.2996047479679923	0.7175125005428205	4.858445827937206	330668
148	0.30128797935524576	0.7192412955143813	4.858445827937206	332863
149	0.30296716550105185	0.720959510435287	4.858445827937206	335074
150	0.30464231612717463	0.7226672100543794	4.858445827937206	337287
151	0.3063134409320143	0.7246473335025543	4.858445827937206	339488
152	0.3079805495906631	0.7269409833692552	4.858445827937206	341697
153	0.30964365175496167	0.7286120769779907	4.858445827937206	343887
154	0.3113027570535547	0.7302729436625851	4.858445827937206	346077
155	0.31295787509194684	0.7319236460107813	4.858445827937206	348275
156	0.31460901545255804	0.7350499008677984	4.858445827937206	350479
157	0.3162561876947795	0.7381396979422263	4.858445827937206	352663
158	0.31789940135502837	0.7400093496496658	4.858445827937206	354842
159	0.3195386659468036	0.741865652264174	4.858445827937206	357026
160	0.3211739909607406	0.7434454084063409	4.858445827937206	359227
161	0.32280538586466645	0.7450154966004389	4.858445827937206	361423
162	0.32443286010365446	0.746836055915483	4.858445827937206	363708
163	0.326056423100079	0.7502804633179935	4.858445827937206	365917
164	0.3276760842536699	0.7518087216662246	4.858445827937206	368106
165	0.3292918529415674	0.7533276272276855	4.858445827937206	370298
166	0.3309037385183756	0.7548372372404868	4.858445827937206	372497
167	0.3325117503162174	0.7572197713780915	4.858445827937206	374782
168	0.3341158976447879	0.760051027688551	4.858445827937206	377053
169	0.3357161897914087	0.7615194911694496	4.858445827937206	379332
170	0.33731263602108175	0.7632222139075746	4.858445827937206	381525
171	0.33890524557654256	0.7646712700490339	4.858445827937206	383729
172	0.34049402767831405	0.7670235772205554	4.858445827937206	385936
173	0.34207899152475973	0.7684493694023946	4.858445827937206	388138
174	0.34366014629213726	0.7727373440430909	4.858445827937206	390345
175	0.3452375011346511	0.7753140181469107	4.858445827937206	392587
176	0.3468110651845061	0.7766890736674356	4.858445827937206	394823
177	0.34838084755195975	0.7780557139870256	4.858445827937206	397040
178	0.34994685732537534	0.7806439855440281	4.858445827937206	399229
179	0.35150910357127463	0.7827757252374778	4.858445827937206	401500
180	0.3530675953343899	0.785731157547172	4.858445827937206	403766
181	0.3546223416377169	0.7886463798934691	4.858445827937206	406020
182	0.35617335148256646	0.7907590358212311	4.858445827937206	408240
183	0.3577206338486171	0.7922529916551962	4.858445827937206	410479
184	0.3592641976939669	0.7935243823683197	4.858445827937206	412718
185	0.36080405195518517	0.7949985939537187	4.858445827937206	414911
186	0.36234020554736446	0.7967062274901309	4.858445827937206	417124
187	0.3638726673641719	0.7986818715378459	4.858445827937206	419306
188	0.36540144627790083	0.8009643900011356	4.858445827937206	421550
189	0.36692655113952244	0.8028986524889768	4.858445827937206	423745
190	0.36844799077873636	0.8043059328900789	4.858445827937206	426000
191	0.3699657740040224	0.8055035608199308	4.858445827937206	428307
192	0.3714799096026914	0.8066938593877865	4.858445827937206	430544
193	0.3729904063409356	0.8078768734486012	4.858445827937206	432758
194	0.37449727296388025	0.8090526475828226	4.858445827937206	434956
195	0.3760005181956336	0.8102212260980701	4.858445827937206	437131
196	0.3775001507393376	0.8113826530308056	4.858445827937206	439341
197	0.3789961792772184	0.8132156690363371	4.858445827937206	441592
198	0.38048861247063637	0.8143587702806642	4.858445827937206	443777
199	0.38197745896013646	0.8154948758608045	4.858445827937206	445974
200	0.383462727365498	0.8166240285895163	4.858445827937206	448184
201	0.38494442628578507	0.8177462710175484	4.858445827937206	450451
202	0.3864225642993957	0.8188616454352431	4.858445827937206	452695
203	0.38789714996411195	0.8199701938741302	4.858445827937206	454890
204	0.3893681918171492	0.8210719581085105	4.858445827937206	457080
205	0.3908356983752058	0.8221669796570309	4.858445827937206	459263
206	0.3922996781345123	0.8234366864721172	4.858445827937206	461475
207	0.3937601395708803	0.8267997972059817	4.858445827937206	463650
208	0.3952170911397521	0.8280364262495518	4.858445827937206	465837
209	0.39667054127624946	0.8292642259074356	4.858445827937206	468056
210	0.3981204983952221	0.8303091116042681	4.858445827937206	470248
211	0.3995669708912969	0.8320053137373367	4.858445827937206	472473
212	0.401009967138926	0.8330334242534406	4.858445827937206	474691
213	0.4024494954924358	0.8349805563321177	4.858445827937206	476879
214	0.403885564286075	0.8359904586639766	4.858445827937206	479152
215	0.4053181818340631	0.8369941804955429	4.858445827937206	481351
216	0.4067473564306381	0.838158022843406	4.858445827937206	483553
217	0.4081730963501049	0.8391484794010711	4.858445827937206	485754
218	0.40959540984688314	0.840756324671531	4.858445827937206	487935
219	0.4110143051555549	0.8418933057531884	4.858445827937206	490149
220	0.41242979049091255	0.8428609027566284	4.858445827937206	492351
221	0.4138418740480061	0.8446934286720029	4.858445827937206	494614
222	0.4152505640021906	0.8456438892059315	4.858445827937206	496808
223	0.4166558685091739	0.8467459736526077	4.858445827937206	499003
224	0.4180577957050633	0.8480225586284295	4.858445827937206	501202
225	0.419456353706413	0.8489526452231946	4.858445827937206	503403
226	0.420851550610271	0.8502108489281243	4.858445827937206	505574
227	0.4222433944942261	0.8511275434072253	4.858445827937206	507748
228	0.42363189341645446	0.8520386278086804	4.858445827937206	509916
229	0.4250170554157664	0.8529441364655984	4.858445827937206	512097
230	0.42639888851165286	0.8541690915970803	4.858445827937206	514293
231	0.4277774007043319	0.855061562030744	4.858445827937206	516485
232	0.42915259997479493	0.8565103427518028	4.858445827937206	518673
233	0.43052449428485307	0.8581836915243766	4.858445827937206	520945
234	0.43189309157718303	0.8590515930118727	4.858445827937206	523134
235	0.4332583997753733	0.8599141830299049	4.858445827937206	525333
236	0.4346204267839697	0.8607714940841293	4.858445827937206	527528
237	0.4359791804885218	0.8617655692141291	4.858445827937206	529719
238	0.43733466875562776	0.8626115499718561	4.858445827937206	531932
239	0.43868689943298045	0.8634523534127716	4.858445827937206	534258
240	0.44003588034941277	0.8650447457927976	4.858445827937206	536455
241	0.4413816193149427	0.8658706583209889	4.858445827937206	538632
242	0.44272412412081874	0.86682832601906	4.858445827937206	540825
243	0.4440634025395652	0.8677791560825878	4.858445827937206	543018
244	0.4453994623250269	0.868588334295922	4.858445827937206	545231
245	0.4467323112124141	0.8692920321547526	4.858445827937206	547436
246	0.4480619569183474	0.8708163233249595	4.858445827937206	549637
247	0.44938840714090234	0.8723228385048434	4.858445827937206	551858
248	0.450711669559654	0.8733863717118001	4.858445827937206	554094
249	0.4520317518357214	0.8741612343316907	4.858445827937206	556309
250	0.453348661611812	0.8749313548705918	4.858445827937206	558504
251	0.45466240651226575	0.8758243302627219	4.858445827937206	560730
252	0.45597299414309944	0.8767109299157517	4.858445827937206	562921
253	0.4572804320920506	0.8779090744258027	4.858445827937206	565137
254	0.45858472792862137	0.8793328753071344	4.858445827937206	567327
255	0.45988588920412254	0.8800713459254896	4.858445827937206	569522
256	0.461183923451717	0.8812701329716321	4.858445827937206	571716
257	0.4624788381864636	0.8819967477687016	4.858445827937206	573916
258	0.4637706409053606	0.8827189157565853	4.858445827937206	576116
259	0.46505933908738883	0.8834366641493065	4.858445827937206	578326
260	0.46634494019355544	0.8844076207161595	4.858445827937206	580521
261	0.46762745166693676	0.8853704893482615	4.858445827937206	582716
262	0.46890688093272137	0.8859843202495916	4.858445827937206	584890
263	0.47018323539825324	0.886934055191286	4.858445827937206	587081
264	0.4714565224530747	0.8876260073563046	4.858445827937206	589365
265	0.47272674946896887	0.888562067270038	4.858445827937206	591543
266	0.4739939238000027	0.8894903299333446	4.858445827937206	593718
267	0.4752580527825695	0.8901666379550701	4.858445827937206	595952
268	0.47651914373543125	0.8910815347651071	4.858445827937206	598184
269	0.477777203959761	0.8917481047739395	4.858445827937206	600372
270	0.47903224073918504	0.8924105954416269	4.858445827937206	602565
271	0.4802842613398256	0.8930690317333254	4.858445827937206	604760
272	0.4815332730103422	0.8941601640625771	4.858445827937206	606957
273	0.48277928298197414	0.8952181216063082	4.858445827937206	609152
274	0.48402229846858214	0.8966041252887644	4.858445827937206	611354
275	0.48526232666669	0.897236897601254	4.858445827937206	613548
276	0.4864993747555266	0.898264100623982	4.858445827937206	615729
277	0.48773344989706724	0.8992810358947128	4.858445827937206	617923
278	0.48896455923607496	0.9004229742632534	4.858445827937206	620228
279	0.4901927099001423	0.9014183297891517	4.858445827937206	622555
280	0.49141790899973226	0.9020216396562293	4.858445827937206	624732
281	0.4926401636282195	0.9030010151865294	4.858445827937206	626906
282	0.49385948086193154	0.9039706010405583	4.858445827937206	629099
283	0.49507586776018964	0.9045582912653013	4.858445827937206	631324
284	0.4962893313653497	0.9051423848852129	4.858445827937206	633539
285	0.49749987870284296	0.9059325357816294	4.858445827937206	635739
286	0.4987075167812167	0.9065082191638699	4.858445827937206	637928
287	0.499912252592175	0.9070803794219428	4.858445827937206	640115
288	0.5011140931106188	0.9088502769567629	4.858445827937206	642331
289	0.5023130452946867	0.9094081040576404	4.858445827937206	644559
290	0.5035091160857952	0.9098932156560703	4.858445827937206	646718
291	0.5047023124086787	0.9111191583002054	4.858445827937206	648885
292	0.5058926411714294	0.9118965417553057	4.858445827937206	651054
293	0.5070801092655379	0.9124357260232228	4.858445827937206	653220
294	0.5082647235659328	0.9135939836155081	4.858445827937206	655577
295	0.5094464909310201	0.914313733856112	4.858445827937206	657802
296	0.5106254182027237	0.9148381251524562	4.858445827937206	659991
297	0.5118015122065243	0.915359307227019	4.858445827937206	662217
298	0.5129747797514992	0.9158772997199135	4.858445827937206	664525
299	0.5141452276303617	0.9163921221510575	4.858445827937206	666699
300	0.5153128626195008	0.9169890725492174	4.858445827937206	668854
301	0.5164776914790197	0.9181184729226974	4.858445827937206	671014
302	0.5176397209527754	0.9187030973797258	4.858445827937206	673172
303	0.5187989577684178	0.9192006262145361	4.858445827937206	675370
304	0.5199554086374283	0.9197775242245472	4.858445827937206	677538
305	0.521109080255159	0.920268477675561	4.858445827937206	679689
306	0.5222599793008715	0.9206954329328466	4.858445827937206	681844
307	0.5234081124377751	0.9212616581989892	4.858445827937206	684061
308	0.5245534863130658	0.9219175377641788	4.858445827937206	686307
309	0.5256961075579647	0.9223953945484251	4.858445827937206	688489
310	0.5268359827877562	0.9230418302456477	4.858445827937206	690683
311	0.5279731186018268	0.9234539344449629	4.858445827937206	692862
312	0.5291075215837026	0.9240004643352827	4.858445827937206	695061
313	0.5302391983010879	0.9246335300217859	4.858445827937206	697259
314	0.5313681553059033	0.9251716377386531	4.858445827937206	699501
315	0.5324943991343231	0.9257949477116756	4.858445827937206	701729
316	0.5336179363068136	0.926940087407483	4.858445827937206	703913
317	0.534738773328171	0.9274617265763473	4.858445827937206	706132
318	0.5358569166875584	0.9280659604241078	4.858445827937206	708427
319	0.536972372858544	0.9285061894825328	4.858445827937206	710596
320	0.5380851482991382	0.9298679763495322	4.858445827937206	712769
321	0.5391952494518312	0.9302971772524582	4.858445827937206	714955
322	0.5403026827436301	0.9307948471953216	4.858445827937206	717164
323	0.5414074545860965	0.9313713166064392	4.858445827937206	719485
324	0.5425095713753831	0.9317913172187977	4.858445827937206	721788
325	0.5436090394922712	0.9324731199621333	4.858445827937206	723981
326	0.5447058653022072	0.9330356095917699	4.858445827937206	726203
327	0.5458000551553399	0.9334454248991157	4.858445827937206	728444
328	0.5468916153865568	0.933852732178163	4.858445827937206	730671
329	0.5479805523155213	0.9346027012010863	4.858445827937206	732842
330	0.5490668722467089	0.9350029260660254	4.858445827937206	735021
331	0.5501505814694436	0.935400701595205	4.858445827937206	737204
332	0.5512316862579348	0.935938804872213	4.858445827937206	739399
333	0.5523101928713134	0.9364991068704152	4.858445827937206	741597
334	0.5533861075536677	0.9371162195344539	4.858445827937206	743789
335	0.5544594365340798	0.9375010619210037	4.858445827937206	745989
336	0.5555301860266624	0.9378835491110085	4.858445827937206	748192
337	0.556598362230593	0.9382636955180335	4.858445827937206	750394
338	0.5576639713301517	0.9391036452388765	4.858445827937206	752608
339	0.558727019494756	0.9394763247808021	4.858445827937206	754784
340	0.5597875128789963	0.9398467235615637	4.858445827937206	756976
341	0.5608454576226725	0.9402148555391894	4.858445827937206	759153
342	0.5619008598508284	0.9413536201955858	4.858445827937206	761329
343	0.5629537256737882	0.9417125301179751	4.858445827937206	763518
344	0.5640040611871913	0.9423733857855717	4.858445827937206	765706
345	0.5650518724720273	0.9427260548455245	4.858445827937206	767885
346	0.5660971655946722	0.9432031389367738	4.858445827937206	770102
347	0.5671399466069225	0.9437551006575048	4.858445827937206	772316
348	0.568180221546031	0.9440993137619647	4.858445827937206	774508
349	0.569217996434741	0.9446425663007211	4.858445827937206	776696
350	0.5702532772813219	0.9450378118557823	4.858445827937206	778906
351	0.5712860700796036	0.9453741748972347	4.858445827937206	781108
352	0.5723163808090113	0.945829200512418	4.858445827937206	783285
353	0.5733442154346	0.946160720335205	4.858445827937206	785489
354	0.5743695799070891	0.9471862304240583	4.858445827937206	787681
355	0.5753924801628971	0.948024544226851	4.858445827937206	789908
356	0.5764129221241756	0.9483426287677877	4.858445827937206	792179
357	0.5774309116988436	0.9486587666634536	4.858445827937206	794381
358	0.5784464547806221	0.9493572868449032	4.858445827937206	796577
359	0.5794595572490676	0.9496672151355956	4.858445827937206	798964
360	0.580470224969607	0.9500265852899199	4.858445827937206	801240
361	0.5814784637935708	0.950383389583679	4.858445827937206	803459
362	0.582484279558227	0.9506870382292243	4.858445827937206	805657
363	0.5834876780868156	0.9509888285757206	4.858445827937206	807845
364	0.5844886651885814	0.9512887719957708	4.858445827937206	810022
365	0.5854872466588084	0.9515868797923781	4.858445827937206	812198
366	0.5864834282788529	0.9519325437672049	4.858445827937206	814345
367	0.5874772158161772	0.9522267117455779	4.858445827937206	816519
368	0.5884686150243825	0.9525678073956363	4.858445827937206	818711
369	0.5894576316432434	0.9529064676629371	4.858445827937206	820933
370	0.5904442713987395	0.9536539840492396	4.858445827937206	823131
371	0.5914285400030896	0.9539376169869148	4.858445827937206	825289
372	0.5924104431547851	0.954321310306474	4.858445827937206	827437
373	0.5933899865386218	0.9548540063961944	4.858445827937206	829623
374	0.5943671758257337	0.9553052783022716	4.858445827937206	831839
375	0.5953420166736256	0.9556243933497951	4.858445827937206	834004
376	0.596314514726206	0.956228143100138	4.858445827937206	836206
377	0.5972846756138193	0.9565927566519903	4.858445827937206	838414
378	0.5982525049532789	0.9570266482972849	4.858445827937206	840625
379	0.5992180083478995	0.957289640870328	4.858445827937206	842880
380	0.6001811913875297	0.9576454122916498	4.858445827937206	845058
381	0.6011420596485841	0.9579478190581757	4.858445827937206	847232
382	0.6021006186940759	0.9582051741591805	4.858445827937206	849413
383	0.6030568740736487	0.9584609542729544	4.858445827937206	851603
384	0.604010831323609	0.9589453746312874	4.858445827937206	853781
385	0.6049624959669582	0.9592873540179488	4.858445827937206	855953
386	0.6059118735134243	0.9596943109123967	4.858445827937206	858132
387	0.6068589694594942	0.9599461165501785	4.858445827937206	860299
388	0.6078037892884451	0.96023209655934	4.858445827937206	862476
389	0.6087463384703768	0.9604754721127002	4.858445827937206	864656
390	0.6096866224622426	0.961013220791439	4.858445827937206	866813
391	0.6106246467078815	0.9613921010558565	4.858445827937206	868965
392	0.6115604166380499	0.961713699547686	4.858445827937206	871161
393	0.612493937670452	0.9619480078403674	4.858445827937206	873409
394	0.6134252152097724	0.9623178036825407	4.858445827937206	875574
395	0.6143542546477068	0.9626316911987212	4.858445827937206	877746
396	0.6152810613629928	0.9629429640750333	4.858445827937206	879914
397	0.616205640721442	0.9632075469459203	4.858445827937206	882090
398	0.6171279980759704	0.9636366134538396	4.858445827937206	884276
399	0.6180481387666295	0.9640606762707044	4.858445827937206	886434
400	0.6189660681206373	0.9643172788081896	4.858445827937206	888599
401	0.6198817914524092	0.9645356534587018	4.858445827937206	890776
402	0.6207953140635885	0.9648310665910741	4.858445827937206	892938
403	0.6217066412430774	0.9653095554809915	4.858445827937206	895165
404	0.6226157782670674	0.9655218574984645	4.858445827937206	897391
405	0.6235227303990702	0.9658664953243857	4.858445827937206	899569
406	0.6244275028899477	0.9660753889262561	4.858445827937206	901735
407	0.6253301009779426	0.9662830041203767	4.858445827937206	903916
408	0.6262305298887088	0.9669252326133219	4.858445827937206	906082
409	0.6271287948353417	0.9671276468498935	4.858445827937206	908268
410	0.6280249010184079	0.9676494302332285	4.858445827937206	910454
411	0.6289188536259762	0.9680895740395791	4.858445827937206	912625
412	0.629810657833647	0.9682848626241952	4.858445827937206	914836
413	0.6307003188045821	0.9686547184536507	4.858445827937206	917006
414	0.6315878416895351	0.9688785200711649	4.858445827937206	919160
415	0.6324732316268808	0.9690689803857342	4.858445827937206	921313
416	0.6333564937426458	0.9694296919847344	4.858445827937206	923570
417	0.6342376331505366	0.9696479603825349	4.858445827937206	925733
418	0.6351166549519708	0.9698337118000954	4.858445827937206	927899
419	0.6359935642361056	0.9700490955440109	4.858445827937206	930054
420	0.6368683660798682	0.9702323920548891	4.858445827937206	932289
421	0.6377410655479837	0.9704145668096297	4.858445827937206	934455
422	0.6386116676930063	0.970595626673267	4.858445827937206	936682
423	0.6394801775553467	0.970938534817019	4.858445827937206	938867
424	0.6403466001633031	0.9711460302547508	4.858445827937206	941025
425	0.641210940533089	0.9713520441995017	4.858445827937206	943188
426	0.6420732036688623	0.9718977195480827	4.858445827937206	945347
427	0.642933394562755	0.972069702666727	4.858445827937206	947558
428	0.6437915181949017	0.9722691216992725	4.858445827937206	949720
429	0.6446475795334683	0.9724388318742551	4.858445827937206	951890
430	0.6455015835346811	0.9727602449136223	4.858445827937206	954046
431	0.6463535351428551	0.972926949464126	4.858445827937206	956223
432	0.6472034392904229	0.9731975672120896	4.858445827937206	958383
433	0.6480513008979631	0.9733615953942867	4.858445827937206	960522
434	0.6488971248742291	0.9736722473430414	4.858445827937206	962660
435	0.6497409161161771	0.9738915539041155	4.858445827937206	964803
436	0.6505826795089948	0.9742467708578011	4.858445827937206	966966
437	0.6514224199261295	0.9745041958887934	4.858445827937206	969137
438	0.652260142229316	0.9746602276354303	4.858445827937206	971338
439	0.6530958512686056	0.974841150624884	4.858445827937206	973545
440	0.6539295518823933	0.9750207818455071	4.858445827937206	975733
441	0.6547612488974466	0.975312084681128	4.858445827937206	977915
442	0.6555909471289323	0.975463172229935	4.858445827937206	980345
443	0.6564186513804459	0.9757016253666703	4.858445827937206	982493
444	0.6572443664440382	0.9758503289658169	4.858445827937206	984670
445	0.6580680971002433	0.9761788959186629	4.858445827937206	986840
446	0.6588898481181069	0.9764170077462148	4.858445827937206	988994
447	0.6597096242552133	0.9765613332774367	4.858445827937206	991149
448	0.6605274302577127	0.9768270777981006	4.858445827937206	993303
449	0.6613432708603496	0.9770522762645915	4.858445827937206	995452
450	0.6621571507864894	0.9773644901929643	4.858445827937206	997608
451	0.662969074748146	0.9776284611528131	4.858445827937206	999792
452	0.6637790474460092	0.9777881913046346	4.858445827937206	1001988
453	0.664587073569472	0.9779241253309388	4.858445827937206	1004198
454	0.6653931577966572	0.9780592274547284	4.858445827937206	1006412
455	0.666197304794445	0.9782419910744308	4.858445827937206	1008623
456	0.6669995192185001	0.9783973406948906	4.858445827937206	1010902
457	0.6677998057132982	0.9785515811373617	4.858445827937206	1013082
458	0.6685981689121532	0.9786828432949755	4.858445827937206	1015290
459	0.6693946134372437	0.9788604122804401	4.858445827937206	1017489
460	0.6701891438996405	0.979011346446344	4.858445827937206	1019682
461	0.6709817648993324	0.9792561120854537	4.858445827937206	1021892
462	0.6717724810252532	0.9794577047765571	4.858445827937206	1024064
463	0.6725612968553089	0.9795834215489979	4.858445827937206	1026305
464	0.6733482169564027	0.9797083689474859	4.858445827937206	1028481
465	0.6741332458844631	0.9798532488026833	4.858445827937206	1030652
466	0.6749163881844692	0.9800546324048223	4.858445827937206	1032853
467	0.6756976483904773	0.9803712255412537	4.858445827937206	1035055
468	0.6764770310256473	0.9806001325320262	4.858445827937206	1037289
469	0.6772545406022688	0.9808200856779216	4.858445827937206	1039490
470	0.6780301816217869	0.9809374648168169	4.858445827937206	1041696
471	0.678803958574829	0.9810541256072349	4.858445827937206	1043890
472	0.6795758759412301	0.9812750687488415	4.858445827937206	1046180
473	0.6803459381900592	0.9814622400733013	4.858445827937206	1048406
474	0.6811141497796445	0.9815756892921406	4.858445827937206	1050587
475	0.6818805151576002	0.9816884442132164	4.858445827937206	1052778
476	0.6826450387608515	0.98184097695613	4.858445827937206	1054964
477	0.6834077250156605	0.9820527439887117	4.858445827937206	1057151
478	0.6841685783376521	0.9822022421645658	4.858445827937206	1059340
479	0.6849276031318388	0.9824040308021558	4.858445827937206	1061526
480	0.6856848037926471	0.9825117163568349	4.858445827937206	1063725
481	0.6864401847039425	0.982657391355945	4.858445827937206	1065981
482	0.687193750239055	0.9827635263696188	4.858445827937206	1068197
483	0.6879455047608041	0.9829358193171945	4.858445827937206	1070381
484	0.6886954526215245	0.9833421093334518	4.858445827937206	1072566
485	0.6894435981630911	0.9834610447103772	4.858445827937206	1074749
486	0.6901899457169443	0.983579130902723	4.858445827937206	1076913
487	0.6909344996041143	0.9836796249634463	4.858445827937206	1079070
488	0.6916772641352477	0.9837795040106657	4.858445827937206	1081283
489	0.6924182436106306	0.9838787718082018	4.858445827937206	1083458
490	0.6931574423202151	0.9839774320968409	4.858445827937206	1085655
491	0.6938948645436429	0.9840918313440818	4.858445827937206	1087890
492	0.6946305145502709	0.9842243442025235	4.858445827937206	1090127
493	0.6953643965991958	0.984336980526418	4.858445827937206	1092362
494	0.6960965149392779	0.9845927032933337	4.858445827937206	1094581
495	0.6968268738091672	0.9846869943933754	4.858445827937206	1096820
496	0.6975554774373266	0.9847807084414061	4.858445827937206	1099029
497	0.6982823300420571	0.9848738489689259	4.858445827937206	1101246
498	0.6990074358315221	0.9850250474798572	4.858445827937206	1103480
499	0.6997307990037714	0.9851319668766809	4.858445827937206	1105737
