0	0.00240325927734375	0.0061198990216660976	6.724032740477739	2443
1	0.004800742899533361	0.01321608585556866	6.186194430704103	4775
2	0.0071924647469656655	0.02307981510982371	6.186194430704103	6991
3	0.00957843866667929	0.030054910140871582	6.015778807872831	9553
4	0.011958678472434925	0.04325144197568964	5.562678105241632	11785
5	0.01433319794479504	0.04910664653992303	5.562678105241632	14010
6	0.01670201083120393	0.062043971076794824	5.562678105241632	16207
7	0.019065130846067313	0.0677841672605678	5.562678105241632	18421
8	0.021422571670831503	0.07684360198106766	5.562678105241632	20642
9	0.023774346954062775	0.08249322591814856	5.562678105241632	22887
10	0.026120470311526423	0.09013593124161245	5.562678105241632	25095
11	0.02846095532626547	0.09570420746585606	5.562678105241632	27306
12	0.030795815548679273	0.10216077289122039	5.562678105241632	29544
13	0.03312506449660224	0.10765545829881684	5.562678105241632	31761
14	0.03544871565538188	0.11311651678656298	5.562678105241632	33969
15	0.03776678247795695	0.11854415414781272	5.562678105241632	36161
16	0.04007927838493508	0.12588656019406164	5.416776684680671	38359
17	0.042386216764671025	0.13212762717667081	5.416776684680671	40578
18	0.04468761097334362	0.13832413367627217	5.416776684680671	42810
19	0.04698347433503336	0.1455017752116634	5.416776684680671	44999
20	0.049273820141799596	0.15073121806156098	5.416776684680671	47224
21	0.05155866165375744	0.15592865724927762	5.416776684680671	49465
22	0.0538380120991544	0.1610942886339941	5.416776684680671	51672
23	0.056111884674447055	0.166228306876253	5.416776684680671	53877
24	0.05838029254437771	0.17317351048411422	5.416776684680671	56059
25	0.06064324884205019	0.17823360510839015	5.416776684680671	58243
26	0.06290076666900601	0.1832627324645254	5.416776684680671	60459
27	0.06515285909530044	0.188261082069074	5.416776684680671	62666
28	0.06739953915957797	0.19930514897969887	4.877112537272065	64909
29	0.06964081986914772	0.2042053206151111	4.877112537272065	67098
30	0.07187671420005914	0.20988720087489487	4.877112537272065	69378
31	0.07410723509717665	0.21910134430492523	4.877112537272065	71598
32	0.07633239547425485	0.2256061227780204	4.877112537272065	73809
33	0.07855220821401321	0.23205671734046918	4.877112537272065	76018
34	0.08076668616821081	0.23675645268471224	4.877112537272065	78231
35	0.08297584215772047	0.24142742612322	4.877112537272065	80451
36	0.0851796889726033	0.24606981367595127	4.877112537272065	82680
37	0.08737823937218236	0.25461777497214233	4.877112537272065	84927
38	0.08957150608511699	0.2591794389218576	4.877112537272065	87180
39	0.09175950180947601	0.26371318594882986	4.877112537272065	89398
40	0.09394223921281164	0.27015301231079347	4.877112537272065	91623
41	0.0961197309322328	0.27536403382103947	4.877112537272065	93893
42	0.09829198957447793	0.2838145990242926	4.877112537272065	96140
43	0.10045902771598825	0.2881975813590554	4.877112537272065	98086
44	0.10262085790298059	0.29255374028451564	4.877112537272065	100032
45	0.10477749265152003	0.2996252564166154	4.877112537272065	101993
46	0.10692894444759216	0.303911479124671	4.877112537272065	103957
47	0.10907522574717565	0.3120291295138876	4.858445827937206	105902
48	0.11121634897631416	0.3162394417711103	4.858445827937206	107879
49	0.11335232653118832	0.32042398734246913	4.858445827937206	109849
50	0.11548317077818748	0.32527608001331487	4.858445827937206	111804
51	0.11760889405398145	0.3308964375309049	4.858445827937206	113757
52	0.11972950866559184	0.3349912837682528	4.858445827937206	115712
53	0.12184502689046317	0.33906106996011887	4.858445827937206	117669
54	0.1239554609765342	0.34378009605667303	4.858445827937206	119646
55	0.1260608231423087	0.3503395619853027	4.858445827937206	121621
56	0.12816112557692616	0.3566530745024523	4.858445827937206	123577
57	0.13025638044023236	0.3620120659684877	4.858445827937206	125536
58	0.1323465998628499	0.36945215849363644	4.858445827937206	127489
59	0.13443179594624832	0.37331104761198486	4.858445827937206	129437
60	0.13651198076281423	0.3771463207185932	4.858445827937206	131408
61	0.13858716635592117	0.3815934226114812	4.858445827937206	133368
62	0.14065736473999924	0.38674466440563793	4.858445827937206	135320
63	0.14272258790060488	0.39185299706365007	4.858445827937206	137277
64	0.14478284779449002	0.3977630748375699	4.858445827937206	139308
65	0.14683815634967146	0.40144870400668264	4.858445827937206	141264
66	0.1488885254654998	0.4057222897459102	4.858445827937206	143212
67	0.15093396701272854	0.4093592093234921	4.858445827937206	145162
68	0.15297449283358266	0.41297387132050933	4.858445827937206	147103
69	0.15501011474182713	0.4178637182899345	4.858445827937206	149107
70	0.1570408445228355	0.42202010276100066	4.858445827937206	151071
71	0.1590666939336579	0.42555728136865634	4.858445827937206	153057
72	0.16108767470308916	0.42907281280041154	4.858445827937206	155098
73	0.16310379853173695	0.4346211819665883	4.858445827937206	157068
74	0.16511507709208928	0.43808124324194164	4.858445827937206	159025
75	0.1671215220285821	0.443542066922778	4.858445827937206	160984
76	0.1691231449576669	0.4484090459292843	4.858445827937206	162941
77	0.17111995746787756	0.45392265813157384	4.858445827937206	164892
78	0.17311197111989796	0.4604235788681027	4.858445827937206	166852
79	0.1750991974466285	0.46372573207990186	4.858445827937206	168825
80	0.1770816479532532	0.4681928230246757	4.858445827937206	170789
81	0.179059334117306	0.4719898636171097	4.858445827937206	172754
82	0.18103226738873734	0.47814741622798884	4.858445827937206	174726
83	0.18300045918998054	0.4818733821976825	4.858445827937206	176692
84	0.18496392091601777	0.4855727452093014	4.858445827937206	178655
85	0.18692266393444623	0.4915718968686681	4.858445827937206	180603
86	0.18887669958554376	0.49750108757573897	4.858445827937206	182554
87	0.19082603918233454	0.5043378074726677	4.858445827937206	184502
88	0.1927706940106546	0.5074344059266077	4.858445827937206	186451
89	0.19471067532921726	0.511537409625678	4.858445827937206	188410
90	0.19664599436967822	0.5172337663647371	4.858445827937206	190377
91	0.19857666233670057	0.5201882469656549	4.858445827937206	192333
92	0.2005026904080197	0.5231246464436338	4.858445827937206	194276
93	0.20242408973450798	0.5260430754533201	4.858445827937206	196216
94	0.20434087144023938	0.5299910714928593	4.858445827937206	198166
95	0.20625304662255384	0.5328674786746044	4.858445827937206	200122
96	0.20816062635212151	0.5357262825348521	4.858445827937206	202077
97	0.21006362167300685	0.5390411421823691	4.858445827937206	204029
98	0.21196204360273252	0.5463579494493156	4.858445827937206	205992
99	0.21385590313234326	0.5495969002475594	4.858445827937206	207952
100	0.2157452112264695	0.5528127253186781	4.858445827937206	209922
101	0.21762997882339075	0.5560055897776391	4.858445827937206	211889
102	0.21951021683509908	0.5591756575605085	4.858445827937206	213864
103	0.22138593614736213	0.5618734580225304	4.858445827937206	215839
104	0.22325714761978632	0.5650016299174133	4.858445827937206	217814
105	0.22512386208587953	0.5700744972070062	4.858445827937206	219786
106	0.2269860903531139	0.5727055978709383	4.858445827937206	221810
107	0.22884384320298856	0.5769767622404083	4.858445827937206	223849
108	0.23069713139109171	0.5799970983224665	4.858445827937206	225841
109	0.23254596564716323	0.5825674736695396	4.858445827937206	227817
110	0.23439035667515662	0.5851221185790412	4.858445827937206	229766
111	0.23623031515330084	0.5885779943093281	4.858445827937206	231727
112	0.23806585173416261	0.5964146039415315	4.858445827937206	233687
113	0.23989697704470747	0.5988845058120283	4.858445827937206	235638
114	0.2417237016863618	0.6013392921324845	4.858445827937206	237592
115	0.24354603623507398	0.6041856826212154	4.858445827937206	239562
116	0.24536399124137553	0.6070117502171846	4.858445827937206	241524
117	0.2471775772304423	0.6098176400234521	4.858445827937206	243518
118	0.24898680470215562	0.6143678716266772	4.858445827937206	245483
119	0.2507916841311627	0.6246513950499657	4.858445827937206	247482
120	0.25259222596693753	0.6277779973402617	4.858445827937206	249430
121	0.25438844063384136	0.632118778712387	4.858445827937206	251399
122	0.2561803385311828	0.6364089387274028	4.858445827937206	253336
123	0.25796793003327845	0.639004936070933	4.858445827937206	255305
124	0.25975122548951257	0.6412141894094988	4.858445827937206	257242
125	0.2615302352243972	0.6453982804951023	4.858445827937206	259197
126	0.26330496953763205	0.6483520640811489	4.858445827937206	261146
127	0.2650754387041637	0.6524529146458002	4.858445827937206	263086
128	0.2668416529742458	0.6565059418802515	4.858445827937206	265058
129	0.26860362257349746	0.6586080908304867	4.858445827937206	267011
130	0.2703613577029633	0.6614518385120319	4.858445827937206	269036
131	0.2721148685391722	0.6648359100970844	4.858445827937206	270984
132	0.273864165234196	0.6676277809001074	4.858445827937206	272936
133	0.27560925791570867	0.6696618653186059	4.858445827937206	274896
134	0.27735015668704466	0.6735142050816543	4.858445827937206	276881
135	0.27908687162725754	0.675512265178563	4.858445827937206	278852
136	0.2808194127911783	0.6782152034111446	4.858445827937206	280795
137	0.2825477902094734	0.6801844938729757	4.858445827937206	282760
138	0.28427201388870327	0.6845357252488538	4.858445827937206	284729
139	0.2859920938113798	0.6867881030063439	4.858445827937206	286694
140	0.28770803993602434	0.6890243990519939	4.858445827937206	288663
141	0.2894198621972255	0.6921328598694667	4.858445827937206	290626
142	0.29112757050569615	0.6952102490252904	4.858445827937206	292591
143	0.29283117474833154	0.6970755315240944	4.858445827937206	294565
144	0.29453068478826594	0.7006081783867871	4.858445827937206	296528
145	0.29622611046492986	0.7024404261029726	4.858445827937206	298535
146	0.29791746159410726	0.7049190564561341	4.858445827937206	300473
147	0.2996047479679923	0.7070258996301249	4.858445827937206	302431
148	0.30128797935524576	0.7091177001920566	4.858445827937206	304397
149	0.30296716550105185	0.7108978704940712	4.858445827937206	306347
150	0.30464231612717463	0.714175672415907	4.858445827937206	308302
151	0.3063134409320143	0.7162164244424489	4.858445827937206	310379
152	0.3079805495906631	0.7189742823195875	4.858445827937206	312444
153	0.30964365175496167	0.7213151879229229	4.858445827937206	314501
154	0.3113027570535547	0.724100875340603	4.858445827937206	316579
155	0.31295787509194684	0.7260707625875316	4.858445827937206	318621
156	0.31460901545255804	0.7277471818595778	4.858445827937206	320641
157	0.3162561876947795	0.7294133416149613	4.858445827937206	322692
158	0.31789940135502837	0.7310693046408878	4.858445827937206	324728
159	0.3195386659468036	0.7382407898504642	4.858445827937206	326788
160	0.3211739909607406	0.7408572917428377	4.858445827937206	328833
161	0.32280538586466645	0.7424432189495725	4.858445827937206	330905
162	0.32443286010365446	0.744588631536415	4.858445827937206	332954
163	0.326056423100079	0.7471416814502534	4.858445827937206	334991
164	0.3276760842536699	0.7486891488265661	4.858445827937206	337039
165	0.3292918529415674	0.7521083440806264	4.858445827937206	339090
166	0.3309037385183756	0.7549992088726891	4.858445827937206	341157
167	0.3325117503162174	0.7571420729350271	4.858445827937206	343194
168	0.3341158976447879	0.7591650460884212	4.858445827937206	345308
169	0.3357161897914087	0.7611711681534906	4.858445827937206	347365
170	0.33731263602108175	0.7626327764878538	4.858445827937206	349413
171	0.33890524557654256	0.7640854399268013	4.858445827937206	351459
172	0.34049402767831405	0.76552921321219	4.858445827937206	353528
173	0.34207899152475973	0.767482322639827	4.858445827937206	355590
174	0.34366014629213726	0.7701938990521905	4.858445827937206	357655
175	0.3452375011346511	0.7716002891845539	4.858445827937206	359722
176	0.3468110651845061	0.7729980723513221	4.858445827937206	361785
177	0.34838084755195975	0.7743873012262557	4.858445827937206	363854
178	0.34994685732537534	0.7757680281607565	4.858445827937206	365909
179	0.35150910357127463	0.7771403051858418	4.858445827937206	368000
180	0.3530675953343899	0.7785041840141037	4.858445827937206	370019
181	0.3546223416377169	0.7858873778803003	4.858445827937206	372015
182	0.35617335148256646	0.7876709065943336	4.858445827937206	373992
183	0.3577206338486171	0.7889703392053382	4.858445827937206	375953
184	0.3592641976939669	0.7904770661224179	4.858445827937206	377922
185	0.36080405195518517	0.791759325320472	4.858445827937206	379884
186	0.36234020554736446	0.7945925317786968	4.858445827937206	381929
187	0.3638726673641719	0.7958496047425073	4.858445827937206	384048
188	0.36540144627790083	0.7973072145140846	4.858445827937206	386153
189	0.36692655113952244	0.7993332981674215	4.858445827937206	388108
190	0.36844799077873636	0.801004824213507	4.858445827937206	390108
191	0.3699657740040224	0.8022480260614027	4.858445827937206	392127
192	0.3714799096026914	0.8060147303268999	4.858445827937206	394100
193	0.3729904063409356	0.8073997622993382	4.858445827937206	396137
194	0.37449727296388025	0.8085784563056151	4.858445827937206	398102
195	0.3760005181956336	0.8097499368235962	4.858445827937206	400057
196	0.3775001507393376	0.8109142479991014	4.858445827937206	402033
197	0.3789961792772184	0.8120714337077827	4.858445827937206	403985
198	0.38048861247063637	0.8134132215316101	4.858445827937206	406120
199	0.38197745896013646	0.8152783121951841	4.858445827937206	408177
200	0.383462727365498	0.8171247597200969	4.858445827937206	410129
201	0.38494442628578507	0.8182439377241728	4.858445827937206	412147
202	0.3864225642993957	0.8197579407418807	4.858445827937206	414212
203	0.38789714996411195	0.8212593323225397	4.858445827937206	416164
204	0.3893681918171492	0.822353207159791	4.858445827937206	418118
205	0.3908356983752058	0.8236215843324467	4.858445827937206	420131
206	0.3922996781345123	0.8248809054415147	4.858445827937206	422116
207	0.3937601395708803	0.8261312351462222	4.858445827937206	424162
208	0.3952170911397521	0.827195294430149	4.858445827937206	426151
209	0.39667054127624946	0.8299382262645911	4.858445827937206	428120
210	0.3981204983952221	0.8309789871472973	4.858445827937206	430086
211	0.3995669708912969	0.8326215625880428	4.858445827937206	432092
212	0.401009967138926	0.8338166249126358	4.858445827937206	434109
213	0.4024494954924358	0.8348336503872501	4.858445827937206	436101
214	0.403885564286075	0.8367597885751539	4.858445827937206	438047
215	0.4053181818340631	0.8377588021853493	4.858445827937206	440007
216	0.4067473564306381	0.8387517019331292	4.858445827937206	441968
217	0.4081730963501049	0.8400948780936195	4.858445827937206	443960
218	0.40959540984688314	0.8423326174089274	4.858445827937206	445929
219	0.4110143051555549	0.8436459650356752	4.858445827937206	447898
220	0.41242979049091255	0.8454186865205315	4.858445827937206	449873
221	0.4138418740480061	0.8469209344649384	4.858445827937206	451856
222	0.4152505640021906	0.8480139009589116	4.858445827937206	453837
223	0.4166558685091739	0.8495331289376646	4.858445827937206	455857
224	0.4180577957050633	0.8506074446708402	4.858445827937206	457854
225	0.419456353706413	0.852639996444026	4.858445827937206	459869
226	0.420851550610271	0.8546448944515903	4.858445827937206	461865
227	0.4222433944942261	0.8563399977232918	4.858445827937206	463923
228	0.42363189341645446	0.8582945555773966	4.858445827937206	465979
229	0.4250170554157664	0.8594749424530536	4.858445827937206	467992
230	0.42639888851165286	0.8604782748089549	4.858445827937206	470048
231	0.4277774007043319	0.8613321336784527	4.858445827937206	472093
232	0.42915259997479493	0.8621807670178905	4.858445827937206	474161
233	0.43052449428485307	0.8630242068069844	4.858445827937206	476214
234	0.43189309157718303	0.8638624848297384	4.858445827937206	478278
235	0.4332583997753733	0.8649964916199946	4.858445827937206	480338
236	0.4346204267839697	0.8658226994588509	4.858445827937206	482395
237	0.4359791804885218	0.8666438509891624	4.858445827937206	484440
238	0.43733466875562776	0.8679768570600745	4.858445827937206	486497
239	0.43868689943298045	0.8690765916951427	4.858445827937206	488553
240	0.44003588034941277	0.8698778297335408	4.858445827937206	490591
241	0.4413816193149427	0.8708068866998033	4.858445827937206	492619
242	0.44272412412081874	0.8742520363878086	4.858445827937206	494673
243	0.4440634025395652	0.8750216012272953	4.858445827937206	496758
244	0.4453994623250269	0.8757864564076738	4.858445827937206	498813
245	0.4467323112124141	0.876993585111195	4.858445827937206	500871
246	0.4480619569183474	0.8777463719493317	4.858445827937206	502937
247	0.44938840714090234	0.878934453854586	4.858445827937206	505009
248	0.450711669559654	0.8796753627719988	4.858445827937206	507127
249	0.4520317518357214	0.8804117374016527	4.858445827937206	509177
250	0.453348661611812	0.8812655835081442	4.858445827937206	511267
251	0.45466240651226575	0.8819922261474707	4.858445827937206	513390
252	0.45597299414309944	0.8827144218072198	4.858445827937206	515460
253	0.4572804320920506	0.8836913945535154	4.858445827937206	517530
254	0.45858472792862137	0.8848539961906314	4.858445827937206	519586
255	0.45988588920412254	0.8855586781066932	4.858445827937206	521644
256	0.461183923451717	0.8862590474405861	4.858445827937206	523692
257	0.4624788381864636	0.8868681201918415	4.858445827937206	525768
258	0.4637706409053606	0.8875604758723986	4.858445827937206	527809
259	0.46505933908738883	0.8882485944061038	4.858445827937206	529860
260	0.46634494019355544	0.8897690216930956	4.858445827937206	532049
261	0.46762745166693676	0.8910545141514851	4.858445827937206	534082
262	0.46890688093272137	0.8917212495237443	4.858445827937206	536109
263	0.47018323539825324	0.8934399598487643	4.858445827937206	538217
264	0.4714565224530747	0.8945051164350324	4.858445827937206	540246
265	0.47272674946896887	0.8953838743156235	4.858445827937206	542284
266	0.4739939238000027	0.8960241144408498	4.858445827937206	544323
267	0.4752580527825695	0.8966604363611601	4.858445827937206	546375
268	0.47651914373543125	0.8972928640555728	4.858445827937206	548423
269	0.477777203959761	0.8983195076468541	4.858445827937206	550475
270	0.47903224073918504	0.8989547460413969	4.858445827937206	552528
271	0.4802842613398256	0.9003295114013778	4.858445827937206	554638
272	0.4815332730103422	0.9009394847270416	4.858445827937206	556689
273	0.48277928298197414	0.9019296772995327	4.858445827937206	558750
274	0.48402229846858214	0.9025298577714816	4.858445827937206	560778
275	0.48526232666669	0.9035041532373228	4.858445827937206	562822
276	0.4864993747555266	0.9040946980755205	4.858445827937206	564869
277	0.48773344989706724	0.9048935760590647	4.858445827937206	566919
278	0.48896455923607496	0.9054756177698949	4.858445827937206	568964
279	0.4901927099001423	0.9060540974442286	4.858445827937206	571004
280	0.49141790899973226	0.9066290368813692	4.858445827937206	573061
281	0.4926401636282195	0.9072004577472109	4.858445827937206	575164
282	0.49385948086193154	0.9077683815750548	4.858445827937206	577219
283	0.49507586776018964	0.9086903136209519	4.858445827937206	579283
284	0.4962893313653497	0.9094509107586365	4.858445827937206	581399
285	0.49749987870284296	0.9100050620412975	4.858445827937206	583453
286	0.4987075167812167	0.9105558219740658	4.858445827937206	585519
287	0.499912252592175	0.9111032113116605	4.858445827937206	587564
288	0.5011140931106188	0.9121399085558394	4.858445827937206	589713
289	0.5023130452946867	0.9144828443276837	4.858445827937206	591747
290	0.5035091160857952	0.9153376597113303	4.858445827937206	593775
291	0.5047023124086787	0.9158557846848349	4.858445827937206	595820
292	0.5058926411714294	0.9165566944333994	4.858445827937206	597863
293	0.5070801092655379	0.9171524698048513	4.858445827937206	599902
294	0.5082647235659328	0.91765948832384	4.858445827937206	601951
295	0.5094464909310201	0.9182473898768322	4.858445827937206	603996
296	0.5106254182027237	0.9187477075955436	4.858445827937206	606039
297	0.5118015122065243	0.9196952561950125	4.858445827937206	608095
298	0.5129747797514992	0.9209699346681075	4.858445827937206	610045
299	0.5141452276303617	0.9215342000241988	4.858445827937206	612001
300	0.5153128626195008	0.9219631311465155	4.858445827937206	613946
301	0.5164776914790197	0.9226131675384646	4.858445827937206	615901
302	0.5176397209527754	0.9231657004054477	4.858445827937206	617907
303	0.5187989577684178	0.9240617272228768	4.858445827937206	619886
304	0.5199554086374283	0.9250949010021574	4.858445827937206	621862
305	0.521109080255159	0.9265216647925925	4.858445827937206	623805
306	0.5222599793008715	0.9270462914496336	4.858445827937206	625741
307	0.5234081124377751	0.9276539858149011	4.858445827937206	627684
308	0.5245534863130658	0.9280967361163339	4.858445827937206	629680
309	0.5256961075579647	0.9289119658655818	4.858445827937206	631633
310	0.5268359827877562	0.9293470174561332	4.858445827937206	633623
311	0.5279731186018268	0.9298514714280058	4.858445827937206	635581
312	0.5291075215837026	0.9304357990296052	4.858445827937206	637535
313	0.5302391983010879	0.9309324792293104	4.858445827937206	639496
314	0.5313681553059033	0.931355165482104	4.858445827937206	641495
315	0.5324943991343231	0.932289108808878	4.858445827937206	643448
316	0.5336179363068136	0.9327725565950942	4.858445827937206	645406
317	0.534738773328171	0.9333325519587335	4.858445827937206	647373
318	0.5358569166875584	0.9338085496837857	4.858445827937206	649355
319	0.536972372858544	0.9352794708019238	4.858445827937206	651304
320	0.5380851482991382	0.9361600222195847	4.858445827937206	653257
321	0.5391952494518312	0.9365507164371463	4.858445827937206	655224
322	0.5403026827436301	0.9377257031697916	4.858445827937206	657213
323	0.5414074545860965	0.9381068155780378	4.858445827937206	659207
324	0.5425095713753831	0.9387254896413977	4.858445827937206	661155
325	0.5436090394922712	0.9391004834573944	4.858445827937206	663116
326	0.5447058653022072	0.9394731823491034	4.858445827937206	665088
327	0.5458000551553399	0.9398436003612297	4.858445827937206	667044
328	0.5468916153865568	0.9406620547780837	4.858445827937206	669001
329	0.5479805523155213	0.941025197010995	4.858445827937206	670949
330	0.5490668722467089	0.941341001870221	4.858445827937206	672897
331	0.5501505814694436	0.9420250718192562	4.858445827937206	674875
332	0.5512316862579348	0.942604579639472	4.858445827937206	676857
333	0.5523101928713134	0.9430143761792031	4.858445827937206	678830
334	0.5533861075536677	0.944280723375221	4.858445827937206	680773
335	0.5544594365340798	0.9447448572912956	4.858445827937206	682838
336	0.5555301860266624	0.9450830131851007	4.858445827937206	684785
337	0.556598362230593	0.9455404641373282	4.858445827937206	686733
338	0.5576639713301517	0.9460848326757305	4.858445827937206	688693
339	0.558727019494756	0.9464147880554913	4.858445827937206	690654
340	0.5597875128789963	0.9468611455060911	4.858445827937206	692627
341	0.5608454576226725	0.9471863499297208	4.858445827937206	694583
342	0.5619008598508284	0.9476262803759539	4.858445827937206	696541
343	0.5629537256737882	0.9480002225640235	4.858445827937206	698609
344	0.5640040611871913	0.9486066339626937	4.858445827937206	700567
345	0.5650518724720273	0.9489211561732256	4.858445827937206	702520
346	0.5660971655946722	0.9492858531006494	4.858445827937206	704507
347	0.5671399466069225	0.9496479461349757	4.858445827937206	706513
348	0.568180221546031	0.9499560956201631	4.858445827937206	708475
349	0.569217996434741	0.9503134032018601	4.858445827937206	710423
350	0.5702532772813219	0.9509894113215627	4.858445827937206	712399
351	0.5712860700796036	0.9515450869301618	4.858445827937206	714389
352	0.5723163808090113	0.9518910493011012	4.858445827937206	716337
353	0.5733442154346	0.9521854712214168	4.858445827937206	718298
354	0.5743695799070891	0.9525268613239593	4.858445827937206	720248
355	0.5753924801628971	0.9529223060442928	4.858445827937206	722236
356	0.5764129221241756	0.9534713170525226	4.858445827937206	724185
357	0.5774309116988436	0.9537560678937723	4.858445827937206	726135
358	0.5784464547806221	0.9540390760886271	4.858445827937206	728117
359	0.5794595572490676	0.9544984939036514	4.858445827937206	730066
360	0.580470224969607	0.9548775151955826	4.858445827937206	732032
361	0.5814784637935708	0.9554037249309111	4.858445827937206	733991
362	0.582484279558227	0.9561116023129601	4.858445827937206	735972
363	0.5834876780868156	0.9564249603020387	4.858445827937206	737962
364	0.5844886651885814	0.9572549610581904	4.858445827937206	739918
365	0.5854872466588084	0.9575165563801914	4.858445827937206	741871
366	0.5864834282788529	0.9579412138757664	4.858445827937206	743831
367	0.5874772158161772	0.9581986093998205	4.858445827937206	745783
368	0.5884686150243825	0.9593133131491587	4.858445827937206	747747
369	0.5894576316432434	0.9595623115642119	4.858445827937206	749731
370	0.5904442713987395	0.9599665200283765	4.858445827937206	751688
371	0.5914285400030896	0.9604333827685703	4.858445827937206	753643
372	0.5924104431547851	0.9606755264706556	4.858445827937206	755607
373	0.5933899865386218	0.9609562985789153	4.858445827937206	757573
374	0.5943671758257337	0.9613465729787929	4.858445827937206	759520
375	0.5953420166736256	0.9618724699450678	4.858445827937206	761482
376	0.596314514726206	0.9621446960179298	4.858445827937206	763443
377	0.5972846756138193	0.962460025497164	4.858445827937206	765450
378	0.5982525049532789	0.9629707734495836	4.858445827937206	767437
379	0.5992180083478995	0.9633306298786449	4.858445827937206	769400
380	0.6001811913875297	0.9635550427209757	4.858445827937206	771440
381	0.6011420596485841	0.9639800568000314	4.858445827937206	773443
382	0.6021006186940759	0.9642372349510397	4.858445827937206	775452
383	0.6030568740736487	0.9644560994618749	4.858445827937206	777393
384	0.604010831323609	0.964811390429353	4.858445827937206	779351
385	0.6049624959669582	0.9651045067106578	4.858445827937206	781368
386	0.6059118735134243	0.9656584034295363	4.858445827937206	783342
387	0.6068589694594942	0.9658685705327904	4.858445827937206	785331
388	0.6078037892884451	0.9662666046956733	4.858445827937206	787321
389	0.6087463384703768	0.9665074571640805	4.858445827937206	789263
390	0.6096866224622426	0.9671454103609551	4.858445827937206	791219
391	0.6106246467078815	0.9674190845770237	4.858445827937206	793173
392	0.6115604166380499	0.9676184764894459	4.858445827937206	795124
393	0.612493937670452	0.9678166481434981	4.858445827937206	797117
394	0.6134252152097724	0.9684296643693363	4.858445827937206	799105
395	0.6143542546477068	0.9689307808079182	4.858445827937206	801055
396	0.6152810613629928	0.9693534912731167	4.858445827937206	803011
397	0.616205640721442	0.9695410448118917	4.858445827937206	805056
398	0.6171279980759704	0.9697274505419484	4.858445827937206	807133
399	0.6180481387666295	0.9699796167181921	4.858445827937206	809226
400	0.6189660681206373	0.9702796955181768	4.858445827937206	811297
401	0.6198817914524092	0.9705829639312566	4.858445827937206	813387
402	0.6207953140635885	0.970762993221514	4.858445827937206	815493
403	0.6217066412430774	0.9709419207506942	4.858445827937206	817542
404	0.6226157782670674	0.9711197532614635	4.858445827937206	819594
405	0.6235227303990702	0.9713603217474155	4.858445827937206	821696
406	0.6244275028899477	0.9715988863309439	4.858445827937206	823684
407	0.6253301009779426	0.9719300946536151	4.858445827937206	825875
408	0.6262305298887088	0.972163913107146	4.858445827937206	827926
409	0.6271287948353417	0.9724421580406856	4.858445827937206	830008
410	0.6280249010184079	0.9726108092507316	4.858445827937206	832071
411	0.6289188536259762	0.9728389574452277	4.858445827937206	834098
412	0.629810657833647	0.9730051802829862	4.858445827937206	836047
413	0.6307003188045821	0.9731703858537624	4.858445827937206	838038
414	0.6315878416895351	0.9733345803831276	4.858445827937206	840031
415	0.6324732316268808	0.9734977700585532	4.858445827937206	842057
416	0.6333564937426458	0.9736599610296439	4.858445827937206	844118
417	0.6342376331505366	0.9739232517148952	4.858445827937206	846116
418	0.6351166549519708	0.9740828387812135	4.858445827937206	848071
419	0.6359935642361056	0.9742987251720405	4.858445827937206	850052
420	0.6368683660798682	0.9745901228458269	4.858445827937206	852150
421	0.6377410655479837	0.9750741205059064	4.858445827937206	854221
422	0.6386116676930063	0.9752266643714365	4.858445827937206	856358
423	0.6394801775553467	0.9753782746839131	4.858445827937206	858510
424	0.6403466001633031	0.9756654085068412	4.858445827937206	860565
425	0.641210940533089	0.9758681123093665	4.858445827937206	862535
426	0.6420732036688623	0.9760691276170769	4.858445827937206	864566
427	0.642933394562755	0.9762155821395608	4.858445827937206	866659
428	0.6437915181949017	0.9763270251636882	4.858445827937206	868768
429	0.6446475795334683	0.976557083228181	4.858445827937206	870800
430	0.6455015835346811	0.9767005515115978	4.858445827937206	872844
431	0.6463535351428551	0.9769722651965939	4.858445827937206	874799
432	0.6472034392904229	0.9772333506252039	4.858445827937206	876794
433	0.6480513008979631	0.9773959018196452	4.858445827937206	878818
434	0.6488971248742291	0.9776218486569332	4.858445827937206	880761
435	0.6497409161161771	0.9777816260211962	4.858445827937206	882706
436	0.6505826795089948	0.9779176002263721	4.858445827937206	884663
437	0.6514224199261295	0.9780527422831428	4.858445827937206	886764
438	0.652260142229316	0.9781870572841724	4.858445827937206	888716
439	0.6530958512686056	0.9784050958619233	4.858445827937206	890680
440	0.6539295518823933	0.9786569314786939	4.858445827937206	892684
441	0.6547612488974466	0.9788702732714932	4.858445827937206	894768
442	0.6555909471289323	0.979157752546711	4.858445827937206	896834
443	0.6564186513804459	0.9793660882147156	4.858445827937206	898874
444	0.6572443664440382	0.9794923656712635	4.858445827937206	900929
445	0.6580680971002433	0.9796973566016632	4.858445827937206	902942
446	0.6588898481181069	0.9800288283306157	4.858445827937206	904889
447	0.6597096242552133	0.9801951854457293	4.858445827937206	906837
448	0.6605274302577127	0.9803601568289385	4.858445827937206	909009
449	0.6613432708603496	0.9804803506859467	4.858445827937206	911033
450	0.6621571507864894	0.9806429466818989	4.858445827937206	913069
451	0.662969074748146	0.9807614098935626	4.858445827937206	915045
452	0.6637790474460092	0.9808791481223332	4.858445827937206	917081
453	0.664587073569472	0.9810156687521494	4.858445827937206	919041
454	0.6653931577966572	0.981230910603032	4.858445827937206	921033
455	0.666197304794445	0.9815288326569522	4.858445827937206	923073
456	0.6669995192185001	0.9816418743359039	4.858445827937206	925122
457	0.6677998057132982	0.9818253791322131	4.858445827937206	927168
458	0.6685981689121532	0.9819767712260722	4.858445827937206	929224
459	0.6693946134372437	0.982087071566213	4.858445827937206	931279
460	0.6701891438996405	0.9822959686908053	4.858445827937206	933323
461	0.6709817648993324	0.9824434408383205	4.858445827937206	935359
462	0.6717724810252532	0.9827778514890191	4.858445827937206	937392
463	0.6725612968553089	0.9829731139437922	4.858445827937206	939435
464	0.6733482169564027	0.9831433118885439	4.858445827937206	941479
465	0.6741332458844631	0.9832335779639905	4.858445827937206	943547
466	0.6749163881844692	0.9833361867738055	4.858445827937206	945585
467	0.6756976483904773	0.9834381676280658	4.858445827937206	947661
468	0.6764770310256473	0.9836037169728914	4.858445827937206	949710
469	0.6772545406022688	0.9837207845020908	4.858445827937206	951740
470	0.6780301816217869	0.983883508855256	4.858445827937206	953830
471	0.678803958574829	0.9840966899550542	4.858445827937206	955867
472	0.6795758759412301	0.9842556568193103	4.858445827937206	957943
473	0.6803459381900592	0.9843868050340598	4.858445827937206	959975
474	0.6811141497796445	0.9844704123135823	4.858445827937206	962029
475	0.6818805151576002	0.9845654518220713	4.858445827937206	964100
476	0.6826450387608515	0.9846599096983653	4.858445827937206	966146
477	0.6834077250156605	0.9847537895019945	4.858445827937206	968101
478	0.6841685783376521	0.9848470947707054	4.858445827937206	970125
479	0.6849276031318388	0.9849552847289083	4.858445827937206	972070
480	0.6856848037926471	0.9850806051393297	4.858445827937206	974101
481	0.6864401847039425	0.9851719103293414	4.858445827937206	976147
482	0.687193750239055	0.9852626567408099	4.858445827937206	978172
483	0.6879455047608041	0.9853528477934038	4.858445827937206	980197
484	0.6886954526215245	0.9854424868858632	4.858445827937206	982130
485	0.6894435981630911	0.9856405482887766	4.858445827937206	984097
486	0.6901899457169443	0.9857840829997593	4.858445827937206	986132
487	0.6909344996041143	0.9858855829723915	4.858445827937206	988191
488	0.6916772641352477	0.9861544290110126	4.858445827937206	990217
489	0.6924182436106306	0.9862391625073624	4.858445827937206	992238
490	0.6931574423202151	0.9863233774432709	4.858445827937206	994258
491	0.6938948645436429	0.9864070769922756	4.858445827937206	996279
492	0.6946305145502709	0.9865203041726814	4.858445827937206	998324
493	0.6953643965991958	0.9866325881862368	4.858445827937206	1000381
494	0.6960965149392779	0.986714395396718	4.858445827937206	1002388
495	0.6968268738091672	0.986795701955332	4.858445827937206	1004410
496	0.6975554774373266	0.9868765109260172	4.858445827937206	1006363
497	0.6982823300420571	0.986956825353962	4.858445827937206	1008297
498	0.6990074358315221	0.9870872027764963	4.858445827937206	1010217
499	0.6997307990037714	0.9871662277915914	4.858445827937206	1012219
