0	0.00240325927734375	0.008329862557267753	7.067158264327055	2815
1	0.004800742899533361	0.014525219517551369	5.549029137853223	5121
2	0.0071924647469656655	0.03016767635060602	5.549029137853223	7162
3	0.00957843866667929	0.036102952239288055	5.549029137853223	9105
4	0.011958678472434925	0.04734373413737214	5.549029137853223	11303
5	0.01433319794479504	0.05845342819991006	5.549029137853223	13232
6	0.01670201083120393	0.06421559814352251	5.549029137853223	15163
7	0.019065130846067313	0.07512853577450185	5.453521124305016	17085
8	0.021422571670831503	0.08411659665132887	5.453521124305016	19027
9	0.023774346954062775	0.09865442845051409	5.453521124305016	20963
10	0.026120470311526423	0.10766413012364517	5.453521124305016	22882
11	0.02846095532626547	0.11403530311020804	5.453521124305016	24844
12	0.030795815548679273	0.12436725292816475	5.453521124305016	26800
13	0.03312506449660224	0.13166115336191597	5.453521124305016	28761
14	0.03544871565538188	0.14034092525667397	5.453521124305016	30722
15	0.03776678247795695	0.1464787897755767	5.453521124305016	32705
16	0.04007927838493508	0.15477345654160612	5.453521124305016	34679
17	0.042386216764671025	0.16322220166572166	5.453521124305016	36671
18	0.04468761097334362	0.16714296394446415	5.453521124305016	38624
19	0.04698347433503336	0.17223996490460813	5.453521124305016	40579
20	0.049273820141799596	0.17815007403838856	5.453521124305016	42537
21	0.05155866165375744	0.18401798568921224	5.453521124305016	44592
22	0.0538380120991544	0.19217440732330593	5.453521124305016	46655
23	0.056111884674447055	0.19794218688665477	5.453521124305016	48715
24	0.05838029254437771	0.20366878518341214	5.453521124305016	50763
25	0.06064324884205019	0.2093544962429701	5.453521124305016	52803
26	0.06290076666900601	0.21499961199538542	5.453521124305016	54850
27	0.06515285909530044	0.21920321971362278	5.453521124305016	56887
28	0.06739953915957797	0.22398161716541742	5.453521124305016	58920
29	0.06964081986914772	0.22873077130732167	5.453521124305016	60994
30	0.07187671420005914	0.2334508611054391	5.453521124305016	63015
31	0.07410723509717665	0.24388010109039915	5.452647659636498	65058
32	0.07633239547425485	0.2501784759251313	5.452647659636498	67033
33	0.07855220821401321	0.2547673079367413	5.452647659636498	68977
34	0.08076668616821081	0.25932805675981285	5.452647659636498	70950
35	0.08297584215772047	0.265497752247028	5.452647659636498	72913
36	0.0851796889726033	0.2716160550188145	5.452647659636498	74908
37	0.08737823937218236	0.27607369121110215	5.452647659636498	76882
38	0.08957150608511699	0.28003101432765953	5.452647659636498	78820
39	0.09175950180947601	0.2872277055630349	5.452647659636498	80734
40	0.09394223921281164	0.29158980003043034	5.452647659636498	82659
41	0.0961197309322328	0.29592519892016234	5.452647659636498	84593
42	0.09829198957447793	0.3009522100541887	5.452647659636498	86526
43	0.10045902771598825	0.30523031193997596	5.452647659636498	88437
44	0.10262085790298059	0.3121751151525709	5.452647659636498	90384
45	0.10477749265152003	0.3163845339924263	5.452647659636498	92306
46	0.10692894444759216	0.3205681916140418	5.452647659636498	94352
47	0.10907522574717565	0.3273596799111109	5.452647659636498	96255
48	0.11121634897631416	0.3314761707479561	5.452647659636498	98172
49	0.11335232653118832	0.3355674690765561	5.452647659636498	100083
50	0.11548317077818748	0.33963372907251765	5.452647659636498	102003
51	0.11760889405398145	0.343675103967908	5.452647659636498	103881
52	0.11972950866559184	0.34836118640521696	5.452647659636498	105812
53	0.12184502689046317	0.3530138107659817	5.452647659636498	107705
54	0.1239554609765342	0.3584031167987515	5.452647659636498	109605
55	0.1260608231423087	0.36481641342383686	5.452647659636498	111511
56	0.12816112557692616	0.3701074053986487	5.452647659636498	113419
57	0.13025638044023236	0.3739622844721042	5.452647659636498	115398
58	0.1323465998628499	0.3791770925981175	5.034044860061201	117276
59	0.13443179594624832	0.3843484620891785	5.034044860061201	119193
60	0.13651198076281423	0.3887441415411508	5.034044860061201	121100
61	0.13858716635592117	0.39248496567132074	5.034044860061201	123007
62	0.14065736473999924	0.3962028963355563	5.034044860061201	124945
63	0.14272258790060488	0.3998980736395571	5.034044860061201	126868
64	0.14478284779449002	0.41101107227586153	5.034044860061201	128770
65	0.14683815634967146	0.41461562503841265	5.034044860061201	130677
66	0.1488885254654998	0.4187952005126431	5.034044860061201	132582
67	0.15093396701272854	0.42294493431037516	5.034044860061201	134531
68	0.15297449283358266	0.4264764530423366	5.034044860061201	136442
69	0.15501011474182713	0.4331647742896563	5.034044860061201	138319
70	0.1570408445228355	0.4378864338124413	5.034044860061201	140160
71	0.1590666939336579	0.44132651207621776	5.034044860061201	142002
72	0.16108767470308916	0.4447455374083933	5.034044860061201	143860
73	0.16310379853173695	0.4502957694376305	5.034044860061201	145705
74	0.16511507709208928	0.45365990382045485	5.034044860061201	147535
75	0.1671215220285821	0.457003450040561	5.034044860061201	149390
76	0.1691231449576669	0.4622803844424992	5.034044860061201	151229
77	0.17111995746787756	0.46675951493444	5.034044860061201	153063
78	0.17311197111989796	0.4700228928573055	5.034044860061201	154902
79	0.1750991974466285	0.47380686696673147	5.034044860061201	156746
80	0.1770816479532532	0.48215913891964046	5.034044860061201	158602
81	0.179059334117306	0.49202277436879016	5.034044860061201	160485
82	0.18103226738873734	0.4956496719159875	5.034044860061201	162334
83	0.18300045918998054	0.49985084082964026	5.034044860061201	164209
84	0.18496392091601777	0.5056834840852713	5.034044860061201	166062
85	0.18692266393444623	0.5092128457744345	5.034044860061201	167935
86	0.18887669958554376	0.5170031180637292	5.034044860061201	169773
87	0.19082603918233454	0.5199590102089588	5.034044860061201	171614
88	0.1927706940106546	0.523386446323371	5.034044860061201	173477
89	0.19471067532921726	0.5273565717184282	5.034044860061201	175300
90	0.19664599436967822	0.5328684484330821	4.877112537272065	177134
91	0.19857666233670057	0.5357272463585059	4.877112537272065	178991
92	0.2005026904080197	0.5403680402308073	4.877112537272065	180842
93	0.20242408973450798	0.5457281797033343	4.877112537272065	182713
94	0.20434087144023938	0.5485082773719383	4.877112537272065	184628
95	0.20625304662255384	0.5509259756545899	4.877112537272065	186472
96	0.20816062635212151	0.553674263336837	4.877112537272065	188323
97	0.21006362167300685	0.5568609765158445	4.877112537272065	190165
98	0.21196204360273252	0.5628900788761733	4.877112537272065	192012
99	0.21385590313234326	0.5678459736734955	4.877112537272065	193921
100	0.2157452112264695	0.570931502510241	4.877112537272065	195798
101	0.21762997882339075	0.5752204004443326	4.877112537272065	197729
102	0.21951021683509908	0.5808391782162331	4.877112537272065	199612
103	0.22138593614736213	0.5843307302510833	4.877112537272065	201614
104	0.22325714761978632	0.5868745842083564	4.877112537272065	203674
105	0.22512386208587953	0.5903158621408149	4.877112537272065	205532
106	0.2269860903531139	0.5928230876952914	4.877112537272065	207392
107	0.22884384320298856	0.5968931609544804	4.877112537272065	209248
108	0.23069713139109171	0.5993601341043819	4.877112537272065	211106
109	0.23254596564716323	0.6018120096277171	4.877112537272065	212971
110	0.23439035667515662	0.6064556013521751	4.877112537272065	214835
111	0.23623031515330084	0.60926546199582	4.877112537272065	216711
112	0.23806585173416261	0.611656717912683	4.877112537272065	218566
113	0.23989697704470747	0.6148915640775086	4.877112537272065	220512
114	0.2417237016863618	0.6193826245547387	4.877112537272065	222495
115	0.24354603623507398	0.6266324793251247	4.877112537272065	224428
116	0.24536399124137553	0.6289174508496247	4.877112537272065	226287
117	0.2471775772304423	0.6320085174814479	4.877112537272065	228167
118	0.24898680470215562	0.6350738359530727	4.877112537272065	230038
119	0.2507916841311627	0.6370279833181124	4.877112537272065	231924
120	0.25259222596693753	0.6400514903292068	4.877112537272065	233810
121	0.25438844063384136	0.6422543388613913	4.877112537272065	235688
122	0.2561803385311828	0.6452343110491348	4.877112537272065	237562
123	0.25796793003327845	0.6487804903639289	4.877112537272065	239442
124	0.25975122548951257	0.6528763447037081	4.877112537272065	241315
125	0.2615302352243972	0.655000706422153	4.877112537272065	243191
126	0.26330496953763205	0.6590240217991542	4.877112537272065	245094
127	0.2650754387041637	0.6636631507542677	4.877112537272065	247169
128	0.2668416529742458	0.6675854463722938	4.877112537272065	249111
129	0.26860362257349746	0.6699588471240832	4.877112537272065	251054
130	0.2703613577029633	0.6723153020741106	4.877112537272065	252988
131	0.2721148685391722	0.6743206993363622	4.877112537272065	254959
132	0.273864165234196	0.6763138237698705	4.877112537272065	256884
133	0.27560925791570867	0.680717717324022	4.877112537272065	258786
134	0.27735015668704466	0.682671692653406	4.877112537272065	261024
135	0.27908687162725754	0.6846137098510834	4.877112537272065	262887
136	0.2808194127911783	0.6872408343004703	4.877112537272065	264769
137	0.2825477902094734	0.689154888812652	4.877112537272065	266633
138	0.28427201388870327	0.6927799046865569	4.877112537272065	268487
139	0.2859920938113798	0.6946600606473019	4.877112537272065	270346
140	0.28770803993602434	0.6968401518427754	4.877112537272065	272206
141	0.2894198621972255	0.6993654317108072	4.877112537272065	274069
142	0.29112757050569615	0.7028713741981447	4.877112537272065	275936
143	0.29283117474833154	0.7063364310588077	4.877112537272065	277797
144	0.29453068478826594	0.7087826082261646	4.877112537272065	279663
145	0.29622611046492986	0.7108618660956749	4.877112537272065	281568
146	0.29791746159410726	0.714233739377358	4.877112537272065	283541
147	0.2996047479679923	0.7157639924538165	4.877112537272065	285394
148	0.30128797935524576	0.7175034881183207	4.877112537272065	287270
149	0.30296716550105185	0.7192323382450094	4.877112537272065	289138
150	0.30464231612717463	0.7212369862732476	4.877112537272065	291008
151	0.3063134409320143	0.7250296803375571	4.877112537272065	292868
152	0.3079805495906631	0.7311401318856114	4.877112537272065	294743
153	0.30964365175496167	0.7327855271294499	4.877112537272065	296579
154	0.3113027570535547	0.7350113869617744	4.877112537272065	298435
155	0.31295787509194684	0.7369033744410739	4.877112537272065	300274
156	0.31460901545255804	0.7385134992224356	4.877112537272065	302139
157	0.3162561876947795	0.7403804820327711	4.877112537272065	303996
158	0.31789940135502837	0.7425430769346222	4.877112537272065	305860
159	0.3195386659468036	0.7474470183263437	4.877112537272065	307728
160	0.3211739909607406	0.7530593068079805	4.877112537272065	309593
161	0.32280538586466645	0.7545705589146559	4.877112537272065	311471
162	0.32443286010365446	0.7560725623110421	4.877112537272065	313342
163	0.326056423100079	0.7589171971528959	4.877112537272065	315222
164	0.3276760842536699	0.7609253837655331	4.877112537272065	317088
165	0.3292918529415674	0.7623884962755316	4.877112537272065	319023
166	0.3309037385183756	0.764085014419575	4.877112537272065	320872
167	0.3325117503162174	0.7660501538246597	4.877112537272065	322749
168	0.3341158976447879	0.767720528165175	4.877112537272065	324648
169	0.3357161897914087	0.76914205507761	4.877112537272065	326548
170	0.33731263602108175	0.7705548823888845	4.877112537272065	328490
171	0.33890524557654256	0.7721930934981445	4.877112537272065	330462
172	0.34049402767831405	0.7744702137630527	4.877112537272065	332338
173	0.34207899152475973	0.7763488458849764	4.877112537272065	334225
174	0.34366014629213726	0.778522326488621	4.877112537272065	336098
175	0.3452375011346511	0.7803672050684742	4.877112537272065	337965
176	0.3468110651845061	0.7819353573497727	4.877112537272065	339842
177	0.34838084755195975	0.784115095552024	4.877112537272065	341698
178	0.34994685732537534	0.7854362893675476	4.877112537272065	343629
179	0.35150910357127463	0.7867493976103322	4.877112537272065	345562
180	0.3530675953343899	0.7896507663503277	4.877112537272065	347431
181	0.3546223416377169	0.7909380824195485	4.877112537272065	349325
182	0.35617335148256646	0.7937034516997132	4.877112537272065	351395
183	0.3577206338486171	0.7949659657438293	4.877112537272065	353349
184	0.3592641976939669	0.7964298845937573	4.877112537272065	355305
185	0.36080405195518517	0.7981255956758584	4.877112537272065	357233
186	0.36234020554736446	0.7998071817177088	4.877112537272065	359160
187	0.3638726673641719	0.8010323415504592	4.877112537272065	361126
188	0.36540144627790083	0.8022500035287478	4.877112537272065	363046
189	0.36692655113952244	0.8038972338200534	4.877112537272065	364955
190	0.36844799077873636	0.806184146545184	4.877112537272065	366875
191	0.3699657740040224	0.8080676825359986	4.877112537272065	368753
192	0.3714799096026914	0.8096664523607715	4.877112537272065	370767
193	0.3729904063409356	0.8112519046526435	4.877112537272065	372894
194	0.37449727296388025	0.8131385994832709	4.877112537272065	374838
195	0.3760005181956336	0.8156809314630904	4.877112537272065	376854
196	0.3775001507393376	0.8169969478981728	4.877112537272065	378780
197	0.3789961792772184	0.8185213381697416	4.877112537272065	380696
198	0.38048861247063637	0.8198170744355612	4.877112537272065	382866
199	0.38197745896013646	0.8213179734406794	4.877112537272065	384741
200	0.383462727365498	0.822411489400209	4.877112537272065	386710
201	0.38494442628578507	0.8234983131524879	4.877112537272065	388722
202	0.3864225642993957	0.8245784856531484	4.877112537272065	390664
203	0.38789714996411195	0.8256520476071789	4.877112537272065	392636
204	0.3893681918171492	0.8267190394704572	4.877112537272065	394606
205	0.3908356983752058	0.8284511273724602	4.877112537272065	396549
206	0.3922996781345123	0.8295009891502214	4.877112537272065	398455
207	0.3937601395708803	0.8318207035835516	4.877112537272065	400407
208	0.3952170911397521	0.8332216140076787	4.877112537272065	402438
209	0.39667054127624946	0.8351665514536533	4.877112537272065	404367
210	0.3981204983952221	0.8374091834066648	4.877112537272065	406278
211	0.3995669708912969	0.8384042227860662	4.877112537272065	408232
212	0.401009967138926	0.840288721645704	4.877112537272065	410121
213	0.4024494954924358	0.8412661385418534	4.877112537272065	411989
214	0.403885564286075	0.8422375737452965	4.877112537272065	413866
215	0.4053181818340631	0.8433639788830702	4.877112537272065	415796
216	0.4067473564306381	0.8446687354104916	4.877112537272065	417665
217	0.4081730963501049	0.8456193470646871	4.877112537272065	419528
218	0.40959540984688314	0.8474197045333205	4.877112537272065	421426
219	0.4110143051555549	0.8483534805342725	4.877112537272065	423393
220	0.41242979049091255	0.8496166751987101	4.877112537272065	425350
221	0.4138418740480061	0.8511198821105097	4.877112537272065	427302
222	0.4152505640021906	0.8521828686129633	4.877112537272065	429290
223	0.4166558685091739	0.8530874945307244	4.877112537272065	431217
224	0.4180577957050633	0.8545560077049279	4.877112537272065	433109
225	0.419456353706413	0.8555944606754408	4.877112537272065	435092
226	0.420851550610271	0.8569978186863694	4.877112537272065	436974
227	0.4222433944942261	0.8580188374141398	4.877112537272065	438897
228	0.42363189341645446	0.859032566188478	4.877112537272065	440803
229	0.4250170554157664	0.8621651758287341	4.877112537272065	442691
230	0.42639888851165286	0.8643530301806589	4.877112537272065	444556
231	0.4277774007043319	0.8651831759385482	4.877112537272065	446421
232	0.42915259997479493	0.8660082412882261	4.877112537272065	448282
233	0.43052449428485307	0.8668282573212776	4.877112537272065	450156
234	0.43189309157718303	0.8676432549390106	4.877112537272065	452075
235	0.4332583997753733	0.8684532648536203	4.877112537272065	453935
236	0.4346204267839697	0.8693924930453003	4.858445827937206	455795
237	0.4359791804885218	0.8709156126599323	4.858445827937206	457668
238	0.43733466875562776	0.8719908678647642	4.858445827937206	459550
239	0.43868689943298045	0.872774270827283	4.858445827937206	461436
240	0.44003588034941277	0.8736826475453603	4.858445827937206	463306
241	0.4413816193149427	0.8744556969870669	4.858445827937206	465179
242	0.44272412412081874	0.8772455703873543	4.858445827937206	467043
243	0.4440634025395652	0.8786771089251111	4.858445827937206	468949
244	0.4453994623250269	0.880091953135897	4.858445827937206	470819
245	0.4467323112124141	0.8808257782745905	4.858445827937206	472694
246	0.4480619569183474	0.8815551124775357	4.858445827937206	474583
247	0.44938840714090234	0.883875665375935	4.858445827937206	476510
248	0.450711669559654	0.8865299358816279	4.858445827937206	478449
249	0.4520317518357214	0.8872243612160143	4.858445827937206	480392
250	0.453348661611812	0.888163766786893	4.858445827937206	482340
251	0.45466240651226575	0.8890953472384807	4.858445827937206	484278
252	0.45597299414309944	0.8903886959587317	4.858445827937206	486210
253	0.4572804320920506	0.8910595060710974	4.858445827937206	488155
254	0.45858472792862137	0.8925416896619668	4.858445827937206	490094
255	0.45988588920412254	0.8931993236702744	4.858445827937206	492057
256	0.461183923451717	0.893852933024858	4.858445827937206	494022
257	0.4624788381864636	0.8943502901691605	4.858445827937206	495994
258	0.4637706409053606	0.8951046166509657	4.858445827937206	497885
259	0.46505933908738883	0.8957465658049009	4.858445827937206	499846
260	0.46634494019355544	0.8966149825828691	4.858445827937206	501774
261	0.46762745166693676	0.8974761655684346	4.858445827937206	503756
262	0.46890688093272137	0.8983301750180936	4.858445827937206	505673
263	0.47018323539825324	0.9001086559215672	4.858445827937206	507610
264	0.4714565224530747	0.9008218683502821	4.858445827937206	509543
265	0.47272674946896887	0.9015299885262782	4.858445827937206	511480
266	0.4739939238000027	0.90223305280764	4.858445827937206	513417
267	0.4752580527825695	0.903047438040396	4.858445827937206	515374
268	0.47651914373543125	0.9037396679109947	4.858445827937206	517363
269	0.477777203959761	0.9044269553418676	4.858445827937206	519299
270	0.47903224073918504	0.9050118527243685	4.858445827937206	521220
271	0.4802842613398256	0.9059613385780191	4.858445827937206	523161
272	0.4815332730103422	0.9070579993526194	4.858445827937206	525073
273	0.48277928298197414	0.9079870322620477	4.858445827937206	526964
274	0.48402229846858214	0.9088812301992484	4.858445827937206	528835
275	0.48526232666669	0.909943839759607	4.858445827937206	530768
276	0.4864993747555266	0.9104949743665572	4.858445827937206	532657
277	0.48773344989706724	0.9110427360853655	4.858445827937206	534623
278	0.48896455923607496	0.9116778804698337	4.858445827937206	536491
279	0.4901927099001423	0.9122184029227378	4.858445827937206	538421
280	0.49141790899973226	0.9130958532891911	4.858445827937206	540275
281	0.4926401636282195	0.9142782226321953	4.858445827937206	542129
282	0.49385948086193154	0.9151350833805615	4.858445827937206	544064
283	0.49507586776018964	0.9156544481007546	4.858445827937206	546018
284	0.4962893313653497	0.9161706343613046	4.858445827937206	547966
285	0.49749987870284296	0.9166836616140638	4.858445827937206	549873
286	0.4987075167812167	0.9171935491918407	4.858445827937206	551782
287	0.499912252592175	0.9179982766049424	4.858445827937206	553671
288	0.5011140931106188	0.9185837592495194	4.858445827937206	555557
289	0.5023130452946867	0.9195332197830527	4.858445827937206	557425
290	0.5035091160857952	0.920025668352579	4.858445827937206	559321
291	0.5047023124086787	0.9205151031865865	4.858445827937206	561199
292	0.5058926411714294	0.9210826159858732	4.858445827937206	563068
293	0.5070801092655379	0.9218714611405332	4.858445827937206	564927
294	0.5082647235659328	0.9224292897038185	4.858445827937206	566842
295	0.5094464909310201	0.9230754430590554	4.858445827937206	568707
296	0.5106254182027237	0.9236246753332812	4.858445827937206	570575
297	0.5118015122065243	0.9244906087195252	4.858445827937206	572452
298	0.5129747797514992	0.9250297368776532	4.858445827937206	574347
299	0.5141452276303617	0.9256542288653445	4.858445827937206	576217
300	0.5153128626195008	0.9265212349427165	4.858445827937206	578092
301	0.5164776914790197	0.9269709175651039	4.858445827937206	580001
302	0.5176397209527754	0.9274923366102747	4.858445827937206	581876
303	0.5187989577684178	0.9280963154806599	4.858445827937206	583737
304	0.5199554086374283	0.9285363587692039	4.858445827937206	585614
305	0.521109080255159	0.9293697540022161	4.858445827937206	587476
306	0.5222599793008715	0.9298740456378283	4.858445827937206	589333
307	0.5234081124377751	0.9303032093973228	4.858445827937206	591195
308	0.5245534863130658	0.931115999958287	4.858445827937206	593059
309	0.5256961075579647	0.9319193119121262	4.858445827937206	594921
310	0.5268359827877562	0.9325998352416176	4.858445827937206	596769
311	0.5279731186018268	0.9338836479036821	4.858445827937206	598633
312	0.5291075215837026	0.9344343880294322	4.858445827937206	600491
313	0.5302391983010879	0.9349805405656303	4.858445827937206	602387
314	0.5313681553059033	0.9353784530918119	4.858445827937206	604329
315	0.5324943991343231	0.9357739304335139	4.858445827937206	606219
316	0.5336179363068136	0.9365229224984292	4.858445827937206	608083
317	0.534738773328171	0.9369113958029293	4.858445827937206	609946
318	0.5358569166875584	0.937769744159352	4.858445827937206	611818
319	0.536972372858544	0.9384954614286307	4.858445827937206	613686
320	0.5380851482991382	0.9390077857815784	4.858445827937206	615544
321	0.5391952494518312	0.9393810519737029	4.858445827937206	617405
322	0.5403026827436301	0.9398138641212103	4.858445827937206	619291
323	0.5414074545860965	0.9403152063609336	4.858445827937206	621157
324	0.5425095713753831	0.9420204861791927	4.858445827937206	623021
325	0.5436090394922712	0.9424344530774194	4.858445827937206	624894
326	0.5447058653022072	0.9427867484117126	4.858445827937206	626769
327	0.5458000551553399	0.9434354247335752	4.858445827937206	628725
328	0.5468916153865568	0.9440950699261866	4.858445827937206	630588
329	0.5479805523155213	0.9444942245408625	4.858445827937206	632457
330	0.5490668722467089	0.9448339142817916	4.858445827937206	634348
331	0.5501505814694436	0.9453853453760178	4.858445827937206	636346
332	0.5512316862579348	0.9465990043676619	4.858445827937206	638207
333	0.5523101928713134	0.9468849619809725	4.858445827937206	640078
334	0.5533861075536677	0.947327402947395	4.858445827937206	641936
335	0.5544594365340798	0.9476497539225659	4.858445827937206	643810
336	0.5555301860266624	0.9479701321423191	4.858445827937206	645672
337	0.556598362230593	0.9483416192692854	4.858445827937206	647538
338	0.5576639713301517	0.9488579879229868	4.858445827937206	649406
339	0.558727019494756	0.9493549948430744	4.858445827937206	651275
340	0.5597875128789963	0.9496261943708976	4.858445827937206	653147
341	0.5608454576226725	0.9501297226237498	4.858445827937206	655015
342	0.5619008598508284	0.9506143706060264	4.858445827937206	656879
343	0.5629537256737882	0.9509166056710389	4.858445827937206	658754
344	0.5640040611871913	0.9512169910879728	4.858445827937206	660613
345	0.5650518724720273	0.9516233468473398	4.858445827937206	662479
346	0.5660971655946722	0.9520934795310392	4.858445827937206	664353
347	0.5671399466069225	0.9525723452083633	4.858445827937206	666226
348	0.568180221546031	0.9529674110541911	4.858445827937206	668108
349	0.569217996434741	0.953255245749267	4.858445827937206	669982
350	0.5702532772813219	0.9536446231274489	4.858445827937206	671868
351	0.5712860700796036	0.9540307570455876	4.858445827937206	673780
352	0.5723163808090113	0.9544774941005382	4.858445827937206	675635
353	0.5733442154346	0.9548025194297424	4.858445827937206	677500
354	0.5743695799070891	0.9551252241163867	4.858445827937206	679421
355	0.5753924801628971	0.9555737849748651	4.858445827937206	681280
356	0.5764129221241756	0.9558456689247338	4.858445827937206	683151
357	0.5774309116988436	0.9562870283357319	4.858445827937206	685001
358	0.5784464547806221	0.9565545473082542	4.858445827937206	686878
359	0.5794595572490676	0.9568647427222489	4.858445827937206	688756
360	0.580470224969607	0.9571287261410623	4.858445827937206	690626
361	0.5814784637935708	0.9574348219858336	4.858445827937206	692506
362	0.582484279558227	0.957860296484934	4.858445827937206	694389
363	0.5834876780868156	0.9581181872152492	4.858445827937206	696261
364	0.5844886651885814	0.9583744996803362	4.858445827937206	698132
365	0.5854872466588084	0.9587905813161846	4.858445827937206	700003
366	0.5864834282788529	0.959271157627366	4.858445827937206	701871
367	0.5874772158161772	0.9596104232864467	4.858445827937206	703806
368	0.5884686150243825	0.9598576034174615	4.858445827937206	705665
369	0.5894576316432434	0.9601442153999631	4.858445827937206	707539
370	0.5904442713987395	0.9604762086077935	4.858445827937206	709445
371	0.5914285400030896	0.9607180902200672	4.858445827937206	711371
372	0.5924104431547851	0.9609584915412985	4.858445827937206	713247
373	0.5933899865386218	0.9614137861005837	4.858445827937206	715117
374	0.5943671758257337	0.9618512715189445	4.858445827937206	716992
375	0.5953420166736256	0.9620847378850534	4.858445827937206	718844
376	0.596314514726206	0.9623167754605769	4.858445827937206	720689
377	0.5972846756138193	0.962630671541705	4.858445827937206	722532
378	0.5982525049532789	0.9628593680583772	4.858445827937206	724403
379	0.5992180083478995	0.9630866649754608	4.858445827937206	726259
380	0.6001811913875297	0.9640710205761153	4.858445827937206	728114
381	0.6011420596485841	0.9642909023021409	4.858445827937206	729973
382	0.6021006186940759	0.9645094383742067	4.858445827937206	731847
383	0.6030568740736487	0.9647266370275787	4.858445827937206	733760
384	0.604010831323609	0.9652865316779345	4.858445827937206	735614
385	0.6049624959669582	0.9656335217819453	4.858445827937206	737460
386	0.6059118735134243	0.9658788943877742	4.858445827937206	739367
387	0.6068589694594942	0.9663431271171922	4.858445827937206	741205
388	0.6078037892884451	0.9666795556674577	4.858445827937206	743039
389	0.6087463384703768	0.9669571103890948	4.858445827937206	744872
390	0.6096866224622426	0.9672874016638394	4.858445827937206	746719
391	0.6106246467078815	0.967520965762152	4.858445827937206	748569
392	0.6115604166380499	0.9677197341720088	4.858445827937206	750416
393	0.612493937670452	0.9679172861392686	4.858445827937206	752293
394	0.6134252152097724	0.9681136291084373	4.858445827937206	754131
395	0.6143542546477068	0.9683087704784611	4.858445827937206	755967
396	0.6152810613629928	0.9685727540646464	4.858445827937206	757905
397	0.616205640721442	0.9689290720457728	4.858445827937206	759762
398	0.6171279980759704	0.9690746563604272	4.858445827937206	761673
399	0.6180481387666295	0.9693322602224811	4.858445827937206	763517
400	0.6189660681206373	0.9695199436931422	4.858445827937206	765348
401	0.6198817914524092	0.9697738383729162	4.858445827937206	767198
402	0.6207953140635885	0.9699896496060482	4.858445827937206	769034
403	0.6217066412430774	0.970173309920064	4.858445827937206	770899
404	0.6226157782670674	0.9703558462515037	4.858445827937206	772752
405	0.6235227303990702	0.9707015506683958	4.858445827937206	774580
406	0.6244275028899477	0.97091073814503	4.858445827937206	776425
407	0.6253301009779426	0.9713065104151657	4.858445827937206	778326
408	0.6262305298887088	0.9716411283695078	4.858445827937206	780162
409	0.6271287948353417	0.9718146818002549	4.858445827937206	782002
410	0.6280249010184079	0.9719871731015308	4.858445827937206	783868
411	0.6289188536259762	0.9722205160994356	4.858445827937206	785746
412	0.629810657833647	0.9724519153822391	4.858445827937206	787643
413	0.6307003188045821	0.9726813871408211	4.858445827937206	789485
414	0.6315878416895351	0.9728485742929313	4.858445827937206	791324
415	0.6324732316268808	0.973042432273823	4.858445827937206	793158
416	0.6333564937426458	0.9732349061315693	4.858445827937206	794993
417	0.6342376331505366	0.9734260057486461	4.858445827937206	796847
418	0.6351166549519708	0.9735886359100667	4.858445827937206	798685
419	0.6359935642361056	0.9737502707913216	4.858445827937206	800531
420	0.6368683660798682	0.9739109164834249	4.858445827937206	802438
421	0.6377410655479837	0.974128234963363	4.858445827937206	804342
422	0.6386116676930063	0.9742865675528994	4.858445827937206	806186
423	0.6394801775553467	0.9745864326543233	4.858445827937206	808039
424	0.6403466001633031	0.9747981241774027	4.858445827937206	809894
425	0.641210940533089	0.9749523571125935	4.858445827937206	811751
426	0.6420732036688623	0.9751056461577953	4.858445827937206	813637
427	0.642933394562755	0.9753130127037528	4.858445827937206	815581
428	0.6437915181949017	0.975489274884722	4.858445827937206	817465
429	0.6446475795334683	0.9757274743513428	4.858445827937206	819325
430	0.6455015835346811	0.9758760197573134	4.858445827937206	821205
431	0.6463535351428551	0.9760769691970692	4.858445827937206	823044
432	0.6472034392904229	0.9762233757298754	4.858445827937206	824883
433	0.6480513008979631	0.9764610429445705	4.858445827937206	826748
434	0.6488971248742291	0.9766050989848251	4.858445827937206	828590
435	0.6497409161161771	0.9767721358219656	4.858445827937206	830530
436	0.6505826795089948	0.9769142880052242	4.858445827937206	832444
437	0.6514224199261295	0.9771835091363585	4.858445827937206	834296
438	0.652260142229316	0.9773231437564728	4.858445827937206	836139
439	0.6530958512686056	0.9774850538385352	4.858445827937206	837983
440	0.6539295518823933	0.9776228430355216	4.858445827937206	839826
441	0.6547612488974466	0.9777597889765363	4.858445827937206	841674
442	0.6555909471289323	0.9779185814631677	4.858445827937206	843514
443	0.6564186513804459	0.9781025166446491	4.858445827937206	845370
444	0.6572443664440382	0.9783214002766892	4.858445827937206	847204
445	0.6580680971002433	0.9785380959840443	4.858445827937206	849050
446	0.6588898481181069	0.9788300946781389	4.858445827937206	850906
447	0.6597096242552133	0.9789596523610069	4.858445827937206	852771
448	0.6605274302577127	0.9792050208465928	4.858445827937206	854602
449	0.6613432708603496	0.9794800867084104	4.858445827937206	856430
450	0.6621571507864894	0.9796056665056883	4.858445827937206	858345
451	0.662969074748146	0.979775548500643	4.858445827937206	860224
452	0.6637790474460092	0.9799720932188097	4.858445827937206	862107
453	0.664587073569472	0.9801389229296068	4.858445827937206	863999
454	0.6653931577966572	0.9802604707157391	4.858445827937206	865872
455	0.666197304794445	0.980381274641694	4.858445827937206	867719
456	0.6669995192185001	0.9805013392598206	4.858445827937206	869557
457	0.6677998057132982	0.9806206690946082	4.858445827937206	871464
458	0.6685981689121532	0.9810513208925059	4.858445827937206	873334
459	0.6693946134372437	0.9811527893948963	4.858445827937206	875200
460	0.6701891438996405	0.9813725819383959	4.858445827937206	877041
461	0.6709817648993324	0.9814865798559673	4.858445827937206	879009
462	0.6717724810252532	0.9815998801177945	4.858445827937206	880910
463	0.6725612968553089	0.981731254806071	4.858445827937206	882845
464	0.6733482169564027	0.9818430576819105	4.858445827937206	884755
465	0.6741332458844631	0.9820245514826744	4.858445827937206	886671
466	0.6749163881844692	0.9821345594124695	4.858445827937206	888530
467	0.6756976483904773	0.9822438941048428	4.858445827937206	890368
468	0.6764770310256473	0.9824213812108336	4.858445827937206	892207
469	0.6772545406022688	0.9826263796806781	4.858445827937206	894059
470	0.6780301816217869	0.9827327044826731	4.858445827937206	895953
471	0.678803958574829	0.9828383785876164	4.858445827937206	897799
472	0.6795758759412301	0.983071870035404	4.858445827937206	899631
473	0.6803459381900592	0.9833021847287998	4.858445827937206	901518
474	0.6811141497796445	0.9834969114375018	4.858445827937206	903436
475	0.6818805151576002	0.9836147415456413	4.858445827937206	905355
476	0.6826450387608515	0.983691515455517	4.858445827937206	907293
477	0.6834077250156605	0.9837913217341256	4.858445827937206	909200
478	0.6841685783376521	0.9839533410087533	4.858445827937206	911115
479	0.6849276031318388	0.9849161405482281	4.858445827937206	913034
480	0.6856848037926471	0.9850084522449299	4.858445827937206	914970
481	0.6864401847039425	0.9851001990033694	4.858445827937206	916874
482	0.687193750239055	0.9851913842809117	4.858445827937206	918774
483	0.6879455047608041	0.9853394087612358	4.858445827937206	920680
484	0.6886954526215245	0.985429130099215	4.858445827937206	922572
485	0.6894435981630911	0.9855331643937407	4.858445827937206	924489
486	0.6901899457169443	0.985621699966814	4.858445827937206	926391
487	0.6909344996041143	0.9857096937111204	4.858445827937206	928388
488	0.6916772641352477	0.9858117248145097	4.858445827937206	930287
489	0.6924182436106306	0.9859771857496176	4.858445827937206	932204
490	0.6931574423202151	0.9860630039568294	4.858445827937206	934117
491	0.6938948645436429	0.9861625124666873	4.858445827937206	936028
492	0.6946305145502709	0.9862471964931048	4.858445827937206	937864
493	0.6953643965991958	0.9864075790412901	4.858445827937206	939712
494	0.6960965149392779	0.9865660912390593	4.858445827937206	941556
495	0.6968268738091672	0.9866620077649897	4.858445827937206	943408
496	0.6975554774373266	0.9867436349306198	4.858445827937206	945316
497	0.6982823300420571	0.986876143369464	4.858445827937206	947153
498	0.6990074358315221	0.9869564600468178	4.858445827937206	949004
499	0.6997307990037714	0.9873912447119239	4.858445827937206	950876
