0	0.00240325927734375	0.0061198990216660976	5.787597063684135	2568
1	0.004800742899533361	0.016054560589129685	5.787597063684135	5230
2	0.0071924647469656655	0.024250690863272695	5.787597063684135	8073
3	0.00957843866667929	0.0337331914379736	5.787597063684135	10795
4	0.011958678472434925	0.04178206114694505	5.787597063684135	13363
5	0.01433319794479504	0.0529566143697211	5.787597063684135	16036
6	0.01670201083120393	0.06084535560779081	5.787597063684135	18622
7	0.019065130846067313	0.0675508091287681	5.787597063684135	21217
8	0.021422571670831503	0.07325730401973429	5.73965899313953	23847
9	0.023774346954062775	0.08226354985044626	5.73965899313953	26636
10	0.026120470311526423	0.08788000425386389	5.73965899313953	29327
11	0.02846095532626547	0.09994508356267529	5.73965899313953	31936
12	0.030795815548679273	0.10637136963231764	5.73965899313953	34469
13	0.03312506449660224	0.11184028661303758	5.73965899313953	36948
14	0.03544871565538188	0.11727573437407768	5.73965899313953	39416
15	0.03776678247795695	0.12357828163861695	5.73965899313953	41884
16	0.04007927838493508	0.12983582945817818	5.73965899313953	44364
17	0.042386216764671025	0.13516114631416598	5.73965899313953	46921
18	0.04468761097334362	0.14524673061370919	4.858445827937206	49257
19	0.04698347433503336	0.1535533707437995	4.858445827937206	51415
20	0.049273820141799596	0.15873353864207707	4.858445827937206	53599
21	0.05155866165375744	0.16388200443590195	4.858445827937206	55764
22	0.0538380120991544	0.16899896213895205	4.858445827937206	57920
23	0.056111884674447055	0.17408460457756136	4.858445827937206	60135
24	0.05838029254437771	0.18234031865092182	4.858445827937206	62294
25	0.06064324884205019	0.1873443133348659	4.858445827937206	64586
26	0.06290076666900601	0.19411362351116856	4.858445827937206	66737
27	0.06515285909530044	0.2035117153652657	4.858445827937206	68991
28	0.06739953915957797	0.21014635330474696	4.858445827937206	71156
29	0.06964081986914772	0.2149801778644166	4.858445827937206	73445
30	0.07187671420005914	0.22413492797678491	4.858445827937206	75730
31	0.07410723509717665	0.23318291715489814	4.858445827937206	77934
32	0.07633239547425485	0.23787576026999868	4.858445827937206	80157
33	0.07855220821401321	0.24331723755729562	4.858445827937206	82379
34	0.08076668616821081	0.24794805965488032	4.858445827937206	84580
35	0.08297584215772047	0.2525505415888405	4.858445827937206	86776
36	0.0851796889726033	0.2571248567981158	4.858445827937206	88928
37	0.08737823937218236	0.2616711776602171	4.858445827937206	91083
38	0.08957150608511699	0.26694275847063975	4.858445827937206	93238
39	0.09175950180947601	0.27549153096660894	4.858445827937206	95475
40	0.09394223921281164	0.27992544963743515	4.858445827937206	97630
41	0.0961197309322328	0.2843322331737257	4.858445827937206	99852
42	0.09829198957447793	0.2902936473080553	4.858445827937206	102071
43	0.10045902771598825	0.29361901026839865	4.858445827937206	104234
44	0.10262085790298059	0.3006798781374359	4.858445827937206	106399
45	0.10477749265152003	0.304959646667054	4.858445827937206	108572
46	0.10692894444759216	0.3099221529084982	4.858445827937206	110761
47	0.10907522574717565	0.31414535964978696	4.858445827937206	112938
48	0.11121634897631416	0.32214366449352116	4.858445827937206	115143
49	0.11335232653118832	0.3262920768180174	4.858445827937206	117393
50	0.11548317077818748	0.3311022720213159	4.858445827937206	119599
51	0.11760889405398145	0.3358781229975426	4.858445827937206	121822
52	0.11972950866559184	0.3406198749604328	4.858445827937206	124031
53	0.12184502689046317	0.3453277713729245	4.858445827937206	126189
54	0.1239554609765342	0.3493342993044113	4.858445827937206	128348
55	0.1260608231423087	0.35331630768952993	4.858445827937206	130516
56	0.12816112557692616	0.3572739465854282	4.858445827937206	132666
57	0.13025638044023236	0.36120736513091933	4.858445827937206	134807
58	0.1323465998628499	0.3651167115521021	4.858445827937206	136989
59	0.13443179594624832	0.3714629001913148	4.858445827937206	139166
60	0.13651198076281423	0.38343503542576596	4.858445827937206	141348
61	0.13858716635592117	0.3872083507492574	4.858445827937206	143549
62	0.14065736473999924	0.39095857376399223	4.858445827937206	145820
63	0.14272258790060488	0.3960318051362205	4.858445827937206	148007
64	0.14478284779449002	0.40753596122886393	4.858445827937206	150410
65	0.14683815634967146	0.41345813404456877	4.858445827937206	152552
66	0.1488885254654998	0.4183439471720609	4.858445827937206	154721
67	0.15093396701272854	0.42190362348070876	4.858445827937206	156869
68	0.15297449283358266	0.42768217951422105	4.858445827937206	159021
69	0.15501011474182713	0.4311847067838941	4.858445827937206	161201
70	0.1570408445228355	0.4367125521990166	4.858445827937206	163374
71	0.1590666939336579	0.442186677056169	4.858445827937206	165531
72	0.16108767470308916	0.44869178869399784	4.858445827937206	167702
73	0.16310379853173695	0.4520657392770059	4.858445827937206	170016
74	0.16511507709208928	0.459520627177999	4.858445827937206	172196
75	0.1671215220285821	0.46241484646484254	4.858445827937206	174362
76	0.1691231449576669	0.4686840610833283	4.858445827937206	176521
77	0.17111995746787756	0.47247759429389535	4.858445827937206	178745
78	0.17311197111989796	0.4786294590834709	4.858445827937206	181019
79	0.1750991974466285	0.4836962281885878	4.858445827937206	183185
80	0.1770816479532532	0.4873825762945776	4.858445827937206	185418
81	0.179059334117306	0.4971467176984904	4.858445827937206	187600
82	0.18103226738873734	0.5002241290088889	4.858445827937206	190088
83	0.18300045918998054	0.5032827068728198	4.858445827937206	192257
84	0.18496392091601777	0.5063225665490734	4.858445827937206	194417
85	0.18692266393444623	0.5093438225910684	4.858445827937206	196610
86	0.18887669958554376	0.5233625705170378	4.858445827937206	198848
87	0.19082603918233454	0.5279946155071541	4.858445827937206	201083
88	0.1927706940106546	0.5313646783463961	4.858445827937206	203337
89	0.19471067532921726	0.5352683461652517	4.858445827937206	205574
90	0.19664599436967822	0.5405374125352601	4.858445827937206	207760
91	0.19857666233670057	0.5433492771747778	4.858445827937206	209976
92	0.2005026904080197	0.5466097095386159	4.858445827937206	212140
93	0.20242408973450798	0.5498468627994814	4.858445827937206	214307
94	0.20434087144023938	0.5543465193146053	4.858445827937206	216499
95	0.20625304662255384	0.5570738736150539	4.858445827937206	218772
96	0.20816062635212151	0.5602363139771764	4.858445827937206	220937
97	0.21006362167300685	0.563899485039424	4.858445827937206	223101
98	0.21196204360273252	0.5670131913400885	4.858445827937206	225261
99	0.21385590313234326	0.5712210320462101	4.858445827937206	227439
100	0.2157452112264695	0.5747927019167123	4.858445827937206	229610
101	0.21762997882339075	0.5778286319321817	4.858445827937206	231784
102	0.21951021683509908	0.5804122780745954	4.858445827937206	234008
103	0.22138593614736213	0.5829801125635098	4.858445827937206	236170
104	0.22325714761978632	0.5855322321646477	4.858445827937206	238329
105	0.22512386208587953	0.58849148319935	4.858445827937206	240500
106	0.2269860903531139	0.5910098737687256	4.858445827937206	242743
107	0.22884384320298856	0.5939300150876852	4.858445827937206	244912
108	0.23069713139109171	0.596415122391078	4.858445827937206	247071
109	0.23254596564716323	0.6011216515760216	4.858445827937206	249222
110	0.23439035667515662	0.6044442533954634	4.858445827937206	251381
111	0.23623031515330084	0.6072684748265662	4.858445827937206	253542
112	0.23806585173416261	0.6096719521032525	4.858445827937206	255699
113	0.23989697704470747	0.6120607203417046	4.858445827937206	257924
114	0.2417237016863618	0.6158307813685102	4.858445827937206	260124
115	0.24354603623507398	0.6196708735164301	4.858445827937206	262305
116	0.24536399124137553	0.6219984493655081	4.858445827937206	264485
117	0.2471775772304423	0.6262841812321123	4.858445827937206	266692
118	0.24898680470215562	0.6295528327082163	4.858445827937206	268914
119	0.2507916841311627	0.6338729162917939	4.858445827937206	271103
120	0.25259222596693753	0.6388542371585721	4.858445827937206	273293
121	0.25438844063384136	0.6445867095846266	4.858445827937206	275510
122	0.2561803385311828	0.6467618030329267	4.858445827937206	277685
123	0.25796793003327845	0.6508811989159247	4.858445827937206	279885
124	0.25975122548951257	0.6530177707251243	4.858445827937206	282099
125	0.2615302352243972	0.6551412669305992	4.858445827937206	284276
126	0.26330496953763205	0.6572517675537237	4.858445827937206	286569
127	0.2650754387041637	0.6626922156877915	4.858445827937206	288766
128	0.2668416529742458	0.6647565052670041	4.858445827937206	290974
129	0.26860362257349746	0.6668081616024405	4.858445827937206	293171
130	0.2703613577029633	0.6691871120759163	4.858445827937206	295380
131	0.2721148685391722	0.6712116535450774	4.858445827937206	297637
132	0.273864165234196	0.6732238050248821	4.858445827937206	299828
133	0.27560925791570867	0.6752236423408141	4.858445827937206	302046
134	0.27735015668704466	0.6790111217304255	4.858445827937206	304246
135	0.27908687162725754	0.6807299888122523	4.858445827937206	306439
136	0.2808194127911783	0.6826838890413676	4.858445827937206	308625
137	0.2825477902094734	0.6858557285511582	4.858445827937206	310827
138	0.28427201388870327	0.6877782597706599	4.858445827937206	313020
139	0.2859920938113798	0.6896890252932323	4.858445827937206	315214
140	0.28770803993602434	0.6915880971237525	4.858445827937206	317430
141	0.2894198621972255	0.6941571258857371	4.858445827937206	319678
142	0.29112757050569615	0.6960288533918124	4.858445827937206	322008
143	0.29283117474833154	0.6989828975765373	4.858445827937206	324189
144	0.29453068478826594	0.7030783683578089	4.858445827937206	326377
145	0.29622611046492986	0.7051983538279739	4.858445827937206	328565
146	0.29791746159410726	0.7073032028516333	4.858445827937206	330737
147	0.2996047479679923	0.7107165765793111	4.858445827937206	332927
148	0.30128797935524576	0.7140901441993774	4.858445827937206	335115
149	0.30296716550105185	0.7156211662153265	4.858445827937206	337304
150	0.30464231612717463	0.7208874409150426	4.858445827937206	339494
151	0.3063134409320143	0.7228802717052012	4.858445827937206	341685
152	0.3079805495906631	0.7245762164592768	4.858445827937206	343880
153	0.30964365175496167	0.7262617822027113	4.858445827937206	346069
154	0.3113027570535547	0.733561468010639	4.858445827937206	348267
155	0.31295787509194684	0.7354638077404374	4.858445827937206	350516
156	0.31460901545255804	0.7376673578633826	4.858445827937206	352796
157	0.3162561876947795	0.7392728071433455	4.858445827937206	355000
158	0.31789940135502837	0.7408684312358307	4.858445827937206	357239
159	0.3195386659468036	0.7424542902699933	4.858445827937206	359437
160	0.3211739909607406	0.7442931362965062	4.858445827937206	361668
161	0.32280538586466645	0.7461188531790206	4.858445827937206	363994
162	0.32443286010365446	0.748656607249701	4.858445827937206	366182
163	0.326056423100079	0.7504511694636615	4.858445827937206	368367
164	0.3276760842536699	0.7525298769233562	4.858445827937206	370555
165	0.3292918529415674	0.7538550575669509	4.858445827937206	372769
166	0.3309037385183756	0.7577621201452532	4.858445827937206	374986
167	0.3325117503162174	0.759059282588695	4.858445827937206	377163
168	0.3341158976447879	0.7605338154494601	4.858445827937206	379354
169	0.3357161897914087	0.7637918587766783	4.858445827937206	381562
170	0.33731263602108175	0.7652374287490604	4.858445827937206	383784
171	0.33890524557654256	0.7666741519791829	4.858445827937206	385986
172	0.34049402767831405	0.7686177242242542	4.858445827937206	388205
173	0.34207899152475973	0.7716783363376901	4.858445827937206	390391
174	0.34366014629213726	0.7729009786730032	4.858445827937206	392582
175	0.3452375011346511	0.7741170738666385	4.858445827937206	394786
176	0.3468110651845061	0.7754994545652932	4.858445827937206	396981
177	0.34838084755195975	0.7771023620117241	4.858445827937206	399180
178	0.34994685732537534	0.778693824887823	4.858445827937206	401487
179	0.35150910357127463	0.780537274909582	4.858445827937206	403869
180	0.3530675953343899	0.7818803646261551	4.858445827937206	406031
181	0.3546223416377169	0.7836972712098605	4.858445827937206	408197
182	0.35617335148256646	0.787130647857323	4.858445827937206	410385
183	0.3577206338486171	0.7886505099538972	4.858445827937206	412558
184	0.3592641976939669	0.7926762145262038	4.858445827937206	414728
185	0.36080405195518517	0.7944031931640531	4.858445827937206	416889
186	0.36234020554736446	0.7956614248610661	4.858445827937206	419119
187	0.3638726673641719	0.7969119563071474	4.858445827937206	421279
188	0.36540144627790083	0.7989419908963304	4.858445827937206	423433
189	0.36692655113952244	0.8001724456095421	4.858445827937206	425635
190	0.36844799077873636	0.8013953700641583	4.858445827937206	427804
191	0.3699657740040224	0.8030497193347608	4.858445827937206	430020
192	0.3714799096026914	0.8042550351647209	4.858445827937206	432175
193	0.3729904063409356	0.805885563818076	4.858445827937206	434329
194	0.37449727296388025	0.8072715180241705	4.858445827937206	436498
195	0.3760005181956336	0.8084509968724616	4.858445827937206	438678
196	0.3775001507393376	0.810312503219668	4.858445827937206	440863
197	0.3789961792772184	0.8114733715456361	4.858445827937206	443025
198	0.38048861247063637	0.812627135474672	4.858445827937206	445232
199	0.38197745896013646	0.8144480573845392	4.858445827937206	447438
200	0.383462727365498	0.8166119284354483	4.858445827937206	449598
201	0.38494442628578507	0.817921297661827	4.858445827937206	451836
202	0.3864225642993957	0.8190356009341326	4.858445827937206	453996
203	0.38789714996411195	0.8205430095061098	4.858445827937206	456284
204	0.3893681918171492	0.8226358023981668	4.858445827937206	458443
205	0.3908356983752058	0.8250489207328857	4.858445827937206	460611
206	0.3922996781345123	0.8270891665552427	4.858445827937206	462758
207	0.3937601395708803	0.8281473633956767	4.858445827937206	464923
208	0.3952170911397521	0.8301514757759021	4.858445827937206	467178
209	0.39667054127624946	0.8321322165831802	4.858445827937206	469359
210	0.3981204983952221	0.833159550466682	4.858445827937206	471517
211	0.3995669708912969	0.8348272600830084	4.858445827937206	473721
212	0.401009967138926	0.8357117455112544	4.858445827937206	475888
213	0.4024494954924358	0.8367171730391713	4.858445827937206	478093
214	0.403885564286075	0.8389387080998628	4.858445827937206	480342
215	0.4053181818340631	0.8410691484689122	4.858445827937206	482634
216	0.4067473564306381	0.8423930206182757	4.858445827937206	484827
217	0.4081730963501049	0.8449661957918548	4.858445827937206	487000
218	0.40959540984688314	0.8463221765866783	4.858445827937206	489231
219	0.4110143051555549	0.8474194181413638	4.858445827937206	491449
220	0.41242979049091255	0.8491987835274704	4.858445827937206	493648
221	0.4138418740480061	0.850275486447486	4.858445827937206	495867
222	0.4152505640021906	0.8511917853514954	4.858445827937206	498173
223	0.4166558685091739	0.8521024765987387	4.858445827937206	500405
224	0.4180577957050633	0.8538272290582286	4.858445827937206	502640
225	0.419456353706413	0.8555318677864125	4.858445827937206	504871
226	0.420851550610271	0.8578250127421838	4.858445827937206	507081
227	0.4222433944942261	0.8586951093076083	4.858445827937206	509270
228	0.42363189341645446	0.8598721596257456	4.858445827937206	511462
229	0.4250170554157664	0.8607297278589602	4.858445827937206	513664
230	0.42639888851165286	0.8623538709743076	4.858445827937206	515871
231	0.4277774007043319	0.863196251384668	4.858445827937206	518073
232	0.42915259997479493	0.8641730140331978	4.858445827937206	520373
233	0.43052449428485307	0.8650042614717319	4.858445827937206	522574
234	0.43189309157718303	0.8658304217598802	4.858445827937206	524778
235	0.4332583997753733	0.8666515260304892	4.858445827937206	526987
236	0.4346204267839697	0.8682066102750317	4.858445827937206	529251
237	0.4359791804885218	0.8707169605555072	4.858445827937206	531477
238	0.43733466875562776	0.8724759134731194	4.858445827937206	533730
239	0.43868689943298045	0.8742109350585191	4.858445827937206	535934
240	0.44003588034941277	0.875922350908063	4.858445827937206	538142
241	0.4413816193149427	0.8766816935913514	4.858445827937206	540344
242	0.44272412412081874	0.8774363891740953	4.858445827937206	542554
243	0.4440634025395652	0.878661514813338	4.858445827937206	544752
244	0.4453994623250269	0.8794040940901222	4.858445827937206	546999
245	0.4467323112124141	0.882849691401833	4.858445827937206	549207
246	0.4480619569183474	0.8838255373709972	4.858445827937206	551399
247	0.44938840714090234	0.8846550093478808	4.858445827937206	553603
248	0.450711669559654	0.8854785589925678	4.858445827937206	555814
249	0.4520317518357214	0.8868140860014008	4.858445827937206	558081
250	0.453348661611812	0.8876222200931382	4.858445827937206	560278
251	0.45466240651226575	0.8884245842026655	4.858445827937206	562500
252	0.45597299414309944	0.8899004494909899	4.858445827937206	564732
253	0.4572804320920506	0.8905742476224359	4.858445827937206	566936
254	0.45858472792862137	0.8912439221773565	4.858445827937206	569124
255	0.45988588920412254	0.8919094983916235	4.858445827937206	571337
256	0.461183923451717	0.8924883134772874	4.858445827937206	573556
257	0.4624788381864636	0.8932559342533168	4.858445827937206	575787
258	0.4637706409053606	0.8939091971568486	4.858445827937206	578106
259	0.46505933908738883	0.8946666729907975	4.858445827937206	580297
260	0.46634494019355544	0.8958950499821584	4.858445827937206	582500
261	0.46762745166693676	0.8965321617639231	4.858445827937206	584695
262	0.46890688093272137	0.897165374485918	4.858445827937206	586881
263	0.47018323539825324	0.897794712009995	4.858445827937206	589069
264	0.4714565224530747	0.8987879606785083	4.858445827937206	591283
265	0.47272674946896887	0.8994073681389326	4.858445827937206	593472
266	0.4739939238000027	0.9005804600556798	4.858445827937206	595759
267	0.4752580527825695	0.9015742413795714	4.858445827937206	597946
268	0.47651914373543125	0.9023941144209744	4.858445827937206	600140
269	0.477777203959761	0.9032071580326281	4.858445827937206	602336
270	0.47903224073918504	0.9054195658490252	4.858445827937206	604578
271	0.4802842613398256	0.9059983885554544	4.858445827937206	606785
272	0.4815332730103422	0.906573668925369	4.858445827937206	609007
273	0.48277928298197414	0.9073518974224504	4.858445827937206	611214
274	0.48402229846858214	0.907918894454774	4.858445827937206	613431
275	0.48526232666669	0.9085763427004708	4.858445827937206	615641
276	0.4864993747555266	0.9094648136168899	4.858445827937206	617922
277	0.48773344989706724	0.9100188798154624	4.858445827937206	620115
278	0.48896455923607496	0.9105695551848481	4.858445827937206	622315
279	0.4901927099001423	0.9117862959306324	4.858445827937206	624509
280	0.49141790899973226	0.9123261548918642	4.858445827937206	626720
281	0.4926401636282195	0.9128627099707671	4.858445827937206	628933
282	0.49385948086193154	0.9133959813867677	4.858445827937206	631132
283	0.49507586776018964	0.9140143238770151	4.858445827937206	633343
284	0.4962893313653497	0.9145405475321975	4.858445827937206	635550
285	0.49749987870284296	0.9150635507517473	4.858445827937206	637771
286	0.4987075167812167	0.9155833532444054	4.858445827937206	640058
287	0.499912252592175	0.9160999745982974	4.858445827937206	642239
288	0.5011140931106188	0.916613434281671	4.858445827937206	644410
289	0.5023130452946867	0.9173080329132273	4.858445827937206	646598
290	0.5035091160857952	0.9178984438164469	4.858445827937206	648788
291	0.5047023124086787	0.9185823384951937	4.858445827937206	650971
292	0.5058926411714294	0.9191636510066816	4.858445827937206	653160
293	0.5070801092655379	0.9197408130153207	4.858445827937206	655350
294	0.5082647235659328	0.9203138541552125	4.858445827937206	657551
295	0.5094464909310201	0.9208828038488743	4.858445827937206	659777
296	0.5106254182027237	0.9213669931001967	4.858445827937206	661962
297	0.5118015122065243	0.9218482191621934	4.858445827937206	664157
298	0.5129747797514992	0.922499212755178	4.858445827937206	666358
299	0.5141452276303617	0.9245659004150399	4.858445827937206	668557
300	0.5153128626195008	0.9250275494872902	4.858445827937206	670760
301	0.5164776914790197	0.9254863733138348	4.858445827937206	672957
302	0.5176397209527754	0.9259423891848922	4.858445827937206	675177
303	0.5187989577684178	0.926471151801529	4.858445827937206	677378
304	0.5199554086374283	0.9270836370010165	4.858445827937206	679604
305	0.521109080255159	0.9280756963615469	4.858445827937206	681813
306	0.5222599793008715	0.9285158658370178	4.858445827937206	684015
307	0.5234081124377751	0.9289533415197465	4.858445827937206	686305
308	0.5245534863130658	0.930269020380492	4.858445827937206	688506
309	0.5256961075579647	0.9310822096471917	4.858445827937206	690715
310	0.5268359827877562	0.9316562853685812	4.858445827937206	692945
311	0.5279731186018268	0.9324311574165565	4.858445827937206	695173
312	0.5291075215837026	0.932844671910178	4.858445827937206	697428
313	0.5302391983010879	0.9332556557368545	4.858445827937206	699702
314	0.5313681553059033	0.9338116269510415	4.858445827937206	701886
315	0.5324943991343231	0.9343629670014285	4.858445827937206	704098
316	0.5336179363068136	0.9349097144649734	4.858445827937206	706302
317	0.534738773328171	0.9352146981019035	4.858445827937206	708501
318	0.5358569166875584	0.9356772575252255	4.858445827937206	710701
319	0.536972372858544	0.9361365143287581	4.858445827937206	712896
320	0.5380851482991382	0.9365273524122377	4.858445827937206	715201
321	0.5391952494518312	0.9372675582150104	4.858445827937206	717416
322	0.5403026827436301	0.9376514744241171	4.858445827937206	719624
323	0.5414074545860965	0.9380330411047912	4.858445827937206	721888
324	0.5425095713753831	0.9387556878557558	4.858445827937206	724092
325	0.5436090394922712	0.9394699072393622	4.858445827937206	726271
326	0.5447058653022072	0.9398403452948293	4.858445827937206	728453
327	0.5458000551553399	0.9402085163068032	4.858445827937206	730654
328	0.5468916153865568	0.9407065711480627	4.858445827937206	732867
329	0.5479805523155213	0.9410694409452849	4.858445827937206	735080
330	0.5490668722467089	0.9416585010941034	4.858445827937206	737329
331	0.5501505814694436	0.9420155451761801	4.858445827937206	739581
332	0.5512316862579348	0.9425951482231487	4.858445827937206	741764
333	0.5523101928713134	0.9429464601193768	4.858445827937206	743975
334	0.5533861075536677	0.9435933256509031	4.858445827937206	746256
335	0.5544594365340798	0.9439385288020676	4.858445827937206	748435
336	0.5555301860266624	0.9442816193448049	4.858445827937206	750615
337	0.556598362230593	0.944679442018609	4.858445827937206	752778
338	0.5576639713301517	0.9453245797210158	4.858445827937206	754962
339	0.558727019494756	0.9458559249132314	4.858445827937206	757142
340	0.5597875128789963	0.9463069376169946	4.858445827937206	759339
341	0.5608454576226725	0.9467541934469238	4.858445827937206	761532
342	0.5619008598508284	0.9470800524063558	4.858445827937206	763736
343	0.5629537256737882	0.9474578945977783	4.858445827937206	765940
344	0.5640040611871913	0.9477794469772256	4.858445827937206	768219
345	0.5650518724720273	0.9484899306918212	4.858445827937206	770471
346	0.5660971655946722	0.9491907479613202	4.858445827937206	772667
347	0.5671399466069225	0.9495016954531633	4.858445827937206	774820
348	0.568180221546031	0.9501887472157053	4.858445827937206	776977
349	0.569217996434741	0.9504935870528879	4.858445827937206	779159
350	0.5702532772813219	0.9514365663471186	4.858445827937206	781318
351	0.5712860700796036	0.951908514196029	4.858445827937206	783479
352	0.5723163808090113	0.9523091096629509	4.858445827937206	785651
353	0.5733442154346	0.9527063682246922	4.858445827937206	787819
354	0.5743695799070891	0.952995800475525	4.858445827937206	789978
355	0.5753924801628971	0.9536353133942252	4.858445827937206	792145
356	0.5764129221241756	0.9540215248611622	4.858445827937206	794314
357	0.5774309116988436	0.9546297057492421	4.858445827937206	796532
358	0.5784464547806221	0.9552469886642183	4.858445827937206	798767
359	0.5794595572490676	0.9555208725745088	4.858445827937206	800961
360	0.580470224969607	0.9558384483043273	4.858445827937206	803122
361	0.5814784637935708	0.956206307960268	4.858445827937206	805317
362	0.582484279558227	0.9568021405050262	4.858445827937206	807473
363	0.5834876780868156	0.9570665070430875	4.858445827937206	809630
364	0.5844886651885814	0.9578842878613144	4.858445827937206	811783
365	0.5854872466588084	0.958252646859612	4.858445827937206	813952
366	0.5864834282788529	0.958508136445253	4.858445827937206	816113
367	0.5874772158161772	0.958804383462958	4.858445827937206	818333
368	0.5884686150243825	0.9591475372866736	4.858445827937206	820484
369	0.5894576316432434	0.9593975502332655	4.858445827937206	822641
370	0.5904442713987395	0.9598034056245198	4.858445827937206	824867
371	0.5914285400030896	0.9600904045728781	4.858445827937206	827027
372	0.5924104431547851	0.960375354382556	4.858445827937206	829209
373	0.5933899865386218	0.9606178532125039	4.858445827937206	831440
374	0.5943671758257337	0.9610005757274456	4.858445827937206	833586
375	0.5953420166736256	0.9615311801393172	4.858445827937206	835771
376	0.596314514726206	0.9617666054323472	4.858445827937206	837943
377	0.5972846756138193	0.9624948605669691	4.858445827937206	840110
378	0.5982525049532789	0.9630051345728606	4.858445827937206	842286
379	0.5992180083478995	0.9632315394135949	4.858445827937206	844483
380	0.6001811913875297	0.9634565586795658	4.858445827937206	846656
381	0.6011420596485841	0.9638218408918484	4.858445827937206	848813
382	0.6021006186940759	0.9641231999847942	4.858445827937206	850989
383	0.6030568740736487	0.9643793561103268	4.858445827937206	853164
384	0.604010831323609	0.9645462583359655	4.858445827937206	855353
385	0.6049624959669582	0.9647632316548896	4.858445827937206	857500
386	0.6059118735134243	0.9650148180296986	4.858445827937206	859758
387	0.6068589694594942	0.9652646081074303	4.858445827937206	861918
388	0.6078037892884451	0.9655539491477682	4.858445827937206	864070
389	0.6087463384703768	0.9659556523647038	4.858445827937206	866239
390	0.6096866224622426	0.9661640003344903	4.858445827937206	868435
391	0.6106246467078815	0.9665022194065321	4.858445827937206	870624
392	0.6115604166380499	0.9667072224412141	4.858445827937206	872815
393	0.612493937670452	0.9670846915745336	4.858445827937206	875007
394	0.6134252152097724	0.9673197029990029	4.858445827937206	877240
395	0.6143542546477068	0.967591925381352	4.858445827937206	879530
396	0.6152810613629928	0.9680328515666397	4.858445827937206	881724
397	0.616205640721442	0.9682284872870625	4.858445827937206	883970
398	0.6171279980759704	0.9684931396211978	4.858445827937206	886223
399	0.6180481387666295	0.9687555874377641	4.858445827937206	888529
400	0.6189660681206373	0.9690158491000902	4.858445827937206	890720
401	0.6198817914524092	0.9692054689748697	4.858445827937206	892926
402	0.6207953140635885	0.9694619831858245	4.858445827937206	895145
403	0.6217066412430774	0.9696488727650492	4.858445827937206	897385
404	0.6226157782670674	0.9698655762378995	4.858445827937206	899801
405	0.6235227303990702	0.970080732473483	4.858445827937206	901965
406	0.6244275028899477	0.9702638353695475	4.858445827937206	904171
407	0.6253301009779426	0.9705115335338994	4.858445827937206	906403
408	0.6262305298887088	0.9708554223556616	4.858445827937206	908604
409	0.6271287948353417	0.9710114889938475	4.858445827937206	910823
410	0.6280249010184079	0.9712184635473512	4.858445827937206	913049
411	0.6289188536259762	0.9713946036441299	4.858445827937206	915248
412	0.629810657833647	0.9721574142136197	4.858445827937206	917459
413	0.6307003188045821	0.9723278080271345	4.858445827937206	919675
414	0.6315878416895351	0.9725583135829268	4.858445827937206	921949
415	0.6324732316268808	0.9727262539327834	4.858445827937206	924158
416	0.6333564937426458	0.9729913049149721	4.858445827937206	926349
417	0.6342376331505366	0.9732537800858665	4.858445827937206	928548
418	0.6351166549519708	0.9734447449451332	4.858445827937206	930740
419	0.6359935642361056	0.9737028135073769	4.858445827937206	932913
420	0.6368683660798682	0.9738637496332656	4.858445827937206	935091
421	0.6377410655479837	0.9740814610065829	4.858445827937206	937293
422	0.6386116676930063	0.9742400798480116	4.858445827937206	939484
423	0.6394801775553467	0.9745404870801049	4.858445827937206	941727
424	0.6403466001633031	0.9748373910208616	4.858445827937206	943937
425	0.641210940533089	0.9750469920952402	4.858445827937206	946110
426	0.6420732036688623	0.975337989271972	4.858445827937206	948292
427	0.642933394562755	0.9754889182872988	4.858445827937206	950466
428	0.6437915181949017	0.9757339270174549	4.858445827937206	952653
429	0.6446475795334683	0.9761961379314081	4.858445827937206	954896
430	0.6455015835346811	0.9763418151635936	4.858445827937206	957054
431	0.6463535351428551	0.9765717294963089	4.858445827937206	959218
432	0.6472034392904229	0.9767151081460438	4.858445827937206	961386
433	0.6480513008979631	0.9768576093329204	4.858445827937206	963567
434	0.6488971248742291	0.9770228432759233	4.858445827937206	965739
435	0.6497409161161771	0.977290798456379	4.858445827937206	967894
436	0.6505826795089948	0.9774297764766886	4.858445827937206	970042
437	0.6514224199261295	0.9775679039655477	4.858445827937206	972215
438	0.652260142229316	0.9778731025510504	4.858445827937206	974367
439	0.6530958512686056	0.9779915901318446	4.858445827937206	976528
440	0.6539295518823933	0.9782115825670115	4.858445827937206	978709
441	0.6547612488974466	0.9785080236205215	4.858445827937206	980896
442	0.6555909471289323	0.978661473799943	4.858445827937206	983064
443	0.6564186513804459	0.9788688452887676	4.858445827937206	985225
444	0.6572443664440382	0.9790197192439856	4.858445827937206	987396
445	0.6580680971002433	0.9791481164436586	4.858445827937206	989553
446	0.6588898481181069	0.9792757278654349	4.858445827937206	991711
447	0.6597096242552133	0.9795174103393074	4.858445827937206	993881
448	0.6605274302577127	0.9796636536164707	4.858445827937206	996048
449	0.6613432708603496	0.9799403386012806	4.858445827937206	998213
450	0.6621571507864894	0.9800631017034496	4.858445827937206	1000376
451	0.662969074748146	0.9802291733260781	4.858445827937206	1002546
452	0.6637790474460092	0.9804267992486829	4.858445827937206	1004738
453	0.664587073569472	0.9806550581495729	4.858445827937206	1006897
454	0.6653931577966572	0.9808484269977238	4.858445827937206	1009078
455	0.666197304794445	0.9809656326906038	4.858445827937206	1011280
456	0.6669995192185001	0.9810821210964785	4.858445827937206	1013453
457	0.6677998057132982	0.9811978966050722	4.858445827937206	1015627
458	0.6685981689121532	0.9813545155421395	4.858445827937206	1017824
459	0.6693946134372437	0.9814686240242316	4.858445827937206	1020019
460	0.6701891438996405	0.9815820341739359	4.858445827937206	1022178
461	0.6709817648993324	0.9818743828378417	4.858445827937206	1024328
462	0.6717724810252532	0.9819853097845794	4.858445827937206	1026468
463	0.6725612968553089	0.9820955578696045	4.858445827937206	1028614
464	0.6733482169564027	0.9822446994117152	4.858445827937206	1030778
465	0.6741332458844631	0.9823397774775774	4.858445827937206	1032947
466	0.6749163881844692	0.9825457275944569	4.858445827937206	1035115
467	0.6756976483904773	0.9826525459790755	4.858445827937206	1037280
468	0.6764770310256473	0.9827587106459665	4.858445827937206	1039472
469	0.6772545406022688	0.9829095090951272	4.858445827937206	1041686
470	0.6780301816217869	0.9830315331867905	4.858445827937206	1043943
471	0.678803958574829	0.9831353784902398	4.858445827937206	1046122
472	0.6795758759412301	0.9832385882709181	4.858445827937206	1048296
473	0.6803459381900592	0.9833411664181607	4.858445827937206	1050462
474	0.6811141497796445	0.9834799322122618	4.858445827937206	1052650
475	0.6818805151576002	0.9836175421063704	4.858445827937206	1054809
476	0.6826450387608515	0.9837178010944061	4.858445827937206	1057084
477	0.6834077250156605	0.9838174465075591	4.858445827937206	1059252
478	0.6841685783376521	0.9840061643325437	4.858445827937206	1061416
479	0.6849276031318388	0.9842237675389037	4.858445827937206	1063580
480	0.6856848037926471	0.9843551813869762	4.858445827937206	1065753
481	0.6864401847039425	0.9844509260971002	4.858445827937206	1067988
482	0.687193750239055	0.9845460848592663	4.858445827937206	1070159
483	0.6879455047608041	0.9847005596461791	4.858445827937206	1072334
484	0.6886954526215245	0.9848789787756698	4.858445827937206	1074509
485	0.6894435981630911	0.9850301260098988	4.858445827937206	1076696
486	0.6901899457169443	0.9851217401270853	4.858445827937206	1078883
487	0.6909344996041143	0.985245673986918	4.858445827937206	1081028
488	0.6916772641352477	0.9856391226806002	4.858445827937206	1083250
489	0.6924182436106306	0.9857587468148725	4.858445827937206	1085417
490	0.6931574423202151	0.98586042768488	4.858445827937206	1087583
491	0.6938948645436429	0.9862374829466165	4.858445827937206	1089759
492	0.6946305145502709	0.9864559355982575	4.858445827937206	1091988
493	0.6953643965991958	0.9865388239047391	4.858445827937206	1094136
494	0.6960965149392779	0.986621204943155	4.858445827937206	1096285
495	0.6968268738091672	0.9867577232600616	4.858445827937206	1098455
496	0.6975554774373266	0.986838764656527	4.858445827937206	1100669
497	0.6982823300420571	0.9870894548535455	4.858445827937206	1102856
498	0.6990074358315221	0.98715858968208	4.858445827937206	1105040
499	0.6997307990037714	0.9872371778165215	4.858445827937206	1107377
