0	0.00240325927734375	0.0113378684807256	7.383976969193435	2235
1	0.004800742899533361	0.01957328815185655	5.233404492437243	4531
2	0.0071924647469656655	0.03100683581189312	5.233404492437243	6760
3	0.00957843866667929	0.03693697612940905	5.233404492437243	9024
4	0.011958678472434925	0.04816803180136919	5.233404492437243	11216
5	0.01433319794479504	0.05399314733233851	5.233404492437243	13506
6	0.01670201083120393	0.059782613744468804	5.233404492437243	15688
7	0.019065130846067313	0.0655366492067675	5.233404492437243	17878
8	0.021422571670831503	0.07220860744412028	5.233404492437243	20069
9	0.023774346954062775	0.07883292868566882	5.233404492437243	22385
10	0.026120470311526423	0.08447037814419645	5.233404492437243	24612
11	0.02846095532626547	0.09007332698129811	5.233404492437243	26905
12	0.030795815548679273	0.09564198633729315	5.233404492437243	29088
13	0.03312506449660224	0.10468179988494208	5.233404492437243	31335
14	0.03544871565538188	0.11363125294731669	5.127519858546099	33547
15	0.03776678247795695	0.12101458278532318	5.127519858546099	35790
16	0.04007927838493508	0.12729043511267257	5.127519858546099	38038
17	0.042386216764671025	0.13950328033558557	5.127519858546099	40154
18	0.04468761097334362	0.1456471255405436	5.127519858546099	42272
19	0.04698347433503336	0.15561042436805905	5.127519858546099	44389
20	0.049273820141799596	0.160778003305874	5.127519858546099	46511
21	0.05155866165375744	0.17676318419528592	5.127519858546099	48632
22	0.0538380120991544	0.1826409980762025	5.127519858546099	50743
23	0.056111884674447055	0.18764315263242592	5.127519858546099	52844
24	0.05838029254437771	0.1919932517734434	5.127519858546099	54945
25	0.06064324884205019	0.19693817148141468	5.127519858546099	57089
26	0.06290076666900601	0.2018528287801029	5.127519858546099	59208
27	0.06515285909530044	0.20983097626418357	5.127519858546099	61319
28	0.06739953915957797	0.21406226157008135	5.127519858546099	63432
29	0.06964081986914772	0.21887212116658905	5.127519858546099	65579
30	0.07187671420005914	0.22772844632343048	5.127519858546099	67701
31	0.07410723509717665	0.2534708314459828	5.127519858546099	69820
32	0.07633239547425485	0.25880096176230827	5.127519858546099	71963
33	0.07855220821401321	0.263337025031279	5.127519858546099	74076
34	0.08076668616821081	0.26784532805108774	5.127519858546099	76220
35	0.08297584215772047	0.27394407583908365	5.127519858546099	78386
36	0.0851796889726033	0.27838746477903087	5.127519858546099	80490
37	0.08737823937218236	0.2865690127974092	5.127519858546099	82586
38	0.08957150608511699	0.29093513839801666	5.127519858546099	84697
39	0.09175950180947601	0.2952745437508324	5.127519858546099	86792
40	0.09394223921281164	0.2995873923810749	5.127519858546099	88891
41	0.0961197309322328	0.3038738468132045	5.127519858546099	90997
42	0.09829198957447793	0.30884410553768926	5.127519858546099	93105
43	0.10045902771598825	0.31460133914420574	5.127519858546099	95237
44	0.10262085790298059	0.31879590973822836	5.127519858546099	97373
45	0.10477749265152003	0.3229648099837763	5.127519858546099	99573
46	0.10692894444759216	0.3271081969807901	5.127519858546099	101737
47	0.10907522574717565	0.33191256518227197	5.127519858546099	103892
48	0.11121634897631416	0.3360011928210004	5.127519858546099	105985
49	0.11335232653118832	0.34006479847144255	5.127519858546099	108105
50	0.11548317077818748	0.34904350869632095	5.127519858546099	110222
51	0.11760889405398145	0.3530272966905975	5.127519858546099	112355
52	0.11972950866559184	0.3569867043046254	5.127519858546099	114548
53	0.12184502689046317	0.3609218807438699	5.127519858546099	116649
54	0.1239554609765342	0.36548482322680764	5.127519858546099	118759
55	0.1260608231423087	0.36936799203637416	5.127519858546099	120871
56	0.12816112557692616	0.37322739624494206	5.127519858546099	123034
57	0.13025638044023236	0.3770631812894697	5.127519858546099	125178
58	0.1323465998628499	0.3808754917168561	5.127519858546099	127307
59	0.13443179594624832	0.3846644711893876	5.127519858546099	129420
60	0.13651198076281423	0.3884302624901521	5.127519858546099	131540
61	0.13858716635592117	0.3921730075284192	5.127519858546099	133673
62	0.14065736473999924	0.3958928473449883	5.127519858546099	135775
63	0.14272258790060488	0.4009249768964669	5.127519858546099	137892
64	0.14478284779449002	0.4045912555442628	5.127519858546099	140003
65	0.14683815634967146	0.4095509285509744	5.127519858546099	142119
66	0.1488885254654998	0.41446928816321116	5.127519858546099	144273
67	0.15093396701272854	0.4186499084654909	5.127519858546099	146421
68	0.15297449283358266	0.42220771232191845	5.127519858546099	148540
69	0.15501011474182713	0.4263330811873537	5.127519858546099	150680
70	0.1570408445228355	0.43206736109218646	5.127519858546099	152931
71	0.1590666939336579	0.43612233322694804	5.127519858546099	155046
72	0.16108767470308916	0.4437941382170576	5.127519858546099	157149
73	0.16310379853173695	0.44776538254465637	5.127519858546099	159366
74	0.16511507709208928	0.4523654210074247	5.127519858546099	161605
75	0.1671215220285821	0.4563569266852132	5.127519858546099	163709
76	0.1691231449576669	0.46474648028575005	5.127519858546099	165939
77	0.17111995746787756	0.4676127155909373	5.127519858546099	168160
78	0.17311197111989796	0.4708708720119398	5.127519858546099	170345
79	0.1750991974466285	0.474109088844649	5.127519858546099	172558
80	0.1770816479532532	0.4773274881173317	5.127519858546099	174752
81	0.179059334117306	0.4805261911114542	5.127519858546099	176966
82	0.18103226738873734	0.4837053183662524	5.127519858546099	179192
83	0.18300045918998054	0.4895589995639139	5.127519858546099	181417
84	0.18496392091601777	0.4938109029411407	5.127519858546099	183626
85	0.18692266393444623	0.49690872910100925	5.127519858546099	185851
86	0.18887669958554376	0.5010994102413591	5.127519858546099	188049
87	0.19082603918233454	0.5078871733673269	5.127519858546099	190273
88	0.1927706940106546	0.5128062520175494	5.127519858546099	192541
89	0.19471067532921726	0.515787828559189	5.127519858546099	194727
90	0.19664599436967822	0.5198212493958472	5.127519858546099	196921
91	0.19857666233670057	0.524621036990391	5.127519858546099	199126
92	0.2005026904080197	0.5321667348159402	5.127519858546099	201262
93	0.20242408973450798	0.5385318132538186	5.127519858546099	203374
94	0.20434087144023938	0.5456532358887906	5.127519858546099	205555
95	0.20625304662255384	0.5501948112068535	5.127519858546099	207714
96	0.20816062635212151	0.5573345761083319	5.127519858546099	209826
97	0.21006362167300685	0.5610219182482042	5.127519858546099	211946
98	0.21196204360273252	0.5641561700367576	5.127519858546099	214065
99	0.21385590313234326	0.5685127930767899	5.127519858546099	216181
100	0.2157452112264695	0.5743833673206431	5.127519858546099	218300
101	0.21762997882339075	0.5801740698060767	5.127519858546099	220421
102	0.21951021683509908	0.5850699990211661	5.127519858546099	222518
103	0.22138593614736213	0.5876093287282164	5.127519858546099	224646
104	0.22325714761978632	0.5905537495381535	5.127519858546099	226757
105	0.22512386208587953	0.5961244468233488	5.127519858546099	228958
106	0.2269860903531139	0.6001615202411912	5.127519858546099	231241
107	0.22884384320298856	0.604824359655288	5.127519858546099	233443
108	0.23069713139109171	0.6081161184253399	5.127519858546099	235593
109	0.23254596564716323	0.6109141231727045	5.127519858546099	237707
110	0.23439035667515662	0.6136921504958006	5.127519858546099	239839
111	0.23623031515330084	0.6160563155260432	5.127519858546099	241969
112	0.23806585173416261	0.6187976282015282	5.127519858546099	244080
113	0.23989697704470747	0.621972991565114	5.127519858546099	246205
114	0.2417237016863618	0.624286478684198	5.127519858546099	248328
115	0.24354603623507398	0.6265858074957252	5.127519858546099	250478
116	0.24536399124137553	0.6292519408390056	5.127519858546099	252607
117	0.2471775772304423	0.6416102094777054	5.127519858546099	254790
118	0.24898680470215562	0.643803518806098	5.127519858546099	256993
119	0.2507916841311627	0.6459834053028775	5.127519858546099	259169
120	0.25259222596693753	0.6481499511144179	5.127519858546099	261347
121	0.25438844063384136	0.6503032378843658	5.127519858546099	263515
122	0.2561803385311828	0.6528000315687758	5.127519858546099	265685
123	0.25796793003327845	0.6549248603159006	5.127519858546099	267830
124	0.25975122548951257	0.657799288801399	5.127519858546099	269987
125	0.2615302352243972	0.6606497736926826	5.127519858546099	272134
126	0.26330496953763205	0.6646072107341674	4.858445827937206	274269
127	0.2650754387041637	0.6666597807370692	4.858445827937206	276400
128	0.2668416529742458	0.6686997892188185	4.858445827937206	278551
129	0.26860362257349746	0.6707273130546559	4.858445827937206	280680
130	0.2703613577029633	0.6727424286493542	4.858445827937206	282802
131	0.2721148685391722	0.6750790091552195	4.858445827937206	284991
132	0.273864165234196	0.6782366475502124	4.858445827937206	287085
133	0.27560925791570867	0.6819889898528337	4.858445827937206	289211
134	0.27735015668704466	0.6839351851227125	4.858445827937206	291317
135	0.27908687162725754	0.6861918506659549	4.858445827937206	293424
136	0.2808194127911783	0.6881123248520551	4.858445827937206	295545
137	0.2825477902094734	0.6900210459300627	4.858445827937206	297682
138	0.28427201388870327	0.6919180858278124	4.858445827937206	299799
139	0.2859920938113798	0.6938035160329479	4.858445827937206	301943
140	0.28770803993602434	0.6956774075956154	4.858445827937206	304093
141	0.2894198621972255	0.7043723388071692	4.858445827937206	306234
142	0.29112757050569615	0.7061815502416806	4.858445827937206	308426
143	0.29283117474833154	0.707979689484904	4.858445827937206	310542
144	0.29453068478826594	0.709766824297532	4.858445827937206	312684
145	0.29622611046492986	0.7115430220255685	4.858445827937206	314821
146	0.29791746159410726	0.7144263904018228	4.858445827937206	316937
147	0.2996047479679923	0.7161740720558163	4.858445827937206	319058
148	0.30128797935524576	0.7179110580745653	4.858445827937206	321181
149	0.30296716550105185	0.719925139887563	4.858445827937206	323325
150	0.30464231612717463	0.721924841393691	4.858445827937206	325430
151	0.3063134409320143	0.7236266332847954	4.858445827937206	327584
152	0.3079805495906631	0.7253180103813703	4.858445827937206	329740
153	0.30964365175496167	0.7279874174719305	4.858445827937206	331945
154	0.3113027570535547	0.7294440208174131	4.858445827937206	334136
155	0.31295787509194684	0.7325991925863062	4.858445827937206	336319
156	0.31460901545255804	0.7342356585259899	4.858445827937206	338498
157	0.3162561876947795	0.7361331846149339	4.858445827937206	340719
158	0.31789940135502837	0.7397232093140504	4.858445827937206	342867
159	0.3195386659468036	0.7413160769907319	4.858445827937206	344981
160	0.3211739909607406	0.742899196478077	4.858445827937206	347098
161	0.32280538586466645	0.7476603224692238	4.858445827937206	349212
162	0.32443286010365446	0.7501826682671157	4.858445827937206	351323
163	0.326056423100079	0.7519663345851942	4.858445827937206	353465
164	0.3276760842536699	0.7547785076624596	4.858445827937206	355575
165	0.3292918529415674	0.7562792384335076	4.858445827937206	357795
166	0.3309037385183756	0.7583093988797092	4.858445827937206	359941
167	0.3325117503162174	0.759788520953051	4.858445827937206	362037
168	0.3341158976447879	0.7629659214695451	4.858445827937206	364152
169	0.3357161897914087	0.7644165460948451	4.858445827937206	366271
170	0.33731263602108175	0.7658582930439201	4.858445827937206	368379
171	0.33890524557654256	0.7681337226547663	4.858445827937206	370530
172	0.34049402767831405	0.7695527208586488	4.858445827937206	372683
173	0.34207899152475973	0.7718562338529813	4.858445827937206	374871
174	0.34366014629213726	0.774960230671308	4.858445827937206	376997
175	0.3452375011346511	0.7763374513354587	4.858445827937206	379147
176	0.3468110651845061	0.7779343755836734	4.858445827937206	381271
177	0.34838084755195975	0.7792933947812846	4.858445827937206	383401
178	0.34994685732537534	0.7806440969186378	4.858445827937206	385572
179	0.35150910357127463	0.7832021832519481	4.858445827937206	387696
180	0.3530675953343899	0.7845289639985639	4.858445827937206	389872
181	0.3546223416377169	0.7858476249809865	4.858445827937206	392002
182	0.35617335148256646	0.7873766477097472	4.858445827937206	394154
183	0.3577206338486171	0.7886778811554117	4.858445827937206	396333
184	0.3592641976939669	0.790186696188514	4.858445827937206	398448
185	0.36080405195518517	0.7922256981691893	4.858445827937206	400570
186	0.36234020554736446	0.7939564295463721	4.858445827937206	402738
187	0.3638726673641719	0.795217395391612	4.858445827937206	404877
188	0.36540144627790083	0.796470644253209	4.858445827937206	407008
189	0.36692655113952244	0.7981660158129491	4.858445827937206	409143
190	0.36844799077873636	0.7996070866823752	4.858445827937206	411246
191	0.3699657740040224	0.8008334710765366	4.858445827937206	413376
192	0.3714799096026914	0.8031561128132534	4.858445827937206	415517
193	0.3729904063409356	0.804561554977971	4.858445827937206	417647
194	0.37449727296388025	0.8057576185264572	4.858445827937206	419816
195	0.3760005181956336	0.8069463622868033	4.858445827937206	421945
196	0.3775001507393376	0.8081278310553734	4.858445827937206	424094
197	0.3789961792772184	0.8100457536104217	4.858445827937206	426231
198	0.38048861247063637	0.8116280463750163	4.858445827937206	428421
199	0.38197745896013646	0.8131971588583564	4.858445827937206	430548
200	0.383462727365498	0.8145309091372281	4.858445827937206	432690
201	0.38494442628578507	0.8158551365962352	4.858445827937206	434813
202	0.3864225642993957	0.8169820845656248	4.858445827937206	436921
203	0.38789714996411195	0.8190571176204363	4.858445827937206	439034
204	0.3893681918171492	0.8203490284840971	4.858445827937206	441143
205	0.3908356983752058	0.8214484742889187	4.858445827937206	443251
206	0.3922996781345123	0.8227233111476876	4.858445827937206	445385
207	0.3937601395708803	0.8242000016004349	4.858445827937206	447624
208	0.3952170911397521	0.8254551928783518	4.858445827937206	449867
209	0.39667054127624946	0.8267014222384159	4.858445827937206	452095
210	0.3981204983952221	0.827938753667665	4.858445827937206	454208
211	0.3995669708912969	0.8289917511207608	4.858445827937206	456338
212	0.401009967138926	0.8307011213719486	4.858445827937206	458465
213	0.4024494954924358	0.8339258619172448	4.858445827937206	460621
214	0.403885564286075	0.8358625865596093	4.858445827937206	462753
215	0.4053181818340631	0.836867090955542	4.858445827937206	464884
216	0.4067473564306381	0.8401963339972656	4.858445827937206	467017
217	0.4081730963501049	0.8420081669451424	4.858445827937206	469234
218	0.40959540984688314	0.8433242171996601	4.858445827937206	471457
219	0.4110143051555549	0.8442830571695388	4.858445827937206	473592
220	0.41242979049091255	0.8484355089783511	4.858445827937206	475725
221	0.4138418740480061	0.8493630683586737	4.858445827937206	477871
222	0.4152505640021906	0.8508688102826187	4.858445827937206	480001
223	0.4166558685091739	0.8519335894083452	4.858445827937206	482114
224	0.4180577957050633	0.8536603113977522	4.858445827937206	484250
225	0.419456353706413	0.8545558955148601	4.858445827937206	486374
226	0.420851550610271	0.8554459987476057	4.858445827937206	488587
227	0.4222433944942261	0.8564780972869219	4.858445827937206	490809
228	0.42363189341645446	0.8573564368389234	4.858445827937206	493035
229	0.4250170554157664	0.8587822783698963	4.858445827937206	495387
230	0.42639888851165286	0.8596465165663423	4.858445827937206	497708
231	0.4277774007043319	0.8606486239032876	4.858445827937206	500009
232	0.42915259997479493	0.8615014402535296	4.858445827937206	502243
233	0.43052449428485307	0.8623490374538242	4.858445827937206	504578
234	0.43189309157718303	0.8631914474448419	4.858445827937206	506801
235	0.4332583997753733	0.8640287019717798	4.858445827937206	509128
236	0.4346204267839697	0.8658272641150102	4.858445827937206	511387
237	0.4359791804885218	0.8667852416425998	4.858445827937206	513611
238	0.43733466875562776	0.8680798457082695	4.858445827937206	515802
239	0.43868689943298045	0.8691787224620531	4.858445827937206	518235
240	0.44003588034941277	0.8709586037891	4.858445827937206	520428
241	0.4413816193149427	0.8717483241035255	4.858445827937206	522626
242	0.44272412412081874	0.8728166429364823	4.858445827937206	524818
243	0.4440634025395652	0.8738760628203934	4.858445827937206	527014
244	0.4453994623250269	0.8751017570592623	4.858445827937206	529212
245	0.4467323112124141	0.8759935157998399	4.858445827937206	531404
246	0.4480619569183474	0.8767524229611767	4.858445827937206	533599
247	0.44938840714090234	0.8777790583384264	4.858445827937206	535805
248	0.450711669559654	0.8785270381597281	4.858445827937206	538133
249	0.4520317518357214	0.8792704404200533	4.858445827937206	540352
250	0.453348661611812	0.8801324352525394	4.858445827937206	542602
251	0.45466240651226575	0.8811517172656981	4.858445827937206	544776
252	0.45597299414309944	0.8823067054360995	4.858445827937206	547007
253	0.4572804320920506	0.8832870744037288	4.858445827937206	549143
254	0.45858472792862137	0.8842592770326023	4.858445827937206	551374
255	0.45988588920412254	0.8849675985698574	4.858445827937206	553566
256	0.461183923451717	0.8856715852508297	4.858445827937206	555882
257	0.4624788381864636	0.8863712636044018	4.858445827937206	558026
258	0.4637706409053606	0.8870666599971023	4.858445827937206	560166
259	0.46505933908738883	0.8880073791974596	4.858445827937206	562387
260	0.46634494019355544	0.8888069933163568	4.858445827937206	564505
261	0.46762745166693676	0.8900676850021124	4.858445827937206	566626
262	0.46890688093272137	0.8907404596691175	4.858445827937206	568745
263	0.47018323539825324	0.8914091170230961	4.858445827937206	570854
264	0.4714565224530747	0.8921844431346704	4.858445827937206	572984
265	0.47272674946896887	0.8934417674129833	4.858445827937206	575102
266	0.4739939238000027	0.8945069059311376	4.858445827937206	577225
267	0.4752580527825695	0.8951525130143221	4.858445827937206	579351
268	0.47651914373543125	0.896375224232814	4.858445827937206	581469
269	0.477777203959761	0.897411040400416	4.858445827937206	583582
270	0.47903224073918504	0.8982655923337736	4.858445827937206	585696
271	0.4802842613398256	0.8994519994202602	4.858445827937206	587810
272	0.4815332730103422	0.9001699002990351	4.858445827937206	589962
273	0.48277928298197414	0.9017997794778263	4.858445827937206	592077
274	0.48402229846858214	0.9026177738178693	4.858445827937206	594184
275	0.48526232666669	0.9034289543774873	4.858445827937206	596297
276	0.4864993747555266	0.9042333779145345	4.858445827937206	598421
277	0.48773344989706724	0.9048194599713436	4.858445827937206	600527
278	0.48896455923607496	0.9054019552651466	4.858445827937206	602644
279	0.4901927099001423	0.9063475417181397	4.858445827937206	604781
280	0.49141790899973226	0.9069206853059555	4.858445827937206	606962
281	0.4926401636282195	0.9079760063342326	4.858445827937206	609147
282	0.49385948086193154	0.9088958629972808	4.858445827937206	611348
283	0.49507586776018964	0.9094534111161934	4.858445827937206	613669
284	0.4962893313653497	0.9100075470969186	4.858445827937206	615825
285	0.49749987870284296	0.9109070968135675	4.858445827937206	617956
286	0.4987075167812167	0.9128869391065993	4.858445827937206	620118
287	0.499912252592175	0.9135089160987578	4.858445827937206	622234
288	0.5011140931106188	0.9140382327985078	4.858445827937206	624372
289	0.5023130452946867	0.9146647762912301	4.858445827937206	626506
290	0.5035091160857952	0.9153756069760178	4.858445827937206	628644
291	0.5047023124086787	0.9159798151727738	4.858445827937206	630771
292	0.5058926411714294	0.9168196670827503	4.858445827937206	632949
293	0.5070801092655379	0.9174135648604661	4.858445827937206	635066
294	0.5082647235659328	0.9179189855040795	4.858445827937206	637175
295	0.5094464909310201	0.9184213130243903	4.858445827937206	639298
296	0.5106254182027237	0.9191008522744996	4.858445827937206	641406
297	0.5118015122065243	0.9198870441863121	4.858445827937206	643521
298	0.5129747797514992	0.9205543740972966	4.858445827937206	645640
299	0.5141452276303617	0.921121606506907	4.858445827937206	647774
300	0.5153128626195008	0.9221947819285818	4.858445827937206	649963
301	0.5164776914790197	0.9226709420065375	4.858445827937206	652116
302	0.5176397209527754	0.9232230623706249	4.858445827937206	654259
303	0.5187989577684178	0.9238626037086455	4.858445827937206	656382
304	0.5199554086374283	0.9243285568857211	4.858445827937206	658671
305	0.521109080255159	0.9249588896063732	4.858445827937206	660783
306	0.5222599793008715	0.9269599858835366	4.858445827937206	662906
307	0.5234081124377751	0.9274069833944705	4.858445827937206	665162
308	0.5245534863130658	0.928011673245412	4.858445827937206	667542
309	0.5256961075579647	0.9289911062624812	4.858445827937206	669667
310	0.5268359827877562	0.9294981013983473	4.858445827937206	671801
311	0.5279731186018268	0.9300853725237255	4.858445827937206	673967
312	0.5291075215837026	0.9309007034563934	4.858445827937206	676081
313	0.5302391983010879	0.9322168805334146	4.858445827937206	678396
314	0.5313681553059033	0.932781504602274	4.858445827937206	680655
315	0.5324943991343231	0.9342752489444457	4.858445827937206	683180
316	0.5336179363068136	0.9346774777841298	4.858445827937206	685356
317	0.534738773328171	0.9351438728972318	4.858445827937206	687457
318	0.5358569166875584	0.9355407858460371	4.858445827937206	689596
319	0.536972372858544	0.9360010170412817	4.858445827937206	691715
320	0.5380851482991382	0.9363926843544783	4.858445827937206	693831
321	0.5391952494518312	0.9368468330947332	4.858445827937206	695947
322	0.5403026827436301	0.9372333240990918	4.858445827937206	698071
323	0.5414074545860965	0.937617449817531	4.858445827937206	700415
324	0.5425095713753831	0.9379992247253618	4.858445827937206	702586
325	0.5436090394922712	0.9384419029566319	4.858445827937206	704793
326	0.5447058653022072	0.9388186322945032	4.858445827937206	706907
327	0.5458000551553399	0.9394301911553662	4.858445827937206	709023
328	0.5468916153865568	0.9398626524549054	4.858445827937206	711490
329	0.5479805523155213	0.9402383543346123	4.858445827937206	713620
330	0.5490668722467089	0.9407361606292012	4.858445827937206	715735
331	0.5501505814694436	0.9410988493417867	4.858445827937206	717878
332	0.5512316862579348	0.9414593184360749	4.858445827937206	719995
333	0.5523101928713134	0.9418175814959057	4.858445827937206	722125
334	0.5533861075536677	0.9427411119483515	4.858445827937206	724283
335	0.5544594365340798	0.9430915305613206	4.858445827937206	726421
336	0.5555301860266624	0.9434398046477628	4.858445827937206	728575
337	0.556598362230593	0.9437859473319642	4.858445827937206	730744
338	0.5576639713301517	0.9445295194572028	4.858445827937206	732918
339	0.558727019494756	0.9450839932318913	4.858445827937206	735073
340	0.5597875128789963	0.9454200736479853	4.858445827937206	737213
341	0.5608454576226725	0.9457540972858696	4.858445827937206	739366
342	0.5619008598508284	0.9462963303825539	4.858445827937206	741484
343	0.5629537256737882	0.9466249914177056	4.858445827937206	743599
344	0.5640040611871913	0.9469516410805098	4.858445827937206	745722
345	0.5650518724720273	0.9474819037269354	4.858445827937206	747846
346	0.5660971655946722	0.9478033091729366	4.858445827937206	749982
347	0.5671399466069225	0.9481759873962512	4.858445827937206	752098
348	0.568180221546031	0.9485460047409557	4.858445827937206	754223
349	0.569217996434741	0.9488608979962024	4.858445827937206	756354
350	0.5702532772813219	0.9491738641365244	4.858445827937206	758564
351	0.5712860700796036	0.9498653761890886	4.858445827937206	760853
352	0.5723163808090113	0.9505285325887038	4.858445827937206	763057
353	0.5733442154346	0.9508817530378831	4.858445827937206	765237
354	0.5743695799070891	0.9513727309333811	4.858445827937206	767438
355	0.5753924801628971	0.9517777894012414	4.858445827937206	769644
356	0.5764129221241756	0.9520729044607074	4.858445827937206	771774
357	0.5774309116988436	0.9524150982766599	4.858445827937206	773891
358	0.5784464547806221	0.9528114739678164	4.858445827937206	776163
359	0.5794595572490676	0.9531002629821146	4.858445827937206	778302
360	0.580470224969607	0.9537383546422219	4.858445827937206	780429
361	0.5814784637935708	0.9540214712403876	4.858445827937206	782552
362	0.582484279558227	0.9543497525190902	4.858445827937206	784753
363	0.5834876780868156	0.9547300128063114	4.858445827937206	786870
364	0.5844886651885814	0.9552579426861212	4.858445827937206	788981
365	0.5854872466588084	0.9561710458966085	4.858445827937206	791108
366	0.5864834282788529	0.9566821707258026	4.858445827937206	793232
367	0.5874772158161772	0.9571151686027625	4.858445827937206	795365
368	0.5884686150243825	0.9575438383043592	4.858445827937206	797514
369	0.5894576316432434	0.9580252006818608	4.858445827937206	799652
370	0.5904442713987395	0.9582820822151425	4.858445827937206	801785
371	0.5914285400030896	0.95853739165938	4.858445827937206	803950
372	0.5924104431547851	0.9589518450538719	4.858445827937206	806073
373	0.5933899865386218	0.9594305407383747	4.858445827937206	808252
374	0.5943671758257337	0.9596788217324196	4.858445827937206	810380
375	0.5953420166736256	0.960149039554782	4.858445827937206	812541
376	0.596314514726206	0.960362437926893	4.858445827937206	814763
377	0.5972846756138193	0.9606050158042454	4.858445827937206	816883
378	0.5982525049532789	0.9610644325295603	4.858445827937206	818995
379	0.5992180083478995	0.9615184916254256	4.858445827937206	821137
380	0.6001811913875297	0.9617932450617883	4.858445827937206	823272
381	0.6011420596485841	0.9620270665439556	4.858445827937206	825372
382	0.6021006186940759	0.9622594570622631	4.858445827937206	827497
383	0.6030568740736487	0.9624904253740649	4.858445827937206	829635
384	0.604010831323609	0.963204893462178	4.858445827937206	831748
385	0.6049624959669582	0.9636339909145141	4.858445827937206	833883
386	0.6059118735134243	0.9638287276800103	4.858445827937206	836007
387	0.6068589694594942	0.9640500922140938	4.858445827937206	838130
388	0.6078037892884451	0.9642701020195817	4.858445827937206	840241
389	0.6087463384703768	0.9645252092818921	4.858445827937206	842362
390	0.6096866224622426	0.9647423114189017	4.858445827937206	844491
391	0.6106246467078815	0.9649580849127553	4.858445827937206	846604
392	0.6115604166380499	0.9656070092662228	4.858445827937206	848744
393	0.612493937670452	0.9658525711682906	4.858445827937206	850862
394	0.6134252152097724	0.9660615499845902	4.858445827937206	853007
395	0.6143542546477068	0.9663038665194774	4.858445827937206	855131
396	0.6152810613629928	0.9665444529428523	4.858445827937206	857282
397	0.616205640721442	0.9668231330516166	4.858445827937206	859414
398	0.6171279980759704	0.9670261721271959	4.858445827937206	861544
399	0.6180481387666295	0.9673008395813634	4.858445827937206	863703
400	0.6189660681206373	0.9675009551412187	4.858445827937206	865833
401	0.6198817914524092	0.9678799527489013	4.858445827937206	867970
402	0.6207953140635885	0.9681092861022738	4.858445827937206	870113
403	0.6217066412430774	0.9684811894713435	4.858445827937206	872245
404	0.6226157782670674	0.9686740814090619	4.858445827937206	874410
405	0.6235227303990702	0.9690393982439416	4.858445827937206	876623
406	0.6244275028899477	0.9693402787274796	4.858445827937206	878739
407	0.6253301009779426	0.9695591855254032	4.858445827937206	880858
408	0.6262305298887088	0.9697454802361251	4.858445827937206	883007
409	0.6271287948353417	0.969930634842029	4.858445827937206	885177
410	0.6280249010184079	0.9702228541341376	4.858445827937206	887470
411	0.6289188536259762	0.9704088837834453	4.858445827937206	889854
412	0.629810657833647	0.9706201608671596	4.858445827937206	892123
413	0.6307003188045821	0.9709627828978633	4.858445827937206	894369
414	0.6315878416895351	0.9712046589253697	4.858445827937206	896734
415	0.6324732316268808	0.9713808835050408	4.858445827937206	898945
416	0.6333564937426458	0.971835155195437	4.858445827937206	901155
417	0.6342376331505366	0.9720075212016018	4.858445827937206	903370
418	0.6351166549519708	0.9722406947026296	4.858445827937206	905582
419	0.6359935642361056	0.9724105788479612	4.858445827937206	907785
420	0.6368683660798682	0.9727323213686847	4.858445827937206	909988
421	0.6377410655479837	0.9729594573839393	4.858445827937206	912229
422	0.6386116676930063	0.9731249427742407	4.858445827937206	914539
423	0.6394801775553467	0.9734383545203136	4.858445827937206	916784
424	0.6403466001633031	0.9736009091084986	4.858445827937206	918988
425	0.641210940533089	0.9737893955074384	4.858445827937206	921198
426	0.6420732036688623	0.9741460023712827	4.858445827937206	923365
427	0.642933394562755	0.9743042262260768	4.858445827937206	925534
428	0.6437915181949017	0.9745610769426841	4.858445827937206	927703
429	0.6446475795334683	0.9747167605830149	4.858445827937206	929870
430	0.6455015835346811	0.9748972799338829	4.858445827937206	932003
431	0.6463535351428551	0.9750509060458566	4.858445827937206	934202
432	0.6472034392904229	0.975258728569423	4.858445827937206	936361
433	0.6480513008979631	0.9754353783327162	4.858445827937206	938541
434	0.6488971248742291	0.9756107668375104	4.858445827937206	940745
435	0.6497409161161771	0.975813925797631	4.858445827937206	942930
436	0.6505826795089948	0.976048970250521	4.858445827937206	945313
437	0.6514224199261295	0.9762484790364391	4.858445827937206	947557
438	0.652260142229316	0.9765254647036526	4.858445827937206	949770
439	0.6530958512686056	0.976844846136256	4.858445827937206	951981
440	0.6539295518823933	0.9770101712069794	4.858445827937206	954209
441	0.6547612488974466	0.9771508666377181	4.858445827937206	956417
442	0.6555909471289323	0.9773411967781787	4.858445827937206	958632
443	0.6564186513804459	0.977561398947487	4.858445827937206	960846
444	0.6572443664440382	0.9777216079155538	4.858445827937206	963087
445	0.6580680971002433	0.9778409067367355	4.858445827937206	965339
446	0.6588898481181069	0.9782629847036549	4.858445827937206	967547
447	0.6597096242552133	0.9785164775934082	4.858445827937206	969729
448	0.6605274302577127	0.9787252581804499	4.858445827937206	971869
449	0.6613432708603496	0.9788771573307055	4.858445827937206	974053
450	0.6621571507864894	0.9790279719389232	4.858445827937206	976221
451	0.662969074748146	0.9791563186329365	4.858445827937206	978402
452	0.6637790474460092	0.9793299436339117	4.858445827937206	980645
453	0.664587073569472	0.9795021223624921	4.858445827937206	982871
454	0.6653931577966572	0.9796275673037922	4.858445827937206	985088
455	0.666197304794445	0.9797972668681088	4.858445827937206	987298
456	0.6669995192185001	0.9800328672544865	4.858445827937206	989421
457	0.6677998057132982	0.9801754302300004	4.858445827937206	991551
458	0.6685981689121532	0.9803405661714415	4.858445827937206	993698
459	0.6693946134372437	0.9804809322129376	4.858445827937206	995876
460	0.6701891438996405	0.9806435233648498	4.858445827937206	998024
461	0.6709817648993324	0.9808370075128064	4.858445827937206	1000163
462	0.6717724810252532	0.9810285576251315	4.858445827937206	1002285
463	0.6725612968553089	0.9812866724873747	4.858445827937206	1004498
464	0.6733482169564027	0.9814011961621113	4.858445827937206	1006645
465	0.6741332458844631	0.9815339894304249	4.858445827937206	1008763
466	0.6749163881844692	0.9817493364924608	4.858445827937206	1010890
467	0.6756976483904773	0.9818610287102053	4.858445827937206	1013026
468	0.6764770310256473	0.9820121238479795	4.858445827937206	1015171
469	0.6772545406022688	0.9821405551645882	4.858445827937206	1017292
470	0.6780301816217869	0.9822680694967265	4.858445827937206	1019412
471	0.678803958574829	0.9823765871208658	4.858445827937206	1021558
472	0.6795758759412301	0.9824844406281033	4.858445827937206	1023685
473	0.6803459381900592	0.9826094996585446	4.858445827937206	1025826
474	0.6811141497796445	0.9827336657822415	4.858445827937206	1027985
475	0.6818805151576002	0.9829062572113236	4.858445827937206	1030133
476	0.6826450387608515	0.9830283045210542	4.858445827937206	1032256
477	0.6834077250156605	0.9831321695836118	4.858445827937206	1034394
478	0.6841685783376521	0.9832353990024747	4.858445827937206	1036508
479	0.6849276031318388	0.9834634888119649	4.858445827937206	1038617
480	0.6856848037926471	0.9835646905906062	4.858445827937206	1040738
481	0.6864401847039425	0.9836652730245816	4.858445827937206	1042872
482	0.687193750239055	0.9838875142079206	4.858445827937206	1044998
483	0.6879455047608041	0.9839861209939562	4.858445827937206	1047192
484	0.6886954526215245	0.9840841243164183	4.858445827937206	1049355
485	0.6894435981630911	0.9841815278684433	4.858445827937206	1051465
486	0.6901899457169443	0.9842783353205654	4.858445827937206	1053580
487	0.6909344996041143	0.9844092946265166	4.858445827937206	1055700
488	0.6916772641352477	0.9845911104326214	4.858445827937206	1057812
489	0.6924182436106306	0.9846854112808097	4.858445827937206	1059937
490	0.6931574423202151	0.9848590460735442	4.858445827937206	1062071
491	0.6938948645436429	0.9850061884829364	4.858445827937206	1064180
492	0.6946305145502709	0.9851310848720832	4.858445827937206	1066320
493	0.6953643965991958	0.985626715376347	4.858445827937206	1068520
494	0.6960965149392779	0.9857146784268535	4.858445827937206	1070663
495	0.6968268738091672	0.9858166739399598	4.858445827937206	1072783
496	0.6975554774373266	0.9859348190966448	4.858445827937206	1074903
497	0.6982823300420571	0.986051980120413	4.858445827937206	1077016
498	0.6990074358315221	0.9861681652089559	4.858445827937206	1079138
499	0.6997307990037714	0.9863064259482249	4.858445827937206	1081285
