0	0.00240325927734375	0.008329862557267753	8.823653818838743	3157
1	0.004800742899533361	0.01989452888313048	8.579843630715974	5732
2	0.0071924647469656655	0.029419363393498488	6.6542838419592965	8259
3	0.00957843866667929	0.040423679001281965	6.365894089589367	10804
4	0.011958678472434925	0.05130322912598395	6.365894089589367	13369
5	0.01433319794479504	0.0592057428358882	6.181486362142792	15948
6	0.01670201083120393	0.06496330868989597	6.181486362142792	18473
7	0.019065130846067313	0.07068563882226653	6.181486362142792	21038
8	0.021422571670831503	0.07637294887205837	6.181486362142792	23573
9	0.023774346954062775	0.08214321366461108	6.181486362142792	26113
10	0.026120470311526423	0.08776040451333467	6.181486362142792	28645
11	0.02846095532626547	0.0933432187212786	6.181486362142792	31244
12	0.030795815548679273	0.09889186667001315	6.181486362142792	33785
13	0.03312506449660224	0.10440655745359473	6.181486362142792	36326
14	0.03544871565538188	0.109887498886445	6.181486362142792	38854
15	0.03776678247795695	0.11533489751118264	6.181486362142792	41374
16	0.04007927838493508	0.1216513021222767	6.181486362142792	43906
17	0.042386216764671025	0.12702670745910027	5.636019851879926	46437
18	0.04468761097334362	0.13236921585806194	5.374771957911367	48965
19	0.04698347433503336	0.13767902864509962	5.374771957911367	51530
20	0.049273820141799596	0.1429563459140566	5.374771957911367	54083
21	0.05155866165375744	0.1565602134392302	5.374771957911367	56598
22	0.0538380120991544	0.16172197976383773	5.374771957911367	59090
23	0.056111884674447055	0.16770718607241986	5.374771957911367	61582
24	0.05838029254437771	0.17903089782653658	5.374771957911367	64066
25	0.06064324884205019	0.18586945761140505	5.374771957911367	66548
26	0.06290076666900601	0.19265105313317588	5.374771957911367	69068
27	0.06515285909530044	0.19937615889633142	5.374771957911367	71286
28	0.06739953915957797	0.21026900027189155	5.374771957911367	73489
29	0.06964081986914772	0.21684735095684038	5.374771957911367	75671
30	0.07187671420005914	0.22243896860931722	5.374771957911367	77853
31	0.07410723509717665	0.23021134043496339	5.374771957911367	80077
32	0.07633239547425485	0.23918846766021162	5.374771957911367	82260
33	0.07855220821401321	0.24462057237139	5.374771957911367	84515
34	0.08076668616821081	0.24924341819152107	5.374771957911367	86698
35	0.08297584215772047	0.25460373174046	5.374771957911367	88884
36	0.0851796889726033	0.2591654816333352	5.374771957911367	91080
37	0.08737823937218236	0.2692448628356028	5.374771957911367	93284
38	0.08957150608511699	0.276549370662319	5.374771957911367	95462
39	0.09175950180947601	0.2863922363675936	5.374771957911367	97675
40	0.09394223921281164	0.30542177673112436	5.374771957911367	99877
41	0.0961197309322328	0.3096725253201781	5.374771957911367	102060
42	0.09829198957447793	0.31460138216325406	5.374771957911367	104255
43	0.10045902771598825	0.3187959524940045	5.374771957911367	106444
44	0.10262085790298059	0.32674002301885574	5.374771957911367	108736
45	0.10477749265152003	0.33086030609330963	5.374771957911367	110950
46	0.10692894444759216	0.33643414777516456	5.374771957911367	113125
47	0.10907522574717565	0.34049510378500636	5.374771957911367	115330
48	0.11121634897631416	0.3459886889263224	5.374771957911367	117557
49	0.11335232653118832	0.35065825263958716	5.374771957911367	119762
50	0.11548317077818748	0.3609652645024508	5.374771957911367	121983
51	0.11760889405398145	0.36487609255503295	5.374771957911367	124187
52	0.11972950866559184	0.37663764639660635	5.374771957911367	126493
53	0.12184502689046317	0.3810883801642274	5.374771957911367	128722
54	0.1239554609765342	0.38710307034727676	5.374771957911367	130896
55	0.1260608231423087	0.3914790822208013	5.374771957911367	133065
56	0.12816112557692616	0.39739279376384506	5.374771957911367	135245
57	0.13025638044023236	0.4024124289678114	5.374771957911367	137426
58	0.1323465998628499	0.408385815766967	5.374771957911367	139609
59	0.13443179594624832	0.41429949357687657	5.374771957911367	141810
60	0.13651198076281423	0.41848132619249956	5.374771957911367	143994
61	0.13858716635592117	0.4233252968198007	5.374771957911367	146201
62	0.14065736473999924	0.4290896420410938	5.374771957911367	148403
63	0.14272258790060488	0.43384524685541204	5.374771957911367	150578
64	0.14478284779449002	0.4378875250952734	5.374771957911367	152773
65	0.14683815634967146	0.44256984475295535	5.374771957911367	154948
66	0.1488885254654998	0.4472131613314396	5.374771957911367	157136
67	0.15093396701272854	0.4505961609645972	5.374771957911367	159318
68	0.15297449283358266	0.4559353625101308	5.374771957911367	161495
69	0.15501011474182713	0.4598199199266111	5.374771957911367	163661
70	0.1570408445228355	0.46312576747017575	5.374771957911367	165835
71	0.1590666939336579	0.46641138356059275	5.374771957911367	168002
72	0.16108767470308916	0.46967689201231244	5.374771957911367	170178
73	0.16310379853173695	0.4729224158820532	5.374771957911367	172404
74	0.16511507709208928	0.48128872674106815	5.374771957911367	174627
75	0.1671215220285821	0.48499226412377017	5.374771957911367	176820
76	0.1691231449576669	0.4882097218656042	5.233404492437243	179100
77	0.17111995746787756	0.49247286454060957	5.233404492437243	181300
78	0.17311197111989796	0.4955788793603765	5.233404492437243	183494
79	0.1750991974466285	0.4991803867368717	5.233404492437243	185673
80	0.1770816479532532	0.5022453521981118	5.233404492437243	187865
81	0.179059334117306	0.5057992617439099	5.233404492437243	190060
82	0.18103226738873734	0.50882372035847	5.233404492437243	192255
83	0.18300045918998054	0.5123306611305878	5.233404492437243	194456
84	0.18496392091601777	0.5153151482404312	5.233404492437243	196629
85	0.18692266393444623	0.5182813705905309	5.233404492437243	198832
86	0.18887669958554376	0.5217207848541792	5.233404492437243	201026
87	0.19082603918233454	0.5257047849803418	5.233404492437243	203249
88	0.1927706940106546	0.5286074238027215	5.233404492437243	205463
89	0.19471067532921726	0.5333193862470091	5.233404492437243	207785
90	0.19664599436967822	0.5366514308504695	5.233404492437243	210049
91	0.19857666233670057	0.539959685048003	5.233404492437243	212279
92	0.2005026904080197	0.5427750853214046	5.233404492437243	214497
93	0.20242408973450798	0.5460396173474313	5.233404492437243	216663
94	0.20434087144023938	0.548817809049102	5.233404492437243	218853
95	0.20625304662255384	0.5515789984980956	5.233404492437243	221037
96	0.20816062635212151	0.55680839793252	5.233404492437243	223243
97	0.21006362167300685	0.5599727337597407	5.233404492437243	225428
98	0.21196204360273252	0.5642489948505109	5.233404492437243	227705
99	0.21385590313234326	0.569330639225432	5.233404492437243	229883
100	0.2157452112264695	0.5719662922250979	5.233404492437243	232064
101	0.21762997882339075	0.577789880085981	5.034044860061201	234243
102	0.21951021683509908	0.5803737633857803	5.034044860061201	236432
103	0.22138593614736213	0.582620824806336	5.034044860061201	238608
104	0.22325714761978632	0.5856008629465894	5.034044860061201	240779
105	0.22512386208587953	0.5885596239655939	5.034044860061201	242966
106	0.2269860903531139	0.5919868657484711	5.034044860061201	245234
107	0.22884384320298856	0.5953855590783463	5.034044860061201	247401
108	0.23069713139109171	0.6001040948325347	5.034044860061201	249583
109	0.23254596564716323	0.6055448554470582	5.034044860061201	251751
110	0.23439035667515662	0.6079588811002988	5.034044860061201	253921
111	0.23623031515330084	0.6103581331603061	5.034044860061201	256096
112	0.23806585173416261	0.613603796357638	5.034044860061201	258288
113	0.23989697704470747	0.6159685021062843	5.034044860061201	260464
114	0.2417237016863618	0.6180677996530793	5.034044860061201	262668
115	0.24354603623507398	0.621249242388164	5.034044860061201	264858
116	0.24536399124137553	0.6244041841425316	5.034044860061201	267032
117	0.2471775772304423	0.627085894019541	5.034044860061201	269205
118	0.24898680470215562	0.6308134819177214	5.034044860061201	271445
119	0.2507916841311627	0.6334494301636828	5.034044860061201	273651
120	0.25259222596693753	0.6384365127464898	5.034044860061201	275859
121	0.25438844063384136	0.6420506417319476	5.034044860061201	278071
122	0.2561803385311828	0.6450323106887828	5.034044860061201	280265
123	0.25796793003327845	0.6544981157370818	5.034044860061201	282464
124	0.25975122548951257	0.6585272922299439	5.034044860061201	284708
125	0.2615302352243972	0.6625094812418395	5.034044860061201	286886
126	0.26330496953763205	0.6645748891374091	5.034044860061201	289065
127	0.2650754387041637	0.6673689342091509	5.034044860061201	291276
128	0.2668416529742458	0.6694046027432601	5.034044860061201	293451
129	0.26860362257349746	0.6714278131914988	5.034044860061201	295638
130	0.2703613577029633	0.6752595588102568	5.034044860061201	297821
131	0.2721148685391722	0.6812732706841409	5.034044860061201	300049
132	0.273864165234196	0.682980024158195	5.034044860061201	302250
133	0.27560925791570867	0.684920154398198	5.034044860061201	304426
134	0.27735015668704466	0.6868484112370431	5.034044860061201	306644
135	0.27908687162725754	0.6890842766890306	5.034044860061201	308828
136	0.2808194127911783	0.6921058094714502	5.034044860061201	311024
137	0.2825477902094734	0.6956964122764477	5.034044860061201	313334
138	0.28427201388870327	0.6987381807501526	5.034044860061201	315541
139	0.2859920938113798	0.7008891546485272	5.034044860061201	317807
140	0.28770803993602434	0.7027196828183634	5.034044860061201	320041
141	0.2894198621972255	0.7043115926503588	5.034044860061201	322242
142	0.29112757050569615	0.7071851437421921	5.034044860061201	324451
143	0.29283117474833154	0.7089771410945336	5.034044860061201	326696
144	0.29453068478826594	0.7129366357735194	5.034044860061201	328920
145	0.29622611046492986	0.7168422597766009	5.034044860061201	331106
146	0.29791746159410726	0.7185751565539712	5.034044860061201	333297
147	0.2996047479679923	0.7213882328732985	5.034044860061201	335472
148	0.30128797935524576	0.7230933087543618	5.034044860061201	337675
149	0.30296716550105185	0.7250703899080166	5.034044860061201	339871
150	0.30464231612717463	0.7270333549351504	5.034044860061201	342050
151	0.3063134409320143	0.7287038832392303	5.034044860061201	344227
152	0.3079805495906631	0.7303641880787763	5.034044860061201	346497
153	0.30964365175496167	0.7320143320203593	5.034044860061201	348663
154	0.3113027570535547	0.7336543772476485	5.034044860061201	350843
155	0.31295787509194684	0.7352843855637556	5.034044860061201	353037
156	0.31460901545255804	0.7371744238651984	5.034044860061201	355239
157	0.3162561876947795	0.7398015849760835	4.877112537272065	357451
158	0.31789940135502837	0.7424024854178053	4.877112537272065	359645
159	0.3195386659468036	0.7439789561952805	4.877112537272065	361850
160	0.3211739909607406	0.7465381003232743	4.858445827937206	364073
161	0.32280538586466645	0.7499865615433658	4.858445827937206	366324
162	0.32443286010365446	0.7649873678507639	4.858445827937206	368525
163	0.326056423100079	0.7676519101653811	4.858445827937206	370683
164	0.3276760842536699	0.7693108481543235	4.858445827937206	372879
165	0.3292918529415674	0.7754625588702082	4.858445827937206	375109
166	0.3309037385183756	0.7768367053365057	4.858445827937206	377315
167	0.3325117503162174	0.7794391927378294	4.858445827937206	379522
168	0.3341158976447879	0.7810139709178412	4.858445827937206	381723
169	0.3357161897914087	0.784489939633431	4.858445827937206	383943
170	0.33731263602108175	0.7866441426525055	4.858445827937206	386157
171	0.33890524557654256	0.7891322576069952	4.858445827937206	388364
172	0.34049402767831405	0.7906378284457624	4.858445827937206	390660
173	0.34207899152475973	0.7917589443760225	4.858445827937206	392838
174	0.34366014629213726	0.7938404876225762	4.858445827937206	395011
175	0.3452375011346511	0.7955577680255534	4.858445827937206	397187
176	0.3468110651845061	0.7976013388574513	4.858445827937206	399366
177	0.34838084755195975	0.8008140160184442	4.858445827937206	401664
178	0.34994685732537534	0.8042983189452353	4.858445827937206	403830
179	0.35150910357127463	0.8054959934716607	4.858445827937206	406023
180	0.3530675953343899	0.8073862170530829	4.858445827937206	408199
181	0.3546223416377169	0.8093115526593827	4.858445827937206	410388
182	0.35617335148256646	0.8106730457087594	4.858445827937206	412623
183	0.3577206338486171	0.8128809402194445	4.858445827937206	414829
184	0.3592641976939669	0.8150024715094735	4.858445827937206	417045
185	0.36080405195518517	0.8163233320686966	4.858445827937206	419233
186	0.36234020554736446	0.8174474147290722	4.858445827937206	421550
187	0.3638726673641719	0.8185646181170744	4.858445827937206	423744
188	0.36540144627790083	0.8200759499111846	4.858445827937206	425951
189	0.36692655113952244	0.8211770669292973	4.858445827937206	428141
190	0.36844799077873636	0.8232045378257905	4.858445827937206	430346
191	0.3699657740040224	0.8244668365977846	4.858445827937206	432527
192	0.3714799096026914	0.8255410818327599	4.858445827937206	434799
193	0.3729904063409356	0.8266087527953725	4.858445827937206	436982
194	0.37449727296388025	0.8283419431047898	4.858445827937206	439168
195	0.3760005181956336	0.8297718311255746	4.858445827937206	441426
196	0.3775001507393376	0.8317569992757137	4.858445827937206	443659
197	0.3789961792772184	0.8336645162907282	4.858445827937206	445894
198	0.38048861247063637	0.8346824726547489	4.858445827937206	448090
199	0.38197745896013646	0.8358628203242575	4.858445827937206	450259
200	0.383462727365498	0.8374579338293667	4.858445827937206	452450
201	0.38494442628578507	0.838452674861104	4.858445827937206	454622
202	0.3864225642993957	0.8400674752789855	4.858445827937206	456794
203	0.38789714996411195	0.8413996912283483	4.858445827937206	459118
204	0.3893681918171492	0.843557518558575	4.858445827937206	461299
205	0.3908356983752058	0.8448606629270999	4.858445827937206	463533
206	0.3922996781345123	0.8458101000042744	4.858445827937206	465726
207	0.3937601395708803	0.8475582848114821	4.858445827937206	467908
208	0.3952170911397521	0.8492866489292658	4.858445827937206	470087
209	0.39667054127624946	0.8502089994190355	4.858445827937206	472295
210	0.3981204983952221	0.851278489516597	4.858445827937206	474506
211	0.3995669708912969	0.852723790881839	4.858445827937206	476694
212	0.401009967138926	0.8536251064099359	4.858445827937206	479174
213	0.4024494954924358	0.8546702059060273	4.858445827937206	481703
214	0.403885564286075	0.8560825459846859	4.858445827937206	484250
215	0.4053181818340631	0.8577608836408412	4.858445827937206	486589
216	0.4067473564306381	0.8593735720349359	4.858445827937206	489113
217	0.4081730963501049	0.8602341915738597	4.858445827937206	491574
218	0.40959540984688314	0.8610895442081092	4.858445827937206	494032
219	0.4110143051555549	0.8637354576517643	4.858445827937206	496438
220	0.41242979049091255	0.8648705225609541	4.858445827937206	498752
221	0.4138418740480061	0.8658353311105278	4.858445827937206	501215
222	0.4152505640021906	0.8666564053364068	4.858445827937206	503417
223	0.4166558685091739	0.867608462893355	4.858445827937206	505628
224	0.4180577957050633	0.8691523875243363	4.858445827937206	507973
225	0.419456353706413	0.8706783072033528	4.858445827937206	510236
226	0.420851550610271	0.8714697429045792	4.858445827937206	512678
227	0.4222433944942261	0.8729270020553209	4.858445827937206	514949
228	0.42363189341645446	0.8738342882904231	4.858445827937206	517442
229	0.4250170554157664	0.8746064097060824	4.858445827937206	519849
230	0.42639888851165286	0.8753738058166453	4.858445827937206	522141
231	0.4277774007043319	0.8777476380868044	4.858445827937206	524540
232	0.42915259997479493	0.8786205055485515	4.858445827937206	527052
233	0.43052449428485307	0.8793633357978953	4.858445827937206	529318
234	0.43189309157718303	0.8803682226300661	4.858445827937206	531806
235	0.4332583997753733	0.8812223794269003	4.858445827937206	534367
236	0.4346204267839697	0.8834848102949593	4.858445827937206	536839
237	0.4359791804885218	0.8844553658110362	4.858445827937206	539189
238	0.43733466875562776	0.8851624873047681	4.858445827937206	541677
239	0.43868689943298045	0.8861190680019378	4.858445827937206	544139
240	0.44003588034941277	0.8868160078062592	4.858445827937206	546567
241	0.4413816193149427	0.8879159494213588	4.858445827937206	548909
242	0.44272412412081874	0.889005201613571	4.858445827937206	551355
243	0.4440634025395652	0.8896844785716261	4.858445827937206	553805
244	0.4453994623250269	0.8906033917030578	4.858445827937206	556064
245	0.4467323112124141	0.8912728878991478	4.858445827937206	558571
246	0.4480619569183474	0.8920491866706182	4.858445827937206	560771
247	0.44938840714090234	0.8927098347475008	4.858445827937206	563082
248	0.450711669559654	0.8932843641026935	4.858445827937206	565473
249	0.4520317518357214	0.8945288613143239	4.858445827937206	567637
250	0.453348661611812	0.8955538480848358	4.858445827937206	570075
251	0.45466240651226575	0.8975432985975056	4.858445827937206	572304
252	0.45597299414309944	0.8983967488382594	4.858445827937206	574748
253	0.4572804320920506	0.8990185504756423	4.858445827937206	577062
254	0.45858472792862137	0.9001961767091624	4.858445827937206	579381
255	0.45988588920412254	0.9008069660296786	4.858445827937206	581803
256	0.461183923451717	0.9021565311177102	4.858445827937206	584252
257	0.4624788381864636	0.9031345582952091	4.858445827937206	586469
258	0.4637706409053606	0.9044524554612606	4.858445827937206	588933
259	0.46505933908738883	0.9050371967856059	4.858445827937206	591415
260	0.46634494019355544	0.9057152200131734	4.858445827937206	593839
261	0.46762745166693676	0.906156995846098	4.858445827937206	596236
262	0.46890688093272137	0.9067313055554096	4.858445827937206	598518
263	0.47018323539825324	0.9078189871232766	4.858445827937206	600934
264	0.4714565224530747	0.9085868422909295	4.858445827937206	603387
265	0.47272674946896887	0.9091462815853606	4.858445827937206	605806
266	0.4739939238000027	0.909702297167801	4.858445827937206	608211
267	0.4752580527825695	0.9102549099910225	4.858445827937206	610506
268	0.47651914373543125	0.910895679360992	4.858445827937206	612989
269	0.477777203959761	0.9114409888056969	4.858445827937206	615399
270	0.47903224073918504	0.912178673197153	4.858445827937206	617606
271	0.4802842613398256	0.9128057071244655	4.858445827937206	620231
272	0.4815332730103422	0.9135320235998968	4.858445827937206	622760
273	0.48277928298197414	0.9142522899589148	4.858445827937206	625217
274	0.48402229846858214	0.9149665565981575	4.858445827937206	627664
275	0.48526232666669	0.9159582002529895	4.858445827937206	630021
276	0.4864993747555266	0.9164725275810403	4.858445827937206	632235
277	0.48773344989706724	0.9171682999460462	4.858445827937206	634434
278	0.48896455923607496	0.9176752215861693	4.858445827937206	636870
279	0.4901927099001423	0.9181790409170429	4.858445827937206	639252
280	0.49141790899973226	0.9186797769244865	4.858445827937206	641543
281	0.4926401636282195	0.9191774484781281	4.858445827937206	643893
282	0.49385948086193154	0.9196720743321153	4.858445827937206	646375
283	0.49507586776018964	0.9201022232766093	4.858445827937206	648756
284	0.4962893313653497	0.9206726839898125	4.858445827937206	651080
285	0.49749987870284296	0.9212390716807284	4.858445827937206	653286
286	0.4987075167812167	0.9218951393885106	4.858445827937206	655709
287	0.499912252592175	0.9223731332485543	4.858445827937206	658351
288	0.5011140931106188	0.9231275245678103	4.858445827937206	660569
289	0.5023130452946867	0.9235979763550008	4.858445827937206	662758
290	0.5035091160857952	0.9240655490247592	4.858445827937206	665220
291	0.5047023124086787	0.9246077120590324	4.858445827937206	667457
292	0.5058926411714294	0.9250691052482435	4.858445827937206	669940
293	0.5070801092655379	0.925604103009308	4.858445827937206	672830
294	0.5082647235659328	0.9263477521254164	4.858445827937206	675052
295	0.5094464909310201	0.9267984964451277	4.858445827937206	677384
296	0.5106254182027237	0.927408254908725	4.858445827937206	679709
297	0.5118015122065243	0.9279265514167844	4.858445827937206	682139
298	0.5129747797514992	0.928626973657632	4.858445827937206	684537
299	0.5141452276303617	0.9293205890739815	4.858445827937206	686979
300	0.5153128626195008	0.9297531399317596	4.858445827937206	689165
301	0.5164776914790197	0.9302546942370008	4.858445827937206	691512
302	0.5176397209527754	0.9308356630480212	4.858445827937206	693975
303	0.5187989577684178	0.9317505352299257	4.858445827937206	696177
304	0.5199554086374283	0.9326790993764573	4.858445827937206	698600
305	0.521109080255159	0.9331597626759649	4.858445827937206	700806
306	0.5222599793008715	0.9335688181789723	4.858445827937206	703271
307	0.5234081124377751	0.9343435258386927	4.858445827937206	705729
308	0.5245534863130658	0.9352368112014315	4.858445827937206	708220
309	0.5256961075579647	0.9356992127398279	4.858445827937206	710653
310	0.5268359827877562	0.9361583127857148	4.858445827937206	713128
311	0.5279731186018268	0.9370269071695827	4.858445827937206	715409
312	0.5291075215837026	0.9375514643776661	4.858445827937206	717784
313	0.5302391983010879	0.9379973395650689	4.858445827937206	720096
314	0.5313681553059033	0.9385138132046769	4.858445827937206	722437
315	0.5324943991343231	0.9390259846898524	4.858445827937206	724902
316	0.5336179363068136	0.93973705192379	4.858445827937206	727355
317	0.534738773328171	0.9401058550807643	4.858445827937206	729761
318	0.5358569166875584	0.9414368360789696	4.858445827937206	731946
319	0.536972372858544	0.9417952367285555	4.858445827937206	734397
320	0.5380851482991382	0.9421514440023567	4.858445827937206	736857
321	0.5391952494518312	0.9427136262763863	4.858445827937206	739055
322	0.5403026827436301	0.9432862514198127	4.858445827937206	741526
323	0.5414074545860965	0.9435519863933767	4.858445827937206	743999
324	0.5425095713753831	0.9439550185604972	4.858445827937206	746409
325	0.5436090394922712	0.9448199102493784	4.858445827937206	748802
326	0.5447058653022072	0.9452795528128988	4.858445827937206	751156
327	0.5458000551553399	0.9459176921386959	4.858445827937206	753467
328	0.5468916153865568	0.9465483896064661	4.858445827937206	755756
329	0.5479805523155213	0.9469300278076457	4.858445827937206	758044
330	0.5490668722467089	0.9473089411570288	4.858445827937206	760531
331	0.5501505814694436	0.9476314051164925	4.858445827937206	762909
332	0.5512316862579348	0.9483439030060641	4.858445827937206	765314
333	0.5523101928713134	0.9490467070467978	4.858445827937206	767826
334	0.5533861075536677	0.9493585360544928	4.858445827937206	770152
335	0.5544594365340798	0.9497201101410914	4.858445827937206	772366
336	0.5555301860266624	0.9500278179898484	4.858445827937206	774655
337	0.556598362230593	0.9503846134822752	4.858445827937206	777019
338	0.5576639713301517	0.9509632185728609	4.858445827937206	779219
339	0.558727019494756	0.9512633187235425	4.858445827937206	781748
340	0.5597875128789963	0.9517369502228278	4.858445827937206	783975
341	0.5608454576226725	0.9520815427124607	4.858445827937206	786305
342	0.5619008598508284	0.9523747988323344	4.858445827937206	788546
343	0.5629537256737882	0.9526662602543672	4.858445827937206	790980
344	0.5640040611871913	0.9530605438007698	4.858445827937206	793390
345	0.5650518724720273	0.9534197743329067	4.858445827937206	795741
346	0.5660971655946722	0.9538077812106001	4.858445827937206	798469
347	0.5671399466069225	0.9540904729251779	4.858445827937206	800692
348	0.568180221546031	0.9543714345950083	4.858445827937206	802859
349	0.569217996434741	0.9547515142735172	4.858445827937206	805403
350	0.5702532772813219	0.9552791934073537	4.858445827937206	807732
351	0.5712860700796036	0.9558007188486674	4.858445827937206	809930
352	0.5723163808090113	0.956168892785788	4.858445827937206	812330
353	0.5733442154346	0.9564371347359468	4.858445827937206	814891
354	0.5743695799070891	0.9568000074161972	4.858445827937206	817347
355	0.5753924801628971	0.9571084502739383	4.858445827937206	819542
356	0.5764129221241756	0.9575252777737057	4.858445827937206	821722
357	0.5774309116988436	0.9577852187847039	4.858445827937206	824189
358	0.5784464547806221	0.9585893098554715	4.858445827937206	826379
359	0.5794595572490676	0.958934255212777	4.858445827937206	828844
360	0.580470224969607	0.9591855734241244	4.858445827937206	831025
361	0.5814784637935708	0.9594353535933959	4.858445827937206	833597
362	0.582484279558227	0.9596836051332539	4.858445827937206	835825
363	0.5834876780868156	0.959930337398756	4.858445827937206	838064
364	0.5844886651885814	0.9601449069015888	4.858445827937206	840382
365	0.5854872466588084	0.9606871530661931	4.858445827937206	842819
366	0.5864834282788529	0.9609277437196823	4.858445827937206	845248
367	0.5874772158161772	0.9612532102442997	4.858445827937206	847450
368	0.5884686150243825	0.9615298577584713	4.858445827937206	849745
369	0.5894576316432434	0.9619143989553879	4.858445827937206	851997
370	0.5904442713987395	0.9621863256600558	4.858445827937206	854430
371	0.5914285400030896	0.9624177415286544	4.858445827937206	856813
372	0.5924104431547851	0.9626477411555052	4.858445827937206	859201
373	0.5933899865386218	0.9629144318832579	4.858445827937206	861593
374	0.5943671758257337	0.9632233495685285	4.858445827937206	863980
375	0.5953420166736256	0.9634484189555242	4.858445827937206	866241
376	0.596314514726206	0.9636767711902877	4.858445827937206	868702
377	0.5972846756138193	0.9639793386939088	4.858445827937206	871233
378	0.5982525049532789	0.9649398896620713	4.858445827937206	873416
379	0.5992180083478995	0.9651902147195206	4.858445827937206	875870
380	0.6001811913875297	0.9654387524855501	4.858445827937206	878307
381	0.6011420596485841	0.9658417991037944	4.858445827937206	880746
382	0.6021006186940759	0.9661832388461972	4.858445827937206	883152
383	0.6030568740736487	0.9663901940096983	4.858445827937206	885390
384	0.604010831323609	0.9665958826284967	4.858445827937206	887712
385	0.6049624959669582	0.9668003124537181	4.858445827937206	890080
386	0.6059118735134243	0.9669780938471355	4.858445827937206	892554
387	0.6068589694594942	0.9673524918760795	4.858445827937206	894965
388	0.6078037892884451	0.9675273163974786	4.858445827937206	897431
389	0.6087463384703768	0.967906006585263	4.858445827937206	899917
390	0.6096866224622426	0.9681351539173133	4.858445827937206	902135
391	0.6106246467078815	0.9683301635576802	4.858445827937206	904496
392	0.6115604166380499	0.9685562824589166	4.858445827937206	907066
393	0.612493937670452	0.9687807868978366	4.858445827937206	909306
394	0.6134252152097724	0.9692763299629503	4.858445827937206	911588
395	0.6143542546477068	0.9695322539116138	4.858445827937206	913953
396	0.6152810613629928	0.969836804476429	4.858445827937206	916398
397	0.616205640721442	0.9700214001872041	4.858445827937206	918659
398	0.6171279980759704	0.970271117803304	4.858445827937206	920887
399	0.6180481387666295	0.9706755923910141	4.858445827937206	923371
400	0.6189660681206373	0.9708849652066908	4.858445827937206	925560
401	0.6198817914524092	0.9712244991401404	4.858445827937206	927787
402	0.6207953140635885	0.9715121343007554	4.858445827937206	930389
403	0.6217066412430774	0.971715534305748	4.858445827937206	932904
404	0.6226157782670674	0.9718886323796786	4.858445827937206	935406
405	0.6235227303990702	0.9721227962082527	4.858445827937206	937966
406	0.6244275028899477	0.9722720761714381	4.858445827937206	940231
407	0.6253301009779426	0.9724417682653493	4.858445827937206	942620
408	0.6262305298887088	0.9726104218607811	4.858445827937206	945007
409	0.6271287948353417	0.9727780433132391	4.858445827937206	947315
410	0.6280249010184079	0.9729446389393342	4.858445827937206	949690
411	0.6289188536259762	0.9731700063784069	4.858445827937206	951880
412	0.629810657833647	0.9733615693720756	4.858445827937206	954382
413	0.6307003188045821	0.9735245938776143	4.858445827937206	956874
414	0.6315878416895351	0.9737451303717616	4.858445827937206	959105
415	0.6324732316268808	0.9740075697183161	4.858445827937206	961550
416	0.6333564937426458	0.9741666407669678	4.858445827937206	963946
417	0.6342376331505366	0.9743510879085138	4.858445827937206	966552
418	0.6351166549519708	0.9745342181191985	4.858445827937206	969024
419	0.6359935642361056	0.9746900661328168	4.858445827937206	971359
420	0.6368683660798682	0.9750918111148356	4.858445827937206	973838
421	0.6377410655479837	0.9752696526490904	4.858445827937206	976078
422	0.6386116676930063	0.9754209998776486	4.858445827937206	978489
423	0.6394801775553467	0.975571420876451	4.858445827937206	980885
424	0.6403466001633031	0.9757749075830194	4.858445827937206	983355
425	0.641210940533089	0.9760103312216685	4.858445827937206	985568
426	0.6420732036688623	0.9762900941228735	4.858445827937206	987817
427	0.642933394562755	0.9765665944829566	4.858445827937206	990267
428	0.6437915181949017	0.9767100045584547	4.858445827937206	992606
429	0.6446475795334683	0.976852536978772	4.858445827937206	994989
430	0.6455015835346811	0.9769941971150696	4.858445827937206	997447
431	0.6463535351428551	0.9774202305018276	4.858445827937206	999872
432	0.6472034392904229	0.9775411431724312	4.858445827937206	1002353
433	0.6480513008979631	0.977678589108358	4.858445827937206	1004558
434	0.6488971248742291	0.977815193889036	4.858445827937206	1007005
435	0.6497409161161771	0.9781673336685751	4.858445827937206	1009460
436	0.6505826795089948	0.9783009473818971	4.858445827937206	1011930
437	0.6514224199261295	0.9784558760612672	4.858445827937206	1014420
438	0.652260142229316	0.9786096985681184	4.858445827937206	1016806
439	0.6530958512686056	0.9787406050529245	4.858445827937206	1019023
440	0.6539295518823933	0.9788923946283187	4.858445827937206	1021364
441	0.6547612488974466	0.9790431004440264	4.858445827937206	1023620
442	0.6555909471289323	0.9791713545531162	4.858445827937206	1025894
443	0.6564186513804459	0.9793200686278247	4.858445827937206	1028338
444	0.6572443664440382	0.9795612340082582	4.858445827937206	1030603
445	0.6580680971002433	0.979939729674772	4.858445827937206	1032816
446	0.6588898481181069	0.9801402488283769	4.858445827937206	1035016
447	0.6597096242552133	0.9802820451121037	4.858445827937206	1037497
448	0.6605274302577127	0.9804027170049313	4.858445827937206	1039946
449	0.6613432708603496	0.9805659596787761	4.858445827937206	1042424
450	0.6621571507864894	0.98099782724147	4.858445827937206	1044653
451	0.662969074748146	0.9811141186199445	4.858445827937206	1047082
452	0.6637790474460092	0.9812296983069256	4.858445827937206	1049310
453	0.664587073569472	0.9813637160497214	4.858445827937206	1051599
454	0.6653931577966572	0.9814777682256361	4.858445827937206	1053942
455	0.666197304794445	0.9817227712914347	4.858445827937206	1056191
456	0.6669995192185001	0.9819714410697825	4.858445827937206	1058450
457	0.6677998057132982	0.9822576086718494	4.858445827937206	1060788
458	0.6685981689121532	0.9824349586892903	4.858445827937206	1063142
459	0.6693946134372437	0.9826397988211937	4.858445827937206	1065498
460	0.6701891438996405	0.9828759920345107	4.858445827937206	1067926
461	0.6709817648993324	0.9830186326672928	4.858445827937206	1070115
462	0.6717724810252532	0.9831225569206188	4.858445827937206	1072592
463	0.6725612968553089	0.9833139111505438	4.858445827937206	1075086
464	0.6733482169564027	0.983416028329369	4.858445827937206	1077625
465	0.6741332458844631	0.9835175205613714	4.858445827937206	1080075
466	0.6749163881844692	0.9837417719823052	4.858445827937206	1082259
467	0.6756976483904773	0.9839629723634983	4.858445827937206	1084662
468	0.6764770310256473	0.9840611173532413	4.858445827937206	1087165
469	0.6772545406022688	0.984220439795358	4.858445827937206	1089609
470	0.6780301816217869	0.9844044579901644	4.858445827937206	1092058
471	0.678803958574829	0.9844999011324527	4.858445827937206	1094461
472	0.6795758759412301	0.9845947601723479	4.858445827937206	1096893
473	0.6803459381900592	0.9847047517698561	4.858445827937206	1099284
474	0.6811141497796445	0.9848321590853923	4.858445827937206	1101721
475	0.6818805151576002	0.9849249847401665	4.858445827937206	1104189
476	0.6826450387608515	0.9850172423113067	4.858445827937206	1106392
477	0.6834077250156605	0.9851089352754276	4.858445827937206	1108775
478	0.6841685783376521	0.9852329757979147	4.858445827937206	1111174
479	0.6849276031318388	0.985323348494882	4.858445827937206	1113385
480	0.6856848037926471	0.985465978733027	4.858445827937206	1115621
481	0.6864401847039425	0.9856637205189721	4.858445827937206	1117924
482	0.687193750239055	0.9857831397566317	4.858445827937206	1120133
483	0.6879455047608041	0.9859765664266095	4.858445827937206	1122360
484	0.6886954526215245	0.9860623884240157	4.858445827937206	1124708
485	0.6894435981630911	0.9861476851994639	4.858445827937206	1127117
486	0.6901899457169443	0.9862630730778524	4.858445827937206	1129343
487	0.6909344996041143	0.9863471416834839	4.858445827937206	1131781
488	0.6916772641352477	0.9864306957977381	4.858445827937206	1133990
489	0.6924182436106306	0.9865137385692503	4.858445827937206	1136468
490	0.6931574423202151	0.9865962731273862	4.858445827937206	1138908
491	0.6938948645436429	0.9867525848110319	4.858445827937206	1141088
492	0.6946305145502709	0.9869628612426028	4.858445827937206	1143547
493	0.6953643965991958	0.9870559448774506	4.858445827937206	1145739
494	0.6960965149392779	0.9871351611877315	4.858445827937206	1148240
495	0.6968268738091672	0.9872138927021926	4.858445827937206	1150657
496	0.6975554774373266	0.9873830211056027	4.858445827937206	1153124
497	0.6982823300420571	0.9874602357423949	4.858445827937206	1155329
498	0.6990074358315221	0.9876990883949208	4.858445827937206	1157766
499	0.6997307990037714	0.9878186307817534	4.858445827937206	1160139
