0	0.00240325927734375	0.008329862557267753	7.045098741927624	2714
1	0.004800742899533361	0.0154102705118776	6.269801368562494	4908
2	0.0071924647469656655	0.02244012518782068	5.639642696834397	7009
3	0.00957843866667929	0.031940221152953585	5.639642696834397	9162
4	0.011958678472434925	0.03885205392868074	5.639642696834397	11281
5	0.01433319794479504	0.04585750543065836	5.639642696834397	13450
6	0.01670201083120393	0.06403164818436013	5.639642696834397	15523
7	0.019065130846067313	0.0718281359129368	5.639642696834397	17608
8	0.021422571670831503	0.079559679970305	5.639642696834397	19680
9	0.023774346954062775	0.08722682132831994	5.639642696834397	21746
10	0.026120470311526423	0.09635075147747463	5.107954356012027	23856
11	0.02846095532626547	0.10538348032567979	5.107954356012027	25882
12	0.030795815548679273	0.11283551297602812	5.107954356012027	27913
13	0.03312506449660224	0.1217034628671465	5.107954356012027	29939
14	0.03544871565538188	0.12707854898547855	5.107954356012027	32013
15	0.03776678247795695	0.13242074011953364	5.107954356012027	34082
16	0.04007927838493508	0.13773023758329395	5.107954356012027	36141
17	0.042386216764671025	0.1463493439131569	5.107954356012027	38160
18	0.04468761097334362	0.16260935641004914	5.107954356012027	40177
19	0.04698347433503336	0.16773410259050758	5.107954356012027	42195
20	0.049273820141799596	0.1736763830503838	5.107954356012027	44209
21	0.05155866165375744	0.17873340014533334	5.107954356012027	46231
22	0.0538380120991544	0.183759468806311	5.107954356012027	48306
23	0.056111884674447055	0.19327830882023156	5.107954356012027	50306
24	0.05838029254437771	0.19821536410883944	5.107954356012027	52309
25	0.06064324884205019	0.21306322773645348	5.107954356012027	54311
26	0.06290076666900601	0.21868186358292374	5.107954356012027	56318
27	0.06515285909530044	0.22346345168159254	5.107954356012027	58328
28	0.06739953915957797	0.24417109297008333	5.107954356012027	60344
29	0.06964081986914772	0.2544544794602863	5.107954356012027	62341
30	0.07187671420005914	0.2645979559302144	5.107954356012027	64356
31	0.07410723509717665	0.2746034259175585	5.107954356012027	66363
32	0.07633239547425485	0.2806458796791781	5.107954356012027	68383
33	0.07855220821401321	0.28663800063145484	5.107954356012027	70448
34	0.08076668616821081	0.2910037040334842	5.107954356012027	72479
35	0.08297584215772047	0.29927188241210245	5.107954356012027	74487
36	0.0851796889726033	0.30427499862026264	5.107954356012027	76496
37	0.08737823937218236	0.309242393168104	5.107954356012027	78518
38	0.08957150608511699	0.31346975997036286	5.107954356012027	80550
39	0.09175950180947601	0.3176712557146645	5.107954356012027	82556
40	0.09394223921281164	0.321847038729271	5.107954356012027	84583
41	0.0961197309322328	0.3266889709808619	5.107954356012027	86603
42	0.09829198957447793	0.3332323240325542	5.107954356012027	88647
43	0.10045902771598825	0.33878640713099184	5.107954356012027	90705
44	0.10262085790298059	0.34283296755110326	5.107954356012027	92721
45	0.10477749265152003	0.3475250627432177	5.107954356012027	94728
46	0.10692894444759216	0.3564022727739222	5.107954356012027	96737
47	0.10907522574717565	0.3603410258751196	5.107954356012027	98741
48	0.11121634897631416	0.36490811559339087	5.107954356012027	100763
49	0.11335232653118832	0.37231443494507144	5.107954356012027	102775
50	0.11548317077818748	0.3761558072205651	5.107954356012027	104833
51	0.11760889405398145	0.38440771453246236	5.107954356012027	106839
52	0.11972950866559184	0.38817507715804034	5.107954356012027	108846
53	0.12184502689046317	0.3932714946744248	5.107954356012027	110887
54	0.1239554609765342	0.39760346472494357	5.107954356012027	112933
55	0.1260608231423087	0.4012900706918284	5.107954356012027	114945
56	0.12816112557692616	0.40495411500246326	5.107954356012027	116973
57	0.13025638044023236	0.4085957357319061	5.107954356012027	118989
58	0.1323465998628499	0.4122150701102095	5.107954356012027	120997
59	0.13443179594624832	0.4164117852638226	5.107954356012027	123009
60	0.13651198076281423	0.4205785363656457	5.107954356012027	125084
61	0.13858716635592117	0.42412453721407395	5.107954356012027	127098
62	0.14065736473999924	0.427648836895379	5.107954356012027	129114
63	0.14272258790060488	0.4311515682185124	5.107954356012027	131139
64	0.14478284779449002	0.4358899974711695	5.107954356012027	133155
65	0.14683815634967146	0.43934229372375777	5.107954356012027	135237
66	0.1488885254654998	0.44494653568570275	5.107954356012027	137239
67	0.15093396701272854	0.44834340683893215	5.107954356012027	139280
68	0.15297449283358266	0.45293863043877447	5.107954356012027	141313
69	0.15501011474182713	0.4562865907791436	5.107954356012027	143316
70	0.1570408445228355	0.4596140619403011	5.107954356012027	145311
71	0.1590666939336579	0.4659159387689856	5.107954356012027	147399
72	0.16108767470308916	0.47214432432270004	5.107954356012027	149408
73	0.16310379853173695	0.4781290825503338	5.107954356012027	151408
74	0.16511507709208928	0.483345618168323	5.107954356012027	153405
75	0.1671215220285821	0.48851001015664464	5.107954356012027	155405
76	0.1691231449576669	0.49164027724507897	5.107954356012027	157411
77	0.17111995746787756	0.49756867051335796	5.107954356012027	159406
78	0.17311197111989796	0.5011559710154343	5.107954356012027	161453
79	0.1750991974466285	0.5047176586145388	5.107954356012027	163583
80	0.1770816479532532	0.507748736531032	5.107954356012027	165588
81	0.179059334117306	0.5126691989730376	5.107954356012027	167640
82	0.18103226738873734	0.5156516142654702	5.107954356012027	169673
83	0.18300045918998054	0.5211430925617802	5.107954356012027	171767
84	0.18496392091601777	0.5251319047853388	5.107954356012027	173771
85	0.18692266393444623	0.5298786079445024	5.107954356012027	175797
86	0.18887669958554376	0.5332352192996913	5.107954356012027	177808
87	0.19082603918233454	0.5395857605337091	5.107954356012027	179836
88	0.1927706940106546	0.5434209478678722	5.107954356012027	181858
89	0.19471067532921726	0.5472241886186604	5.107954356012027	183860
90	0.19664599436967822	0.550456954571285	5.107954356012027	185860
91	0.19857666233670057	0.5542015863532818	5.107954356012027	187861
92	0.2005026904080197	0.5594004016727769	5.107954356012027	189907
93	0.20242408973450798	0.5625462308986511	5.107954356012027	191918
94	0.20434087144023938	0.5652234037921986	5.107954356012027	193927
95	0.20625304662255384	0.5695693589396319	5.107954356012027	195926
96	0.20816062635212151	0.5722035509987524	5.107954356012027	198059
97	0.21006362167300685	0.5748216220684673	5.107954356012027	200127
98	0.21196204360273252	0.5778573455974603	5.107954356012027	202289
99	0.21385590313234326	0.5804408160151419	5.107954356012027	204430
100	0.2157452112264695	0.5830084758547418	5.107954356012027	206539
101	0.21762997882339075	0.5864819579384174	5.107954356012027	208652
102	0.21951021683509908	0.5890126465994714	5.107954356012027	210746
103	0.22138593614736213	0.5915278477014644	5.107954356012027	212833
104	0.22325714761978632	0.5949303645885825	5.107954356012027	214911
105	0.22512386208587953	0.5988669013758654	5.107954356012027	216991
106	0.2269860903531139	0.6017309444433312	5.107954356012027	219106
107	0.22884384320298856	0.6041683108467923	5.107954356012027	221226
108	0.23069713139109171	0.6065907608139854	5.107954356012027	223303
109	0.23254596564716323	0.6089983856319943	5.107954356012027	225380
110	0.23439035667515662	0.6113912760292349	5.107954356012027	227493
111	0.23623031515330084	0.617735908257329	5.107954356012027	229595
112	0.23806585173416261	0.6221937985400423	5.107954356012027	231697
113	0.23989697704470747	0.6245059343427366	5.107954356012027	233785
114	0.2417237016863618	0.6271869177353034	5.107954356012027	235892
115	0.24354603623507398	0.6315345921640463	5.107954356012027	238002
116	0.24536399124137553	0.6351154027358241	5.107954356012027	240105
117	0.2471775772304423	0.6373484596256422	5.107954356012027	242362
118	0.24898680470215562	0.6399377489006421	5.107954356012027	244464
119	0.2507916841311627	0.6421412935188839	5.107954356012027	246558
120	0.25259222596693753	0.646314572894757	5.107954356012027	248652
121	0.25438844063384136	0.6484790919940759	5.107954356012027	250784
122	0.2561803385311828	0.6514072128437711	5.107954356012027	252986
123	0.25796793003327845	0.6535405655008484	5.107954356012027	255114
124	0.25975122548951257	0.6575809087603137	5.107954356012027	257322
125	0.2615302352243972	0.6630161324307848	5.107954356012027	259447
126	0.26330496953763205	0.6705046628212119	5.107954356012027	261540
127	0.2650754387041637	0.6749875925787465	5.107954356012027	263669
128	0.2668416529742458	0.6769766356929532	5.107954356012027	265871
129	0.26860362257349746	0.6789535060641512	5.107954356012027	268004
130	0.2703613577029633	0.6826974885007208	5.107954356012027	270015
131	0.2721148685391722	0.6853405748105856	5.107954356012027	272024
132	0.273864165234196	0.6889081419896039	5.107954356012027	274138
133	0.27560925791570867	0.692017764893498	5.107954356012027	276206
134	0.27735015668704466	0.6956093944574222	5.107954356012027	278239
135	0.27908687162725754	0.6985675150166308	5.107954356012027	280281
136	0.2808194127911783	0.700719707448237	5.107954356012027	282339
137	0.2825477902094734	0.7037112638919032	5.107954356012027	284494
138	0.28427201388870327	0.7058267305625149	5.107954356012027	286618
139	0.2859920938113798	0.7091620284019422	5.107954356012027	288794
140	0.28770803993602434	0.7109419274197885	5.107954356012027	290873
141	0.2894198621972255	0.7137510437713941	5.107954356012027	292996
142	0.29112757050569615	0.7161354582339396	5.107954356012027	295118
143	0.29283117474833154	0.7199975608430017	5.107954356012027	297210
144	0.29453068478826594	0.7217111474964628	5.107954356012027	299522
145	0.29622611046492986	0.7253922169740228	5.107954356012027	301618
146	0.29791746159410726	0.7285946400996901	5.107954356012027	303683
147	0.2996047479679923	0.730255613496219	5.107954356012027	305745
148	0.30128797935524576	0.7319064219032834	5.107954356012027	307835
149	0.30296716550105185	0.7335471275295924	5.107954356012027	309928
150	0.30464231612717463	0.7354495696487362	5.107954356012027	312042
151	0.3063134409320143	0.7376532383730283	5.107954356012027	314117
152	0.3079805495906631	0.7412225820686333	5.107954356012027	316200
153	0.30964365175496167	0.7442403945226435	5.107954356012027	318285
154	0.3113027570535547	0.745805617481986	5.107954356012027	320400
155	0.31295787509194684	0.747361261434871	5.107954356012027	322532
156	0.31460901545255804	0.7489073850038508	5.107954356012027	324643
157	0.3162561876947795	0.7504440464527132	5.107954356012027	326752
158	0.31789940135502837	0.75252281324611	5.107954356012027	328852
159	0.3195386659468036	0.7542897712047265	5.107954356012027	330960
160	0.3211739909607406	0.7566776257119692	5.107954356012027	333033
161	0.32280538586466645	0.7599881342056839	5.107954356012027	335116
162	0.32443286010365446	0.761273376540514	5.107954356012027	337201
163	0.326056423100079	0.7645213578120715	5.107954356012027	339288
164	0.3276760842536699	0.7664828625366691	5.107954356012027	341379
165	0.3292918529415674	0.7679119638377732	5.107954356012027	343483
166	0.3309037385183756	0.7693323191832228	5.107954356012027	345589
167	0.3325117503162174	0.7719475990110773	5.107954356012027	347698
168	0.3341158976447879	0.77384724416717	5.107954356012027	349809
169	0.3357161897914087	0.7754619482012	5.107954356012027	352024
170	0.33731263602108175	0.777644047829954	5.107954356012027	354062
171	0.33890524557654256	0.7790048438041011	5.107954356012027	356075
172	0.34049402767831405	0.7805827231843301	5.107954356012027	358098
173	0.34207899152475973	0.7821493366916711	5.107954356012027	360103
174	0.34366014629213726	0.783482560752921	5.107954356012027	362137
175	0.3452375011346511	0.7852861212631008	5.107954356012027	364211
176	0.3468110651845061	0.7868191530622576	5.107954356012027	366262
177	0.34838084755195975	0.7881237983188698	5.107954356012027	368272
178	0.34994685732537534	0.7910064677294975	5.107954356012027	370281
179	0.35150910357127463	0.7927473551286686	5.107954356012027	372297
180	0.3530675953343899	0.7944737411750771	4.877112537272065	374305
181	0.3546223416377169	0.7957315411253864	4.877112537272065	376390
182	0.35617335148256646	0.7971899938572811	4.877112537272065	378400
183	0.3577206338486171	0.7984311706154579	4.877112537272065	380408
184	0.3592641976939669	0.7996647514972068	4.877112537272065	382437
185	0.36080405195518517	0.8008907829885242	4.877112537272065	384463
186	0.36234020554736446	0.8025493354001151	4.877112537272065	386483
187	0.3638726673641719	0.8037577135292272	4.877112537272065	388492
188	0.36540144627790083	0.8049586965062092	4.877112537272065	390511
189	0.36692655113952244	0.8061523295886454	4.877112537272065	392527
190	0.36844799077873636	0.8073386577571481	4.877112537272065	394557
191	0.3699657740040224	0.8099599005087514	4.877112537272065	396558
192	0.3714799096026914	0.8111229267277054	4.877112537272065	398576
193	0.3729904063409356	0.8124714867796287	4.877112537272065	400588
194	0.37449727296388025	0.8145976603989072	4.877112537272065	402610
195	0.3760005181956336	0.8157323039956466	4.877112537272065	404628
196	0.3775001507393376	0.8170479536368985	4.877112537272065	406671
197	0.3789961792772184	0.8181676016864479	4.877112537272065	408699
198	0.38048861247063637	0.8199346803872599	4.877112537272065	410770
199	0.38197745896013646	0.8210366619605939	4.877112537272065	412805
200	0.383462727365498	0.822527401969252	4.877112537272065	414843
201	0.38494442628578507	0.8240057243185294	4.877112537272065	416868
202	0.3864225642993957	0.8250827915140913	4.877112537272065	418884
203	0.38789714996411195	0.8263316797760243	4.877112537272065	420963
204	0.3893681918171492	0.8286945140647859	4.877112537272065	423001
205	0.3908356983752058	0.8306922456791906	4.877112537272065	425153
206	0.3922996781345123	0.8317283920392191	4.877112537272065	427194
207	0.3937601395708803	0.8354677611050142	4.877112537272065	429194
208	0.3952170911397521	0.8373865044157429	4.877112537272065	431396
209	0.39667054127624946	0.8383816825882787	4.877112537272065	433461
210	0.3981204983952221	0.83937077037089	4.877112537272065	435474
211	0.3995669708912969	0.8405176441470246	4.877112537272065	437485
212	0.401009967138926	0.8414936600605821	4.877112537272065	439569
213	0.4024494954924358	0.8424637028553053	4.877112537272065	441593
214	0.403885564286075	0.8434278090860781	4.877112537272065	443619
215	0.4053181818340631	0.844992878882802	4.877112537272065	445642
216	0.4067473564306381	0.846099611466491	4.877112537272065	447683
217	0.4081730963501049	0.8471984421099147	4.877112537272065	449701
218	0.40959540984688314	0.8482894272319954	4.877112537272065	451717
219	0.4110143051555549	0.8491018239446223	4.877112537272065	453738
220	0.41242979049091255	0.8500253055446348	4.877112537272065	455781
221	0.4138418740480061	0.8540246307301113	4.877112537272065	457869
222	0.4152505640021906	0.8552405854928758	4.877112537272065	459873
223	0.4166558685091739	0.8562741506586314	4.877112537272065	461873
224	0.4180577957050633	0.8571537383434038	4.877112537272065	463889
225	0.419456353706413	0.8580279430403647	4.877112537272065	465951
226	0.420851550610271	0.8590416068016045	4.877112537272065	467950
227	0.4222433944942261	0.8600480331230067	4.877112537272065	469990
228	0.42363189341645446	0.8609045250281775	4.877112537272065	472088
229	0.4250170554157664	0.8627969804699709	4.877112537272065	474112
230	0.42639888851165286	0.8641303431476195	4.877112537272065	476099
231	0.4277774007043319	0.865927560830852	4.877112537272065	478095
232	0.42915259997479493	0.8674910878182474	4.877112537272065	480099
233	0.43052449428485307	0.8690363812547692	4.877112537272065	482100
234	0.43189309157718303	0.869837865377002	4.877112537272065	484104
235	0.4332583997753733	0.8709220980685721	4.877112537272065	486129
236	0.4346204267839697	0.8717120417943209	4.877112537272065	488158
237	0.4359791804885218	0.8727806628539267	4.877112537272065	490185
238	0.43733466875562776	0.8734619111637469	4.877112537272065	492183
239	0.43868689943298045	0.8747267650296653	4.877112537272065	494205
240	0.44003588034941277	0.8764311627843637	4.877112537272065	496342
241	0.4413816193149427	0.8787194745846533	4.877112537272065	498446
242	0.44272412412081874	0.8810295798306599	4.877112537272065	500479
243	0.4440634025395652	0.882020587079051	4.877112537272065	502617
244	0.4453994623250269	0.8827426091727626	4.877112537272065	504720
245	0.4467323112124141	0.8839146947120602	4.877112537272065	506890
246	0.4480619569183474	0.8848816693500272	4.877112537272065	509044
247	0.44938840714090234	0.8855861819091478	4.877112537272065	511201
248	0.450711669559654	0.8871428324954179	4.877112537272065	513304
249	0.4520317518357214	0.8876716301357456	4.877112537272065	515429
250	0.453348661611812	0.8886073100179968	4.877112537272065	517502
251	0.45466240651226575	0.8892890220324383	4.877112537272065	519584
252	0.45597299414309944	0.890580112154509	4.877112537272065	521602
253	0.4572804320920506	0.8914915647812935	4.877112537272065	523658
254	0.45858472792862137	0.8921556254478311	4.877112537272065	525766
255	0.45988588920412254	0.8928156221301451	4.877112537272065	527871
256	0.461183923451717	0.8934715796994087	4.877112537272065	529990
257	0.4624788381864636	0.8942321800704488	4.877112537272065	532160
258	0.4637706409053606	0.8947985574009456	4.877112537272065	534275
259	0.46505933908738883	0.8954423796065855	4.877112537272065	536312
260	0.46634494019355544	0.896487520335216	4.877112537272065	538467
261	0.46762745166693676	0.8973497650637856	4.877112537272065	540525
262	0.46890688093272137	0.8983758398819734	4.877112537272065	542608
263	0.47018323539825324	0.8989977694800574	4.877112537272065	544671
264	0.4714565224530747	0.8996158929318026	4.877112537272065	546786
265	0.47272674946896887	0.9003326236302129	4.877112537272065	548818
266	0.4739939238000027	0.9013288822861375	4.877112537272065	550824
267	0.4752580527825695	0.9020333824423619	4.877112537272065	552837
268	0.47651914373543125	0.9028494309018175	4.877112537272065	554835
269	0.477777203959761	0.9034439825745957	4.877112537272065	556862
270	0.47903224073918504	0.9052320569713624	4.877112537272065	558867
271	0.4802842613398256	0.9058120272131888	4.877112537272065	560916
272	0.4815332730103422	0.9064845182427845	4.877112537272065	562999
273	0.48277928298197414	0.9070568235481011	4.877112537272065	565001
274	0.48402229846858214	0.9078310274335814	4.877112537272065	567050
275	0.48526232666669	0.9083950922386186	4.877112537272065	569140
276	0.4864993747555266	0.9093107597880867	4.877112537272065	571193
277	0.48773344989706724	0.9099582702792768	4.877112537272065	573257
278	0.48896455923607496	0.9111833278264975	4.877112537272065	575300
279	0.4901927099001423	0.9118174684024968	4.877112537272065	577341
280	0.49141790899973226	0.9125520167706559	4.877112537272065	579351
281	0.4926401636282195	0.9137417852499667	4.877112537272065	581356
282	0.49385948086193154	0.9143576587413693	4.877112537272065	583360
283	0.49507586776018964	0.9148817812218513	4.877112537272065	585364
284	0.4962893313653497	0.9158744135108092	4.877112537272065	587366
285	0.49749987870284296	0.9163892536052615	4.877112537272065	589395
286	0.4987075167812167	0.9169009429303234	4.877112537272065	591411
287	0.499912252592175	0.917870028143964	4.877112537272065	593505
288	0.5011140931106188	0.9183726552783752	4.877112537272065	595576
289	0.5023130452946867	0.9188722063854783	4.877112537272065	597613
290	0.5035091160857952	0.9196606203175922	4.877112537272065	599755
291	0.5047023124086787	0.9201522892087118	4.877112537272065	601780
292	0.5058926411714294	0.9206409491358657	4.877112537272065	603816
293	0.5070801092655379	0.9213019991222392	4.877112537272065	605841
294	0.5082647235659328	0.9217836229408181	4.877112537272065	607869
295	0.5094464909310201	0.9226957672797006	4.877112537272065	609877
296	0.5106254182027237	0.9234470231856317	4.877112537272065	611894
297	0.5118015122065243	0.9239155196735435	4.877112537272065	613908
298	0.5129747797514992	0.9243811490102574	4.877112537272065	615926
299	0.5141452276303617	0.925137022572837	4.877112537272065	617941
300	0.5153128626195008	0.9255951764351525	4.877112537272065	619942
301	0.5164776914790197	0.9260505264420943	4.877112537272065	621972
302	0.5176397209527754	0.926578516971454	4.877112537272065	623991
303	0.5187989577684178	0.9270278490336097	4.877112537272065	625995
304	0.5199554086374283	0.9274744312289177	4.877112537272065	628056
305	0.521109080255159	0.928296716589134	4.877112537272065	630125
306	0.5222599793008715	0.9286806813363809	4.877112537272065	632243
307	0.5234081124377751	0.9291898928696489	4.877112537272065	634250
308	0.5245534863130658	0.929623243575	4.877112537272065	636262
309	0.5256961075579647	0.9300001048874442	4.877112537272065	638271
310	0.5268359827877562	0.9308164301948793	4.877112537272065	640273
311	0.5279731186018268	0.9313927198225771	4.877112537272065	642308
312	0.5291075215837026	0.931812589449414	4.877112537272065	644329
313	0.5302391983010879	0.9322994395277189	4.877112537272065	646349
314	0.5313681553059033	0.9327137601215195	4.877112537272065	648367
315	0.5324943991343231	0.9331255451151234	4.877112537272065	650358
316	0.5336179363068136	0.9335348100261478	4.877112537272065	652360
317	0.534738773328171	0.9338907252458567	4.877112537272065	654383
318	0.5358569166875584	0.9342953073317476	4.877112537272065	656411
319	0.536972372858544	0.9348426183910417	4.877112537272065	658433
320	0.5380851482991382	0.9352413749870047	4.877112537272065	660462
321	0.5391952494518312	0.9362692896697506	4.877112537272065	662519
322	0.5403026827436301	0.9369063313390242	4.877112537272065	664536
323	0.5414074545860965	0.9373568127003211	4.877112537272065	666561
324	0.5425095713753831	0.9383511490066653	4.877112537272065	668587
325	0.5436090394922712	0.9390700860444884	4.877112537272065	670586
326	0.5447058653022072	0.939679131415139	4.877112537272065	672621
327	0.5458000551553399	0.9401098153105507	4.877112537272065	674627
328	0.5468916153865568	0.9404763371932391	4.877112537272065	676629
329	0.5479805523155213	0.9408406159990161	4.877112537272065	678630
330	0.5490668722467089	0.9412026654552861	4.877112537272065	680626
331	0.5501505814694436	0.9415624992054429	4.877112537272065	682621
332	0.5512316862579348	0.9421466308252135	4.877112537272065	684662
333	0.5523101928713134	0.9426285414389144	4.877112537272065	686664
334	0.5533861075536677	0.9431064378034383	4.877112537272065	688650
335	0.5544594365340798	0.9435803533569289	4.877112537272065	690652
336	0.5555301860266624	0.9439256358972227	4.877112537272065	692666
337	0.556598362230593	0.9443927276431849	4.877112537272065	694753
338	0.5576639713301517	0.944733038534879	4.877112537272065	696772
339	0.558727019494756	0.9456102918914682	4.877112537272065	698832
340	0.5597875128789963	0.9459431514129103	4.877112537272065	700871
341	0.5608454576226725	0.9469728056717119	4.877112537272065	702864
342	0.5619008598508284	0.9475028567603746	4.877112537272065	704872
343	0.5629537256737882	0.947824133975927	4.877112537272065	706874
344	0.5640040611871913	0.9493148730051862	4.877112537272065	708873
345	0.5650518724720273	0.9497370731467507	4.877112537272065	710873
346	0.5660971655946722	0.9500959445231052	4.877112537272065	712862
347	0.5671399466069225	0.9504013523033954	4.877112537272065	714901
348	0.568180221546031	0.9507048910189099	4.877112537272065	716916
349	0.569217996434741	0.9510065721081361	4.877112537272065	718978
350	0.5702532772813219	0.9514146806286847	4.877112537272065	720996
351	0.5712860700796036	0.9518193896613488	4.877112537272065	723018
352	0.5723163808090113	0.9523812626682135	4.877112537272065	725045
353	0.5733442154346	0.9527212548428916	4.877112537272065	727075
354	0.5743695799070891	0.9530105959891242	4.877112537272065	729130
355	0.5753924801628971	0.953298166396759	4.877112537272065	731277
356	0.5764129221241756	0.9536871862518465	4.877112537272065	733271
357	0.5774309116988436	0.9541501214996414	4.877112537272065	735288
358	0.5784464547806221	0.9544307181262193	4.877112537272065	737292
359	0.5794595572490676	0.954962138322998	4.877112537272065	739296
360	0.580470224969607	0.955237765488613	4.877112537272065	741298
361	0.5814784637935708	0.9555117058438068	4.877112537272065	743301
362	0.582484279558227	0.9561169887574965	4.877112537272065	745317
363	0.5834876780868156	0.9564303082879958	4.877112537272065	747318
364	0.5844886651885814	0.9570230932092475	4.877112537272065	749330
365	0.5854872466588084	0.9572861075390705	4.877112537272065	751342
366	0.5864834282788529	0.9575148366591683	4.877112537272065	753349
367	0.5874772158161772	0.9580102904590614	4.877112537272065	755367
368	0.5884686150243825	0.9584300126702161	4.877112537272065	757399
369	0.5894576316432434	0.959538545665677	4.877112537272065	759426
370	0.5904442713987395	0.9599429916898435	4.877112537272065	761528
371	0.5914285400030896	0.9607059823243227	4.877112537272065	763560
372	0.5924104431547851	0.9609464577446534	4.877112537272065	765559
373	0.5933899865386218	0.9613368305118871	4.877112537272065	767599
374	0.5943671758257337	0.961573445205012	4.877112537272065	769608
375	0.5953420166736256	0.9618478062792905	4.877112537272065	771615
376	0.596314514726206	0.9620812938523162	4.877112537272065	773621
377	0.5972846756138193	0.9623133525049723	4.877112537272065	775629
378	0.5982525049532789	0.962543990982107	4.877112537272065	777654
379	0.5992180083478995	0.9627445646009332	4.877112537272065	779668
380	0.6001811913875297	0.9630105640206921	4.877112537272065	781718
381	0.6011420596485841	0.9633186809384705	4.877112537272065	783748
382	0.6021006186940759	0.9636853413539127	4.877112537272065	785759
383	0.6030568740736487	0.963907583397833	4.877112537272065	787771
384	0.604010831323609	0.9641284653428862	4.877112537272065	789784
385	0.6049624959669582	0.9643845838743822	4.877112537272065	791792
386	0.6059118735134243	0.9651760375660626	4.877112537272065	793809
387	0.6068589694594942	0.9653891566996926	4.877112537272065	795842
388	0.6078037892884451	0.9656362740434207	4.877112537272065	797874
389	0.6087463384703768	0.9658816269984268	4.877112537272065	799881
390	0.6096866224622426	0.96609042799598	4.877112537272065	801888
391	0.6106246467078815	0.9663728900701493	4.877112537272065	803889
392	0.6115604166380499	0.9665786845873104	4.877112537272065	805899
393	0.612493937670452	0.9668173088420569	4.877112537272065	807886
394	0.6134252152097724	0.9670203835612106	4.877112537272065	810021
395	0.6143542546477068	0.9672558541373191	4.877112537272065	812033
396	0.6152810613629928	0.9678795521537511	4.877112537272065	814031
397	0.616205640721442	0.9680761260511008	4.877112537272065	816042
398	0.6171279980759704	0.9685104644721743	4.877112537272065	818106
399	0.6180481387666295	0.9687031772498437	4.877112537272065	820108
400	0.6189660681206373	0.9689638754818317	4.877112537272065	822112
401	0.6198817914524092	0.9691854697545859	4.877112537272065	824113
402	0.6207953140635885	0.9696745892822909	4.877112537272065	826141
403	0.6217066412430774	0.9698601777336738	4.877112537272065	828136
404	0.6226157782670674	0.9700446304024747	4.877112537272065	830178
405	0.6235227303990702	0.9702941545140742	4.877112537272065	832214
406	0.6244275028899477	0.9704759512888013	4.877112537272065	834238
407	0.6253301009779426	0.9707218825566997	4.877112537272065	836275
408	0.6262305298887088	0.9715026323551876	4.877112537272065	838402
409	0.6271287948353417	0.9717061002029521	4.877112537272065	840428
410	0.6280249010184079	0.9718792560126392	4.877112537272065	842492
411	0.6289188536259762	0.972051352126256	4.877112537272065	844560
412	0.629810657833647	0.9724210432356971	4.877112537272065	846562
413	0.6307003188045821	0.9727426637227443	4.877112537272065	848572
414	0.6315878416895351	0.9729372778926302	4.877112537272065	850589
415	0.6324732316268808	0.97316270664821	4.877112537272065	852619
416	0.6333564937426458	0.9733269481735378	4.877112537272065	854722
417	0.6342376331505366	0.9738350063035657	4.877112537272065	856831
418	0.6351166549519708	0.9739951334228903	4.877112537272065	858828
419	0.6359935642361056	0.9741542805804142	4.877112537272065	860848
420	0.6368683660798682	0.9744556883870567	4.877112537272065	862895
421	0.6377410655479837	0.9746380717626473	4.877112537272065	864904
422	0.6386116676930063	0.9750406420521291	4.877112537272065	866914
423	0.6394801775553467	0.9751933908024157	4.877112537272065	868929
424	0.6403466001633031	0.9753452047457748	4.877112537272065	871053
425	0.641210940533089	0.9757365507021911	4.877112537272065	873052
426	0.6420732036688623	0.9759097888717476	4.877112537272065	875055
427	0.642933394562755	0.9761104570194216	4.877112537272065	877058
428	0.6437915181949017	0.9763890522728395	4.877112537272065	879058
429	0.6446475795334683	0.9766250634121363	4.877112537272065	881081
430	0.6455015835346811	0.9770703002995241	4.877112537272065	883076
431	0.6463535351428551	0.9772995017959054	4.877112537272065	885075
432	0.6472034392904229	0.9774615806787811	4.877112537272065	887174
433	0.6480513008979631	0.977599513529135	4.877112537272065	889214
434	0.6488971248742291	0.9777366022443729	4.877112537272065	891223
435	0.6497409161161771	0.9780395056151977	4.877112537272065	893256
436	0.6505826795089948	0.978196300957982	4.877112537272065	895296
437	0.6514224199261295	0.978329737394418	4.877112537272065	897318
438	0.652260142229316	0.9784844605164903	4.877112537272065	899332
439	0.6530958512686056	0.9786636820032334	4.877112537272065	901342
440	0.6539295518823933	0.9788160208001402	4.877112537272065	903422
441	0.6547612488974466	0.9789456646137205	4.877112537272065	905448
442	0.6555909471289323	0.9790584087194362	4.877112537272065	907555
443	0.6564186513804459	0.9791865691434263	4.877112537272065	909610
444	0.6572443664440382	0.9793139452385629	4.877112537272065	911666
445	0.6580680971002433	0.9794405418048595	4.877112537272065	913702
446	0.6588898481181069	0.979566363612954	4.877112537272065	915721
447	0.6597096242552133	0.979955575734612	4.877112537272065	917823
448	0.6605274302577127	0.9801559364936163	4.877112537272065	919844
449	0.6613432708603496	0.9802976207692613	4.877112537272065	921848
450	0.6621571507864894	0.9804181973406401	4.877112537272065	923845
451	0.662969074748146	0.9806465565553264	4.877112537272065	925846
452	0.6637790474460092	0.9809537540703213	4.877112537272065	927840
453	0.664587073569472	0.9810703151721527	4.877112537272065	929844
454	0.6653931577966572	0.981227996845021	4.877112537272065	931853
455	0.666197304794445	0.981342879608764	4.877112537272065	933840
456	0.6669995192185001	0.9814760892503983	4.877112537272065	935849
457	0.6677998057132982	0.9817281152469914	4.877112537272065	937842
458	0.6685981689121532	0.9818259595754124	4.877112537272065	939853
459	0.6693946134372437	0.9819371828676265	4.877112537272065	941862
460	0.6701891438996405	0.9821478279653802	4.877112537272065	943872
461	0.6709817648993324	0.9823560165605362	4.877112537272065	945873
462	0.6717724810252532	0.9825029885175496	4.877112537272065	947888
463	0.6725612968553089	0.9826100684610031	4.877112537272065	949909
464	0.6733482169564027	0.9828466661690166	4.877112537272065	951992
465	0.6741332458844631	0.982969138951769	4.877112537272065	954080
466	0.6749163881844692	0.9831110036835327	4.877112537272065	956086
467	0.6756976483904773	0.9832798233051883	4.877112537272065	958125
468	0.6764770310256473	0.9834748107885097	4.877112537272065	960180
469	0.6772545406022688	0.9838525293990581	4.877112537272065	962253
470	0.6780301816217869	0.9839513502885912	4.877112537272065	964310
471	0.678803958574829	0.9840850333349169	4.877112537272065	966335
472	0.6795758759412301	0.9841824313238404	4.877112537272065	968386
473	0.6803459381900592	0.9843405411315155	4.877112537272065	970401
474	0.6811141497796445	0.9844363754385246	4.877112537272065	972409
475	0.6818805151576002	0.9845474978843731	4.877112537272065	974454
476	0.6826450387608515	0.9846420656369529	4.877112537272065	976491
477	0.6834077250156605	0.984736054644436	4.877112537272065	978525
478	0.6841685783376521	0.9849091152493744	4.877112537272065	980533
479	0.6849276031318388	0.9850168623886661	4.877112537272065	982562
480	0.6856848037926471	0.9851085576778752	4.877112537272065	984585
481	0.6864401847039425	0.985232601345698	4.877112537272065	986613
482	0.687193750239055	0.985322976334275	4.877112537272065	988637
483	0.6879455047608041	0.9854893824982854	4.877112537272065	990648
484	0.6886954526215245	0.985578186012138	4.877112537272065	992675
485	0.6894435981630911	0.9856664460574529	4.877112537272065	994702
486	0.6901899457169443	0.9857541659602029	4.877112537272065	996699
487	0.6909344996041143	0.985841349026006	4.877112537272065	998732
488	0.6916772641352477	0.9859279985402498	4.877112537272065	1000737
489	0.6924182436106306	0.9860647526846594	4.877112537272065	1002735
490	0.6931574423202151	0.9861808313794977	4.877112537272065	1004770
491	0.6938948645436429	0.986341987864868	4.877112537272065	1006795
492	0.6946305145502709	0.9864557572287591	4.877112537272065	1008826
493	0.6953643965991958	0.9866137075817766	4.877112537272065	1010903
494	0.6960965149392779	0.9866956303396506	4.877112537272065	1012907
495	0.6968268738091672	0.9867770517385188	4.877112537272065	1014916
496	0.6975554774373266	0.9869092261484628	4.877112537272065	1016945
497	0.6982823300420571	0.987061888234195	4.877112537272065	1018964
498	0.6990074358315221	0.9871410681717327	4.877112537272065	1021090
499	0.6997307990037714	0.9872910265604006	4.877112537272065	1023100
