0	0.00240325927734375	0.0061198990216660976	6.776507480159616	2858
1	0.004800742899533361	0.01321608585556866	6.602395756678384	5169
2	0.0071924647469656655	0.024404112093033836	5.435249358069061	7454
3	0.00957843866667929	0.03415600768227467	5.107954356012027	9746
4	0.011958678472434925	0.04105202000321995	5.107954356012027	12324
5	0.01433319794479504	0.04692068480783096	5.107954356012027	14908
6	0.01670201083120393	0.05618287445984427	5.107954356012027	17296
7	0.019065130846067313	0.0686672279722802	5.107954356012027	19679
8	0.021422571670831503	0.07797667675556441	5.107954356012027	21996
9	0.023774346954062775	0.08872913533567439	5.107954356012027	24428
10	0.026120470311526423	0.09430602100880636	5.107954356012027	26757
11	0.02846095532626547	0.10662838806991104	5.107954356012027	29050
12	0.030795815548679273	0.11209573212374624	5.107954356012027	31345
13	0.03312506449660224	0.11752961658405525	5.107954356012027	33632
14	0.03544871565538188	0.12383035115952457	5.107954356012027	36008
15	0.03776678247795695	0.12919242093627692	5.107954356012027	38323
16	0.04007927838493508	0.13452167538744841	5.107954356012027	40656
17	0.042386216764671025	0.13981831533951794	5.107954356012027	42986
18	0.04468761097334362	0.14508254038992674	5.107954356012027	45403
19	0.04698347433503336	0.15031454891459972	5.107954356012027	47692
20	0.049273820141799596	0.15638120293555813	5.107954356012027	49985
21	0.05155866165375744	0.16481387729188746	5.107954356012027	52282
22	0.0538380120991544	0.1717708629037834	5.107954356012027	54583
23	0.056111884674447055	0.1768395415896139	5.107954356012027	56880
24	0.05838029254437771	0.18271681028773057	5.034044860061201	59177
25	0.06064324884205019	0.19785168417129106	5.034044860061201	61478
26	0.06290076666900601	0.2058698264369675	5.034044860061201	63804
27	0.06515285909530044	0.21072982290923148	5.034044860061201	66152
28	0.06739953915957797	0.2144279859630721	5.034044860061201	68439
29	0.06964081986914772	0.2289756158526448	5.034044860061201	70726
30	0.07187671420005914	0.23369420722686896	5.034044860061201	73012
31	0.07410723509717665	0.24585779123914087	5.034044860061201	75305
32	0.07633239547425485	0.25465245256579805	5.034044860061201	77597
33	0.07855220821401321	0.25921390429214186	5.034044860061201	79889
34	0.08076668616821081	0.2666186799260396	5.034044860061201	82181
35	0.08297584215772047	0.27185493615313994	5.034044860061201	84475
36	0.0851796889726033	0.27705380612765196	5.034044860061201	86824
37	0.08737823937218236	0.28147816383224855	5.034044860061201	89139
38	0.08957150608511699	0.28746335197192163	5.034044860061201	91458
39	0.09175950180947601	0.2925507796962846	5.034044860061201	93763
40	0.09394223921281164	0.2968802974874998	5.034044860061201	96072
41	0.0961197309322328	0.3027371879707359	5.034044860061201	98409
42	0.09829198957447793	0.3077155623054483	5.034044860061201	100722
43	0.10045902771598825	0.3119522731584098	5.034044860061201	103044
44	0.10262085790298059	0.31768361615584073	5.034044860061201	105370
45	0.10477749265152003	0.32255527475412116	5.034044860061201	107667
46	0.10692894444759216	0.33177220979148003	5.034044860061201	109952
47	0.10907522574717565	0.33586169639102725	5.034044860061201	112327
48	0.11121634897631416	0.3394180983262214	5.034044860061201	114627
49	0.11335232653118832	0.34840560719253133	5.034044860061201	116933
50	0.11548317077818748	0.3549188372747384	5.034044860061201	119240
51	0.11760889405398145	0.35886666885139595	5.034044860061201	121526
52	0.11972950866559184	0.3627903400974498	5.034044860061201	123867
53	0.12184502689046317	0.36836360242895894	5.034044860061201	126173
54	0.1239554609765342	0.37287341189575995	5.034044860061201	128485
55	0.1260608231423087	0.37671136328875987	5.034044860061201	130796
56	0.12816112557692616	0.3811615707264554	5.034044860061201	133073
57	0.13025638044023236	0.3855800042073161	5.034044860061201	135431
58	0.1323465998628499	0.38996689059365053	5.034044860061201	137719
59	0.13443179594624832	0.394322455127997	5.034044860061201	140016
60	0.13651198076281423	0.3980291405423043	5.034044860061201	142298
61	0.13858716635592117	0.401713141416171	5.034044860061201	144585
62	0.14065736473999924	0.40537459657669384	5.034044860061201	146892
63	0.14272258790060488	0.4111532691075326	5.034044860061201	149171
64	0.14478284779449002	0.4147569516398327	5.034044860061201	151477
65	0.14683815634967146	0.417890876454042	5.034044860061201	153804
66	0.1488885254654998	0.4286706750382264	5.034044860061201	156116
67	0.15093396701272854	0.4321671528151091	5.034044860061201	158414
68	0.15297449283358266	0.4387891102166821	5.034044860061201	160740
69	0.15501011474182713	0.4443988817097265	5.034044860061201	163068
70	0.1570408445228355	0.45087819504255766	5.034044860061201	165351
71	0.1590666939336579	0.45423876503949223	5.034044860061201	167668
72	0.16108767470308916	0.45813543596204	5.034044860061201	170009
73	0.16310379853173695	0.46145159237737143	5.034044860061201	172279
74	0.16511507709208928	0.4687787815967269	5.034044860061201	174590
75	0.1671215220285821	0.47320378133353047	5.034044860061201	176886
76	0.1691231449576669	0.47934717746958255	5.034044860061201	179181
77	0.17111995746787756	0.48440697166326985	5.034044860061201	181534
78	0.17311197111989796	0.4875623489329657	5.034044860061201	183826
79	0.1750991974466285	0.4906984156123957	5.034044860061201	186149
80	0.1770816479532532	0.49381528988042234	5.034044860061201	188445
81	0.179059334117306	0.49803173894430885	5.034044860061201	190729
82	0.18103226738873734	0.5038855962160953	5.034044860061201	193082
83	0.18300045918998054	0.5096711869307764	5.034044860061201	195420
84	0.18496392091601777	0.5126719497541734	5.034044860061201	197733
85	0.18692266393444623	0.5156543482121033	5.034044860061201	200056
86	0.18887669958554376	0.5186184946926282	5.034044860061201	202349
87	0.19082603918233454	0.521564500896007	5.034044860061201	204659
88	0.1927706940106546	0.5249804739960534	5.034044860061201	206945
89	0.19471067532921726	0.529728690832411	5.034044860061201	209236
90	0.19664599436967822	0.5326067037573035	5.034044860061201	211553
91	0.19857666233670057	0.5359438368297806	5.034044860061201	214010
92	0.2005026904080197	0.5387838136887642	5.034044860061201	216292
93	0.20242408973450798	0.5416064101761469	5.034044860061201	218583
94	0.20434087144023938	0.5488824989035097	5.034044860061201	220902
95	0.20625304662255384	0.5516432924571265	5.034044860061201	223222
96	0.20816062635212151	0.5543871902329756	5.034044860061201	225532
97	0.21006362167300685	0.5580990836920927	5.034044860061201	227862
98	0.21196204360273252	0.5632524471475786	5.034044860061201	230152
99	0.21385590313234326	0.567618103652559	5.034044860061201	232488
100	0.2157452112264695	0.5702642371970019	5.034044860061201	234809
101	0.21762997882339075	0.5728941766713549	5.034044860061201	237131
102	0.21951021683509908	0.5755080211816918	5.034044860061201	239540
103	0.22138593614736213	0.5814484337132599	5.034044860061201	241839
104	0.22325714761978632	0.5844368425878008	5.034044860061201	244152
105	0.22512386208587953	0.5869800471482882	5.034044860061201	246460
106	0.2269860903531139	0.5904204465889522	5.034044860061201	248768
107	0.22884384320298856	0.5969217093415085	5.034044860061201	251066
108	0.23069713139109171	0.6016223308069135	5.034044860061201	253407
109	0.23254596564716323	0.6070424351496766	5.034044860061201	255734
110	0.23439035667515662	0.6132798568139675	5.034044860061201	258129
111	0.23623031515330084	0.6153507090116674	5.034044860061201	260482
112	0.23806585173416261	0.6185547847383507	5.034044860061201	262805
113	0.23989697704470747	0.6230031254411104	5.034044860061201	265128
114	0.2417237016863618	0.6253103082448945	5.034044860061201	267458
115	0.24354603623507398	0.627603371322895	5.034044860061201	269828
116	0.24536399124137553	0.6319461891500332	5.034044860061201	272262
117	0.2471775772304423	0.6377883131317788	5.034044860061201	274636
118	0.24898680470215562	0.640374461904563	5.034044860061201	276950
119	0.2507916841311627	0.6429421458797788	5.034044860061201	279271
120	0.25259222596693753	0.6451273038918874	5.034044860061201	281599
121	0.25438844063384136	0.6472990889576156	5.034044860061201	283891
122	0.2561803385311828	0.6494575829180446	5.034044860061201	286188
123	0.25796793003327845	0.6516028671133969	5.034044860061201	288473
124	0.25975122548951257	0.6537350223861009	5.034044860061201	290744
125	0.2615302352243972	0.6571000853366733	5.034044860061201	293031
126	0.26330496953763205	0.659548350330997	5.034044860061201	295350
127	0.2650754387041637	0.6619791350016866	5.034044860061201	297662
128	0.2668416529742458	0.6659210692873813	5.034044860061201	299962
129	0.26860362257349746	0.6692604671787195	5.034044860061201	302269
130	0.2703613577029633	0.6712845597220587	5.034044860061201	304549
131	0.2721148685391722	0.6744790732330201	5.034044860061201	306841
132	0.273864165234196	0.6782752356442969	5.034044860061201	309128
133	0.27560925791570867	0.6805723125600275	5.034044860061201	311383
134	0.27735015668704466	0.6825271777518844	5.034044860061201	313671
135	0.27908687162725754	0.6847938963018799	5.034044860061201	315943
136	0.2808194127911783	0.6870444307484661	5.034044860061201	318228
137	0.2825477902094734	0.6896513076268629	5.034044860061201	320517
138	0.28427201388870327	0.692236469579159	5.034044860061201	322779
139	0.2859920938113798	0.694800097487704	5.034044860061201	325050
140	0.28770803993602434	0.6978508253762068	5.034044860061201	327368
141	0.2894198621972255	0.6996999478143842	5.034044860061201	329837
142	0.29112757050569615	0.7022014059750306	5.034044860061201	332097
143	0.29283117474833154	0.7056742758761965	5.034044860061201	334348
144	0.29453068478826594	0.7077757268724989	5.034044860061201	336603
145	0.29622611046492986	0.709564109915719	5.034044860061201	338889
146	0.29791746159410726	0.7129511173802587	5.034044860061201	341210
147	0.2996047479679923	0.7162986262154744	5.034044860061201	343477
148	0.30128797935524576	0.719055685241563	5.034044860061201	345742
149	0.30296716550105185	0.7207750360785958	5.034044860061201	348075
150	0.30464231612717463	0.7235661227650239	5.034044860061201	350385
151	0.3063134409320143	0.7258687789685638	5.034044860061201	352707
152	0.3079805495906631	0.7290656445199508	5.034044860061201	355017
153	0.30964365175496167	0.7322252288404179	5.034044860061201	357295
154	0.3113027570535547	0.7338639834004642	5.034044860061201	359567
155	0.31295787509194684	0.7354927089480818	5.034044860061201	361789
156	0.31460901545255804	0.7384916578262215	5.034044860061201	364046
157	0.3162561876947795	0.7403587965815528	5.034044860061201	366344
158	0.31789940135502837	0.7461286011019628	5.034044860061201	368673
159	0.3195386659468036	0.7474880600119898	5.034044860061201	371086
160	0.3211739909607406	0.7495914497661589	5.034044860061201	373362
161	0.32280538586466645	0.7525116660954165	5.034044860061201	375665
162	0.32443286010365446	0.7542787036433757	5.034044860061201	377956
163	0.326056423100079	0.7557824931645512	5.034044860061201	380234
164	0.3276760842536699	0.7612095488720055	5.034044860061201	382616
165	0.3292918529415674	0.7624882506392168	5.034044860061201	384895
166	0.3309037385183756	0.763941798561764	5.034044860061201	387164
167	0.3325117503162174	0.7659081309352604	5.034044860061201	389481
168	0.3341158976447879	0.7682480746493603	5.034044860061201	391777
169	0.3357161897914087	0.76990275609412	5.034044860061201	394087
170	0.33731263602108175	0.7725115683833023	5.034044860061201	396411
171	0.33890524557654256	0.7739037746133937	5.034044860061201	398754
172	0.34049402767831405	0.7752874606819395	5.034044860061201	401050
173	0.34207899152475973	0.7771592852493536	5.034044860061201	403317
174	0.34366014629213726	0.7785230479215435	5.034044860061201	405660
175	0.3452375011346511	0.7801043672676145	5.034044860061201	407938
176	0.3468110651845061	0.781450106335242	5.034044860061201	410229
177	0.34838084755195975	0.7827876096156662	5.034044860061201	412484
178	0.34994685732537534	0.7843384804936409	5.034044860061201	414752
179	0.35150910357127463	0.7858782783362518	5.034044860061201	417081
180	0.3530675953343899	0.7893741431797416	5.034044860061201	419361
181	0.3546223416377169	0.7906631521548335	5.034044860061201	421627
182	0.35617335148256646	0.7924068993255553	5.034044860061201	423892
183	0.3577206338486171	0.7941361213220105	5.034044860061201	426131
184	0.3592641976939669	0.796193902699883	5.034044860061201	428370
185	0.36080405195518517	0.7989667747719934	5.034044860061201	430610
186	0.36234020554736446	0.8001970778103886	5.034044860061201	432893
187	0.3638726673641719	0.8014198515184229	5.034044860061201	435160
188	0.36540144627790083	0.8026351419748377	5.034044860061201	437433
189	0.36692655113952244	0.803842994976377	5.034044860061201	439737
190	0.36844799077873636	0.8054769558678692	5.034044860061201	442119
191	0.3699657740040224	0.8066674172553449	5.034044860061201	444379
192	0.3714799096026914	0.8082778510974494	5.034044860061201	446622
193	0.3729904063409356	0.8101410401052488	5.034044860061201	448892
194	0.37449727296388025	0.8113029577681632	5.034044860061201	451126
195	0.3760005181956336	0.8135035063656191	5.034044860061201	453380
196	0.3775001507393376	0.8148350693593791	5.034044860061201	455612
197	0.3789961792772184	0.8163774677820415	5.034044860061201	457925
198	0.38048861247063637	0.8181619433138001	5.034044860061201	460186
199	0.38197745896013646	0.8202825037416275	5.034044860061201	462424
200	0.383462727365498	0.8242762258807024	5.034044860061201	464667
201	0.38494442628578507	0.8260327317444522	5.034044860061201	466890
202	0.3864225642993957	0.8277233757508229	5.034044860061201	469146
203	0.38789714996411195	0.8291584163526486	5.034044860061201	471398
204	0.3893681918171492	0.8302039495932719	5.034044860061201	473619
205	0.3908356983752058	0.8312430842760388	5.034044860061201	475846
206	0.3922996781345123	0.8326488061896078	5.034044860061201	478081
207	0.3937601395708803	0.8349256931802255	5.034044860061201	480326
208	0.3952170911397521	0.835935931269034	5.034044860061201	482571
209	0.39667054127624946	0.8373025624121491	5.034044860061201	484816
210	0.3981204983952221	0.8382982543012705	5.034044860061201	487043
211	0.3995669708912969	0.8392878526565739	5.034044860061201	489292
212	0.401009967138926	0.8408943047749589	5.034044860061201	491545
213	0.4024494954924358	0.8427497647775832	5.034044860061201	493873
214	0.403885564286075	0.8442779497651673	5.034044860061201	496147
215	0.4053181818340631	0.8452309529880514	5.034044860061201	498412
216	0.4067473564306381	0.8463359857506761	5.034044860061201	500703
217	0.4081730963501049	0.8471588429698371	5.034044860061201	502931
218	0.40959540984688314	0.8482501108251128	5.034044860061201	505167
219	0.4110143051555549	0.8503147351676283	5.034044860061201	507420
220	0.41242979049091255	0.8515615928505302	5.034044860061201	509660
221	0.4138418740480061	0.8530453586862601	5.034044860061201	511887
222	0.4152505640021906	0.8539447062518652	5.034044860061201	514181
223	0.4166558685091739	0.8551613267745486	5.034044860061201	516403
224	0.4180577957050633	0.8563678130154937	5.034044860061201	518638
225	0.419456353706413	0.8601980046684139	5.034044860061201	520885
226	0.420851550610271	0.8611961744452801	5.034044860061201	523114
227	0.4222433944942261	0.8620456398414958	5.034044860061201	525360
228	0.42363189341645446	0.8628899065952644	5.034044860061201	527607
229	0.4250170554157664	0.8640320148285401	5.034044860061201	529844
230	0.42639888851165286	0.8648641251679688	5.034044860061201	532086
231	0.4277774007043319	0.8662149210846571	5.034044860061201	534318
232	0.42915259997479493	0.8671701307871527	5.034044860061201	536555
233	0.43052449428485307	0.8679830361737964	5.034044860061201	538796
234	0.43189309157718303	0.8694798271468825	5.034044860061201	541088
235	0.4332583997753733	0.8704117258047259	5.034044860061201	543328
236	0.4346204267839697	0.8714911783178061	5.034044860061201	545653
237	0.4359791804885218	0.8724087161652425	5.034044860061201	547864
238	0.43733466875562776	0.8731895619383561	5.034044860061201	550095
239	0.43868689943298045	0.8739656290141865	5.034044860061201	552343
240	0.44003588034941277	0.874865499575161	5.034044860061201	554575
241	0.4413816193149427	0.8770544412735547	5.034044860061201	556843
242	0.44272412412081874	0.878283384801016	5.034044860061201	559178
243	0.4440634025395652	0.8792972674765593	5.034044860061201	561484
244	0.4453994623250269	0.8800359560112421	5.034044860061201	563829
245	0.4467323112124141	0.8814349536087785	5.034044860061201	566152
246	0.4480619569183474	0.8822814940720942	5.034044860061201	568623
247	0.44938840714090234	0.8830019194413544	5.034044860061201	570961
248	0.450711669559654	0.8837179358801021	5.034044860061201	573207
249	0.4520317518357214	0.8846865494920962	5.034044860061201	575441
250	0.453348661611812	0.8872490706144941	5.034044860061201	577724
251	0.45466240651226575	0.8881882703594796	5.034044860061201	580069
252	0.45597299414309944	0.8891196466996755	5.034044860061201	582324
253	0.4572804320920506	0.8903767935624909	5.034044860061201	584637
254	0.45858472792862137	0.8909638161470912	5.034044860061201	586933
255	0.45988588920412254	0.8916311065819787	5.034044860061201	589233
256	0.461183923451717	0.8931055132951491	5.034044860061201	591523
257	0.4624788381864636	0.8937596967597556	5.034044860061201	593821
258	0.4637706409053606	0.8948216573085961	5.034044860061201	596114
259	0.46505933908738883	0.8954653381451336	5.034044860061201	598424
260	0.46634494019355544	0.8960251120230975	5.034044860061201	600765
261	0.46762745166693676	0.8980055860798004	5.034044860061201	603062
262	0.46890688093272137	0.898629781593766	5.034044860061201	605356
263	0.47018323539825324	0.8994741815804902	5.034044860061201	607698
264	0.4714565224530747	0.900089389438288	5.034044860061201	610036
265	0.47272674946896887	0.9006244019301398	5.034044860061201	612365
266	0.4739939238000027	0.901232570555545	5.034044860061201	614669
267	0.4752580527825695	0.9020552896679519	5.034044860061201	616925
268	0.47651914373543125	0.903387870760905	5.034044860061201	619192
269	0.477777203959761	0.9039791272361164	5.034044860061201	621414
270	0.47903224073918504	0.9047789679088685	5.034044860061201	623656
271	0.4802842613398256	0.905361711010005	5.034044860061201	625918
272	0.4815332730103422	0.9066493067785764	5.034044860061201	628146
273	0.48277928298197414	0.9084274152208892	5.034044860061201	630380
274	0.48402229846858214	0.9090812326882238	5.034044860061201	632614
275	0.48526232666669	0.9096376463633462	5.034044860061201	634874
276	0.4864993747555266	0.9111129500961895	5.034044860061201	637117
277	0.48773344989706724	0.9117475931608923	5.034044860061201	639356
278	0.48896455923607496	0.9122876889791666	5.034044860061201	641612
279	0.4901927099001423	0.912824479465571	5.034044860061201	643843
280	0.49141790899973226	0.9134469024122083	5.034044860061201	646074
281	0.4926401636282195	0.9159198480575736	5.034044860061201	648315
282	0.49385948086193154	0.9166202241670482	5.034044860061201	650534
283	0.49507586776018964	0.9171304999755951	5.034044860061201	652757
284	0.4962893313653497	0.9176376529477204	5.034044860061201	655010
285	0.49749987870284296	0.9185981467908957	5.034044860061201	657248
286	0.4987075167812167	0.9195474395396899	5.034044860061201	659528
287	0.499912252592175	0.9200398010857415	5.034044860061201	661791
288	0.5011140931106188	0.9211276949485205	5.034044860061201	664017
289	0.5023130452946867	0.9216908339147951	5.034044860061201	666255
290	0.5035091160857952	0.9221700781037074	5.034044860061201	668479
291	0.5047023124086787	0.922646389366577	5.034044860061201	670696
292	0.5058926411714294	0.9231197856526148	5.034044860061201	672916
293	0.5070801092655379	0.9235902848011848	5.034044860061201	675155
294	0.5082647235659328	0.9244813601970894	4.877112537272065	677394
295	0.5094464909310201	0.9253620440431874	4.877112537272065	679732
296	0.5106254182027237	0.9258188207968266	4.877112537272065	682007
297	0.5118015122065243	0.9268280885410876	4.877112537272065	684301
298	0.5129747797514992	0.9275595028996939	4.877112537272065	686591
299	0.5141452276303617	0.9283808237284956	4.877112537272065	688888
300	0.5153128626195008	0.9290072305180422	4.877112537272065	691198
301	0.5164776914790197	0.9295985905303867	4.877112537272065	693523
302	0.5176397209527754	0.9300294400473238	4.877112537272065	695840
303	0.5187989577684178	0.9306122851947847	4.877112537272065	698143
304	0.5199554086374283	0.931305873347773	4.877112537272065	700466
305	0.521109080255159	0.9317963413193484	4.877112537272065	702865
306	0.5222599793008715	0.9322137408233822	4.877112537272065	705158
307	0.5234081124377751	0.9327783910455947	4.877112537272065	707468
308	0.5245534863130658	0.933450327161757	4.877112537272065	709772
309	0.5256961075579647	0.9338066947797401	4.877112537272065	712077
310	0.5268359827877562	0.9347072839664103	4.877112537272065	714400
311	0.5279731186018268	0.9351734662668822	4.877112537272065	716704
312	0.5291075215837026	0.9355701981072535	4.877112537272065	719007
313	0.5302391983010879	0.936030219302418	4.877112537272065	721309
314	0.5313681553059033	0.937857927322349	4.877112537272065	723623
315	0.5324943991343231	0.9383016144004306	4.877112537272065	725898
316	0.5336179363068136	0.9391410482181118	4.877112537272065	728206
317	0.534738773328171	0.9396479949218343	4.877112537272065	730492
318	0.5358569166875584	0.9400173430986678	4.877112537272065	732792
319	0.536972372858544	0.9403844309019551	4.877112537272065	735078
320	0.5380851482991382	0.9410796561975592	4.877112537272065	737367
321	0.5391952494518312	0.9415704545632605	4.877112537272065	739653
322	0.5403026827436301	0.9419280374812151	4.877112537272065	741941
323	0.5414074545860965	0.9424923908584628	4.877112537272065	744229
324	0.5425095713753831	0.9429714213386089	4.877112537272065	746515
325	0.5436090394922712	0.9433785986718253	4.877112537272065	748882
326	0.5447058653022072	0.9436818012730948	4.877112537272065	751254
327	0.5458000551553399	0.9440264629623855	4.877112537272065	753937
328	0.5468916153865568	0.9444261074227005	4.877112537272065	756236
329	0.5479805523155213	0.9447662140335145	4.877112537272065	758517
330	0.5490668722467089	0.9453029855200692	4.877112537272065	760799
331	0.5501505814694436	0.945834540568465	4.877112537272065	763078
332	0.5512316862579348	0.946285731400881	4.877112537272065	765366
333	0.5523101928713134	0.9467331638756759	4.877112537272065	767676
334	0.5533861075536677	0.947113482810341	4.877112537272065	770040
335	0.5544594365340798	0.9474371429551494	4.877112537272065	772358
336	0.5555301860266624	0.9478124355621216	4.877112537272065	774638
337	0.556598362230593	0.9481318181866681	4.877112537272065	776932
338	0.5576639713301517	0.9486502839773886	4.877112537272065	779229
339	0.558727019494756	0.9490780200542117	4.877112537272065	781532
340	0.5597875128789963	0.9493896574294632	4.877112537272065	783810
341	0.5608454576226725	0.9498955500665698	4.877112537272065	786094
342	0.5619008598508284	0.950479858520604	4.877112537272065	788392
343	0.5629537256737882	0.9508923544929438	4.877112537272065	790681
344	0.5640040611871913	0.9513695910867928	4.877112537272065	792994
345	0.5650518724720273	0.951667204278724	4.877112537272065	795323
346	0.5660971655946722	0.9522151951599175	4.877112537272065	797638
347	0.5671399466069225	0.9526795761593352	4.877112537272065	799915
348	0.568180221546031	0.9530174384108304	4.877112537272065	802145
349	0.569217996434741	0.9533049669435354	4.877112537272065	804369
350	0.5702532772813219	0.953781446872683	4.877112537272065	806597
351	0.5712860700796036	0.9540642997507497	4.877112537272065	808869
352	0.5723163808090113	0.9543454215977646	4.877112537272065	811413
353	0.5733442154346	0.954624823007463	4.877112537272065	813633
354	0.5743695799070891	0.9549487964256284	4.877112537272065	815847
355	0.5753924801628971	0.9553240667594424	4.877112537272065	818063
356	0.5764129221241756	0.9557706400196562	4.877112537272065	820316
357	0.5774309116988436	0.9560413192365288	4.877112537272065	822564
358	0.5784464547806221	0.9563103419239268	4.877112537272065	824883
359	0.5794595572490676	0.9565777182196435	4.877112537272065	827098
360	0.580470224969607	0.9568434581994296	4.877112537272065	829317
361	0.5814784637935708	0.9571075718773735	4.877112537272065	831539
362	0.582484279558227	0.957370069206278	4.877112537272065	833760
363	0.5834876780868156	0.9577251706706156	4.877112537272065	836005
364	0.5844886651885814	0.9579838883572696	4.877112537272065	838229
365	0.5854872466588084	0.9587841952457025	4.877112537272065	840487
366	0.5864834282788529	0.959127517234493	4.877112537272065	842710
367	0.5874772158161772	0.9593776527017827	4.877112537272065	844936
368	0.5884686150243825	0.9596262573652709	4.877112537272065	847195
369	0.5894576316432434	0.9603952810345038	4.877112537272065	849471
370	0.5904442713987395	0.960637657915354	4.877112537272065	851725
371	0.5914285400030896	0.9608785514741683	4.877112537272065	853962
372	0.5924104431547851	0.9611179707887277	4.877112537272065	856182
373	0.5933899865386218	0.9615588101221889	4.877112537272065	858488
374	0.5943671758257337	0.9618332756892346	4.877112537272065	860713
375	0.5953420166736256	0.9622147839705584	4.877112537272065	862936
376	0.596314514726206	0.9625295296267803	4.877112537272065	865231
377	0.5972846756138193	0.9627970643709218	4.877112537272065	867535
378	0.5982525049532789	0.9630247425802814	4.877112537272065	869756
379	0.5992180083478995	0.9632510274219901	4.877112537272065	871995
380	0.6001811913875297	0.9634759274233176	4.877112537272065	874241
381	0.6011420596485841	0.9636994510593468	4.877112537272065	876472
382	0.6021006186940759	0.9639216067532946	4.877112537272065	878753
383	0.6030568740736487	0.9641424028768285	4.877112537272065	881006
384	0.604010831323609	0.9644410917324984	4.877112537272065	883408
385	0.6049624959669582	0.9647372925510531	4.877112537272065	885660
386	0.6059118735134243	0.9649530967598713	4.877112537272065	887885
387	0.6068589694594942	0.965167580268723	4.877112537272065	890144
388	0.6078037892884451	0.9654577295376215	4.877112537272065	892410
389	0.6087463384703768	0.9657454619029892	4.877112537272065	894718
390	0.6096866224622426	0.9662115100403634	4.858445827937206	896995
391	0.6106246467078815	0.966418292187011	4.858445827937206	899237
392	0.6115604166380499	0.9666980231975315	4.858445827937206	901479
393	0.612493937670452	0.9670216575687897	4.858445827937206	903780
394	0.6134252152097724	0.9672234816943707	4.858445827937206	906033
395	0.6143542546477068	0.9678477963287636	4.858445827937206	908319
396	0.6152810613629928	0.9682227491412562	4.858445827937206	910542
397	0.616205640721442	0.9684172227076978	4.858445827937206	912807
398	0.6171279980759704	0.9686803029017195	4.858445827937206	915083
399	0.6180481387666295	0.9690354015082759	4.858445827937206	917348
400	0.6189660681206373	0.9692249017242918	4.858445827937206	919591
401	0.6198817914524092	0.9693690999148796	4.858445827937206	921883
402	0.6207953140635885	0.9695878009329206	4.858445827937206	924207
403	0.6217066412430774	0.9697777980116404	4.858445827937206	926436
404	0.6226157782670674	0.9699627548360216	4.858445827937206	928688
405	0.6235227303990702	0.9701772172278629	4.858445827937206	930920
406	0.6244275028899477	0.9704256369094301	4.858445827937206	933134
407	0.6253301009779426	0.9707705274410985	4.858445827937206	935451
408	0.6262305298887088	0.9710140049301356	4.858445827937206	938041
409	0.6271287948353417	0.9713520340271603	4.858445827937206	940358
410	0.6280249010184079	0.9716383943700792	4.858445827937206	942578
411	0.6289188536259762	0.9719691419576001	4.858445827937206	944810
412	0.629810657833647	0.9721406879783102	4.858445827937206	947034
413	0.6307003188045821	0.9723396001840937	4.858445827937206	949265
414	0.6315878416895351	0.9725700075128393	4.858445827937206	951489
415	0.6324732316268808	0.972836576924765	4.858445827937206	953854
416	0.6333564937426458	0.9730305205654521	4.858445827937206	956113
417	0.6342376331505366	0.9731955710562584	4.858445827937206	958333
418	0.6351166549519708	0.9734188482652859	4.858445827937206	960559
419	0.6359935642361056	0.9736086345571979	4.858445827937206	962855
420	0.6368683660798682	0.9737701470487518	4.858445827937206	965070
421	0.6377410655479837	0.9739306711001665	4.858445827937206	967311
422	0.6386116676930063	0.9740902127605962	4.858445827937206	969747
423	0.6394801775553467	0.9743060377271884	4.858445827937206	972062
424	0.6403466001633031	0.9744894895908606	4.858445827937206	974417
425	0.641210940533089	0.9747869882545239	4.858445827937206	976644
426	0.6420732036688623	0.9749412893404383	4.858445827937206	978874
427	0.642933394562755	0.9751500249560948	4.858445827937206	981161
428	0.6437915181949017	0.9753021042940545	4.858445827937206	983457
429	0.6446475795334683	0.9754784443597838	4.858445827937206	985784
430	0.6455015835346811	0.9756285138041562	4.858445827937206	988025
431	0.6463535351428551	0.9759048345093244	4.858445827937206	990558
432	0.6472034392904229	0.9760522944890376	4.858445827937206	992899
433	0.6480513008979631	0.9761988520285654	4.858445827937206	995223
434	0.6488971248742291	0.9764764164363955	4.858445827937206	997548
435	0.6497409161161771	0.9766723646543347	4.858445827937206	999872
436	0.6505826795089948	0.9768151274270644	4.858445827937206	1002230
437	0.6514224199261295	0.976957016506041	4.858445827937206	1004580
438	0.652260142229316	0.9772705264855507	4.858445827937206	1006906
439	0.6530958512686056	0.9774096285682747	4.858445827937206	1009248
440	0.6539295518823933	0.9775478793602989	4.858445827937206	1011563
441	0.6547612488974466	0.9777723070551563	4.858445827937206	1013869
442	0.6555909471289323	0.9780747246462426	4.858445827937206	1016215
443	0.6564186513804459	0.978951735660393	4.858445827937206	1018574
444	0.6572443664440382	0.9790805489127327	4.858445827937206	1020874
445	0.6580680971002433	0.9792896562955291	4.858445827937206	1023190
446	0.6588898481181069	0.9805322769177974	4.858445827937206	1025509
447	0.6597096242552133	0.9807268730668907	4.858445827937206	1027818
448	0.6605274302577127	0.9811674016825046	4.858445827937206	1030116
449	0.6613432708603496	0.9813242746380856	4.858445827937206	1032442
450	0.6621571507864894	0.9814385681914568	4.858445827937206	1034759
451	0.662969074748146	0.9815521622798227	4.858445827937206	1037059
452	0.6637790474460092	0.9816650611838382	4.858445827937206	1039360
453	0.664587073569472	0.9818177887041728	4.858445827937206	1041665
454	0.6653931577966572	0.9819151528391536	4.858445827937206	1043966
455	0.666197304794445	0.9820258302776004	4.858445827937206	1046303
456	0.6669995192185001	0.9821220803683373	4.858445827937206	1048571
457	0.6677998057132982	0.9822710009816789	4.858445827937206	1050882
458	0.6685981689121532	0.9824482171317995	4.858445827937206	1053209
459	0.6693946134372437	0.9825944210707267	4.858445827937206	1055576
460	0.6701891438996405	0.9827009414561875	4.858445827937206	1057829
461	0.6709817648993324	0.9832775767409813	4.858445827937206	1060066
462	0.6717724810252532	0.983467173376571	4.858445827937206	1062390
463	0.6725612968553089	0.9835683526060491	4.858445827937206	1064684
464	0.6733482169564027	0.9836856726326615	4.858445827937206	1066943
465	0.6741332458844631	0.9837730344142441	4.858445827937206	1069183
466	0.6749163881844692	0.9839307308728035	4.858445827937206	1071422
467	0.6756976483904773	0.9840290731772139	4.858445827937206	1073654
468	0.6764770310256473	0.9841268136366518	4.858445827937206	1075901
469	0.6772545406022688	0.9842239559343475	4.858445827937206	1078143
470	0.6780301816217869	0.9843816506688647	4.858445827937206	1080489
471	0.678803958574829	0.9844931638431217	4.858445827937206	1082782
472	0.6795758759412301	0.9846223336570065	4.858445827937206	1085057
473	0.6803459381900592	0.9847504275040951	4.858445827937206	1087315
474	0.6811141497796445	0.9848437533478936	4.858445827937206	1089583
475	0.6818805151576002	0.9850499607853374	4.858445827937206	1091863
476	0.6826450387608515	0.9852243052659748	4.858445827937206	1094131
477	0.6834077250156605	0.9853473847722973	4.858445827937206	1096356
478	0.6841685783376521	0.9854938498974389	4.858445827937206	1098670
479	0.6849276031318388	0.9856630178286641	4.858445827937206	1100893
480	0.6856848037926471	0.9857824429196373	4.858445827937206	1103106
481	0.6864401847039425	0.9859206115987468	4.858445827937206	1105325
482	0.687193750239055	0.9860067760340493	4.858445827937206	1107557
483	0.6879455047608041	0.9860924131517085	4.858445827937206	1109784
484	0.6886954526215245	0.986177526178855	4.858445827937206	1112008
485	0.6894435981630911	0.98626211832287	4.858445827937206	1114241
486	0.6901899457169443	0.9863461927715057	4.858445827937206	1116471
487	0.6909344996041143	0.9864297526930054	4.858445827937206	1118702
488	0.6916772641352477	0.986688233594091	4.858445827937206	1120924
489	0.6924182436106306	0.9867697002602952	4.858445827937206	1123219
490	0.6931574423202151	0.9868506683587286	4.858445827937206	1125451
491	0.6938948645436429	0.9870040133341369	4.858445827937206	1127690
492	0.6946305145502709	0.9871808294792508	4.858445827937206	1129919
493	0.6953643965991958	0.9874250041558364	4.858445827937206	1132144
494	0.6960965149392779	0.9875716513376925	4.858445827937206	1134396
495	0.6968268738091672	0.9877165883483318	4.858445827937206	1136631
496	0.6975554774373266	0.9877917615872814	4.858445827937206	1138915
497	0.6982823300420571	0.9879341317145435	4.858445827937206	1141197
498	0.6990074358315221	0.9882558882021557	4.858445827937206	1143423
499	0.6997307990037714	0.9883928457741422	4.858445827937206	1145683
