0	0.00240325927734375	0.007139882191943836	6.671525540344805	2192
1	0.004800742899533361	0.01321608585556866	6.163013688754402	4372
2	0.0071924647469656655	0.01850022652749095	6.163013688754402	6748
3	0.00957843866667929	0.025508019281504257	6.163013688754402	9172
4	0.011958678472434925	0.03246577722082833	6.163013688754402	11489
5	0.01433319794479504	0.04052520431603168	6.163013688754402	13712
6	0.01670201083120393	0.04984954635377681	5.544020201012931	15881
7	0.019065130846067313	0.05566437118548195	5.544020201012931	18114
8	0.021422571670831503	0.06484158818076391	5.544020201012931	20283
9	0.023774346954062775	0.07056466323035926	5.544020201012931	22591
10	0.026120470311526423	0.07959707661004478	5.544020201012931	24874
11	0.02846095532626547	0.08522984956043755	5.544020201012931	27196
12	0.030795815548679273	0.09560139321621486	5.544020201012931	29455
13	0.03312506449660224	0.10614831574430561	5.544020201012931	31641
14	0.03544871565538188	0.1125303114669618	5.544020201012931	33892
15	0.03776678247795695	0.11992281199618327	5.514192560409181	36070
16	0.04007927838493508	0.12620645943834774	5.514192560409181	38276
17	0.042386216764671025	0.14285014592523637	5.514192560409181	40425
18	0.04468761097334362	0.148970094904172	5.514192560409181	42624
19	0.04698347433503336	0.16518018833456882	5.127519858546099	44797
20	0.049273820141799596	0.17028920128324754	5.127519858546099	46972
21	0.05155866165375744	0.1762132386394688	5.127519858546099	49187
22	0.0538380120991544	0.18125473043438056	5.127519858546099	51371
23	0.056111884674447055	0.1862653688085889	5.127519858546099	53557
24	0.05838029254437771	0.19124534258191306	5.127519858546099	55707
25	0.06064324884205019	0.20224880730868977	5.127519858546099	57863
26	0.06290076666900601	0.2071309640523743	5.127519858546099	60068
27	0.06515285909530044	0.2119832424897795	5.127519858546099	62217
28	0.06739953915957797	0.21760958930368002	5.127519858546099	64363
29	0.06964081986914772	0.22825435679614692	5.127519858546099	66555
30	0.07187671420005914	0.23725430598802855	5.127519858546099	68715
31	0.07410723509717665	0.24360787278529605	5.127519858546099	70963
32	0.07633239547425485	0.2490084234645228	5.127519858546099	73202
33	0.07855220821401321	0.2565152114015704	5.127519858546099	75364
34	0.08076668616821081	0.26106526323193757	5.127519858546099	77542
35	0.08297584215772047	0.26824635882735115	5.127519858546099	79778
36	0.0851796889726033	0.27272461722006425	5.127519858546099	81990
37	0.08737823937218236	0.277175469123621	5.127519858546099	84171
38	0.08957150608511699	0.2816912408700374	5.127519858546099	86338
39	0.09175950180947601	0.28767465410727155	5.127519858546099	88598
40	0.09394223921281164	0.29203401329470846	5.127519858546099	90747
41	0.0961197309322328	0.2970888070356875	5.127519858546099	92913
42	0.09829198957447793	0.30824612755893055	5.127519858546099	95147
43	0.10045902771598825	0.31247959140611636	5.127519858546099	97322
44	0.10262085790298059	0.32183361057065896	5.127519858546099	99505
45	0.10477749265152003	0.3297422565115259	5.127519858546099	101706
46	0.10692894444759216	0.3345278178382717	5.127519858546099	103883
47	0.10907522574717565	0.3386004403948293	5.127519858546099	106060
48	0.11121634897631416	0.3426481389125874	5.127519858546099	108253
49	0.11335232653118832	0.34667106592414665	5.127519858546099	110431
50	0.11548317077818748	0.3542900622399	5.127519858546099	112618
51	0.11760889405398145	0.3582417418562781	5.127519858546099	114822
52	0.11972950866559184	0.3628238202151314	5.127519858546099	116999
53	0.12184502689046317	0.3702544462184534	5.127519858546099	118988
54	0.1239554609765342	0.3747507552833541	5.127519858546099	120955
55	0.1260608231423087	0.3799589955558792	5.127519858546099	122922
56	0.12816112557692616	0.385123851902769	5.127519858546099	124893
57	0.13025638044023236	0.39229441922751795	5.127519858546099	126893
58	0.1323465998628499	0.3960135160167485	5.127519858546099	128892
59	0.13443179594624832	0.40032590835791526	5.127519858546099	130858
60	0.13651198076281423	0.4063201516729549	5.127519858546099	132944
61	0.13858716635592117	0.4122544775204555	5.127519858546099	134950
62	0.14065736473999924	0.4158514207684667	5.127519858546099	137081
63	0.14272258790060488	0.4194263510870134	5.127519858546099	139082
64	0.14478284779449002	0.428641805831664	5.127519858546099	141097
65	0.14683815634967146	0.43213846028517566	5.127519858546099	143175
66	0.1488885254654998	0.4378147105780352	4.858445827937206	145225
67	0.15093396701272854	0.44125522778076376	4.858445827937206	147208
68	0.15297449283358266	0.4452445996297736	4.858445827937206	149138
69	0.15501011474182713	0.4517140503629541	4.858445827937206	151096
70	0.1570408445228355	0.4581080556065348	4.858445827937206	153030
71	0.1590666939336579	0.4614243795868771	4.858445827937206	155011
72	0.16108767470308916	0.46472040799933656	4.858445827937206	156971
73	0.16310379853173695	0.4679962650507392	4.858445827937206	158929
74	0.16511507709208928	0.4740280534288487	4.858445827937206	160895
75	0.1671215220285821	0.4772469486300933	4.858445827937206	162883
76	0.1691231449576669	0.48247230191325774	4.858445827937206	164848
77	0.17111995746787756	0.48678323650789945	4.858445827937206	166835
78	0.17311197111989796	0.48992407127669735	4.858445827937206	168783
79	0.1750991974466285	0.49686387983075586	4.858445827937206	170787
80	0.1770816479532532	0.5037092692208136	4.858445827937206	172724
81	0.179059334117306	0.5078433027966502	4.858445827937206	174675
82	0.18103226738873734	0.5113572436346583	4.858445827937206	176638
83	0.18300045918998054	0.5143476879612827	4.858445827937206	178581
84	0.18496392091601777	0.5173198310705984	4.858445827937206	180547
85	0.18692266393444623	0.5229487543234195	4.858445827937206	182488
86	0.18887669958554376	0.5263548440170702	4.858445827937206	184426
87	0.19082603918233454	0.5292535045437872	4.858445827937206	186430
88	0.1927706940106546	0.5321344255607823	4.858445827937206	188404
89	0.19471067532921726	0.5360316814911381	4.858445827937206	190442
90	0.19664599436967822	0.5388711207496646	4.858445827937206	192471
91	0.19857666233670057	0.5427122609350068	4.858445827937206	194519
92	0.2005026904080197	0.5455108157219305	4.858445827937206	196488
93	0.20242408973450798	0.5482922436361517	4.858445827937206	198501
94	0.20434087144023938	0.5544379273962041	4.858445827937206	200478
95	0.20625304662255384	0.558149398221725	4.858445827937206	202436
96	0.20816062635212151	0.5633021749188478	4.858445827937206	204450
97	0.21006362167300685	0.5675460799244956	4.858445827937206	206395
98	0.21196204360273252	0.5725892743277083	4.858445827937206	208342
99	0.21385590313234326	0.5768616014481311	4.858445827937206	210307
100	0.2157452112264695	0.5794511657194581	4.858445827937206	212238
101	0.21762997882339075	0.5824538348521805	4.858445827937206	214197
102	0.21951021683509908	0.5873231778859742	4.858445827937206	216147
103	0.22138593614736213	0.5898487183658941	4.858445827937206	218092
104	0.22325714761978632	0.5932652221695935	4.858445827937206	220045
105	0.22512386208587953	0.5966532669661816	4.858445827937206	222013
106	0.2269860903531139	0.5988131530834567	4.858445827937206	223975
107	0.22884384320298856	0.6016775799073982	4.858445827937206	226001
108	0.23069713139109171	0.6056591451228178	4.858445827937206	227939
109	0.23254596564716323	0.6080724713347836	4.858445827937206	229877
110	0.23439035667515662	0.610471028234026	4.858445827937206	231834
111	0.23623031515330084	0.6137157510309104	4.858445827937206	233793
112	0.23806585173416261	0.6160797716282613	4.858445827937206	235734
113	0.23989697704470747	0.6184293246582713	4.858445827937206	237684
114	0.2417237016863618	0.6207644986609917	4.858445827937206	239630
115	0.24354603623507398	0.6245552741845802	4.858445827937206	241623
116	0.24536399124137553	0.6276826771484738	4.858445827937206	243582
117	0.2471775772304423	0.6303409789716536	4.858445827937206	245551
118	0.24898680470215562	0.632603254852795	4.858445827937206	247573
119	0.2507916841311627	0.6356636192438587	4.858445827937206	249538
120	0.25259222596693753	0.6378933211040057	4.858445827937206	251479
121	0.25438844063384136	0.640909619970278	4.858445827937206	253426
122	0.2561803385311828	0.6431072168357115	4.858445827937206	255366
123	0.25796793003327845	0.6456553892626595	4.858445827937206	257317
124	0.25975122548951257	0.6478239424992436	4.858445827937206	259262
125	0.2615302352243972	0.6590935763392678	4.858445827937206	261245
126	0.26330496953763205	0.6630691614548448	4.858445827937206	263186
127	0.2650754387041637	0.6651311441640264	4.858445827937206	265197
128	0.2668416529742458	0.6671805077472435	4.858445827937206	267214
129	0.26860362257349746	0.6699528483740886	4.858445827937206	269198
130	0.2703613577029633	0.6723093461544842	4.858445827937206	271202
131	0.2721148685391722	0.6743147798663625	4.858445827937206	273144
132	0.273864165234196	0.6763079405264294	4.858445827937206	275091
133	0.27560925791570867	0.6794536359537722	4.858445827937206	277057
134	0.27735015668704466	0.6814153473334974	4.858445827937206	279012
135	0.27908687162725754	0.6845998669769776	4.858445827937206	280988
136	0.2808194127911783	0.6872271067356033	4.858445827937206	282951
137	0.2825477902094734	0.6891412452590958	4.858445827937206	284923
138	0.28427201388870327	0.691043669448111	4.858445827937206	286860
139	0.2859920938113798	0.6929344509931931	4.858445827937206	288806
140	0.28770803993602434	0.6951268628383063	4.858445827937206	290820
141	0.2894198621972255	0.6976664141682661	4.858445827937206	292766
142	0.29112757050569615	0.6995166651844146	4.858445827937206	294712
143	0.29283117474833154	0.7013555928511794	4.858445827937206	296668
144	0.29453068478826594	0.7031832664663156	4.858445827937206	298708
145	0.29622611046492986	0.7049997549034825	4.858445827937206	300657
146	0.29791746159410726	0.7068051266148399	4.858445827937206	302597
147	0.2996047479679923	0.7102243088117514	4.858445827937206	304535
148	0.30128797935524576	0.7122932731089245	4.858445827937206	306482
149	0.30296716550105185	0.7143474652447566	4.858445827937206	308414
150	0.30464231612717463	0.7187556833736954	4.858445827937206	310352
151	0.3063134409320143	0.7207637346615611	4.858445827937206	312319
152	0.3079805495906631	0.7224726324086195	4.858445827937206	314262
153	0.30964365175496167	0.7244541451182622	4.858445827937206	316205
154	0.3113027570535547	0.7264215100605963	4.858445827937206	318137
155	0.31295787509194684	0.7290801931503864	4.858445827937206	320096
156	0.31460901545255804	0.7307381950112753	4.858445827937206	322083
157	0.3162561876947795	0.7329811088387532	4.858445827937206	324023
158	0.31789940135502837	0.7352053395023205	4.858445827937206	325956
159	0.3195386659468036	0.7388079879444658	4.858445827937206	327902
160	0.3211739909607406	0.7409836815059446	4.858445827937206	329946
161	0.32280538586466645	0.7425688352200919	4.858445827937206	331901
162	0.32443286010365446	0.7460713000470294	4.858445827937206	333845
163	0.326056423100079	0.7478843210498471	4.858445827937206	335782
164	0.3276760842536699	0.7494272435468008	4.858445827937206	337730
165	0.3292918529415674	0.7528363966958239	4.858445827937206	339688
166	0.3309037385183756	0.7543490129898767	4.858445827937206	341660
167	0.3325117503162174	0.7561029320974636	4.858445827937206	343608
168	0.3341158976447879	0.7581345611512124	4.858445827937206	345638
169	0.3357161897914087	0.7609551493593615	4.858445827937206	347637
170	0.33731263602108175	0.7632782285686971	4.858445827937206	349640
171	0.33890524557654256	0.7677872146911981	4.858445827937206	351592
172	0.34049402767831405	0.7704952355111259	4.858445827937206	353585
173	0.34207899152475973	0.771899781494789	4.858445827937206	355535
174	0.34366014629213726	0.7779824539882613	4.858445827937206	357510
175	0.3452375011346511	0.7801400589057709	4.858445827937206	359474
176	0.3468110651845061	0.7836298992405999	4.858445827937206	361455
177	0.34838084755195975	0.7865737101352857	4.858445827937206	363399
178	0.34994685732537534	0.7894774691810641	4.858445827937206	365353
179	0.35150910357127463	0.791231092927994	4.858445827937206	367312
180	0.3530675953343899	0.7929701092301348	4.858445827937206	369267
181	0.3546223416377169	0.7942371112561128	4.858445827937206	371315
182	0.35617335148256646	0.7962367506025063	4.858445827937206	373253
183	0.3577206338486171	0.7974837611131456	4.858445827937206	375308
184	0.3592641976939669	0.7989297032007533	4.858445827937206	377250
185	0.36080405195518517	0.8006045911374401	4.858445827937206	379299
186	0.36234020554736446	0.8044025989252983	4.858445827937206	381234
187	0.3638726673641719	0.8060318983928094	4.858445827937206	383167
188	0.36540144627790083	0.8074168077872798	4.858445827937206	385106
189	0.36692655113952244	0.8100369872731671	4.858445827937206	387055
190	0.36844799077873636	0.8121907629276663	4.858445827937206	388997
191	0.3699657740040224	0.8135316987549216	4.858445827937206	390934
192	0.3714799096026914	0.8150849540755803	4.858445827937206	392901
193	0.3729904063409356	0.8261798568310454	4.858445827937206	394840
194	0.37449727296388025	0.827243618555171	4.858445827937206	396776
195	0.3760005181956336	0.8286826554684974	4.858445827937206	398719
196	0.3775001507393376	0.8306805253755702	4.858445827937206	400710
197	0.3789961792772184	0.8318894464771905	4.858445827937206	402648
198	0.38048861247063637	0.8329182660892265	4.858445827937206	404624
199	0.38197745896013646	0.8348667411202559	4.858445827937206	406560
200	0.383462727365498	0.8358773399897186	4.858445827937206	408548
201	0.38494442628578507	0.8368817540961487	4.858445827937206	410491
202	0.3864225642993957	0.8380463991552587	4.858445827937206	412449
203	0.38789714996411195	0.8396652606380883	4.858445827937206	414388
204	0.3893681918171492	0.8415350535169445	4.858445827937206	416378
205	0.3908356983752058	0.842855044741293	4.858445827937206	418317
206	0.3922996781345123	0.8439770412088985	4.858445827937206	420284
207	0.3937601395708803	0.8457460089956457	4.858445827937206	422301
208	0.3952170911397521	0.8481944850433338	4.858445827937206	424265
209	0.39667054127624946	0.8491235194658007	4.858445827937206	426205
210	0.3981204983952221	0.8506316558809697	4.858445827937206	428151
211	0.3995669708912969	0.8515457750640116	4.858445827937206	430097
212	0.401009967138926	0.8526057207409509	4.858445827937206	432070
213	0.4024494954924358	0.853658098530627	4.858445827937206	434036
214	0.403885564286075	0.8544417464828042	4.858445827937206	436006
215	0.4053181818340631	0.8553325482960996	4.858445827937206	437933
216	0.4067473564306381	0.8573008129451323	4.858445827937206	439904
217	0.4081730963501049	0.8583196683295902	4.858445827937206	441840
218	0.40959540984688314	0.8597358815574493	4.858445827937206	443799
219	0.4110143051555549	0.8607373508388859	4.858445827937206	445745
220	0.41242979049091255	0.8615896241892417	4.858445827937206	447742
221	0.4138418740480061	0.8627425635962451	4.858445827937206	449699
222	0.4152505640021906	0.8635825652470088	4.858445827937206	451659
223	0.4166558685091739	0.8644174261724918	4.858445827937206	453617
224	0.4180577957050633	0.8659985640596931	4.858445827937206	455588
225	0.419456353706413	0.8673008131941956	4.858445827937206	457518
226	0.420851550610271	0.8684061791817491	4.858445827937206	459470
227	0.4222433944942261	0.8690227683047	4.858445827937206	461411
228	0.42363189341645446	0.8708047714570171	4.858445827937206	463363
229	0.4250170554157664	0.8725625296684862	4.858445827937206	465341
230	0.42639888851165286	0.8740486809259966	4.858445827937206	467305
231	0.4277774007043319	0.8748194902803752	4.858445827937206	469594
232	0.42915259997479493	0.8755855823593399	4.858445827937206	471535
233	0.43052449428485307	0.8763469860321401	4.858445827937206	473475
234	0.43189309157718303	0.8771037299913481	4.858445827937206	475431
235	0.4332583997753733	0.8779811948810392	4.858445827937206	477375
236	0.4346204267839697	0.8787279376471117	4.858445827937206	479297
237	0.4359791804885218	0.8819618593098553	4.858445827937206	481252
238	0.43733466875562776	0.8826842408115843	4.858445827937206	483207
239	0.43868689943298045	0.8834022014114674	4.858445827937206	485151
240	0.44003588034941277	0.886511476040495	4.858445827937206	487122
241	0.4413816193149427	0.8873217707317034	4.858445827937206	489187
242	0.44272412412081874	0.8880113501167655	4.858445827937206	491153
243	0.4440634025395652	0.8886967093456236	4.858445827937206	493111
244	0.4453994623250269	0.8896238504589462	4.858445827937206	495050
245	0.4467323112124141	0.891667853228225	4.858445827937206	496993
246	0.4480619569183474	0.8924413319937758	4.858445827937206	498978
247	0.44938840714090234	0.8930995801808788	4.858445827937206	500924
248	0.450711669559654	0.8939900459852863	4.858445827937206	502865
249	0.4520317518357214	0.8946388161991479	4.858445827937206	504822
250	0.453348661611812	0.8953910826390896	4.858445827937206	506761
251	0.45466240651226575	0.8964076901936174	4.858445827937206	508715
252	0.45597299414309944	0.8976157637773654	4.858445827937206	510646
253	0.4572804320920506	0.8982423449644583	4.858445827937206	512600
254	0.45858472792862137	0.8996268028560983	4.858445827937206	514536
255	0.45988588920412254	0.9002410766871007	4.858445827937206	516513
256	0.461183923451717	0.9008515912242858	4.858445827937206	518463
257	0.4624788381864636	0.9022005491668126	4.858445827937206	520397
258	0.4637706409053606	0.9027990719302861	4.858445827937206	522333
259	0.46505933908738883	0.9039326104500495	4.858445827937206	524277
260	0.46634494019355544	0.9048662099597672	4.858445827937206	526234
261	0.46762745166693676	0.9056586613553543	4.858445827937206	528178
262	0.46890688093272137	0.9067282910452029	4.858445827937206	530119
263	0.47018323539825324	0.9072991044855845	4.858445827937206	532054
264	0.4714565224530747	0.90856034115925	4.858445827937206	533991
265	0.47272674946896887	0.9092132095510445	4.858445827937206	535929
266	0.4739939238000027	0.9097688155410932	4.858445827937206	537875
267	0.4752580527825695	0.9108210742519842	4.858445827937206	539824
268	0.47651914373543125	0.9113668402724228	4.858445827937206	541762
269	0.477777203959761	0.9130550909339005	4.858445827937206	543702
270	0.47903224073918504	0.9136758673418217	4.858445827937206	545670
271	0.4802842613398256	0.9145387491343232	4.858445827937206	547610
272	0.4815332730103422	0.9151489323974803	4.858445827937206	549645
273	0.48277928298197414	0.9161384492208333	4.858445827937206	551593
274	0.48402229846858214	0.9166516734434021	4.858445827937206	553544
275	0.48526232666669	0.9170979963677844	4.858445827937206	555495
276	0.4864993747555266	0.9179036523797593	4.858445827937206	557450
277	0.48773344989706724	0.9184898106301568	4.858445827937206	559393
278	0.48896455923607496	0.9189886447583371	4.858445827937206	561362
279	0.4901927099001423	0.9199333835949746	4.858445827937206	563374
280	0.49141790899973226	0.9220684933657752	4.858445827937206	565356
281	0.4926401636282195	0.922545426316983	4.858445827937206	567381
282	0.49385948086193154	0.9235992300405614	4.858445827937206	569322
283	0.49507586776018964	0.9240667950378907	4.858445827937206	571262
284	0.4962893313653497	0.9246993081987579	4.858445827937206	573207
285	0.49749987870284296	0.9255774503771981	4.858445827937206	575136
286	0.4987075167812167	0.9260329088658246	4.858445827937206	577111
287	0.499912252592175	0.9264855799944921	4.858445827937206	579052
288	0.5011140931106188	0.9273190768199513	4.858445827937206	581007
289	0.5023130452946867	0.9280455833407015	4.858445827937206	582943
290	0.5035091160857952	0.928559329398839	4.858445827937206	584916
291	0.5047023124086787	0.9289418878776933	4.858445827937206	586861
292	0.5058926411714294	0.929533792185251	4.858445827937206	588821
293	0.5070801092655379	0.929965038261517	4.858445827937206	590766
294	0.5082647235659328	0.930465079637647	4.858445827937206	592743
295	0.5094464909310201	0.9308906263287443	4.858445827937206	594708
296	0.5106254182027237	0.931313568717063	4.858445827937206	596692
297	0.5118015122065243	0.9316813784877218	4.858445827937206	598660
298	0.5129747797514992	0.9324780971059409	4.858445827937206	600623
299	0.5141452276303617	0.9332655245449386	4.858445827937206	602588
300	0.5153128626195008	0.9336739327959874	4.858445827937206	604552
301	0.5164776914790197	0.934226419819761	4.858445827937206	606537
302	0.5176397209527754	0.934972152021351	4.858445827937206	608492
303	0.5187989577684178	0.9353701158845765	4.858445827937206	610431
304	0.5199554086374283	0.9359982002783125	4.858445827937206	612391
305	0.521109080255159	0.9366379517124318	4.858445827937206	614336
306	0.5222599793008715	0.9370257210497577	4.858445827937206	616292
307	0.5234081124377751	0.9374111172778954	4.858445827937206	618230
308	0.5245534863130658	0.9380193668670315	4.858445827937206	620199
309	0.5256961075579647	0.9384619012857829	4.858445827937206	622156
310	0.5268359827877562	0.9389012760609187	4.858445827937206	624100
311	0.5279731186018268	0.9394102200337556	4.858445827937206	626044
312	0.5291075215837026	0.9401168063890472	4.858445827937206	627991
313	0.5302391983010879	0.9409089121246418	4.858445827937206	630033
314	0.5313681553059033	0.9412705436155193	4.858445827937206	631965
315	0.5324943991343231	0.9436197218708986	4.858445827937206	633897
316	0.5336179363068136	0.9442772178257569	4.858445827937206	635839
317	0.534738773328171	0.9446182356258696	4.858445827937206	637813
318	0.5358569166875584	0.9451833556705035	4.858445827937206	639765
319	0.536972372858544	0.9455188279985066	4.858445827937206	641730
320	0.5380851482991382	0.9458522472697378	4.858445827937206	643709
321	0.5391952494518312	0.946483707942977	4.858445827937206	645644
322	0.5403026827436301	0.9469294913003866	4.858445827937206	647617
323	0.5414074545860965	0.9473084084803683	4.858445827937206	649555
324	0.5425095713753831	0.9477473221956506	4.858445827937206	651494
325	0.5436090394922712	0.9480671033074248	4.858445827937206	653483
326	0.5447058653022072	0.9486727347557348	4.858445827937206	655452
327	0.5458000551553399	0.9496503969508636	4.858445827937206	657390
328	0.5468916153865568	0.9499585314373054	4.858445827937206	659373
329	0.5479805523155213	0.9504691586675369	4.858445827937206	661412
330	0.5490668722467089	0.9508817437681821	4.858445827937206	663371
331	0.5501505814694436	0.9512324423311511	4.858445827937206	665332
332	0.5512316862579348	0.9518959465171218	4.858445827937206	667265
333	0.5523101928713134	0.9522394037919445	4.858445827937206	669195
334	0.5533861075536677	0.9525316938179524	4.858445827937206	671141
335	0.5544594365340798	0.9528221950585161	4.858445827937206	673079
336	0.5555301860266624	0.9531590390278728	4.858445827937206	675023
337	0.556598362230593	0.9534457009791	4.858445827937206	676968
338	0.5576639713301517	0.953833491891394	4.858445827937206	679006
339	0.558727019494756	0.9542949646921465	4.858445827937206	680945
340	0.5597875128789963	0.9545746748930122	4.858445827937206	682895
341	0.5608454576226725	0.9550161260602327	4.858445827937206	684840
342	0.5619008598508284	0.9552914228263474	4.858445827937206	686792
343	0.5629537256737882	0.955663839129335	4.858445827937206	688750
344	0.5640040611871913	0.9561070160809784	4.858445827937206	690704
345	0.5650518724720273	0.9563756367103224	4.858445827937206	692658
346	0.5660971655946722	0.9568843756408143	4.858445827937206	694603
347	0.5671399466069225	0.9573153523107937	4.858445827937206	696773
348	0.568180221546031	0.957576578044427	4.858445827937206	698864
349	0.569217996434741	0.9579299593185259	4.858445827937206	700950
350	0.5702532772813219	0.9581874237193339	4.858445827937206	702904
351	0.5712860700796036	0.9584433124640073	4.858445827937206	704928
352	0.5723163808090113	0.9590087095733405	4.858445827937206	706905
353	0.5733442154346	0.9593013825578826	4.858445827937206	708941
354	0.5743695799070891	0.9597760020032717	4.858445827937206	710880
355	0.5753924801628971	0.9600631966102573	4.858445827937206	712892
356	0.5764129221241756	0.9603076058142507	4.858445827937206	714981
357	0.5774309116988436	0.9605910048326531	4.858445827937206	717047
358	0.5784464547806221	0.9609192763459172	4.858445827937206	719110
359	0.5794595572490676	0.9611584464283738	4.858445827937206	721207
360	0.580470224969607	0.9613961528140768	4.858445827937206	723276
361	0.5814784637935708	0.9616373263700072	4.858445827937206	725376
362	0.582484279558227	0.9626603310001404	4.858445827937206	727407
363	0.5834876780868156	0.9629269318378855	4.858445827937206	729497
364	0.5844886651885814	0.9633592708251988	4.858445827937206	731535
365	0.5854872466588084	0.9635835083878288	4.858445827937206	733640
366	0.5864834282788529	0.9638868527577761	4.858445827937206	735591
367	0.5874772158161772	0.9643079973320294	4.858445827937206	737613
368	0.5884686150243825	0.9645264287842384	4.858445827937206	739609
369	0.5894576316432434	0.9654723906833254	4.858445827937206	741692
370	0.5904442713987395	0.965683696165803	4.858445827937206	743655
371	0.5914285400030896	0.9660838862979801	4.858445827937206	745601
372	0.5924104431547851	0.9662914494890439	4.858445827937206	747620
373	0.5933899865386218	0.9664977424143377	4.858445827937206	749574
374	0.5943671758257337	0.9667369445866635	4.858445827937206	751511
375	0.5953420166736256	0.9672649295932244	4.858445827937206	753448
376	0.596314514726206	0.9674986541394738	4.858445827937206	755398
377	0.5972846756138193	0.9677693858834181	4.858445827937206	757335
378	0.5982525049532789	0.9679995086711846	4.858445827937206	759344
379	0.5992180083478995	0.9682279884093566	4.858445827937206	761322
380	0.6001811913875297	0.9684548368291148	4.858445827937206	763271
381	0.6011420596485841	0.9686478900423426	4.858445827937206	765234
382	0.6021006186940759	0.9689090488091703	4.858445827937206	767190
383	0.6030568740736487	0.9691310345379083	4.858445827937206	769273
384	0.604010831323609	0.9694810228084535	4.858445827937206	771357
385	0.6049624959669582	0.9696677958671104	4.858445827937206	773426
386	0.6059118735134243	0.9700690154984978	4.858445827937206	775489
387	0.6068589694594942	0.9703598899834492	4.858445827937206	777581
388	0.6078037892884451	0.9705412844637415	4.858445827937206	779626
389	0.6087463384703768	0.9707516162221964	4.858445827937206	781656
390	0.6096866224622426	0.9709306133774636	4.858445827937206	783755
391	0.6106246467078815	0.9711727573726533	4.858445827937206	785832
392	0.6115604166380499	0.9715089351292404	4.858445827937206	787981
393	0.612493937670452	0.9717462617837241	4.858445827937206	790028
394	0.6134252152097724	0.9719816115397947	4.858445827937206	792242
395	0.6143542546477068	0.972153081247921	4.858445827937206	794193
396	0.6152810613629928	0.9723235015787483	4.858445827937206	796162
397	0.616205640721442	0.9725540430066637	4.858445827937206	798246
398	0.6171279980759704	0.9727220094920159	4.858445827937206	800309
399	0.6180481387666295	0.9728889480394387	4.858445827937206	802372
400	0.6189660681206373	0.9730548649398085	4.858445827937206	804464
401	0.6198817914524092	0.9732472500297843	4.858445827937206	806516
402	0.6207953140635885	0.9734382615128822	4.858445827937206	808603
403	0.6217066412430774	0.9737480193961139	4.858445827937206	810668
404	0.6226157782670674	0.9740104298644575	4.858445827937206	812718
405	0.6235227303990702	0.9743135152304697	4.858445827937206	814773
406	0.6244275028899477	0.9744969137056493	4.858445827937206	816863
407	0.6253301009779426	0.9747093509092674	4.858445827937206	818948
408	0.6262305298887088	0.9749200185401773	4.858445827937206	821043
409	0.6271287948353417	0.9751289313386764	4.858445827937206	823167
410	0.6280249010184079	0.9752843107763773	4.858445827937206	825234
411	0.6289188536259762	0.9754355682986768	4.858445827937206	827312
412	0.629810657833647	0.9756109554471363	4.858445827937206	829397
413	0.6307003188045821	0.9757602139370347	4.858445827937206	831461
414	0.6315878416895351	0.9759332831538823	4.858445827937206	833549
415	0.6324732316268808	0.9760805690307635	4.858445827937206	835586
416	0.6333564937426458	0.976226953532951	4.858445827937206	837659
417	0.6342376331505366	0.9763542560962897	4.858445827937206	839723
418	0.6351166549519708	0.9767295853646025	4.858445827937206	841764
419	0.6359935642361056	0.976923424720166	4.858445827937206	843820
420	0.6368683660798682	0.9771476868706017	4.858445827937206	845885
421	0.6377410655479837	0.9774067833913432	4.858445827937206	848056
422	0.6386116676930063	0.9776702611360506	4.858445827937206	850122
423	0.6394801775553467	0.9778330143347674	4.858445827937206	852206
424	0.6403466001633031	0.9779912840009677	4.858445827937206	854259
425	0.641210940533089	0.9782051685101906	4.858445827937206	856318
426	0.6420732036688623	0.9784230260511133	4.858445827937206	858386
427	0.642933394562755	0.9786327148164086	4.858445827937206	860427
428	0.6437915181949017	0.9787634804440993	4.858445827937206	862481
429	0.6446475795334683	0.978893445799353	4.858445827937206	864536
430	0.6455015835346811	0.9790226157797564	4.858445827937206	866636
431	0.6463535351428551	0.9791509952529229	4.858445827937206	868740
432	0.6472034392904229	0.9792785890566773	4.858445827937206	870833
433	0.6480513008979631	0.9794054019992369	4.858445827937206	872920
434	0.6488971248742291	0.9795524450027527	4.858445827937206	875002
435	0.6497409161161771	0.9797227703255119	4.858445827937206	877056
436	0.6505826795089948	0.9798675473565668	4.858445827937206	879145
437	0.6514224199261295	0.9800687880327194	4.858445827937206	881286
438	0.652260142229316	0.9801907650373386	4.858445827937206	883370
439	0.6530958512686056	0.9803322006412846	4.858445827937206	885469
440	0.6539295518823933	0.9804960307067465	4.858445827937206	887614
441	0.6547612488974466	0.9806909891669873	4.858445827937206	889730
442	0.6555909471289323	0.9808839988546143	4.858445827937206	891779
443	0.6564186513804459	0.9810432325167999	4.858445827937206	893930
444	0.6572443664440382	0.9811592460195743	4.858445827937206	895986
445	0.6580680971002433	0.9813161869107065	4.858445827937206	898035
446	0.6588898481181069	0.9814305299601527	4.858445827937206	900127
447	0.6597096242552133	0.9816470835466232	4.858445827937206	902186
448	0.6605274302577127	0.9818611117268375	4.858445827937206	904276
449	0.6613432708603496	0.9821078993223907	4.858445827937206	906328
450	0.6621571507864894	0.9822173971718232	4.858445827937206	908389
451	0.662969074748146	0.982326224905474	4.858445827937206	910470
452	0.6637790474460092	0.9824343866243842	4.858445827937206	912529
453	0.664587073569472	0.9825418864044966	4.858445827937206	914620
454	0.6653931577966572	0.9826487282968098	4.858445827937206	916725
455	0.666197304794445	0.9827549163275309	4.858445827937206	918813
456	0.6669995192185001	0.9828780441933425	4.858445827937206	920817
457	0.6677998057132982	0.9830777171473559	4.858445827937206	922898
458	0.6685981689121532	0.9831985402533426	4.858445827937206	924949
459	0.6693946134372437	0.9833013634904088	4.858445827937206	926985
460	0.6701891438996405	0.9834404608374274	4.858445827937206	929037
461	0.6709817648993324	0.9835418035449477	4.858445827937206	931081
462	0.6717724810252532	0.983728404411785	4.858445827937206	933131
463	0.6725612968553089	0.9838445816873598	4.858445827937206	935180
464	0.6733482169564027	0.9839599294708736	4.858445827937206	937227
465	0.6741332458844631	0.9841202633703734	4.858445827937206	939289
466	0.6749163881844692	0.984305449803372	4.858445827937206	941386
467	0.6756976483904773	0.9844833925493655	4.858445827937206	943442
468	0.6764770310256473	0.9845783526201223	4.858445827937206	945489
469	0.6772545406022688	0.9847068128232033	4.858445827937206	947544
470	0.6780301816217869	0.9848004055844447	4.858445827937206	949706
471	0.678803958574829	0.9848934255674382	4.858445827937206	951768
472	0.6795758759412301	0.9850012847292104	4.858445827937206	953845
473	0.6803459381900592	0.9852053488825545	4.858445827937206	955854
474	0.6811141497796445	0.985310980948604	4.858445827937206	957931
475	0.6818805151576002	0.985400876261926	4.858445827937206	959965
476	0.6826450387608515	0.9855051122855214	4.858445827937206	962038
477	0.6834077250156605	0.9856086040761882	4.858445827937206	964059
478	0.6841685783376521	0.9856966779660228	4.858445827937206	966112
479	0.6849276031318388	0.985784212852545	4.858445827937206	968162
480	0.6856848037926471	0.985871212034401	4.858445827937206	970210
481	0.6864401847039425	0.985957678790049	4.858445827937206	972309
482	0.687193750239055	0.9860746493957129	4.858445827937206	974380
483	0.6879455047608041	0.9862370441549465	4.858445827937206	976463
484	0.6886954526215245	0.9863212720549579	4.858445827937206	978535
485	0.6894435981630911	0.9864049844887264	4.858445827937206	980597
486	0.6901899457169443	0.9865182290993992	4.858445827937206	982699
487	0.6909344996041143	0.9866754509174821	4.858445827937206	984836
488	0.6916772641352477	0.986808640912476	4.858445827937206	986885
489	0.6924182436106306	0.9868893706980502	4.858445827937206	989026
490	0.6931574423202151	0.9869985804381747	4.858445827937206	991100
491	0.6938948645436429	0.9870781478130314	4.858445827937206	993200
492	0.6946305145502709	0.9872539553257793	4.858445827937206	995260
493	0.6953643965991958	0.9873601281260643	4.858445827937206	997317
494	0.6960965149392779	0.9874374828655796	4.858445827937206	999372
495	0.6968268738091672	0.9875143642019002	4.858445827937206	1001443
496	0.6975554774373266	0.9876035101705901	4.858445827937206	1003489
497	0.6982823300420571	0.9879340832327077	4.858445827937206	1005493
498	0.6990074358315221	0.9880982453655961	4.858445827937206	1007592
499	0.6997307990037714	0.988197385345891	4.858445827937206	1009580
