0	0.00240325927734375	0.0061198990216660976	8.015681606320939	3072
1	0.004800742899533361	0.012202344879296834	8.015681606320939	5359
2	0.0071924647469656655	0.01824756678247408	6.378465773950644	7707
3	0.00957843866667929	0.029696574750025406	5.453521124305016	10008
4	0.011958678472434925	0.04289798189628358	5.453521124305016	12587
5	0.01433319794479504	0.04973157755121582	5.453521124305016	15087
6	0.01670201083120393	0.05896645046131088	5.453521124305016	17598
7	0.019065130846067313	0.07987830711772625	5.453521124305016	19879
8	0.021422571670831503	0.08550935896581024	5.453521124305016	22351
9	0.023774346954062775	0.10417243327263048	5.453521124305016	24691
10	0.026120470311526423	0.11461940198082132	5.453521124305016	27039
11	0.02846095532626547	0.12094091514571104	5.453521124305016	29666
12	0.030795815548679273	0.12632066797909747	5.453521124305016	31936
13	0.03312506449660224	0.13255863548326285	5.453521124305016	34219
14	0.03544871565538188	0.1490813281407245	5.453521124305016	36752
15	0.03776678247795695	0.15515678721272508	5.453521124305016	39283
16	0.04007927838493508	0.1666512526928241	5.453521124305016	41625
17	0.042386216764671025	0.17831327597875535	5.453521124305016	44175
18	0.04468761097334362	0.1841800223869513	5.453521124305016	46546
19	0.04698347433503336	0.18917275826980107	5.453521124305016	48708
20	0.049273820141799596	0.1941349391132059	5.453521124305016	51061
21	0.05155866165375744	0.19906675191092182	5.453521124305016	53423
22	0.0538380120991544	0.20396838251232208	5.453521124305016	55614
23	0.056111884674447055	0.20884001562940024	5.453521124305016	58077
24	0.05838029254437771	0.21368183484373127	5.453521124305016	60482
25	0.06064324884205019	0.22023175708576592	5.453521124305016	62853
26	0.06290076666900601	0.225003859992703	5.453521124305016	65207
27	0.06515285909530044	0.2340417158528464	5.453521124305016	67371
28	0.06739953915957797	0.23872930320663555	5.453521124305016	69543
29	0.06964081986914772	0.2441646862979192	5.453521124305016	71720
30	0.07187671420005914	0.24956126139426293	5.453521124305016	74103
31	0.07410723509717665	0.25491930558017883	5.453521124305016	76323
32	0.07633239547425485	0.2602390939618281	5.453521124305016	78763
33	0.07855220821401321	0.2743297778863647	5.453521124305016	80928
34	0.08076668616821081	0.2842028421328088	5.453521124305016	83381
35	0.08297584215772047	0.28858344845895156	5.453521124305016	85772
36	0.0851796889726033	0.29366287882635356	5.453521124305016	88170
37	0.08737823937218236	0.2987060426593301	5.453521124305016	90465
38	0.08957150608511699	0.3037131988966646	5.453521124305016	92806
39	0.09175950180947601	0.3079744038095359	5.374771957911367	95191
40	0.09394223921281164	0.31220953057862977	5.374771957911367	97495
41	0.0961197309322328	0.31712027350304006	5.374771957911367	99937
42	0.09829198957447793	0.3264111541356518	5.374771957911367	102233
43	0.10045902771598825	0.3342664176442739	5.374771957911367	104654
44	0.10262085790298059	0.33834063994362296	5.374771957911367	107122
45	0.10477749265152003	0.34238992841390814	5.374771957911367	109577
46	0.10692894444759216	0.3464144356476456	5.374771957911367	111894
47	0.10907522574717565	0.3504143133035007	5.374771957911367	114168
48	0.11121634897631416	0.3543897121120029	5.374771957911367	116798
49	0.11335232653118832	0.3606638645696122	5.374771957911367	119042
50	0.11548317077818748	0.36522864925763776	5.127519858546099	121543
51	0.11760889405398145	0.3697608419207593	5.127519858546099	123823
52	0.11972950866559184	0.3736178419277041	5.127519858546099	126234
53	0.12184502689046317	0.3774512374840798	5.127519858546099	128464
54	0.1239554609765342	0.38126117304674045	5.127519858546099	130831
55	0.1260608231423087	0.3850477921884785	5.127519858546099	133283
56	0.12816112557692616	0.3894384785059285	5.127519858546099	135431
57	0.13025638044023236	0.3955415507740908	5.127519858546099	137810
58	0.1323465998628499	0.3992407754461462	5.127519858546099	140101
59	0.13443179594624832	0.40524586557079945	5.127519858546099	142280
60	0.13651198076281423	0.4084307214105465	5.127519858546099	144623
61	0.13858716635592117	0.4133584121942987	5.127519858546099	146964
62	0.14065736473999924	0.4182450559910975	5.127519858546099	149282
63	0.14272258790060488	0.42406018246182375	5.127519858546099	151656
64	0.14478284779449002	0.4275848759877142	5.127519858546099	153925
65	0.14683815634967146	0.43314770518122525	5.127519858546099	156323
66	0.1488885254654998	0.4378695068873375	5.127519858546099	158516
67	0.15093396701272854	0.4455175408072377	5.127519858546099	160856
68	0.15297449283358266	0.45431884968331326	5.127519858546099	163182
69	0.15501011474182713	0.45765836322127795	5.127519858546099	165428
70	0.1570408445228355	0.4609774392736088	5.127519858546099	167813
71	0.1590666939336579	0.4648259968559951	4.858445827937206	170037
72	0.16108767470308916	0.46810120771425723	4.858445827937206	172180
73	0.16310379853173695	0.4725318515483742	4.858445827937206	174608
74	0.16511507709208928	0.4757599033540433	4.858445827937206	177015
75	0.1671215220285821	0.4818734904869407	4.858445827937206	179157
76	0.1691231449576669	0.4889228307524245	4.858445827937206	181334
77	0.17111995746787756	0.49488291435881016	4.858445827937206	183637
78	0.17311197111989796	0.49848939084342625	4.858445827937206	185970
79	0.1750991974466285	0.5096340710469056	4.858445827937206	188410
80	0.1770816479532532	0.5131352260105739	4.858445827937206	190741
81	0.179059334117306	0.517190742661881	4.858445827937206	193069
82	0.18103226738873734	0.5263871094683215	4.858445827937206	195399
83	0.18300045918998054	0.5297686497113036	4.858445827937206	197761
84	0.18496392091601777	0.5326464180918921	4.858445827937206	200095
85	0.18692266393444623	0.5359832676086989	4.858445827937206	202235
86	0.18887669958554376	0.5392962924130635	4.858445827937206	204390
87	0.19082603918233454	0.5421157525824027	4.858445827937206	206813
88	0.1927706940106546	0.5459298654305293	4.858445827937206	209163
89	0.19471067532921726	0.5487087288028488	4.858445827937206	211415
90	0.19664599436967822	0.5514705858119346	4.858445827937206	213813
91	0.19857666233670057	0.5567012495342445	4.858445827937206	216141
92	0.2005026904080197	0.5627325250507854	4.858445827937206	218670
93	0.20242408973450798	0.566374903017876	4.858445827937206	221286
94	0.20434087144023938	0.570167542350081	4.858445827937206	223837
95	0.20625304662255384	0.5760156029983793	4.858445827937206	226097
96	0.20816062635212151	0.5786103446947912	4.858445827937206	228347
97	0.21006362167300685	0.5811892068340337	4.858445827937206	230819
98	0.21196204360273252	0.5868873128635026	4.858445827937206	233247
99	0.21385590313234326	0.5898368887816545	4.858445827937206	235792
100	0.2157452112264695	0.5923470456047233	4.858445827937206	238275
101	0.21762997882339075	0.5948418405215061	4.858445827937206	240571
102	0.21951021683509908	0.5973213675453186	4.858445827937206	242819
103	0.22138593614736213	0.5997857201141239	4.858445827937206	245301
104	0.22325714761978632	0.6044529420369913	4.858445827937206	247630
105	0.22512386208587953	0.608296936769382	4.858445827937206	250049
106	0.2269860903531139	0.6127380145837882	4.858445827937206	252446
107	0.22884384320298856	0.6155030195370781	4.858445827937206	254695
108	0.23069713139109171	0.6187058265380188	4.858445827937206	257173
109	0.23254596564716323	0.621428222017012	4.858445827937206	259600
110	0.23439035667515662	0.6237450430707204	4.858445827937206	262171
111	0.23623031515330084	0.6264314591373303	4.858445827937206	264626
112	0.23806585173416261	0.6323611185161029	4.858445827937206	267104
113	0.23989697704470747	0.6360359761402652	4.858445827937206	269584
114	0.2417237016863618	0.6395730414838972	4.858445827937206	271877
115	0.24354603623507398	0.6437762713208196	4.858445827937206	274048
116	0.24536399124137553	0.6473370249602617	4.858445827937206	276264
117	0.2471775772304423	0.6498549970555059	4.858445827937206	278514
118	0.24898680470215562	0.6527716568051476	4.858445827937206	280796
119	0.2507916841311627	0.6548966592029605	4.858445827937206	283243
120	0.25259222596693753	0.657008656800678	4.858445827937206	285694
121	0.25438844063384136	0.6594575745839777	4.858445827937206	287959
122	0.2561803385311828	0.661889007382807	4.858445827937206	290461
123	0.25796793003327845	0.664303080037895	4.858445827937206	292744
124	0.25975122548951257	0.6663575112899474	4.858445827937206	295269
125	0.2615302352243972	0.6691367073641669	4.858445827937206	297509
126	0.26330496953763205	0.6709084510624608	4.858445827937206	299786
127	0.2650754387041637	0.6729224581108422	4.858445827937206	302269
128	0.2668416529742458	0.6752577532275613	4.858445827937206	304794
129	0.26860362257349746	0.6772451429858777	4.858445827937206	307042
130	0.2703613577029633	0.6810090480239432	4.858445827937206	309334
131	0.2721148685391722	0.6836661988109157	4.858445827937206	311738
132	0.273864165234196	0.6873552227314881	4.858445827937206	314170
133	0.27560925791570867	0.6899595107553824	4.858445827937206	316586
134	0.27735015668704466	0.6941777487042888	4.858445827937206	319007
135	0.27908687162725754	0.6977441889526352	4.858445827937206	321353
136	0.2808194127911783	0.7006815632096552	4.858445827937206	323831
137	0.2825477902094734	0.7025133618181352	4.858445827937206	326150
138	0.28427201388870327	0.7065607990723102	4.858445827937206	328628
139	0.2859920938113798	0.7105531691529591	4.858445827937206	331036
140	0.28770803993602434	0.7129642214715517	4.858445827937206	333319
141	0.2894198621972255	0.7147208514517511	4.858445827937206	335837
142	0.29112757050569615	0.7164667310338533	4.858445827937206	338403
143	0.29283117474833154	0.7192221563882375	4.858445827937206	340686
144	0.29453068478826594	0.7212268771137336	4.858445827937206	343140
145	0.29622611046492986	0.7232172843694218	4.858445827937206	345602
146	0.29791746159410726	0.7264450711406238	4.858445827937206	347950
147	0.2996047479679923	0.7281191996821224	4.858445827937206	350391
148	0.30128797935524576	0.7303839293807302	4.858445827937206	352820
149	0.30296716550105185	0.7326297941922193	4.858445827937206	355270
150	0.30464231612717463	0.7352281441028877	4.858445827937206	357575
151	0.3063134409320143	0.740271417548547	4.858445827937206	360034
152	0.3079805495906631	0.7424349209425616	4.858445827937206	362327
153	0.30964365175496167	0.7449379829353453	4.858445827937206	364611
154	0.3113027570535547	0.7470626144810734	4.858445827937206	367111
155	0.31295787509194684	0.7486105657392534	4.858445827937206	369393
156	0.31460901545255804	0.7501490436920429	4.858445827937206	371690
157	0.3162561876947795	0.7516781063151143	4.858445827937206	374035
158	0.31789940135502837	0.7531978112293347	4.858445827937206	376297
159	0.3195386659468036	0.7549599497818712	4.858445827937206	378778
160	0.3211739909607406	0.7564595701454702	4.858445827937206	381104
161	0.32280538586466645	0.7581984201236068	4.858445827937206	383507
162	0.32443286010365446	0.7599248549177502	4.858445827937206	386010
163	0.326056423100079	0.7613940905632653	4.858445827937206	388471
164	0.3276760842536699	0.762854334634991	4.858445827937206	390975
165	0.3292918529415674	0.7645475267480273	4.858445827937206	393464
166	0.3309037385183756	0.7672170559232198	4.858445827937206	395809
167	0.3325117503162174	0.7686416640349358	4.858445827937206	398309
168	0.3341158976447879	0.7825231641928396	4.858445827937206	400585
169	0.3357161897914087	0.7840759231799794	4.858445827937206	402960
170	0.33731263602108175	0.7856175956508786	4.858445827937206	405215
171	0.33890524557654256	0.7869295943175173	4.858445827937206	407505
172	0.34049402767831405	0.7894143803896162	4.858445827937206	409796
173	0.34207899152475973	0.7909179369049518	4.858445827937206	412201
174	0.34366014629213726	0.7937625908246123	4.858445827937206	414713
175	0.3452375011346511	0.7952351016296964	4.858445827937206	417240
176	0.3468110651845061	0.7969407650896738	4.858445827937206	419769
177	0.34838084755195975	0.7981834671027418	4.858445827937206	422027
178	0.34994685732537534	0.8001447550803633	4.858445827937206	424381
179	0.35150910357127463	0.8013678489982219	4.858445827937206	426698
180	0.3530675953343899	0.8025834577048091	4.858445827937206	429173
181	0.3546223416377169	0.804227910368659	4.858445827937206	431630
182	0.35617335148256646	0.8076524950269333	4.858445827937206	434097
183	0.3577206338486171	0.8107056300265058	4.858445827937206	436358
184	0.3592641976939669	0.8118640924561134	4.858445827937206	438819
185	0.36080405195518517	0.8130154652126315	4.858445827937206	441095
186	0.36234020554736446	0.8143505127627287	4.858445827937206	443560
187	0.3638726673641719	0.816515521360248	4.858445827937206	445976
188	0.36540144627790083	0.8183496019464012	4.858445827937206	448501
189	0.36692655113952244	0.8194612840397346	4.858445827937206	451047
190	0.36844799077873636	0.8209651467299492	4.858445827937206	453658
191	0.3699657740040224	0.8230530167389294	4.858445827937206	456270
192	0.3714799096026914	0.8241359144086756	4.858445827937206	458701
193	0.3729904063409356	0.8261868075351051	4.858445827937206	461126
194	0.37449727296388025	0.8274278132527101	4.858445827937206	463551
195	0.3760005181956336	0.8284839376095516	4.858445827937206	466001
196	0.3775001507393376	0.8297085420890455	4.858445827937206	468458
197	0.3789961792772184	0.8307507086157129	4.858445827937206	470965
198	0.38048861247063637	0.8317864971884732	4.858445827937206	473251
199	0.38197745896013646	0.8337481706906484	4.858445827937206	475536
200	0.383462727365498	0.8360101003411158	4.858445827937206	478218
201	0.38494442628578507	0.8371809689053489	4.858445827937206	480537
202	0.3864225642993957	0.8387632724145292	4.858445827937206	482957
203	0.38789714996411195	0.8403301988244949	4.858445827937206	485469
204	0.3893681918171492	0.8416602263228331	4.858445827937206	487941
205	0.3908356983752058	0.8426292497488509	4.858445827937206	490253
206	0.3922996781345123	0.8435923428493517	4.858445827937206	492762
207	0.3937601395708803	0.8453656722955042	4.858445827937206	495108
208	0.3952170911397521	0.8464697431781447	4.858445827937206	497487
209	0.39667054127624946	0.8493941290223705	4.858445827937206	500096
210	0.3981204983952221	0.8511504657101563	4.858445827937206	502389
211	0.3995669708912969	0.852390361872504	4.858445827937206	504918
212	0.401009967138926	0.853293717952469	4.858445827937206	507184
213	0.4024494954924358	0.854191545584444	4.858445827937206	509697
214	0.403885564286075	0.8550838786019723	4.858445827937206	511967
215	0.4053181818340631	0.8578441856762204	4.858445827937206	514239
216	0.4067473564306381	0.8597782783881087	4.858445827937206	516745
217	0.4081730963501049	0.8616860569134406	4.858445827937206	519006
218	0.40959540984688314	0.8625325242784188	4.858445827937206	521421
219	0.4110143051555549	0.8633738113485981	4.858445827937206	524026
220	0.41242979049091255	0.8642099498268598	4.858445827937206	526640
221	0.4138418740480061	0.8650409712220664	4.858445827937206	528901
222	0.4152505640021906	0.86600456278828	4.858445827937206	531484
223	0.4166558685091739	0.8668246013333798	4.858445827937206	534058
224	0.4180577957050633	0.8681188228947658	4.858445827937206	536463
225	0.419456353706413	0.8699131246240887	4.858445827937206	538672
226	0.420851550610271	0.8714301727334287	4.858445827937206	540846
227	0.4222433944942261	0.8722170070935332	4.858445827937206	543217
228	0.42363189341645446	0.8734943048152138	4.858445827937206	545389
229	0.4250170554157664	0.874012959724408	4.858445827937206	547666
230	0.42639888851165286	0.8750624144539006	4.858445827937206	550002
231	0.4277774007043319	0.8764789403671217	4.858445827937206	552379
232	0.42915259997479493	0.8772348767791242	4.858445827937206	554541
233	0.43052449428485307	0.8779861869366183	4.858445827937206	556738
234	0.43189309157718303	0.8787328991518146	4.858445827937206	558918
235	0.4332583997753733	0.8794750415636557	4.858445827937206	561110
236	0.4346204267839697	0.880880580437549	4.858445827937206	563551
237	0.4359791804885218	0.8816095792567906	4.858445827937206	566006
238	0.43733466875562776	0.8824548729135518	4.858445827937206	568498
239	0.43868689943298045	0.8832941312731861	4.858445827937206	570765
240	0.44003588034941277	0.8844282990936605	4.858445827937206	573267
241	0.4413816193149427	0.8857760740313437	4.858445827937206	575792
242	0.44272412412081874	0.8864751129241302	4.858445827937206	578232
243	0.4440634025395652	0.8871698737694806	4.858445827937206	580545
244	0.4453994623250269	0.8878603827486132	4.858445827937206	582922
245	0.4467323112124141	0.88854666588252	4.858445827937206	585332
246	0.4480619569183474	0.8896607350282174	4.858445827937206	587574
247	0.44938840714090234	0.8903360001879695	4.858445827937206	589830
248	0.450711669559654	0.8910071327931312	4.858445827937206	592100
249	0.4520317518357214	0.8916741581345191	4.858445827937206	594664
250	0.453348661611812	0.8927268874043488	4.858445827937206	596926
251	0.45466240651226575	0.893383388021174	4.858445827937206	599344
252	0.45597299414309944	0.8940358709205166	4.858445827937206	601775
253	0.4572804320920506	0.894792442318716	4.858445827937206	604559
254	0.45858472792862137	0.8955436118862625	4.858445827937206	606989
255	0.45988588920412254	0.8965587371351813	4.858445827937206	609436
256	0.461183923451717	0.8974203886375954	4.858445827937206	611864
257	0.4624788381864636	0.8980481655008151	4.858445827937206	614327
258	0.4637706409053606	0.8985941085664977	4.858445827937206	616817
259	0.46505933908738883	0.8996077451322636	4.858445827937206	619232
260	0.46634494019355544	0.9002221355946115	4.858445827937206	621495
261	0.46762745166693676	0.90083276604937	4.858445827937206	623974
262	0.46890688093272137	0.9021445019481878	4.858445827937206	626443
263	0.47018323539825324	0.9028431786761117	4.858445827937206	628744
264	0.4714565224530747	0.9039762028314924	4.858445827937206	631167
265	0.47272674946896887	0.9046618014308987	4.858445827937206	633682
266	0.4739939238000027	0.9054559555214368	4.858445827937206	636165
267	0.4752580527825695	0.9060345555267455	4.858445827937206	638674
268	0.47651914373543125	0.9066096145584478	4.858445827937206	641167
269	0.477777203959761	0.9071811542869446	4.858445827937206	643729
270	0.47903224073918504	0.907749196250016	4.858445827937206	646061
271	0.4802842613398256	0.9083137618536334	4.858445827937206	648768
272	0.4815332730103422	0.9107587282042032	4.858445827937206	651085
273	0.48277928298197414	0.9116507692383969	4.858445827937206	653628
274	0.48402229846858214	0.9126524611971453	4.858445827937206	655931
275	0.48526232666669	0.9131870193144098	4.858445827937206	658116
276	0.4864993747555266	0.9141994155906267	4.858445827937206	660361
277	0.48773344989706724	0.9148120216553095	4.858445827937206	662878
278	0.48896455923607496	0.9153333634806389	4.858445827937206	665380
279	0.4901927099001423	0.9163207295041883	4.858445827937206	667793
280	0.49141790899973226	0.9172965810551599	4.858445827937206	670240
281	0.4926401636282195	0.9181003071867909	4.858445827937206	672412
282	0.49385948086193154	0.919055405645254	4.858445827937206	674789
283	0.49507586776018964	0.9195507783890547	4.858445827937206	677183
284	0.4962893313653497	0.9200431195016854	4.858445827937206	679713
285	0.49749987870284296	0.9205324475364225	4.858445827937206	682129
286	0.4987075167812167	0.9209579892584265	4.858445827937206	684306
287	0.499912252592175	0.9218797619784449	4.858445827937206	686470
288	0.5011140931106188	0.9223578499466853	4.858445827937206	688681
289	0.5023130452946867	0.9228330120648367	4.858445827937206	690997
290	0.5035091160857952	0.923475802468295	4.858445827937206	693379
291	0.5047023124086787	0.9242407257255881	4.858445827937206	695728
292	0.5058926411714294	0.9247043648341022	4.858445827937206	698074
293	0.5070801092655379	0.9252419667987543	4.858445827937206	700233
294	0.5082647235659328	0.9256994784130043	4.858445827937206	702610
295	0.5094464909310201	0.9261541901023738	4.858445827937206	705011
296	0.5106254182027237	0.9266061190021204	4.858445827937206	707430
297	0.5118015122065243	0.9273397521316286	4.858445827937206	709840
298	0.5129747797514992	0.9286107768756817	4.858445827937206	712343
299	0.5141452276303617	0.9290476717124377	4.858445827937206	714853
300	0.5153128626195008	0.9297371987123169	4.858445827937206	717381
301	0.5164776914790197	0.9305565899809779	4.858445827937206	719782
302	0.5176397209527754	0.9312507348541377	4.858445827937206	722172
303	0.5187989577684178	0.9316714734146441	4.858445827937206	724663
304	0.5199554086374283	0.9323355018557068	4.858445827937206	726819
305	0.521109080255159	0.933256107272636	4.858445827937206	729197
306	0.5222599793008715	0.9343155341413243	4.858445827937206	731589
307	0.5234081124377751	0.9347175164396715	4.858445827937206	734057
308	0.5245534863130658	0.9351170386469443	4.858445827937206	736372
309	0.5256961075579647	0.9355141158186516	4.858445827937206	738528
310	0.5268359827877562	0.9363914747871054	4.858445827937206	740876
311	0.5279731186018268	0.9367807525383254	4.858445827937206	743069
312	0.5291075215837026	0.9372321305174651	4.858445827937206	745560
313	0.5302391983010879	0.9378595477884275	4.858445827937206	748056
314	0.5313681553059033	0.938239841081123	4.858445827937206	750392
315	0.5324943991343231	0.9388400369889838	4.858445827937206	752552
316	0.5336179363068136	0.9392143297867801	4.858445827937206	754871
317	0.534738773328171	0.9398050554448288	4.858445827937206	757298
318	0.5358569166875584	0.9401734424271213	4.858445827937206	759700
319	0.536972372858544	0.9405395749182812	4.858445827937206	762112
320	0.5380851482991382	0.9409641153484476	4.858445827937206	764386
321	0.5391952494518312	0.9412802472945795	4.858445827937206	766911
322	0.5403026827436301	0.9417693747640125	4.858445827937206	769401
323	0.5414074545860965	0.9423514384898198	4.858445827937206	771818
324	0.5425095713753831	0.9427042418650065	4.858445827937206	774290
325	0.5436090394922712	0.9430548861191624	4.858445827937206	776763
326	0.5447058653022072	0.9435292310910978	4.858445827937206	779008
327	0.5458000551553399	0.9442975408721713	4.858445827937206	781303
328	0.5468916153865568	0.9446952498681456	4.858445827937206	783554
329	0.5479805523155213	0.9450901192687419	4.858445827937206	785803
330	0.5490668722467089	0.9455475110282693	4.858445827937206	788301
331	0.5501505814694436	0.9458807547622546	4.858445827937206	790753
332	0.5512316862579348	0.9462188591681547	4.858445827937206	792999
333	0.5523101928713134	0.946846044483978	4.858445827937206	795386
334	0.5533861075536677	0.9471713413243382	4.858445827937206	797837
335	0.5544594365340798	0.9476847393678335	4.858445827937206	800157
336	0.5555301860266624	0.948120518298547	4.858445827937206	802417
337	0.556598362230593	0.9484380154878563	4.858445827937206	804908
338	0.5576639713301517	0.9493928670528959	4.858445827937206	807210
339	0.558727019494756	0.9497541960202104	4.858445827937206	809660
340	0.5597875128789963	0.9501727366614414	4.858445827937206	811941
341	0.5608454576226725	0.9509636456033232	4.858445827937206	814206
342	0.5619008598508284	0.9512637431406216	4.858445827937206	816474
343	0.5629537256737882	0.951669709461816	4.858445827937206	818718
344	0.5640040611871913	0.9519654859595974	4.858445827937206	821233
345	0.5650518724720273	0.9524456310395514	4.858445827937206	823738
346	0.5660971655946722	0.9527366589756284	4.858445827937206	826261
347	0.5671399466069225	0.9529581136139142	4.858445827937206	828607
348	0.568180221546031	0.9538541495450777	4.858445827937206	830976
349	0.569217996434741	0.9541836254809729	4.858445827937206	833459
350	0.5702532772813219	0.9547179272246351	4.858445827937206	835734
351	0.5712860700796036	0.9550951206671621	4.858445827937206	838231
352	0.5723163808090113	0.9553699339942592	4.858445827937206	840528
353	0.5733442154346	0.9556885874077587	4.858445827937206	842811
354	0.5743695799070891	0.9560576953843706	4.858445827937206	845251
355	0.5753924801628971	0.9563266178513975	4.858445827937206	847693
356	0.5764129221241756	0.9571584917970851	4.858445827937206	850069
357	0.5774309116988436	0.9574206775012228	4.858445827937206	852474
358	0.5784464547806221	0.9576812586553264	4.858445827937206	854895
359	0.5794595572490676	0.9579402450790797	4.858445827937206	857206
360	0.580470224969607	0.9582905970567634	4.858445827937206	859623
361	0.5814784637935708	0.9586380306506262	4.858445827937206	862120
362	0.582484279558227	0.9590514780743601	4.858445827937206	864555
363	0.5834876780868156	0.9593925736339239	4.858445827937206	867028
364	0.5844886651885814	0.959641086982814	4.858445827937206	869471
365	0.5854872466588084	0.960098671030628	4.858445827937206	871737
366	0.5864834282788529	0.9604310436167952	4.858445827937206	874000
367	0.5874772158161772	0.9610770673944802	4.858445827937206	876481
368	0.5884686150243825	0.9614012900734099	4.858445827937206	878750
369	0.5894576316432434	0.9617871164117016	4.858445827937206	881006
370	0.5904442713987395	0.9620209754005886	4.858445827937206	883283
371	0.5914285400030896	0.9625376968237098	4.858445827937206	885728
372	0.5924104431547851	0.9628497526602471	4.858445827937206	888130
373	0.5933899865386218	0.9630771084225962	4.858445827937206	890316
374	0.5943671758257337	0.9635076960794756	4.858445827937206	892801
375	0.5953420166736256	0.9638623346015409	4.858445827937206	895219
376	0.596314514726206	0.9640834934646583	4.858445827937206	897623
377	0.5972846756138193	0.9643399330900668	4.858445827937206	899990
378	0.5982525049532789	0.9646864837889	4.858445827937206	902471
379	0.5992180083478995	0.9650394718726427	4.858445827937206	905048
380	0.6001811913875297	0.9654471748245652	4.858445827937206	907443
381	0.6011420596485841	0.9656586346255522	4.858445827937206	909810
382	0.6021006186940759	0.96586880031391	4.858445827937206	912103
383	0.6030568740736487	0.9661124930587384	4.858445827937206	914277
384	0.604010831323609	0.9663198811793149	4.858445827937206	916713
385	0.6049624959669582	0.9670897124666449	4.858445827937206	919126
386	0.6059118735134243	0.9672911201031229	4.858445827937206	921569
387	0.6068589694594942	0.9676180726718547	4.858445827937206	923934
388	0.6078037892884451	0.967791475031558	4.858445827937206	926124
389	0.6087463384703768	0.9682296862556184	4.858445827937206	928561
390	0.6096866224622426	0.9685384356603258	4.858445827937206	930781
391	0.6106246467078815	0.9688005061671119	4.858445827937206	932948
392	0.6115604166380499	0.969023266877527	4.858445827937206	935114
393	0.612493937670452	0.9692812988069104	4.858445827937206	937270
394	0.6134252152097724	0.9694692941562888	4.858445827937206	939653
395	0.6143542546477068	0.9698846779092645	4.858445827937206	941900
396	0.6152810613629928	0.9701355344031481	4.858445827937206	944245
397	0.616205640721442	0.9703183019169369	4.858445827937206	946629
398	0.6171279980759704	0.9706644441686344	4.858445827937206	948976
399	0.6180481387666295	0.9709495321747702	4.858445827937206	951558
400	0.6189660681206373	0.9711569490926631	4.858445827937206	953998
401	0.6198817914524092	0.9713334656516929	4.858445827937206	956170
402	0.6207953140635885	0.9716200116010303	4.858445827937206	958620
403	0.6217066412430774	0.9718226413748077	4.858445827937206	961199
404	0.6226157782670674	0.9719950839642911	4.858445827937206	963710
405	0.6235227303990702	0.9721950357655814	4.858445827937206	966169
406	0.6244275028899477	0.972465249217811	4.858445827937206	968558
407	0.6253301009779426	0.9727404820452881	4.858445827937206	970967
408	0.6262305298887088	0.9731113598405903	4.858445827937206	973205
409	0.6271287948353417	0.9734249299882218	4.858445827937206	975560
410	0.6280249010184079	0.9735875667331877	4.858445827937206	977963
411	0.6289188536259762	0.9738075786721032	4.858445827937206	980316
412	0.629810657833647	0.9739678736457629	4.858445827937206	982622
413	0.6307003188045821	0.9741537399611379	4.858445827937206	985021
414	0.6315878416895351	0.9743119164626635	4.858445827937206	987202
415	0.6324732316268808	0.9744953263528568	4.858445827937206	989539
416	0.6333564937426458	0.9746774267180415	4.858445827937206	992002
417	0.6342376331505366	0.9748582269080714	4.858445827937206	994235
418	0.6351166549519708	0.975151425428094	4.858445827937206	996454
419	0.6359935642361056	0.9753034961953064	4.858445827937206	998908
420	0.6368683660798682	0.9754546363047792	4.858445827937206	1001241
421	0.6377410655479837	0.9756590958107786	4.858445827937206	1003627
422	0.6386116676930063	0.9759429547517608	4.858445827937206	1005780
423	0.6394801775553467	0.9761147192207195	4.858445827937206	1008085
424	0.6403466001633031	0.9762608947271928	4.858445827937206	1010466
425	0.641210940533089	0.9764061756543271	4.858445827937206	1012662
426	0.6420732036688623	0.9765746327806126	4.858445827937206	1014838
427	0.642933394562755	0.976893345259788	4.858445827937206	1017157
428	0.6437915181949017	0.977058324052483	4.858445827937206	1019619
429	0.6446475795334683	0.9773258654629496	4.858445827937206	1021817
430	0.6455015835346811	0.9774646288767201	4.858445827937206	1024015
431	0.6463535351428551	0.9776255287716921	4.858445827937206	1026315
432	0.6472034392904229	0.9777624582762725	4.858445827937206	1028576
433	0.6480513008979631	0.9780217882089107	4.858445827937206	1030960
434	0.6488971248742291	0.9782414787890799	4.858445827937206	1033114
435	0.6497409161161771	0.9784227242802161	4.858445827937206	1035381
436	0.6505826795089948	0.9786024600213222	4.858445827937206	1037761
437	0.6514224199261295	0.9787334108053038	4.858445827937206	1040233
438	0.652260142229316	0.9788635601837107	4.858445827937206	1042618
439	0.6530958512686056	0.9790396238223302	4.858445827937206	1044798
440	0.6539295518823933	0.9792840596961223	4.858445827937206	1047189
441	0.6547612488974466	0.9794319690693873	4.858445827937206	1049362
442	0.6555909471289323	0.9795578433417572	4.858445827937206	1051862
443	0.6564186513804459	0.9797962358392295	4.858445827937206	1054315
444	0.6572443664440382	0.9801810694422918	4.858445827937206	1056586
445	0.6580680971002433	0.9803023592960223	4.858445827937206	1058810
446	0.6588898481181069	0.9805703544076411	4.858445827937206	1061130
447	0.6597096242552133	0.9807090797882018	4.858445827937206	1063423
448	0.6605274302577127	0.9808271382719329	4.858445827937206	1065801
449	0.6613432708603496	0.9810187870355621	4.858445827937206	1068161
450	0.6621571507864894	0.9815611074059747	4.858445827937206	1070639
451	0.662969074748146	0.9817147008469911	4.858445827937206	1073089
452	0.6637790474460092	0.981845255728788	4.858445827937206	1075369
453	0.664587073569472	0.9820216866740865	4.858445827937206	1077894
454	0.6653931577966572	0.982131712136221	4.858445827937206	1080334
455	0.666197304794445	0.9822592896065401	4.858445827937206	1082826
456	0.6669995192185001	0.9824661783574842	4.858445827937206	1085349
457	0.6677998057132982	0.9828669514235988	4.858445827937206	1087578
458	0.6685981689121532	0.9831000541253186	4.858445827937206	1090128
459	0.6693946134372437	0.9832408283516799	4.858445827937206	1092619
460	0.6701891438996405	0.9833305722350827	4.858445827937206	1094828
461	0.6709817648993324	0.9834495899855312	4.858445827937206	1097033
462	0.6717724810252532	0.983550876823587	4.858445827937206	1099524
463	0.6725612968553089	0.9837427033329329	4.858445827937206	1101942
464	0.6733482169564027	0.9838781243797223	4.858445827937206	1104199
465	0.6741332458844631	0.9840913767027418	4.858445827937206	1106638
466	0.6749163881844692	0.9841887358708948	4.858445827937206	1108784
467	0.6756976483904773	0.9843016264340823	4.858445827937206	1110971
468	0.6764770310256473	0.9843976988951101	4.858445827937206	1113451
469	0.6772545406022688	0.9844931834023777	4.858445827937206	1115918
470	0.6780301816217869	0.9845880835541027	4.858445827937206	1118190
471	0.678803958574829	0.9846824029264819	4.858445827937206	1120619
472	0.6795758759412301	0.9847761450738264	4.858445827937206	1122892
473	0.6803459381900592	0.9849240931294743	4.858445827937206	1125317
474	0.6811141497796445	0.985016356157182	4.858445827937206	1127698
475	0.6818805151576002	0.9850965922460648	4.858445827937206	1130123
476	0.6826450387608515	0.9851896997497337	4.858445827937206	1132368
477	0.6834077250156605	0.9852954435487479	4.858445827937206	1134890
478	0.6841685783376521	0.9854004323494946	4.858445827937206	1137092
479	0.6849276031318388	0.9855220447414189	4.858445827937206	1139588
480	0.6856848037926471	0.9856106483656416	4.858445827937206	1142105
481	0.6864401847039425	0.9856987097446311	4.858445827937206	1144569
482	0.687193750239055	0.9857862321968736	4.858445827937206	1146793
483	0.6879455047608041	0.985873219020546	4.858445827937206	1149207
484	0.6886954526215245	0.9859908931644815	4.858445827937206	1151605
485	0.6894435981630911	0.9860766274836986	4.858445827937206	1154103
486	0.6901899457169443	0.9861618371175395	4.858445827937206	1156374
487	0.6909344996041143	0.9862465252770255	4.858445827937206	1158640
488	0.6916772641352477	0.9863306951535271	4.858445827937206	1161057
489	0.6924182436106306	0.9864282923797767	4.858445827937206	1163451
490	0.6931574423202151	0.9865865630225781	4.858445827937206	1165618
491	0.6938948645436429	0.9866686519024135	4.858445827937206	1167805
492	0.6946305145502709	0.9867502384065934	4.858445827937206	1170185
493	0.6953643965991958	0.9868826808381809	4.858445827937206	1172413
494	0.6960965149392779	0.9869763369516704	4.858445827937206	1174701
495	0.6968268738091672	0.9871535296462055	4.858445827937206	1176939
496	0.6975554774373266	0.9872321487475556	4.858445827937206	1179134
497	0.6982823300420571	0.9873233097013423	4.858445827937206	1181530
498	0.6990074358315221	0.9874711428243587	4.858445827937206	1183837
499	0.6997307990037714	0.9875478181651305	4.858445827937206	1186174
