0	0.00240325927734375	0.007139882191943836	6.015778807872831	2465
1	0.004800742899533361	0.022899566601595422	6.015778807872831	4621
2	0.0071924647469656655	0.02887932258801984	6.015778807872831	6743
3	0.00957843866667929	0.03696862435738235	6.015778807872831	8917
4	0.011958678472434925	0.04286227913101137	6.015778807872831	11037
5	0.01433319794479504	0.04969612969948156	6.015778807872831	13163
6	0.01670201083120393	0.08137292537616547	6.015778807872831	15313
7	0.019065130846067313	0.0862920921945236	6.015778807872831	17449
8	0.021422571670831503	0.09694757799983522	6.015778807872831	19629
9	0.023774346954062775	0.10247416763374728	6.015778807872831	21749
10	0.026120470311526423	0.11144568782399722	5.3085308138764224	23983
11	0.02846095532626547	0.1218078372371284	5.3085308138764224	26098
12	0.030795815548679273	0.13204914525768663	5.3085308138764224	28211
13	0.03312506449660224	0.13736091684447838	5.3085308138764224	30327
14	0.03544871565538188	0.14264018092553277	5.3085308138764224	32455
15	0.03776678247795695	0.1509721519563828	5.3085308138764224	34613
16	0.04007927838493508	0.16087335135047742	5.3085308138764224	36736
17	0.042386216764671025	0.16686461676595565	5.3085308138764224	38974
18	0.04468761097334362	0.17196332118272506	5.3085308138764224	41128
19	0.04698347433503336	0.1802402392550343	5.3085308138764224	43258
20	0.049273820141799596	0.18525708621281867	5.3085308138764224	45426
21	0.05155866165375744	0.1902432305738142	5.3085308138764224	47579
22	0.0538380120991544	0.19602479851164623	5.3085308138764224	49732
23	0.056111884674447055	0.2027218014394958	5.3085308138764224	51878
24	0.05838029254437771	0.21069126281619388	5.3085308138764224	54023
25	0.06064324884205019	0.21552175258467754	5.3085308138764224	56168
26	0.06290076666900601	0.22314544789483615	5.3085308138764224	58287
27	0.06515285909530044	0.22730543538156578	5.3085308138764224	60430
28	0.06739953915957797	0.23282238354329676	5.3085308138764224	62608
29	0.06964081986914772	0.24326017424338797	5.3085308138764224	64669
30	0.07187671420005914	0.24789134556269166	5.3085308138764224	66738
31	0.07410723509717665	0.2524941745811692	5.3085308138764224	68849
32	0.07633239547425485	0.2578312781124513	5.3085308138764224	70913
33	0.07855220821401321	0.26401344156007767	5.3085308138764224	73059
34	0.08076668616821081	0.27014410843587877	5.3085308138764224	75149
35	0.08297584215772047	0.27461075279261926	5.3085308138764224	77218
36	0.0851796889726033	0.2809552651588646	5.3085308138764224	79285
37	0.08737823937218236	0.290738186721329	5.3085308138764224	81406
38	0.08957150608511699	0.2950787973985183	5.3085308138764224	83481
39	0.09175950180947601	0.30212507347616746	5.3085308138764224	85537
40	0.09394223921281164	0.30890714273295883	5.3085308138764224	87613
41	0.0961197309322328	0.3131365612340278	5.3085308138764224	89679
42	0.09829198957447793	0.3173400961209498	5.3085308138764224	91782
43	0.10045902771598825	0.324163851928154	5.3085308138764224	93861
44	0.10262085790298059	0.3300749552640594	5.3085308138764224	95944
45	0.10477749265152003	0.33485814116090673	5.3085308138764224	98030
46	0.10692894444759216	0.3457176000807286	5.3085308138764224	100115
47	0.10907522574717565	0.34972174229988795	5.3085308138764224	102223
48	0.11121634897631416	0.35370137957299763	5.3085308138764224	104364
49	0.11335232653118832	0.36425319378405074	5.3085308138764224	106411
50	0.11548317077818748	0.36814390004143904	5.3085308138764224	108462
51	0.11760889405398145	0.3720107955694092	5.3085308138764224	110516
52	0.11972950866559184	0.37649456450685614	5.3085308138764224	112610
53	0.12184502689046317	0.38272702200449693	5.3085308138764224	114699
54	0.1239554609765342	0.39448460253774464	5.3085308138764224	116768
55	0.1260608231423087	0.4027229072651223	5.3085308138764224	118831
56	0.12816112557692616	0.41084912621389613	5.3085308138764224	120895
57	0.13025638044023236	0.4144546700699935	5.3085308138764224	123009
58	0.1323465998628499	0.41863539474373657	5.3085308138764224	125061
59	0.13443179594624832	0.42654511726422994	5.3085308138764224	127127
60	0.13651198076281423	0.43227727769140967	5.3085308138764224	129211
61	0.13858716635592117	0.43575168342424364	5.3085308138764224	131312
62	0.14065736473999924	0.4423318387195877	5.3085308138764224	133388
63	0.14272258790060488	0.4463135236933278	5.3085308138764224	135546
64	0.14478284779449002	0.4503491394098488	5.3085308138764224	137633
65	0.14683815634967146	0.4549276555330487	5.3085308138764224	139711
66	0.1488885254654998	0.45826344324068924	5.3085308138764224	141779
67	0.15093396701272854	0.4668624362051227	5.3085308138764224	143862
68	0.15297449283358266	0.47012518426020444	5.3085308138764224	145932
69	0.15501011474182713	0.4802180378933434	5.3085308138764224	148039
70	0.1570408445228355	0.4845477501974388	5.3085308138764224	150278
71	0.1590666939336579	0.498293143525507	5.3085308138764224	152424
72	0.16108767470308916	0.5024722926839784	5.3085308138764224	154566
73	0.16310379853173695	0.5066166301043534	5.3085308138764224	156642
74	0.16511507709208928	0.5096360865070841	5.3085308138764224	158740
75	0.1671215220285821	0.513720750509524	5.3085308138764224	160822
76	0.1691231449576669	0.5193916455473138	5.3085308138764224	162937
77	0.17111995746787756	0.5249964076983655	5.3085308138764224	165040
78	0.17311197111989796	0.5297444652640628	5.3085308138764224	167111
79	0.1750991974466285	0.5326223816510264	5.3085308138764224	169206
80	0.1770816479532532	0.5365155729742165	5.3085308138764224	171336
81	0.179059334117306	0.539352050865729	5.3085308138764224	173415
82	0.18103226738873734	0.54395661179002	5.3085308138764224	175485
83	0.18300045918998054	0.5561177688089527	5.3085308138764224	177552
84	0.18496392091601777	0.5598152467863875	5.3085308138764224	179621
85	0.18692266393444623	0.5625091330269318	5.3085308138764224	181682
86	0.18887669958554376	0.5661533718188774	5.3085308138764224	183761
87	0.19082603918233454	0.5697672546025603	5.3085308138764224	185851
88	0.1927706940106546	0.5728390657198146	5.3085308138764224	187916
89	0.19471067532921726	0.5763972575922025	5.3085308138764224	190007
90	0.19664599436967822	0.5789896636010391	5.3085308138764224	192088
91	0.19857666233670057	0.5837630234241565	5.3085308138764224	194150
92	0.2005026904080197	0.5878080863646409	5.107954356012027	196225
93	0.20242408973450798	0.5912415883524407	5.107954356012027	198304
94	0.20434087144023938	0.5941600752565703	5.107954356012027	200388
95	0.20625304662255384	0.5966437746149607	5.107954356012027	202487
96	0.20816062635212151	0.599523690545597	5.107954356012027	204619
97	0.21006362167300685	0.6041939682068729	5.107954356012027	206745
98	0.21196204360273252	0.609579084285691	5.107954356012027	208875
99	0.21385590313234326	0.6119684208658089	5.107954356012027	211057
100	0.2157452112264695	0.6143431349473278	5.107954356012027	213136
101	0.21762997882339075	0.6175556036274833	5.107954356012027	215237
102	0.21951021683509908	0.6202862115625521	5.107954356012027	217310
103	0.22138593614736213	0.6229973232786522	5.107954356012027	219371
104	0.22325714761978632	0.6279841311717917	5.107954356012027	221453
105	0.22512386208587953	0.6302608307234778	5.107954356012027	223519
106	0.2269860903531139	0.6338540199292748	5.107954356012027	225591
107	0.22884384320298856	0.6360947963544967	5.107954356012027	227665
108	0.23069713139109171	0.6396312900731118	5.107954356012027	229744
109	0.23254596564716323	0.6443980719504516	5.107954356012027	231835
110	0.23439035667515662	0.6465743198420246	5.107954356012027	233949
111	0.23623031515330084	0.6495183071819495	5.107954356012027	236034
112	0.23806585173416261	0.6516632197509385	5.107954356012027	238137
113	0.23989697704470747	0.6541503033250379	5.107954356012027	240265
114	0.2417237016863618	0.657031183763813	5.107954356012027	242356
115	0.24354603623507398	0.6598880668644893	5.107954356012027	244433
116	0.24536399124137553	0.6638543867844369	5.034044860061201	246507
117	0.2471775772304423	0.6662544268621348	5.034044860061201	248601
118	0.24898680470215562	0.6682969160686666	5.034044860061201	250693
119	0.2507916841311627	0.6706652370106407	5.034044860061201	252767
120	0.25259222596693753	0.6734085503216725	5.034044860061201	254849
121	0.25438844063384136	0.6754072570150434	5.034044860061201	256965
122	0.2561803385311828	0.677724810960316	5.034044860061201	259050
123	0.25796793003327845	0.6796971025744272	5.034044860061201	261129
124	0.25975122548951257	0.6823651816866768	5.034044860061201	263280
125	0.2615302352243972	0.6843090747005196	5.034044860061201	265347
126	0.26330496953763205	0.6886041893304445	5.034044860061201	267416
127	0.2650754387041637	0.6905099002475121	5.034044860061201	269485
128	0.2668416529742458	0.6924039484062027	5.034044860061201	271575
129	0.26860362257349746	0.6942864051814199	5.034044860061201	273650
130	0.2703613577029633	0.6984457738184074	5.034044860061201	275723
131	0.2721148685391722	0.7002912552321954	5.034044860061201	277802
132	0.273864165234196	0.7021254424860848	5.034044860061201	279889
133	0.27560925791570867	0.7039484046991933	5.034044860061201	281973
134	0.27735015668704466	0.7060621782123782	5.034044860061201	284093
135	0.27908687162725754	0.7078610480003669	5.034044860061201	286157
136	0.2808194127911783	0.7096489088869	5.034044860061201	288230
137	0.2825477902094734	0.7135992638680306	5.034044860061201	290326
138	0.28427201388870327	0.7156441313836988	5.034044860061201	292389
139	0.2859920938113798	0.7180127766866251	5.034044860061201	294456
140	0.28770803993602434	0.719738510018703	5.034044860061201	296535
141	0.2894198621972255	0.7224621396589488	5.034044860061201	298640
142	0.29112757050569615	0.7241606433389254	5.034044860061201	300710
143	0.29283117474833154	0.7258487523478925	5.034044860061201	302795
144	0.29453068478826594	0.7275265303001871	5.034044860061201	304883
145	0.29622611046492986	0.729194040420833	5.034044860061201	306961
146	0.29791746159410726	0.7308513455479229	5.034044860061201	309073
147	0.2996047479679923	0.7324985081349868	5.034044860061201	311174
148	0.30128797935524576	0.7341355902533457	5.034044860061201	313234
149	0.30296716550105185	0.7363502042454044	5.034044860061201	315318
150	0.30464231612717463	0.7379637143725055	5.034044860061201	317407
151	0.3063134409320143	0.7401464406167995	5.034044860061201	319474
152	0.3079805495906631	0.7430926260973347	5.034044860061201	321539
153	0.30964365175496167	0.7456606298348041	5.034044860061201	323602
154	0.3113027570535547	0.7472171610974492	5.034044860061201	325678
155	0.31295787509194684	0.7493228074023434	5.034044860061201	327780
156	0.31460901545255804	0.7508569265080758	5.034044860061201	329853
157	0.3162561876947795	0.7523816569597939	5.034044860061201	331938
158	0.31789940135502837	0.7538970562151122	5.034044860061201	334016
159	0.3195386659468036	0.7554031813800105	5.034044860061201	336131
160	0.3211739909607406	0.7569000892109856	5.034044860061201	338218
161	0.32280538586466645	0.7589250780555421	5.034044860061201	340388
162	0.32443286010365446	0.7616583538145496	5.034044860061201	342458
163	0.326056423100079	0.7633600850897477	5.034044860061201	344520
164	0.3276760842536699	0.7650496662041185	5.034044860061201	346616
165	0.3292918529415674	0.766487538522056	5.034044860061201	348703
166	0.3309037385183756	0.7679166112066017	5.034044860061201	350795
167	0.3325117503162174	0.7693369381106234	5.034044860061201	352881
168	0.3341158976447879	0.7707485727574147	5.034044860061201	354961
169	0.3357161897914087	0.7721515683427121	5.034044860061201	357032
170	0.33731263602108175	0.7748086929101441	5.034044860061201	359104
171	0.33890524557654256	0.776186840970091	5.034044860061201	361168
172	0.34049402767831405	0.778051173823318	5.034044860061201	363235
173	0.34207899152475973	0.7802697376834765	5.034044860061201	365306
174	0.34366014629213726	0.7818385858704213	5.034044860061201	367378
175	0.3452375011346511	0.7840192913844197	5.034044860061201	369446
176	0.3468110651845061	0.7853410715117749	5.034044860061201	371540
177	0.34838084755195975	0.7866547624782219	5.034044860061201	373616
178	0.34994685732537534	0.7879604137886085	5.034044860061201	375707
179	0.35150910357127463	0.7908453061180152	5.034044860061201	377809
180	0.3530675953343899	0.7921253117244804	5.034044860061201	379893
181	0.3546223416377169	0.7938568793069505	5.034044860061201	381961
182	0.35617335148256646	0.7955740231694498	5.034044860061201	384061
183	0.3577206338486171	0.7970336005609929	5.034044860061201	386176
184	0.3592641976939669	0.7984827567419105	5.034044860061201	388259
185	0.36080405195518517	0.7997160219217745	5.034044860061201	390418
186	0.36234020554736446	0.8020516951355148	5.034044860061201	392454
187	0.3638726673641719	0.8032631187727954	5.034044860061201	394473
188	0.36540144627790083	0.8044671286197433	5.034044860061201	396532
189	0.36692655113952244	0.8058632102860509	5.034044860061201	398575
190	0.36844799077873636	0.8072493240937307	5.034044860061201	400617
191	0.3699657740040224	0.808428938766635	5.034044860061201	402651
192	0.3714799096026914	0.8096013343168565	5.034044860061201	404722
193	0.3729904063409356	0.8121917923533619	5.034044860061201	406799
194	0.37449727296388025	0.8135327208306391	5.034044860061201	408858
195	0.3760005181956336	0.8160696906152562	5.034044860061201	411013
196	0.3775001507393376	0.8171953255357146	5.034044860061201	413104
197	0.3789961792772184	0.8181742284155733	5.034044860061201	415169
198	0.38048861247063637	0.8199917288395743	5.034044860061201	417221
199	0.38197745896013646	0.8220909506606872	5.034044860061201	419364
200	0.383462727365498	0.8238199015774929	5.034044860061201	421408
201	0.38494442628578507	0.8252874575826783	5.034044860061201	423439
202	0.3864225642993957	0.8270338553411188	5.034044860061201	425477
203	0.38789714996411195	0.8297793497007836	5.034044860061201	427513
204	0.3893681918171492	0.8317644301707453	5.034044860061201	429572
205	0.3908356983752058	0.8327940148699527	5.034044860061201	431616
206	0.3922996781345123	0.8338172986147668	5.034044860061201	433663
207	0.3937601395708803	0.8350038235249964	5.034044860061201	435805
208	0.3952170911397521	0.8361818767871492	5.034044860061201	437856
209	0.39667054127624946	0.8371844271591307	5.034044860061201	440002
210	0.3981204983952221	0.8385406585030779	5.034044860061201	442043
211	0.3995669708912969	0.8395287733691437	5.034044860061201	444084
212	0.401009967138926	0.8402806689541488	5.034044860061201	446111
213	0.4024494954924358	0.8412581351319575	5.034044860061201	448319
214	0.403885564286075	0.8428448926316796	5.034044860061201	450354
215	0.4053181818340631	0.8438066660195129	5.034044860061201	452441
216	0.4067473564306381	0.8447625534513308	5.034044860061201	454481
217	0.4081730963501049	0.8465729026822191	5.034044860061201	456513
218	0.40959540984688314	0.8475118610249912	5.034044860061201	458757
219	0.4110143051555549	0.8484450730375201	5.034044860061201	460810
220	0.41242979049091255	0.850212477433584	5.034044860061201	462875
221	0.4138418740480061	0.8512819426985313	5.034044860061201	464898
222	0.4152505640021906	0.8530162640664785	5.034044860061201	466940
223	0.4166558685091739	0.8539157896882189	5.034044860061201	469065
224	0.4180577957050633	0.8559033299645696	5.034044860061201	471147
225	0.419456353706413	0.8571036354209247	5.034044860061201	473180
226	0.420851550610271	0.8579781467427119	5.034044860061201	475271
227	0.4222433944942261	0.8589921660436505	5.034044860061201	477301
228	0.42363189341645446	0.8598551197487272	5.034044860061201	479328
229	0.4250170554157664	0.8614894623755641	5.034044860061201	481366
230	0.42639888851165286	0.8628739908649379	5.034044860061201	483453
231	0.4277774007043319	0.8637131881940886	5.034044860061201	485495
232	0.42915259997479493	0.8645472497203256	5.034044860061201	487587
233	0.43052449428485307	0.8656755525131592	5.034044860061201	489615
234	0.43189309157718303	0.8664976045679197	5.034044860061201	491651
235	0.4332583997753733	0.8683139636894446	5.034044860061201	493754
236	0.4346204267839697	0.8691198689342287	5.034044860061201	495781
237	0.4359791804885218	0.8698207204720355	5.034044860061201	497828
238	0.43733466875562776	0.871121971079562	5.034044860061201	499870
239	0.43868689943298045	0.8724102146006326	5.034044860061201	501921
240	0.44003588034941277	0.8736501542060686	5.034044860061201	503980
241	0.4413816193149427	0.8744234025037305	5.034044860061201	506015
242	0.44272412412081874	0.8758878526203051	5.034044860061201	508056
243	0.4440634025395652	0.876647406429631	5.034044860061201	510092
244	0.4453994623250269	0.8778804186102594	5.034044860061201	512131
245	0.4467323112124141	0.878897657938787	5.034044860061201	514177
246	0.4480619569183474	0.8805453088511845	5.034044860061201	516209
247	0.44938840714090234	0.8821705427443657	5.034044860061201	518299
248	0.450711669559654	0.88334834656533	5.034044860061201	520327
249	0.4520317518357214	0.8840622429050605	5.034044860061201	522395
250	0.453348661611812	0.8850279884868593	5.034044860061201	524440
251	0.45466240651226575	0.8861772297514637	5.034044860061201	526516
252	0.45597299414309944	0.8875046089963446	5.034044860061201	528626
253	0.4572804320920506	0.8886290943708085	5.034044860061201	530749
254	0.45858472792862137	0.8893106730672107	5.034044860061201	532773
255	0.45988588920412254	0.8899880805708155	5.034044860061201	534806
256	0.461183923451717	0.8912710184067244	5.034044860061201	536837
257	0.4624788381864636	0.8919364287948038	5.034044860061201	538872
258	0.4637706409053606	0.8948181240269424	5.034044860061201	540929
259	0.46505933908738883	0.896044734825462	4.858445827937206	542964
260	0.46634494019355544	0.8972570411248735	4.858445827937206	544995
261	0.46762745166693676	0.8983054386644156	4.858445827937206	547030
262	0.46890688093272137	0.8987819333812108	4.858445827937206	549077
263	0.47018323539825324	0.899401377728086	4.858445827937206	551139
264	0.4714565224530747	0.9000170311381089	4.858445827937206	553177
265	0.47272674946896887	0.9011830132822709	4.858445827937206	555206
266	0.4739939238000027	0.9017877632626088	4.858445827937206	557240
267	0.4752580527825695	0.902769476582766	4.858445827937206	559349
268	0.47651914373543125	0.9033645175679031	4.858445827937206	561385
269	0.477777203959761	0.9041694778547178	4.858445827937206	563421
270	0.47903224073918504	0.9052870349642838	4.858445827937206	565450
271	0.4802842613398256	0.9058666687463449	4.858445827937206	567499
272	0.4815332730103422	0.9069644335423059	4.858445827937206	569580
273	0.48277928298197414	0.908019258558833	4.858445827937206	571676
274	0.48402229846858214	0.908582171408391	4.858445827937206	573781
275	0.48526232666669	0.9094959689453334	4.858445827937206	575849
276	0.4864993747555266	0.9101421570649597	4.858445827937206	577876
277	0.48773344989706724	0.9106920779900268	4.858445827937206	579912
278	0.48896455923607496	0.9114360007056451	4.858445827937206	581983
279	0.4901927099001423	0.9120683372270543	4.858445827937206	584055
280	0.49141790899973226	0.9126064701240318	4.858445827937206	586111
281	0.4926401636282195	0.9142711087883361	4.858445827937206	588163
282	0.49385948086193154	0.9148832029720333	4.858445827937206	590311
283	0.49507586776018964	0.9162342632423185	4.858445827937206	592369
284	0.4962893313653497	0.917373933130178	4.858445827937206	594436
285	0.49749987870284296	0.9184980973052776	4.858445827937206	596490
286	0.4987075167812167	0.9192901468941477	4.858445827937206	598534
287	0.499912252592175	0.9199624488775368	4.858445827937206	600597
288	0.5011140931106188	0.9205339075634827	4.858445827937206	602879
289	0.5023130452946867	0.921306172796102	4.858445827937206	605001
290	0.5035091160857952	0.9217877710722183	4.858445827937206	607077
291	0.5047023124086787	0.9222664220155158	4.858445827937206	609308
292	0.5058926411714294	0.9226826784573914	4.858445827937206	611349
293	0.5070801092655379	0.9232347150246022	4.858445827937206	613408
294	0.5082647235659328	0.9240020481522198	4.858445827937206	615442
295	0.5094464909310201	0.9245446645752419	4.858445827937206	617511
296	0.5106254182027237	0.9250064436086873	4.858445827937206	619664
297	0.5118015122065243	0.9257560668295918	4.858445827937206	621932
298	0.5129747797514992	0.9266218852922204	4.858445827937206	623984
299	0.5141452276303617	0.9273553608244931	4.858445827937206	626041
300	0.5153128626195008	0.9279604806843473	4.858445827937206	628114
301	0.5164776914790197	0.9285605599789384	4.858445827937206	630195
302	0.5176397209527754	0.9290706291645472	4.858445827937206	632249
303	0.5187989577684178	0.92966146107488	4.858445827937206	634324
304	0.5199554086374283	0.9306184479990313	4.858445827937206	636403
305	0.521109080255159	0.9310430560912437	4.858445827937206	638456
306	0.5222599793008715	0.931465065624808	4.858445827937206	640528
307	0.5234081124377751	0.9322643068420113	4.858445827937206	642578
308	0.5245534863130658	0.9326788424443009	4.858445827937206	644657
309	0.5256961075579647	0.9331595075782738	4.858445827937206	646704
310	0.5268359827877562	0.9335685646424532	4.858445827937206	648864
311	0.5279731186018268	0.9339751183187057	4.858445827937206	650906
312	0.5291075215837026	0.9345250965084708	4.858445827937206	652963
313	0.5302391983010879	0.9349925796059292	4.858445827937206	655054
314	0.5313681553059033	0.9357296251886285	4.858445827937206	657111
315	0.5324943991343231	0.9361885080932136	4.858445827937206	659154
316	0.5336179363068136	0.9365790279801051	4.858445827937206	661200
317	0.534738773328171	0.937753490424918	4.858445827937206	663273
318	0.5358569166875584	0.9394133973469201	4.858445827937206	665405
319	0.536972372858544	0.9398459785522733	4.858445827937206	667465
320	0.5380851482991382	0.9402754711787816	4.858445827937206	669505
321	0.5391952494518312	0.9406409792642841	4.858445827937206	671544
322	0.5403026827436301	0.9412343222453992	4.858445827937206	673595
323	0.5414074545860965	0.9421671107811864	4.858445827937206	675626
324	0.5425095713753831	0.9432686896234496	4.858445827937206	677666
325	0.5436090394922712	0.9436158795143208	4.858445827937206	679704
326	0.5447058653022072	0.9439609446381186	4.858445827937206	681742
327	0.5458000551553399	0.9447233807654912	4.858445827937206	683785
328	0.5468916153865568	0.9451180493147945	4.858445827937206	685834
329	0.5479805523155213	0.9454539213111001	4.858445827937206	687860
330	0.5490668722467089	0.9460900271850231	4.858445827937206	689930
331	0.5501505814694436	0.9464199507749115	4.858445827937206	692075
332	0.5512316862579348	0.9470447909991108	4.858445827937206	694175
333	0.5523101928713134	0.9473688715308675	4.858445827937206	696228
334	0.5533861075536677	0.9478949636105256	4.858445827937206	698265
335	0.5544594365340798	0.9482138411717493	4.858445827937206	700297
336	0.5555301860266624	0.9484911514766546	4.858445827937206	702344
337	0.556598362230593	0.9489202131053373	4.858445827937206	704404
338	0.5576639713301517	0.9492328162431808	4.858445827937206	706488
339	0.558727019494756	0.9495435062813868	4.858445827937206	708532
340	0.5597875128789963	0.9499037597023563	4.858445827937206	710627
341	0.5608454576226725	0.9503210544986715	4.858445827937206	712680
342	0.5619008598508284	0.9506757563169711	4.858445827937206	714721
343	0.5629537256737882	0.9509776157076313	4.858445827937206	716785
344	0.5640040611871913	0.9513859654310163	4.858445827937206	718846
345	0.5650518724720273	0.9516834784136142	4.858445827937206	720934
346	0.5660971655946722	0.951979170646801	4.858445827937206	722981
347	0.5671399466069225	0.9522730532733793	4.858445827937206	725037
348	0.568180221546031	0.9525651373679587	4.858445827937206	727069
349	0.569217996434741	0.9532105096486667	4.858445827937206	729096
350	0.5702532772813219	0.953847101354127	4.858445827937206	731167
351	0.5712860700796036	0.9540942460484881	4.858445827937206	733247
352	0.5723163808090113	0.9546295901178936	4.858445827937206	735299
353	0.5733442154346	0.9549072524449437	4.858445827937206	737400
354	0.5743695799070891	0.9551832155065901	4.858445827937206	739443
355	0.5753924801628971	0.9554574897021655	4.858445827937206	741523
356	0.5764129221241756	0.9557300853673598	4.858445827937206	743593
357	0.5774309116988436	0.9561603080557236	4.858445827937206	745667
358	0.5784464547806221	0.9564733182915369	4.858445827937206	747704
359	0.5794595572490676	0.9569809180782245	4.858445827937206	749759
360	0.580470224969607	0.9572112814609198	4.858445827937206	751906
361	0.5814784637935708	0.957567705605352	4.858445827937206	753935
362	0.582484279558227	0.9583534888348825	4.858445827937206	755967
363	0.5834876780868156	0.9587582168345434	4.858445827937206	758009
364	0.5844886651885814	0.9590106123829896	4.858445827937206	760061
365	0.5854872466588084	0.9593520483481458	4.858445827937206	762099
366	0.5864834282788529	0.9599050817039533	4.858445827937206	764152
367	0.5874772158161772	0.9604505907964166	4.858445827937206	766246
368	0.5884686150243825	0.9606926291871091	4.858445827937206	768338
369	0.5894576316432434	0.9609331863272911	4.858445827937206	770415
370	0.5904442713987395	0.9616773161115332	4.858445827937206	772572
371	0.5914285400030896	0.9621987131712402	4.858445827937206	774638
372	0.5924104431547851	0.9624686099059014	4.858445827937206	776714
373	0.5933899865386218	0.9626982982234201	4.858445827937206	778770
374	0.5943671758257337	0.9630090162723712	4.858445827937206	780856
375	0.5953420166736256	0.9633171460826805	4.858445827937206	782928
376	0.596314514726206	0.96362270921402	4.858445827937206	784988
377	0.5972846756138193	0.9639257270464731	4.858445827937206	787042
378	0.5982525049532789	0.9641464979542287	4.858445827937206	789107
379	0.5992180083478995	0.9643659177663219	4.858445827937206	791167
380	0.6001811913875297	0.9645839947513217	4.858445827937206	793230
381	0.6011420596485841	0.9648007371271944	4.858445827937206	795292
382	0.6021006186940759	0.965016153061613	4.858445827937206	797379
383	0.6030568740736487	0.9652659336073741	4.858445827937206	799431
384	0.604010831323609	0.9655552636064797	4.858445827937206	801512
385	0.6049624959669582	0.965766061915036	4.858445827937206	803549
386	0.6059118735134243	0.9660512259140778	4.858445827937206	805573
387	0.6068589694594942	0.9662589889833929	4.858445827937206	807703
388	0.6078037892884451	0.9667945605868311	4.858445827937206	809746
389	0.6087463384703768	0.9669977745230098	4.858445827937206	811814
390	0.6096866224622426	0.96738264012624	4.858445827937206	813876
391	0.6106246467078815	0.9676155242331509	4.858445827937206	815938
392	0.6115604166380499	0.9678467455749741	4.858445827937206	818009
393	0.612493937670452	0.9680763160236563	4.858445827937206	820078
394	0.6134252152097724	0.9685106518600692	4.858445827937206	822133
395	0.6143542546477068	0.9688254141904975	4.858445827937206	824174
396	0.6152810613629928	0.9694192158249642	4.858445827937206	826241
397	0.616205640721442	0.9696063671361188	4.858445827937206	828324
398	0.6171279980759704	0.9699017377178863	4.858445827937206	830511
399	0.6180481387666295	0.9700859360437805	4.858445827937206	832560
400	0.6189660681206373	0.9702995189363102	4.858445827937206	834672
401	0.6198817914524092	0.970511576872149	4.858445827937206	836726
402	0.6207953140635885	0.971166875163879	4.858445827937206	838770
403	0.6217066412430774	0.9714550863242567	4.858445827937206	840810
404	0.6226157782670674	0.9716588936450807	4.858445827937206	842866
405	0.6235227303990702	0.9718323383541352	4.858445827937206	844941
406	0.6244275028899477	0.9721138976542187	4.858445827937206	846993
407	0.6253301009779426	0.9724300666150553	4.858445827937206	849032
408	0.6262305298887088	0.9726269126914635	4.858445827937206	851086
409	0.6271287948353417	0.9729993356480422	4.858445827937206	853137
410	0.6280249010184079	0.97336669162562	4.858445827937206	855184
411	0.6289188536259762	0.9736772841431054	4.858445827937206	857274
412	0.629810657833647	0.9738383765061256	4.858445827937206	859355
413	0.6307003188045821	0.9740926196887677	4.858445827937206	861449
414	0.6315878416895351	0.9744451010535464	4.858445827937206	863558
415	0.6324732316268808	0.9746579698494352	4.858445827937206	865588
416	0.6333564937426458	0.9748130605149606	4.858445827937206	867630
417	0.6342376331505366	0.9749928922956594	4.858445827937206	869671
418	0.6351166549519708	0.975145933269634	4.858445827937206	871750
419	0.6359935642361056	0.9752980376483016	4.858445827937206	873813
420	0.6368683660798682	0.9755380955914668	4.858445827937206	875830
421	0.6377410655479837	0.9756877999763246	4.858445827937206	877849
422	0.6386116676930063	0.9762435074054372	4.858445827937206	879885
423	0.6394801775553467	0.9770353904919227	4.858445827937206	881942
424	0.6403466001633031	0.9773031993491597	4.858445827937206	883993
425	0.641210940533089	0.9774421014772577	4.858445827937206	886050
426	0.6420732036688623	0.9776300056715329	4.858445827937206	888090
427	0.642933394562755	0.9778908802409612	4.858445827937206	890131
428	0.6437915181949017	0.977994473575942	4.858445827937206	892172
429	0.6446475795334683	0.9781291451755759	4.858445827937206	894257
430	0.6455015835346811	0.9782629925986189	4.858445827937206	896350
431	0.6463535351428551	0.9785164853963026	4.858445827937206	898380
432	0.6472034392904229	0.9786954401201985	4.858445827937206	900426
433	0.6480513008979631	0.9788729041758403	4.858445827937206	902485
434	0.6488971248742291	0.9790840871411797	4.858445827937206	904520
435	0.6497409161161771	0.9792120904158217	4.858445827937206	906580
436	0.6505826795089948	0.9793605136412694	4.858445827937206	908641
437	0.6514224199261295	0.9795324377258903	4.858445827937206	910690
438	0.652260142229316	0.9796785737092837	4.858445827937206	912763
439	0.6530958512686056	0.9798029387861591	4.858445827937206	914828
440	0.6539295518823933	0.9799711775301311	4.858445827937206	916896
441	0.6547612488974466	0.9801380148684891	4.858445827937206	918962
442	0.6555909471289323	0.9802798271024262	4.858445827937206	921025
443	0.6564186513804459	0.9804440934322686	4.858445827937206	923082
444	0.6572443664440382	0.9806341411151425	4.858445827937206	925145
445	0.6580680971002433	0.9807526582159857	4.858445827937206	927212
446	0.6588898481181069	0.9809129859276392	4.858445827937206	929282
447	0.6597096242552133	0.9810719781314906	4.858445827937206	931339
448	0.6605274302577127	0.9812071219777584	4.858445827937206	933384
449	0.6613432708603496	0.9813413009128847	4.858445827937206	935442
450	0.6621571507864894	0.9814554902671735	4.858445827937206	937472
451	0.662969074748146	0.9815689807941447	4.858445827937206	939512
452	0.6637790474460092	0.9817225086509198	4.858445827937206	941540
453	0.664587073569472	0.9818343650523456	4.858445827937206	943581
454	0.6653931577966572	0.9819455369038897	4.858445827937206	945620
455	0.666197304794445	0.9820959281000256	4.858445827937206	947653
456	0.6669995192185001	0.9822748942497962	4.858445827937206	949709
457	0.6677998057132982	0.9823833701071358	4.858445827937206	951785
458	0.6685981689121532	0.9825545715638206	4.858445827937206	953863
459	0.6693946134372437	0.9827241092551343	4.858445827937206	955889
460	0.6701891438996405	0.9828680150505934	4.858445827937206	957956
461	0.6709817648993324	0.9829728610685244	4.858445827937206	960075
462	0.6717724810252532	0.9832356255582078	4.858445827937206	962120
463	0.6725612968553089	0.9833985446489929	4.858445827937206	964275
464	0.6733482169564027	0.983624414789823	4.858445827937206	966351
465	0.6741332458844631	0.9838472118675125	4.858445827937206	968403
466	0.6749163881844692	0.9840355825745968	4.858445827937206	970500
467	0.6756976483904773	0.98413328319718	4.858445827937206	972566
468	0.6764770310256473	0.984246569685925	4.858445827937206	974645
469	0.6772545406022688	0.9844040383771112	4.858445827937206	976703
470	0.6780301816217869	0.9845599330372317	4.858445827937206	978753
471	0.678803958574829	0.9846701732963816	4.858445827937206	980810
472	0.6795758759412301	0.9847978686458494	4.858445827937206	982844
473	0.6803459381900592	0.9849751529765101	4.858445827937206	984883
474	0.6811141497796445	0.9851003078871597	4.858445827937206	986946
475	0.6818805151576002	0.9852740652295835	4.858445827937206	988982
476	0.6826450387608515	0.9854457962473143	4.858445827937206	991033
477	0.6834077250156605	0.9855872365170197	4.858445827937206	993078
478	0.6841685783376521	0.9856901419503485	4.858445827937206	995105
479	0.6849276031318388	0.9858570207614232	4.858445827937206	997144
480	0.6856848037926471	0.9859983916492724	4.858445827937206	999172
481	0.6864401847039425	0.9860840800785198	4.858445827937206	1001212
482	0.687193750239055	0.9862418569483778	4.858445827937206	1003256
483	0.6879455047608041	0.9863260553945794	4.858445827937206	1005315
484	0.6886954526215245	0.9864399574737582	4.858445827937206	1007385
485	0.6894435981630911	0.9865529107642725	4.858445827937206	1009449
486	0.6901899457169443	0.9867053720934758	4.858445827937206	1011505
487	0.6909344996041143	0.9868382630013294	4.858445827937206	1013550
488	0.6916772641352477	0.9869322362529412	4.858445827937206	1015620
489	0.6924182436106306	0.9870410889288851	4.858445827937206	1017688
490	0.6931574423202151	0.9871922132562451	4.858445827937206	1019738
491	0.6938948645436429	0.987283659344735	4.858445827937206	1021801
492	0.6946305145502709	0.9873895847146248	4.858445827937206	1023855
493	0.6953643965991958	0.9875366449511889	4.858445827937206	1025893
494	0.6960965149392779	0.9876129194255588	4.858445827937206	1027930
495	0.6968268738091672	0.9877161021042297	4.858445827937206	1029965
496	0.6975554774373266	0.9878553753230026	4.858445827937206	1032002
497	0.6982823300420571	0.9879420865124617	4.858445827937206	1034048
498	0.6990074358315221	0.9880299721792806	4.858445827937206	1036100
499	0.6997307990037714	0.9881656867804225	4.858445827937206	1038155
