0	0.00240325927734375	0.0113378684807256	8.124163822769642	2825
1	0.004800742899533361	0.01957328815185655	7.226983318131564	5824
2	0.0071924647469656655	0.03291242708856601	7.226983318131564	8873
3	0.00957843866667929	0.03883090537989209	7.226983318131564	11402
4	0.011958678472434925	0.04471316318171337	6.356706812875431	13676
5	0.01433319794479504	0.05267057123517671	6.356706812875431	16145
6	0.01670201083120393	0.05846813167947007	6.330697325012064	18620
7	0.019065130846067313	0.06787952894714722	6.330697325012064	21006
8	0.021422571670831503	0.07453475929916376	6.330697325012064	23524
9	0.023774346954062775	0.08114247209050662	6.048481321808174	25850
10	0.026120470311526423	0.09032722039114294	6.048481321808174	28276
11	0.02846095532626547	0.0958943259451075	6.048481321808174	30733
12	0.030795815548679273	0.10614495717021966	6.048481321808174	33042
13	0.03312506449660224	0.11359064682311237	6.048481321808174	35486
14	0.03544871565538188	0.1190153825564153	6.048481321808174	37764
15	0.03776678247795695	0.12928925564613636	6.048481321808174	40222
16	0.04007927838493508	0.1346179174786617	6.048481321808174	42539
17	0.042386216764671025	0.1399139684388514	6.048481321808174	44975
18	0.04468761097334362	0.14605488137913447	6.048481321808174	47239
19	0.04698347433503336	0.15960956580168784	6.048481321808174	49678
20	0.049273820141799596	0.16573486051158814	6.048481321808174	51961
21	0.05155866165375744	0.17169141532438104	6.048481321808174	54248
22	0.0538380120991544	0.18135099065587512	6.048481321808174	56629
23	0.056111884674447055	0.19567138148988317	6.048481321808174	59075
24	0.05838029254437771	0.22248233544022034	6.048481321808174	61217
25	0.06064324884205019	0.22724066503488782	6.048481321808174	63325
26	0.06290076666900601	0.23496503989501394	6.048481321808174	65447
27	0.06515285909530044	0.23964697659890077	6.048481321808174	67563
28	0.06739953915957797	0.2485140672508086	5.107954356012027	69673
29	0.06964081986914772	0.2531130852754362	5.107954356012027	71789
30	0.07187671420005914	0.2576839577741542	5.107954356012027	73913
31	0.07410723509717665	0.26222685699473924	5.107954356012027	76011
32	0.07633239547425485	0.26837240587441646	5.107954356012027	78116
33	0.07855220821401321	0.274466763176587	5.107954356012027	80298
34	0.08076668616821081	0.2796469850138459	5.107954356012027	82410
35	0.08297584215772047	0.2847902206774586	5.107954356012027	84520
36	0.0851796889726033	0.29313085950337747	5.107954356012027	86635
37	0.08737823937218236	0.30659503360807505	5.107954356012027	88775
38	0.08957150608511699	0.31083860198351543	5.107954356012027	90906
39	0.09175950180947601	0.31887546959886803	5.107954356012027	93070
40	0.09394223921281164	0.3254947556085972	5.107954356012027	95192
41	0.0961197309322328	0.32962265959385684	5.107954356012027	97329
42	0.09829198957447793	0.3352068107009467	5.107954356012027	99450
43	0.10045902771598825	0.3410213283916089	5.107954356012027	101585
44	0.10262085790298059	0.34572635847389643	5.107954356012027	103721
45	0.10477749265152003	0.3581887135505841	5.107954356012027	105948
46	0.10692894444759216	0.36211653381462017	5.107954356012027	108189
47	0.10907522574717565	0.3695554080558491	5.034044860061201	110336
48	0.11121634897631416	0.3734136652973028	5.034044860061201	112488
49	0.11335232653118832	0.3778874179101619	5.034044860061201	114709
50	0.11548317077818748	0.3816946840926596	5.034044860061201	116943
51	0.11760889405398145	0.38684508239259574	5.034044860061201	119142
52	0.11972950866559184	0.39819980308902914	5.034044860061201	121237
53	0.12184502689046317	0.4032127160162342	5.034044860061201	123345
54	0.1239554609765342	0.4145800928540202	5.034044860061201	125467
55	0.1260608231423087	0.41875992202386114	5.034044860061201	127626
56	0.12816112557692616	0.422909907705847	5.034044860061201	129756
57	0.13025638044023236	0.4270302629789653	5.034044860061201	131923
58	0.1323465998628499	0.4318030221378244	5.034044860061201	134067
59	0.13443179594624832	0.4348456667506402	5.034044860061201	136228
60	0.13651198076281423	0.4388808021103072	5.034044860061201	138355
61	0.13858716635592117	0.4423147949405104	5.034044860061201	140472
62	0.14065736473999924	0.4457277720813516	5.034044860061201	142577
63	0.14272258790060488	0.45111428547220345	5.034044860061201	144693
64	0.14478284779449002	0.4550332648107728	5.034044860061201	146825
65	0.14683815634967146	0.45892426309855217	5.034044860061201	148977
66	0.1488885254654998	0.46505890864165245	5.034044860061201	151084
67	0.15093396701272854	0.46951489440890226	5.034044860061201	153186
68	0.15297449283358266	0.47570130963445445	5.034044860061201	155315
69	0.15501011474182713	0.47890996467668334	5.034044860061201	157475
70	0.1570408445228355	0.48325057305088837	5.034044860061201	159588
71	0.1590666939336579	0.4864130273633207	5.034044860061201	161721
72	0.16108767470308916	0.49240237981389423	5.034044860061201	163867
73	0.16310379853173695	0.49602656702293413	5.034044860061201	166062
74	0.16511507709208928	0.5019038082238328	5.034044860061201	168153
75	0.1671215220285821	0.5077125101687444	5.034044860061201	170312
76	0.1691231449576669	0.5112273848507074	5.034044860061201	172484
77	0.17111995746787756	0.5142186238999766	5.034044860061201	174661
78	0.17311197111989796	0.5171915568683148	5.034044860061201	176804
79	0.1750991974466285	0.5206387522735508	5.034044860061201	178942
80	0.1770816479532532	0.5235723947045365	5.034044860061201	181053
81	0.179059334117306	0.5269740316793361	5.034044860061201	183236
82	0.18103226738873734	0.5309142729814658	5.034044860061201	185349
83	0.18300045918998054	0.533785030263324	5.034044860061201	187482
84	0.18496392091601777	0.5366382188005016	5.034044860061201	189612
85	0.18692266393444623	0.5394739461119418	5.034044860061201	191721
86	0.18887669958554376	0.5422923190585831	5.034044860061201	193831
87	0.19082603918233454	0.5455602979788526	5.034044860061201	195947
88	0.1927706940106546	0.5493457182372545	5.034044860061201	198106
89	0.19471067532921726	0.5530996064651824	5.034044860061201	200394
90	0.19664599436967822	0.5616119949134647	5.034044860061201	202604
91	0.19857666233670057	0.5642948852369039	5.034044860061201	204808
92	0.2005026904080197	0.5669613565424775	5.034044860061201	207011
93	0.20242408973450798	0.5705685089244643	5.034044860061201	209202
94	0.20434087144023938	0.5731965862865701	5.034044860061201	211391
95	0.20625304662255384	0.5758085800805987	5.034044860061201	213608
96	0.20816062635212151	0.5795187091177946	5.034044860061201	215823
97	0.21006362167300685	0.5830212604787459	5.034044860061201	218072
98	0.21196204360273252	0.5855731282587975	5.034044860061201	220260
99	0.21385590313234326	0.5885320873002056	5.034044860061201	222457
100	0.2157452112264695	0.591050229376584	5.034044860061201	224678
101	0.21762997882339075	0.5935529606777328	5.034044860061201	226896
102	0.21951021683509908	0.5990828523691922	5.034044860061201	229061
103	0.22138593614736213	0.6082466728864678	5.034044860061201	231210
104	0.22325714761978632	0.6144649796660477	5.034044860061201	233417
105	0.22512386208587953	0.6172176542921008	5.034044860061201	235629
106	0.2269860903531139	0.6195602435951096	5.034044860061201	237840
107	0.22884384320298856	0.6218884964881348	5.034044860061201	240118
108	0.23069713139109171	0.6242025007085578	5.034044860061201	242337
109	0.23254596564716323	0.6262148631132838	5.034044860061201	244527
110	0.23439035667515662	0.6293284419294995	5.034044860061201	246746
111	0.23623031515330084	0.6315969144350947	5.034044860061201	249015
112	0.23806585173416261	0.6358931603308953	5.034044860061201	251218
113	0.23989697704470747	0.6381214574227683	5.034044860061201	253439
114	0.2417237016863618	0.6484608443535462	5.034044860061201	255655
115	0.24354603623507398	0.6525604263435923	5.034044860061201	257858
116	0.24536399124137553	0.6550411039683183	5.034044860061201	260059
117	0.2471775772304423	0.657914564160169	5.034044860061201	262391
118	0.24898680470215562	0.6600080924842915	5.034044860061201	264642
119	0.2507916841311627	0.6620888086264711	5.034044860061201	266857
120	0.25259222596693753	0.6660294639194569	5.034044860061201	269082
121	0.25438844063384136	0.6684139742026524	5.034044860061201	271315
122	0.2561803385311828	0.6704855237182543	5.034044860061201	273531
123	0.25796793003327845	0.6725021190392757	5.034044860061201	275742
124	0.25975122548951257	0.674506373000565	5.034044860061201	277931
125	0.2615302352243972	0.6789348577216459	5.034044860061201	280131
126	0.26330496953763205	0.6821441719301757	4.858445827937206	282339
127	0.2650754387041637	0.6840894175014112	4.858445827937206	284538
128	0.2668416529742458	0.6863449818436395	4.858445827937206	286771
129	0.26860362257349746	0.6889576850352792	4.858445827937206	289003
130	0.2703613577029633	0.6911784905208369	4.858445827937206	291236
131	0.2721148685391722	0.6930684469745678	4.858445827937206	293515
132	0.273864165234196	0.6952599021041598	4.858445827937206	295726
133	0.27560925791570867	0.7010644753974139	4.858445827937206	297959
134	0.27735015668704466	0.7031988398260633	4.858445827937206	300208
135	0.27908687162725754	0.7060832048423309	4.858445827937206	302422
136	0.2808194127911783	0.708939539100423	4.858445827937206	304622
137	0.2825477902094734	0.710720799730328	4.858445827937206	306828
138	0.28427201388870327	0.7131304557092506	4.858445827937206	309022
139	0.2859920938113798	0.7155200395850585	4.858445827937206	311274
140	0.28770803993602434	0.7175511929883901	4.858445827937206	313469
141	0.2894198621972255	0.7208450566270095	4.858445827937206	315682
142	0.29112757050569615	0.7241005078616798	4.858445827937206	317896
143	0.29283117474833154	0.7257889848936954	4.858445827937206	320101
144	0.29453068478826594	0.7274671286167744	4.858445827937206	322371
145	0.29622611046492986	0.7291350022697245	4.858445827937206	324594
146	0.29791746159410726	0.7307926687043376	4.858445827937206	326795
147	0.2996047479679923	0.7330351287734393	4.858445827937206	329008
148	0.30128797935524576	0.734668926827678	4.858445827937206	331222
149	0.30296716550105185	0.7382788734014512	4.858445827937206	333454
150	0.30464231612717463	0.7401475314125076	4.858445827937206	335680
151	0.3063134409320143	0.742002847425508	4.858445827937206	337928
152	0.3079805495906631	0.744510108383472	4.858445827937206	340201
153	0.30964365175496167	0.7470639432017963	4.858445827937206	342407
154	0.3113027570535547	0.7486118863283397	4.858445827937206	344624
155	0.31295787509194684	0.7508106161855262	4.858445827937206	346863
156	0.31460901545255804	0.752886329503431	4.858445827937206	349099
157	0.3162561876947795	0.7549447524146894	4.858445827937206	351319
158	0.31789940135502837	0.7578025395585415	4.858445827937206	353529
159	0.3195386659468036	0.759820011115738	4.858445827937206	355734
160	0.3211739909607406	0.7612898883947347	4.858445827937206	357997
161	0.32280538586466645	0.7627507701732095	4.858445827937206	360297
162	0.32443286010365446	0.7680229752804715	4.858445827937206	362525
163	0.326056423100079	0.7707282467057721	4.858445827937206	364753
164	0.3276760842536699	0.7734019697762587	4.858445827937206	366963
165	0.3292918529415674	0.7747887268397364	4.858445827937206	369162
166	0.3309037385183756	0.7790784653761225	4.858445827937206	371375
167	0.3325117503162174	0.780430482859732	4.858445827937206	373586
168	0.3341158976447879	0.7817742261328665	4.858445827937206	375794
169	0.3357161897914087	0.7843191331167397	4.858445827937206	378011
170	0.33731263602108175	0.7858590690973426	4.858445827937206	380211
171	0.33890524557654256	0.7871695899708724	4.858445827937206	382458
172	0.34049402767831405	0.788942438034422	4.858445827937206	384669
173	0.34207899152475973	0.790449364162575	4.858445827937206	386896
174	0.34366014629213726	0.7917317928938261	4.858445827937206	389077
175	0.3452375011346511	0.7932188033568914	4.858445827937206	391269
176	0.3468110651845061	0.7949412623043559	4.858445827937206	393482
177	0.34838084755195975	0.7961962010725636	4.858445827937206	395670
178	0.34994685732537534	0.8084244290082098	4.858445827937206	397885
179	0.35150910357127463	0.8095968521576976	4.858445827937206	400080
180	0.3530675953343899	0.8118172970304941	4.858445827937206	402280
181	0.3546223416377169	0.8129689561702916	4.858445827937206	404490
182	0.35617335148256646	0.8158552377108735	4.858445827937206	406640
183	0.3577206338486171	0.8169821850614517	4.858445827937206	408862
184	0.3592641976939669	0.8185066983054213	4.858445827937206	411129
185	0.36080405195518517	0.8206232382668741	4.858445827937206	413423
186	0.36234020554736446	0.8229959467554075	4.858445827937206	415673
187	0.3638726673641719	0.8247652500781356	4.858445827937206	417875
188	0.36540144627790083	0.8258376690527444	4.858445827937206	420065
189	0.36692655113952244	0.8272884173321884	4.858445827937206	422256
190	0.36844799077873636	0.8285215576856207	4.858445827937206	424444
191	0.3699657740040224	0.8297458935622034	4.858445827937206	426645
192	0.3714799096026914	0.8324483396961367	4.858445827937206	428849
193	0.3729904063409356	0.8334737389381088	4.858445827937206	431041
194	0.37449727296388025	0.8366456677202401	4.858445827937206	433371
195	0.3760005181956336	0.8378119984082613	4.858445827937206	435599
196	0.3775001507393376	0.8388045726005285	4.858445827937206	437782
197	0.3789961792772184	0.8401473083556261	4.858445827937206	440053
198	0.38048861247063637	0.8411255906868312	4.858445827937206	442245
199	0.38197745896013646	0.8420978860289547	4.858445827937206	444441
200	0.383462727365498	0.8451055453426889	4.858445827937206	446627
201	0.38494442628578507	0.8462114735011275	4.858445827937206	448825
202	0.3864225642993957	0.847309505462802	4.858445827937206	451024
203	0.38789714996411195	0.8485813962960982	4.858445827937206	453301
204	0.3893681918171492	0.8495080628607676	4.858445827937206	455565
205	0.3908356983752058	0.8512630708740532	4.858445827937206	457773
206	0.3922996781345123	0.8521733258610967	4.858445827937206	459982
207	0.3937601395708803	0.8530780101795356	4.858445827937206	462726
208	0.3952170911397521	0.8545466181577492	4.858445827937206	465049
209	0.39667054127624946	0.8559601592835242	4.858445827937206	467245
210	0.3981204983952221	0.8576399241898388	4.858445827937206	469453
211	0.3995669708912969	0.8585111534785137	4.858445827937206	471707
212	0.401009967138926	0.8593770509319173	4.858445827937206	473989
213	0.4024494954924358	0.8602376491803428	4.858445827937206	476190
214	0.403885564286075	0.8618675308225545	4.858445827937206	478405
215	0.4053181818340631	0.8630181553054987	4.858445827937206	480618
216	0.4067473564306381	0.8646156112203034	4.858445827937206	483051
217	0.4081730963501049	0.8657433445712379	4.858445827937206	485213
218	0.40959540984688314	0.8667019212744838	4.858445827937206	487393
219	0.4110143051555549	0.867517692056066	4.858445827937206	489597
220	0.41242979049091255	0.8683284704028401	4.858445827937206	491800
221	0.4138418740480061	0.8692685896121969	4.858445827937206	493999
222	0.4152505640021906	0.8700686526427303	4.858445827937206	496266
223	0.4166558685091739	0.8715838870142436	4.858445827937206	498604
224	0.4180577957050633	0.8725007629325092	4.858445827937206	500791
225	0.419456353706413	0.8732810453887018	4.858445827937206	502983
226	0.420851550610271	0.8753499262803148	4.858445827937206	505178
227	0.4222433944942261	0.8768035714548883	4.858445827937206	507387
228	0.42363189341645446	0.8775575211574144	4.858445827937206	509598
229	0.4250170554157664	0.8789457578789857	4.858445827937206	511789
230	0.42639888851165286	0.8798100709065647	4.858445827937206	513987
231	0.4277774007043319	0.8805456211360377	4.858445827937206	516179
232	0.42915259997479493	0.8837310712390767	4.858445827937206	518372
233	0.43052449428485307	0.8845612176930132	4.858445827937206	520577
234	0.43189309157718303	0.885267691383916	4.858445827937206	522815
235	0.4332583997753733	0.8859698415271691	4.858445827937206	525055
236	0.4346204267839697	0.8867840034249939	4.858445827937206	527285
237	0.4359791804885218	0.8883243571198919	4.858445827937206	529567
238	0.43733466875562776	0.8890078007774977	4.858445827937206	531762
239	0.43868689943298045	0.8901172604948406	4.858445827937206	533951
240	0.44003588034941277	0.8907897317648362	4.858445827937206	536149
241	0.4413816193149427	0.8916994382890775	4.858445827937206	538337
242	0.44272412412081874	0.8927519218819921	4.858445827937206	540540
243	0.4440634025395652	0.8936452836322463	4.858445827937206	542757
244	0.4453994623250269	0.8942961637568949	4.858445827937206	544957
245	0.4467323112124141	0.8950508766949071	4.858445827937206	547170
246	0.4480619569183474	0.8958002010714533	4.858445827937206	549442
247	0.44938840714090234	0.8966681710750231	4.858445827937206	551648
248	0.450711669559654	0.8978732069808537	4.858445827937206	553830
249	0.4520317518357214	0.8984982126415374	4.858445827937206	556033
250	0.453348661611812	0.899879189340292	4.858445827937206	558312
251	0.45466240651226575	0.9008521806975293	4.858445827937206	560499
252	0.45597299414309944	0.901560084446937	4.858445827937206	562742
253	0.4572804320920506	0.9021625267898231	4.858445827937206	564973
254	0.45858472792862137	0.9027612822464044	4.858445827937206	567123
255	0.45988588920412254	0.9033563733800526	4.858445827937206	569328
256	0.461183923451717	0.9040959929715319	4.858445827937206	571927
257	0.4624788381864636	0.9056182787973805	4.858445827937206	574127
258	0.4637706409053606	0.9062921531678401	4.858445827937206	576334
259	0.46505933908738883	0.9094157480622455	4.858445827937206	578597
260	0.46634494019355544	0.9106481868641196	4.858445827937206	580805
261	0.46762745166693676	0.911195010937914	4.858445827937206	583002
262	0.46890688093272137	0.9117384885035942	4.858445827937206	585210
263	0.47018323539825324	0.912473694763456	4.858445827937206	587427
264	0.4714565224530747	0.9130093469132431	4.858445827937206	589633
265	0.47272674946896887	0.9135417209259629	4.858445827937206	591780
266	0.4739939238000027	0.9145219735231741	4.858445827937206	594092
267	0.4752580527825695	0.9161501264084471	4.858445827937206	596314
268	0.47651914373543125	0.9171279674998937	4.858445827937206	598636
269	0.477777203959761	0.9179563426685745	4.858445827937206	600831
270	0.47903224073918504	0.918458441566811	4.858445827937206	603249
271	0.4802842613398256	0.9200116141083956	4.858445827937206	605519
272	0.4815332730103422	0.9206779063690503	4.858445827937206	607656
273	0.48277928298197414	0.9212442567727936	4.858445827937206	609863
274	0.48402229846858214	0.9217262339687204	4.858445827937206	612069
275	0.48526232666669	0.9222052615128773	4.858445827937206	614377
276	0.4864993747555266	0.9226813574568354	4.858445827937206	616578
277	0.48773344989706724	0.9233254111223346	4.858445827937206	618779
278	0.48896455923607496	0.9239640999093205	4.858445827937206	621058
279	0.4901927099001423	0.9245069872783264	4.858445827937206	623263
280	0.49141790899973226	0.9249689968930244	4.858445827937206	625473
281	0.4926401636282195	0.9254281790555334	4.858445827937206	627794
282	0.49385948086193154	0.9258845510695752	4.858445827937206	630058
283	0.49507586776018964	0.9266048178230294	4.858445827937206	632375
284	0.4962893313653497	0.9270539889266292	4.858445827937206	634645
285	0.49749987870284296	0.9275004111484315	4.858445827937206	636833
286	0.4987075167812167	0.9279441013113154	4.858445827937206	639072
287	0.499912252592175	0.9283850761352056	4.858445827937206	641273
288	0.5011140931106188	0.9288233522377025	4.858445827937206	643863
289	0.5023130452946867	0.9295348222694789	4.858445827937206	646075
290	0.5035091160857952	0.9300379353371092	4.858445827937206	648300
291	0.5047023124086787	0.9306207097199737	4.858445827937206	650518
292	0.5058926411714294	0.9311160696791339	4.858445827937206	652751
293	0.5070801092655379	0.931537632376913	4.858445827937206	654976
294	0.5082647235659328	0.9333632955135286	4.858445827937206	657205
295	0.5094464909310201	0.9337711054161224	4.858445827937206	659499
296	0.5106254182027237	0.9341764195632923	4.858445827937206	661717
297	0.5118015122065243	0.9345792532288095	4.858445827937206	663921
298	0.5129747797514992	0.9349796215929712	4.858445827937206	666127
299	0.5141452276303617	0.9353775397431727	4.858445827937206	668349
300	0.5153128626195008	0.9357730226744762	4.858445827937206	670561
301	0.5164776914790197	0.9363971915503315	4.858445827937206	672808
302	0.5176397209527754	0.9367377789698871	4.858445827937206	675033
303	0.5187989577684178	0.9371249373744777	4.858445827937206	677257
304	0.5199554086374283	0.9378581742564079	4.858445827937206	679470
305	0.521109080255159	0.9382384759549808	4.858445827937206	681677
306	0.5222599793008715	0.9390787687991307	4.858445827937206	683975
307	0.5234081124377751	0.9394516005823556	4.858445827937206	686197
308	0.5245534863130658	0.939822150672715	4.858445827937206	688441
309	0.5256961075579647	0.940190433033939	4.858445827937206	690714
310	0.5268359827877562	0.9410041686389194	4.858445827937206	692925
311	0.5279731186018268	0.9416921666722848	4.858445827937206	695205
312	0.5291075215837026	0.9421778629099168	4.858445827937206	697409
313	0.5302391983010879	0.9425907061568264	4.858445827937206	699606
314	0.5313681553059033	0.9431645599894946	4.858445827937206	701801
315	0.5324943991343231	0.9435123871432108	4.858445827937206	704006
316	0.5336179363068136	0.9441711348150101	4.858445827937206	706211
317	0.534738773328171	0.9445697463353409	4.858445827937206	708415
318	0.5358569166875584	0.9452161632876984	4.858445827937206	710639
319	0.536972372858544	0.9459615216103148	4.858445827937206	712898
320	0.5380851482991382	0.9465917079472207	4.858445827937206	715120
321	0.5391952494518312	0.947214545172326	4.858445827937206	717330
322	0.5403026827436301	0.947537586825684	4.858445827937206	719544
323	0.5414074545860965	0.9479121622752538	4.858445827937206	721771
324	0.5425095713753831	0.9482840633002415	4.858445827937206	723997
325	0.5436090394922712	0.9488871646028626	4.858445827937206	726193
326	0.5447058653022072	0.9491999699942041	4.858445827937206	728420
327	0.5458000551553399	0.9495108610481372	4.858445827937206	730623
328	0.5468916153865568	0.9498713475522262	4.858445827937206	733296
329	0.5479805523155213	0.9504559382513256	4.858445827937206	735519
330	0.5490668722467089	0.9510337115661789	4.858445827937206	737712
331	0.5501505814694436	0.9519664027744422	4.858445827937206	739913
332	0.5512316862579348	0.952309356999888	4.858445827937206	742105
333	0.5523101928713134	0.9526498625725668	4.858445827937206	744375
334	0.5533861075536677	0.9530442827094051	4.858445827937206	746578
335	0.5544594365340798	0.9533316469577134	4.858445827937206	748781
336	0.5555301860266624	0.9536172525658396	4.858445827937206	750975
337	0.556598362230593	0.9541581592414567	4.858445827937206	753191
338	0.5576639713301517	0.9544387066778662	4.858445827937206	755407
339	0.558727019494756	0.9547175371922942	4.858445827937206	757642
340	0.5597875128789963	0.9553336251216508	4.858445827937206	759882
341	0.5608454576226725	0.9557801028380525	4.858445827937206	762075
342	0.5619008598508284	0.9562957867699702	4.858445827937206	764268
343	0.5629537256737882	0.9565632521417593	4.858445827937206	766505
344	0.5640040611871913	0.9570698031371907	4.858445827937206	768694
345	0.5650518724720273	0.9573325316069714	4.858445827937206	770873
346	0.5660971655946722	0.9581452452906482	4.858445827937206	773075
347	0.5671399466069225	0.958401392163046	4.858445827937206	775278
348	0.568180221546031	0.95865597144245	4.858445827937206	777485
349	0.569217996434741	0.9589089927223711	4.858445827937206	779687
350	0.5702532772813219	0.9591604655376087	4.858445827937206	781863
351	0.5712860700796036	0.9594103993646104	4.858445827937206	784055
352	0.5723163808090113	0.9596588036218288	4.858445827937206	786267
353	0.5733442154346	0.9599056876700763	4.858445827937206	788444
354	0.5743695799070891	0.9601510608128786	4.858445827937206	790639
355	0.5753924801628971	0.9609100882259667	4.858445827937206	792815
356	0.5764129221241756	0.9611194112496867	4.858445827937206	795010
357	0.5774309116988436	0.9615080552022096	4.858445827937206	797250
358	0.5784464547806221	0.9617436220175196	4.858445827937206	799474
359	0.5794595572490676	0.9621260264621592	4.858445827937206	801666
360	0.580470224969607	0.9625046084550406	4.858445827937206	803899
361	0.5814784637935708	0.9627340764650736	4.858445827937206	806128
362	0.582484279558227	0.9629621401540565	4.858445827937206	808349
363	0.5834876780868156	0.9632265861099982	4.858445827937206	810471
364	0.5844886651885814	0.963451635689687	4.858445827937206	812588
365	0.5854872466588084	0.9637560785410848	4.858445827937206	814706
366	0.5864834282788529	0.9640730807695884	4.858445827937206	816906
367	0.5874772158161772	0.9642929498874381	4.858445827937206	819105
368	0.5884686150243825	0.9647787600930512	4.858445827937206	821376
369	0.5894576316432434	0.965030235596641	4.858445827937206	823556
370	0.5904442713987395	0.965438046260237	4.858445827937206	825757
371	0.5914285400030896	0.9656495619271158	4.858445827937206	827965
372	0.5924104431547851	0.965935696355045	4.858445827937206	830172
373	0.5933899865386218	0.9661441664535955	4.858445827937206	832380
374	0.5943671758257337	0.96653898666988	4.858445827937206	834595
375	0.5953420166736256	0.9667778943630801	4.858445827937206	836819
376	0.596314514726206	0.9671007525325351	4.858445827937206	839052
377	0.5972846756138193	0.9674204731104502	4.858445827937206	841311
378	0.5982525049532789	0.9677898555014882	4.858445827937206	843570
379	0.5992180083478995	0.9683011276363852	4.858445827937206	845755
380	0.6001811913875297	0.9687204248898722	4.858445827937206	847939
381	0.6011420596485841	0.9690852012759962	4.858445827937206	850208
382	0.6021006186940759	0.969394220505224	4.858445827937206	852399
383	0.6030568740736487	0.9697511392165333	4.858445827937206	854608
384	0.604010831323609	0.9700451028781802	4.858445827937206	856798
385	0.6049624959669582	0.9705205774356694	4.858445827937206	858992
386	0.6059118735134243	0.9707009885249802	4.858445827937206	861201
387	0.6068589694594942	0.9710426679590912	4.858445827937206	863437
388	0.6078037892884451	0.9712198839071184	4.858445827937206	865633
389	0.6087463384703768	0.9715555120831286	4.858445827937206	867808
390	0.6096866224622426	0.9717295894769029	4.858445827937206	870000
391	0.6106246467078815	0.9719650781109979	4.858445827937206	872223
392	0.6115604166380499	0.972198605157137	4.858445827937206	874430
393	0.612493937670452	0.9723687468862368	4.858445827937206	876550
394	0.6134252152097724	0.9725660307782849	4.858445827937206	878683
395	0.6143542546477068	0.9727619060865853	4.858445827937206	880813
396	0.6152810613629928	0.9730707280130413	4.858445827937206	882964
397	0.616205640721442	0.9732355324383284	4.858445827937206	885077
398	0.6171279980759704	0.9734584767745356	4.858445827937206	887203
399	0.6180481387666295	0.9737164118884857	4.858445827937206	889308
400	0.6189660681206373	0.9739353505649664	4.858445827937206	891417
401	0.6198817914524092	0.9741214490913068	4.858445827937206	893538
402	0.6207953140635885	0.9743062188960931	4.858445827937206	895651
403	0.6217066412430774	0.9744896694662406	4.858445827937206	897769
404	0.6226157782670674	0.9746457901131166	4.858445827937206	899919
405	0.6235227303990702	0.9748009553173984	4.858445827937206	902072
406	0.6244275028899477	0.9758089171047025	4.858445827937206	904290
407	0.6253301009779426	0.9759569640892465	4.858445827937206	906477
408	0.6262305298887088	0.9762840802240866	4.858445827937206	908695
409	0.6271287948353417	0.9764292192583212	4.858445827937206	910900
410	0.6280249010184079	0.9768033586351732	4.858445827937206	913109
411	0.6289188536259762	0.9769689799217669	4.858445827937206	915409
412	0.629810657833647	0.9771608251535722	4.858445827937206	917612
413	0.6307003188045821	0.9773238941713369	4.858445827937206	919817
414	0.6315878416895351	0.9775883385541785	4.858445827937206	922048
415	0.6324732316268808	0.9777083510210152	4.858445827937206	924285
416	0.6333564937426458	0.9779683119420529	4.858445827937206	926506
417	0.6342376331505366	0.9781256155992762	4.858445827937206	928692
418	0.6351166549519708	0.9782594846229697	4.858445827937206	930881
419	0.6359935642361056	0.9784405801279846	4.858445827937206	933129
420	0.6368683660798682	0.9785725216005671	4.858445827937206	935334
421	0.6377410655479837	0.9786729210724511	4.858445827937206	937547
422	0.6386116676930063	0.9789630854116015	4.858445827937206	939769
423	0.6394801775553467	0.9790918292046099	4.858445827937206	941995
424	0.6403466001633031	0.9792659913936593	4.858445827937206	944217
425	0.641210940533089	0.9794140297724754	4.858445827937206	946431
426	0.6420732036688623	0.9796941110000608	4.858445827937206	948683
427	0.642933394562755	0.979839092655323	4.858445827937206	950916
428	0.6437915181949017	0.9799830391586467	4.858445827937206	953126
429	0.6446475795334683	0.9801497776912693	4.858445827937206	955304
430	0.6455015835346811	0.9803151273148323	4.858445827937206	957501
431	0.6463535351428551	0.9804355967479199	4.858445827937206	959710
432	0.6472034392904229	0.9806257270030422	4.858445827937206	961938
433	0.6480513008979631	0.9808516660467385	4.858445827937206	964138
434	0.6488971248742291	0.9809688519169655	4.858445827937206	966434
435	0.6497409161161771	0.9812277791017687	4.858445827937206	968608
436	0.6505826795089948	0.9813618105474632	4.858445827937206	970859
437	0.6514224199261295	0.9814758743848594	4.858445827937206	973146
438	0.652260142229316	0.9815892401630888	4.858445827937206	975344
439	0.6530958512686056	0.9817019121542028	4.858445827937206	977539
440	0.6539295518823933	0.9818138946041086	4.858445827937206	979732
441	0.6547612488974466	0.9819251917327289	4.858445827937206	981938
442	0.6555909471289323	0.9821359766687904	4.858445827937206	984160
443	0.6564186513804459	0.9823145424996729	4.858445827937206	986436
444	0.6572443664440382	0.9824618599299131	4.858445827937206	988682
445	0.6580680971002433	0.9827004740805265	4.858445827937206	990924
446	0.6588898481181069	0.982823990657568	4.858445827937206	993127
447	0.6597096242552133	0.9829291061003389	4.858445827937206	995299
448	0.6605274302577127	0.9830997439402356	4.858445827937206	997485
449	0.6613432708603496	0.9832639835520894	4.858445827937206	999667
450	0.6621571507864894	0.9833664062827756	4.858445827937206	1001871
451	0.662969074748146	0.9834682021966924	4.858445827937206	1004098
452	0.6637790474460092	0.9836931246157851	4.858445827937206	1006313
453	0.664587073569472	0.983828958646474	4.858445827937206	1008566
454	0.6653931577966572	0.9839279237866327	4.858445827937206	1010774
455	0.666197304794445	0.984115353246847	4.858445827937206	1012976
456	0.6669995192185001	0.9842125656809712	4.858445827937206	1015189
457	0.6677998057132982	0.9846335639294785	4.858445827937206	1017376
458	0.6685981689121532	0.9847432784727321	4.858445827937206	1019560
459	0.6693946134372437	0.98495085291528	4.858445827937206	1021663
460	0.6701891438996405	0.9851044156406342	4.858445827937206	1023766
461	0.6709817648993324	0.9852107683581403	4.858445827937206	1025860
462	0.6717724810252532	0.9853012769623966	4.858445827937206	1028033
463	0.6725612968553089	0.9854237153050671	4.858445827937206	1030223
464	0.6733482169564027	0.9855694174427924	4.858445827937206	1032405
465	0.6741332458844631	0.9857377041198444	4.858445827937206	1034559
466	0.6749163881844692	0.9858565070842771	4.858445827937206	1036724
467	0.6756976483904773	0.9859743204363448	4.858445827937206	1038892
468	0.6764770310256473	0.9860744621360913	4.858445827937206	1041090
469	0.6772545406022688	0.9862136595158221	4.858445827937206	1043275
470	0.6780301816217869	0.9864012287741103	4.858445827937206	1045450
471	0.678803958574829	0.9865862460697006	4.858445827937206	1047594
472	0.6795758759412301	0.9867203277416403	4.858445827937206	1049758
473	0.6803459381900592	0.9868015979949023	4.858445827937206	1051951
474	0.6811141497796445	0.9869335270445159	4.858445827937206	1054073
475	0.6818805151576002	0.9870423689683433	4.858445827937206	1056223
476	0.6826450387608515	0.9871718913110171	4.858445827937206	1058403
477	0.6834077250156605	0.9873464234020237	4.858445827937206	1060534
478	0.6841685783376521	0.987518580906758	4.858445827937206	1062706
479	0.6849276031318388	0.9876225494123244	4.858445827937206	1065408
480	0.6856848037926471	0.9876982981600666	4.858445827937206	1067618
481	0.6864401847039425	0.9877735833331217	4.858445827937206	1069802
482	0.687193750239055	0.9878924017652585	4.858445827937206	1071945
483	0.6879455047608041	0.9880335982461301	4.858445827937206	1074265
484	0.6886954526215245	0.9881068314165165	4.858445827937206	1076422
485	0.6894435981630911	0.9881917472390915	4.858445827937206	1078518
486	0.6901899457169443	0.988276056772697	4.858445827937206	1080707
487	0.6909344996041143	0.9883932473755522	4.858445827937206	1082879
488	0.6916772641352477	0.9884761182219218	4.858445827937206	1085046
489	0.6924182436106306	0.9886067744779091	4.858445827937206	1087225
490	0.6931574423202151	0.988688120765923	4.858445827937206	1089400
491	0.6938948645436429	0.988798051565088	4.858445827937206	1091575
492	0.6946305145502709	0.9888666063583557	4.858445827937206	1093767
493	0.6953643965991958	0.9890180811017794	4.858445827937206	1095939
494	0.6960965149392779	0.9891461501268315	4.858445827937206	1098128
495	0.6968268738091672	0.9892365612044922	4.858445827937206	1100421
496	0.6975554774373266	0.9895235862390391	4.858445827937206	1102847
497	0.6982823300420571	0.9895983865990864	4.858445827937206	1105050
498	0.6990074358315221	0.9896726528933751	4.858445827937206	1107178
499	0.6997307990037714	0.9897730158390177	4.858445827937206	1109382
