0	0.00240325927734375	0.0061198990216660976	6.671525540344805	2468
1	0.004800742899533361	0.012202344879296834	6.508975400146295	5275
2	0.0071924647469656655	0.023721851061462407	6.290023879635098	7874
3	0.00957843866667929	0.029696574750025406	6.290023879635098	10638
4	0.011958678472434925	0.03563473373293202	6.290023879635098	13212
5	0.01433319794479504	0.04153655178248861	6.290023879635098	15574
6	0.01670201083120393	0.048379867888045935	5.814818390889643	17940
7	0.019065130846067313	0.0542036870035556	5.814818390889643	20519
8	0.021422571670831503	0.05999186493415798	5.814818390889643	23107
9	0.023774346954062775	0.06782200350196999	5.814818390889643	25482
10	0.026120470311526423	0.07352683871075694	5.739382866344442	27910
11	0.02846095532626547	0.08253046515671658	5.739382866344442	30514
12	0.030795815548679273	0.08814528606541239	5.739382866344442	32881
13	0.03312506449660224	0.10261917041358037	5.739382866344442	35444
14	0.03544871565538188	0.10811105047462821	5.739382866344442	37772
15	0.03776678247795695	0.1135693207842633	5.739382866344442	40382
16	0.04007927838493508	0.11899418703077047	5.739382866344442	42967
17	0.042386216764671025	0.1275559539206561	5.739382866344442	45340
18	0.04468761097334362	0.1328952233847155	5.739382866344442	47816
19	0.04698347433503336	0.14272634330098855	5.739382866344442	50094
20	0.049273820141799596	0.14884717621607635	5.739382866344442	52540
21	0.05155866165375744	0.1559371622534268	5.739382866344442	55082
22	0.0538380120991544	0.16110274158837679	5.739382866344442	57347
23	0.056111884674447055	0.1662367080994085	5.482086884075224	59749
24	0.05838029254437771	0.17318184172623552	5.482086884075224	62139
25	0.06064324884205019	0.17834730293994083	5.453521124305016	64481
26	0.06290076666900601	0.18519155697625944	4.858445827937206	66951
27	0.06515285909530044	0.19100919326845012	4.858445827937206	69426
28	0.06739953915957797	0.196785292322879	4.858445827937206	71948
29	0.06964081986914772	0.2077133835837922	4.858445827937206	74203
30	0.07187671420005914	0.2125620976724769	4.858445827937206	76488
31	0.07410723509717665	0.21818431152856677	4.858445827937206	78695
32	0.07633239547425485	0.22296894459556627	4.858445827937206	81116
33	0.07855220821401321	0.23073601886866346	4.858445827937206	83497
34	0.08076668616821081	0.23622847306844696	4.858445827937206	85680
35	0.08297584215772047	0.24168171179229936	4.858445827937206	87924
36	0.0851796889726033	0.2463225431424132	4.858445827937206	90065
37	0.08737823937218236	0.25260057277054804	4.858445827937206	92354
38	0.08957150608511699	0.2571745817940434	4.858445827937206	94624
39	0.09175950180947601	0.263362215431744	4.858445827937206	96790
40	0.09394223921281164	0.2678703642888456	4.858445827937206	99044
41	0.0961197309322328	0.273097683637054	4.858445827937206	101454
42	0.09829198957447793	0.2775462524118104	4.858445827937206	103853
43	0.10045902771598825	0.28205970772785494	4.858445827937206	106158
44	0.10262085790298059	0.28718571683552774	4.858445827937206	108553
45	0.10477749265152003	0.2954984198461921	4.858445827937206	110769
46	0.10692894444759216	0.2998098983773376	4.858445827937206	113011
47	0.10907522574717565	0.30564238568781377	4.858445827937206	115181
48	0.11121634897631416	0.31060001725308195	4.858445827937206	117609
49	0.11335232653118832	0.3155222519130231	4.858445827937206	120089
50	0.11548317077818748	0.31971118661389275	4.858445827937206	122285
51	0.11760889405398145	0.33785222163752227	4.858445827937206	124564
52	0.11972950866559184	0.3433678216238819	4.858445827937206	127026
53	0.12184502689046317	0.34738634424992043	4.858445827937206	129216
54	0.1239554609765342	0.35478559204754034	4.858445827937206	131394
55	0.1260608231423087	0.3601601393857532	4.858445827937206	133637
56	0.12816112557692616	0.3647285206122487	4.858445827937206	135885
57	0.13025638044023236	0.3686163179174462	4.858445827937206	138297
58	0.1323465998628499	0.37248032229571915	4.858445827937206	140496
59	0.13443179594624832	0.37875290549642837	4.858445827937206	142932
60	0.13651198076281423	0.3839278084077451	4.858445827937206	145350
61	0.13858716635592117	0.39207691147113477	4.858445827937206	147570
62	0.14065736473999924	0.399166393553104	4.858445827937206	149752
63	0.14272258790060488	0.40284343455338245	4.858445827937206	151930
64	0.14478284779449002	0.40649797243404073	4.858445827937206	154131
65	0.14683815634967146	0.4143485283542254	4.858445827937206	156319
66	0.1488885254654998	0.4192269246194963	4.858445827937206	158716
67	0.15093396701272854	0.4227811971953275	4.858445827937206	160903
68	0.15297449283358266	0.42758935048816105	4.858445827937206	163357
69	0.15501011474182713	0.4384924104788628	4.858445827937206	165547
70	0.1570408445228355	0.4450406039426661	4.858445827937206	167731
71	0.1590666939336579	0.44843689940766174	4.858445827937206	169894
72	0.16108767470308916	0.45181240988736393	4.858445827937206	172100
73	0.16310379853173695	0.4582052680810973	4.858445827937206	174402
74	0.16511507709208928	0.46207361863921403	4.858445827937206	176805
75	0.1671215220285821	0.46960145138128917	4.858445827937206	179268
76	0.1691231449576669	0.47401959839185737	4.858445827937206	181795
77	0.17111995746787756	0.47723854533707455	4.858445827937206	183964
78	0.17311197111989796	0.48333488883168585	4.858445827937206	186146
79	0.1750991974466285	0.4864968271400538	4.858445827937206	188572
80	0.1770816479532532	0.4886021152940897	4.858445827937206	191003
81	0.179059334117306	0.4928619893857674	4.858445827937206	193197
82	0.18103226738873734	0.4964828950366098	4.858445827937206	195450
83	0.18300045918998054	0.5023548146280196	4.858445827937206	197797
84	0.18496392091601777	0.50719101662386	4.858445827937206	200217
85	0.18692266393444623	0.510206957839092	4.858445827937206	202484
86	0.18887669958554376	0.5132044417986313	4.858445827937206	204659
87	0.19082603918233454	0.5161835814590192	4.858445827937206	206988
88	0.1927706940106546	0.5210197305822943	4.858445827937206	209330
89	0.19471067532921726	0.5244395932782023	4.858445827937206	211513
90	0.19664599436967822	0.5299854872341416	4.858445827937206	213677
91	0.19857666233670057	0.5333413354837937	4.858445827937206	215833
92	0.2005026904080197	0.5387834190350032	4.858445827937206	217983
93	0.20242408973450798	0.5440126319711143	4.858445827937206	220367
94	0.20434087144023938	0.5485706064953513	4.858445827937206	222890
95	0.20625304662255384	0.5513333087990118	4.858445827937206	225163
96	0.20816062635212151	0.5572680533916174	4.858445827937206	227515
97	0.21006362167300685	0.5642955446076234	4.858445827937206	229953
98	0.21196204360273252	0.5700588310546126	4.858445827937206	232415
99	0.21385590313234326	0.5726900275938155	4.858445827937206	234649
100	0.2157452112264695	0.5762494609333089	4.858445827937206	236909
101	0.21762997882339075	0.5804852014321014	4.858445827937206	239134
102	0.21951021683509908	0.5830525896374315	4.858445827937206	241376
103	0.22138593614736213	0.5860295450276563	4.858445827937206	243670
104	0.22325714761978632	0.5885630024100401	4.858445827937206	246144
105	0.22512386208587953	0.5910809552890681	4.858445827937206	248568
106	0.2269860903531139	0.595849690504356	4.858445827937206	251023
107	0.22884384320298856	0.5987352761019925	4.858445827937206	253228
108	0.23069713139109171	0.6063784137000499	4.858445827937206	255801
109	0.23254596564716323	0.6087873380609535	4.858445827937206	258104
110	0.23439035667515662	0.6111815200480177	4.858445827937206	260309
111	0.23623031515330084	0.6144203245457435	4.858445827937206	262538
112	0.23806585173416261	0.6182745153874354	4.858445827937206	264828
113	0.23989697704470747	0.6220901803731502	4.858445827937206	267118
114	0.2417237016863618	0.6247884119644647	4.858445827937206	269507
115	0.24354603623507398	0.6274673785000906	4.858445827937206	271748
116	0.24536399124137553	0.6318117822493607	4.858445827937206	274150
117	0.2471775772304423	0.6340650569629618	4.858445827937206	276606
118	0.24898680470215562	0.6366777893461619	4.858445827937206	279079
119	0.2507916841311627	0.640309498240661	4.858445827937206	281283
120	0.25259222596693753	0.642235609096753	4.858445827937206	283617
121	0.25438844063384136	0.6444250910426288	4.858445827937206	286141
122	0.2561803385311828	0.6473869811630567	4.858445827937206	288347
123	0.25796793003327845	0.6509116427424347	4.858445827937206	290606
124	0.25975122548951257	0.6530480282384903	4.858445827937206	292898
125	0.2615302352243972	0.6564197675170278	4.858445827937206	295308
126	0.26330496953763205	0.6585224438456643	4.858445827937206	297548
127	0.2650754387041637	0.6650267782486039	4.858445827937206	299916
128	0.2668416529742458	0.6674184475893647	4.858445827937206	302112
129	0.26860362257349746	0.6701888062100281	4.858445827937206	304584
130	0.2703613577029633	0.672207217412238	4.858445827937206	306777
131	0.2721148685391722	0.6749376862384584	4.858445827937206	309151
132	0.273864165234196	0.6769270347744281	4.858445827937206	311335
133	0.27560925791570867	0.6801564188499857	4.858445827937206	313686
134	0.27735015668704466	0.6828206719207897	4.858445827937206	316073
135	0.27908687162725754	0.685085294956995	4.858445827937206	318459
136	0.2808194127911783	0.687012541152296	4.858445827937206	320816
137	0.2825477902094734	0.6889279927954919	4.858445827937206	323143
138	0.28427201388870327	0.6931602650023558	4.858445827937206	325563
139	0.2859920938113798	0.6953510645620463	4.858445827937206	327729
140	0.28770803993602434	0.6978887483224624	4.858445827937206	329892
141	0.2894198621972255	0.6997376386760381	4.858445827937206	332270
142	0.29112757050569615	0.7022387828769874	4.858445827937206	334704
143	0.29283117474833154	0.7043647628885754	4.858445827937206	337146
144	0.29453068478826594	0.7068273637807989	4.858445827937206	339630
145	0.29622611046492986	0.7092694515460567	4.858445827937206	342035
146	0.29791746159410726	0.7132249692120968	4.858445827937206	344479
147	0.2996047479679923	0.7152725091475134	4.858445827937206	346855
148	0.30128797935524576	0.717305429889008	4.858445827937206	349391
149	0.30296716550105185	0.7193238358159026	4.858445827937206	351569
150	0.30464231612717463	0.7221294284608082	4.858445827937206	353778
151	0.3063134409320143	0.7244440521304392	4.858445827937206	356071
152	0.3079805495906631	0.7261304267062203	4.858445827937206	358640
153	0.30964365175496167	0.7278064808398851	4.858445827937206	361078
154	0.3113027570535547	0.7350649746841549	4.858445827937206	363553
155	0.31295787509194684	0.7366863502863903	4.858445827937206	365977
156	0.31460901545255804	0.7417018483761735	4.858445827937206	368427
157	0.3162561876947795	0.7432826069815943	4.858445827937206	370685
158	0.31789940135502837	0.7454210275814976	4.858445827937206	373187
159	0.3195386659468036	0.747238691453112	4.858445827937206	375606
160	0.3211739909607406	0.7494494317611022	4.858445827937206	378032
161	0.32280538586466645	0.7518843255243568	4.858445827937206	380498
162	0.32443286010365446	0.7534027683978404	4.858445827937206	382737
163	0.326056423100079	0.7551634435803393	4.858445827937206	385193
164	0.3276760842536699	0.7566618185824401	4.858445827937206	387385
165	0.3292918529415674	0.7590941869098126	4.858445827937206	389872
166	0.3309037385183756	0.7605685061596569	4.858445827937206	392067
167	0.3325117503162174	0.7633607101694568	4.858445827937206	394245
168	0.3341158976447879	0.7661203520333698	4.858445827937206	396683
169	0.3357161897914087	0.7693023880601267	4.858445827937206	399138
170	0.33731263602108175	0.7707142341497383	4.858445827937206	401728
171	0.33890524557654256	0.7723513075061987	4.858445827937206	403947
172	0.34049402767831405	0.7739766923517546	4.858445827937206	406254
173	0.34207899152475973	0.7753599321711048	4.858445827937206	408679
174	0.34366014629213726	0.7769638357909934	4.858445827937206	411078
175	0.3452375011346511	0.7795648406214191	4.858445827937206	413370
176	0.3468110651845061	0.7809138815376409	4.858445827937206	415764
177	0.34838084755195975	0.7820870683444244	4.858445827937206	418004
178	0.34994685732537534	0.7834206734816718	4.858445827937206	420387
179	0.35150910357127463	0.7847461170901444	4.858445827937206	422749
180	0.3530675953343899	0.7860634491175742	4.858445827937206	425166
181	0.3546223416377169	0.7873727192060183	4.858445827937206	427536
182	0.35617335148256646	0.7886739766937289	4.858445827937206	429720
183	0.3577206338486171	0.7915491606842904	4.858445827937206	432083
184	0.3592641976939669	0.7932855275257373	4.858445827937206	434443
185	0.36080405195518517	0.7953518112989078	4.858445827937206	436601
186	0.36234020554736446	0.7966042375487253	4.858445827937206	439065
187	0.3638726673641719	0.7993715268337767	4.858445827937206	441498
188	0.36540144627790083	0.8010427344403258	4.858445827937206	443987
189	0.36692655113952244	0.8024632658776532	4.858445827937206	446179
190	0.36844799077873636	0.8044378104919541	4.858445827937206	448415
191	0.3699657740040224	0.8058341014862401	4.858445827937206	450851
192	0.3714799096026914	0.8070223771785954	4.858445827937206	453095
193	0.3729904063409356	0.8082033807437036	4.858445827937206	455395
194	0.37449727296388025	0.8095727860100066	4.858445827937206	457857
195	0.3760005181956336	0.8111590185297066	4.858445827937206	460336
196	0.3775001507393376	0.8123147062674572	4.858445827937206	462727
197	0.3789961792772184	0.8134633213129521	4.858445827937206	465102
198	0.38048861247063637	0.8150171462083045	4.858445827937206	467475
199	0.38197745896013646	0.8163379019919067	4.858445827937206	469787
200	0.383462727365498	0.818122762030858	4.858445827937206	472189
201	0.38494442628578507	0.8192358323615687	4.858445827937206	474578
202	0.3864225642993957	0.8213438693019586	4.858445827937206	476938
203	0.38789714996411195	0.8224372267814322	4.858445827937206	479365
204	0.3893681918171492	0.8237050040638876	4.858445827937206	481554
205	0.3908356983752058	0.8251735171495694	4.858445827937206	483748
206	0.3922996781345123	0.8264217576411534	4.858445827937206	485921
207	0.3937601395708803	0.8274840389567478	4.858445827937206	488257
208	0.3952170911397521	0.8287157825948266	4.858445827937206	490438
209	0.39667054127624946	0.8297640247093514	4.858445827937206	492621
210	0.3981204983952221	0.830805851687985	4.858445827937206	495073
211	0.3995669708912969	0.8327789612892913	4.858445827937206	497452
212	0.401009967138926	0.8338023371604989	4.858445827937206	499898
213	0.4024494954924358	0.8356866644035772	4.858445827937206	502336
214	0.403885564286075	0.8366922454253404	4.858445827937206	504757
215	0.4053181818340631	0.8376916723927923	4.858445827937206	507153
216	0.4067473564306381	0.8388505347306793	4.858445827937206	509539
217	0.4081730963501049	0.839836753185523	4.858445827937206	511920
218	0.40959540984688314	0.8409802998992576	4.858445827937206	514316
219	0.4110143051555549	0.8419534844063298	4.858445827937206	516778
220	0.41242979049091255	0.8429207131224892	4.858445827937206	519312
221	0.4138418740480061	0.8440422407255892	4.858445827937206	521702
222	0.4152505640021906	0.8453413474250845	4.858445827937206	524183
223	0.4166558685091739	0.8482872265217496	4.858445827937206	526459
224	0.4180577957050633	0.8500564716935075	4.858445827937206	528713
225	0.419456353706413	0.8520965196976775	4.858445827937206	530997
226	0.420851550610271	0.8535749384928695	4.858445827937206	533452
227	0.4222433944942261	0.8543590317597012	4.858445827937206	535891
228	0.42363189341645446	0.8552503397787494	4.858445827937206	538140
229	0.4250170554157664	0.8562838353000531	4.858445827937206	540611
230	0.42639888851165286	0.8573099517850887	4.858445827937206	542813
231	0.4277774007043319	0.858328741919306	4.858445827937206	545283
232	0.42915259997479493	0.8597055277121213	4.858445827937206	547501
233	0.43052449428485307	0.8607072137164377	4.858445827937206	549936
234	0.43189309157718303	0.8618675034813986	4.858445827937206	552236
235	0.4332583997753733	0.8634783780763677	4.858445827937206	554445
236	0.4346204267839697	0.8644531263735555	4.858445827937206	556672
237	0.4359791804885218	0.8652826595528519	4.858445827937206	559098
238	0.43733466875562776	0.8662445254928566	4.858445827937206	561591
239	0.43868689943298045	0.8675443843316043	4.858445827937206	564050
240	0.44003588034941277	0.8683549993243476	4.858445827937206	566297
241	0.4413816193149427	0.86929492912033	4.858445827937206	568487
242	0.44272412412081874	0.8700948309557334	4.858445827937206	570759
243	0.4440634025395652	0.8716097600407977	4.858445827937206	573036
244	0.4453994623250269	0.8728574786021116	4.858445827937206	575285
245	0.4467323112124141	0.8735383155703873	4.858445827937206	577649
246	0.4480619569183474	0.8744412370990094	4.858445827937206	580052
247	0.44938840714090234	0.8754871243368353	4.858445827937206	582429
248	0.450711669559654	0.8762491305627911	4.858445827937206	584686
249	0.4520317518357214	0.8771326971917235	4.858445827937206	586888
250	0.453348661611812	0.879473026769024	4.858445827937206	589337
251	0.45466240651226575	0.8813861533282458	4.858445827937206	591750
252	0.45597299414309944	0.8827309815218031	4.858445827937206	593920
253	0.4572804320920506	0.8837078163279521	4.858445827937206	596190
254	0.45858472792862137	0.8846765142344248	4.858445827937206	598578
255	0.45988588920412254	0.886021394534898	4.858445827937206	600979
256	0.461183923451717	0.8871607058764901	4.858445827937206	603430
257	0.4624788381864636	0.8886959343679663	4.858445827937206	605911
258	0.4637706409053606	0.8894906322840634	4.858445827937206	608114
259	0.46505933908738883	0.8904111601284278	4.858445827937206	610291
260	0.46634494019355544	0.8919021647525308	4.858445827937206	612603
261	0.46762745166693676	0.8928026048628804	4.858445827937206	614822
262	0.46890688093272137	0.8934586420965052	4.858445827937206	617054
263	0.47018323539825324	0.8943461169645059	4.858445827937206	619325
264	0.4714565224530747	0.8951004732425009	4.858445827937206	621492
265	0.47272674946896887	0.8957424477536773	4.858445827937206	623899
266	0.4739939238000027	0.8972014455693693	4.858445827937206	626214
267	0.4752580527825695	0.8991595132728099	4.858445827937206	628602
268	0.47651914373543125	0.9005314926840642	4.858445827937206	631038
269	0.477777203959761	0.9014981448445689	4.858445827937206	633212
270	0.47903224073918504	0.9022014364860665	4.858445827937206	635654
271	0.4802842613398256	0.9027999538192358	4.858445827937206	638099
272	0.4815332730103422	0.9037715494495309	4.858445827937206	640540
273	0.48277928298197414	0.9048937471235888	4.858445827937206	642714
274	0.48402229846858214	0.9054757877875215	4.858445827937206	644915
275	0.48526232666669	0.9062631614835854	4.858445827937206	647219
276	0.4864993747555266	0.9080486250743742	4.858445827937206	649610
277	0.48773344989706724	0.9091209443154894	4.858445827937206	651993
278	0.48896455923607496	0.909677114959463	4.858445827937206	654389
279	0.4901927099001423	0.9107011839508523	4.858445827937206	656766
280	0.49141790899973226	0.9118823852213437	4.858445827937206	658988
281	0.4926401636282195	0.9125115346098984	4.858445827937206	661417
282	0.49385948086193154	0.9130469551836463	4.858445827937206	663901
283	0.49507586776018964	0.9142299898069981	4.858445827937206	666188
284	0.4962893313653497	0.9149444422034413	4.858445827937206	668774
285	0.49749987870284296	0.9154649736283877	4.858445827937206	671258
286	0.4987075167812167	0.9164508048397184	4.858445827937206	673470
287	0.499912252592175	0.9169621174774408	4.858445827937206	675728
288	0.5011140931106188	0.918280179104783	4.858445827937206	677983
289	0.5023130452946867	0.9192331799315494	4.858445827937206	680222
290	0.5035091160857952	0.9197274647146694	4.858445827937206	682551
291	0.5047023124086787	0.9202187245248288	4.858445827937206	684843
292	0.5058926411714294	0.9211232741333908	4.858445827937206	687207
293	0.5070801092655379	0.9222270883729236	4.858445827937206	689403
294	0.5082647235659328	0.9227030507387022	4.858445827937206	691674
295	0.5094464909310201	0.9233469237021449	4.858445827937206	694014
296	0.5106254182027237	0.9238160327887879	4.858445827937206	696364
297	0.5118015122065243	0.9242822709751903	4.858445827937206	698738
298	0.5129747797514992	0.924822886640269	4.858445827937206	701139
299	0.5141452276303617	0.9252829629827709	4.858445827937206	703349
300	0.5153128626195008	0.9257402237045145	4.858445827937206	705882
301	0.5164776914790197	0.9262704297588643	4.858445827937206	708356
302	0.5176397209527754	0.9272456886244879	4.858445827937206	710551
303	0.5187989577684178	0.9282355432010254	4.858445827937206	712761
304	0.5199554086374283	0.9286747344299798	4.858445827937206	715088
305	0.521109080255159	0.9291112378529619	4.858445827937206	717601
306	0.5222599793008715	0.9295450699190727	4.858445827937206	719795
307	0.5234081124377751	0.9301319498031287	4.858445827937206	722248
308	0.5245534863130658	0.930713941058413	4.858445827937206	724689
309	0.5256961075579647	0.9311379647427447	4.858445827937206	727263
310	0.5268359827877562	0.931629631561979	4.858445827937206	729759
311	0.5279731186018268	0.9321177879380462	4.858445827937206	732233
312	0.5291075215837026	0.9326024589350971	4.858445827937206	734604
313	0.5302391983010879	0.9333666033916153	4.858445827937206	737038
314	0.5313681553059033	0.9339216504270871	4.858445827937206	739430
315	0.5324943991343231	0.9349705131187206	4.858445827937206	741743
316	0.5336179363068136	0.9354348159940554	4.858445827937206	744183
317	0.534738773328171	0.935895803801559	4.858445827937206	746346
318	0.5358569166875584	0.9366433746027071	4.858445827937206	748563
319	0.536972372858544	0.937031110752492	4.858445827937206	750801
320	0.5380851482991382	0.9378878303340907	4.858445827937206	753192
321	0.5391952494518312	0.9382679505404627	4.858445827937206	755625
322	0.5403026827436301	0.938708710101071	4.858445827937206	757981
323	0.5414074545860965	0.9390838066061602	4.858445827937206	760281
324	0.5425095713753831	0.9395912301246429	4.858445827937206	762729
325	0.5436090394922712	0.9400944268749581	4.858445827937206	765085
326	0.5447058653022072	0.9407930341417224	4.858445827937206	767458
327	0.5458000551553399	0.9412862200297548	4.858445827937206	769864
328	0.5468916153865568	0.9418568107000196	4.858445827937206	772091
329	0.5479805523155213	0.9425348653857336	4.858445827937206	774515
330	0.5490668722467089	0.9428865462068393	4.858445827937206	776903
331	0.5501505814694436	0.9432943295384976	4.858445827937206	779186
332	0.5512316862579348	0.9438454050531866	4.858445827937206	781388
333	0.5523101928713134	0.9444067171226258	4.858445827937206	783856
334	0.5533861075536677	0.9447469424001183	4.858445827937206	786061
335	0.5544594365340798	0.9450850855332679	4.858445827937206	788306
336	0.5555301860266624	0.9454211592645877	4.858445827937206	790628
337	0.556598362230593	0.9459667203548209	4.858445827937206	793088
338	0.5576639713301517	0.9469959256813957	4.858445827937206	795289
339	0.558727019494756	0.9476140489970646	4.858445827937206	797674
340	0.5597875128789963	0.948137690323208	4.858445827937206	800219
341	0.5608454576226725	0.9485079811045024	4.858445827937206	802416
342	0.5619008598508284	0.9488756280532417	4.858445827937206	804673
343	0.5629537256737882	0.9491885040471019	4.858445827937206	807174
344	0.5640040611871913	0.949551292142202	4.858445827937206	809563
345	0.5650518724720273	0.9498600331400653	4.858445827937206	811911
346	0.5660971655946722	0.9503473020113961	4.858445827937206	814103
347	0.5671399466069225	0.9506131878220091	4.858445827937206	816354
348	0.568180221546031	0.9510245731795933	4.858445827937206	818525
349	0.569217996434741	0.9513242978462773	4.858445827937206	820827
350	0.5702532772813219	0.9517297597550962	4.858445827937206	823211
351	0.5712860700796036	0.9522926780086811	4.858445827937206	825592
352	0.5723163808090113	0.9525846420018621	4.858445827937206	827786
353	0.5733442154346	0.9532297489134014	4.858445827937206	829980
354	0.5743695799070891	0.9537751745820497	4.858445827937206	832393
355	0.5753924801628971	0.9556241675987678	4.858445827937206	834648
356	0.5764129221241756	0.9560554196143288	4.858445827937206	836823
357	0.5774309116988436	0.9563243560088387	4.858445827937206	839052
358	0.5784464547806221	0.9567609305426945	4.858445827937206	841399
359	0.5794595572490676	0.9573492172019775	4.858445827937206	843585
360	0.580470224969607	0.9576537387665496	4.858445827937206	846029
361	0.5814784637935708	0.9580652670584199	4.858445827937206	848181
362	0.582484279558227	0.9583219033895229	4.858445827937206	850600
363	0.5834876780868156	0.9585769691321943	4.858445827937206	853045
364	0.5844886651885814	0.9590600365475622	4.858445827937206	855250
365	0.5854872466588084	0.9593523430635551	4.858445827937206	857409
366	0.5864834282788529	0.9596425625454599	4.858445827937206	859947
367	0.5874772158161772	0.9600347631038131	4.858445827937206	862173
368	0.5884686150243825	0.9605785078234891	4.858445827937206	864577
369	0.5894576316432434	0.9610254635171003	4.858445827937206	866764
370	0.5904442713987395	0.9612341687163305	4.858445827937206	869157
371	0.5914285400030896	0.9614714116892774	4.858445827937206	871572
372	0.5924104431547851	0.9617072027591864	4.858445827937206	873995
373	0.5933899865386218	0.9619806088202858	4.858445827937206	876156
374	0.5943671758257337	0.9623606443839314	4.858445827937206	878585
375	0.5953420166736256	0.9625909934395424	4.858445827937206	880956
376	0.596314514726206	0.9628199327821932	4.858445827937206	883157
377	0.5972846756138193	0.9630853940820169	4.858445827937206	885570
378	0.5982525049532789	0.9637885294328357	4.858445827937206	887840
379	0.5992180083478995	0.9640101399761327	4.858445827937206	890008
380	0.6001811913875297	0.9642303942852827	4.858445827937206	892424
381	0.6011420596485841	0.964485785056138	4.858445827937206	894781
382	0.6021006186940759	0.9646521886038758	4.858445827937206	897239
383	0.6030568740736487	0.9650644079787578	4.858445827937206	899644
384	0.604010831323609	0.9653554166586514	4.858445827937206	901893
385	0.6049624959669582	0.9655674380103483	4.858445827937206	904348
386	0.6059118735134243	0.9657781618127822	4.858445827937206	906653
387	0.6068589694594942	0.9660632250213388	4.858445827937206	908993
388	0.6078037892884451	0.9664024514267897	4.858445827937206	911377
389	0.6087463384703768	0.9666080650314334	4.858445827937206	913849
390	0.6096866224622426	0.967062377071822	4.858445827937206	916346
391	0.6106246467078815	0.9672639519981562	4.858445827937206	918578
392	0.6115604166380499	0.9674642933062958	4.858445827937206	921111
393	0.612493937670452	0.9676965944191205	4.858445827937206	923368
394	0.6134252152097724	0.9682948056335813	4.858445827937206	925655
395	0.6143542546477068	0.9686645455095745	4.858445827937206	928109
396	0.6152810613629928	0.9688882769630671	4.858445827937206	930606
397	0.616205640721442	0.9690786775664432	4.858445827937206	932832
398	0.6171279980759704	0.9692679129373529	4.858445827937206	935096
399	0.6180481387666295	0.9696860365708584	4.858445827937206	937355
400	0.6189660681206373	0.9698715549659912	4.858445827937206	939798
401	0.6198817914524092	0.9701350690624986	4.858445827937206	942240
402	0.6207953140635885	0.9703178394241251	4.858445827937206	944428
403	0.6217066412430774	0.9706145374057248	4.858445827937206	946875
404	0.6226157782670674	0.9707943734695067	4.858445827937206	949500
405	0.6235227303990702	0.9710376523244046	4.858445827937206	951946
406	0.6244275028899477	0.971589316089654	4.858445827937206	954366
407	0.6253301009779426	0.9717631866063219	4.858445827937206	956827
408	0.6262305298887088	0.9719647941274286	4.858445827937206	959191
409	0.6271287948353417	0.9721983235391118	4.858445827937206	961654
410	0.6280249010184079	0.9724299076828927	4.858445827937206	964100
411	0.6289188536259762	0.9725986338638914	4.858445827937206	966365
412	0.629810657833647	0.9728268834776865	4.858445827937206	968844
413	0.6307003188045821	0.9730532318035701	4.858445827937206	971244
414	0.6315878416895351	0.9732456285539461	4.858445827937206	973530
415	0.6324732316268808	0.9734093626055842	4.858445827937206	975789
416	0.6333564937426458	0.973675158231351	4.858445827937206	978059
417	0.6342376331505366	0.9738396199666819	4.858445827937206	980543
418	0.6351166549519708	0.9740264019982163	4.858445827937206	982989
419	0.6359935642361056	0.9741853577952165	4.858445827937206	985501
420	0.6368683660798682	0.9743433407987903	4.858445827937206	988113
421	0.6377410655479837	0.9747505893575397	4.858445827937206	990389
422	0.6386116676930063	0.974995967497894	4.858445827937206	992867
423	0.6394801775553467	0.9751489896519413	4.858445827937206	995198
424	0.6403466001633031	0.9753010753258579	4.858445827937206	997573
425	0.641210940533089	0.9754522302508073	4.858445827937206	999806
426	0.6420732036688623	0.9757862135127011	4.858445827937206	1001995
427	0.642933394562755	0.9759343994409355	4.858445827937206	1004186
428	0.6437915181949017	0.9763927918325368	4.858445827937206	1006549
429	0.6446475795334683	0.9765613445177331	4.858445827937206	1008762
430	0.6455015835346811	0.9767956334521665	4.858445827937206	1011120
431	0.6463535351428551	0.9769889226362384	4.858445827937206	1013315
432	0.6472034392904229	0.9771297481060843	4.858445827937206	1015707
433	0.6480513008979631	0.9773202541610108	4.858445827937206	1017893
434	0.6488971248742291	0.9774821848744444	4.858445827937206	1020421
435	0.6497409161161771	0.9776199916292013	4.858445827937206	1022623
436	0.6505826795089948	0.9778064140229605	4.858445827937206	1025073
437	0.6514224199261295	0.9781946400167281	4.858445827937206	1027358
438	0.652260142229316	0.9783503277181615	4.858445827937206	1029668
439	0.6530958512686056	0.9784828215263786	4.858445827937206	1031987
440	0.6539295518823933	0.9786364516457832	4.858445827937206	1034321
441	0.6547612488974466	0.9787671944044555	4.858445827937206	1036570
442	0.6555909471289323	0.978897137030647	4.858445827937206	1038880
443	0.6564186513804459	0.9791080777683664	4.858445827937206	1041384
444	0.6572443664440382	0.9792385978989263	4.858445827937206	1043585
445	0.6580680971002433	0.9793868318640676	4.858445827937206	1046041
446	0.6588898481181069	0.9799365163476925	4.858445827937206	1048223
447	0.6597096242552133	0.9800797672573299	4.858445827937206	1050511
448	0.6605274302577127	0.9802457000581851	4.858445827937206	1052977
449	0.6613432708603496	0.9803665943790728	4.858445827937206	1055162
450	0.6621571507864894	0.9804867488389243	4.858445827937206	1057346
451	0.662969074748146	0.9806260711533962	4.858445827937206	1059543
452	0.6637790474460092	0.9808197297507799	4.858445827937206	1061734
453	0.664587073569472	0.9810114525687647	4.858445827937206	1064216
454	0.6653931577966572	0.9811470285604198	4.858445827937206	1066470
455	0.666197304794445	0.9816497744654753	4.858445827937206	1068928
456	0.6669995192185001	0.9819993025708948	4.858445827937206	1071379
457	0.6677998057132982	0.9821278254299114	4.858445827937206	1073884
458	0.6685981689121532	0.982237201333578	4.858445827937206	1076103
459	0.6693946134372437	0.9824788720637334	4.858445827937206	1078605
460	0.6701891438996405	0.9826540103688023	4.858445827937206	1080998
461	0.6709817648993324	0.9828900102277301	4.858445827937206	1083177
462	0.6717724810252532	0.9829947216373982	4.858445827937206	1085430
463	0.6725612968553089	0.9831930339215101	4.858445827937206	1087982
464	0.6733482169564027	0.9835131666087195	4.858445827937206	1090216
465	0.6741332458844631	0.9836140643642611	4.858445827937206	1092701
466	0.6749163881844692	0.9837143446357274	4.858445827937206	1095294
467	0.6756976483904773	0.9838500019065668	4.858445827937206	1097500
468	0.6764770310256473	0.9839845291709852	4.858445827937206	1099745
469	0.6772545406022688	0.9840825422352433	4.858445827937206	1102059
470	0.6780301816217869	0.9841799554694451	4.858445827937206	1104450
471	0.678803958574829	0.9842767725444904	4.858445827937206	1106826
472	0.6795758759412301	0.9844077448681515	4.858445827937206	1109280
473	0.6803459381900592	0.9845636024787989	4.858445827937206	1111437
474	0.6811141497796445	0.9846580716728869	4.858445827937206	1113890
475	0.6818805151576002	0.9848668053916232	4.858445827937206	1116289
476	0.6826450387608515	0.9849748546183147	4.858445827937206	1118724
477	0.6834077250156605	0.9851000120142471	4.858445827937206	1120925
478	0.6841685783376521	0.9852241268662734	4.858445827937206	1123501
479	0.6849276031318388	0.9853296248597313	4.858445827937206	1125764
480	0.6856848037926471	0.9854194060741998	4.858445827937206	1128177
481	0.6864401847039425	0.985589442154967	4.858445827937206	1130477
482	0.687193750239055	0.9856776333138245	4.858445827937206	1132869
483	0.6879455047608041	0.9857652847516952	4.858445827937206	1135099
484	0.6886954526215245	0.9861448771583167	4.858445827937206	1137512
485	0.6894435981630911	0.9862296691110406	4.858445827937206	1139936
486	0.6901899457169443	0.9864170205517067	4.858445827937206	1142124
487	0.6909344996041143	0.9865140014247831	4.858445827937206	1144346
488	0.6916772641352477	0.9866712725451938	4.858445827937206	1146804
489	0.6924182436106306	0.9867426467030407	4.858445827937206	1149077
490	0.6931574423202151	0.9868237803665126	4.858445827937206	1151557
491	0.6938948645436429	0.9869044175001568	4.858445827937206	1153743
492	0.6946305145502709	0.9869845611426857	4.858445827937206	1155903
493	0.6953643965991958	0.9870774898428034	4.858445827937206	1158118
494	0.6960965149392779	0.9872240035634066	4.858445827937206	1160572
495	0.6968268738091672	0.9873152226728485	4.858445827937206	1163079
496	0.6975554774373266	0.987392852229203	4.858445827937206	1165452
497	0.6982823300420571	0.987539874360641	4.858445827937206	1167791
498	0.6990074358315221	0.9876065972325123	4.858445827937206	1170227
499	0.6997307990037714	0.9876729628093002	4.858445827937206	1172557
