0	0.00240325927734375	0.026666666666666616	7.804312568698447	2677
1	0.004800742899533361	0.03262336838108826	7.208309715882765	5763
2	0.0071924647469656655	0.04390472851658567	6.265093300001182	8355
3	0.00957843866667929	0.05319622775354793	6.265093300001182	10605
4	0.011958678472434925	0.058990571233028755	6.265093300001182	12991
5	0.01433319794479504	0.07179342060400795	5.739382866344442	15362
6	0.01670201083120393	0.07842070623068254	5.739382866344442	17637
7	0.019065130846067313	0.08500067381873022	5.739382866344442	19977
8	0.021422571670831503	0.09060037729985215	5.739382866344442	22340
9	0.023774346954062775	0.0981755511665755	5.739382866344442	24700
10	0.026120470311526423	0.10869245435996822	5.739382866344442	27106
11	0.02846095532626547	0.1173543352699783	5.739382866344442	29406
12	0.030795815548679273	0.12365632133338056	5.739382866344442	31797
13	0.03312506449660224	0.12991331195871492	5.739382866344442	34176
14	0.03544871565538188	0.13523815462962352	5.739382866344442	36593
15	0.03776678247795695	0.142441501946328	5.739382866344442	38976
16	0.04007927838493508	0.14768967335958805	5.374771957911367	41293
17	0.042386216764671025	0.1547893012366427	5.374771957911367	43672
18	0.04468761097334362	0.15996190536510624	5.374771957911367	46057
19	0.04698347433503336	0.1839629937832461	5.374771957911367	48375
20	0.049273820141799596	0.18895705785923533	5.374771957911367	50746
21	0.05155866165375744	0.1999916557114907	5.374771957911367	53143
22	0.0538380120991544	0.20488762599502663	5.374771957911367	55501
23	0.056111884674447055	0.21056463467477893	5.374771957911367	57866
24	0.05838029254437771	0.21539589939470138	5.374771957911367	60158
25	0.06064324884205019	0.22454580144257652	5.374771957911367	62489
26	0.06290076666900601	0.23008245306552477	5.374771957911367	65002
27	0.06515285909530044	0.25061358765044406	5.374771957911367	67478
28	0.06739953915957797	0.2559641183508633	5.374771957911367	69924
29	0.06964081986914772	0.2621618349826762	5.374771957911367	72352
30	0.07187671420005914	0.26667733004691363	5.374771957911367	74805
31	0.07410723509717665	0.27116519073732515	5.374771957911367	77279
32	0.07633239547425485	0.2810813105912391	5.374771957911367	79647
33	0.07855220821401321	0.2854810203752093	5.374771957911367	81998
34	0.08076668616821081	0.29058260171363826	5.374771957911367	84414
35	0.08297584215772047	0.29492416455536385	5.374771957911367	86877
36	0.0851796889726033	0.30079734935706837	5.374771957911367	89227
37	0.08737823937218236	0.3087248170514326	5.374771957911367	91648
38	0.08957150608511699	0.3129553513672616	5.374771957911367	94006
39	0.09175950180947601	0.31867833886107866	5.374771957911367	96371
40	0.09394223921281164	0.3266237809734859	5.374771957911367	98828
41	0.0961197309322328	0.3302296511295153	5.374771957911367	101281
42	0.09829198957447793	0.33432857803230875	5.374771957911367	103646
43	0.10045902771598825	0.3384024199163599	5.374771957911367	106091
44	0.10262085790298059	0.3439134368266775	5.374771957911367	108529
45	0.10477749265152003	0.35047156990296224	5.374771957911367	110884
46	0.10692894444759216	0.35588205245270843	5.374771957911367	113307
47	0.10907522574717565	0.36214170208873653	5.374771957911367	115715
48	0.11121634897631416	0.3695802828223955	5.374771957911367	118167
49	0.11335232653118832	0.3905942733949823	5.374771957911367	120606
50	0.11548317077818748	0.39668579252806035	5.374771957911367	122746
51	0.11760889405398145	0.4003780145561251	5.374771957911367	124773
52	0.11972950866559184	0.4040476405582125	5.374771957911367	126805
53	0.12184502689046317	0.41099752230097386	5.233404492437243	128871
54	0.1239554609765342	0.4178663558601462	5.233404492437243	130943
55	0.1260608231423087	0.42465508640405114	5.233404492437243	133064
56	0.12816112557692616	0.4287629813068603	5.233404492437243	135207
57	0.13025638044023236	0.4328415463240065	4.877112537272065	137304
58	0.1323465998628499	0.43631249878978784	4.877112537272065	139351
59	0.13443179594624832	0.43983407834753596	4.877112537272065	141398
60	0.13651198076281423	0.4432622372234276	4.877112537272065	143509
61	0.13858716635592117	0.44975480588554506	4.877112537272065	145661
62	0.14065736473999924	0.4531222509106826	4.877112537272065	147724
63	0.14272258790060488	0.4564690875123053	4.877112537272065	149837
64	0.14478284779449002	0.4603498341951472	4.877112537272065	151986
65	0.14683815634967146	0.4676920133217438	4.877112537272065	154073
66	0.1488885254654998	0.47094968444864116	4.877112537272065	156145
67	0.15093396701272854	0.47623798414594753	4.877112537272065	158220
68	0.15297449283358266	0.4794433547943586	4.877112537272065	160266
69	0.15501011474182713	0.48316006791536037	4.877112537272065	162285
70	0.1570408445228355	0.48746527351373303	4.877112537272065	164432
71	0.1590666939336579	0.49060193428492627	4.877112537272065	166473
72	0.16108767470308916	0.4937193990089346	4.877112537272065	168551
73	0.16310379853173695	0.4968177851636283	4.877112537272065	170590
74	0.16511507709208928	0.5026857993308163	4.877112537272065	172677
75	0.1671215220285821	0.5057293120209523	4.877112537272065	174744
76	0.1691231449576669	0.5087541987207534	4.877112537272065	176770
77	0.17111995746787756	0.5117605734194	4.877112537272065	178837
78	0.17311197111989796	0.5158275407378555	4.877112537272065	180854
79	0.1750991974466285	0.5192844750575709	4.877112537272065	182885
80	0.1770816479532532	0.5227167272734983	4.877112537272065	184957
81	0.179059334117306	0.5282827129612709	4.877112537272065	186992
82	0.18103226738873734	0.5322120531281908	4.877112537272065	189130
83	0.18300045918998054	0.5350748681265987	4.877112537272065	191178
84	0.18496392091601777	0.5383943787962487	4.877112537272065	193327
85	0.18692266393444623	0.5412193585858491	4.877112537272065	195398
86	0.18887669958554376	0.5450409382727641	4.877112537272065	197444
87	0.19082603918233454	0.5494623091350308	4.877112537272065	199553
88	0.1927706940106546	0.552219554308579	4.877112537272065	201666
89	0.19471067532921726	0.5554166539386719	4.877112537272065	203818
90	0.19664599436967822	0.5606012993737894	4.877112537272065	205914
91	0.19857666233670057	0.5637385543315537	4.877112537272065	207967
92	0.2005026904080197	0.5664084303260907	4.877112537272065	210039
93	0.20242408973450798	0.5690619669491407	4.877112537272065	212145
94	0.20434087144023938	0.5716992641960074	4.877112537272065	214270
95	0.20625304662255384	0.574320421450033	4.877112537272065	216362
96	0.20816062635212151	0.5792846147858928	4.877112537272065	218405
97	0.21006362167300685	0.5827891161204541	4.877112537272065	220550
98	0.21196204360273252	0.5896007223878754	4.877112537272065	222681
99	0.21385590313234326	0.5921123245254263	4.877112537272065	224698
100	0.2157452112264695	0.5960762475135174	4.877112537272065	226718
101	0.21762997882339075	0.6076169261559883	4.877112537272065	228750
102	0.21951021683509908	0.6100182709457247	4.877112537272065	230982
103	0.22138593614736213	0.6124049197478316	4.877112537272065	233082
104	0.22325714761978632	0.6147769625002695	4.877112537272065	235158
105	0.22512386208587953	0.6186275884477885	4.877112537272065	237247
106	0.2269860903531139	0.6209615490961374	4.877112537272065	239380
107	0.22884384320298856	0.6232812261409978	4.877112537272065	241487
108	0.23069713139109171	0.627674447993581	4.877112537272065	243617
109	0.23254596564716323	0.6307758686683532	4.877112537272065	245694
110	0.23439035667515662	0.6344665721885363	4.877112537272065	247836
111	0.23623031515330084	0.6387293526877953	4.877112537272065	249918
112	0.23806585173416261	0.6413087825490118	4.877112537272065	251952
113	0.23989697704470747	0.6435039365797703	4.877112537272065	254105
114	0.2417237016863618	0.6470674124323674	4.877112537272065	256244
115	0.24354603623507398	0.6505952683680705	4.877112537272065	258273
116	0.24536399124137553	0.6546699591159646	4.877112537272065	260330
117	0.2471775772304423	0.6567833440953228	4.877112537272065	262406
118	0.24898680470215562	0.6588837953720134	4.877112537272065	264446
119	0.2507916841311627	0.6609713920989906	4.877112537272065	266471
120	0.25259222596693753	0.6633920164191025	4.877112537272065	268567
121	0.25438844063384136	0.6657953577667379	4.877112537272065	270649
122	0.2561803385311828	0.6685792365025418	4.877112537272065	272731
123	0.25796793003327845	0.6713399259111004	4.877112537272065	274775
124	0.25975122548951257	0.6746251578053668	4.877112537272065	276811
125	0.2615302352243972	0.6773354855204408	4.877112537272065	278876
126	0.26330496953763205	0.6793512988137325	4.877112537272065	280917
127	0.2650754387041637	0.6813136364864207	4.877112537272065	282967
128	0.2668416529742458	0.683263964850706	4.877112537272065	285200
129	0.26860362257349746	0.6874535949452734	4.877112537272065	287245
130	0.2703613577029633	0.6909972049799074	4.877112537272065	289282
131	0.2721148685391722	0.694600736117168	4.877112537272065	291321
132	0.273864165234196	0.6971446700104027	4.877112537272065	293353
133	0.27560925791570867	0.6993070213877307	4.877112537272065	295412
134	0.27735015668704466	0.7033980823212309	4.877112537272065	297433
135	0.27908687162725754	0.7052132561070575	4.877112537272065	299484
136	0.2808194127911783	0.7076687891673903	4.877112537272065	301565
137	0.2825477902094734	0.7094578266585672	4.877112537272065	303621
138	0.28427201388870327	0.7123620383037961	4.877112537272065	305659
139	0.2859920938113798	0.715157353772175	4.877112537272065	307710
140	0.28770803993602434	0.7190327639249345	4.877112537272065	309784
141	0.2894198621972255	0.7207522550381107	4.877112537272065	311843
142	0.29112757050569615	0.7224612230393054	4.877112537272065	313870
143	0.29283117474833154	0.725697826852258	4.877112537272065	315933
144	0.29453068478826594	0.7288966860143309	4.877112537272065	318004
145	0.29622611046492986	0.734060558661677	4.877112537272065	320029
146	0.29791746159410726	0.7356880811885458	4.877112537272065	322088
147	0.2996047479679923	0.7375752371507862	4.877112537272065	324120
148	0.30128797935524576	0.7401255263913034	4.877112537272065	326177
149	0.30296716550105185	0.7422902450386061	4.877112537272065	328296
150	0.30464231612717463	0.743867402715868	4.877112537272065	330369
151	0.3063134409320143	0.7464276619140435	4.877112537272065	332409
152	0.3079805495906631	0.748238138535113	4.877112537272065	334601
153	0.30964365175496167	0.7497788957047848	4.877112537272065	336728
154	0.3113027570535547	0.7522105876804428	4.877112537272065	338742
155	0.31295787509194684	0.7539797748928154	4.877112537272065	340877
156	0.31460901545255804	0.7568488154188467	4.877112537272065	342962
157	0.3162561876947795	0.7614802665537259	4.877112537272065	344989
158	0.31789940135502837	0.7634671031505295	4.877112537272065	347062
159	0.3195386659468036	0.7649146605945504	4.877112537272065	349054
160	0.3211739909607406	0.7681131005864613	4.877112537272065	351092
161	0.32280538586466645	0.7711803876157409	4.877112537272065	353161
162	0.32443286010365446	0.7728141326913708	4.877112537272065	355185
163	0.326056423100079	0.7742044872584493	4.877112537272065	357290
164	0.3276760842536699	0.776398807110165	4.877112537272065	359376
165	0.3292918529415674	0.7790064011963438	4.877112537272065	361435
166	0.3309037385183756	0.7805842694569756	4.877112537272065	363494
167	0.3325117503162174	0.781927071571664	4.877112537272065	365507
168	0.3341158976447879	0.7832616558730044	4.877112537272065	367555
169	0.3357161897914087	0.7845880726531848	4.877112537272065	369591
170	0.33731263602108175	0.7861260884371806	4.877112537272065	371596
171	0.33890524557654256	0.7874349751793137	4.877112537272065	373688
172	0.34049402767831405	0.7895597401088	4.877112537272065	375788
173	0.34207899152475973	0.7916632662384913	4.877112537272065	377881
174	0.34366014629213726	0.7929382660116155	4.877112537272065	379970
175	0.3452375011346511	0.7946630617966083	4.877112537272065	382011
176	0.3468110651845061	0.7961291433450349	4.877112537272065	384083
177	0.34838084755195975	0.7985066460465505	4.877112537272065	386172
178	0.34994685732537534	0.8005207403801127	4.877112537272065	388233
179	0.35150910357127463	0.8032347439123562	4.877112537272065	390273
180	0.3530675953343899	0.8052015769594629	4.877112537272065	392309
181	0.3546223416377169	0.8063937236380508	4.877112537272065	394351
182	0.35617335148256646	0.8086515227792981	4.877112537272065	396394
183	0.3577206338486171	0.8116888001954996	4.877112537272065	398386
184	0.3592641976939669	0.8128412457229519	4.877112537272065	400377
185	0.36080405195518517	0.8144002524224692	4.877112537272065	402373
186	0.36234020554736446	0.8155361041360905	4.877112537272065	404417
187	0.3638726673641719	0.8166650045519207	4.877112537272065	406442
188	0.36540144627790083	0.8184466857516105	4.877112537272065	408474
189	0.36692655113952244	0.820261462737017	4.877112537272065	410496
190	0.36844799077873636	0.8213614444353685	4.877112537272065	412554
191	0.3699657740040224	0.8247640835889806	4.877112537272065	414563
192	0.3714799096026914	0.8258365097023851	4.877112537272065	416616
193	0.3729904063409356	0.8282060809989513	4.877112537272065	418622
194	0.37449727296388025	0.8296371007324045	4.877112537272065	420677
195	0.3760005181956336	0.8308534717630531	4.877112537272065	422702
196	0.3775001507393376	0.8318886314357286	4.877112537272065	424747
197	0.3789961792772184	0.8363716012641091	4.877112537272065	426739
198	0.38048861247063637	0.8373729905414498	4.877112537272065	428785
199	0.38197745896013646	0.8383682514175316	4.877112537272065	430848
200	0.383462727365498	0.8393574213975517	4.877112537272065	432879
201	0.38494442628578507	0.8409185737649223	4.877112537272065	434942
202	0.3864225642993957	0.8422437001808747	4.877112537272065	436992
203	0.38789714996411195	0.8433700615766202	4.877112537272065	439065
204	0.3893681918171492	0.8444883808846946	4.877112537272065	441136
205	0.3908356983752058	0.8460428493806409	4.877112537272065	443212
206	0.3922996781345123	0.8469850515960948	4.877112537272065	445302
207	0.3937601395708803	0.8482596450855068	4.877112537272065	447354
208	0.3952170911397521	0.8502667926372858	4.877112537272065	449436
209	0.39667054127624946	0.8523039791320166	4.877112537272065	451514
210	0.3981204983952221	0.8543134488036899	4.877112537272065	453558
211	0.3995669708912969	0.8553536336161821	4.877112537272065	455624
212	0.401009967138926	0.8560313810638365	4.877112537272065	457713
213	0.4024494954924358	0.8569124544740144	4.877112537272065	459780
214	0.403885564286075	0.8581043540619027	4.877112537272065	461852
215	0.4053181818340631	0.8597591137812974	4.858445827937206	463942
216	0.4067473564306381	0.8606173738436649	4.858445827937206	466007
217	0.4081730963501049	0.8622428272099195	4.858445827937206	468114
218	0.40959540984688314	0.8635815752448085	4.858445827937206	470268
219	0.4110143051555549	0.8645555867263711	4.858445827937206	472294
220	0.41242979049091255	0.8655226438807018	4.858445827937206	474381
221	0.4138418740480061	0.8670908929316556	4.858445827937206	476487
222	0.4152505640021906	0.8684194304450419	4.858445827937206	478524
223	0.4166558685091739	0.8699538977284816	4.858445827937206	480615
224	0.4180577957050633	0.8708824115782218	4.858445827937206	482649
225	0.419456353706413	0.871957943343501	4.858445827937206	484729
226	0.420851550610271	0.8727415478007652	4.858445827937206	486857
227	0.4222433944942261	0.873423005568239	4.858445827937206	489015
228	0.42363189341645446	0.8741976439926273	4.858445827937206	491048
229	0.4250170554157664	0.8754202130500363	4.858445827937206	493208
230	0.42639888851165286	0.8763096980523565	4.858445827937206	495257
231	0.4277774007043319	0.8775460859102254	4.858445827937206	497305
232	0.42915259997479493	0.8787701150389862	4.858445827937206	499388
233	0.43052449428485307	0.8797799433185448	4.858445827937206	501490
234	0.43189309157718303	0.8805156779258143	4.858445827937206	503575
235	0.4332583997753733	0.8813687819092083	4.858445827937206	505708
236	0.4346204267839697	0.8820947929847411	4.858445827937206	507840
237	0.4359791804885218	0.8828163609458032	4.858445827937206	509892
238	0.43733466875562776	0.8835335129838062	4.858445827937206	511987
239	0.43868689943298045	0.8842462761237535	4.858445827937206	514087
240	0.44003588034941277	0.8850727440755087	4.858445827937206	516140
241	0.4413816193149427	0.885893311143453	4.858445827937206	518320
242	0.44272412412081874	0.886843804178493	4.858445827937206	520352
243	0.4440634025395652	0.8877863797371893	4.858445827937206	522396
244	0.4453994623250269	0.8884731157620533	4.858445827937206	524451
245	0.4467323112124141	0.8897737208260528	4.858445827937206	526549
246	0.4480619569183474	0.8908755245329143	4.858445827937206	528637
247	0.44938840714090234	0.8915433553035652	4.858445827937206	530751
248	0.450711669559654	0.8924467842473089	4.858445827937206	532926
249	0.4520317518357214	0.8937010491540458	4.858445827937206	535064
250	0.453348661611812	0.8944600111402131	4.858445827937206	537092
251	0.45466240651226575	0.8956907981823098	4.858445827937206	539136
252	0.45597299414309944	0.8984723768974482	4.858445827937206	541170
253	0.4572804320920506	0.8993180880436585	4.858445827937206	543213
254	0.45858472792862137	0.9001567545322577	4.858445827937206	545290
255	0.45988588920412254	0.9013211072490828	4.858445827937206	547425
256	0.461183923451717	0.9020256629181558	4.858445827937206	549503
257	0.4624788381864636	0.9027251881427539	4.858445827937206	551541
258	0.4637706409053606	0.9033205001686718	4.858445827937206	553689
259	0.46505933908738883	0.9065431501630494	4.858445827937206	555773
260	0.46634494019355544	0.9071150966469346	4.858445827937206	557812
261	0.46762745166693676	0.9081983025169411	4.858445827937206	559858
262	0.46890688093272137	0.908760119635555	4.858445827937206	562024
263	0.47018323539825324	0.9098241415640034	4.858445827937206	564109
264	0.4714565224530747	0.9103760087118237	4.858445827937206	566172
265	0.47272674946896887	0.910924498488426	4.858445827937206	568224
266	0.4739939238000027	0.9114696315629811	4.858445827937206	570280
267	0.4752580527825695	0.9121017279640309	4.858445827937206	572326
268	0.47651914373543125	0.9128339084891117	4.858445827937206	574366
269	0.477777203959761	0.9133673561672717	4.858445827937206	576385
270	0.47903224073918504	0.9143776493898108	4.858445827937206	578411
271	0.4802842613398256	0.9150908718022239	4.858445827937206	580477
272	0.4815332730103422	0.9155455526814884	4.858445827937206	582536
273	0.48277928298197414	0.916530444195407	4.858445827937206	584607
274	0.48402229846858214	0.9175038500940028	4.858445827937206	586643
275	0.48526232666669	0.9179456096877161	4.858445827937206	588703
276	0.4864993747555266	0.9197690405835446	4.858445827937206	590754
277	0.48773344989706724	0.9203418801819248	4.858445827937206	592843
278	0.48896455923607496	0.9211381296095107	4.858445827937206	594956
279	0.4901927099001423	0.9220578015674172	4.858445827937206	597041
280	0.49141790899973226	0.9235424148708951	4.858445827937206	599128
281	0.4926401636282195	0.9240103275713256	4.858445827937206	601246
282	0.49385948086193154	0.9244753766932785	4.858445827937206	603282
283	0.49507586776018964	0.9249375797615651	4.858445827937206	605407
284	0.4962893313653497	0.9255628394053671	4.858445827937206	607444
285	0.49749987870284296	0.9260943119627156	4.858445827937206	609511
286	0.4987075167812167	0.9267099361862665	4.858445827937206	611585
287	0.499912252592175	0.9271584639760979	4.858445827937206	613671
288	0.5011140931106188	0.9276785439619889	4.858445827937206	615765
289	0.5023130452946867	0.9284014573084746	4.858445827937206	617844
290	0.5035091160857952	0.9289978633283957	4.858445827937206	619947
291	0.5047023124086787	0.9303502849792834	4.858445827937206	622025
292	0.5058926411714294	0.93078541439424	4.858445827937206	624114
293	0.5070801092655379	0.9312090006689737	4.858445827937206	626169
294	0.5082647235659328	0.9318775235001789	4.858445827937206	628240
295	0.5094464909310201	0.9325395495108673	4.858445827937206	630297
296	0.5106254182027237	0.9329524006558169	4.858445827937206	632369
297	0.5118015122065243	0.9333627251934483	4.858445827937206	634486
298	0.5129747797514992	0.9338385074851593	4.858445827937206	636529
299	0.5141452276303617	0.9342434091384728	4.858445827937206	638605
300	0.5153128626195008	0.9347911525025838	4.858445827937206	640689
301	0.5164776914790197	0.9358262135739714	4.858445827937206	642725
302	0.5176397209527754	0.9362189506667367	4.858445827937206	644792
303	0.5187989577684178	0.9366092842481522	4.858445827937206	646880
304	0.5199554086374283	0.9369972290274646	4.858445827937206	648929
305	0.521109080255159	0.9375220334503929	4.858445827937206	651012
306	0.5222599793008715	0.9379681187711493	4.858445827937206	653030
307	0.5234081124377751	0.9383477476203939	4.858445827937206	655095
308	0.5245534863130658	0.9391865537752184	4.858445827937206	657165
309	0.5256961075579647	0.9398957484833791	4.858445827937206	659202
310	0.5268359827877562	0.9402635804334336	4.858445827937206	661302
311	0.5279731186018268	0.9409602150639476	4.858445827937206	663489
312	0.5291075215837026	0.941321532586017	4.858445827937206	665522
313	0.5302391983010879	0.9416806388813368	4.858445827937206	667562
314	0.5313681553059033	0.9423607480489014	4.858445827937206	669633
315	0.5324943991343231	0.9427134944505264	4.858445827937206	671719
316	0.5336179363068136	0.9430640820797933	4.858445827937206	673802
317	0.534738773328171	0.9437280577989794	4.858445827937206	675931
318	0.5358569166875584	0.9440796109572531	4.858445827937206	677993
319	0.536972372858544	0.9448404325768824	4.858445827937206	680099
320	0.5380851482991382	0.945322877773003	4.858445827937206	682176
321	0.5391952494518312	0.9456574962398274	4.858445827937206	684211
322	0.5403026827436301	0.9462912280621035	4.858445827937206	686261
323	0.5414074545860965	0.9470219596530953	4.858445827937206	688322
324	0.5425095713753831	0.9487878943313255	4.858445827937206	690393
325	0.5436090394922712	0.9493851200534091	4.858445827937206	692461
326	0.5447058653022072	0.9497465043333871	4.858445827937206	694557
327	0.5458000551553399	0.9501651090453123	4.858445827937206	696596
328	0.5468916153865568	0.9505802268375213	4.858445827937206	698713
329	0.5479805523155213	0.9508826708589493	4.858445827937206	700767
330	0.5490668722467089	0.9512333628025993	4.858445827937206	702814
331	0.5501505814694436	0.9525338064611967	4.858445827937206	704898
332	0.5512316862579348	0.9536639539264062	4.858445827937206	707078
333	0.5523101928713134	0.9540499268216466	4.858445827937206	709136
334	0.5533861075536677	0.9545709027080225	4.858445827937206	711257
335	0.5544594365340798	0.9548489241960948	4.858445827937206	713299
336	0.5555301860266624	0.955300246903006	4.858445827937206	715406
337	0.556598362230593	0.9559084068090875	4.858445827937206	717490
338	0.5576639713301517	0.9562232155901257	4.858445827937206	719676
339	0.558727019494756	0.9567337320263924	4.858445827937206	721744
340	0.5597875128789963	0.9573223887335164	4.858445827937206	723829
341	0.5608454576226725	0.9576271018501927	4.858445827937206	725917
342	0.5619008598508284	0.9578864197081248	4.858445827937206	727995
343	0.5629537256737882	0.9581871057100898	4.858445827937206	730094
344	0.5640040611871913	0.9594670922699851	4.858445827937206	732161
345	0.5650518724720273	0.9597151495723472	4.858445827937206	734269
346	0.5660971655946722	0.9600507168395497	4.858445827937206	736354
347	0.5671399466069225	0.9603834888775376	4.858445827937206	738442
348	0.568180221546031	0.9607684889856276	4.858445827937206	740545
349	0.569217996434741	0.961008581871503	4.858445827937206	742600
350	0.5702532772813219	0.9612472054131609	4.858445827937206	744664
351	0.5712860700796036	0.9614893095026247	4.858445827937206	746734
352	0.5723163808090113	0.9617249910397232	4.858445827937206	748823
353	0.5733442154346	0.9619592302296135	4.858445827937206	750873
354	0.5743695799070891	0.9621920358993147	4.858445827937206	752945
355	0.5753924801628971	0.9623944942065118	4.858445827937206	754998
356	0.5764129221241756	0.9629914069968847	4.858445827937206	757113
357	0.5774309116988436	0.9633510629055642	4.858445827937206	759121
358	0.5784464547806221	0.9636127319988783	4.858445827937206	761192
359	0.5794595572490676	0.963976453128419	4.858445827937206	763322
360	0.580470224969607	0.9645482554597139	4.858445827937206	765457
361	0.5814784637935708	0.964902625251037	4.858445827937206	767566
362	0.582484279558227	0.9651174176404262	4.858445827937206	769636
363	0.5834876780868156	0.9653664751690244	4.858445827937206	771693
364	0.5844886651885814	0.9655784288437543	4.858445827937206	773791
365	0.5854872466588084	0.9657890853833976	4.858445827937206	775847
366	0.5864834282788529	0.9661310520434553	4.858445827937206	777905
367	0.5874772158161772	0.9665150537209671	4.858445827937206	779959
368	0.5884686150243825	0.9667199782109407	4.858445827937206	782022
369	0.5894576316432434	0.9669236485837286	4.858445827937206	784098
370	0.5904442713987395	0.967553674324991	4.858445827937206	786191
371	0.5914285400030896	0.967868993330579	4.858445827937206	788260
372	0.5924104431547851	0.9680656318468603	4.858445827937206	790346
373	0.5933899865386218	0.9683759755606907	4.858445827937206	792423
374	0.5943671758257337	0.9686393993377778	4.858445827937206	794499
375	0.5953420166736256	0.9688633103319746	4.858445827937206	796645
376	0.596314514726206	0.9690538637286119	4.858445827937206	798728
377	0.5972846756138193	0.9693631962027949	4.858445827937206	800826
378	0.5982525049532789	0.9695506903483804	4.858445827937206	802868
379	0.5992180083478995	0.9698466020068023	4.858445827937206	805049
380	0.6001811913875297	0.9700311377576808	4.858445827937206	807193
381	0.6011420596485841	0.9703806288625475	4.858445827937206	809329
382	0.6021006186940759	0.970561896422994	4.858445827937206	811471
383	0.6030568740736487	0.970807111779737	4.858445827937206	813526
384	0.604010831323609	0.9711932610948198	4.858445827937206	815703
385	0.6049624959669582	0.971398937816937	4.858445827937206	817787
386	0.6059118735134243	0.9715739734294097	4.858445827937206	819896
387	0.6068589694594942	0.9718502224728557	4.858445827937206	821990
388	0.6078037892884451	0.9721784997618019	4.858445827937206	824162
389	0.6087463384703768	0.9724102490349231	4.858445827937206	826261
390	0.6096866224622426	0.9725790955248623	4.858445827937206	828304
391	0.6106246467078815	0.9727469086913328	4.858445827937206	830465
392	0.6115604166380499	0.9729414925526431	4.858445827937206	832525
393	0.612493937670452	0.973134687108107	4.858445827937206	834630
394	0.6134252152097724	0.9733265022772049	4.858445827937206	836714
395	0.6143542546477068	0.9735169479085927	4.858445827937206	838875
396	0.6152810613629928	0.9737060337806085	4.858445827937206	840999
397	0.616205640721442	0.9739250589053015	4.858445827937206	843082
398	0.6171279980759704	0.9741856997159106	4.858445827937206	845192
399	0.6180481387666295	0.9744867411186405	4.858445827937206	847250
400	0.6189660681206373	0.9746428796867082	4.858445827937206	849405
401	0.6198817914524092	0.9747980627025057	4.858445827937206	851550
402	0.6207953140635885	0.9750429794886816	4.858445827937206	853580
403	0.6217066412430774	0.9752855161311628	4.858445827937206	855634
404	0.6226157782670674	0.9754367662768126	4.858445827937206	857685
405	0.6235227303990702	0.9756157985925793	4.858445827937206	859769
406	0.6244275028899477	0.9759001624573889	4.858445827937206	861857
407	0.6253301009779426	0.9761009107917713	4.858445827937206	863946
408	0.6262305298887088	0.9762471708044355	4.858445827937206	866031
409	0.6271287948353417	0.9763925357205911	4.858445827937206	868078
410	0.6280249010184079	0.9765370110181387	4.858445827937206	870182
411	0.6289188536259762	0.9766806021414542	4.858445827937206	872471
412	0.629810657833647	0.9769136989963502	4.858445827937206	874526
413	0.6307003188045821	0.9771060047106662	4.858445827937206	876627
414	0.6315878416895351	0.9772461136500394	4.858445827937206	878738
415	0.6324732316268808	0.9775114650943539	4.858445827937206	880877
416	0.6333564937426458	0.9776490926571216	4.858445827937206	883009
417	0.6342376331505366	0.977835272643318	4.858445827937206	885141
418	0.6351166549519708	0.9779935261854613	4.858445827937206	887266
419	0.6359935642361056	0.9781282035830292	4.858445827937206	889403
420	0.6368683660798682	0.9782620567685235	4.858445827937206	891473
421	0.6377410655479837	0.9784431308479195	4.858445827937206	893543
422	0.6386116676930063	0.9787853033741429	4.858445827937206	895584
423	0.6394801775553467	0.9789151351752685	4.858445827937206	897644
424	0.6403466001633031	0.9790656786261501	4.858445827937206	899705
425	0.641210940533089	0.9792400586459239	4.858445827937206	901871
426	0.6420732036688623	0.9794821570873709	4.858445827937206	903973
427	0.642933394562755	0.9796077242141386	4.858445827937206	906066
428	0.6437915181949017	0.97973252288277	4.858445827937206	908156
429	0.6446475795334683	0.9799351132412929	4.858445827937206	910211
430	0.6455015835346811	0.980208104897874	4.858445827937206	912336
431	0.6463535351428551	0.9803292292973464	4.858445827937206	914381
432	0.6472034392904229	0.9805968588307159	4.858445827937206	916469
433	0.6480513008979631	0.980823134529483	4.858445827937206	918580
434	0.6488971248742291	0.9809600550897533	4.858445827937206	920626
435	0.6497409161161771	0.9810959980533536	4.858445827937206	922750
436	0.6505826795089948	0.9812116886363724	4.858445827937206	924775
437	0.6514224199261295	0.9813681926877146	4.858445827937206	926854
438	0.652260142229316	0.9815544331606404	4.858445827937206	928907
439	0.6530958512686056	0.9817635665715174	4.858445827937206	931004
440	0.6539295518823933	0.9818751717026151	4.858445827937206	933101
441	0.6547612488974466	0.9820045808414076	4.858445827937206	935275
442	0.6555909471289323	0.9822144399569597	4.858445827937206	937334
443	0.6564186513804459	0.982323285788467	4.858445827937206	939512
444	0.6572443664440382	0.9824314654944764	4.858445827937206	941544
445	0.6580680971002433	0.9825569027611308	4.858445827937206	943639
446	0.6588898481181069	0.9826636527548579	4.858445827937206	945796
447	0.6597096242552133	0.9827874322318269	4.858445827937206	947910
448	0.6605274302577127	0.9828927714084716	4.858445827937206	950082
449	0.6613432708603496	0.9830149150052457	4.858445827937206	952167
450	0.6621571507864894	0.9831188620102881	4.858445827937206	954355
451	0.662969074748146	0.9832221728701559	4.858445827937206	956425
452	0.6637790474460092	0.9833619298641572	4.858445827937206	958497
453	0.664587073569472	0.9835505701151304	4.858445827937206	960589
454	0.6653931577966572	0.983668017106633	4.858445827937206	962646
455	0.666197304794445	0.9839791024950781	4.858445827937206	964753
456	0.6669995192185001	0.9841392447441902	4.858445827937206	966829
457	0.6677998057132982	0.9844413543681104	4.858445827937206	968899
458	0.6685981689121532	0.9845524412649883	4.858445827937206	970971
459	0.6693946134372437	0.9846469787645779	4.858445827937206	973069
460	0.6701891438996405	0.9848210493001268	4.858445827937206	975179
461	0.6709817648993324	0.9849139429456649	4.858445827937206	977287
462	0.6717724810252532	0.9850396077274586	4.858445827937206	979357
463	0.6725612968553089	0.9851891493411783	4.858445827937206	981477
464	0.6733482169564027	0.9852797902516353	4.858445827937206	983618
465	0.6741332458844631	0.9856723291782583	4.858445827937206	985710
466	0.6749163881844692	0.9857916767069692	4.858445827937206	987784
467	0.6756976483904773	0.986107417224592	4.858445827937206	989849
468	0.6764770310256473	0.9862231405296767	4.858445827937206	991953
469	0.6772545406022688	0.9863215056832698	4.858445827937206	994098
470	0.6780301816217869	0.9865386246406782	4.858445827937206	996175
471	0.678803958574829	0.9866731823285682	4.858445827937206	998235
472	0.6795758759412301	0.9868544995757985	4.858445827937206	1000297
473	0.6803459381900592	0.9869349487109839	4.858445827937206	1002378
474	0.6811141497796445	0.9870282316380191	4.858445827937206	1004444
475	0.6818805151576002	0.9871076175505269	4.858445827937206	1006515
476	0.6826450387608515	0.9872579660339027	4.858445827937206	1008638
477	0.6834077250156605	0.9873489426553064	4.858445827937206	1010714
478	0.6841685783376521	0.987439269714351	4.858445827937206	1012816
479	0.6849276031318388	0.9875613370640658	4.858445827937206	1014971
480	0.6856848037926471	0.9877063943577793	4.858445827937206	1017088
481	0.6864401847039425	0.9877816299829218	4.858445827937206	1019185
482	0.687193750239055	0.9879037627944212	4.858445827937206	1021279
483	0.6879455047608041	0.9880683374502794	4.858445827937206	1023392
484	0.6886954526215245	0.9881876043812221	4.858445827937206	1025506
485	0.6894435981630911	0.9883023992851947	4.858445827937206	1027578
486	0.6901899457169443	0.988373987420365	4.858445827937206	1029763
487	0.6909344996041143	0.988445137443377	4.858445827937206	1031868
488	0.6916772641352477	0.9885798880271277	4.858445827937206	1033956
489	0.6924182436106306	0.9886497779592178	4.858445827937206	1036052
490	0.6931574423202151	0.9887192401719809	4.858445827937206	1038156
491	0.6938948645436429	0.988788277283016	4.858445827937206	1040239
492	0.6946305145502709	0.9888568918939029	4.858445827937206	1042345
493	0.6953643965991958	0.9889651825460516	4.858445827937206	1044469
494	0.6960965149392779	0.9890938684638818	4.858445827937206	1046636
495	0.6968268738091672	0.9891717369582196	4.858445827937206	1048793
496	0.6975554774373266	0.989279974489666	4.858445827937206	1050884
497	0.6982823300420571	0.9893565142089044	4.858445827937206	1052990
498	0.6990074358315221	0.9894806364921824	4.858445827937206	1055092
499	0.6997307990037714	0.9895857863148345	4.858445827937206	1057259
