0	0.00240325927734375	0.00999583506872137	6.492704315280544	2185
1	0.004800742899533361	0.019891753418721625	6.492704315280544	4305
2	0.0071924647469656655	0.03132158719809508	6.492704315280544	6402
3	0.00957843866667929	0.03724980126891053	5.814818390889643	8792
4	0.011958678472434925	0.042405243518318425	5.814818390889643	10925
5	0.01433319794479504	0.049242357267220815	5.636019851879926	13178
6	0.01670201083120393	0.057162037756456785	5.636019851879926	15428
7	0.019065130846067313	0.06815723265142515	5.604682832010937	17700
8	0.021422571670831503	0.07386001629166827	5.604682832010937	19987
9	0.023774346954062775	0.08047254666859449	5.604682832010937	22295
10	0.026120470311526423	0.08703786435763883	5.604682832010937	24570
11	0.02846095532626547	0.09262510043837469	5.604682832010937	26857
12	0.030795815548679273	0.09817814319848628	5.604682832010937	29120
13	0.03312506449660224	0.10461704501416913	5.482086884075224	31370
14	0.03544871565538188	0.11009669828440338	5.482086884075224	33663
15	0.03776678247795695	0.11554281662995014	5.482086884075224	35964
16	0.04007927838493508	0.12585718611531516	5.482086884075224	38274
17	0.042386216764671025	0.14916766115224	5.482086884075224	40564
18	0.04468761097334362	0.15437466915035625	5.482086884075224	42805
19	0.04698347433503336	0.15954981078531905	5.482086884075224	45050
20	0.049273820141799596	0.16469328107605308	5.482086884075224	47299
21	0.05155866165375744	0.16980527384798683	5.482086884075224	49563
22	0.0538380120991544	0.1757327663890853	5.034044860061201	51818
23	0.056111884674447055	0.18259879915552357	5.034044860061201	54120
24	0.05838029254437771	0.18843494743310651	5.034044860061201	56405
25	0.06064324884205019	0.193401643604329	5.034044860061201	58732
26	0.06290076666900601	0.20012049705202295	5.034044860061201	61044
27	0.06515285909530044	0.20501567883956506	5.034044860061201	63325
28	0.06739953915957797	0.2098809026088747	5.034044860061201	65634
29	0.06964081986914772	0.21909511948807148	5.034044860061201	67995
30	0.07187671420005914	0.22820188194302105	5.034044860061201	70245
31	0.07410723509717665	0.23695242749922263	5.034044860061201	72493
32	0.07633239547425485	0.24906429372939365	5.034044860061201	74843
33	0.07855220821401321	0.26098390811464134	5.034044860061201	77116
34	0.08076668616821081	0.265506611972366	5.034044860061201	79264
35	0.08297584215772047	0.27716523717915387	5.034044860061201	81521
36	0.0851796889726033	0.2978176589740352	5.034044860061201	83810
37	0.08737823937218236	0.30283115816622397	5.034044860061201	86108
38	0.08957150608511699	0.30979994292424584	5.034044860061201	88400
39	0.09175950180947601	0.3147278900206396	5.034044860061201	90666
40	0.09394223921281164	0.3189216861360774	5.034044860061201	92933
41	0.0961197309322328	0.32686429037938847	5.034044860061201	95221
42	0.09829198957447793	0.33046887262879976	5.034044860061201	97472
43	0.10045902771598825	0.3345663355201738	5.034044860061201	99717
44	0.10262085790298059	0.3401093064862698	5.034044860061201	101887
45	0.10477749265152003	0.3448208482975179	5.034044860061201	103995
46	0.10692894444759216	0.352249183350834	5.034044860061201	106092
47	0.10907522574717565	0.3562133529399286	5.034044860061201	108190
48	0.11121634897631416	0.36157600722614325	5.034044860061201	110299
49	0.11335232653118832	0.366134279323059	5.034044860061201	112410
50	0.11548317077818748	0.37475830273362964	5.034044860061201	114489
51	0.11760889405398145	0.38100811561759174	5.034044860061201	116631
52	0.11972950866559184	0.3854276447498515	5.034044860061201	118771
53	0.12184502689046317	0.38918876550548986	5.034044860061201	120894
54	0.1239554609765342	0.39354988576129646	5.034044860061201	123017
55	0.1260608231423087	0.39726129922211517	5.034044860061201	125145
56	0.12816112557692616	0.4054618257633109	5.034044860061201	127331
57	0.13025638044023236	0.40970675828597425	5.034044860061201	129565
58	0.1323465998628499	0.413319293318436	5.034044860061201	131590
59	0.13443179594624832	0.4213013437494777	5.034044860061201	133631
60	0.13651198076281423	0.42612182401812004	5.034044860061201	135735
61	0.13858716635592117	0.43392969035800955	5.034044860061201	137796
62	0.14065736473999924	0.43797136568121053	5.034044860061201	139947
63	0.14272258790060488	0.44561801376718047	5.034044860061201	141958
64	0.14478284779449002	0.4511595246666339	5.034044860061201	144005
65	0.14683815634967146	0.4557312903920263	5.034044860061201	146054
66	0.1488885254654998	0.46026497393728216	5.034044860061201	148083
67	0.15093396701272854	0.46740432613387894	5.034044860061201	150100
68	0.15297449283358266	0.47184077489577914	5.034044860061201	152121
69	0.15501011474182713	0.47507305602077843	5.034044860061201	154101
70	0.1570408445228355	0.484793925353727	5.034044860061201	156124
71	0.1590666939336579	0.4890855211441999	5.034044860061201	158124
72	0.16108767470308916	0.49221226616350455	5.034044860061201	160412
73	0.16310379853173695	0.4953198758190246	5.034044860061201	162462
74	0.16511507709208928	0.4995237918888369	5.034044860061201	164491
75	0.1671215220285821	0.5036926899155854	5.034044860061201	166458
76	0.1691231449576669	0.509480530266424	5.034044860061201	168416
77	0.17111995746787756	0.5135664900309687	5.034044860061201	170581
78	0.17311197111989796	0.5184287991685183	5.034044860061201	172645
79	0.1750991974466285	0.5231087914020603	5.034044860061201	174630
80	0.1770816479532532	0.5306784931258371	5.034044860061201	176662
81	0.179059334117306	0.5335506933566032	5.034044860061201	178638
82	0.18103226738873734	0.5374361519708755	5.034044860061201	180664
83	0.18300045918998054	0.5402669960118871	5.034044860061201	182707
84	0.18496392091601777	0.5440965087481479	5.034044860061201	184768
85	0.18692266393444623	0.5473516059665819	5.034044860061201	186826
86	0.18887669958554376	0.5505834621743532	5.034044860061201	188822
87	0.19082603918233454	0.553333846004513	5.034044860061201	190906
88	0.1927706940106546	0.5594109365350637	5.034044860061201	192957
89	0.19471067532921726	0.5630809828779619	5.034044860061201	195010
90	0.19664599436967822	0.5674483533115018	5.034044860061201	197069
91	0.19857666233670057	0.5700955257108907	5.034044860061201	199093
92	0.2005026904080197	0.5727264976825025	5.034044860061201	201070
93	0.20242408973450798	0.5753413683713192	5.034044860061201	203099
94	0.20434087144023938	0.5802936556206333	5.034044860061201	205025
95	0.20625304662255384	0.5843724344775756	5.034044860061201	207026
96	0.20816062635212151	0.5873399663311301	5.034044860061201	209071
97	0.21006362167300685	0.5914648479671372	5.034044860061201	211117
98	0.21196204360273252	0.5939650418443794	5.034044860061201	213112
99	0.21385590313234326	0.6029880409145043	5.034044860061201	215046
100	0.2157452112264695	0.6058226595311675	5.034044860061201	217027
101	0.21762997882339075	0.6091061026004623	5.034044860061201	219050
102	0.21951021683509908	0.6114983337807329	5.034044860061201	221071
103	0.22138593614736213	0.6142721899089123	5.034044860061201	223147
104	0.22325714761978632	0.6186455210890833	5.034044860061201	225182
105	0.22512386208587953	0.6224574775629951	5.034044860061201	227161
106	0.2269860903531139	0.6256023548844195	5.034044860061201	229130
107	0.22884384320298856	0.6327337386009068	5.034044860061201	231135
108	0.23069713139109171	0.6363028956601788	5.034044860061201	233155
109	0.23254596564716323	0.6393324425518058	5.034044860061201	235199
110	0.23439035667515662	0.6415396915837797	5.034044860061201	237147
111	0.23623031515330084	0.6440990559563593	5.034044860061201	239182
112	0.23806585173416261	0.6470636619042447	5.034044860061201	241136
113	0.23989697704470747	0.6492235966544673	5.034044860061201	243124
114	0.2417237016863618	0.6513703128221252	5.034044860061201	245121
115	0.24354603623507398	0.6542743501997001	5.034044860061201	247289
116	0.24536399124137553	0.6583061362032021	5.034044860061201	249367
117	0.2471775772304423	0.6603972681459616	5.034044860061201	251412
118	0.24898680470215562	0.6632261122263783	5.034044860061201	253408
119	0.2507916841311627	0.6652871344126867	5.034044860061201	255433
120	0.25259222596693753	0.6673355433513336	5.034044860061201	257470
121	0.25438844063384136	0.6705684340865004	5.034044860061201	259531
122	0.2561803385311828	0.6733125537525854	5.034044860061201	261819
123	0.25796793003327845	0.6753118479352656	5.034044860061201	263876
124	0.25975122548951257	0.677298906639433	5.034044860061201	265802
125	0.2615302352243972	0.6804349716866689	5.034044860061201	267830
126	0.26330496953763205	0.6827166283414913	5.034044860061201	269861
127	0.2650754387041637	0.6858881405946375	5.034044860061201	271872
128	0.2668416529742458	0.688504649211092	5.034044860061201	273833
129	0.26860362257349746	0.6910993626703915	5.034044860061201	275770
130	0.2703613577029633	0.6936724625231996	5.034044860061201	277740
131	0.2721148685391722	0.6955471561201132	5.034044860061201	279756
132	0.273864165234196	0.6985904165337398	5.034044860061201	281895
133	0.27560925791570867	0.7026912271931447	5.034044860061201	283917
134	0.27735015668704466	0.7061583848935162	5.034044860061201	285912
135	0.27908687162725754	0.7079566659063312	5.034044860061201	287922
136	0.2808194127911783	0.7100418209067024	5.034044860061201	290030
137	0.2825477902094734	0.7118163356832596	5.034044860061201	292057
138	0.28427201388870327	0.7142168659982678	5.034044860061201	294203
139	0.2859920938113798	0.7159658299204537	5.034044860061201	296321
140	0.28770803993602434	0.7177040903600433	5.034044860061201	298445
141	0.2894198621972255	0.7194317128212693	5.034044860061201	300473
142	0.29112757050569615	0.7211487624074848	5.034044860061201	302528
143	0.29283117474833154	0.7228553038236176	5.034044860061201	304679
144	0.29453068478826594	0.7260873119422927	5.034044860061201	306803
145	0.29622611046492986	0.7292816290041901	4.858445827937206	308845
146	0.29791746159410726	0.7309383980979944	4.858445827937206	310896
147	0.2996047479679923	0.7331796442612764	4.858445827937206	313019
148	0.30128797935524576	0.7358467365302183	4.858445827937206	315163
149	0.30296716550105185	0.7394406584821881	4.858445827937206	317408
150	0.30464231612717463	0.7423948460277415	4.858445827937206	319456
151	0.3063134409320143	0.7442341164791411	4.858445827937206	321505
152	0.3079805495906631	0.7463646111357078	4.858445827937206	323642
153	0.30964365175496167	0.7484773590646066	4.858445827937206	325762
154	0.3113027570535547	0.7505725080936394	4.858445827937206	327933
155	0.31295787509194684	0.7523533910012828	4.858445827937206	329995
156	0.31460901545255804	0.7548288256601622	4.858445827937206	331992
157	0.3162561876947795	0.7563292484901453	4.858445827937206	334084
158	0.31789940135502837	0.7574709794166283	4.858445827937206	336237
159	0.3195386659468036	0.7594912128242366	4.858445827937206	338392
160	0.3211739909607406	0.7609631023155756	4.858445827937206	340512
161	0.32280538586466645	0.7629542468194026	4.858445827937206	342657
162	0.32443286010365446	0.7661793591075741	4.858445827937206	344837
163	0.326056423100079	0.7689061304299347	4.858445827937206	346868
164	0.3276760842536699	0.7703204015762295	4.858445827937206	348973
165	0.3292918529415674	0.7734452940717911	4.858445827937206	351023
166	0.3309037385183756	0.7757098975462922	4.858445827937206	353087
167	0.3325117503162174	0.7773113024546305	4.858445827937206	355140
168	0.3341158976447879	0.7786741347968746	4.858445827937206	357276
169	0.3357161897914087	0.7811834983479304	4.858445827937206	359330
170	0.33731263602108175	0.7837352942855639	4.858445827937206	361451
171	0.33890524557654256	0.7862573316699888	4.858445827937206	363608
172	0.34049402767831405	0.788393868129764	4.858445827937206	365822
173	0.34207899152475973	0.7896888762891752	4.858445827937206	367891
174	0.34366014629213726	0.7929344183217497	4.858445827937206	370012
175	0.3452375011346511	0.7998366043776913	4.858445827937206	372106
176	0.3468110651845061	0.8010615841467337	4.858445827937206	374223
177	0.34838084755195975	0.802718713808152	4.858445827937206	376272
178	0.34994685732537534	0.8037751376647156	4.858445827937206	378426
179	0.35150910357127463	0.80517616006492	4.858445827937206	380583
180	0.3530675953343899	0.8074481581982736	4.858445827937206	382650
181	0.3546223416377169	0.8086265560265361	4.858445827937206	384739
182	0.35617335148256646	0.8097977421790822	4.858445827937206	386823
183	0.3577206338486171	0.814024459019547	4.858445827937206	389039
184	0.3592641976939669	0.8151626105508472	4.858445827937206	391164
185	0.36080405195518517	0.8162937967097043	4.858445827937206	393266
186	0.36234020554736446	0.8174180601234946	4.858445827937206	395327
187	0.3638726673641719	0.8195472955739495	4.858445827937206	397499
188	0.36540144627790083	0.8216517002902882	4.858445827937206	399573
189	0.36692655113952244	0.8227431738751975	4.858445827937206	401648
190	0.36844799077873636	0.8238279677519823	4.858445827937206	403797
191	0.3699657740040224	0.8262248661499145	4.858445827937206	406017
192	0.3714799096026914	0.8289065811784652	4.858445827937206	408073
193	0.3729904063409356	0.8308464158589814	4.858445827937206	410290
194	0.37449727296388025	0.8322554419659454	4.858445827937206	412526
195	0.3760005181956336	0.8338856125979576	4.858445827937206	414699
196	0.3775001507393376	0.834902215874904	4.858445827937206	416706
197	0.3789961792772184	0.8359125976424504	4.858445827937206	418739
198	0.38048861247063637	0.8369167959756061	4.858445827937206	420869
199	0.38197745896013646	0.8379148487163651	4.858445827937206	423067
200	0.383462727365498	0.8389067934751324	4.858445827937206	425187
201	0.38494442628578507	0.8402486777443942	4.858445827937206	427342
202	0.3864225642993957	0.8421116669252176	4.858445827937206	429492
203	0.38789714996411195	0.8432389710228538	4.858445827937206	431627
204	0.3893681918171492	0.8441983326907265	4.858445827937206	433683
205	0.3908356983752058	0.8460152617555576	4.858445827937206	435775
206	0.3922996781345123	0.8478110021432479	4.858445827937206	437882
207	0.3937601395708803	0.8502957204756031	4.858445827937206	439983
208	0.3952170911397521	0.8515427365482762	4.858445827937206	442118
209	0.39667054127624946	0.8526027039198598	4.858445827937206	444238
210	0.3981204983952221	0.8535047604879369	4.858445827937206	446355
211	0.3995669708912969	0.8545507192397336	4.858445827937206	448492
212	0.401009967138926	0.8562469207646346	4.858445827937206	450548
213	0.4024494954924358	0.8574443641568492	4.858445827937206	452664
214	0.403885564286075	0.8586318330101866	4.858445827937206	454896
215	0.4053181818340631	0.8594969919170423	4.858445827937206	457022
216	0.4067473564306381	0.8606673626632559	4.858445827937206	459074
217	0.4081730963501049	0.8620214213351388	4.858445827937206	461143
218	0.40959540984688314	0.8628658363037208	4.858445827937206	463342
219	0.4110143051555549	0.8640081450392166	4.858445827937206	465454
220	0.41242979049091255	0.8649791108627005	4.858445827937206	467557
221	0.4138418740480061	0.8661038163115744	4.858445827937206	469589
222	0.4152505640021906	0.8676219136323048	4.858445827937206	471658
223	0.4166558685091739	0.8689451431503492	4.858445827937206	473777
224	0.4180577957050633	0.8698808593889378	4.858445827937206	475842
225	0.419456353706413	0.8711453797058577	4.858445827937206	477894
226	0.420851550610271	0.871933956970533	4.858445827937206	480016
227	0.4222433944942261	0.8728483334305518	4.858445827937206	482092
228	0.42363189341645446	0.8745782880777552	4.858445827937206	484233
229	0.4250170554157664	0.8753458562898438	4.858445827937206	486397
230	0.42639888851165286	0.8761087270619823	4.858445827937206	488427
231	0.4277774007043319	0.8768669291420286	4.858445827937206	490517
232	0.42915259997479493	0.8785422090176472	4.858445827937206	492571
233	0.43052449428485307	0.8799586264051965	4.858445827937206	494694
234	0.43189309157718303	0.8806932674900189	4.858445827937206	496752
235	0.4332583997753733	0.8816870761739837	4.858445827937206	498809
236	0.4346204267839697	0.882411139320757	4.858445827937206	500879
237	0.4359791804885218	0.8837824379875703	4.858445827937206	502900
238	0.43733466875562776	0.884612217688974	4.858445827937206	505049
239	0.43868689943298045	0.8855733820564128	4.858445827937206	507132
240	0.44003588034941277	0.8869078032569211	4.858445827937206	509275
241	0.4413816193149427	0.8882266626941582	4.858445827937206	511415
242	0.44272412412081874	0.8895301418464129	4.858445827937206	513501
243	0.4440634025395652	0.8907826345692427	4.858445827937206	515443
244	0.4453994623250269	0.892516243544334	4.858445827937206	517554
245	0.4467323112124141	0.8937696984301143	4.858445827937206	519681
246	0.4480619569183474	0.8950085357662063	4.858445827937206	521688
247	0.44938840714090234	0.895651072925454	4.858445827937206	523647
248	0.450711669559654	0.8962896778221694	4.858445827937206	525629
249	0.4520317518357214	0.8979358734122938	4.858445827937206	527689
250	0.453348661611812	0.9002687677342984	4.858445827937206	529733
251	0.45466240651226575	0.9014318141747147	4.858445827937206	531702
252	0.45597299414309944	0.9023897168552326	4.858445827937206	533668
253	0.4572804320920506	0.9033383104717998	4.858445827937206	535629
254	0.45858472792862137	0.903929870250976	4.858445827937206	537650
255	0.45988588920412254	0.9048634963904224	4.858445827937206	539694
256	0.461183923451717	0.9059729599893679	4.858445827937206	541734
257	0.4624788381864636	0.9070694852373052	4.858445827937206	543687
258	0.4637706409053606	0.9076382106036844	4.858445827937206	545624
259	0.46505933908738883	0.908407571614899	4.858445827937206	547745
260	0.46634494019355544	0.9091705239546333	4.858445827937206	549682
261	0.46762745166693676	0.9098190357131533	4.858445827937206	551716
262	0.46890688093272137	0.9107204697585027	4.858445827937206	553803
263	0.47018323539825324	0.9112668514682826	4.858445827937206	555765
264	0.4714565224530747	0.9119003956953192	4.858445827937206	557796
265	0.47272674946896887	0.9124395563775126	4.858445827937206	559818
266	0.4739939238000027	0.9131689228383414	4.858445827937206	561832
267	0.4752580527825695	0.9145471939043994	4.858445827937206	563884
268	0.47651914373543125	0.9150701564488225	4.858445827937206	565832
269	0.477777203959761	0.9155899185152816	4.858445827937206	567829
270	0.47903224073918504	0.9161064996903787	4.858445827937206	569804
271	0.4802842613398256	0.9174381425524362	4.858445827937206	571797
272	0.4815332730103422	0.9181258714774472	4.858445827937206	573827
273	0.48277928298197414	0.9192398051988424	4.858445827937206	575797
274	0.48402229846858214	0.9203385833594023	4.858445827937206	577831
275	0.48526232666669	0.9211348657414825	4.858445827937206	579842
276	0.4864993747555266	0.9219231886162031	4.858445827937206	581837
277	0.48773344989706724	0.9224010108178057	4.858445827937206	583853
278	0.48896455923607496	0.9229550584587805	4.858445827937206	585868
279	0.4901927099001423	0.9255232231768211	4.858445827937206	587905
280	0.49141790899973226	0.9261436044914665	4.858445827937206	589853
281	0.4926401636282195	0.926595598174083	4.858445827937206	591916
282	0.49385948086193154	0.9270448257010033	4.858445827937206	594017
283	0.49507586776018964	0.9274913040008212	4.858445827937206	595947
284	0.4962893313653497	0.9279350498985289	4.858445827937206	597943
285	0.49749987870284296	0.9283760801161514	4.858445827937206	600043
286	0.4987075167812167	0.9304224778271185	4.858445827937206	602060
287	0.499912252592175	0.9308482852369943	4.858445827937206	604107
288	0.5011140931106188	0.9314243095165695	4.858445827937206	606134
289	0.5023130452946867	0.931843985817669	4.858445827937206	608265
290	0.5035091160857952	0.9323306117296034	4.858445827937206	610292
291	0.5047023124086787	0.9336195524585633	4.858445827937206	612334
292	0.5058926411714294	0.9340935010338577	4.858445827937206	614362
293	0.5070801092655379	0.934496842152402	4.858445827937206	616401
294	0.5082647235659328	0.9350424744543395	4.858445827937206	618409
295	0.5094464909310201	0.9355835617141951	4.858445827937206	620373
296	0.5106254182027237	0.9360434874947804	4.858445827937206	622409
297	0.5118015122065243	0.936576236453591	4.858445827937206	624357
298	0.5129747797514992	0.9369158651035093	4.858445827937206	626379
299	0.5141452276303617	0.937366278394851	4.858445827937206	628391
300	0.5153128626195008	0.9377495904464256	4.858445827937206	630358
301	0.5164776914790197	0.9381305566669509	4.858445827937206	632348
302	0.5176397209527754	0.9389723178007339	4.858445827937206	634371
303	0.5187989577684178	0.9394806700056423	4.858445827937206	636398
304	0.5199554086374283	0.9399847877065532	4.858445827937206	638420
305	0.521109080255159	0.9405846898702528	4.858445827937206	640368
306	0.5222599793008715	0.9409483055685879	4.858445827937206	642435
307	0.5234081124377751	0.9413096959755664	4.858445827937206	644372
308	0.5245534863130658	0.9417287378321102	4.858445827937206	646316
309	0.5256961075579647	0.9422950280378234	4.858445827937206	648291
310	0.5268359827877562	0.9426040330640979	4.858445827937206	650291
311	0.5279731186018268	0.9429552905859966	4.858445827937206	652319
312	0.5291075215837026	0.9434304651750345	4.858445827937206	654299
313	0.5302391983010879	0.9438343649893378	4.858445827937206	656254
314	0.5313681553059033	0.9442353810065497	4.858445827937206	658255
315	0.5324943991343231	0.9447927949406782	4.858445827937206	660237
316	0.5336179363068136	0.9453293081093792	4.858445827937206	662196
317	0.534738773328171	0.9465789239240219	4.858445827937206	664203
318	0.5358569166875584	0.9470239141453962	4.858445827937206	666204
319	0.536972372858544	0.9475387449117189	4.858445827937206	668139
320	0.5380851482991382	0.947975739956186	4.858445827937206	670156
321	0.5391952494518312	0.9484090948919945	4.858445827937206	672160
322	0.5403026827436301	0.9487248260216918	4.858445827937206	674154
323	0.5414074545860965	0.9491519411735312	4.858445827937206	676199
324	0.5425095713753831	0.9494631261589969	4.858445827937206	678205
325	0.5436090394922712	0.9497724067237745	4.858445827937206	680240
326	0.5447058653022072	0.9504557753397775	4.858445827937206	682230
327	0.5458000551553399	0.9507589809918049	4.858445827937206	684250
328	0.5468916153865568	0.951060331055859	4.858445827937206	686365
329	0.5479805523155213	0.9514679917717619	4.858445827937206	688381
330	0.5490668722467089	0.9517650027614374	4.858445827937206	690364
331	0.5501505814694436	0.9523275100178638	4.858445827937206	692346
332	0.5512316862579348	0.9527907995220632	4.858445827937206	694314
333	0.5523101928713134	0.9530797150618818	4.858445827937206	696340
334	0.5533861075536677	0.9533668624677709	4.858445827937206	698448
335	0.5544594365340798	0.9538200513650715	4.858445827937206	700472
336	0.5555301860266624	0.9541497707579549	4.858445827937206	702618
337	0.556598362230593	0.9544303695310364	4.858445827937206	704588
338	0.5576639713301517	0.9550503645034033	4.858445827937206	706581
339	0.558727019494756	0.9553712996054199	4.858445827937206	708509
340	0.5597875128789963	0.9557430505458162	4.858445827937206	710440
341	0.5608454576226725	0.9564455418069937	4.858445827937206	712437
342	0.5619008598508284	0.9567120906930783	4.858445827937206	714398
343	0.5629537256737882	0.9572169059619636	4.858445827937206	716321
344	0.5640040611871913	0.9575732832550752	4.858445827937206	718441
345	0.5650518724720273	0.9579266919743166	4.858445827937206	720541
346	0.5660971655946722	0.9581841763709411	4.858445827937206	722479
347	0.5671399466069225	0.9586582786796607	4.858445827937206	724632
348	0.568180221546031	0.9599238415772221	4.858445827937206	726652
349	0.569217996434741	0.960230546871274	4.858445827937206	728605
350	0.5702532772813219	0.9606170332962373	4.858445827937206	730594
351	0.5712860700796036	0.9608580530756379	4.858445827937206	732559
352	0.5723163808090113	0.9611375219654412	4.858445827937206	734526
353	0.5733442154346	0.9613753564067444	4.858445827937206	736540
354	0.5743695799070891	0.961611735325283	4.858445827937206	738537
355	0.5753924801628971	0.9618858230126136	4.858445827937206	740553
356	0.5764129221241756	0.9621190779270703	4.858445827937206	742605
357	0.5774309116988436	0.9623509053450042	4.858445827937206	744619
358	0.5784464547806221	0.962777765828621	4.858445827937206	746644
359	0.5794595572490676	0.9631575845446555	4.858445827937206	748666
360	0.580470224969607	0.9634206350506733	4.858445827937206	750635
361	0.5814784637935708	0.9638472165661173	4.858445827937206	752628
362	0.582484279558227	0.964268823370011	4.858445827937206	754651
363	0.5834876780868156	0.9646259863184157	4.858445827937206	756609
364	0.5844886651885814	0.9651874785990758	4.858445827937206	758631
365	0.5854872466588084	0.9654360359006829	4.858445827937206	760657
366	0.5864834282788529	0.9656828185324386	4.858445827937206	762707
367	0.5874772158161772	0.9659278391652766	4.858445827937206	764797
368	0.5884686150243825	0.966136357349035	4.858445827937206	766748
369	0.5894576316432434	0.966378139768153	4.858445827937206	768697
370	0.5904442713987395	0.966658205242804	4.858445827937206	770761
371	0.5914285400030896	0.9668622536599191	4.858445827937206	772842
372	0.5924104431547851	0.9673131073516209	4.858445827937206	774807
373	0.5933899865386218	0.967513147833961	4.858445827937206	776778
374	0.5943671758257337	0.9677837588474224	4.858445827937206	778733
375	0.5953420166736256	0.9679809189901338	4.858445827937206	780731
376	0.596314514726206	0.9683009764429604	4.858445827937206	782824
377	0.5972846756138193	0.968494971266215	4.858445827937206	784983
378	0.5982525049532789	0.9687574038254302	4.858445827937206	787060
379	0.5992180083478995	0.9690176503574965	4.858445827937206	789126
380	0.6001811913875297	0.9692388606839736	4.858445827937206	791187
381	0.6011420596485841	0.96945849159478	4.858445827937206	793236
382	0.6021006186940759	0.9697128981620872	4.858445827937206	795216
383	0.6030568740736487	0.9698982521669941	4.858445827937206	797368
384	0.604010831323609	0.9701489955891766	4.858445827937206	799476
385	0.6049624959669582	0.9703316807218662	4.858445827937206	801649
386	0.6059118735134243	0.9705788137437581	4.858445827937206	803777
387	0.6068589694594942	0.9707888775475749	4.858445827937206	805894
388	0.6078037892884451	0.9710322021827471	4.858445827937206	808090
389	0.6087463384703768	0.971426321880941	4.858445827937206	810256
390	0.6096866224622426	0.9716011899057073	4.858445827937206	812497
391	0.6106246467078815	0.9719323713645328	4.858445827937206	814648
392	0.6115604166380499	0.9721327709263973	4.858445827937206	816859
393	0.612493937670452	0.9722819974758484	4.858445827937206	818956
394	0.6134252152097724	0.9724516288523785	4.858445827937206	821106
395	0.6143542546477068	0.9726483209769524	4.858445827937206	823296
396	0.6152810613629928	0.9728761567039249	4.858445827937206	825466
397	0.616205640721442	0.9730421518859764	4.858445827937206	827546
398	0.6171279980759704	0.9733116180895318	4.858445827937206	829661
399	0.6180481387666295	0.9734749482918755	4.858445827937206	831762
400	0.6189660681206373	0.9737400883339393	4.858445827937206	833928
401	0.6198817914524092	0.9739952866980409	4.858445827937206	836138
402	0.6207953140635885	0.9741544329175363	4.858445827937206	838181
403	0.6217066412430774	0.9743126051782387	4.858445827937206	840431
404	0.6226157782670674	0.9746121666338861	4.858445827937206	842524
405	0.6235227303990702	0.9749082346614792	4.858445827937206	844614
406	0.6244275028899477	0.9750873869099841	4.858445827937206	846742
407	0.6253301009779426	0.9752949055529664	4.858445827937206	848755
408	0.6262305298887088	0.9755006955941745	4.858445827937206	850959
409	0.6271287948353417	0.9757864017680034	4.858445827937206	853063
410	0.6280249010184079	0.9759592840068229	4.858445827937206	855072
411	0.6289188536259762	0.9761929158434912	4.858445827937206	857126
412	0.629810657833647	0.9763386127945294	4.858445827937206	859249
413	0.6307003188045821	0.9764834180949394	4.858445827937206	861215
414	0.6315878416895351	0.9766273372015332	4.858445827937206	863258
415	0.6324732316268808	0.9768609664839835	4.858445827937206	865187
416	0.6333564937426458	0.9770858356143626	4.858445827937206	867185
417	0.6342376331505366	0.9772494400486029	4.858445827937206	869231
418	0.6351166549519708	0.9773886711781918	4.858445827937206	871273
419	0.6359935642361056	0.9776523601440438	4.858445827937206	873334
420	0.6368683660798682	0.9777891254433349	4.858445827937206	875370
421	0.6377410655479837	0.9779741389756685	4.858445827937206	877403
422	0.6386116676930063	0.9782738105542309	4.858445827937206	879487
423	0.6394801775553467	0.9784289329873536	4.858445827937206	881492
424	0.6403466001633031	0.9786086170107825	4.858445827937206	883469
425	0.641210940533089	0.9787613489652482	4.858445827937206	885520
426	0.6420732036688623	0.9790503102038163	4.858445827937206	887455
427	0.642933394562755	0.9791785201899041	4.858445827937206	889637
428	0.6437915181949017	0.9793519602549612	4.858445827937206	891640
429	0.6446475795334683	0.9795526214769732	4.858445827937206	893644
430	0.6455015835346811	0.9797229453297265	4.858445827937206	895620
431	0.6463535351428551	0.9798677211112718	4.858445827937206	897624
432	0.6472034392904229	0.9800354202273796	4.858445827937206	899635
433	0.6480513008979631	0.980157601439598	4.858445827937206	901696
434	0.6488971248742291	0.9802790349151352	4.858445827937206	903751
435	0.6497409161161771	0.9805026286235804	4.858445827937206	905782
436	0.6505826795089948	0.9807236872559661	4.858445827937206	907785
437	0.6514224199261295	0.9808842562917348	4.858445827937206	909813
438	0.652260142229316	0.9811071804166126	4.858445827937206	911741
439	0.6530958512686056	0.9812228025646975	4.858445827937206	913679
440	0.6539295518823933	0.9813377171169114	4.858445827937206	915927
441	0.6547612488974466	0.9815553530689007	4.858445827937206	917863
442	0.6555909471289323	0.9817704509922955	4.858445827937206	920024
443	0.6564186513804459	0.9822912952496585	4.858445827937206	922023
444	0.6572443664440382	0.9824683085416236	4.858445827937206	924149
445	0.6580680971002433	0.9825756007230279	4.858445827937206	926265
446	0.6588898481181069	0.9828126673798574	4.858445827937206	928389
447	0.6597096242552133	0.9829844691219997	4.858445827937206	930405
448	0.6605274302577127	0.9831262061555524	4.858445827937206	932557
449	0.6613432708603496	0.983294873815805	4.858445827937206	934622
450	0.6621571507864894	0.9833971075011965	4.858445827937206	936618
451	0.662969074748146	0.9835853489127475	4.858445827937206	938749
452	0.6637790474460092	0.9837025475877323	4.858445827937206	940785
453	0.664587073569472	0.9838022863508059	4.858445827937206	942862
454	0.6653931577966572	0.9839014147227207	4.858445827937206	944945
455	0.666197304794445	0.9841995366723001	4.858445827937206	947092
456	0.6669995192185001	0.9843837986353053	4.858445827937206	949191
457	0.6677998057132982	0.9844952964733349	4.858445827937206	951171
458	0.6685981689121532	0.9845901836932789	4.858445827937206	953219
459	0.6693946134372437	0.9846844902130185	4.858445827937206	955275
460	0.6701891438996405	0.9847782195863801	4.858445827937206	957254
461	0.6709817648993324	0.9848713753454414	4.858445827937206	959245
462	0.6717724810252532	0.9849639610006641	4.858445827937206	961294
463	0.6725612968553089	0.9851393083942424	4.858445827937206	963335
464	0.6733482169564027	0.9852302543262617	4.858445827937206	965339
465	0.6741332458844631	0.985402496258317	4.858445827937206	967315
466	0.6749163881844692	0.9855067207153291	4.858445827937206	969356
467	0.6756976483904773	0.9856475689105153	4.858445827937206	971270
468	0.6764770310256473	0.9857354043394984	4.858445827937206	973352
469	0.6772545406022688	0.9859017553093001	4.858445827937206	975391
470	0.6780301816217869	0.9860935681622348	4.858445827937206	977429
471	0.678803958574829	0.9861786741208337	4.858445827937206	979458
472	0.6795758759412301	0.9863398557637394	4.858445827937206	981457
473	0.6803459381900592	0.9864991577373401	4.858445827937206	983501
474	0.6811141497796445	0.9866522285112932	4.858445827937206	985577
475	0.6818805151576002	0.9867856506336292	4.858445827937206	987640
476	0.6826450387608515	0.9868665211173885	4.858445827937206	989698
477	0.6834077250156605	0.9869602926093807	4.858445827937206	991662
478	0.6841685783376521	0.9870400943018833	4.858445827937206	993682
479	0.6849276031318388	0.9871326265017866	4.858445827937206	995708
480	0.6856848037926471	0.9872244980326836	4.858445827937206	997692
481	0.6864401847039425	0.9873309162081715	4.858445827937206	999728
482	0.687193750239055	0.9874575542802264	4.858445827937206	1001806
483	0.6879455047608041	0.9875794439373671	4.858445827937206	1003803
484	0.6886954526215245	0.9876554564862633	4.858445827937206	1005854
485	0.6894435981630911	0.9877435950726647	4.858445827937206	1007814
486	0.6901899457169443	0.9878456892411556	4.858445827937206	1009762
487	0.6909344996041143	0.9879469329792551	4.858445827937206	1012260
488	0.6916772641352477	0.9880329904578349	4.858445827937206	1014188
489	0.6924182436106306	0.9882229429902502	4.858445827937206	1016238
490	0.6931574423202151	0.9882950173899222	4.858445827937206	1018380
491	0.6938948645436429	0.9883925182862994	4.858445827937206	1020506
492	0.6946305145502709	0.9884635549022831	4.858445827937206	1022456
493	0.6953643965991958	0.9885459237611945	4.858445827937206	1024549
494	0.6960965149392779	0.9886277045161572	4.858445827937206	1026643
495	0.6968268738091672	0.9886973018161629	4.858445827937206	1028659
496	0.6975554774373266	0.9887780017496466	4.858445827937206	1030597
497	0.6982823300420571	0.9888581254951123	4.858445827937206	1032731
498	0.6990074358315221	0.9889263126419943	4.858445827937206	1034679
499	0.6997307990037714	0.9890053774651608	4.858445827937206	1036671
