0	0.09375	0.33333333333333326	3.919299414398922	377
1	0.1787109375	0.4444444444444443	3.919299414398922	511
2	0.255706787109375	0.6296296296296295	3.919299414398922	630
3	0.3254842758178711	0.7530864197530863	3.919299414398922	749
4	0.3887201249599457	0.7942386831275718	3.919299414398922	869
5	0.44602761324495077	0.8628257887517146	3.919299414398922	987
6	0.49796252450323664	0.8856881572930955	3.919299414398922	1107
7	0.5450285378310582	0.9237921048620636	3.919299414398922	1228
8	0.5876821124093965	0.940727192670494	3.919299414398922	1343
9	0.6263369143710156	0.9506059938920783	3.919299414398922	1459
10	0.6613678286487329	0.9588383282433985	3.919299414398922	1576
11	0.6931145947129143	0.9725588854955991	3.919299414398922	1693
12	0.7218851014585785	0.9817059236637327	3.919299414398922	1813
13	0.7479583731968367	0.9878039491091551	3.919299414398922	1930
14	0.7715872757096333	0.990514182640454	3.919299414398922	2048
15	0.7930009686118552	0.9936761217603026	3.919299414398922	2167
16	0.8124071278044938	0.9947301014669189	3.919299414398922	2292
17	0.8299939595728225	0.9964867343112792	3.919299414398922	2410
18	0.8459320258628704	0.9970722785927327	3.919299414398922	2527
19	0.8603758984382263	0.9980481857284885	3.919299414398922	2648
20	0.8734656579596425	0.9983734881070737	3.919299414398922	2769
21	0.8853282525259261	0.9987349351943907	3.919299414398922	2888
22	0.8960787288516205	0.9991566234629271	3.919299414398922	3009
23	0.905821348021781	0.9994377489752847	3.919299414398922	3140
24	0.9146505966447391	0.9996251659835231	3.919299414398922	3270
25	0.9226521032092948	0.9997084624316291	3.919299414398922	3387
26	0.9299034685334234	0.9997732485579338	3.919299414398922	3507
27	0.936475018358415	0.9998236377672818	3.919299414398922	3626
28	0.9424304853873136	0.9998824251781879	3.919299414398922	3747
29	0.9478276273822529	0.9999216167854585	3.919299414398922	3869
30	0.9527187873151667	0.9999477445236391	3.919299414398922	3990
31	0.9571514010043698	0.9999564537696992	3.919299414398922	4112
32	0.9611684571602102	0.999966130709766	3.919299414398922	4231
33	0.9648089143014404	0.9999717755914718	3.919299414398922	4348
34	0.9681080785856804	0.9999811837276478	3.919299414398922	4468
35	0.9710979462182728	0.9999874558184318	3.919299414398922	4586
36	0.9738075137603098	0.9999895465153599	3.919299414398922	4706
37	0.9762630593452808	0.9999912887627999	3.919299414398922	4824
38	0.9784883975316607	0.9999941925085333	3.919299414398922	4944
39	0.9805051102630675	0.9999961283390222	3.919299414398922	5063
40	0.9823327561759049	0.9999974188926815	3.919299414398922	5188
41	0.9839890602844138	0.9999978490772345	3.919299414398922	5312
42	0.98549008588275	0.9999982075643621	3.919299414398922	5435
43	0.9868503903312422	0.9999988050429081	3.919299414398922	5559
44	0.9880831662376882	0.9999992033619387	3.919299414398922	5683
45	0.989200369402905	0.9999994689079591	3.919299414398922	5808
46	0.9902128347713827	0.9999995574232993	3.919299414398922	5935
47	0.9911303815115655	0.9999997049488661	3.919299414398922	6060
48	0.9919619082448563	0.9999998032992441	3.919299414398922	6185
49	0.992715479346901	0.9999998688661628	3.919299414398922	6311
50	0.993398403158129	0.9999998907218023	3.919299414398922	6435
51	0.9940173028620544	0.9999999150058462	3.919299414398922	6559
52	0.9945781807187368	0.9999999433372309	3.919299414398922	6683
53	0.9950864762763553	0.9999999527810257	3.919299414398922	6808
54	0.9955471191254469	0.9999999685206837	3.919299414398922	6934
55	0.9959645767074363	0.9999999755160874	3.919299414398922	7058
56	0.9963428976411142	0.9999999809569569	3.919299414398922	7186
57	0.9966857509872596	0.9999999873046379	3.919299414398922	7311
58	0.9969964618322041	0.9999999915364253	3.919299414398922	7439
59	0.9972780435354349	0.9999999943576169	3.919299414398922	7566
60	0.9975332269539879	0.9999999952980141	3.919299414398922	7691
61	0.9977644869270516	0.9999999960816783	3.919299414398922	7816
62	0.9979740662776405	0.9999999973877856	3.919299414398922	7940
63	0.9981639975641117	0.9999999982585237	3.919299414398922	8066
64	0.9983361227924762	0.9999999988390158	3.919299414398922	8192
65	0.9984921112806816	0.9999999990970123	3.919299414398922	8317
66	0.9986334758481177	0.9999999992976762	3.919299414398922	8442
67	0.9987615874873567	0.9999999995317842	3.919299414398922	8568
68	0.9988776886604169	0.9999999996358321	3.919299414398922	8694
69	0.9989829053485029	0.9999999997572214	3.919299414398922	8820
70	0.9990782579720807	0.9999999998381476	3.919299414398922	8945
71	0.9991646712871981	0.9999999998920984	3.919299414398922	9072
72	0.9992429833540233	0.9999999999280657	3.919299414398922	9197
73	0.9993139536645836	0.9999999999400546	3.919299414398922	9321
74	0.9993782705085289	0.9999999999500455	3.919299414398922	9446
75	0.9994365576483544	0.9999999999666971	3.919299414398922	9571
76	0.9994893803688211	0.9999999999722475	3.919299414398922	9695
77	0.9995372509592442	0.9999999999784147	3.919299414398922	9820
78	0.999580633681815	0.9999999999856098	3.919299414398922	9944
79	0.9996199492741449	0.9999999999880081	3.919299414398922	10069
80	0.9996555790296938	0.999999999990673	3.919299414398922	10203
81	0.9996878684956599	0.999999999993782	3.919299414398922	10324
82	0.9997171308241919	0.9999999999958546	3.919299414398922	10445
83	0.9997436498094239	0.9999999999965455	3.919299414398922	10566
84	0.9997676826397903	0.9999999999973133	3.919299414398922	10687
85	0.99978946239231	0.9999999999979103	3.919299414398922	10809
86	0.999809200293031	0.9999999999986069	3.919299414398922	10929
87	0.9998270877655593	0.999999999998839	3.919299414398922	11051
88	0.9998432982875382	0.9999999999992261	3.919299414398922	11178
89	0.9998579890730814	0.9999999999993551	3.919299414398922	11307
90	0.99987130259748	0.99999999999957	3.919299414398922	11435
91	0.9998833679789663	0.9999999999996417	3.919299414398922	11570
92	0.9998943022309382	0.9999999999997611	3.919299414398922	11697
93	0.9999042113967878	0.9999999999998408	3.919299414398922	11837
94	0.9999131915783389	0.9999999999998673	3.919299414398922	11966
95	0.9999213298678696	0.9999999999998894	3.919299414398922	12093
96	0.9999287051927569	0.9999999999999079	3.919299414398922	12219
97	0.9999353890809359	0.9999999999999386	3.919299414398922	12346
98	0.9999414463545981	0.999999999999959	3.919299414398922	12474
99	0.9999469357588546	0.9999999999999727	3.919299414398922	12601
100	0.9999519105314619	0.9999999999999818	3.919299414398922	12727
101	0.9999564189191374	0.9999999999999848	3.919299414398922	12853
102	0.9999605046454683	0.9999999999999873	3.919299414398922	12979
103	0.9999642073349556	0.9999999999999895	3.919299414398922	13099
104	0.9999675628973035	0.9999999999999912	3.919299414398922	13219
105	0.9999706038756814	0.9999999999999941	3.919299414398922	13347
106	0.9999733597623361	0.9999999999999961	3.919299414398922	13472
107	0.9999758572846171	0.9999999999999968	3.919299414398922	13597
108	0.9999781206641843	0.9999999999999978	3.919299414398922	13741
109	0.999980171851917	0.9999999999999986	3.919299414398922	13868
110	0.9999820307407998	0.9999999999999989	3.919299414398922	13994
111	0.9999837153588499	0.9999999999999992	3.919299414398922	14118
112	0.9999852420439577	0.9999999999999993	3.919299414398922	14243
113	0.9999866256023366	0.9999999999999994	3.919299414398922	14368
114	0.9999878794521175	0.9999999999999997	3.919299414398922	14490
115	0.9999890157534815	0.9999999999999997	3.919299414398922	14612
116	0.9999900455265927	0.9999999999999998	3.919299414398922	14738
117	0.9999909787584746	0.9999999999999999	3.919299414398922	14881
118	0.9999918244998676	0.9999999999999999	3.919299414398922	15003
119	0.999992590953005	0.9999999999999999	3.919299414398922	15125
120	0.9999932855511607	0.9999999999999999	3.919299414398922	15246
121	0.9999939150307394	1.0	3.919299414398922	15369
122	0.9999944854966076	1.0	3.919299414398922	15489
123	0.9999950024813007	1.0	3.919299414398922	15616
124	0.9999954709986787	1.0	3.919299414398922	15744
125	0.9999958955925526	1.0	3.919299414398922	15871
126	0.9999962803807508	1.0	3.919299414398922	15997
127	0.9999966290950554	1.0	3.919299414398922	16124
128	0.999996945117394	1.0	3.919299414398922	16251
129	0.9999972315126383	1.0	3.919299414398922	16379
130	0.9999974910583285	1.0	3.919299414398922	16501
131	0.9999977262716101	1.0	3.919299414398922	16620
132	0.9999979394336467	1.0	3.919299414398922	16741
133	0.9999981326117423	1.0	3.919299414398922	16862
134	0.9999983076793915	1.0	3.919299414398922	16983
135	0.9999984663344486	1.0	3.919299414398922	17103
136	0.999998610115594	1.0	3.919299414398922	17239
137	0.999998740417257	1.0	3.919299414398922	17364
138	0.9999988585031392	1.0	3.919299414398922	17486
139	0.9999989655184699	1.0	3.919299414398922	17609
140	0.9999990625011134	1.0	3.919299414398922	17770
141	0.999999150391634	1.0	3.919299414398922	17954
142	0.9999992300424183	1.0	3.919299414398922	18074
143	0.9999993022259416	1.0	3.919299414398922	18194
144	0.9999993676422595	1.0	3.919299414398922	18316
145	0.9999994269257977	1.0	3.919299414398922	18443
146	0.9999994806515041	1.0	3.919299414398922	18571
147	0.9999995293404257	1.0	3.919299414398922	18700
148	0.9999995734647608	1.0	3.919299414398922	18829
149	0.9999996134524395	1.0	3.919299414398922	18951
150	0.9999996496912732	1.0	3.919299414398922	19076
151	0.9999996825327164	1.0	3.919299414398922	19203
152	0.9999997122952742	1.0	3.919299414398922	19321
153	0.9999997392675922	1.0	3.919299414398922	19443
154	0.9999997637112554	1.0	3.919299414398922	19567
155	0.9999997858633253	1.0	3.919299414398922	19688
156	0.9999998059386386	1.0	3.919299414398922	19808
157	0.9999998241318911	1.0	3.919299414398922	19929
158	0.9999998406195264	1.0	3.919299414398922	20048
159	0.9999998555614458	1.0	3.919299414398922	20168
160	0.9999998691025602	1.0	3.919299414398922	20287
161	0.9999998813741953	1.0	3.919299414398922	20409
162	0.9999998924953644	1.0	3.919299414398922	20530
163	0.999999902573924	1.0	3.919299414398922	20653
164	0.9999999117076186	1.0	3.919299414398922	20783
165	0.9999999199850294	1.0	3.919299414398922	20912
166	0.9999999274864328	1.0	3.919299414398922	21042
167	0.9999999342845798	1.0	3.919299414398922	21172
168	0.9999999404454004	1.0	3.919299414398922	21292
169	0.9999999460286442	1.0	3.919299414398922	21415
170	0.9999999510884587	1.0	3.919299414398922	21594
171	0.9999999556739158	1.0	3.919299414398922	21715
172	0.9999999598294862	1.0	3.919299414398922	21836
173	0.9999999635954718	1.0	3.919299414398922	21955
174	0.9999999670083963	1.0	3.919299414398922	22073
175	0.9999999701013592	1.0	3.919299414398922	22194
176	0.9999999729043567	1.0	3.919299414398922	22314
177	0.9999999754445733	1.0	3.919299414398922	22434
178	0.9999999777466445	1.0	3.919299414398922	22554
179	0.9999999798328967	1.0	3.919299414398922	22674
180	0.9999999817235625	1.0	3.919299414398922	22795
181	0.9999999834369786	1.0	3.919299414398922	22916
182	0.9999999849897618	1.0	3.919299414398922	23036
183	0.9999999863969716	1.0	3.919299414398922	23156
184	0.9999999876722556	1.0	3.919299414398922	23275
185	0.9999999888279816	1.0	3.919299414398922	23395
186	0.9999999898753583	1.0	3.919299414398922	23515
187	0.9999999908245435	1.0	3.919299414398922	23636
188	0.9999999916847425	1.0	3.919299414398922	23755
189	0.9999999924642979	1.0	3.919299414398922	23875
190	0.99999999317077	1.0	3.919299414398922	23995
191	0.9999999938110103	1.0	3.919299414398922	24116
192	0.9999999943912281	1.0	3.919299414398922	24237
193	0.9999999949170505	1.0	3.919299414398922	24358
194	0.999999995393577	1.0	3.919299414398922	24480
195	0.9999999958254291	1.0	3.919299414398922	24602
196	0.9999999962167951	1.0	3.919299414398922	24722
197	0.9999999965714707	1.0	3.919299414398922	24842
198	0.9999999968928952	1.0	3.919299414398922	24963
199	0.9999999971841863	1.0	3.919299414398922	25083
200	0.9999999974481688	1.0	3.919299414398922	25204
201	0.999999997687403	1.0	3.919299414398922	25324
202	0.999999997904209	1.0	3.919299414398922	25446
203	0.9999999981006894	1.0	3.919299414398922	25567
204	0.9999999982787497	1.0	3.919299414398922	25688
205	0.999999998440117	1.0	3.919299414398922	25809
206	0.999999998586356	1.0	3.919299414398922	25931
207	0.9999999987188851	1.0	3.919299414398922	26051
208	0.9999999988389896	1.0	3.919299414398922	26172
209	0.9999999989478344	1.0	3.919299414398922	26293
210	0.9999999990464749	1.0	3.919299414398922	26414
211	0.9999999991358679	1.0	3.919299414398922	26534
212	0.9999999992168802	1.0	3.919299414398922	26654
213	0.9999999992902977	1.0	3.919299414398922	26775
214	0.9999999993568324	1.0	3.919299414398922	26895
215	0.9999999994171292	1.0	3.919299414398922	27017
216	0.9999999994717734	1.0	3.919299414398922	27138
217	0.9999999995212947	1.0	3.919299414398922	27263
218	0.9999999995661732	1.0	3.919299414398922	27384
219	0.9999999996068445	1.0	3.919299414398922	27503
220	0.9999999996437029	1.0	3.919299414398922	27624
221	0.9999999996771057	1.0	3.919299414398922	27747
222	0.9999999997073771	1.0	3.919299414398922	27867
223	0.9999999997348105	1.0	3.919299414398922	27989
224	0.999999999759672	1.0	3.919299414398922	28108
225	0.9999999997822028	1.0	3.919299414398922	28228
226	0.9999999998026212	1.0	3.919299414398922	28349
227	0.9999999998211255	1.0	3.919299414398922	28470
228	0.999999999837895	1.0	3.919299414398922	28590
229	0.9999999998530923	1.0	3.919299414398922	28715
230	0.9999999998668649	1.0	3.919299414398922	28834
231	0.9999999998793463	1.0	3.919299414398922	28952
232	0.9999999998906576	1.0	3.919299414398922	29071
233	0.9999999999009085	1.0	3.919299414398922	29190
234	0.9999999999101983	1.0	3.919299414398922	29310
235	0.9999999999186172	1.0	3.919299414398922	29429
236	0.9999999999262469	1.0	3.919299414398922	29548
237	0.9999999999331612	1.0	3.919299414398922	29668
238	0.9999999999394273	1.0	3.919299414398922	29799
239	0.999999999945106	1.0	3.919299414398922	29921
240	0.9999999999502523	1.0	3.919299414398922	30041
241	0.9999999999549162	1.0	3.919299414398922	30177
242	0.9999999999591428	1.0	3.919299414398922	30298
243	0.9999999999629732	1.0	3.919299414398922	30419
244	0.9999999999664444	1.0	3.919299414398922	30540
245	0.9999999999695902	1.0	3.919299414398922	30661
246	0.9999999999724412	1.0	3.919299414398922	30782
247	0.9999999999750248	1.0	3.919299414398922	30901
248	0.9999999999773662	1.0	3.919299414398922	31022
249	0.9999999999794882	1.0	3.919299414398922	31144
250	0.9999999999814111	1.0	3.919299414398922	31266
251	0.9999999999831538	1.0	3.919299414398922	31386
252	0.9999999999847332	1.0	3.919299414398922	31507
253	0.9999999999861644	1.0	3.919299414398922	31628
254	0.9999999999874615	1.0	3.919299414398922	31750
255	0.999999999988637	1.0	3.919299414398922	31871
256	0.9999999999897022	1.0	3.919299414398922	31990
257	0.9999999999906677	1.0	3.919299414398922	32110
258	0.9999999999915425	1.0	3.919299414398922	32231
259	0.9999999999923355	1.0	3.919299414398922	32351
260	0.999999999993054	1.0	3.919299414398922	32471
261	0.9999999999937053	1.0	3.919299414398922	32593
262	0.9999999999942953	1.0	3.919299414398922	32715
263	0.9999999999948301	1.0	3.919299414398922	32836
264	0.9999999999953149	1.0	3.919299414398922	32958
265	0.9999999999957541	1.0	3.919299414398922	33079
266	0.9999999999961521	1.0	3.919299414398922	33201
267	0.9999999999965129	1.0	3.919299414398922	33322
268	0.9999999999968398	1.0	3.919299414398922	33441
269	0.9999999999971361	1.0	3.919299414398922	33563
270	0.9999999999974045	1.0	3.919299414398922	33684
271	0.9999999999976479	1.0	3.919299414398922	33804
272	0.9999999999978684	1.0	3.919299414398922	33925
273	0.9999999999980682	1.0	3.919299414398922	34046
274	0.9999999999982493	1.0	3.919299414398922	34166
275	0.9999999999984135	1.0	3.919299414398922	34285
276	0.9999999999985622	1.0	3.919299414398922	34407
277	0.9999999999986969	1.0	3.919299414398922	34537
278	0.9999999999988192	1.0	3.919299414398922	34658
279	0.9999999999989299	1.0	3.919299414398922	34778
280	0.9999999999990302	1.0	3.919299414398922	34898
281	0.9999999999991211	1.0	3.919299414398922	35020
282	0.9999999999992035	1.0	3.919299414398922	35141
283	0.9999999999992781	1.0	3.919299414398922	35262
284	0.9999999999993459	1.0	3.919299414398922	35386
285	0.9999999999994071	1.0	3.919299414398922	35506
286	0.9999999999994628	1.0	3.919299414398922	35628
287	0.9999999999995131	1.0	3.919299414398922	35749
288	0.9999999999995588	1.0	3.919299414398922	35871
289	0.9999999999996001	1.0	3.919299414398922	35992
290	0.9999999999996376	1.0	3.919299414398922	36114
291	0.9999999999996716	1.0	3.919299414398922	36233
292	0.9999999999997023	1.0	3.919299414398922	36355
293	0.9999999999997303	1.0	3.919299414398922	36479
294	0.9999999999997555	1.0	3.919299414398922	36600
295	0.9999999999997785	1.0	3.919299414398922	36721
296	0.9999999999997993	1.0	3.919299414398922	36842
297	0.999999999999818	1.0	3.919299414398922	36964
298	0.9999999999998351	1.0	3.919299414398922	37084
299	0.9999999999998506	1.0	3.919299414398922	37207
300	0.9999999999998646	1.0	3.919299414398922	37329
301	0.9999999999998773	1.0	3.919299414398922	37450
302	0.9999999999998888	1.0	3.919299414398922	37572
303	0.9999999999998992	1.0	3.919299414398922	37694
304	0.9999999999999086	1.0	3.919299414398922	37815
305	0.9999999999999172	1.0	3.919299414398922	37936
306	0.999999999999925	1.0	3.919299414398922	38056
307	0.999999999999932	1.0	3.919299414398922	38176
308	0.9999999999999384	1.0	3.919299414398922	38296
309	0.9999999999999442	1.0	3.919299414398922	38416
310	0.9999999999999494	1.0	3.919299414398922	38537
311	0.9999999999999541	1.0	3.919299414398922	38659
312	0.9999999999999585	1.0	3.919299414398922	38780
313	0.9999999999999624	1.0	3.919299414398922	38899
314	0.9999999999999659	1.0	3.919299414398922	39020
315	0.999999999999969	1.0	3.919299414398922	39140
316	0.999999999999972	1.0	3.919299414398922	39262
317	0.9999999999999746	1.0	3.919299414398922	39383
318	0.999999999999977	1.0	3.919299414398922	39502
319	0.9999999999999791	1.0	3.919299414398922	39623
320	0.9999999999999811	1.0	3.919299414398922	39743
321	0.9999999999999829	1.0	3.919299414398922	39861
322	0.9999999999999845	1.0	3.919299414398922	39981
323	0.9999999999999859	1.0	3.919299414398922	40101
324	0.9999999999999872	1.0	3.919299414398922	40222
325	0.9999999999999885	1.0	3.919299414398922	40342
326	0.9999999999999896	1.0	3.919299414398922	40460
327	0.9999999999999906	1.0	3.919299414398922	40581
328	0.9999999999999915	1.0	3.919299414398922	40702
329	0.9999999999999922	1.0	3.919299414398922	40822
330	0.9999999999999929	1.0	3.919299414398922	40942
331	0.9999999999999936	1.0	3.919299414398922	41061
332	0.9999999999999942	1.0	3.919299414398922	41181
333	0.9999999999999948	1.0	3.919299414398922	41301
334	0.9999999999999952	1.0	3.919299414398922	41421
335	0.9999999999999957	1.0	3.919299414398922	41541
336	0.9999999999999961	1.0	3.919299414398922	41661
337	0.9999999999999964	1.0	3.919299414398922	41781
338	0.9999999999999968	1.0	3.919299414398922	41899
339	0.9999999999999971	1.0	3.919299414398922	42019
340	0.9999999999999973	1.0	3.919299414398922	42139
341	0.9999999999999976	1.0	3.919299414398922	42260
342	0.9999999999999978	1.0	3.919299414398922	42381
343	0.999999999999998	1.0	3.919299414398922	42501
344	0.9999999999999982	1.0	3.919299414398922	42621
345	0.9999999999999983	1.0	3.919299414398922	42742
346	0.9999999999999986	1.0	3.919299414398922	42863
347	0.9999999999999987	1.0	3.919299414398922	42983
348	0.9999999999999988	1.0	3.919299414398922	43104
349	0.9999999999999989	1.0	3.919299414398922	43224
350	0.999999999999999	1.0	3.919299414398922	43344
351	0.9999999999999991	1.0	3.919299414398922	43465
352	0.9999999999999992	1.0	3.919299414398922	43586
353	0.9999999999999992	1.0	3.919299414398922	43707
354	0.9999999999999993	1.0	3.919299414398922	43827
355	0.9999999999999994	1.0	3.919299414398922	43945
356	0.9999999999999994	1.0	3.919299414398922	44065
357	0.9999999999999996	1.0	3.919299414398922	44185
358	0.9999999999999996	1.0	3.919299414398922	44306
359	0.9999999999999996	1.0	3.919299414398922	44427
360	0.9999999999999997	1.0	3.919299414398922	44547
361	0.9999999999999997	1.0	3.919299414398922	44668
362	0.9999999999999997	1.0	3.919299414398922	44788
363	0.9999999999999998	1.0	3.919299414398922	44910
364	0.9999999999999998	1.0	3.919299414398922	45030
365	0.9999999999999998	1.0	3.919299414398922	45151
366	0.9999999999999998	1.0	3.919299414398922	45269
367	0.9999999999999998	1.0	3.919299414398922	45389
368	0.9999999999999998	1.0	3.919299414398922	45509
369	0.9999999999999999	1.0	3.919299414398922	45628
370	0.9999999999999999	1.0	3.919299414398922	45749
371	0.9999999999999999	1.0	3.919299414398922	45869
372	0.9999999999999999	1.0	3.919299414398922	45990
373	0.9999999999999999	1.0	3.919299414398922	46110
374	0.9999999999999999	1.0	3.919299414398922	46229
375	0.9999999999999999	1.0	3.919299414398922	46349
376	0.9999999999999999	1.0	3.919299414398922	46469
377	0.9999999999999999	1.0	3.919299414398922	46589
378	0.9999999999999999	1.0	3.919299414398922	46709
379	0.9999999999999999	1.0	3.919299414398922	46830
380	1.0	1.0	3.919299414398922	46949
381	1.0	1.0	3.919299414398922	47070
382	1.0	1.0	3.919299414398922	47190
383	1.0	1.0	3.919299414398922	47310
384	1.0	1.0	3.919299414398922	47430
385	1.0	1.0	3.919299414398922	47550
386	1.0	1.0	3.919299414398922	47670
387	1.0	1.0	3.919299414398922	47851
388	1.0	1.0	3.919299414398922	47971
389	1.0	1.0	3.919299414398922	48092
390	1.0	1.0	3.919299414398922	48213
391	1.0	1.0	3.919299414398922	48334
392	1.0	1.0	3.919299414398922	48453
393	1.0	1.0	3.919299414398922	48574
394	1.0	1.0	3.919299414398922	48694
395	1.0	1.0	3.919299414398922	48815
396	1.0	1.0	3.919299414398922	48935
397	1.0	1.0	3.919299414398922	49055
398	1.0	1.0	3.919299414398922	49174
399	1.0	1.0	3.919299414398922	49294
400	1.0	1.0	3.919299414398922	49415
401	1.0	1.0	3.919299414398922	49534
402	1.0	1.0	3.919299414398922	49654
403	1.0	1.0	3.919299414398922	49774
404	1.0	1.0	3.919299414398922	49894
405	1.0	1.0	3.919299414398922	50014
406	1.0	1.0	3.919299414398922	50134
407	1.0	1.0	3.919299414398922	50254
408	1.0	1.0	3.919299414398922	50372
409	1.0	1.0	3.919299414398922	50493
410	1.0	1.0	3.919299414398922	50613
411	1.0	1.0	3.919299414398922	50732
412	1.0	1.0	3.919299414398922	50851
413	1.0	1.0	3.919299414398922	50971
414	1.0	1.0	3.919299414398922	51091
415	1.0	1.0	3.919299414398922	51209
416	1.0	1.0	3.919299414398922	51330
417	1.0	1.0	3.919299414398922	51451
418	1.0	1.0	3.919299414398922	51571
419	1.0	1.0	3.919299414398922	51689
420	1.0	1.0	3.919299414398922	51806
421	1.0	1.0	3.919299414398922	51927
422	1.0	1.0	3.919299414398922	52047
423	1.0	1.0	3.919299414398922	52167
424	1.0	1.0	3.919299414398922	52287
425	1.0	1.0	3.919299414398922	52407
426	1.0	1.0	3.919299414398922	52527
427	1.0	1.0	3.919299414398922	52647
428	1.0	1.0	3.919299414398922	52767
429	1.0	1.0	3.919299414398922	52889
430	1.0	1.0	3.919299414398922	53009
431	1.0	1.0	3.919299414398922	53129
432	1.0	1.0	3.919299414398922	53247
433	1.0	1.0	3.919299414398922	53366
434	1.0	1.0	3.919299414398922	53485
435	1.0	1.0	3.919299414398922	53605
436	1.0	1.0	3.919299414398922	53725
437	1.0	1.0	3.919299414398922	53847
438	1.0	1.0	3.919299414398922	53967
439	1.0	1.0	3.919299414398922	54088
440	1.0	1.0	3.919299414398922	54209
441	1.0	1.0	3.919299414398922	54328
442	1.0	1.0	3.919299414398922	54449
443	1.0	1.0	3.919299414398922	54570
444	1.0	1.0	3.919299414398922	54689
445	1.0	1.0	3.919299414398922	54811
446	1.0	1.0	3.919299414398922	54931
447	1.0	1.0	3.919299414398922	55051
448	1.0	1.0	3.919299414398922	55171
449	1.0	1.0	3.919299414398922	55291
450	1.0	1.0	3.919299414398922	55411
451	1.0	1.0	3.919299414398922	55531
452	1.0	1.0	3.919299414398922	55653
453	1.0	1.0	3.919299414398922	55773
454	1.0	1.0	3.919299414398922	55893
455	1.0	1.0	3.919299414398922	56014
456	1.0	1.0	3.919299414398922	56134
457	1.0	1.0	3.919299414398922	56252
458	1.0	1.0	3.919299414398922	56373
459	1.0	1.0	3.919299414398922	56493
460	1.0	1.0	3.919299414398922	56614
461	1.0	1.0	3.919299414398922	56734
462	1.0	1.0	3.919299414398922	56852
463	1.0	1.0	3.919299414398922	56972
464	1.0	1.0	3.919299414398922	57091
465	1.0	1.0	3.919299414398922	57210
466	1.0	1.0	3.919299414398922	57329
467	1.0	1.0	3.919299414398922	57450
468	1.0	1.0	3.919299414398922	57569
469	1.0	1.0	3.919299414398922	57689
470	1.0	1.0	3.919299414398922	57810
471	1.0	1.0	3.919299414398922	57932
472	1.0	1.0	3.919299414398922	58052
473	1.0	1.0	3.919299414398922	58172
474	1.0	1.0	3.919299414398922	58292
475	1.0	1.0	3.919299414398922	58412
476	1.0	1.0	3.919299414398922	58549
477	1.0	1.0	3.919299414398922	58671
478	1.0	1.0	3.919299414398922	58792
479	1.0	1.0	3.919299414398922	58914
480	1.0	1.0	3.919299414398922	59036
481	1.0	1.0	3.919299414398922	59158
482	1.0	1.0	3.919299414398922	59279
483	1.0	1.0	3.919299414398922	59401
484	1.0	1.0	3.919299414398922	59522
485	1.0	1.0	3.919299414398922	59641
486	1.0	1.0	3.919299414398922	59761
487	1.0	1.0	3.919299414398922	59880
488	1.0	1.0	3.919299414398922	59999
489	1.0	1.0	3.919299414398922	60120
490	1.0	1.0	3.919299414398922	60242
491	1.0	1.0	3.919299414398922	60361
492	1.0	1.0	3.919299414398922	60481
493	1.0	1.0	3.919299414398922	60601
494	1.0	1.0	3.919299414398922	60722
495	1.0	1.0	3.919299414398922	60843
496	1.0	1.0	3.919299414398922	60964
497	1.0	1.0	3.919299414398922	61084
498	1.0	1.0	3.919299414398922	61204
499	1.0	1.0	3.919299414398922	61324
