0	0.09375	0.33333333333333326	3.919299414398922	318
1	0.1787109375	0.4444444444444443	3.919299414398922	517
2	0.255706787109375	0.6296296296296295	3.919299414398922	660
3	0.3254842758178711	0.7530864197530863	3.919299414398922	788
4	0.3887201249599457	0.7942386831275718	3.919299414398922	914
5	0.44602761324495077	0.8628257887517146	3.919299414398922	1044
6	0.49796252450323664	0.8856881572930955	3.919299414398922	1175
7	0.5450285378310582	0.9237921048620636	3.919299414398922	1302
8	0.5876821124093965	0.9364934207183864	3.919299414398922	1428
9	0.6263369143710156	0.9576622804789242	3.919299414398922	1555
10	0.6613678286487329	0.9647185670657702	3.919299414398922	1684
11	0.6931145947129143	0.9705988058881418	3.919299414398922	1818
12	0.7218851014585785	0.9803992039254279	3.919299414398922	1945
13	0.7479583731968367	0.9836660032711899	3.919299414398922	2070
14	0.7715872757096333	0.9891106688474599	3.919299414398922	2197
15	0.7930009686118552	0.9909255573728832	3.919299414398922	2336
16	0.8124071278044938	0.9939503715819222	3.919299414398922	2463
17	0.8299939595728225	0.9949586429849352	3.919299414398922	2590
18	0.8459320258628704	0.9960789445438385	3.919299414398922	2717
19	0.8603758984382263	0.9973859630292257	3.919299414398922	2844
20	0.8734656579596425	0.9982573086861504	3.919299414398922	2973
21	0.8853282525259261	0.9985477572384587	3.919299414398922	3101
22	0.8960787288516205	0.9990318381589725	3.919299414398922	3227
23	0.905821348021781	0.9991931984658103	3.919299414398922	3353
24	0.9146505966447391	0.9994621323105403	3.919299414398922	3481
25	0.9226521032092948	0.9995517769254502	3.919299414398922	3609
26	0.9299034685334234	0.9996264807712085	3.919299414398922	3737
27	0.936475018358415	0.9997509871808057	3.919299414398922	3864
28	0.9424304853873136	0.9998339914538704	3.919299414398922	3992
29	0.9478276273822529	0.9998893276359136	3.919299414398922	4118
30	0.9527187873151667	0.9999077730299281	3.919299414398922	4247
31	0.9571514010043698	0.9999385153532854	3.919299414398922	4375
32	0.9611684571602102	0.9999487627944045	3.919299414398922	4504
33	0.9648089143014404	0.9999658418629364	3.919299414398922	4632
34	0.9681080785856804	0.9999772279086242	3.919299414398922	4760
35	0.9710979462182728	0.9999848186057495	3.919299414398922	4887
36	0.9738075137603098	0.9999898790704996	3.919299414398922	5016
37	0.9762630593452808	0.9999932527136665	3.919299414398922	5144
38	0.9784883975316607	0.9999943772613887	3.919299414398922	5271
39	0.9805051102630675	0.9999962515075924	3.919299414398922	5400
40	0.9823327561759049	0.999996876256327	3.919299414398922	5529
41	0.9839890602844138	0.9999973968802726	3.919299414398922	5658
42	0.98549008588275	0.9999982645868484	3.919299414398922	5788
43	0.9868503903312422	0.9999988430578989	3.919299414398922	5917
44	0.9880831662376882	0.9999990358815825	3.919299414398922	6049
45	0.989200369402905	0.9999993572543883	3.919299414398922	6171
46	0.9902128347713827	0.9999995715029255	3.919299414398922	6293
47	0.9911303815115655	0.9999997143352837	3.919299414398922	6416
48	0.9919619082448563	0.9999997619460698	3.919299414398922	6538
49	0.992715479346901	0.9999998412973798	3.919299414398922	6661
50	0.993398403158129	0.9999998677478166	3.919299414398922	6783
51	0.9940173028620544	0.9999999118318776	3.919299414398922	6906
52	0.9945781807187368	0.9999999265265648	3.919299414398922	7028
53	0.9950864762763553	0.9999999510177098	3.919299414398922	7150
54	0.9955471191254469	0.9999999673451399	3.919299414398922	7272
55	0.9959645767074363	0.9999999782300932	3.919299414398922	7395
56	0.9963428976411142	0.9999999854867289	3.919299414398922	7517
57	0.9966857509872596	0.9999999879056074	3.919299414398922	7650
58	0.9969964618322041	0.9999999919370716	3.919299414398922	7781
59	0.9972780435354349	0.9999999946247143	3.919299414398922	7910
60	0.9975332269539879	0.9999999955205954	3.919299414398922	8033
61	0.9977644869270516	0.9999999970137302	3.919299414398922	8165
62	0.9979740662776405	0.9999999980091535	3.919299414398922	8289
63	0.9981639975641117	0.9999999983409612	3.919299414398922	8412
64	0.9983361227924762	0.9999999986174677	3.919299414398922	8535
65	0.9984921112806816	0.9999999990783118	3.919299414398922	8657
66	0.9986334758481177	0.9999999993855412	3.919299414398922	8791
67	0.9987615874873567	0.9999999995903608	3.919299414398922	8914
68	0.9988776886604169	0.9999999997269072	3.919299414398922	9037
69	0.9989829053485029	0.9999999998179381	3.919299414398922	9160
70	0.9990782579720807	0.9999999998786254	3.919299414398922	9283
71	0.9991646712871981	0.9999999999190836	3.919299414398922	9405
72	0.9992429833540233	0.9999999999325697	3.919299414398922	9530
73	0.9993139536645836	0.9999999999550464	3.919299414398922	9652
74	0.9993782705085289	0.999999999970031	3.919299414398922	9774
75	0.9994365576483544	0.9999999999750258	3.919299414398922	9897
76	0.9994893803688211	0.9999999999791882	3.919299414398922	10020
77	0.9995372509592442	0.9999999999838131	3.919299414398922	10144
78	0.999580633681815	0.9999999999865109	3.919299414398922	10267
79	0.9996199492741449	0.9999999999910072	3.919299414398922	10390
80	0.9996555790296938	0.999999999992506	3.919299414398922	10512
81	0.9996878684956599	0.999999999995004	3.919299414398922	10636
82	0.9997171308241919	0.9999999999958367	3.919299414398922	10758
83	0.9997436498094239	0.9999999999972244	3.919299414398922	10880
84	0.9997676826397903	0.9999999999981496	3.919299414398922	11030
85	0.99978946239231	0.9999999999987664	3.919299414398922	11155
86	0.999809200293031	0.999999999998972	3.919299414398922	11280
87	0.9998270877655593	0.9999999999991434	3.919299414398922	11404
88	0.9998432982875382	0.9999999999994289	3.919299414398922	11528
89	0.9998579890730814	0.999999999999524	3.919299414398922	11651
90	0.99987130259748	0.9999999999996827	3.919299414398922	11774
91	0.9998833679789663	0.9999999999997885	3.919299414398922	11897
92	0.9998943022309382	0.999999999999859	3.919299414398922	12046
93	0.9999042113967878	0.9999999999998825	3.919299414398922	12179
94	0.9999131915783389	0.9999999999999021	3.919299414398922	12302
95	0.9999213298678696	0.9999999999999184	3.919299414398922	12424
96	0.9999287051927569	0.9999999999999456	3.919299414398922	12548
97	0.9999353890809359	0.9999999999999547	3.919299414398922	12673
98	0.9999414463545981	0.9999999999999647	3.919299414398922	12797
99	0.9999469357588546	0.9999999999999706	3.919299414398922	12920
100	0.9999519105314619	0.9999999999999805	3.919299414398922	13065
101	0.9999564189191374	0.9999999999999869	3.919299414398922	13195
102	0.9999605046454683	0.9999999999999913	3.919299414398922	13325
103	0.9999642073349556	0.9999999999999928	3.919299414398922	13469
104	0.9999675628973035	0.9999999999999951	3.919299414398922	13606
105	0.9999706038756814	0.9999999999999968	3.919299414398922	13735
106	0.9999733597623361	0.9999999999999973	3.919299414398922	13863
107	0.9999758572846171	0.9999999999999982	3.919299414398922	13986
108	0.9999781206641843	0.9999999999999986	3.919299414398922	14110
109	0.999980171851917	0.9999999999999991	3.919299414398922	14233
110	0.9999820307407998	0.9999999999999993	3.919299414398922	14354
111	0.9999837153588499	0.9999999999999996	3.919299414398922	14478
112	0.9999852420439577	0.9999999999999998	3.919299414398922	14607
113	0.9999866256023366	0.9999999999999998	3.919299414398922	14738
114	0.9999878794521175	0.9999999999999998	3.919299414398922	14870
115	0.9999890157534815	0.9999999999999999	3.919299414398922	15001
116	0.9999900455265927	0.9999999999999999	3.919299414398922	15130
117	0.9999909787584746	0.9999999999999999	3.919299414398922	15266
118	0.9999918244998676	1.0	3.919299414398922	15399
119	0.999992590953005	1.0	3.919299414398922	15546
120	0.9999932855511607	1.0	3.919299414398922	15677
121	0.9999939150307394	1.0	3.919299414398922	15808
122	0.9999944854966076	1.0	3.919299414398922	15938
123	0.9999950024813007	1.0	3.919299414398922	16071
124	0.9999954709986787	1.0	3.919299414398922	16201
125	0.9999958955925526	1.0	3.919299414398922	16333
126	0.9999962803807508	1.0	3.919299414398922	16464
127	0.9999966290950554	1.0	3.919299414398922	16594
128	0.999996945117394	1.0	3.919299414398922	16727
129	0.9999972315126383	1.0	3.919299414398922	16850
130	0.9999974910583285	1.0	3.919299414398922	16974
131	0.9999977262716101	1.0	3.919299414398922	17097
132	0.9999979394336467	1.0	3.919299414398922	17236
133	0.9999981326117423	1.0	3.919299414398922	17414
134	0.9999983076793915	1.0	3.919299414398922	17552
135	0.9999984663344486	1.0	3.919299414398922	17685
136	0.999998610115594	1.0	3.919299414398922	17817
137	0.999998740417257	1.0	3.919299414398922	17949
138	0.9999988585031392	1.0	3.919299414398922	18081
139	0.9999989655184699	1.0	3.919299414398922	18202
140	0.9999990625011134	1.0	3.919299414398922	18322
141	0.999999150391634	1.0	3.919299414398922	18445
142	0.9999992300424183	1.0	3.919299414398922	18575
143	0.9999993022259416	1.0	3.919299414398922	18697
144	0.9999993676422595	1.0	3.919299414398922	18820
145	0.9999994269257977	1.0	3.919299414398922	18973
146	0.9999994806515041	1.0	3.919299414398922	19118
147	0.9999995293404257	1.0	3.919299414398922	19258
148	0.9999995734647608	1.0	3.919299414398922	19381
149	0.9999996134524395	1.0	3.919299414398922	19512
150	0.9999996496912732	1.0	3.919299414398922	19643
151	0.9999996825327164	1.0	3.919299414398922	19778
152	0.9999997122952742	1.0	3.919299414398922	19906
153	0.9999997392675922	1.0	3.919299414398922	20044
154	0.9999997637112554	1.0	3.919299414398922	20167
155	0.9999997858633253	1.0	3.919299414398922	20298
156	0.9999998059386386	1.0	3.919299414398922	20421
157	0.9999998241318911	1.0	3.919299414398922	20544
158	0.9999998406195264	1.0	3.919299414398922	20666
159	0.9999998555614458	1.0	3.919299414398922	20788
160	0.9999998691025602	1.0	3.919299414398922	20911
161	0.9999998813741953	1.0	3.919299414398922	21034
162	0.9999998924953644	1.0	3.919299414398922	21157
163	0.999999902573924	1.0	3.919299414398922	21415
164	0.9999999117076186	1.0	3.919299414398922	21551
165	0.9999999199850294	1.0	3.919299414398922	21689
166	0.9999999274864328	1.0	3.919299414398922	21822
167	0.9999999342845798	1.0	3.919299414398922	21956
168	0.9999999404454004	1.0	3.919299414398922	22089
169	0.9999999460286442	1.0	3.919299414398922	22222
170	0.9999999510884587	1.0	3.919299414398922	22352
171	0.9999999556739158	1.0	3.919299414398922	22485
172	0.9999999598294862	1.0	3.919299414398922	22614
173	0.9999999635954718	1.0	3.919299414398922	22744
174	0.9999999670083963	1.0	3.919299414398922	22873
175	0.9999999701013592	1.0	3.919299414398922	23003
176	0.9999999729043567	1.0	3.919299414398922	23134
177	0.9999999754445733	1.0	3.919299414398922	23262
178	0.9999999777466445	1.0	3.919299414398922	23391
179	0.9999999798328967	1.0	3.919299414398922	23521
180	0.9999999817235625	1.0	3.919299414398922	23649
181	0.9999999834369786	1.0	3.919299414398922	23778
182	0.9999999849897618	1.0	3.919299414398922	23906
183	0.9999999863969716	1.0	3.919299414398922	24176
184	0.9999999876722556	1.0	3.919299414398922	24306
185	0.9999999888279816	1.0	3.919299414398922	24436
186	0.9999999898753583	1.0	3.919299414398922	24565
187	0.9999999908245435	1.0	3.919299414398922	24695
188	0.9999999916847425	1.0	3.919299414398922	24825
189	0.9999999924642979	1.0	3.919299414398922	24957
190	0.99999999317077	1.0	3.919299414398922	25086
191	0.9999999938110103	1.0	3.919299414398922	25214
192	0.9999999943912281	1.0	3.919299414398922	25344
193	0.9999999949170505	1.0	3.919299414398922	25472
194	0.999999995393577	1.0	3.919299414398922	25602
195	0.9999999958254291	1.0	3.919299414398922	25734
196	0.9999999962167951	1.0	3.919299414398922	25864
197	0.9999999965714707	1.0	3.919299414398922	25995
198	0.9999999968928952	1.0	3.919299414398922	26126
199	0.9999999971841863	1.0	3.919299414398922	26257
200	0.9999999974481688	1.0	3.919299414398922	26386
201	0.999999997687403	1.0	3.919299414398922	26514
202	0.999999997904209	1.0	3.919299414398922	26643
203	0.9999999981006894	1.0	3.919299414398922	26772
204	0.9999999982787497	1.0	3.919299414398922	26902
205	0.999999998440117	1.0	3.919299414398922	27031
206	0.999999998586356	1.0	3.919299414398922	27160
207	0.9999999987188851	1.0	3.919299414398922	27292
208	0.9999999988389896	1.0	3.919299414398922	27425
209	0.9999999989478344	1.0	3.919299414398922	27557
210	0.9999999990464749	1.0	3.919299414398922	27688
211	0.9999999991358679	1.0	3.919299414398922	27818
212	0.9999999992168802	1.0	3.919299414398922	27948
213	0.9999999992902977	1.0	3.919299414398922	28079
214	0.9999999993568324	1.0	3.919299414398922	28210
215	0.9999999994171292	1.0	3.919299414398922	28341
216	0.9999999994717734	1.0	3.919299414398922	28472
217	0.9999999995212947	1.0	3.919299414398922	28600
218	0.9999999995661732	1.0	3.919299414398922	28730
219	0.9999999996068445	1.0	3.919299414398922	28858
220	0.9999999996437029	1.0	3.919299414398922	28984
221	0.9999999996771057	1.0	3.919299414398922	29115
222	0.9999999997073771	1.0	3.919299414398922	29245
223	0.9999999997348105	1.0	3.919299414398922	29376
224	0.999999999759672	1.0	3.919299414398922	29506
225	0.9999999997822028	1.0	3.919299414398922	29637
226	0.9999999998026212	1.0	3.919299414398922	29767
227	0.9999999998211255	1.0	3.919299414398922	29898
228	0.999999999837895	1.0	3.919299414398922	30028
229	0.9999999998530923	1.0	3.919299414398922	30157
230	0.9999999998668649	1.0	3.919299414398922	30288
231	0.9999999998793463	1.0	3.919299414398922	30418
232	0.9999999998906576	1.0	3.919299414398922	30548
233	0.9999999999009085	1.0	3.919299414398922	30737
234	0.9999999999101983	1.0	3.919299414398922	30867
235	0.9999999999186172	1.0	3.919299414398922	30998
236	0.9999999999262469	1.0	3.919299414398922	31129
237	0.9999999999331612	1.0	3.919299414398922	31260
238	0.9999999999394273	1.0	3.919299414398922	31388
239	0.999999999945106	1.0	3.919299414398922	31518
240	0.9999999999502523	1.0	3.919299414398922	31647
241	0.9999999999549162	1.0	3.919299414398922	31776
242	0.9999999999591428	1.0	3.919299414398922	31906
243	0.9999999999629732	1.0	3.919299414398922	32036
244	0.9999999999664444	1.0	3.919299414398922	32164
245	0.9999999999695902	1.0	3.919299414398922	32293
246	0.9999999999724412	1.0	3.919299414398922	32424
247	0.9999999999750248	1.0	3.919299414398922	32554
248	0.9999999999773662	1.0	3.919299414398922	32682
249	0.9999999999794882	1.0	3.919299414398922	32812
250	0.9999999999814111	1.0	3.919299414398922	32941
251	0.9999999999831538	1.0	3.919299414398922	33070
252	0.9999999999847332	1.0	3.919299414398922	33202
253	0.9999999999861644	1.0	3.919299414398922	33360
254	0.9999999999874615	1.0	3.919299414398922	33489
255	0.999999999988637	1.0	3.919299414398922	33626
256	0.9999999999897022	1.0	3.919299414398922	33756
257	0.9999999999906677	1.0	3.919299414398922	33887
258	0.9999999999915425	1.0	3.919299414398922	34018
259	0.9999999999923355	1.0	3.919299414398922	34150
260	0.999999999993054	1.0	3.919299414398922	34283
261	0.9999999999937053	1.0	3.919299414398922	34413
262	0.9999999999942953	1.0	3.919299414398922	34542
263	0.9999999999948301	1.0	3.919299414398922	34674
264	0.9999999999953149	1.0	3.919299414398922	34806
265	0.9999999999957541	1.0	3.919299414398922	34935
266	0.9999999999961521	1.0	3.919299414398922	35063
267	0.9999999999965129	1.0	3.919299414398922	35193
268	0.9999999999968398	1.0	3.919299414398922	35323
269	0.9999999999971361	1.0	3.919299414398922	35452
270	0.9999999999974045	1.0	3.919299414398922	35582
271	0.9999999999976479	1.0	3.919299414398922	35712
272	0.9999999999978684	1.0	3.919299414398922	35842
273	0.9999999999980682	1.0	3.919299414398922	35971
274	0.9999999999982493	1.0	3.919299414398922	36100
275	0.9999999999984135	1.0	3.919299414398922	36231
276	0.9999999999985622	1.0	3.919299414398922	36360
277	0.9999999999986969	1.0	3.919299414398922	36493
278	0.9999999999988192	1.0	3.919299414398922	36624
279	0.9999999999989299	1.0	3.919299414398922	36756
280	0.9999999999990302	1.0	3.919299414398922	36886
281	0.9999999999991211	1.0	3.919299414398922	37015
282	0.9999999999992035	1.0	3.919299414398922	37145
283	0.9999999999992781	1.0	3.919299414398922	37275
284	0.9999999999993459	1.0	3.919299414398922	37406
285	0.9999999999994071	1.0	3.919299414398922	37536
286	0.9999999999994628	1.0	3.919299414398922	37667
287	0.9999999999995131	1.0	3.919299414398922	37797
288	0.9999999999995588	1.0	3.919299414398922	37927
289	0.9999999999996001	1.0	3.919299414398922	38058
290	0.9999999999996376	1.0	3.919299414398922	38187
291	0.9999999999996716	1.0	3.919299414398922	38317
292	0.9999999999997023	1.0	3.919299414398922	38447
293	0.9999999999997303	1.0	3.919299414398922	38577
294	0.9999999999997555	1.0	3.919299414398922	38706
295	0.9999999999997785	1.0	3.919299414398922	38836
296	0.9999999999997993	1.0	3.919299414398922	38966
297	0.999999999999818	1.0	3.919299414398922	39096
298	0.9999999999998351	1.0	3.919299414398922	39226
299	0.9999999999998506	1.0	3.919299414398922	39356
300	0.9999999999998646	1.0	3.919299414398922	39485
301	0.9999999999998773	1.0	3.919299414398922	39615
302	0.9999999999998888	1.0	3.919299414398922	39745
303	0.9999999999998992	1.0	3.919299414398922	39874
304	0.9999999999999086	1.0	3.919299414398922	40004
305	0.9999999999999172	1.0	3.919299414398922	40135
306	0.999999999999925	1.0	3.919299414398922	40264
307	0.999999999999932	1.0	3.919299414398922	40394
308	0.9999999999999384	1.0	3.919299414398922	40525
309	0.9999999999999442	1.0	3.919299414398922	40654
310	0.9999999999999494	1.0	3.919299414398922	40782
311	0.9999999999999541	1.0	3.919299414398922	40913
312	0.9999999999999585	1.0	3.919299414398922	41040
313	0.9999999999999624	1.0	3.919299414398922	41169
314	0.9999999999999659	1.0	3.919299414398922	41299
315	0.999999999999969	1.0	3.919299414398922	41430
316	0.999999999999972	1.0	3.919299414398922	41563
317	0.9999999999999746	1.0	3.919299414398922	41692
318	0.999999999999977	1.0	3.919299414398922	41822
319	0.9999999999999791	1.0	3.919299414398922	41953
320	0.9999999999999811	1.0	3.919299414398922	42083
321	0.9999999999999829	1.0	3.919299414398922	42213
322	0.9999999999999845	1.0	3.919299414398922	42343
323	0.9999999999999859	1.0	3.919299414398922	42471
324	0.9999999999999872	1.0	3.919299414398922	42602
325	0.9999999999999885	1.0	3.919299414398922	42731
326	0.9999999999999896	1.0	3.919299414398922	42859
327	0.9999999999999906	1.0	3.919299414398922	42989
328	0.9999999999999915	1.0	3.919299414398922	43119
329	0.9999999999999922	1.0	3.919299414398922	43248
330	0.9999999999999929	1.0	3.919299414398922	43378
331	0.9999999999999936	1.0	3.919299414398922	43507
332	0.9999999999999942	1.0	3.919299414398922	43637
333	0.9999999999999948	1.0	3.919299414398922	43766
334	0.9999999999999952	1.0	3.919299414398922	43894
335	0.9999999999999957	1.0	3.919299414398922	44024
336	0.9999999999999961	1.0	3.919299414398922	44154
337	0.9999999999999964	1.0	3.919299414398922	44284
338	0.9999999999999968	1.0	3.919299414398922	44414
339	0.9999999999999971	1.0	3.919299414398922	44542
340	0.9999999999999973	1.0	3.919299414398922	44672
341	0.9999999999999976	1.0	3.919299414398922	44802
342	0.9999999999999978	1.0	3.919299414398922	44931
343	0.999999999999998	1.0	3.919299414398922	45061
344	0.9999999999999982	1.0	3.919299414398922	45191
345	0.9999999999999983	1.0	3.919299414398922	45319
346	0.9999999999999986	1.0	3.919299414398922	45449
347	0.9999999999999987	1.0	3.919299414398922	45580
348	0.9999999999999988	1.0	3.919299414398922	45709
349	0.9999999999999989	1.0	3.919299414398922	45837
350	0.999999999999999	1.0	3.919299414398922	45966
351	0.9999999999999991	1.0	3.919299414398922	46095
352	0.9999999999999992	1.0	3.919299414398922	46225
353	0.9999999999999992	1.0	3.919299414398922	46354
354	0.9999999999999993	1.0	3.919299414398922	46485
355	0.9999999999999994	1.0	3.919299414398922	46615
356	0.9999999999999994	1.0	3.919299414398922	46744
357	0.9999999999999996	1.0	3.919299414398922	46875
358	0.9999999999999996	1.0	3.919299414398922	47004
359	0.9999999999999996	1.0	3.919299414398922	47133
360	0.9999999999999997	1.0	3.919299414398922	47264
361	0.9999999999999997	1.0	3.919299414398922	47393
362	0.9999999999999997	1.0	3.919299414398922	47522
363	0.9999999999999998	1.0	3.919299414398922	47652
364	0.9999999999999998	1.0	3.919299414398922	47782
365	0.9999999999999998	1.0	3.919299414398922	47911
366	0.9999999999999998	1.0	3.919299414398922	48041
367	0.9999999999999998	1.0	3.919299414398922	48172
368	0.9999999999999998	1.0	3.919299414398922	48303
369	0.9999999999999999	1.0	3.919299414398922	48433
370	0.9999999999999999	1.0	3.919299414398922	48562
371	0.9999999999999999	1.0	3.919299414398922	48693
372	0.9999999999999999	1.0	3.919299414398922	48822
373	0.9999999999999999	1.0	3.919299414398922	48952
374	0.9999999999999999	1.0	3.919299414398922	49082
375	0.9999999999999999	1.0	3.919299414398922	49212
376	0.9999999999999999	1.0	3.919299414398922	49341
377	0.9999999999999999	1.0	3.919299414398922	49471
378	0.9999999999999999	1.0	3.919299414398922	49601
379	0.9999999999999999	1.0	3.919299414398922	49730
380	1.0	1.0	3.919299414398922	49858
381	1.0	1.0	3.919299414398922	49987
382	1.0	1.0	3.919299414398922	50119
383	1.0	1.0	3.919299414398922	50249
384	1.0	1.0	3.919299414398922	50378
385	1.0	1.0	3.919299414398922	50508
386	1.0	1.0	3.919299414398922	50639
387	1.0	1.0	3.919299414398922	50767
388	1.0	1.0	3.919299414398922	50897
389	1.0	1.0	3.919299414398922	51028
390	1.0	1.0	3.919299414398922	51157
391	1.0	1.0	3.919299414398922	51288
392	1.0	1.0	3.919299414398922	51418
393	1.0	1.0	3.919299414398922	51548
394	1.0	1.0	3.919299414398922	51678
395	1.0	1.0	3.919299414398922	51807
396	1.0	1.0	3.919299414398922	51936
397	1.0	1.0	3.919299414398922	52066
398	1.0	1.0	3.919299414398922	52197
399	1.0	1.0	3.919299414398922	52327
400	1.0	1.0	3.919299414398922	52455
401	1.0	1.0	3.919299414398922	52584
402	1.0	1.0	3.919299414398922	52714
403	1.0	1.0	3.919299414398922	52844
404	1.0	1.0	3.919299414398922	52974
405	1.0	1.0	3.919299414398922	53102
406	1.0	1.0	3.919299414398922	53233
407	1.0	1.0	3.919299414398922	53363
408	1.0	1.0	3.919299414398922	53492
409	1.0	1.0	3.919299414398922	53620
410	1.0	1.0	3.919299414398922	53750
411	1.0	1.0	3.919299414398922	53880
412	1.0	1.0	3.919299414398922	54009
413	1.0	1.0	3.919299414398922	54138
414	1.0	1.0	3.919299414398922	54266
415	1.0	1.0	3.919299414398922	54395
416	1.0	1.0	3.919299414398922	54524
417	1.0	1.0	3.919299414398922	54655
418	1.0	1.0	3.919299414398922	54785
419	1.0	1.0	3.919299414398922	54913
420	1.0	1.0	3.919299414398922	55043
421	1.0	1.0	3.919299414398922	55174
422	1.0	1.0	3.919299414398922	55303
423	1.0	1.0	3.919299414398922	55451
424	1.0	1.0	3.919299414398922	55581
425	1.0	1.0	3.919299414398922	55711
426	1.0	1.0	3.919299414398922	55842
427	1.0	1.0	3.919299414398922	55973
428	1.0	1.0	3.919299414398922	56103
429	1.0	1.0	3.919299414398922	56232
430	1.0	1.0	3.919299414398922	56362
431	1.0	1.0	3.919299414398922	56492
432	1.0	1.0	3.919299414398922	56623
433	1.0	1.0	3.919299414398922	56760
434	1.0	1.0	3.919299414398922	56888
435	1.0	1.0	3.919299414398922	57018
436	1.0	1.0	3.919299414398922	57149
437	1.0	1.0	3.919299414398922	57280
438	1.0	1.0	3.919299414398922	57410
439	1.0	1.0	3.919299414398922	57539
440	1.0	1.0	3.919299414398922	57669
441	1.0	1.0	3.919299414398922	57798
442	1.0	1.0	3.919299414398922	57927
443	1.0	1.0	3.919299414398922	58057
444	1.0	1.0	3.919299414398922	58188
445	1.0	1.0	3.919299414398922	58320
446	1.0	1.0	3.919299414398922	58450
447	1.0	1.0	3.919299414398922	58578
448	1.0	1.0	3.919299414398922	58708
449	1.0	1.0	3.919299414398922	58839
450	1.0	1.0	3.919299414398922	58969
451	1.0	1.0	3.919299414398922	59097
452	1.0	1.0	3.919299414398922	59226
453	1.0	1.0	3.919299414398922	59356
454	1.0	1.0	3.919299414398922	59484
455	1.0	1.0	3.919299414398922	59613
456	1.0	1.0	3.919299414398922	59743
457	1.0	1.0	3.919299414398922	59872
458	1.0	1.0	3.919299414398922	60000
459	1.0	1.0	3.919299414398922	60129
460	1.0	1.0	3.919299414398922	60256
461	1.0	1.0	3.919299414398922	60384
462	1.0	1.0	3.919299414398922	60512
463	1.0	1.0	3.919299414398922	60634
464	1.0	1.0	3.919299414398922	60756
465	1.0	1.0	3.919299414398922	60900
466	1.0	1.0	3.919299414398922	61022
467	1.0	1.0	3.919299414398922	61143
468	1.0	1.0	3.919299414398922	61266
469	1.0	1.0	3.919299414398922	61394
470	1.0	1.0	3.919299414398922	61516
471	1.0	1.0	3.919299414398922	61637
472	1.0	1.0	3.919299414398922	61765
473	1.0	1.0	3.919299414398922	61896
474	1.0	1.0	3.919299414398922	62026
475	1.0	1.0	3.919299414398922	62157
476	1.0	1.0	3.919299414398922	62291
477	1.0	1.0	3.919299414398922	62419
478	1.0	1.0	3.919299414398922	62539
479	1.0	1.0	3.919299414398922	62667
480	1.0	1.0	3.919299414398922	62793
481	1.0	1.0	3.919299414398922	62922
482	1.0	1.0	3.919299414398922	63049
483	1.0	1.0	3.919299414398922	63172
484	1.0	1.0	3.919299414398922	63300
485	1.0	1.0	3.919299414398922	63429
486	1.0	1.0	3.919299414398922	63557
487	1.0	1.0	3.919299414398922	63685
488	1.0	1.0	3.919299414398922	63814
489	1.0	1.0	3.919299414398922	63944
490	1.0	1.0	3.919299414398922	64072
491	1.0	1.0	3.919299414398922	64199
492	1.0	1.0	3.919299414398922	64328
493	1.0	1.0	3.919299414398922	64456
494	1.0	1.0	3.919299414398922	64584
495	1.0	1.0	3.919299414398922	64710
496	1.0	1.0	3.919299414398922	64838
497	1.0	1.0	3.919299414398922	64965
498	1.0	1.0	3.919299414398922	65091
499	1.0	1.0	3.919299414398922	65218
