0	0.09375	0.33333333333333326	3.919299414398922	359
1	0.1787109375	0.5555555555555555	3.919299414398922	480
2	0.255706787109375	0.7037037037037036	3.919299414398922	615
3	0.3254842758178711	0.802469135802469	3.919299414398922	736
4	0.3887201249599457	0.868312757201646	3.919299414398922	858
5	0.44602761324495077	0.8902606310013716	3.919299414398922	979
6	0.49796252450323664	0.9146471574455113	3.919299414398922	1098
7	0.5450285378310582	0.9430981049636742	3.919299414398922	1220
8	0.5876821124093965	0.9620654033091162	3.919299414398922	1341
9	0.6263369143710156	0.974710268872744	3.919299414398922	1462
10	0.6613678286487329	0.9803302091232454	3.919299414398922	1584
11	0.6931145947129143	0.9868868060821636	3.919299414398922	1711
12	0.7218851014585785	0.9912578707214424	3.919299414398922	1838
13	0.7479583731968367	0.9932005661166774	3.919299414398922	1959
14	0.7715872757096333	0.9943338050972311	3.919299414398922	2079
15	0.7930009686118552	0.9962225367314874	3.919299414398922	2199
16	0.8124071278044938	0.997481691154325	3.919299414398922	2321
17	0.8299939595728225	0.9983211274362166	3.919299414398922	2447
18	0.8459320258628704	0.9988807516241445	3.919299414398922	2569
19	0.8603758984382263	0.9992538344160963	3.919299414398922	2692
20	0.8734656579596425	0.9995025562773975	3.919299414398922	2812
21	0.8853282525259261	0.9996683708515983	3.919299414398922	2933
22	0.8960787288516205	0.9997236423763319	3.919299414398922	3056
23	0.905821348021781	0.9998157615842213	3.919299414398922	3179
24	0.9146505966447391	0.9998464679868511	3.919299414398922	3301
25	0.9226521032092948	0.9998720566557092	3.919299414398922	3421
26	0.9299034685334234	0.9998933805464244	3.919299414398922	3543
27	0.936475018358415	0.9999111504553536	3.919299414398922	3665
28	0.9424304853873136	0.9999259587127947	3.919299414398922	3787
29	0.9478276273822529	0.9999424123321736	3.919299414398922	3911
30	0.9527187873151667	0.9999616082214491	3.919299414398922	4032
31	0.9571514010043698	0.999974405480966	3.919299414398922	4155
32	0.9611684571602102	0.9999786712341384	3.919299414398922	4278
33	0.9648089143014404	0.9999857808227589	3.919299414398922	4399
34	0.9681080785856804	0.9999905205485059	3.919299414398922	4522
35	0.9710979462182728	0.9999921004570883	3.919299414398922	4645
36	0.9738075137603098	0.9999947336380589	3.919299414398922	4767
37	0.9762630593452808	0.9999964890920392	3.919299414398922	4888
38	0.9784883975316607	0.9999976593946929	3.919299414398922	5012
39	0.9805051102630675	0.9999984395964618	3.919299414398922	5132
40	0.9823327561759049	0.9999989597309746	3.919299414398922	5254
41	0.9839890602844138	0.9999991331091455	3.919299414398922	5375
42	0.98549008588275	0.9999994220727637	3.919299414398922	5496
43	0.9868503903312422	0.9999996147151757	3.919299414398922	5616
44	0.9880831662376882	0.9999997431434505	3.919299414398922	5739
45	0.989200369402905	0.9999998287623003	3.919299414398922	5862
46	0.9902128347713827	0.9999998858415335	3.919299414398922	5985
47	0.9911303815115655	0.9999999238943557	3.919299414398922	6107
48	0.9919619082448563	0.9999999492629038	3.919299414398922	6230
49	0.992715479346901	0.9999999661752692	3.919299414398922	6351
50	0.993398403158129	0.9999999774501794	3.919299414398922	6472
51	0.9940173028620544	0.9999999824612507	3.919299414398922	6592
52	0.9945781807187368	0.9999999883075005	3.919299414398922	6714
53	0.9950864762763553	0.9999999922050004	3.919299414398922	6834
54	0.9955471191254469	0.9999999948033336	3.919299414398922	6957
55	0.9959645767074363	0.9999999965355557	3.919299414398922	7078
56	0.9963428976411142	0.9999999976903705	3.919299414398922	7199
57	0.9966857509872596	0.999999998460247	3.919299414398922	7320
58	0.9969964618322041	0.999999998973498	3.919299414398922	7441
59	0.9972780435354349	0.9999999992016095	3.919299414398922	7562
60	0.9975332269539879	0.9999999994677397	3.919299414398922	7684
61	0.9977644869270516	0.9999999996451598	3.919299414398922	7805
62	0.9979740662776405	0.9999999997042999	3.919299414398922	7927
63	0.9981639975641117	0.9999999998028666	3.919299414398922	8049
64	0.9983361227924762	0.9999999998357221	3.919299414398922	8170
65	0.9984921112806816	0.9999999998904814	3.919299414398922	8293
66	0.9986334758481177	0.9999999999269876	3.919299414398922	8423
67	0.9987615874873567	0.9999999999391563	3.919299414398922	8544
68	0.9988776886604169	0.9999999999594376	3.919299414398922	8667
69	0.9989829053485029	0.9999999999684515	3.919299414398922	8789
70	0.9990782579720807	0.9999999999789676	3.919299414398922	8911
71	0.9991646712871981	0.9999999999859784	3.919299414398922	9032
72	0.9992429833540233	0.9999999999906523	3.919299414398922	9153
73	0.9993139536645836	0.9999999999937682	3.919299414398922	9274
74	0.9993782705085289	0.9999999999958454	3.919299414398922	9398
75	0.9994365576483544	0.9999999999965379	3.919299414398922	9520
76	0.9994893803688211	0.999999999997692	3.919299414398922	9642
77	0.9995372509592442	0.9999999999980766	3.919299414398922	9766
78	0.999580633681815	0.9999999999983972	3.919299414398922	9890
79	0.9996199492741449	0.9999999999989314	3.919299414398922	10015
80	0.9996555790296938	0.9999999999991095	3.919299414398922	10138
81	0.9996878684956599	0.9999999999994064	3.919299414398922	10261
82	0.9997171308241919	0.9999999999995053	3.919299414398922	10382
83	0.9997436498094239	0.9999999999996702	3.919299414398922	10505
84	0.9997676826397903	0.9999999999997252	3.919299414398922	10627
85	0.99978946239231	0.9999999999998168	3.919299414398922	10749
86	0.999809200293031	0.9999999999998779	3.919299414398922	10870
87	0.9998270877655593	0.9999999999999186	3.919299414398922	10995
88	0.9998432982875382	0.9999999999999322	3.919299414398922	11116
89	0.9998579890730814	0.9999999999999548	3.919299414398922	11239
90	0.99987130259748	0.9999999999999698	3.919299414398922	11362
91	0.9998833679789663	0.9999999999999799	3.919299414398922	11485
92	0.9998943022309382	0.9999999999999866	3.919299414398922	11609
93	0.9999042113967878	0.9999999999999911	3.919299414398922	11731
94	0.9999131915783389	0.999999999999994	3.919299414398922	11854
95	0.9999213298678696	0.999999999999995	3.919299414398922	11976
96	0.9999287051927569	0.9999999999999959	3.919299414398922	12098
97	0.9999353890809359	0.9999999999999966	3.919299414398922	12221
98	0.9999414463545981	0.9999999999999977	3.919299414398922	12343
99	0.9999469357588546	0.9999999999999984	3.919299414398922	12465
100	0.9999519105314619	0.9999999999999987	3.919299414398922	12619
101	0.9999564189191374	0.9999999999999991	3.919299414398922	12742
102	0.9999605046454683	0.9999999999999994	3.919299414398922	12880
103	0.9999642073349556	0.9999999999999997	3.919299414398922	13013
104	0.9999675628973035	0.9999999999999998	3.919299414398922	13134
105	0.9999706038756814	0.9999999999999998	3.919299414398922	13257
106	0.9999733597623361	0.9999999999999999	3.919299414398922	13378
107	0.9999758572846171	0.9999999999999999	3.919299414398922	13498
108	0.9999781206641843	0.9999999999999999	3.919299414398922	13619
109	0.999980171851917	1.0	3.919299414398922	13739
110	0.9999820307407998	1.0	3.919299414398922	13861
111	0.9999837153588499	1.0	3.919299414398922	13982
112	0.9999852420439577	1.0	3.919299414398922	14104
113	0.9999866256023366	1.0	3.919299414398922	14226
114	0.9999878794521175	1.0	3.919299414398922	14349
115	0.9999890157534815	1.0	3.919299414398922	14469
116	0.9999900455265927	1.0	3.919299414398922	14592
117	0.9999909787584746	1.0	3.919299414398922	14713
118	0.9999918244998676	1.0	3.919299414398922	14861
119	0.999992590953005	1.0	3.919299414398922	14981
120	0.9999932855511607	1.0	3.919299414398922	15105
121	0.9999939150307394	1.0	3.919299414398922	15280
122	0.9999944854966076	1.0	3.919299414398922	15403
123	0.9999950024813007	1.0	3.919299414398922	15527
124	0.9999954709986787	1.0	3.919299414398922	15650
125	0.9999958955925526	1.0	3.919299414398922	15772
126	0.9999962803807508	1.0	3.919299414398922	15893
127	0.9999966290950554	1.0	3.919299414398922	16016
128	0.999996945117394	1.0	3.919299414398922	16138
129	0.9999972315126383	1.0	3.919299414398922	16260
130	0.9999974910583285	1.0	3.919299414398922	16382
131	0.9999977262716101	1.0	3.919299414398922	16504
132	0.9999979394336467	1.0	3.919299414398922	16628
133	0.9999981326117423	1.0	3.919299414398922	16752
134	0.9999983076793915	1.0	3.919299414398922	16875
135	0.9999984663344486	1.0	3.919299414398922	16998
136	0.999998610115594	1.0	3.919299414398922	17121
137	0.999998740417257	1.0	3.919299414398922	17243
138	0.9999988585031392	1.0	3.919299414398922	17366
139	0.9999989655184699	1.0	3.919299414398922	17489
140	0.9999990625011134	1.0	3.919299414398922	17610
141	0.999999150391634	1.0	3.919299414398922	17731
142	0.9999992300424183	1.0	3.919299414398922	17864
143	0.9999993022259416	1.0	3.919299414398922	18057
144	0.9999993676422595	1.0	3.919299414398922	18178
145	0.9999994269257977	1.0	3.919299414398922	18298
146	0.9999994806515041	1.0	3.919299414398922	18420
147	0.9999995293404257	1.0	3.919299414398922	18542
148	0.9999995734647608	1.0	3.919299414398922	18664
149	0.9999996134524395	1.0	3.919299414398922	18787
150	0.9999996496912732	1.0	3.919299414398922	18908
151	0.9999996825327164	1.0	3.919299414398922	19030
152	0.9999997122952742	1.0	3.919299414398922	19152
153	0.9999997392675922	1.0	3.919299414398922	19275
154	0.9999997637112554	1.0	3.919299414398922	19397
155	0.9999997858633253	1.0	3.919299414398922	19519
156	0.9999998059386386	1.0	3.919299414398922	19642
157	0.9999998241318911	1.0	3.919299414398922	19764
158	0.9999998406195264	1.0	3.919299414398922	19886
159	0.9999998555614458	1.0	3.919299414398922	20007
160	0.9999998691025602	1.0	3.919299414398922	20129
161	0.9999998813741953	1.0	3.919299414398922	20251
162	0.9999998924953644	1.0	3.919299414398922	20373
163	0.999999902573924	1.0	3.919299414398922	20494
164	0.9999999117076186	1.0	3.919299414398922	20616
165	0.9999999199850294	1.0	3.919299414398922	20737
166	0.9999999274864328	1.0	3.919299414398922	20859
167	0.9999999342845798	1.0	3.919299414398922	20981
168	0.9999999404454004	1.0	3.919299414398922	21104
169	0.9999999460286442	1.0	3.919299414398922	21225
170	0.9999999510884587	1.0	3.919299414398922	21346
171	0.9999999556739158	1.0	3.919299414398922	21469
172	0.9999999598294862	1.0	3.919299414398922	21592
173	0.9999999635954718	1.0	3.919299414398922	21714
174	0.9999999670083963	1.0	3.919299414398922	21838
175	0.9999999701013592	1.0	3.919299414398922	21960
176	0.9999999729043567	1.0	3.919299414398922	22083
177	0.9999999754445733	1.0	3.919299414398922	22204
178	0.9999999777466445	1.0	3.919299414398922	22327
179	0.9999999798328967	1.0	3.919299414398922	22452
180	0.9999999817235625	1.0	3.919299414398922	22575
181	0.9999999834369786	1.0	3.919299414398922	22697
182	0.9999999849897618	1.0	3.919299414398922	22819
183	0.9999999863969716	1.0	3.919299414398922	22940
184	0.9999999876722556	1.0	3.919299414398922	23062
185	0.9999999888279816	1.0	3.919299414398922	23183
186	0.9999999898753583	1.0	3.919299414398922	23304
187	0.9999999908245435	1.0	3.919299414398922	23425
188	0.9999999916847425	1.0	3.919299414398922	23546
189	0.9999999924642979	1.0	3.919299414398922	23667
190	0.99999999317077	1.0	3.919299414398922	23789
191	0.9999999938110103	1.0	3.919299414398922	23911
192	0.9999999943912281	1.0	3.919299414398922	24032
193	0.9999999949170505	1.0	3.919299414398922	24153
194	0.999999995393577	1.0	3.919299414398922	24275
195	0.9999999958254291	1.0	3.919299414398922	24398
196	0.9999999962167951	1.0	3.919299414398922	24520
197	0.9999999965714707	1.0	3.919299414398922	24641
198	0.9999999968928952	1.0	3.919299414398922	24762
199	0.9999999971841863	1.0	3.919299414398922	24886
200	0.9999999974481688	1.0	3.919299414398922	25008
201	0.999999997687403	1.0	3.919299414398922	25131
202	0.999999997904209	1.0	3.919299414398922	25253
203	0.9999999981006894	1.0	3.919299414398922	25375
204	0.9999999982787497	1.0	3.919299414398922	25497
205	0.999999998440117	1.0	3.919299414398922	25619
206	0.999999998586356	1.0	3.919299414398922	25742
207	0.9999999987188851	1.0	3.919299414398922	25864
208	0.9999999988389896	1.0	3.919299414398922	25987
209	0.9999999989478344	1.0	3.919299414398922	26109
210	0.9999999990464749	1.0	3.919299414398922	26230
211	0.9999999991358679	1.0	3.919299414398922	26352
212	0.9999999992168802	1.0	3.919299414398922	26471
213	0.9999999992902977	1.0	3.919299414398922	26593
214	0.9999999993568324	1.0	3.919299414398922	26712
215	0.9999999994171292	1.0	3.919299414398922	26835
216	0.9999999994717734	1.0	3.919299414398922	26956
217	0.9999999995212947	1.0	3.919299414398922	27077
218	0.9999999995661732	1.0	3.919299414398922	27199
219	0.9999999996068445	1.0	3.919299414398922	27323
220	0.9999999996437029	1.0	3.919299414398922	27444
221	0.9999999996771057	1.0	3.919299414398922	27565
222	0.9999999997073771	1.0	3.919299414398922	27687
223	0.9999999997348105	1.0	3.919299414398922	27810
224	0.999999999759672	1.0	3.919299414398922	27932
225	0.9999999997822028	1.0	3.919299414398922	28053
226	0.9999999998026212	1.0	3.919299414398922	28175
227	0.9999999998211255	1.0	3.919299414398922	28296
228	0.999999999837895	1.0	3.919299414398922	28419
229	0.9999999998530923	1.0	3.919299414398922	28542
230	0.9999999998668649	1.0	3.919299414398922	28665
231	0.9999999998793463	1.0	3.919299414398922	28787
232	0.9999999998906576	1.0	3.919299414398922	28910
233	0.9999999999009085	1.0	3.919299414398922	29029
234	0.9999999999101983	1.0	3.919299414398922	29150
235	0.9999999999186172	1.0	3.919299414398922	29270
236	0.9999999999262469	1.0	3.919299414398922	29391
237	0.9999999999331612	1.0	3.919299414398922	29512
238	0.9999999999394273	1.0	3.919299414398922	29633
239	0.999999999945106	1.0	3.919299414398922	29756
240	0.9999999999502523	1.0	3.919299414398922	29931
241	0.9999999999549162	1.0	3.919299414398922	30053
242	0.9999999999591428	1.0	3.919299414398922	30175
243	0.9999999999629732	1.0	3.919299414398922	30296
244	0.9999999999664444	1.0	3.919299414398922	30418
245	0.9999999999695902	1.0	3.919299414398922	30540
246	0.9999999999724412	1.0	3.919299414398922	30660
247	0.9999999999750248	1.0	3.919299414398922	30782
248	0.9999999999773662	1.0	3.919299414398922	30904
249	0.9999999999794882	1.0	3.919299414398922	31027
250	0.9999999999814111	1.0	3.919299414398922	31147
251	0.9999999999831538	1.0	3.919299414398922	31269
252	0.9999999999847332	1.0	3.919299414398922	31391
253	0.9999999999861644	1.0	3.919299414398922	31513
254	0.9999999999874615	1.0	3.919299414398922	31635
255	0.999999999988637	1.0	3.919299414398922	31756
256	0.9999999999897022	1.0	3.919299414398922	31876
257	0.9999999999906677	1.0	3.919299414398922	31998
258	0.9999999999915425	1.0	3.919299414398922	32122
259	0.9999999999923355	1.0	3.919299414398922	32244
260	0.999999999993054	1.0	3.919299414398922	32366
261	0.9999999999937053	1.0	3.919299414398922	32489
262	0.9999999999942953	1.0	3.919299414398922	32611
263	0.9999999999948301	1.0	3.919299414398922	32733
264	0.9999999999953149	1.0	3.919299414398922	32855
265	0.9999999999957541	1.0	3.919299414398922	32977
266	0.9999999999961521	1.0	3.919299414398922	33100
267	0.9999999999965129	1.0	3.919299414398922	33224
268	0.9999999999968398	1.0	3.919299414398922	33347
269	0.9999999999971361	1.0	3.919299414398922	33468
270	0.9999999999974045	1.0	3.919299414398922	33589
271	0.9999999999976479	1.0	3.919299414398922	33711
272	0.9999999999978684	1.0	3.919299414398922	33834
273	0.9999999999980682	1.0	3.919299414398922	33955
274	0.9999999999982493	1.0	3.919299414398922	34076
275	0.9999999999984135	1.0	3.919299414398922	34197
276	0.9999999999985622	1.0	3.919299414398922	34319
277	0.9999999999986969	1.0	3.919299414398922	34441
278	0.9999999999988192	1.0	3.919299414398922	34563
279	0.9999999999989299	1.0	3.919299414398922	34685
280	0.9999999999990302	1.0	3.919299414398922	34807
281	0.9999999999991211	1.0	3.919299414398922	34929
282	0.9999999999992035	1.0	3.919299414398922	35051
283	0.9999999999992781	1.0	3.919299414398922	35173
284	0.9999999999993459	1.0	3.919299414398922	35296
285	0.9999999999994071	1.0	3.919299414398922	35418
286	0.9999999999994628	1.0	3.919299414398922	35539
287	0.9999999999995131	1.0	3.919299414398922	35660
288	0.9999999999995588	1.0	3.919299414398922	35782
289	0.9999999999996001	1.0	3.919299414398922	35903
290	0.9999999999996376	1.0	3.919299414398922	36025
291	0.9999999999996716	1.0	3.919299414398922	36148
292	0.9999999999997023	1.0	3.919299414398922	36271
293	0.9999999999997303	1.0	3.919299414398922	36393
294	0.9999999999997555	1.0	3.919299414398922	36514
295	0.9999999999997785	1.0	3.919299414398922	36636
296	0.9999999999997993	1.0	3.919299414398922	36759
297	0.999999999999818	1.0	3.919299414398922	36881
298	0.9999999999998351	1.0	3.919299414398922	37003
299	0.9999999999998506	1.0	3.919299414398922	37125
300	0.9999999999998646	1.0	3.919299414398922	37247
301	0.9999999999998773	1.0	3.919299414398922	37370
302	0.9999999999998888	1.0	3.919299414398922	37494
303	0.9999999999998992	1.0	3.919299414398922	37614
304	0.9999999999999086	1.0	3.919299414398922	37735
305	0.9999999999999172	1.0	3.919299414398922	37855
306	0.999999999999925	1.0	3.919299414398922	37977
307	0.999999999999932	1.0	3.919299414398922	38099
308	0.9999999999999384	1.0	3.919299414398922	38222
309	0.9999999999999442	1.0	3.919299414398922	38345
310	0.9999999999999494	1.0	3.919299414398922	38468
311	0.9999999999999541	1.0	3.919299414398922	38591
312	0.9999999999999585	1.0	3.919299414398922	38713
313	0.9999999999999624	1.0	3.919299414398922	38837
314	0.9999999999999659	1.0	3.919299414398922	38960
315	0.999999999999969	1.0	3.919299414398922	39083
316	0.999999999999972	1.0	3.919299414398922	39205
317	0.9999999999999746	1.0	3.919299414398922	39328
318	0.999999999999977	1.0	3.919299414398922	39453
319	0.9999999999999791	1.0	3.919299414398922	39574
320	0.9999999999999811	1.0	3.919299414398922	39696
321	0.9999999999999829	1.0	3.919299414398922	39818
322	0.9999999999999845	1.0	3.919299414398922	39940
323	0.9999999999999859	1.0	3.919299414398922	40061
324	0.9999999999999872	1.0	3.919299414398922	40184
325	0.9999999999999885	1.0	3.919299414398922	40305
326	0.9999999999999896	1.0	3.919299414398922	40427
327	0.9999999999999906	1.0	3.919299414398922	40548
328	0.9999999999999915	1.0	3.919299414398922	40668
329	0.9999999999999922	1.0	3.919299414398922	40791
330	0.9999999999999929	1.0	3.919299414398922	40912
331	0.9999999999999936	1.0	3.919299414398922	41034
332	0.9999999999999942	1.0	3.919299414398922	41156
333	0.9999999999999948	1.0	3.919299414398922	41279
334	0.9999999999999952	1.0	3.919299414398922	41399
335	0.9999999999999957	1.0	3.919299414398922	41522
336	0.9999999999999961	1.0	3.919299414398922	41644
337	0.9999999999999964	1.0	3.919299414398922	41766
338	0.9999999999999968	1.0	3.919299414398922	41889
339	0.9999999999999971	1.0	3.919299414398922	42009
340	0.9999999999999973	1.0	3.919299414398922	42131
341	0.9999999999999976	1.0	3.919299414398922	42253
342	0.9999999999999978	1.0	3.919299414398922	42376
343	0.999999999999998	1.0	3.919299414398922	42498
344	0.9999999999999982	1.0	3.919299414398922	42620
345	0.9999999999999983	1.0	3.919299414398922	42741
346	0.9999999999999986	1.0	3.919299414398922	42862
347	0.9999999999999987	1.0	3.919299414398922	42985
348	0.9999999999999988	1.0	3.919299414398922	43105
349	0.9999999999999989	1.0	3.919299414398922	43228
350	0.999999999999999	1.0	3.919299414398922	43350
351	0.9999999999999991	1.0	3.919299414398922	43472
352	0.9999999999999992	1.0	3.919299414398922	43593
353	0.9999999999999992	1.0	3.919299414398922	43712
354	0.9999999999999993	1.0	3.919299414398922	43834
355	0.9999999999999994	1.0	3.919299414398922	43956
356	0.9999999999999994	1.0	3.919299414398922	44080
357	0.9999999999999996	1.0	3.919299414398922	44202
358	0.9999999999999996	1.0	3.919299414398922	44324
359	0.9999999999999996	1.0	3.919299414398922	44445
360	0.9999999999999997	1.0	3.919299414398922	44565
361	0.9999999999999997	1.0	3.919299414398922	44687
362	0.9999999999999997	1.0	3.919299414398922	44809
363	0.9999999999999998	1.0	3.919299414398922	44932
364	0.9999999999999998	1.0	3.919299414398922	45054
365	0.9999999999999998	1.0	3.919299414398922	45176
366	0.9999999999999998	1.0	3.919299414398922	45298
367	0.9999999999999998	1.0	3.919299414398922	45420
368	0.9999999999999998	1.0	3.919299414398922	45543
369	0.9999999999999999	1.0	3.919299414398922	45665
370	0.9999999999999999	1.0	3.919299414398922	45787
371	0.9999999999999999	1.0	3.919299414398922	45909
372	0.9999999999999999	1.0	3.919299414398922	46031
373	0.9999999999999999	1.0	3.919299414398922	46153
374	0.9999999999999999	1.0	3.919299414398922	46275
375	0.9999999999999999	1.0	3.919299414398922	46396
376	0.9999999999999999	1.0	3.919299414398922	46518
377	0.9999999999999999	1.0	3.919299414398922	46640
378	0.9999999999999999	1.0	3.919299414398922	46762
379	0.9999999999999999	1.0	3.919299414398922	46885
380	1.0	1.0	3.919299414398922	47007
381	1.0	1.0	3.919299414398922	47129
382	1.0	1.0	3.919299414398922	47251
383	1.0	1.0	3.919299414398922	47373
384	1.0	1.0	3.919299414398922	47496
385	1.0	1.0	3.919299414398922	47618
386	1.0	1.0	3.919299414398922	47741
387	1.0	1.0	3.919299414398922	47863
388	1.0	1.0	3.919299414398922	47983
389	1.0	1.0	3.919299414398922	48105
390	1.0	1.0	3.919299414398922	48226
391	1.0	1.0	3.919299414398922	48349
392	1.0	1.0	3.919299414398922	48470
393	1.0	1.0	3.919299414398922	48592
394	1.0	1.0	3.919299414398922	48714
395	1.0	1.0	3.919299414398922	48836
396	1.0	1.0	3.919299414398922	48957
397	1.0	1.0	3.919299414398922	49078
398	1.0	1.0	3.919299414398922	49200
399	1.0	1.0	3.919299414398922	49322
400	1.0	1.0	3.919299414398922	49444
401	1.0	1.0	3.919299414398922	49566
402	1.0	1.0	3.919299414398922	49688
403	1.0	1.0	3.919299414398922	49810
404	1.0	1.0	3.919299414398922	49932
405	1.0	1.0	3.919299414398922	50053
406	1.0	1.0	3.919299414398922	50175
407	1.0	1.0	3.919299414398922	50301
408	1.0	1.0	3.919299414398922	50423
409	1.0	1.0	3.919299414398922	50545
410	1.0	1.0	3.919299414398922	50667
411	1.0	1.0	3.919299414398922	50788
412	1.0	1.0	3.919299414398922	50910
413	1.0	1.0	3.919299414398922	51034
414	1.0	1.0	3.919299414398922	51156
415	1.0	1.0	3.919299414398922	51277
416	1.0	1.0	3.919299414398922	51399
417	1.0	1.0	3.919299414398922	51519
418	1.0	1.0	3.919299414398922	51642
419	1.0	1.0	3.919299414398922	51764
420	1.0	1.0	3.919299414398922	51886
421	1.0	1.0	3.919299414398922	52009
422	1.0	1.0	3.919299414398922	52132
423	1.0	1.0	3.919299414398922	52255
424	1.0	1.0	3.919299414398922	52376
425	1.0	1.0	3.919299414398922	52498
426	1.0	1.0	3.919299414398922	52619
427	1.0	1.0	3.919299414398922	52740
428	1.0	1.0	3.919299414398922	52861
429	1.0	1.0	3.919299414398922	52983
430	1.0	1.0	3.919299414398922	53105
431	1.0	1.0	3.919299414398922	53227
432	1.0	1.0	3.919299414398922	53348
433	1.0	1.0	3.919299414398922	53470
434	1.0	1.0	3.919299414398922	53591
435	1.0	1.0	3.919299414398922	53713
436	1.0	1.0	3.919299414398922	53836
437	1.0	1.0	3.919299414398922	53958
438	1.0	1.0	3.919299414398922	54080
439	1.0	1.0	3.919299414398922	54202
440	1.0	1.0	3.919299414398922	54326
441	1.0	1.0	3.919299414398922	54449
442	1.0	1.0	3.919299414398922	54571
443	1.0	1.0	3.919299414398922	54692
444	1.0	1.0	3.919299414398922	54814
445	1.0	1.0	3.919299414398922	54936
446	1.0	1.0	3.919299414398922	55055
447	1.0	1.0	3.919299414398922	55177
448	1.0	1.0	3.919299414398922	55299
449	1.0	1.0	3.919299414398922	55421
450	1.0	1.0	3.919299414398922	55542
451	1.0	1.0	3.919299414398922	55664
452	1.0	1.0	3.919299414398922	55787
453	1.0	1.0	3.919299414398922	55910
454	1.0	1.0	3.919299414398922	56032
455	1.0	1.0	3.919299414398922	56154
456	1.0	1.0	3.919299414398922	56275
457	1.0	1.0	3.919299414398922	56397
458	1.0	1.0	3.919299414398922	56519
459	1.0	1.0	3.919299414398922	56639
460	1.0	1.0	3.919299414398922	56762
461	1.0	1.0	3.919299414398922	56885
462	1.0	1.0	3.919299414398922	57008
463	1.0	1.0	3.919299414398922	57130
464	1.0	1.0	3.919299414398922	57253
465	1.0	1.0	3.919299414398922	57377
466	1.0	1.0	3.919299414398922	57498
467	1.0	1.0	3.919299414398922	57619
468	1.0	1.0	3.919299414398922	57741
469	1.0	1.0	3.919299414398922	57863
470	1.0	1.0	3.919299414398922	57984
471	1.0	1.0	3.919299414398922	58107
472	1.0	1.0	3.919299414398922	58230
473	1.0	1.0	3.919299414398922	58353
474	1.0	1.0	3.919299414398922	58475
475	1.0	1.0	3.919299414398922	58598
476	1.0	1.0	3.919299414398922	58720
477	1.0	1.0	3.919299414398922	58842
478	1.0	1.0	3.919299414398922	58965
479	1.0	1.0	3.919299414398922	59087
480	1.0	1.0	3.919299414398922	59210
481	1.0	1.0	3.919299414398922	59331
482	1.0	1.0	3.919299414398922	59453
483	1.0	1.0	3.919299414398922	59574
484	1.0	1.0	3.919299414398922	59697
485	1.0	1.0	3.919299414398922	59817
486	1.0	1.0	3.919299414398922	59941
487	1.0	1.0	3.919299414398922	60062
488	1.0	1.0	3.919299414398922	60184
489	1.0	1.0	3.919299414398922	60306
490	1.0	1.0	3.919299414398922	60428
491	1.0	1.0	3.919299414398922	60550
492	1.0	1.0	3.919299414398922	60672
493	1.0	1.0	3.919299414398922	60795
494	1.0	1.0	3.919299414398922	60918
495	1.0	1.0	3.919299414398922	61040
496	1.0	1.0	3.919299414398922	61160
497	1.0	1.0	3.919299414398922	61282
498	1.0	1.0	3.919299414398922	61404
499	1.0	1.0	3.919299414398922	61525
