0	0.09375	0.33333333333333326	3.919299414398922	399
1	0.1787109375	0.5555555555555555	3.919299414398922	538
2	0.255706787109375	0.7037037037037036	3.919299414398922	670
3	0.3254842758178711	0.802469135802469	3.919299414398922	807
4	0.3887201249599457	0.8353909465020576	3.919299414398922	950
5	0.44602761324495077	0.8902606310013716	3.919299414398922	1080
6	0.49796252450323664	0.9085505258344764	3.919299414398922	1210
7	0.5450285378310582	0.9237921048620636	3.919299414398922	1345
8	0.5876821124093965	0.9364934207183864	3.919299414398922	1479
9	0.6263369143710156	0.9576622804789242	3.919299414398922	1611
10	0.6613678286487329	0.9647185670657702	3.919299414398922	1740
11	0.6931145947129143	0.9764790447105135	3.919299414398922	1871
12	0.7218851014585785	0.9803992039254279	3.919299414398922	2002
13	0.7479583731968367	0.984754936386444	3.919299414398922	2135
14	0.7715872757096333	0.9872957803220366	3.919299414398922	2267
15	0.7930009686118552	0.9894131502683639	3.919299414398922	2400
16	0.8124071278044938	0.9929421001789093	3.919299414398922	2533
17	0.8299939595728225	0.9952947334526061	3.919299414398922	2666
18	0.8459320258628704	0.9960789445438385	3.919299414398922	2798
19	0.8603758984382263	0.9973859630292257	3.919299414398922	2930
20	0.8734656579596425	0.9982573086861504	3.919299414398922	3064
21	0.8853282525259261	0.9985477572384587	3.919299414398922	3198
22	0.8960787288516205	0.9990318381589725	3.919299414398922	3331
23	0.905821348021781	0.9993545587726483	3.919299414398922	3463
24	0.9146505966447391	0.9994621323105403	3.919299414398922	3594
25	0.9226521032092948	0.9995816584637536	3.919299414398922	3730
26	0.9299034685334234	0.9997211056425024	3.919299414398922	3863
27	0.936475018358415	0.9998140704283349	3.919299414398922	3998
28	0.9424304853873136	0.9998760469522233	3.919299414398922	4133
29	0.9478276273822529	0.9999173646348155	3.919299414398922	4266
30	0.9527187873151667	0.9999311371956796	3.919299414398922	4400
31	0.9571514010043698	0.9999540914637864	3.919299414398922	4533
32	0.9611684571602102	0.9999617428864886	3.919299414398922	4668
33	0.9648089143014404	0.9999681190720738	3.919299414398922	4803
34	0.9681080785856804	0.9999734325600615	3.919299414398922	4937
35	0.9710979462182728	0.9999822883733743	3.919299414398922	5072
36	0.9738075137603098	0.9999881922489162	3.919299414398922	5205
37	0.9762630593452808	0.9999921281659442	3.919299414398922	5338
38	0.9784883975316607	0.9999947521106295	3.919299414398922	5472
39	0.9805051102630675	0.9999965014070863	3.919299414398922	5605
40	0.9823327561759049	0.9999976676047242	3.919299414398922	5740
41	0.9839890602844138	0.9999984450698162	3.919299414398922	5875
42	0.98549008588275	0.9999989633798774	3.919299414398922	6011
43	0.9868503903312422	0.9999993089199183	3.919299414398922	6146
44	0.9880831662376882	0.9999995392799456	3.919299414398922	6284
45	0.989200369402905	0.999999692853297	3.919299414398922	6420
46	0.9902128347713827	0.9999997952355314	3.919299414398922	6553
47	0.9911303815115655	0.9999998634903542	3.919299414398922	6689
48	0.9919619082448563	0.9999998938258311	3.919299414398922	6823
49	0.992715479346901	0.9999999115215259	3.919299414398922	6958
50	0.993398403158129	0.9999999410143506	3.919299414398922	7091
51	0.9940173028620544	0.9999999606762338	3.919299414398922	7226
52	0.9945781807187368	0.9999999737841558	3.919299414398922	7361
53	0.9950864762763553	0.9999999825227706	3.919299414398922	7519
54	0.9955471191254469	0.9999999883485137	3.919299414398922	7647
55	0.9959645767074363	0.9999999922323425	3.919299414398922	7772
56	0.9963428976411142	0.999999993526952	3.919299414398922	7897
57	0.9966857509872596	0.9999999956846347	3.919299414398922	8022
58	0.9969964618322041	0.9999999971230898	3.919299414398922	8147
59	0.9972780435354349	0.9999999980820599	3.919299414398922	8282
60	0.9975332269539879	0.9999999987213732	3.919299414398922	8422
61	0.9977644869270516	0.9999999989344777	3.919299414398922	8556
62	0.9979740662776405	0.9999999991120647	3.919299414398922	8689
63	0.9981639975641117	0.9999999994080432	3.919299414398922	8822
64	0.9983361227924762	0.9999999995067026	3.919299414398922	8963
65	0.9984921112806816	0.9999999996711351	3.919299414398922	9096
66	0.9986334758481177	0.9999999997807567	3.919299414398922	9241
67	0.9987615874873567	0.9999999998172973	3.919299414398922	9387
68	0.9988776886604169	0.9999999998781982	3.919299414398922	9513
69	0.9989829053485029	0.9999999998984985	3.919299414398922	9647
70	0.9990782579720807	0.9999999999323324	3.919299414398922	9787
71	0.9991646712871981	0.9999999999436102	3.919299414398922	9915
72	0.9992429833540233	0.9999999999624068	3.919299414398922	10050
73	0.9993139536645836	0.9999999999686724	3.919299414398922	10184
74	0.9993782705085289	0.9999999999738937	3.919299414398922	10327
75	0.9994365576483544	0.999999999979695	3.919299414398922	10463
76	0.9994893803688211	0.9999999999830792	3.919299414398922	10606
77	0.9995372509592442	0.9999999999887195	3.919299414398922	10741
78	0.999580633681815	0.9999999999924797	3.919299414398922	10877
79	0.9996199492741449	0.9999999999949865	3.919299414398922	11011
80	0.9996555790296938	0.9999999999961006	3.919299414398922	11145
81	0.9996878684956599	0.9999999999967505	3.919299414398922	11279
82	0.9997171308241919	0.999999999997292	3.919299414398922	11413
83	0.9997436498094239	0.9999999999978938	3.919299414398922	11538
84	0.9997676826397903	0.9999999999982448	3.919299414398922	11670
85	0.99978946239231	0.9999999999988299	3.919299414398922	11805
86	0.999809200293031	0.99999999999922	3.919299414398922	11939
87	0.9998270877655593	0.99999999999948	3.919299414398922	12073
88	0.9998432982875382	0.9999999999996533	3.919299414398922	12207
89	0.9998579890730814	0.9999999999997689	3.919299414398922	12341
90	0.99987130259748	0.9999999999998459	3.919299414398922	12475
91	0.9998833679789663	0.9999999999998973	3.919299414398922	12608
92	0.9998943022309382	0.9999999999999315	3.919299414398922	12740
93	0.9999042113967878	0.9999999999999544	3.919299414398922	12872
94	0.9999131915783389	0.9999999999999645	3.919299414398922	13008
95	0.9999213298678696	0.9999999999999764	3.919299414398922	13140
96	0.9999287051927569	0.9999999999999842	3.919299414398922	13273
97	0.9999353890809359	0.9999999999999895	3.919299414398922	13405
98	0.9999414463545981	0.9999999999999912	3.919299414398922	13540
99	0.9999469357588546	0.9999999999999941	3.919299414398922	13675
100	0.9999519105314619	0.9999999999999961	3.919299414398922	13808
101	0.9999564189191374	0.9999999999999974	3.919299414398922	13941
102	0.9999605046454683	0.9999999999999982	3.919299414398922	14073
103	0.9999642073349556	0.9999999999999989	3.919299414398922	14208
104	0.9999675628973035	0.9999999999999992	3.919299414398922	14344
105	0.9999706038756814	0.9999999999999994	3.919299414398922	14476
106	0.9999733597623361	0.9999999999999997	3.919299414398922	14611
107	0.9999758572846171	0.9999999999999998	3.919299414398922	14744
108	0.9999781206641843	0.9999999999999999	3.919299414398922	14879
109	0.999980171851917	0.9999999999999999	3.919299414398922	15013
110	0.9999820307407998	0.9999999999999999	3.919299414398922	15145
111	0.9999837153588499	0.9999999999999999	3.919299414398922	15278
112	0.9999852420439577	0.9999999999999999	3.919299414398922	15413
113	0.9999866256023366	1.0	3.919299414398922	15546
114	0.9999878794521175	1.0	3.919299414398922	15682
115	0.9999890157534815	1.0	3.919299414398922	15816
116	0.9999900455265927	1.0	3.919299414398922	15950
117	0.9999909787584746	1.0	3.919299414398922	16083
118	0.9999918244998676	1.0	3.919299414398922	16216
119	0.999992590953005	1.0	3.919299414398922	16349
120	0.9999932855511607	1.0	3.919299414398922	16482
121	0.9999939150307394	1.0	3.919299414398922	16617
122	0.9999944854966076	1.0	3.919299414398922	16750
123	0.9999950024813007	1.0	3.919299414398922	16885
124	0.9999954709986787	1.0	3.919299414398922	17018
125	0.9999958955925526	1.0	3.919299414398922	17151
126	0.9999962803807508	1.0	3.919299414398922	17284
127	0.9999966290950554	1.0	3.919299414398922	17417
128	0.999996945117394	1.0	3.919299414398922	17550
129	0.9999972315126383	1.0	3.919299414398922	17685
130	0.9999974910583285	1.0	3.919299414398922	17819
131	0.9999977262716101	1.0	3.919299414398922	17953
132	0.9999979394336467	1.0	3.919299414398922	18086
133	0.9999981326117423	1.0	3.919299414398922	18221
134	0.9999983076793915	1.0	3.919299414398922	18356
135	0.9999984663344486	1.0	3.919299414398922	18490
136	0.999998610115594	1.0	3.919299414398922	18623
137	0.999998740417257	1.0	3.919299414398922	18757
138	0.9999988585031392	1.0	3.919299414398922	18892
139	0.9999989655184699	1.0	3.919299414398922	19026
140	0.9999990625011134	1.0	3.919299414398922	19159
141	0.999999150391634	1.0	3.919299414398922	19292
142	0.9999992300424183	1.0	3.919299414398922	19483
143	0.9999993022259416	1.0	3.919299414398922	19616
144	0.9999993676422595	1.0	3.919299414398922	19749
145	0.9999994269257977	1.0	3.919299414398922	19882
146	0.9999994806515041	1.0	3.919299414398922	20013
147	0.9999995293404257	1.0	3.919299414398922	20145
148	0.9999995734647608	1.0	3.919299414398922	20278
149	0.9999996134524395	1.0	3.919299414398922	20412
150	0.9999996496912732	1.0	3.919299414398922	20545
151	0.9999996825327164	1.0	3.919299414398922	20678
152	0.9999997122952742	1.0	3.919299414398922	20811
153	0.9999997392675922	1.0	3.919299414398922	20944
154	0.9999997637112554	1.0	3.919299414398922	21077
155	0.9999997858633253	1.0	3.919299414398922	21211
156	0.9999998059386386	1.0	3.919299414398922	21344
157	0.9999998241318911	1.0	3.919299414398922	21477
158	0.9999998406195264	1.0	3.919299414398922	21610
159	0.9999998555614458	1.0	3.919299414398922	21744
160	0.9999998691025602	1.0	3.919299414398922	21879
161	0.9999998813741953	1.0	3.919299414398922	22013
162	0.9999998924953644	1.0	3.919299414398922	22146
163	0.999999902573924	1.0	3.919299414398922	22280
164	0.9999999117076186	1.0	3.919299414398922	22416
165	0.9999999199850294	1.0	3.919299414398922	22548
166	0.9999999274864328	1.0	3.919299414398922	22683
167	0.9999999342845798	1.0	3.919299414398922	22816
168	0.9999999404454004	1.0	3.919299414398922	22949
169	0.9999999460286442	1.0	3.919299414398922	23083
170	0.9999999510884587	1.0	3.919299414398922	23215
171	0.9999999556739158	1.0	3.919299414398922	23349
172	0.9999999598294862	1.0	3.919299414398922	23483
173	0.9999999635954718	1.0	3.919299414398922	23618
174	0.9999999670083963	1.0	3.919299414398922	23750
175	0.9999999701013592	1.0	3.919299414398922	23884
176	0.9999999729043567	1.0	3.919299414398922	24019
177	0.9999999754445733	1.0	3.919299414398922	24153
178	0.9999999777466445	1.0	3.919299414398922	24284
179	0.9999999798328967	1.0	3.919299414398922	24418
180	0.9999999817235625	1.0	3.919299414398922	24552
181	0.9999999834369786	1.0	3.919299414398922	24685
182	0.9999999849897618	1.0	3.919299414398922	24817
183	0.9999999863969716	1.0	3.919299414398922	24951
184	0.9999999876722556	1.0	3.919299414398922	25084
185	0.9999999888279816	1.0	3.919299414398922	25218
186	0.9999999898753583	1.0	3.919299414398922	25351
187	0.9999999908245435	1.0	3.919299414398922	25484
188	0.9999999916847425	1.0	3.919299414398922	25617
189	0.9999999924642979	1.0	3.919299414398922	25750
190	0.99999999317077	1.0	3.919299414398922	25883
191	0.9999999938110103	1.0	3.919299414398922	26017
192	0.9999999943912281	1.0	3.919299414398922	26150
193	0.9999999949170505	1.0	3.919299414398922	26284
194	0.999999995393577	1.0	3.919299414398922	26417
195	0.9999999958254291	1.0	3.919299414398922	26552
196	0.9999999962167951	1.0	3.919299414398922	26685
197	0.9999999965714707	1.0	3.919299414398922	26818
198	0.9999999968928952	1.0	3.919299414398922	26952
199	0.9999999971841863	1.0	3.919299414398922	27085
200	0.9999999974481688	1.0	3.919299414398922	27218
201	0.999999997687403	1.0	3.919299414398922	27351
202	0.999999997904209	1.0	3.919299414398922	27484
203	0.9999999981006894	1.0	3.919299414398922	27619
204	0.9999999982787497	1.0	3.919299414398922	27752
205	0.999999998440117	1.0	3.919299414398922	27885
206	0.999999998586356	1.0	3.919299414398922	28020
207	0.9999999987188851	1.0	3.919299414398922	28152
208	0.9999999988389896	1.0	3.919299414398922	28287
209	0.9999999989478344	1.0	3.919299414398922	28422
210	0.9999999990464749	1.0	3.919299414398922	28555
211	0.9999999991358679	1.0	3.919299414398922	28688
212	0.9999999992168802	1.0	3.919299414398922	28821
213	0.9999999992902977	1.0	3.919299414398922	28961
214	0.9999999993568324	1.0	3.919299414398922	29094
215	0.9999999994171292	1.0	3.919299414398922	29225
216	0.9999999994717734	1.0	3.919299414398922	29357
217	0.9999999995212947	1.0	3.919299414398922	29491
218	0.9999999995661732	1.0	3.919299414398922	29625
219	0.9999999996068445	1.0	3.919299414398922	29757
220	0.9999999996437029	1.0	3.919299414398922	29890
221	0.9999999996771057	1.0	3.919299414398922	30025
222	0.9999999997073771	1.0	3.919299414398922	30158
223	0.9999999997348105	1.0	3.919299414398922	30290
224	0.999999999759672	1.0	3.919299414398922	30426
225	0.9999999997822028	1.0	3.919299414398922	30559
226	0.9999999998026212	1.0	3.919299414398922	30694
227	0.9999999998211255	1.0	3.919299414398922	30826
228	0.999999999837895	1.0	3.919299414398922	30959
229	0.9999999998530923	1.0	3.919299414398922	31093
230	0.9999999998668649	1.0	3.919299414398922	31225
231	0.9999999998793463	1.0	3.919299414398922	31358
232	0.9999999998906576	1.0	3.919299414398922	31492
233	0.9999999999009085	1.0	3.919299414398922	31626
234	0.9999999999101983	1.0	3.919299414398922	31759
235	0.9999999999186172	1.0	3.919299414398922	31891
236	0.9999999999262469	1.0	3.919299414398922	32025
237	0.9999999999331612	1.0	3.919299414398922	32158
238	0.9999999999394273	1.0	3.919299414398922	32290
239	0.999999999945106	1.0	3.919299414398922	32424
240	0.9999999999502523	1.0	3.919299414398922	32558
241	0.9999999999549162	1.0	3.919299414398922	32690
242	0.9999999999591428	1.0	3.919299414398922	32823
243	0.9999999999629732	1.0	3.919299414398922	32957
244	0.9999999999664444	1.0	3.919299414398922	33090
245	0.9999999999695902	1.0	3.919299414398922	33223
246	0.9999999999724412	1.0	3.919299414398922	33358
247	0.9999999999750248	1.0	3.919299414398922	33489
248	0.9999999999773662	1.0	3.919299414398922	33624
249	0.9999999999794882	1.0	3.919299414398922	33757
250	0.9999999999814111	1.0	3.919299414398922	33891
251	0.9999999999831538	1.0	3.919299414398922	34024
252	0.9999999999847332	1.0	3.919299414398922	34177
253	0.9999999999861644	1.0	3.919299414398922	34308
254	0.9999999999874615	1.0	3.919299414398922	34441
255	0.999999999988637	1.0	3.919299414398922	34577
256	0.9999999999897022	1.0	3.919299414398922	34710
257	0.9999999999906677	1.0	3.919299414398922	34843
258	0.9999999999915425	1.0	3.919299414398922	34976
259	0.9999999999923355	1.0	3.919299414398922	35110
260	0.999999999993054	1.0	3.919299414398922	35245
261	0.9999999999937053	1.0	3.919299414398922	35380
262	0.9999999999942953	1.0	3.919299414398922	35516
263	0.9999999999948301	1.0	3.919299414398922	35650
264	0.9999999999953149	1.0	3.919299414398922	35784
265	0.9999999999957541	1.0	3.919299414398922	35917
266	0.9999999999961521	1.0	3.919299414398922	36054
267	0.9999999999965129	1.0	3.919299414398922	36186
268	0.9999999999968398	1.0	3.919299414398922	36319
269	0.9999999999971361	1.0	3.919299414398922	36450
270	0.9999999999974045	1.0	3.919299414398922	36584
271	0.9999999999976479	1.0	3.919299414398922	36718
272	0.9999999999978684	1.0	3.919299414398922	36852
273	0.9999999999980682	1.0	3.919299414398922	36985
274	0.9999999999982493	1.0	3.919299414398922	37119
275	0.9999999999984135	1.0	3.919299414398922	37253
276	0.9999999999985622	1.0	3.919299414398922	37386
277	0.9999999999986969	1.0	3.919299414398922	37520
278	0.9999999999988192	1.0	3.919299414398922	37654
279	0.9999999999989299	1.0	3.919299414398922	37787
280	0.9999999999990302	1.0	3.919299414398922	37919
281	0.9999999999991211	1.0	3.919299414398922	38052
282	0.9999999999992035	1.0	3.919299414398922	38186
283	0.9999999999992781	1.0	3.919299414398922	38317
284	0.9999999999993459	1.0	3.919299414398922	38451
285	0.9999999999994071	1.0	3.919299414398922	38585
286	0.9999999999994628	1.0	3.919299414398922	38719
287	0.9999999999995131	1.0	3.919299414398922	38853
288	0.9999999999995588	1.0	3.919299414398922	38987
289	0.9999999999996001	1.0	3.919299414398922	39121
290	0.9999999999996376	1.0	3.919299414398922	39256
291	0.9999999999996716	1.0	3.919299414398922	39390
292	0.9999999999997023	1.0	3.919299414398922	39527
293	0.9999999999997303	1.0	3.919299414398922	39679
294	0.9999999999997555	1.0	3.919299414398922	39812
295	0.9999999999997785	1.0	3.919299414398922	39945
296	0.9999999999997993	1.0	3.919299414398922	40077
297	0.999999999999818	1.0	3.919299414398922	40211
298	0.9999999999998351	1.0	3.919299414398922	40343
299	0.9999999999998506	1.0	3.919299414398922	40477
300	0.9999999999998646	1.0	3.919299414398922	40611
301	0.9999999999998773	1.0	3.919299414398922	40745
302	0.9999999999998888	1.0	3.919299414398922	40879
303	0.9999999999998992	1.0	3.919299414398922	41013
304	0.9999999999999086	1.0	3.919299414398922	41150
305	0.9999999999999172	1.0	3.919299414398922	41285
306	0.999999999999925	1.0	3.919299414398922	41417
307	0.999999999999932	1.0	3.919299414398922	41549
308	0.9999999999999384	1.0	3.919299414398922	41682
309	0.9999999999999442	1.0	3.919299414398922	41817
310	0.9999999999999494	1.0	3.919299414398922	41948
311	0.9999999999999541	1.0	3.919299414398922	42081
312	0.9999999999999585	1.0	3.919299414398922	42214
313	0.9999999999999624	1.0	3.919299414398922	42347
314	0.9999999999999659	1.0	3.919299414398922	42480
315	0.999999999999969	1.0	3.919299414398922	42613
316	0.999999999999972	1.0	3.919299414398922	42748
317	0.9999999999999746	1.0	3.919299414398922	42883
318	0.999999999999977	1.0	3.919299414398922	43016
319	0.9999999999999791	1.0	3.919299414398922	43149
320	0.9999999999999811	1.0	3.919299414398922	43282
321	0.9999999999999829	1.0	3.919299414398922	43414
322	0.9999999999999845	1.0	3.919299414398922	43547
323	0.9999999999999859	1.0	3.919299414398922	43679
324	0.9999999999999872	1.0	3.919299414398922	43813
325	0.9999999999999885	1.0	3.919299414398922	43945
326	0.9999999999999896	1.0	3.919299414398922	44077
327	0.9999999999999906	1.0	3.919299414398922	44213
328	0.9999999999999915	1.0	3.919299414398922	44346
329	0.9999999999999922	1.0	3.919299414398922	44479
330	0.9999999999999929	1.0	3.919299414398922	44612
331	0.9999999999999936	1.0	3.919299414398922	44742
332	0.9999999999999942	1.0	3.919299414398922	44874
333	0.9999999999999948	1.0	3.919299414398922	45008
334	0.9999999999999952	1.0	3.919299414398922	45141
335	0.9999999999999957	1.0	3.919299414398922	45274
336	0.9999999999999961	1.0	3.919299414398922	45407
337	0.9999999999999964	1.0	3.919299414398922	45541
338	0.9999999999999968	1.0	3.919299414398922	45674
339	0.9999999999999971	1.0	3.919299414398922	45808
340	0.9999999999999973	1.0	3.919299414398922	45941
341	0.9999999999999976	1.0	3.919299414398922	46073
342	0.9999999999999978	1.0	3.919299414398922	46204
343	0.999999999999998	1.0	3.919299414398922	46336
344	0.9999999999999982	1.0	3.919299414398922	46469
345	0.9999999999999983	1.0	3.919299414398922	46600
346	0.9999999999999986	1.0	3.919299414398922	46732
347	0.9999999999999987	1.0	3.919299414398922	46865
348	0.9999999999999988	1.0	3.919299414398922	46998
349	0.9999999999999989	1.0	3.919299414398922	47131
350	0.999999999999999	1.0	3.919299414398922	47266
351	0.9999999999999991	1.0	3.919299414398922	47401
352	0.9999999999999992	1.0	3.919299414398922	47532
353	0.9999999999999992	1.0	3.919299414398922	47664
354	0.9999999999999993	1.0	3.919299414398922	47797
355	0.9999999999999994	1.0	3.919299414398922	47931
356	0.9999999999999994	1.0	3.919299414398922	48064
357	0.9999999999999996	1.0	3.919299414398922	48197
358	0.9999999999999996	1.0	3.919299414398922	48328
359	0.9999999999999996	1.0	3.919299414398922	48461
360	0.9999999999999997	1.0	3.919299414398922	48593
361	0.9999999999999997	1.0	3.919299414398922	48727
362	0.9999999999999997	1.0	3.919299414398922	48861
363	0.9999999999999998	1.0	3.919299414398922	48993
364	0.9999999999999998	1.0	3.919299414398922	49125
365	0.9999999999999998	1.0	3.919299414398922	49258
366	0.9999999999999998	1.0	3.919299414398922	49388
367	0.9999999999999998	1.0	3.919299414398922	49521
368	0.9999999999999998	1.0	3.919299414398922	49654
369	0.9999999999999999	1.0	3.919299414398922	49787
370	0.9999999999999999	1.0	3.919299414398922	49919
371	0.9999999999999999	1.0	3.919299414398922	50052
372	0.9999999999999999	1.0	3.919299414398922	50184
373	0.9999999999999999	1.0	3.919299414398922	50314
374	0.9999999999999999	1.0	3.919299414398922	50448
375	0.9999999999999999	1.0	3.919299414398922	50580
376	0.9999999999999999	1.0	3.919299414398922	50712
377	0.9999999999999999	1.0	3.919299414398922	50845
378	0.9999999999999999	1.0	3.919299414398922	50979
379	0.9999999999999999	1.0	3.919299414398922	51113
380	1.0	1.0	3.919299414398922	51247
381	1.0	1.0	3.919299414398922	51377
382	1.0	1.0	3.919299414398922	51509
383	1.0	1.0	3.919299414398922	51643
384	1.0	1.0	3.919299414398922	51775
385	1.0	1.0	3.919299414398922	51907
386	1.0	1.0	3.919299414398922	52040
387	1.0	1.0	3.919299414398922	52175
388	1.0	1.0	3.919299414398922	52309
389	1.0	1.0	3.919299414398922	52441
390	1.0	1.0	3.919299414398922	52576
391	1.0	1.0	3.919299414398922	52708
392	1.0	1.0	3.919299414398922	52841
393	1.0	1.0	3.919299414398922	52973
394	1.0	1.0	3.919299414398922	53106
395	1.0	1.0	3.919299414398922	53237
396	1.0	1.0	3.919299414398922	53369
397	1.0	1.0	3.919299414398922	53503
398	1.0	1.0	3.919299414398922	53637
399	1.0	1.0	3.919299414398922	53772
400	1.0	1.0	3.919299414398922	53907
401	1.0	1.0	3.919299414398922	54041
402	1.0	1.0	3.919299414398922	54175
403	1.0	1.0	3.919299414398922	54311
404	1.0	1.0	3.919299414398922	54443
405	1.0	1.0	3.919299414398922	54576
406	1.0	1.0	3.919299414398922	54708
407	1.0	1.0	3.919299414398922	54840
408	1.0	1.0	3.919299414398922	54972
409	1.0	1.0	3.919299414398922	55104
410	1.0	1.0	3.919299414398922	55237
411	1.0	1.0	3.919299414398922	55371
412	1.0	1.0	3.919299414398922	55505
413	1.0	1.0	3.919299414398922	55641
414	1.0	1.0	3.919299414398922	55774
415	1.0	1.0	3.919299414398922	55910
416	1.0	1.0	3.919299414398922	56043
417	1.0	1.0	3.919299414398922	56177
418	1.0	1.0	3.919299414398922	56308
419	1.0	1.0	3.919299414398922	56432
420	1.0	1.0	3.919299414398922	56554
421	1.0	1.0	3.919299414398922	56677
422	1.0	1.0	3.919299414398922	56807
423	1.0	1.0	3.919299414398922	56939
424	1.0	1.0	3.919299414398922	57074
425	1.0	1.0	3.919299414398922	57207
426	1.0	1.0	3.919299414398922	57355
427	1.0	1.0	3.919299414398922	57503
428	1.0	1.0	3.919299414398922	57637
429	1.0	1.0	3.919299414398922	57780
430	1.0	1.0	3.919299414398922	57913
431	1.0	1.0	3.919299414398922	58058
432	1.0	1.0	3.919299414398922	58187
433	1.0	1.0	3.919299414398922	58321
434	1.0	1.0	3.919299414398922	58449
435	1.0	1.0	3.919299414398922	58571
436	1.0	1.0	3.919299414398922	58693
437	1.0	1.0	3.919299414398922	58816
438	1.0	1.0	3.919299414398922	58938
439	1.0	1.0	3.919299414398922	59059
440	1.0	1.0	3.919299414398922	59183
441	1.0	1.0	3.919299414398922	59307
442	1.0	1.0	3.919299414398922	59433
443	1.0	1.0	3.919299414398922	59555
444	1.0	1.0	3.919299414398922	59678
445	1.0	1.0	3.919299414398922	59800
446	1.0	1.0	3.919299414398922	59923
447	1.0	1.0	3.919299414398922	60043
448	1.0	1.0	3.919299414398922	60167
449	1.0	1.0	3.919299414398922	60287
450	1.0	1.0	3.919299414398922	60407
451	1.0	1.0	3.919299414398922	60529
452	1.0	1.0	3.919299414398922	60649
453	1.0	1.0	3.919299414398922	60788
454	1.0	1.0	3.919299414398922	60910
455	1.0	1.0	3.919299414398922	61032
456	1.0	1.0	3.919299414398922	61153
457	1.0	1.0	3.919299414398922	61274
458	1.0	1.0	3.919299414398922	61395
459	1.0	1.0	3.919299414398922	61515
460	1.0	1.0	3.919299414398922	61634
461	1.0	1.0	3.919299414398922	61755
462	1.0	1.0	3.919299414398922	61875
463	1.0	1.0	3.919299414398922	61996
464	1.0	1.0	3.919299414398922	62119
465	1.0	1.0	3.919299414398922	62257
466	1.0	1.0	3.919299414398922	62392
467	1.0	1.0	3.919299414398922	62521
468	1.0	1.0	3.919299414398922	62651
469	1.0	1.0	3.919299414398922	62781
470	1.0	1.0	3.919299414398922	62910
471	1.0	1.0	3.919299414398922	63044
472	1.0	1.0	3.919299414398922	63175
473	1.0	1.0	3.919299414398922	63307
474	1.0	1.0	3.919299414398922	63437
475	1.0	1.0	3.919299414398922	63566
476	1.0	1.0	3.919299414398922	63697
477	1.0	1.0	3.919299414398922	63827
478	1.0	1.0	3.919299414398922	63956
479	1.0	1.0	3.919299414398922	64092
480	1.0	1.0	3.919299414398922	64223
481	1.0	1.0	3.919299414398922	64352
482	1.0	1.0	3.919299414398922	64483
483	1.0	1.0	3.919299414398922	64613
484	1.0	1.0	3.919299414398922	64745
485	1.0	1.0	3.919299414398922	64877
486	1.0	1.0	3.919299414398922	65005
487	1.0	1.0	3.919299414398922	65136
488	1.0	1.0	3.919299414398922	65263
489	1.0	1.0	3.919299414398922	65392
490	1.0	1.0	3.919299414398922	65522
491	1.0	1.0	3.919299414398922	65653
492	1.0	1.0	3.919299414398922	65784
493	1.0	1.0	3.919299414398922	65913
494	1.0	1.0	3.919299414398922	66042
495	1.0	1.0	3.919299414398922	66173
496	1.0	1.0	3.919299414398922	66304
497	1.0	1.0	3.919299414398922	66435
498	1.0	1.0	3.919299414398922	66567
499	1.0	1.0	3.919299414398922	66699
