0	0.09375	0.33333333333333326	3.919299414398922	120
1	0.1787109375	0.5555555555555555	3.919299414398922	240
2	0.255706787109375	0.7037037037037036	3.919299414398922	376
3	0.3254842758178711	0.802469135802469	3.919299414398922	496
4	0.3887201249599457	0.868312757201646	3.919299414398922	616
5	0.44602761324495077	0.9122085048010974	3.919299414398922	737
6	0.49796252450323664	0.9414723365340649	3.919299414398922	857
7	0.5450285378310582	0.9512269471117207	3.919299414398922	993
8	0.5876821124093965	0.9674846314078138	3.919299414398922	1113
9	0.6263369143710156	0.9783230876052093	3.919299414398922	1239
10	0.6613678286487329	0.9855487250701395	3.919299414398922	1357
11	0.6931145947129143	0.9903658167134263	3.919299414398922	1475
12	0.7218851014585785	0.9935772111422843	3.919299414398922	1645
13	0.7479583731968367	0.9957181407615228	3.919299414398922	1771
14	0.7715872757096333	0.9971454271743485	3.919299414398922	1889
15	0.7930009686118552	0.9980969514495657	3.919299414398922	2009
16	0.8124071278044938	0.9987313009663771	3.919299414398922	2129
17	0.8299939595728225	0.9991542006442514	3.919299414398922	2262
18	0.8459320258628704	0.9992951672035428	3.919299414398922	2381
19	0.8603758984382263	0.9994126393362857	3.919299414398922	2502
20	0.8734656579596425	0.999510532780238	3.919299414398922	2624
21	0.8853282525259261	0.9995921106501984	3.919299414398922	2743
22	0.8960787288516205	0.999728073766799	3.919299414398922	2863
23	0.905821348021781	0.9997733948056657	3.919299414398922	2982
24	0.9146505966447391	0.9998489298704438	3.919299414398922	3105
25	0.9226521032092948	0.9998992865802959	3.919299414398922	3224
26	0.9299034685334234	0.9999160721502466	3.919299414398922	3347
27	0.936475018358415	0.9999300601252055	3.919299414398922	3466
28	0.9424304853873136	0.9999417167710045	3.919299414398922	3585
29	0.9478276273822529	0.9999514306425038	3.919299414398922	3705
30	0.9527187873151667	0.9999676204283359	3.919299414398922	3824
31	0.9571514010043698	0.9999784136188906	3.919299414398922	3948
32	0.9611684571602102	0.9999832105924704	3.919299414398922	4067
33	0.9648089143014404	0.999988807061647	3.919299414398922	4187
34	0.9681080785856804	0.999992538041098	3.919299414398922	4307
35	0.9710979462182728	0.999995025360732	3.919299414398922	4427
36	0.9738075137603098	0.9999966835738213	3.919299414398922	4548
37	0.9762630593452808	0.9999977890492142	3.919299414398922	4670
38	0.9784883975316607	0.9999985260328095	3.919299414398922	4791
39	0.9805051102630675	0.9999990173552064	3.919299414398922	4911
40	0.9823327561759049	0.9999991811293386	3.919299414398922	5033
41	0.9839890602844138	0.9999994540862257	3.919299414398922	5153
42	0.98549008588275	0.9999995450718547	3.919299414398922	5274
43	0.9868503903312422	0.9999996967145699	3.919299414398922	5397
44	0.9880831662376882	0.9999997978097133	3.919299414398922	5518
45	0.989200369402905	0.9999998315080944	3.919299414398922	5641
46	0.9902128347713827	0.9999998876720629	3.919299414398922	5762
47	0.9911303815115655	0.9999999251147086	3.919299414398922	5885
48	0.9919619082448563	0.9999999500764724	3.919299414398922	6005
49	0.992715479346901	0.9999999667176482	3.919299414398922	6124
50	0.993398403158129	0.9999999778117655	3.919299414398922	6248
51	0.9940173028620544	0.9999999815098046	3.919299414398922	6373
52	0.9945781807187368	0.9999999876732031	3.919299414398922	6494
53	0.9950864762763553	0.9999999897276692	3.919299414398922	6613
54	0.9955471191254469	0.9999999931517795	3.919299414398922	6734
55	0.9959645767074363	0.9999999954345197	3.919299414398922	6856
56	0.9963428976411142	0.9999999969563464	3.919299414398922	6979
57	0.9966857509872596	0.9999999976327139	3.919299414398922	7101
58	0.9969964618322041	0.9999999984218093	3.919299414398922	7221
59	0.9972780435354349	0.9999999989478728	3.919299414398922	7341
60	0.9975332269539879	0.9999999992985819	3.919299414398922	7464
61	0.9977644869270516	0.9999999994544526	3.919299414398922	7583
62	0.9979740662776405	0.9999999995453771	3.919299414398922	7706
63	0.9981639975641117	0.9999999996969181	3.919299414398922	7828
64	0.9983361227924762	0.9999999997979454	3.919299414398922	7949
65	0.9984921112806816	0.999999999865297	3.919299414398922	8073
66	0.9986334758481177	0.999999999910198	3.919299414398922	8199
67	0.9987615874873567	0.999999999940132	3.919299414398922	8322
68	0.9988776886604169	0.9999999999600879	3.919299414398922	8443
69	0.9989829053485029	0.9999999999667399	3.919299414398922	8567
70	0.9990782579720807	0.9999999999778266	3.919299414398922	8689
71	0.9991646712871981	0.9999999999852178	3.919299414398922	8809
72	0.9992429833540233	0.9999999999901452	3.919299414398922	8939
73	0.9993139536645836	0.9999999999934301	3.919299414398922	9065
74	0.9993782705085289	0.9999999999956201	3.919299414398922	9189
75	0.9994365576483544	0.99999999999635	3.919299414398922	9312
76	0.9994893803688211	0.9999999999975667	3.919299414398922	9437
77	0.9995372509592442	0.9999999999979723	3.919299414398922	9563
78	0.999580633681815	0.9999999999986482	3.919299414398922	9690
79	0.9996199492741449	0.9999999999990988	3.919299414398922	9814
80	0.9996555790296938	0.9999999999993991	3.919299414398922	9941
81	0.9996878684956599	0.9999999999995994	3.919299414398922	10066
82	0.9997171308241919	0.9999999999996663	3.919299414398922	10191
83	0.9997436498094239	0.9999999999997775	3.919299414398922	10316
84	0.9997676826397903	0.9999999999998517	3.919299414398922	10438
85	0.99978946239231	0.9999999999998763	3.919299414398922	10562
86	0.999809200293031	0.9999999999999176	3.919299414398922	10683
87	0.9998270877655593	0.999999999999945	3.919299414398922	10805
88	0.9998432982875382	0.9999999999999634	3.919299414398922	10926
89	0.9998579890730814	0.9999999999999756	3.919299414398922	11048
90	0.99987130259748	0.9999999999999797	3.919299414398922	11170
91	0.9998833679789663	0.9999999999999865	3.919299414398922	11293
92	0.9998943022309382	0.999999999999991	3.919299414398922	11414
93	0.9999042113967878	0.999999999999994	3.919299414398922	11616
94	0.9999131915783389	0.999999999999996	3.919299414398922	11739
95	0.9999213298678696	0.9999999999999973	3.919299414398922	11860
96	0.9999287051927569	0.9999999999999979	3.919299414398922	11982
97	0.9999353890809359	0.9999999999999986	3.919299414398922	12192
98	0.9999414463545981	0.9999999999999991	3.919299414398922	12315
99	0.9999469357588546	0.9999999999999993	3.919299414398922	12436
100	0.9999519105314619	0.9999999999999996	3.919299414398922	12558
101	0.9999564189191374	0.9999999999999997	3.919299414398922	12680
102	0.9999605046454683	0.9999999999999998	3.919299414398922	12804
103	0.9999642073349556	0.9999999999999999	3.919299414398922	12925
104	0.9999675628973035	0.9999999999999999	3.919299414398922	13045
105	0.9999706038756814	0.9999999999999999	3.919299414398922	13166
106	0.9999733597623361	1.0	3.919299414398922	13389
107	0.9999758572846171	1.0	3.919299414398922	13617
108	0.9999781206641843	1.0	3.919299414398922	13736
109	0.999980171851917	1.0	3.919299414398922	13960
110	0.9999820307407998	1.0	3.919299414398922	14081
111	0.9999837153588499	1.0	3.919299414398922	14204
112	0.9999852420439577	1.0	3.919299414398922	14328
113	0.9999866256023366	1.0	3.919299414398922	14452
114	0.9999878794521175	1.0	3.919299414398922	14577
115	0.9999890157534815	1.0	3.919299414398922	14772
116	0.9999900455265927	1.0	3.919299414398922	14892
117	0.9999909787584746	1.0	3.919299414398922	15012
118	0.9999918244998676	1.0	3.919299414398922	15133
119	0.999992590953005	1.0	3.919299414398922	15255
120	0.9999932855511607	1.0	3.919299414398922	15380
121	0.9999939150307394	1.0	3.919299414398922	15500
122	0.9999944854966076	1.0	3.919299414398922	15621
123	0.9999950024813007	1.0	3.919299414398922	15743
124	0.9999954709986787	1.0	3.919299414398922	15865
125	0.9999958955925526	1.0	3.919299414398922	15985
126	0.9999962803807508	1.0	3.919299414398922	16105
127	0.9999966290950554	1.0	3.919299414398922	16225
128	0.999996945117394	1.0	3.919299414398922	16345
129	0.9999972315126383	1.0	3.919299414398922	16466
130	0.9999974910583285	1.0	3.919299414398922	16588
131	0.9999977262716101	1.0	3.919299414398922	16709
132	0.9999979394336467	1.0	3.919299414398922	16830
133	0.9999981326117423	1.0	3.919299414398922	16951
134	0.9999983076793915	1.0	3.919299414398922	17073
135	0.9999984663344486	1.0	3.919299414398922	17193
136	0.999998610115594	1.0	3.919299414398922	17313
137	0.999998740417257	1.0	3.919299414398922	17434
138	0.9999988585031392	1.0	3.919299414398922	17555
139	0.9999989655184699	1.0	3.919299414398922	17677
140	0.9999990625011134	1.0	3.919299414398922	17800
141	0.999999150391634	1.0	3.919299414398922	17924
142	0.9999992300424183	1.0	3.919299414398922	18044
143	0.9999993022259416	1.0	3.919299414398922	18165
144	0.9999993676422595	1.0	3.919299414398922	18288
145	0.9999994269257977	1.0	3.919299414398922	18410
146	0.9999994806515041	1.0	3.919299414398922	18530
147	0.9999995293404257	1.0	3.919299414398922	18652
148	0.9999995734647608	1.0	3.919299414398922	18774
149	0.9999996134524395	1.0	3.919299414398922	18897
150	0.9999996496912732	1.0	3.919299414398922	19031
151	0.9999996825327164	1.0	3.919299414398922	19152
152	0.9999997122952742	1.0	3.919299414398922	19274
153	0.9999997392675922	1.0	3.919299414398922	19393
154	0.9999997637112554	1.0	3.919299414398922	19515
155	0.9999997858633253	1.0	3.919299414398922	19638
156	0.9999998059386386	1.0	3.919299414398922	19757
157	0.9999998241318911	1.0	3.919299414398922	19877
158	0.9999998406195264	1.0	3.919299414398922	19996
159	0.9999998555614458	1.0	3.919299414398922	20117
160	0.9999998691025602	1.0	3.919299414398922	20239
161	0.9999998813741953	1.0	3.919299414398922	20360
162	0.9999998924953644	1.0	3.919299414398922	20480
163	0.999999902573924	1.0	3.919299414398922	20600
164	0.9999999117076186	1.0	3.919299414398922	20721
165	0.9999999199850294	1.0	3.919299414398922	20842
166	0.9999999274864328	1.0	3.919299414398922	20966
167	0.9999999342845798	1.0	3.919299414398922	21086
168	0.9999999404454004	1.0	3.919299414398922	21210
169	0.9999999460286442	1.0	3.919299414398922	21333
170	0.9999999510884587	1.0	3.919299414398922	21453
171	0.9999999556739158	1.0	3.919299414398922	21575
172	0.9999999598294862	1.0	3.919299414398922	21697
173	0.9999999635954718	1.0	3.919299414398922	21819
174	0.9999999670083963	1.0	3.919299414398922	21942
175	0.9999999701013592	1.0	3.919299414398922	22062
176	0.9999999729043567	1.0	3.919299414398922	22183
177	0.9999999754445733	1.0	3.919299414398922	22304
178	0.9999999777466445	1.0	3.919299414398922	22427
179	0.9999999798328967	1.0	3.919299414398922	22550
180	0.9999999817235625	1.0	3.919299414398922	22673
181	0.9999999834369786	1.0	3.919299414398922	22793
182	0.9999999849897618	1.0	3.919299414398922	22914
183	0.9999999863969716	1.0	3.919299414398922	23035
184	0.9999999876722556	1.0	3.919299414398922	23157
185	0.9999999888279816	1.0	3.919299414398922	23278
186	0.9999999898753583	1.0	3.919299414398922	23402
187	0.9999999908245435	1.0	3.919299414398922	23523
188	0.9999999916847425	1.0	3.919299414398922	23643
189	0.9999999924642979	1.0	3.919299414398922	23763
190	0.99999999317077	1.0	3.919299414398922	23884
191	0.9999999938110103	1.0	3.919299414398922	24004
192	0.9999999943912281	1.0	3.919299414398922	24128
193	0.9999999949170505	1.0	3.919299414398922	24248
194	0.999999995393577	1.0	3.919299414398922	24369
195	0.9999999958254291	1.0	3.919299414398922	24490
196	0.9999999962167951	1.0	3.919299414398922	24614
197	0.9999999965714707	1.0	3.919299414398922	24734
198	0.9999999968928952	1.0	3.919299414398922	24854
199	0.9999999971841863	1.0	3.919299414398922	24974
200	0.9999999974481688	1.0	3.919299414398922	25093
201	0.999999997687403	1.0	3.919299414398922	25214
202	0.999999997904209	1.0	3.919299414398922	25336
203	0.9999999981006894	1.0	3.919299414398922	25458
204	0.9999999982787497	1.0	3.919299414398922	25579
205	0.999999998440117	1.0	3.919299414398922	25699
206	0.999999998586356	1.0	3.919299414398922	25819
207	0.9999999987188851	1.0	3.919299414398922	25939
208	0.9999999988389896	1.0	3.919299414398922	26061
209	0.9999999989478344	1.0	3.919299414398922	26186
210	0.9999999990464749	1.0	3.919299414398922	26311
211	0.9999999991358679	1.0	3.919299414398922	26434
212	0.9999999992168802	1.0	3.919299414398922	26555
213	0.9999999992902977	1.0	3.919299414398922	26676
214	0.9999999993568324	1.0	3.919299414398922	26795
215	0.9999999994171292	1.0	3.919299414398922	26916
216	0.9999999994717734	1.0	3.919299414398922	27038
217	0.9999999995212947	1.0	3.919299414398922	27163
218	0.9999999995661732	1.0	3.919299414398922	27286
219	0.9999999996068445	1.0	3.919299414398922	27407
220	0.9999999996437029	1.0	3.919299414398922	27527
221	0.9999999996771057	1.0	3.919299414398922	27650
222	0.9999999997073771	1.0	3.919299414398922	27773
223	0.9999999997348105	1.0	3.919299414398922	27895
224	0.999999999759672	1.0	3.919299414398922	28016
225	0.9999999997822028	1.0	3.919299414398922	28136
226	0.9999999998026212	1.0	3.919299414398922	28258
227	0.9999999998211255	1.0	3.919299414398922	28379
228	0.999999999837895	1.0	3.919299414398922	28503
229	0.9999999998530923	1.0	3.919299414398922	28623
230	0.9999999998668649	1.0	3.919299414398922	28746
231	0.9999999998793463	1.0	3.919299414398922	28867
232	0.9999999998906576	1.0	3.919299414398922	29052
233	0.9999999999009085	1.0	3.919299414398922	29173
234	0.9999999999101983	1.0	3.919299414398922	29293
235	0.9999999999186172	1.0	3.919299414398922	29416
236	0.9999999999262469	1.0	3.919299414398922	29537
237	0.9999999999331612	1.0	3.919299414398922	29658
238	0.9999999999394273	1.0	3.919299414398922	29781
239	0.999999999945106	1.0	3.919299414398922	29903
240	0.9999999999502523	1.0	3.919299414398922	30025
241	0.9999999999549162	1.0	3.919299414398922	30146
242	0.9999999999591428	1.0	3.919299414398922	30266
243	0.9999999999629732	1.0	3.919299414398922	30388
244	0.9999999999664444	1.0	3.919299414398922	30510
245	0.9999999999695902	1.0	3.919299414398922	30635
246	0.9999999999724412	1.0	3.919299414398922	30755
247	0.9999999999750248	1.0	3.919299414398922	30876
248	0.9999999999773662	1.0	3.919299414398922	30996
249	0.9999999999794882	1.0	3.919299414398922	31114
250	0.9999999999814111	1.0	3.919299414398922	31234
251	0.9999999999831538	1.0	3.919299414398922	31359
252	0.9999999999847332	1.0	3.919299414398922	31480
253	0.9999999999861644	1.0	3.919299414398922	31600
254	0.9999999999874615	1.0	3.919299414398922	31722
255	0.999999999988637	1.0	3.919299414398922	31844
256	0.9999999999897022	1.0	3.919299414398922	31965
257	0.9999999999906677	1.0	3.919299414398922	32086
258	0.9999999999915425	1.0	3.919299414398922	32207
259	0.9999999999923355	1.0	3.919299414398922	32327
260	0.999999999993054	1.0	3.919299414398922	32447
261	0.9999999999937053	1.0	3.919299414398922	32568
262	0.9999999999942953	1.0	3.919299414398922	32690
263	0.9999999999948301	1.0	3.919299414398922	32813
264	0.9999999999953149	1.0	3.919299414398922	32933
265	0.9999999999957541	1.0	3.919299414398922	33054
266	0.9999999999961521	1.0	3.919299414398922	33175
267	0.9999999999965129	1.0	3.919299414398922	33295
268	0.9999999999968398	1.0	3.919299414398922	33419
269	0.9999999999971361	1.0	3.919299414398922	33540
270	0.9999999999974045	1.0	3.919299414398922	33662
271	0.9999999999976479	1.0	3.919299414398922	33782
272	0.9999999999978684	1.0	3.919299414398922	33904
273	0.9999999999980682	1.0	3.919299414398922	34026
274	0.9999999999982493	1.0	3.919299414398922	34146
275	0.9999999999984135	1.0	3.919299414398922	34267
276	0.9999999999985622	1.0	3.919299414398922	34387
277	0.9999999999986969	1.0	3.919299414398922	34509
278	0.9999999999988192	1.0	3.919299414398922	34629
279	0.9999999999989299	1.0	3.919299414398922	34749
280	0.9999999999990302	1.0	3.919299414398922	34870
281	0.9999999999991211	1.0	3.919299414398922	34991
282	0.9999999999992035	1.0	3.919299414398922	35112
283	0.9999999999992781	1.0	3.919299414398922	35234
284	0.9999999999993459	1.0	3.919299414398922	35356
285	0.9999999999994071	1.0	3.919299414398922	35479
286	0.9999999999994628	1.0	3.919299414398922	35599
287	0.9999999999995131	1.0	3.919299414398922	35721
288	0.9999999999995588	1.0	3.919299414398922	35840
289	0.9999999999996001	1.0	3.919299414398922	35962
290	0.9999999999996376	1.0	3.919299414398922	36082
291	0.9999999999996716	1.0	3.919299414398922	36205
292	0.9999999999997023	1.0	3.919299414398922	36325
293	0.9999999999997303	1.0	3.919299414398922	36445
294	0.9999999999997555	1.0	3.919299414398922	36567
295	0.9999999999997785	1.0	3.919299414398922	36691
296	0.9999999999997993	1.0	3.919299414398922	36813
297	0.999999999999818	1.0	3.919299414398922	36934
298	0.9999999999998351	1.0	3.919299414398922	37055
299	0.9999999999998506	1.0	3.919299414398922	37177
300	0.9999999999998646	1.0	3.919299414398922	37300
301	0.9999999999998773	1.0	3.919299414398922	37421
302	0.9999999999998888	1.0	3.919299414398922	37544
303	0.9999999999998992	1.0	3.919299414398922	37667
304	0.9999999999999086	1.0	3.919299414398922	37787
305	0.9999999999999172	1.0	3.919299414398922	37977
306	0.999999999999925	1.0	3.919299414398922	38097
307	0.999999999999932	1.0	3.919299414398922	38219
308	0.9999999999999384	1.0	3.919299414398922	38340
309	0.9999999999999442	1.0	3.919299414398922	38460
310	0.9999999999999494	1.0	3.919299414398922	38583
311	0.9999999999999541	1.0	3.919299414398922	38703
312	0.9999999999999585	1.0	3.919299414398922	38822
313	0.9999999999999624	1.0	3.919299414398922	38944
314	0.9999999999999659	1.0	3.919299414398922	39065
315	0.999999999999969	1.0	3.919299414398922	39187
316	0.999999999999972	1.0	3.919299414398922	39309
317	0.9999999999999746	1.0	3.919299414398922	39432
318	0.999999999999977	1.0	3.919299414398922	39552
319	0.9999999999999791	1.0	3.919299414398922	39675
320	0.9999999999999811	1.0	3.919299414398922	39796
321	0.9999999999999829	1.0	3.919299414398922	39918
322	0.9999999999999845	1.0	3.919299414398922	40042
323	0.9999999999999859	1.0	3.919299414398922	40165
324	0.9999999999999872	1.0	3.919299414398922	40284
325	0.9999999999999885	1.0	3.919299414398922	40404
326	0.9999999999999896	1.0	3.919299414398922	40524
327	0.9999999999999906	1.0	3.919299414398922	40644
328	0.9999999999999915	1.0	3.919299414398922	40764
329	0.9999999999999922	1.0	3.919299414398922	40884
330	0.9999999999999929	1.0	3.919299414398922	41006
331	0.9999999999999936	1.0	3.919299414398922	41129
332	0.9999999999999942	1.0	3.919299414398922	41250
333	0.9999999999999948	1.0	3.919299414398922	41371
334	0.9999999999999952	1.0	3.919299414398922	41494
335	0.9999999999999957	1.0	3.919299414398922	41615
336	0.9999999999999961	1.0	3.919299414398922	41738
337	0.9999999999999964	1.0	3.919299414398922	41862
338	0.9999999999999968	1.0	3.919299414398922	41982
339	0.9999999999999971	1.0	3.919299414398922	42104
340	0.9999999999999973	1.0	3.919299414398922	42281
341	0.9999999999999976	1.0	3.919299414398922	42402
342	0.9999999999999978	1.0	3.919299414398922	42578
343	0.999999999999998	1.0	3.919299414398922	42738
344	0.9999999999999982	1.0	3.919299414398922	42857
345	0.9999999999999983	1.0	3.919299414398922	42978
346	0.9999999999999986	1.0	3.919299414398922	43098
347	0.9999999999999987	1.0	3.919299414398922	43223
348	0.9999999999999988	1.0	3.919299414398922	43343
349	0.9999999999999989	1.0	3.919299414398922	43465
350	0.999999999999999	1.0	3.919299414398922	43588
351	0.9999999999999991	1.0	3.919299414398922	43713
352	0.9999999999999992	1.0	3.919299414398922	43837
353	0.9999999999999992	1.0	3.919299414398922	43960
354	0.9999999999999993	1.0	3.919299414398922	44081
355	0.9999999999999994	1.0	3.919299414398922	44202
356	0.9999999999999994	1.0	3.919299414398922	44324
357	0.9999999999999996	1.0	3.919299414398922	44445
358	0.9999999999999996	1.0	3.919299414398922	44565
359	0.9999999999999996	1.0	3.919299414398922	44687
360	0.9999999999999997	1.0	3.919299414398922	44808
361	0.9999999999999997	1.0	3.919299414398922	44931
362	0.9999999999999997	1.0	3.919299414398922	45053
363	0.9999999999999998	1.0	3.919299414398922	45178
364	0.9999999999999998	1.0	3.919299414398922	45301
365	0.9999999999999998	1.0	3.919299414398922	45422
366	0.9999999999999998	1.0	3.919299414398922	45543
367	0.9999999999999998	1.0	3.919299414398922	45665
368	0.9999999999999998	1.0	3.919299414398922	45786
369	0.9999999999999999	1.0	3.919299414398922	45908
370	0.9999999999999999	1.0	3.919299414398922	46031
371	0.9999999999999999	1.0	3.919299414398922	46154
372	0.9999999999999999	1.0	3.919299414398922	46276
373	0.9999999999999999	1.0	3.919299414398922	46396
374	0.9999999999999999	1.0	3.919299414398922	46518
375	0.9999999999999999	1.0	3.919299414398922	46641
376	0.9999999999999999	1.0	3.919299414398922	46763
377	0.9999999999999999	1.0	3.919299414398922	46883
378	0.9999999999999999	1.0	3.919299414398922	47004
379	0.9999999999999999	1.0	3.919299414398922	47126
380	1.0	1.0	3.919299414398922	47250
381	1.0	1.0	3.919299414398922	47370
382	1.0	1.0	3.919299414398922	47491
383	1.0	1.0	3.919299414398922	47613
384	1.0	1.0	3.919299414398922	47734
385	1.0	1.0	3.919299414398922	47855
386	1.0	1.0	3.919299414398922	47973
387	1.0	1.0	3.919299414398922	48094
388	1.0	1.0	3.919299414398922	48215
389	1.0	1.0	3.919299414398922	48338
390	1.0	1.0	3.919299414398922	48459
391	1.0	1.0	3.919299414398922	48579
392	1.0	1.0	3.919299414398922	48700
393	1.0	1.0	3.919299414398922	48820
394	1.0	1.0	3.919299414398922	48941
395	1.0	1.0	3.919299414398922	49065
396	1.0	1.0	3.919299414398922	49188
397	1.0	1.0	3.919299414398922	49313
398	1.0	1.0	3.919299414398922	49433
399	1.0	1.0	3.919299414398922	49554
400	1.0	1.0	3.919299414398922	49674
401	1.0	1.0	3.919299414398922	49794
402	1.0	1.0	3.919299414398922	49918
403	1.0	1.0	3.919299414398922	50039
404	1.0	1.0	3.919299414398922	50160
405	1.0	1.0	3.919299414398922	50281
406	1.0	1.0	3.919299414398922	50403
407	1.0	1.0	3.919299414398922	50525
408	1.0	1.0	3.919299414398922	50646
409	1.0	1.0	3.919299414398922	50769
410	1.0	1.0	3.919299414398922	50889
411	1.0	1.0	3.919299414398922	51012
412	1.0	1.0	3.919299414398922	51132
413	1.0	1.0	3.919299414398922	51252
414	1.0	1.0	3.919299414398922	51375
415	1.0	1.0	3.919299414398922	51495
416	1.0	1.0	3.919299414398922	51615
417	1.0	1.0	3.919299414398922	51734
418	1.0	1.0	3.919299414398922	51856
419	1.0	1.0	3.919299414398922	51980
420	1.0	1.0	3.919299414398922	52104
421	1.0	1.0	3.919299414398922	52225
422	1.0	1.0	3.919299414398922	52347
423	1.0	1.0	3.919299414398922	52471
424	1.0	1.0	3.919299414398922	52592
425	1.0	1.0	3.919299414398922	52713
426	1.0	1.0	3.919299414398922	52835
427	1.0	1.0	3.919299414398922	52957
428	1.0	1.0	3.919299414398922	53076
429	1.0	1.0	3.919299414398922	53199
430	1.0	1.0	3.919299414398922	53323
431	1.0	1.0	3.919299414398922	53444
432	1.0	1.0	3.919299414398922	53568
433	1.0	1.0	3.919299414398922	53689
434	1.0	1.0	3.919299414398922	53811
435	1.0	1.0	3.919299414398922	53929
436	1.0	1.0	3.919299414398922	54049
437	1.0	1.0	3.919299414398922	54170
438	1.0	1.0	3.919299414398922	54291
439	1.0	1.0	3.919299414398922	54411
440	1.0	1.0	3.919299414398922	54533
441	1.0	1.0	3.919299414398922	54656
442	1.0	1.0	3.919299414398922	54776
443	1.0	1.0	3.919299414398922	54897
444	1.0	1.0	3.919299414398922	55017
445	1.0	1.0	3.919299414398922	55139
446	1.0	1.0	3.919299414398922	55259
447	1.0	1.0	3.919299414398922	55379
448	1.0	1.0	3.919299414398922	55499
449	1.0	1.0	3.919299414398922	55641
450	1.0	1.0	3.919299414398922	55798
451	1.0	1.0	3.919299414398922	55920
452	1.0	1.0	3.919299414398922	56040
453	1.0	1.0	3.919299414398922	56163
454	1.0	1.0	3.919299414398922	56283
455	1.0	1.0	3.919299414398922	56402
456	1.0	1.0	3.919299414398922	56526
457	1.0	1.0	3.919299414398922	56645
458	1.0	1.0	3.919299414398922	56766
459	1.0	1.0	3.919299414398922	56888
460	1.0	1.0	3.919299414398922	57008
461	1.0	1.0	3.919299414398922	57132
462	1.0	1.0	3.919299414398922	57255
463	1.0	1.0	3.919299414398922	57374
464	1.0	1.0	3.919299414398922	57495
465	1.0	1.0	3.919299414398922	57616
466	1.0	1.0	3.919299414398922	57737
467	1.0	1.0	3.919299414398922	57858
468	1.0	1.0	3.919299414398922	57979
469	1.0	1.0	3.919299414398922	58100
470	1.0	1.0	3.919299414398922	58221
471	1.0	1.0	3.919299414398922	58343
472	1.0	1.0	3.919299414398922	58466
473	1.0	1.0	3.919299414398922	58586
474	1.0	1.0	3.919299414398922	58708
475	1.0	1.0	3.919299414398922	58828
476	1.0	1.0	3.919299414398922	58950
477	1.0	1.0	3.919299414398922	59071
478	1.0	1.0	3.919299414398922	59191
479	1.0	1.0	3.919299414398922	59313
480	1.0	1.0	3.919299414398922	59435
481	1.0	1.0	3.919299414398922	59556
482	1.0	1.0	3.919299414398922	59677
483	1.0	1.0	3.919299414398922	59799
484	1.0	1.0	3.919299414398922	59920
485	1.0	1.0	3.919299414398922	60041
486	1.0	1.0	3.919299414398922	60161
487	1.0	1.0	3.919299414398922	60284
488	1.0	1.0	3.919299414398922	60406
489	1.0	1.0	3.919299414398922	60529
490	1.0	1.0	3.919299414398922	60651
491	1.0	1.0	3.919299414398922	60771
492	1.0	1.0	3.919299414398922	60891
493	1.0	1.0	3.919299414398922	61010
494	1.0	1.0	3.919299414398922	61132
495	1.0	1.0	3.919299414398922	61253
496	1.0	1.0	3.919299414398922	61372
497	1.0	1.0	3.919299414398922	61492
498	1.0	1.0	3.919299414398922	61611
499	1.0	1.0	3.919299414398922	61729
