0	0.09375	0.33333333333333326	3.919299414398922	422
1	0.1787109375	0.4814814814814814	3.919299414398922	559
2	0.255706787109375	0.5967078189300411	3.919299414398922	705
3	0.3254842758178711	0.6639231824417009	3.919299414398922	829
4	0.3887201249599457	0.7759487882944672	3.919299414398922	985
5	0.44602761324495077	0.8506325255296447	3.919299414398922	1142
6	0.49796252450323664	0.9004216836864298	3.919299414398922	1266
7	0.5450285378310582	0.9336144557909533	3.919299414398922	1390
8	0.5876821124093965	0.9557429705273022	3.919299414398922	1517
9	0.6263369143710156	0.9704953136848681	3.919299414398922	1643
10	0.6613678286487329	0.9803302091232454	3.919299414398922	1766
11	0.6931145947129143	0.9868868060821636	3.919299414398922	1891
12	0.7218851014585785	0.9912578707214424	3.919299414398922	2014
13	0.7479583731968367	0.9932005661166774	3.919299414398922	2137
14	0.7715872757096333	0.995467044077785	3.919299414398922	2260
15	0.7930009686118552	0.99697802938519	3.919299414398922	2382
16	0.8124071278044938	0.99798535292346	3.919299414398922	2505
17	0.8299939595728225	0.9983211274362166	3.919299414398922	2630
18	0.8459320258628704	0.9988807516241445	3.919299414398922	2753
19	0.8603758984382263	0.9992538344160963	3.919299414398922	2875
20	0.8734656579596425	0.9995025562773975	3.919299414398922	3000
21	0.8853282525259261	0.9996683708515983	3.919299414398922	3122
22	0.8960787288516205	0.9997789139010655	3.919299414398922	3247
23	0.905821348021781	0.9998526092673771	3.919299414398922	3371
24	0.9146505966447391	0.9998771743894809	3.919299414398922	3493
25	0.9226521032092948	0.9999181162596539	3.919299414398922	3617
26	0.9299034685334234	0.9999454108397693	3.919299414398922	3740
27	0.936475018358415	0.9999545090331411	3.919299414398922	3863
28	0.9424304853873136	0.9999620908609509	3.919299414398922	3986
29	0.9478276273822529	0.999974727240634	3.919299414398922	4110
30	0.9527187873151667	0.9999831514937559	3.919299414398922	4232
31	0.9571514010043698	0.999988767662504	3.919299414398922	4356
32	0.9611684571602102	0.9999925117750026	3.919299414398922	4480
33	0.9648089143014404	0.9999937598125022	3.919299414398922	4604
34	0.9681080785856804	0.9999958398750015	3.919299414398922	4728
35	0.9710979462182728	0.9999972265833343	3.919299414398922	4852
36	0.9738075137603098	0.9999976888194453	3.919299414398922	4976
37	0.9762630593452808	0.9999980740162043	3.919299414398922	5098
38	0.9784883975316607	0.9999985020126034	3.919299414398922	5222
39	0.9805051102630675	0.9999988348986916	3.919299414398922	5348
40	0.9823327561759049	0.9999992232657944	3.919299414398922	5476
41	0.9839890602844138	0.9999993958733956	3.919299414398922	5601
42	0.98549008588275	0.9999995972489304	3.919299414398922	5727
43	0.9868503903312422	0.9999996643741087	3.919299414398922	5852
44	0.9880831662376882	0.9999997762494058	3.919299414398922	5979
45	0.989200369402905	0.9999998259717601	3.919299414398922	6104
46	0.9902128347713827	0.9999998646447023	3.919299414398922	6228
47	0.9911303815115655	0.9999999097631348	3.919299414398922	6354
48	0.9919619082448563	0.9999999298157716	3.919299414398922	6479
49	0.992715479346901	0.9999999532105144	3.919299414398922	6604
50	0.993398403158129	0.999999961008762	3.919299414398922	6731
51	0.9940173028620544	0.9999999696734815	3.919299414398922	6857
52	0.9945781807187368	0.999999979782321	3.919299414398922	6984
53	0.9950864762763553	0.9999999865215473	3.919299414398922	7108
54	0.9955471191254469	0.9999999887679561	3.919299414398922	7233
55	0.9959645767074363	0.9999999906399635	3.919299414398922	7359
56	0.9963428976411142	0.9999999921999695	3.919299414398922	7483
57	0.9966857509872596	0.9999999947999797	3.919299414398922	7648
58	0.9969964618322041	0.9999999965333198	3.919299414398922	7775
59	0.9972780435354349	0.9999999976888798	3.919299414398922	7900
60	0.9975332269539879	0.9999999984592532	3.919299414398922	8026
61	0.9977644869270516	0.9999999988016414	3.919299414398922	8151
62	0.9979740662776405	0.9999999992010943	3.919299414398922	8280
63	0.9981639975641117	0.9999999993342452	3.919299414398922	8408
64	0.9983361227924762	0.9999999994821908	3.919299414398922	8533
65	0.9984921112806816	0.9999999996547938	3.919299414398922	8658
66	0.9986334758481177	0.9999999997698625	3.919299414398922	8782
67	0.9987615874873567	0.9999999998082187	3.919299414398922	8909
68	0.9988776886604169	0.9999999998721458	3.919299414398922	9032
69	0.9989829053485029	0.9999999998934549	3.919299414398922	9152
70	0.9990782579720807	0.9999999999289699	3.919299414398922	9273
71	0.9991646712871981	0.9999999999526467	3.919299414398922	9394
72	0.9992429833540233	0.9999999999605389	3.919299414398922	9516
73	0.9993139536645836	0.9999999999671157	3.919299414398922	9637
74	0.9993782705085289	0.9999999999780771	3.919299414398922	9760
75	0.9994365576483544	0.9999999999853848	3.919299414398922	9881
76	0.9994893803688211	0.9999999999902565	3.919299414398922	10003
77	0.9995372509592442	0.9999999999935043	3.919299414398922	10134
78	0.999580633681815	0.9999999999956696	3.919299414398922	10262
79	0.9996199492741449	0.9999999999971131	3.919299414398922	10389
80	0.9996555790296938	0.9999999999975941	3.919299414398922	10516
81	0.9996878684956599	0.9999999999983962	3.919299414398922	10640
82	0.9997171308241919	0.9999999999986634	3.919299414398922	10766
83	0.9997436498094239	0.9999999999991089	3.919299414398922	10891
84	0.9997676826397903	0.9999999999994059	3.919299414398922	11018
85	0.99978946239231	0.999999999999505	3.919299414398922	11142
86	0.999809200293031	0.9999999999996699	3.919299414398922	11267
87	0.9998270877655593	0.99999999999978	3.919299414398922	11392
88	0.9998432982875382	0.9999999999998167	3.919299414398922	11518
89	0.9998579890730814	0.9999999999998778	3.919299414398922	11645
90	0.99987130259748	0.9999999999998982	3.919299414398922	11772
91	0.9998833679789663	0.9999999999999151	3.919299414398922	11900
92	0.9998943022309382	0.9999999999999293	3.919299414398922	12028
93	0.9999042113967878	0.999999999999941	3.919299414398922	12158
94	0.9999131915783389	0.9999999999999607	3.919299414398922	12286
95	0.9999213298678696	0.9999999999999738	3.919299414398922	12413
96	0.9999287051927569	0.9999999999999826	3.919299414398922	12537
97	0.9999353890809359	0.9999999999999883	3.919299414398922	12662
98	0.9999414463545981	0.9999999999999922	3.919299414398922	12786
99	0.9999469357588546	0.9999999999999948	3.919299414398922	12909
100	0.9999519105314619	0.9999999999999957	3.919299414398922	13035
101	0.9999564189191374	0.9999999999999971	3.919299414398922	13160
102	0.9999605046454683	0.9999999999999981	3.919299414398922	13287
103	0.9999642073349556	0.9999999999999984	3.919299414398922	13411
104	0.9999675628973035	0.9999999999999987	3.919299414398922	13536
105	0.9999706038756814	0.9999999999999989	3.919299414398922	13660
106	0.9999733597623361	0.9999999999999992	3.919299414398922	13783
107	0.9999758572846171	0.9999999999999994	3.919299414398922	13907
108	0.9999781206641843	0.9999999999999996	3.919299414398922	14032
109	0.999980171851917	0.9999999999999997	3.919299414398922	14157
110	0.9999820307407998	0.9999999999999998	3.919299414398922	14283
111	0.9999837153588499	0.9999999999999999	3.919299414398922	14407
112	0.9999852420439577	0.9999999999999999	3.919299414398922	14542
113	0.9999866256023366	0.9999999999999999	3.919299414398922	14668
114	0.9999878794521175	0.9999999999999999	3.919299414398922	14793
115	0.9999890157534815	1.0	3.919299414398922	14916
116	0.9999900455265927	1.0	3.919299414398922	15041
117	0.9999909787584746	1.0	3.919299414398922	15167
118	0.9999918244998676	1.0	3.919299414398922	15292
119	0.999992590953005	1.0	3.919299414398922	15416
120	0.9999932855511607	1.0	3.919299414398922	15543
121	0.9999939150307394	1.0	3.919299414398922	15668
122	0.9999944854966076	1.0	3.919299414398922	15791
123	0.9999950024813007	1.0	3.919299414398922	15916
124	0.9999954709986787	1.0	3.919299414398922	16044
125	0.9999958955925526	1.0	3.919299414398922	16169
126	0.9999962803807508	1.0	3.919299414398922	16293
127	0.9999966290950554	1.0	3.919299414398922	16419
128	0.999996945117394	1.0	3.919299414398922	16547
129	0.9999972315126383	1.0	3.919299414398922	16673
130	0.9999974910583285	1.0	3.919299414398922	16801
131	0.9999977262716101	1.0	3.919299414398922	16926
132	0.9999979394336467	1.0	3.919299414398922	17053
133	0.9999981326117423	1.0	3.919299414398922	17179
134	0.9999983076793915	1.0	3.919299414398922	17305
135	0.9999984663344486	1.0	3.919299414398922	17432
136	0.999998610115594	1.0	3.919299414398922	17557
137	0.999998740417257	1.0	3.919299414398922	17681
138	0.9999988585031392	1.0	3.919299414398922	17806
139	0.9999989655184699	1.0	3.919299414398922	17930
140	0.9999990625011134	1.0	3.919299414398922	18059
141	0.999999150391634	1.0	3.919299414398922	18184
142	0.9999992300424183	1.0	3.919299414398922	18308
143	0.9999993022259416	1.0	3.919299414398922	18435
144	0.9999993676422595	1.0	3.919299414398922	18561
145	0.9999994269257977	1.0	3.919299414398922	18689
146	0.9999994806515041	1.0	3.919299414398922	18813
147	0.9999995293404257	1.0	3.919299414398922	18938
148	0.9999995734647608	1.0	3.919299414398922	19064
149	0.9999996134524395	1.0	3.919299414398922	19190
150	0.9999996496912732	1.0	3.919299414398922	19314
151	0.9999996825327164	1.0	3.919299414398922	19443
152	0.9999997122952742	1.0	3.919299414398922	19569
153	0.9999997392675922	1.0	3.919299414398922	19696
154	0.9999997637112554	1.0	3.919299414398922	19823
155	0.9999997858633253	1.0	3.919299414398922	19950
156	0.9999998059386386	1.0	3.919299414398922	20075
157	0.9999998241318911	1.0	3.919299414398922	20204
158	0.9999998406195264	1.0	3.919299414398922	20333
159	0.9999998555614458	1.0	3.919299414398922	20462
160	0.9999998691025602	1.0	3.919299414398922	20587
161	0.9999998813741953	1.0	3.919299414398922	20732
162	0.9999998924953644	1.0	3.919299414398922	20857
163	0.999999902573924	1.0	3.919299414398922	20981
164	0.9999999117076186	1.0	3.919299414398922	21105
165	0.9999999199850294	1.0	3.919299414398922	21231
166	0.9999999274864328	1.0	3.919299414398922	21358
167	0.9999999342845798	1.0	3.919299414398922	21484
168	0.9999999404454004	1.0	3.919299414398922	21611
169	0.9999999460286442	1.0	3.919299414398922	21741
170	0.9999999510884587	1.0	3.919299414398922	21867
171	0.9999999556739158	1.0	3.919299414398922	21992
172	0.9999999598294862	1.0	3.919299414398922	22118
173	0.9999999635954718	1.0	3.919299414398922	22244
174	0.9999999670083963	1.0	3.919299414398922	22370
175	0.9999999701013592	1.0	3.919299414398922	22495
176	0.9999999729043567	1.0	3.919299414398922	22623
177	0.9999999754445733	1.0	3.919299414398922	22749
178	0.9999999777466445	1.0	3.919299414398922	22873
179	0.9999999798328967	1.0	3.919299414398922	22997
180	0.9999999817235625	1.0	3.919299414398922	23122
181	0.9999999834369786	1.0	3.919299414398922	23247
182	0.9999999849897618	1.0	3.919299414398922	23373
183	0.9999999863969716	1.0	3.919299414398922	23497
184	0.9999999876722556	1.0	3.919299414398922	23621
185	0.9999999888279816	1.0	3.919299414398922	23747
186	0.9999999898753583	1.0	3.919299414398922	23872
187	0.9999999908245435	1.0	3.919299414398922	23999
188	0.9999999916847425	1.0	3.919299414398922	24124
189	0.9999999924642979	1.0	3.919299414398922	24268
190	0.99999999317077	1.0	3.919299414398922	24391
191	0.9999999938110103	1.0	3.919299414398922	24518
192	0.9999999943912281	1.0	3.919299414398922	24643
193	0.9999999949170505	1.0	3.919299414398922	24766
194	0.999999995393577	1.0	3.919299414398922	24892
195	0.9999999958254291	1.0	3.919299414398922	25018
196	0.9999999962167951	1.0	3.919299414398922	25142
197	0.9999999965714707	1.0	3.919299414398922	25267
198	0.9999999968928952	1.0	3.919299414398922	25393
199	0.9999999971841863	1.0	3.919299414398922	25541
200	0.9999999974481688	1.0	3.919299414398922	25666
201	0.999999997687403	1.0	3.919299414398922	25789
202	0.999999997904209	1.0	3.919299414398922	25913
203	0.9999999981006894	1.0	3.919299414398922	26040
204	0.9999999982787497	1.0	3.919299414398922	26166
205	0.999999998440117	1.0	3.919299414398922	26291
206	0.999999998586356	1.0	3.919299414398922	26416
207	0.9999999987188851	1.0	3.919299414398922	26542
208	0.9999999988389896	1.0	3.919299414398922	26667
209	0.9999999989478344	1.0	3.919299414398922	26793
210	0.9999999990464749	1.0	3.919299414398922	26918
211	0.9999999991358679	1.0	3.919299414398922	27043
212	0.9999999992168802	1.0	3.919299414398922	27169
213	0.9999999992902977	1.0	3.919299414398922	27296
214	0.9999999993568324	1.0	3.919299414398922	27424
215	0.9999999994171292	1.0	3.919299414398922	27551
216	0.9999999994717734	1.0	3.919299414398922	27676
217	0.9999999995212947	1.0	3.919299414398922	27802
218	0.9999999995661732	1.0	3.919299414398922	27927
219	0.9999999996068445	1.0	3.919299414398922	28053
220	0.9999999996437029	1.0	3.919299414398922	28177
221	0.9999999996771057	1.0	3.919299414398922	28302
222	0.9999999997073771	1.0	3.919299414398922	28429
223	0.9999999997348105	1.0	3.919299414398922	28555
224	0.999999999759672	1.0	3.919299414398922	28678
225	0.9999999997822028	1.0	3.919299414398922	28803
226	0.9999999998026212	1.0	3.919299414398922	28929
227	0.9999999998211255	1.0	3.919299414398922	29055
228	0.999999999837895	1.0	3.919299414398922	29183
229	0.9999999998530923	1.0	3.919299414398922	29311
230	0.9999999998668649	1.0	3.919299414398922	29433
231	0.9999999998793463	1.0	3.919299414398922	29557
232	0.9999999998906576	1.0	3.919299414398922	29682
233	0.9999999999009085	1.0	3.919299414398922	29807
234	0.9999999999101983	1.0	3.919299414398922	29931
235	0.9999999999186172	1.0	3.919299414398922	30057
236	0.9999999999262469	1.0	3.919299414398922	30181
237	0.9999999999331612	1.0	3.919299414398922	30305
238	0.9999999999394273	1.0	3.919299414398922	30430
239	0.999999999945106	1.0	3.919299414398922	30555
240	0.9999999999502523	1.0	3.919299414398922	30680
241	0.9999999999549162	1.0	3.919299414398922	30805
242	0.9999999999591428	1.0	3.919299414398922	30929
243	0.9999999999629732	1.0	3.919299414398922	31055
244	0.9999999999664444	1.0	3.919299414398922	31181
245	0.9999999999695902	1.0	3.919299414398922	31306
246	0.9999999999724412	1.0	3.919299414398922	31431
247	0.9999999999750248	1.0	3.919299414398922	31560
248	0.9999999999773662	1.0	3.919299414398922	31688
249	0.9999999999794882	1.0	3.919299414398922	31813
250	0.9999999999814111	1.0	3.919299414398922	31938
251	0.9999999999831538	1.0	3.919299414398922	32063
252	0.9999999999847332	1.0	3.919299414398922	32188
253	0.9999999999861644	1.0	3.919299414398922	32314
254	0.9999999999874615	1.0	3.919299414398922	32441
255	0.999999999988637	1.0	3.919299414398922	32564
256	0.9999999999897022	1.0	3.919299414398922	32687
257	0.9999999999906677	1.0	3.919299414398922	32812
258	0.9999999999915425	1.0	3.919299414398922	32936
259	0.9999999999923355	1.0	3.919299414398922	33062
260	0.999999999993054	1.0	3.919299414398922	33186
261	0.9999999999937053	1.0	3.919299414398922	33314
262	0.9999999999942953	1.0	3.919299414398922	33440
263	0.9999999999948301	1.0	3.919299414398922	33565
264	0.9999999999953149	1.0	3.919299414398922	33692
265	0.9999999999957541	1.0	3.919299414398922	33815
266	0.9999999999961521	1.0	3.919299414398922	33939
267	0.9999999999965129	1.0	3.919299414398922	34066
268	0.9999999999968398	1.0	3.919299414398922	34191
269	0.9999999999971361	1.0	3.919299414398922	34316
270	0.9999999999974045	1.0	3.919299414398922	34444
271	0.9999999999976479	1.0	3.919299414398922	34567
272	0.9999999999978684	1.0	3.919299414398922	34691
273	0.9999999999980682	1.0	3.919299414398922	34815
274	0.9999999999982493	1.0	3.919299414398922	34941
275	0.9999999999984135	1.0	3.919299414398922	35066
276	0.9999999999985622	1.0	3.919299414398922	35190
277	0.9999999999986969	1.0	3.919299414398922	35312
278	0.9999999999988192	1.0	3.919299414398922	35436
279	0.9999999999989299	1.0	3.919299414398922	35560
280	0.9999999999990302	1.0	3.919299414398922	35685
281	0.9999999999991211	1.0	3.919299414398922	35811
282	0.9999999999992035	1.0	3.919299414398922	35937
283	0.9999999999992781	1.0	3.919299414398922	36061
284	0.9999999999993459	1.0	3.919299414398922	36188
285	0.9999999999994071	1.0	3.919299414398922	36311
286	0.9999999999994628	1.0	3.919299414398922	36436
287	0.9999999999995131	1.0	3.919299414398922	36561
288	0.9999999999995588	1.0	3.919299414398922	36685
289	0.9999999999996001	1.0	3.919299414398922	36810
290	0.9999999999996376	1.0	3.919299414398922	36936
291	0.9999999999996716	1.0	3.919299414398922	37062
292	0.9999999999997023	1.0	3.919299414398922	37189
293	0.9999999999997303	1.0	3.919299414398922	37315
294	0.9999999999997555	1.0	3.919299414398922	37439
295	0.9999999999997785	1.0	3.919299414398922	37565
296	0.9999999999997993	1.0	3.919299414398922	37691
297	0.999999999999818	1.0	3.919299414398922	37816
298	0.9999999999998351	1.0	3.919299414398922	37941
299	0.9999999999998506	1.0	3.919299414398922	38067
300	0.9999999999998646	1.0	3.919299414398922	38191
301	0.9999999999998773	1.0	3.919299414398922	38315
302	0.9999999999998888	1.0	3.919299414398922	38440
303	0.9999999999998992	1.0	3.919299414398922	38564
304	0.9999999999999086	1.0	3.919299414398922	38690
305	0.9999999999999172	1.0	3.919299414398922	38815
306	0.999999999999925	1.0	3.919299414398922	38940
307	0.999999999999932	1.0	3.919299414398922	39064
308	0.9999999999999384	1.0	3.919299414398922	39187
309	0.9999999999999442	1.0	3.919299414398922	39315
310	0.9999999999999494	1.0	3.919299414398922	39439
311	0.9999999999999541	1.0	3.919299414398922	39563
312	0.9999999999999585	1.0	3.919299414398922	39687
313	0.9999999999999624	1.0	3.919299414398922	39812
314	0.9999999999999659	1.0	3.919299414398922	39935
315	0.999999999999969	1.0	3.919299414398922	40060
316	0.999999999999972	1.0	3.919299414398922	40185
317	0.9999999999999746	1.0	3.919299414398922	40310
318	0.999999999999977	1.0	3.919299414398922	40435
319	0.9999999999999791	1.0	3.919299414398922	40559
320	0.9999999999999811	1.0	3.919299414398922	40684
321	0.9999999999999829	1.0	3.919299414398922	40811
322	0.9999999999999845	1.0	3.919299414398922	40936
323	0.9999999999999859	1.0	3.919299414398922	41061
324	0.9999999999999872	1.0	3.919299414398922	41188
325	0.9999999999999885	1.0	3.919299414398922	41314
326	0.9999999999999896	1.0	3.919299414398922	41439
327	0.9999999999999906	1.0	3.919299414398922	41563
328	0.9999999999999915	1.0	3.919299414398922	41688
329	0.9999999999999922	1.0	3.919299414398922	41814
330	0.9999999999999929	1.0	3.919299414398922	41940
331	0.9999999999999936	1.0	3.919299414398922	42064
332	0.9999999999999942	1.0	3.919299414398922	42190
333	0.9999999999999948	1.0	3.919299414398922	42316
334	0.9999999999999952	1.0	3.919299414398922	42443
335	0.9999999999999957	1.0	3.919299414398922	42566
336	0.9999999999999961	1.0	3.919299414398922	42692
337	0.9999999999999964	1.0	3.919299414398922	42817
338	0.9999999999999968	1.0	3.919299414398922	42945
339	0.9999999999999971	1.0	3.919299414398922	43068
340	0.9999999999999973	1.0	3.919299414398922	43192
341	0.9999999999999976	1.0	3.919299414398922	43317
342	0.9999999999999978	1.0	3.919299414398922	43442
343	0.999999999999998	1.0	3.919299414398922	43571
344	0.9999999999999982	1.0	3.919299414398922	43696
345	0.9999999999999983	1.0	3.919299414398922	43821
346	0.9999999999999986	1.0	3.919299414398922	43947
347	0.9999999999999987	1.0	3.919299414398922	44071
348	0.9999999999999988	1.0	3.919299414398922	44195
349	0.9999999999999989	1.0	3.919299414398922	44321
350	0.999999999999999	1.0	3.919299414398922	44446
351	0.9999999999999991	1.0	3.919299414398922	44569
352	0.9999999999999992	1.0	3.919299414398922	44694
353	0.9999999999999992	1.0	3.919299414398922	44820
354	0.9999999999999993	1.0	3.919299414398922	44948
355	0.9999999999999994	1.0	3.919299414398922	45074
356	0.9999999999999994	1.0	3.919299414398922	45199
357	0.9999999999999996	1.0	3.919299414398922	45322
358	0.9999999999999996	1.0	3.919299414398922	45448
359	0.9999999999999996	1.0	3.919299414398922	45573
360	0.9999999999999997	1.0	3.919299414398922	45702
361	0.9999999999999997	1.0	3.919299414398922	45826
362	0.9999999999999997	1.0	3.919299414398922	45951
363	0.9999999999999998	1.0	3.919299414398922	46078
364	0.9999999999999998	1.0	3.919299414398922	46206
365	0.9999999999999998	1.0	3.919299414398922	46332
366	0.9999999999999998	1.0	3.919299414398922	46456
367	0.9999999999999998	1.0	3.919299414398922	46581
368	0.9999999999999998	1.0	3.919299414398922	46706
369	0.9999999999999999	1.0	3.919299414398922	46832
370	0.9999999999999999	1.0	3.919299414398922	46958
371	0.9999999999999999	1.0	3.919299414398922	47083
372	0.9999999999999999	1.0	3.919299414398922	47208
373	0.9999999999999999	1.0	3.919299414398922	47335
374	0.9999999999999999	1.0	3.919299414398922	47463
375	0.9999999999999999	1.0	3.919299414398922	47588
376	0.9999999999999999	1.0	3.919299414398922	47712
377	0.9999999999999999	1.0	3.919299414398922	47838
378	0.9999999999999999	1.0	3.919299414398922	47961
379	0.9999999999999999	1.0	3.919299414398922	48088
380	1.0	1.0	3.919299414398922	48214
381	1.0	1.0	3.919299414398922	48338
382	1.0	1.0	3.919299414398922	48462
383	1.0	1.0	3.919299414398922	48589
384	1.0	1.0	3.919299414398922	48714
385	1.0	1.0	3.919299414398922	48840
386	1.0	1.0	3.919299414398922	48967
387	1.0	1.0	3.919299414398922	49091
388	1.0	1.0	3.919299414398922	49217
389	1.0	1.0	3.919299414398922	49345
390	1.0	1.0	3.919299414398922	49471
391	1.0	1.0	3.919299414398922	49597
392	1.0	1.0	3.919299414398922	49721
393	1.0	1.0	3.919299414398922	49846
394	1.0	1.0	3.919299414398922	49971
395	1.0	1.0	3.919299414398922	50097
396	1.0	1.0	3.919299414398922	50222
397	1.0	1.0	3.919299414398922	50348
398	1.0	1.0	3.919299414398922	50473
399	1.0	1.0	3.919299414398922	50598
400	1.0	1.0	3.919299414398922	50721
401	1.0	1.0	3.919299414398922	50846
402	1.0	1.0	3.919299414398922	50974
403	1.0	1.0	3.919299414398922	51099
404	1.0	1.0	3.919299414398922	51225
405	1.0	1.0	3.919299414398922	51351
406	1.0	1.0	3.919299414398922	51477
407	1.0	1.0	3.919299414398922	51604
408	1.0	1.0	3.919299414398922	51729
409	1.0	1.0	3.919299414398922	51854
410	1.0	1.0	3.919299414398922	51980
411	1.0	1.0	3.919299414398922	52105
412	1.0	1.0	3.919299414398922	52233
413	1.0	1.0	3.919299414398922	52357
414	1.0	1.0	3.919299414398922	52483
415	1.0	1.0	3.919299414398922	52608
416	1.0	1.0	3.919299414398922	52731
417	1.0	1.0	3.919299414398922	52855
418	1.0	1.0	3.919299414398922	52978
419	1.0	1.0	3.919299414398922	53104
420	1.0	1.0	3.919299414398922	53230
421	1.0	1.0	3.919299414398922	53356
422	1.0	1.0	3.919299414398922	53480
423	1.0	1.0	3.919299414398922	53605
424	1.0	1.0	3.919299414398922	53730
425	1.0	1.0	3.919299414398922	53856
426	1.0	1.0	3.919299414398922	53981
427	1.0	1.0	3.919299414398922	54107
428	1.0	1.0	3.919299414398922	54233
429	1.0	1.0	3.919299414398922	54359
430	1.0	1.0	3.919299414398922	54489
431	1.0	1.0	3.919299414398922	54613
432	1.0	1.0	3.919299414398922	54737
433	1.0	1.0	3.919299414398922	54862
434	1.0	1.0	3.919299414398922	54992
435	1.0	1.0	3.919299414398922	55115
436	1.0	1.0	3.919299414398922	55255
437	1.0	1.0	3.919299414398922	55379
438	1.0	1.0	3.919299414398922	55502
439	1.0	1.0	3.919299414398922	55626
440	1.0	1.0	3.919299414398922	55750
441	1.0	1.0	3.919299414398922	55874
442	1.0	1.0	3.919299414398922	56000
443	1.0	1.0	3.919299414398922	56125
444	1.0	1.0	3.919299414398922	56251
445	1.0	1.0	3.919299414398922	56379
446	1.0	1.0	3.919299414398922	56505
447	1.0	1.0	3.919299414398922	56629
448	1.0	1.0	3.919299414398922	56753
449	1.0	1.0	3.919299414398922	56876
450	1.0	1.0	3.919299414398922	56999
451	1.0	1.0	3.919299414398922	57125
452	1.0	1.0	3.919299414398922	57248
453	1.0	1.0	3.919299414398922	57372
454	1.0	1.0	3.919299414398922	57498
455	1.0	1.0	3.919299414398922	57624
456	1.0	1.0	3.919299414398922	57751
457	1.0	1.0	3.919299414398922	57878
458	1.0	1.0	3.919299414398922	58003
459	1.0	1.0	3.919299414398922	58128
460	1.0	1.0	3.919299414398922	58253
461	1.0	1.0	3.919299414398922	58376
462	1.0	1.0	3.919299414398922	58501
463	1.0	1.0	3.919299414398922	58624
464	1.0	1.0	3.919299414398922	58751
465	1.0	1.0	3.919299414398922	58876
466	1.0	1.0	3.919299414398922	59001
467	1.0	1.0	3.919299414398922	59124
468	1.0	1.0	3.919299414398922	59250
469	1.0	1.0	3.919299414398922	59376
470	1.0	1.0	3.919299414398922	59500
471	1.0	1.0	3.919299414398922	59624
472	1.0	1.0	3.919299414398922	59748
473	1.0	1.0	3.919299414398922	59871
474	1.0	1.0	3.919299414398922	59996
475	1.0	1.0	3.919299414398922	60121
476	1.0	1.0	3.919299414398922	60245
477	1.0	1.0	3.919299414398922	60369
478	1.0	1.0	3.919299414398922	60495
479	1.0	1.0	3.919299414398922	60621
480	1.0	1.0	3.919299414398922	60743
481	1.0	1.0	3.919299414398922	60868
482	1.0	1.0	3.919299414398922	60992
483	1.0	1.0	3.919299414398922	61117
484	1.0	1.0	3.919299414398922	61243
485	1.0	1.0	3.919299414398922	61370
486	1.0	1.0	3.919299414398922	61492
487	1.0	1.0	3.919299414398922	61616
488	1.0	1.0	3.919299414398922	61740
489	1.0	1.0	3.919299414398922	61864
490	1.0	1.0	3.919299414398922	61985
491	1.0	1.0	3.919299414398922	62104
492	1.0	1.0	3.919299414398922	62225
493	1.0	1.0	3.919299414398922	62344
494	1.0	1.0	3.919299414398922	62463
495	1.0	1.0	3.919299414398922	62582
496	1.0	1.0	3.919299414398922	62700
497	1.0	1.0	3.919299414398922	62818
498	1.0	1.0	3.919299414398922	62936
499	1.0	1.0	3.919299414398922	63056
