0	0.09375	0.16666666666666663	3.919299414398922	124
1	0.1787109375	0.30555555555555547	3.919299414398922	251
2	0.255706787109375	0.537037037037037	3.919299414398922	378
3	0.3254842758178711	0.639917695473251	3.919299414398922	503
4	0.3887201249599457	0.7599451303155006	3.919299414398922	631
5	0.44602761324495077	0.8399634202103337	3.919299414398922	755
6	0.49796252450323664	0.8933089468068891	3.919299414398922	880
7	0.5450285378310582	0.9170180697386916	3.919299414398922	1003
8	0.5876821124093965	0.9446787131591277	3.919299414398922	1124
9	0.6263369143710156	0.9631191421060851	3.919299414398922	1245
10	0.6613678286487329	0.9692659517550709	3.919299414398922	1366
11	0.6931145947129143	0.9760957402539441	3.919299414398922	1489
12	0.7218851014585785	0.9800797835449534	3.919299414398922	1609
13	0.7479583731968367	0.9867198556966356	3.919299414398922	1734
14	0.7715872757096333	0.9911465704644237	3.919299414398922	1854
15	0.7930009686118552	0.9926221420536865	3.919299414398922	1974
16	0.8124071278044938	0.9942616660417561	3.919299414398922	2094
17	0.8299939595728225	0.9961744440278374	3.919299414398922	2215
18	0.8459320258628704	0.9974496293518916	3.919299414398922	2337
19	0.8603758984382263	0.998299752901261	3.919299414398922	2456
20	0.8734656579596425	0.9985831274177176	3.919299414398922	2576
21	0.8853282525259261	0.998819272848098	3.919299414398922	2703
22	0.8960787288516205	0.9990160607067483	3.919299414398922	2823
23	0.905821348021781	0.9993440404711655	3.919299414398922	2993
24	0.9146505966447391	0.9995626936474437	3.919299414398922	3115
25	0.9226521032092948	0.9996598728369006	3.919299414398922	3237
26	0.9299034685334234	0.9997165606974172	3.919299414398922	3373
27	0.936475018358415	0.9998110404649448	3.919299414398922	3499
28	0.9424304853873136	0.9998740269766299	3.919299414398922	3627
29	0.9478276273822529	0.9999160179844199	3.919299414398922	3754
30	0.9527187873151667	0.9999440119896132	3.919299414398922	3881
31	0.9571514010043698	0.9999533433246778	3.919299414398922	4010
32	0.9611684571602102	0.9999688955497852	3.919299414398922	4137
33	0.9648089143014404	0.9999792636998568	3.919299414398922	4267
34	0.9681080785856804	0.9999861757999046	3.919299414398922	4397
35	0.9710979462182728	0.9999884798332538	3.919299414398922	4527
36	0.9738075137603098	0.9999923198888359	3.919299414398922	4655
37	0.9762630593452808	0.9999948799258905	3.919299414398922	4784
38	0.9784883975316607	0.9999957332715754	3.919299414398922	4913
39	0.9805051102630675	0.9999964443929795	3.919299414398922	5040
40	0.9823327561759049	0.9999976295953197	3.919299414398922	5168
41	0.9839890602844138	0.9999984197302131	3.919299414398922	5303
42	0.98549008588275	0.9999989464868088	3.919299414398922	5431
43	0.9868503903312422	0.9999992976578725	3.919299414398922	5561
44	0.9880831662376882	0.999999531771915	3.919299414398922	5699
45	0.989200369402905	0.9999996878479434	3.919299414398922	5830
46	0.9902128347713827	0.9999997918986289	3.919299414398922	5959
47	0.9911303815115655	0.9999998265821908	3.919299414398922	6085
48	0.9919619082448563	0.9999998843881271	3.919299414398922	6209
49	0.992715479346901	0.9999999100796545	3.919299414398922	6332
50	0.993398403158129	0.999999940053103	3.919299414398922	6464
51	0.9940173028620544	0.999999960035402	3.919299414398922	6596
52	0.9945781807187368	0.9999999666961683	3.919299414398922	6736
53	0.9950864762763553	0.9999999777974455	3.919299414398922	6866
54	0.9955471191254469	0.999999985198297	3.919299414398922	6997
55	0.9959645767074363	0.999999990132198	3.919299414398922	7128
56	0.9963428976411142	0.9999999934214654	3.919299414398922	7258
57	0.9966857509872596	0.9999999956143102	3.919299414398922	7381
58	0.9969964618322041	0.9999999970762068	3.919299414398922	7504
59	0.9972780435354349	0.9999999980508045	3.919299414398922	7627
60	0.9975332269539879	0.9999999987005364	3.919299414398922	7751
61	0.9977644869270516	0.9999999991336909	3.919299414398922	7873
62	0.9979740662776405	0.9999999994224607	3.919299414398922	7995
63	0.9981639975641117	0.9999999996149738	3.919299414398922	8118
64	0.9983361227924762	0.9999999997433158	3.919299414398922	8241
65	0.9984921112806816	0.9999999998288772	3.919299414398922	8365
66	0.9986334758481177	0.9999999998859181	3.919299414398922	8488
67	0.9987615874873567	0.9999999999239454	3.919299414398922	8610
68	0.9988776886604169	0.9999999999366211	3.919299414398922	8736
69	0.9989829053485029	0.9999999999471844	3.919299414398922	8858
70	0.9990782579720807	0.999999999955987	3.919299414398922	8980
71	0.9991646712871981	0.9999999999657676	3.919299414398922	9103
72	0.9992429833540233	0.999999999971473	3.919299414398922	9225
73	0.9993139536645836	0.9999999999762275	3.919299414398922	9347
74	0.9993782705085289	0.9999999999841517	3.919299414398922	9471
75	0.9994365576483544	0.999999999986793	3.919299414398922	9595
76	0.9994893803688211	0.9999999999911954	3.919299414398922	9718
77	0.9995372509592442	0.9999999999931519	3.919299414398922	9841
78	0.999580633681815	0.9999999999954347	3.919299414398922	9966
79	0.9996199492741449	0.9999999999969564	3.919299414398922	10089
80	0.9996555790296938	0.9999999999974637	3.919299414398922	10212
81	0.9996878684956599	0.9999999999978864	3.919299414398922	10334
82	0.9997171308241919	0.9999999999982386	3.919299414398922	10457
83	0.9997436498094239	0.9999999999986301	3.919299414398922	10579
84	0.9997676826397903	0.9999999999989345	3.919299414398922	10702
85	0.99978946239231	0.9999999999992897	3.919299414398922	10825
86	0.999809200293031	0.9999999999995265	3.919299414398922	10949
87	0.9998270877655593	0.9999999999996316	3.919299414398922	11071
88	0.9998432982875382	0.9999999999997544	3.919299414398922	11194
89	0.9998579890730814	0.9999999999997954	3.919299414398922	11316
90	0.99987130259748	0.9999999999998636	3.919299414398922	11437
91	0.9998833679789663	0.9999999999999091	3.919299414398922	11560
92	0.9998943022309382	0.9999999999999394	3.919299414398922	11684
93	0.9999042113967878	0.9999999999999596	3.919299414398922	11807
94	0.9999131915783389	0.999999999999973	3.919299414398922	11930
95	0.9999213298678696	0.9999999999999776	3.919299414398922	12054
96	0.9999287051927569	0.999999999999985	3.919299414398922	12177
97	0.9999353890809359	0.9999999999999876	3.919299414398922	12300
98	0.9999414463545981	0.9999999999999917	3.919299414398922	12424
99	0.9999469357588546	0.9999999999999944	3.919299414398922	12546
100	0.9999519105314619	0.9999999999999953	3.919299414398922	12667
101	0.9999564189191374	0.9999999999999969	3.919299414398922	12791
102	0.9999605046454683	0.999999999999998	3.919299414398922	12914
103	0.9999642073349556	0.9999999999999983	3.919299414398922	13038
104	0.9999675628973035	0.9999999999999986	3.919299414398922	13161
105	0.9999706038756814	0.999999999999999	3.919299414398922	13282
106	0.9999733597623361	0.9999999999999993	3.919299414398922	13405
107	0.9999758572846171	0.9999999999999994	3.919299414398922	13529
108	0.9999781206641843	0.9999999999999997	3.919299414398922	13651
109	0.999980171851917	0.9999999999999998	3.919299414398922	13772
110	0.9999820307407998	0.9999999999999999	3.919299414398922	13894
111	0.9999837153588499	0.9999999999999999	3.919299414398922	14017
112	0.9999852420439577	0.9999999999999999	3.919299414398922	14151
113	0.9999866256023366	0.9999999999999999	3.919299414398922	14274
114	0.9999878794521175	1.0	3.919299414398922	14430
115	0.9999890157534815	1.0	3.919299414398922	14554
116	0.9999900455265927	1.0	3.919299414398922	14677
117	0.9999909787584746	1.0	3.919299414398922	14800
118	0.9999918244998676	1.0	3.919299414398922	14922
119	0.999992590953005	1.0	3.919299414398922	15045
120	0.9999932855511607	1.0	3.919299414398922	15169
121	0.9999939150307394	1.0	3.919299414398922	15292
122	0.9999944854966076	1.0	3.919299414398922	15416
123	0.9999950024813007	1.0	3.919299414398922	15538
124	0.9999954709986787	1.0	3.919299414398922	15662
125	0.9999958955925526	1.0	3.919299414398922	15785
126	0.9999962803807508	1.0	3.919299414398922	15907
127	0.9999966290950554	1.0	3.919299414398922	16031
128	0.999996945117394	1.0	3.919299414398922	16153
129	0.9999972315126383	1.0	3.919299414398922	16275
130	0.9999974910583285	1.0	3.919299414398922	16400
131	0.9999977262716101	1.0	3.919299414398922	16522
132	0.9999979394336467	1.0	3.919299414398922	16647
133	0.9999981326117423	1.0	3.919299414398922	16770
134	0.9999983076793915	1.0	3.919299414398922	16891
135	0.9999984663344486	1.0	3.919299414398922	17014
136	0.999998610115594	1.0	3.919299414398922	17137
137	0.999998740417257	1.0	3.919299414398922	17261
138	0.9999988585031392	1.0	3.919299414398922	17385
139	0.9999989655184699	1.0	3.919299414398922	17508
140	0.9999990625011134	1.0	3.919299414398922	17631
141	0.999999150391634	1.0	3.919299414398922	17753
142	0.9999992300424183	1.0	3.919299414398922	17874
143	0.9999993022259416	1.0	3.919299414398922	17997
144	0.9999993676422595	1.0	3.919299414398922	18120
145	0.9999994269257977	1.0	3.919299414398922	18242
146	0.9999994806515041	1.0	3.919299414398922	18364
147	0.9999995293404257	1.0	3.919299414398922	18486
148	0.9999995734647608	1.0	3.919299414398922	18611
149	0.9999996134524395	1.0	3.919299414398922	18733
150	0.9999996496912732	1.0	3.919299414398922	18856
151	0.9999996825327164	1.0	3.919299414398922	18980
152	0.9999997122952742	1.0	3.919299414398922	19101
153	0.9999997392675922	1.0	3.919299414398922	19225
154	0.9999997637112554	1.0	3.919299414398922	19351
155	0.9999997858633253	1.0	3.919299414398922	19473
156	0.9999998059386386	1.0	3.919299414398922	19597
157	0.9999998241318911	1.0	3.919299414398922	19720
158	0.9999998406195264	1.0	3.919299414398922	20047
159	0.9999998555614458	1.0	3.919299414398922	20199
160	0.9999998691025602	1.0	3.919299414398922	20327
161	0.9999998813741953	1.0	3.919299414398922	20449
162	0.9999998924953644	1.0	3.919299414398922	20573
163	0.999999902573924	1.0	3.919299414398922	20694
164	0.9999999117076186	1.0	3.919299414398922	20816
165	0.9999999199850294	1.0	3.919299414398922	20938
166	0.9999999274864328	1.0	3.919299414398922	21061
167	0.9999999342845798	1.0	3.919299414398922	21184
168	0.9999999404454004	1.0	3.919299414398922	21307
169	0.9999999460286442	1.0	3.919299414398922	21428
170	0.9999999510884587	1.0	3.919299414398922	21550
171	0.9999999556739158	1.0	3.919299414398922	21672
172	0.9999999598294862	1.0	3.919299414398922	21813
173	0.9999999635954718	1.0	3.919299414398922	21936
174	0.9999999670083963	1.0	3.919299414398922	22059
175	0.9999999701013592	1.0	3.919299414398922	22182
176	0.9999999729043567	1.0	3.919299414398922	22304
177	0.9999999754445733	1.0	3.919299414398922	22427
178	0.9999999777466445	1.0	3.919299414398922	22549
179	0.9999999798328967	1.0	3.919299414398922	22672
180	0.9999999817235625	1.0	3.919299414398922	22802
181	0.9999999834369786	1.0	3.919299414398922	22925
182	0.9999999849897618	1.0	3.919299414398922	23048
183	0.9999999863969716	1.0	3.919299414398922	23170
184	0.9999999876722556	1.0	3.919299414398922	23293
185	0.9999999888279816	1.0	3.919299414398922	23417
186	0.9999999898753583	1.0	3.919299414398922	23541
187	0.9999999908245435	1.0	3.919299414398922	23663
188	0.9999999916847425	1.0	3.919299414398922	23785
189	0.9999999924642979	1.0	3.919299414398922	23907
190	0.99999999317077	1.0	3.919299414398922	24028
191	0.9999999938110103	1.0	3.919299414398922	24148
192	0.9999999943912281	1.0	3.919299414398922	24271
193	0.9999999949170505	1.0	3.919299414398922	24393
194	0.999999995393577	1.0	3.919299414398922	24520
195	0.9999999958254291	1.0	3.919299414398922	24643
196	0.9999999962167951	1.0	3.919299414398922	24766
197	0.9999999965714707	1.0	3.919299414398922	24888
198	0.9999999968928952	1.0	3.919299414398922	25011
199	0.9999999971841863	1.0	3.919299414398922	25135
200	0.9999999974481688	1.0	3.919299414398922	25261
201	0.999999997687403	1.0	3.919299414398922	25383
202	0.999999997904209	1.0	3.919299414398922	25506
203	0.9999999981006894	1.0	3.919299414398922	25629
204	0.9999999982787497	1.0	3.919299414398922	25755
205	0.999999998440117	1.0	3.919299414398922	25886
206	0.999999998586356	1.0	3.919299414398922	26008
207	0.9999999987188851	1.0	3.919299414398922	26133
208	0.9999999988389896	1.0	3.919299414398922	26255
209	0.9999999989478344	1.0	3.919299414398922	26378
210	0.9999999990464749	1.0	3.919299414398922	26501
211	0.9999999991358679	1.0	3.919299414398922	26624
212	0.9999999992168802	1.0	3.919299414398922	26749
213	0.9999999992902977	1.0	3.919299414398922	26876
214	0.9999999993568324	1.0	3.919299414398922	26999
215	0.9999999994171292	1.0	3.919299414398922	27122
216	0.9999999994717734	1.0	3.919299414398922	27245
217	0.9999999995212947	1.0	3.919299414398922	27367
218	0.9999999995661732	1.0	3.919299414398922	27490
219	0.9999999996068445	1.0	3.919299414398922	27612
220	0.9999999996437029	1.0	3.919299414398922	27735
221	0.9999999996771057	1.0	3.919299414398922	27858
222	0.9999999997073771	1.0	3.919299414398922	27978
223	0.9999999997348105	1.0	3.919299414398922	28100
224	0.999999999759672	1.0	3.919299414398922	28225
225	0.9999999997822028	1.0	3.919299414398922	28348
226	0.9999999998026212	1.0	3.919299414398922	28472
227	0.9999999998211255	1.0	3.919299414398922	28595
228	0.999999999837895	1.0	3.919299414398922	28718
229	0.9999999998530923	1.0	3.919299414398922	28842
230	0.9999999998668649	1.0	3.919299414398922	28965
231	0.9999999998793463	1.0	3.919299414398922	29087
232	0.9999999998906576	1.0	3.919299414398922	29210
233	0.9999999999009085	1.0	3.919299414398922	29332
234	0.9999999999101983	1.0	3.919299414398922	29454
235	0.9999999999186172	1.0	3.919299414398922	29577
236	0.9999999999262469	1.0	3.919299414398922	29698
237	0.9999999999331612	1.0	3.919299414398922	29821
238	0.9999999999394273	1.0	3.919299414398922	29945
239	0.999999999945106	1.0	3.919299414398922	30068
240	0.9999999999502523	1.0	3.919299414398922	30189
241	0.9999999999549162	1.0	3.919299414398922	30313
242	0.9999999999591428	1.0	3.919299414398922	30437
243	0.9999999999629732	1.0	3.919299414398922	30559
244	0.9999999999664444	1.0	3.919299414398922	30693
245	0.9999999999695902	1.0	3.919299414398922	30815
246	0.9999999999724412	1.0	3.919299414398922	30939
247	0.9999999999750248	1.0	3.919299414398922	31062
248	0.9999999999773662	1.0	3.919299414398922	31184
249	0.9999999999794882	1.0	3.919299414398922	31307
250	0.9999999999814111	1.0	3.919299414398922	31430
251	0.9999999999831538	1.0	3.919299414398922	31553
252	0.9999999999847332	1.0	3.919299414398922	31676
253	0.9999999999861644	1.0	3.919299414398922	31800
254	0.9999999999874615	1.0	3.919299414398922	31932
255	0.999999999988637	1.0	3.919299414398922	32055
256	0.9999999999897022	1.0	3.919299414398922	32177
257	0.9999999999906677	1.0	3.919299414398922	32303
258	0.9999999999915425	1.0	3.919299414398922	32423
259	0.9999999999923355	1.0	3.919299414398922	32547
260	0.999999999993054	1.0	3.919299414398922	32669
261	0.9999999999937053	1.0	3.919299414398922	32791
262	0.9999999999942953	1.0	3.919299414398922	32914
263	0.9999999999948301	1.0	3.919299414398922	33037
264	0.9999999999953149	1.0	3.919299414398922	33160
265	0.9999999999957541	1.0	3.919299414398922	33283
266	0.9999999999961521	1.0	3.919299414398922	33406
267	0.9999999999965129	1.0	3.919299414398922	33530
268	0.9999999999968398	1.0	3.919299414398922	33653
269	0.9999999999971361	1.0	3.919299414398922	33775
270	0.9999999999974045	1.0	3.919299414398922	33898
271	0.9999999999976479	1.0	3.919299414398922	34022
272	0.9999999999978684	1.0	3.919299414398922	34145
273	0.9999999999980682	1.0	3.919299414398922	34269
274	0.9999999999982493	1.0	3.919299414398922	34392
275	0.9999999999984135	1.0	3.919299414398922	34514
276	0.9999999999985622	1.0	3.919299414398922	34638
277	0.9999999999986969	1.0	3.919299414398922	34761
278	0.9999999999988192	1.0	3.919299414398922	34884
279	0.9999999999989299	1.0	3.919299414398922	35007
280	0.9999999999990302	1.0	3.919299414398922	35130
281	0.9999999999991211	1.0	3.919299414398922	35253
282	0.9999999999992035	1.0	3.919299414398922	35376
283	0.9999999999992781	1.0	3.919299414398922	35499
284	0.9999999999993459	1.0	3.919299414398922	35621
285	0.9999999999994071	1.0	3.919299414398922	35746
286	0.9999999999994628	1.0	3.919299414398922	35870
287	0.9999999999995131	1.0	3.919299414398922	35993
288	0.9999999999995588	1.0	3.919299414398922	36116
289	0.9999999999996001	1.0	3.919299414398922	36239
290	0.9999999999996376	1.0	3.919299414398922	36362
291	0.9999999999996716	1.0	3.919299414398922	36486
292	0.9999999999997023	1.0	3.919299414398922	36608
293	0.9999999999997303	1.0	3.919299414398922	36731
294	0.9999999999997555	1.0	3.919299414398922	36854
295	0.9999999999997785	1.0	3.919299414398922	36977
296	0.9999999999997993	1.0	3.919299414398922	37100
297	0.999999999999818	1.0	3.919299414398922	37223
298	0.9999999999998351	1.0	3.919299414398922	37346
299	0.9999999999998506	1.0	3.919299414398922	37468
300	0.9999999999998646	1.0	3.919299414398922	37590
301	0.9999999999998773	1.0	3.919299414398922	37713
302	0.9999999999998888	1.0	3.919299414398922	37836
303	0.9999999999998992	1.0	3.919299414398922	37959
304	0.9999999999999086	1.0	3.919299414398922	38082
305	0.9999999999999172	1.0	3.919299414398922	38204
306	0.999999999999925	1.0	3.919299414398922	38327
307	0.999999999999932	1.0	3.919299414398922	38450
308	0.9999999999999384	1.0	3.919299414398922	38573
309	0.9999999999999442	1.0	3.919299414398922	38696
310	0.9999999999999494	1.0	3.919299414398922	38819
311	0.9999999999999541	1.0	3.919299414398922	38941
312	0.9999999999999585	1.0	3.919299414398922	39063
313	0.9999999999999624	1.0	3.919299414398922	39185
314	0.9999999999999659	1.0	3.919299414398922	39310
315	0.999999999999969	1.0	3.919299414398922	39432
316	0.999999999999972	1.0	3.919299414398922	39554
317	0.9999999999999746	1.0	3.919299414398922	39677
318	0.999999999999977	1.0	3.919299414398922	39799
319	0.9999999999999791	1.0	3.919299414398922	39922
320	0.9999999999999811	1.0	3.919299414398922	40044
321	0.9999999999999829	1.0	3.919299414398922	40167
322	0.9999999999999845	1.0	3.919299414398922	40291
323	0.9999999999999859	1.0	3.919299414398922	40413
324	0.9999999999999872	1.0	3.919299414398922	40534
325	0.9999999999999885	1.0	3.919299414398922	40658
326	0.9999999999999896	1.0	3.919299414398922	40782
327	0.9999999999999906	1.0	3.919299414398922	40903
328	0.9999999999999915	1.0	3.919299414398922	41026
329	0.9999999999999922	1.0	3.919299414398922	41149
330	0.9999999999999929	1.0	3.919299414398922	41272
331	0.9999999999999936	1.0	3.919299414398922	41396
332	0.9999999999999942	1.0	3.919299414398922	41518
333	0.9999999999999948	1.0	3.919299414398922	41641
334	0.9999999999999952	1.0	3.919299414398922	41762
335	0.9999999999999957	1.0	3.919299414398922	41885
336	0.9999999999999961	1.0	3.919299414398922	42007
337	0.9999999999999964	1.0	3.919299414398922	42128
338	0.9999999999999968	1.0	3.919299414398922	42251
339	0.9999999999999971	1.0	3.919299414398922	42374
340	0.9999999999999973	1.0	3.919299414398922	42502
341	0.9999999999999976	1.0	3.919299414398922	42625
342	0.9999999999999978	1.0	3.919299414398922	42749
343	0.999999999999998	1.0	3.919299414398922	42872
344	0.9999999999999982	1.0	3.919299414398922	42993
345	0.9999999999999983	1.0	3.919299414398922	43116
346	0.9999999999999986	1.0	3.919299414398922	43241
347	0.9999999999999987	1.0	3.919299414398922	43364
348	0.9999999999999988	1.0	3.919299414398922	43487
349	0.9999999999999989	1.0	3.919299414398922	43609
350	0.999999999999999	1.0	3.919299414398922	43732
351	0.9999999999999991	1.0	3.919299414398922	43856
352	0.9999999999999992	1.0	3.919299414398922	43979
353	0.9999999999999992	1.0	3.919299414398922	44102
354	0.9999999999999993	1.0	3.919299414398922	44226
355	0.9999999999999994	1.0	3.919299414398922	44349
356	0.9999999999999994	1.0	3.919299414398922	44472
357	0.9999999999999996	1.0	3.919299414398922	44595
358	0.9999999999999996	1.0	3.919299414398922	44718
359	0.9999999999999996	1.0	3.919299414398922	44840
360	0.9999999999999997	1.0	3.919299414398922	44963
361	0.9999999999999997	1.0	3.919299414398922	45087
362	0.9999999999999997	1.0	3.919299414398922	45210
363	0.9999999999999998	1.0	3.919299414398922	45333
364	0.9999999999999998	1.0	3.919299414398922	45455
365	0.9999999999999998	1.0	3.919299414398922	45579
366	0.9999999999999998	1.0	3.919299414398922	45703
367	0.9999999999999998	1.0	3.919299414398922	45825
368	0.9999999999999998	1.0	3.919299414398922	45947
369	0.9999999999999999	1.0	3.919299414398922	46069
370	0.9999999999999999	1.0	3.919299414398922	46191
371	0.9999999999999999	1.0	3.919299414398922	46313
372	0.9999999999999999	1.0	3.919299414398922	46435
373	0.9999999999999999	1.0	3.919299414398922	46558
374	0.9999999999999999	1.0	3.919299414398922	46681
375	0.9999999999999999	1.0	3.919299414398922	46802
376	0.9999999999999999	1.0	3.919299414398922	46925
377	0.9999999999999999	1.0	3.919299414398922	47047
378	0.9999999999999999	1.0	3.919299414398922	47170
379	0.9999999999999999	1.0	3.919299414398922	47294
380	1.0	1.0	3.919299414398922	47418
381	1.0	1.0	3.919299414398922	47541
382	1.0	1.0	3.919299414398922	47665
383	1.0	1.0	3.919299414398922	47788
384	1.0	1.0	3.919299414398922	47912
385	1.0	1.0	3.919299414398922	48036
386	1.0	1.0	3.919299414398922	48159
387	1.0	1.0	3.919299414398922	48282
388	1.0	1.0	3.919299414398922	48405
389	1.0	1.0	3.919299414398922	48529
390	1.0	1.0	3.919299414398922	48649
391	1.0	1.0	3.919299414398922	48772
392	1.0	1.0	3.919299414398922	48895
393	1.0	1.0	3.919299414398922	49017
394	1.0	1.0	3.919299414398922	49140
395	1.0	1.0	3.919299414398922	49262
396	1.0	1.0	3.919299414398922	49385
397	1.0	1.0	3.919299414398922	49507
398	1.0	1.0	3.919299414398922	49650
399	1.0	1.0	3.919299414398922	49772
400	1.0	1.0	3.919299414398922	49894
401	1.0	1.0	3.919299414398922	50014
402	1.0	1.0	3.919299414398922	50137
403	1.0	1.0	3.919299414398922	50260
404	1.0	1.0	3.919299414398922	50382
405	1.0	1.0	3.919299414398922	50505
406	1.0	1.0	3.919299414398922	50628
407	1.0	1.0	3.919299414398922	50751
408	1.0	1.0	3.919299414398922	50873
409	1.0	1.0	3.919299414398922	50997
410	1.0	1.0	3.919299414398922	51122
411	1.0	1.0	3.919299414398922	51245
412	1.0	1.0	3.919299414398922	51367
413	1.0	1.0	3.919299414398922	51490
414	1.0	1.0	3.919299414398922	51614
415	1.0	1.0	3.919299414398922	51737
416	1.0	1.0	3.919299414398922	51859
417	1.0	1.0	3.919299414398922	51983
418	1.0	1.0	3.919299414398922	52126
419	1.0	1.0	3.919299414398922	52250
420	1.0	1.0	3.919299414398922	52393
421	1.0	1.0	3.919299414398922	52516
422	1.0	1.0	3.919299414398922	52640
423	1.0	1.0	3.919299414398922	52760
424	1.0	1.0	3.919299414398922	52883
425	1.0	1.0	3.919299414398922	53006
426	1.0	1.0	3.919299414398922	53129
427	1.0	1.0	3.919299414398922	53251
428	1.0	1.0	3.919299414398922	53373
429	1.0	1.0	3.919299414398922	53496
430	1.0	1.0	3.919299414398922	53619
431	1.0	1.0	3.919299414398922	53741
432	1.0	1.0	3.919299414398922	53863
433	1.0	1.0	3.919299414398922	53986
434	1.0	1.0	3.919299414398922	54110
435	1.0	1.0	3.919299414398922	54233
436	1.0	1.0	3.919299414398922	54355
437	1.0	1.0	3.919299414398922	54478
438	1.0	1.0	3.919299414398922	54601
439	1.0	1.0	3.919299414398922	54722
440	1.0	1.0	3.919299414398922	54845
441	1.0	1.0	3.919299414398922	54967
442	1.0	1.0	3.919299414398922	55090
443	1.0	1.0	3.919299414398922	55213
444	1.0	1.0	3.919299414398922	55335
445	1.0	1.0	3.919299414398922	55457
446	1.0	1.0	3.919299414398922	55579
447	1.0	1.0	3.919299414398922	55701
448	1.0	1.0	3.919299414398922	55823
449	1.0	1.0	3.919299414398922	55945
450	1.0	1.0	3.919299414398922	56067
451	1.0	1.0	3.919299414398922	56190
452	1.0	1.0	3.919299414398922	56312
453	1.0	1.0	3.919299414398922	56435
454	1.0	1.0	3.919299414398922	56558
455	1.0	1.0	3.919299414398922	56681
456	1.0	1.0	3.919299414398922	56804
457	1.0	1.0	3.919299414398922	56926
458	1.0	1.0	3.919299414398922	57048
459	1.0	1.0	3.919299414398922	57170
460	1.0	1.0	3.919299414398922	57294
461	1.0	1.0	3.919299414398922	57417
462	1.0	1.0	3.919299414398922	57541
463	1.0	1.0	3.919299414398922	57664
464	1.0	1.0	3.919299414398922	57784
465	1.0	1.0	3.919299414398922	57907
466	1.0	1.0	3.919299414398922	58028
467	1.0	1.0	3.919299414398922	58148
468	1.0	1.0	3.919299414398922	58275
469	1.0	1.0	3.919299414398922	58401
470	1.0	1.0	3.919299414398922	58531
471	1.0	1.0	3.919299414398922	58656
472	1.0	1.0	3.919299414398922	58784
473	1.0	1.0	3.919299414398922	58934
474	1.0	1.0	3.919299414398922	59054
475	1.0	1.0	3.919299414398922	59178
476	1.0	1.0	3.919299414398922	59297
477	1.0	1.0	3.919299414398922	59415
478	1.0	1.0	3.919299414398922	59534
479	1.0	1.0	3.919299414398922	59654
480	1.0	1.0	3.919299414398922	59773
481	1.0	1.0	3.919299414398922	59892
482	1.0	1.0	3.919299414398922	60012
483	1.0	1.0	3.919299414398922	60131
484	1.0	1.0	3.919299414398922	60251
485	1.0	1.0	3.919299414398922	60370
486	1.0	1.0	3.919299414398922	60490
487	1.0	1.0	3.919299414398922	60610
488	1.0	1.0	3.919299414398922	60733
489	1.0	1.0	3.919299414398922	60854
490	1.0	1.0	3.919299414398922	60978
491	1.0	1.0	3.919299414398922	61102
492	1.0	1.0	3.919299414398922	61222
493	1.0	1.0	3.919299414398922	61342
494	1.0	1.0	3.919299414398922	61461
495	1.0	1.0	3.919299414398922	61579
496	1.0	1.0	3.919299414398922	61697
497	1.0	1.0	3.919299414398922	61818
498	1.0	1.0	3.919299414398922	61936
499	1.0	1.0	3.919299414398922	62060
