0	0.09375	0.33333333333333326	3.919299414398922	146
1	0.1787109375	0.5555555555555555	3.919299414398922	288
2	0.255706787109375	0.7037037037037036	3.919299414398922	434
3	0.3254842758178711	0.7530864197530863	3.919299414398922	579
4	0.3887201249599457	0.794238683127572	3.919299414398922	725
5	0.44602761324495077	0.8285322359396432	3.919299414398922	869
6	0.49796252450323664	0.8856881572930955	3.919299414398922	1010
7	0.5450285378310582	0.9237921048620636	3.919299414398922	1153
8	0.5876821124093965	0.9491947365747091	3.919299414398922	1302
9	0.6263369143710156	0.9661298243831394	3.919299414398922	1447
10	0.6613678286487329	0.9774198829220929	3.919299414398922	1591
11	0.6931145947129143	0.9849465886147286	3.919299414398922	1738
12	0.7218851014585785	0.989964392409819	3.919299414398922	1879
13	0.7479583731968367	0.9933095949398794	3.919299414398922	2020
14	0.7715872757096333	0.9955397299599196	3.919299414398922	2162
15	0.7930009686118552	0.9970264866399464	3.919299414398922	2304
16	0.8124071278044938	0.9975220721999554	3.919299414398922	2445
17	0.8299939595728225	0.9979350601666295	3.919299414398922	2587
18	0.8459320258628704	0.9986233734444196	3.919299414398922	2729
19	0.8603758984382263	0.998852811203683	3.919299414398922	2873
20	0.8734656579596425	0.999235207469122	3.919299414398922	3018
21	0.8853282525259261	0.999490138312748	3.919299414398922	3160
22	0.8960787288516205	0.9996600922084987	3.919299414398922	3303
23	0.905821348021781	0.9997733948056657	3.919299414398922	3444
24	0.9146505966447391	0.9998489298704438	3.919299414398922	3586
25	0.9226521032092948	0.9998741082253699	3.919299414398922	3729
26	0.9299034685334234	0.9999160721502466	3.919299414398922	3871
27	0.936475018358415	0.9999300601252055	3.919299414398922	4012
28	0.9424304853873136	0.9999417167710045	3.919299414398922	4156
29	0.9478276273822529	0.9999546685996702	3.919299414398922	4295
30	0.9527187873151667	0.9999622238330585	3.919299414398922	4436
31	0.9571514010043698	0.9999748158887056	3.919299414398922	4579
32	0.9611684571602102	0.999979013240588	3.919299414398922	4721
33	0.9648089143014404	0.9999825110338234	3.919299414398922	4861
34	0.9681080785856804	0.9999854258615195	3.919299414398922	5003
35	0.9710979462182728	0.9999902839076796	3.919299414398922	5148
36	0.9738075137603098	0.9999924430393065	3.919299414398922	5293
37	0.9762630593452808	0.9999949620262043	3.919299414398922	5435
38	0.9784883975316607	0.9999966413508028	3.919299414398922	5576
39	0.9805051102630675	0.999997201125669	3.919299414398922	5719
40	0.9823327561759049	0.9999981340837794	3.919299414398922	5857
41	0.9839890602844138	0.9999987560558529	3.919299414398922	5997
42	0.98549008588275	0.9999990324878856	3.919299414398922	6138
43	0.9868503903312422	0.9999991937399046	3.919299414398922	6279
44	0.9880831662376882	0.9999994624932698	3.919299414398922	6420
45	0.989200369402905	0.9999996416621798	3.919299414398922	6561
46	0.9902128347713827	0.9999997611081199	3.919299414398922	6702
47	0.9911303815115655	0.9999998009234332	3.919299414398922	6848
48	0.9919619082448563	0.9999998672822888	3.919299414398922	6987
49	0.992715479346901	0.9999999115215259	3.919299414398922	7128
50	0.993398403158129	0.9999999410143506	3.919299414398922	7269
51	0.9940173028620544	0.9999999606762338	3.919299414398922	7409
52	0.9945781807187368	0.9999999737841558	3.919299414398922	7548
53	0.9950864762763553	0.9999999781534632	3.919299414398922	7688
54	0.9955471191254469	0.9999999830082491	3.919299414398922	7830
55	0.9959645767074363	0.9999999886721661	3.919299414398922	7971
56	0.9963428976411142	0.9999999924481108	3.919299414398922	8112
57	0.9966857509872596	0.999999993706759	3.919299414398922	8252
58	0.9969964618322041	0.9999999958045059	3.919299414398922	8395
59	0.9972780435354349	0.9999999972030039	3.919299414398922	8536
60	0.9975332269539879	0.999999998135336	3.919299414398922	8676
61	0.9977644869270516	0.9999999987568906	3.919299414398922	8815
62	0.9979740662776405	0.9999999991712605	3.919299414398922	8955
63	0.9981639975641117	0.9999999993093837	3.919299414398922	9096
64	0.9983361227924762	0.9999999995395892	3.919299414398922	9237
65	0.9984921112806816	0.9999999996930594	3.919299414398922	9377
66	0.9986334758481177	0.9999999997953729	3.919299414398922	9518
67	0.9987615874873567	0.999999999863582	3.919299414398922	9659
68	0.9988776886604169	0.9999999999090546	3.919299414398922	9800
69	0.9989829053485029	0.9999999999393697	3.919299414398922	9944
70	0.9990782579720807	0.9999999999595799	3.919299414398922	10084
71	0.9991646712871981	0.9999999999685621	3.919299414398922	10224
72	0.9992429833540233	0.9999999999738017	3.919299414398922	10365
73	0.9993139536645836	0.9999999999825345	3.919299414398922	10505
74	0.9993782705085289	0.9999999999883563	3.919299414398922	10646
75	0.9994365576483544	0.9999999999909438	3.919299414398922	10786
76	0.9994893803688211	0.9999999999939625	3.919299414398922	10927
77	0.9995372509592442	0.999999999995975	3.919299414398922	11068
78	0.999580633681815	0.9999999999968695	3.919299414398922	11210
79	0.9996199492741449	0.9999999999973912	3.919299414398922	11351
80	0.9996555790296938	0.9999999999982608	3.919299414398922	11492
81	0.9996878684956599	0.9999999999988406	3.919299414398922	11631
82	0.9997171308241919	0.9999999999992271	3.919299414398922	11772
83	0.9997436498094239	0.9999999999994846	3.919299414398922	11911
84	0.9997676826397903	0.9999999999996565	3.919299414398922	12050
85	0.99978946239231	0.9999999999997137	3.919299414398922	12190
86	0.999809200293031	0.9999999999998092	3.919299414398922	12333
87	0.9998270877655593	0.9999999999998728	3.919299414398922	12471
88	0.9998432982875382	0.9999999999999152	3.919299414398922	12610
89	0.9998579890730814	0.9999999999999293	3.919299414398922	12751
90	0.99987130259748	0.999999999999941	3.919299414398922	12891
91	0.9998833679789663	0.9999999999999509	3.919299414398922	13033
92	0.9998943022309382	0.9999999999999672	3.919299414398922	13172
93	0.9999042113967878	0.9999999999999746	3.919299414398922	13313
94	0.9999131915783389	0.999999999999983	3.919299414398922	13452
95	0.9999213298678696	0.9999999999999887	3.919299414398922	13593
96	0.9999287051927569	0.9999999999999925	3.919299414398922	13734
97	0.9999353890809359	0.999999999999995	3.919299414398922	13876
98	0.9999414463545981	0.9999999999999967	3.919299414398922	14031
99	0.9999469357588546	0.9999999999999978	3.919299414398922	14203
100	0.9999519105314619	0.9999999999999981	3.919299414398922	14342
101	0.9999564189191374	0.9999999999999988	3.919299414398922	14482
102	0.9999605046454683	0.999999999999999	3.919299414398922	14717
103	0.9999642073349556	0.9999999999999993	3.919299414398922	14941
104	0.9999675628973035	0.9999999999999996	3.919299414398922	15081
105	0.9999706038756814	0.9999999999999997	3.919299414398922	15221
106	0.9999733597623361	0.9999999999999998	3.919299414398922	15362
107	0.9999758572846171	0.9999999999999998	3.919299414398922	15503
108	0.9999781206641843	0.9999999999999999	3.919299414398922	15643
109	0.999980171851917	0.9999999999999999	3.919299414398922	15783
110	0.9999820307407998	0.9999999999999999	3.919299414398922	15923
111	0.9999837153588499	0.9999999999999999	3.919299414398922	16064
112	0.9999852420439577	1.0	3.919299414398922	16204
113	0.9999866256023366	1.0	3.919299414398922	16355
114	0.9999878794521175	1.0	3.919299414398922	16495
115	0.9999890157534815	1.0	3.919299414398922	16636
116	0.9999900455265927	1.0	3.919299414398922	16776
117	0.9999909787584746	1.0	3.919299414398922	16916
118	0.9999918244998676	1.0	3.919299414398922	17056
119	0.999992590953005	1.0	3.919299414398922	17197
120	0.9999932855511607	1.0	3.919299414398922	17337
121	0.9999939150307394	1.0	3.919299414398922	17476
122	0.9999944854966076	1.0	3.919299414398922	17616
123	0.9999950024813007	1.0	3.919299414398922	17755
124	0.9999954709986787	1.0	3.919299414398922	17895
125	0.9999958955925526	1.0	3.919299414398922	18035
126	0.9999962803807508	1.0	3.919299414398922	18175
127	0.9999966290950554	1.0	3.919299414398922	18317
128	0.999996945117394	1.0	3.919299414398922	18457
129	0.9999972315126383	1.0	3.919299414398922	18596
130	0.9999974910583285	1.0	3.919299414398922	18835
131	0.9999977262716101	1.0	3.919299414398922	18980
132	0.9999979394336467	1.0	3.919299414398922	19124
133	0.9999981326117423	1.0	3.919299414398922	19299
134	0.9999983076793915	1.0	3.919299414398922	19454
135	0.9999984663344486	1.0	3.919299414398922	19611
136	0.999998610115594	1.0	3.919299414398922	19754
137	0.999998740417257	1.0	3.919299414398922	19896
138	0.9999988585031392	1.0	3.919299414398922	20038
139	0.9999989655184699	1.0	3.919299414398922	20180
140	0.9999990625011134	1.0	3.919299414398922	20322
141	0.999999150391634	1.0	3.919299414398922	20460
142	0.9999992300424183	1.0	3.919299414398922	20603
143	0.9999993022259416	1.0	3.919299414398922	20749
144	0.9999993676422595	1.0	3.919299414398922	20894
145	0.9999994269257977	1.0	3.919299414398922	21040
146	0.9999994806515041	1.0	3.919299414398922	21185
147	0.9999995293404257	1.0	3.919299414398922	21325
148	0.9999995734647608	1.0	3.919299414398922	21464
149	0.9999996134524395	1.0	3.919299414398922	21605
150	0.9999996496912732	1.0	3.919299414398922	21746
151	0.9999996825327164	1.0	3.919299414398922	21886
152	0.9999997122952742	1.0	3.919299414398922	22027
153	0.9999997392675922	1.0	3.919299414398922	22167
154	0.9999997637112554	1.0	3.919299414398922	22308
155	0.9999997858633253	1.0	3.919299414398922	22545
156	0.9999998059386386	1.0	3.919299414398922	22688
157	0.9999998241318911	1.0	3.919299414398922	22830
158	0.9999998406195264	1.0	3.919299414398922	22968
159	0.9999998555614458	1.0	3.919299414398922	23107
160	0.9999998691025602	1.0	3.919299414398922	23247
161	0.9999998813741953	1.0	3.919299414398922	23384
162	0.9999998924953644	1.0	3.919299414398922	23525
163	0.999999902573924	1.0	3.919299414398922	23665
164	0.9999999117076186	1.0	3.919299414398922	23806
165	0.9999999199850294	1.0	3.919299414398922	23945
166	0.9999999274864328	1.0	3.919299414398922	24084
167	0.9999999342845798	1.0	3.919299414398922	24226
168	0.9999999404454004	1.0	3.919299414398922	24366
169	0.9999999460286442	1.0	3.919299414398922	24505
170	0.9999999510884587	1.0	3.919299414398922	24644
171	0.9999999556739158	1.0	3.919299414398922	24783
172	0.9999999598294862	1.0	3.919299414398922	24928
173	0.9999999635954718	1.0	3.919299414398922	25067
174	0.9999999670083963	1.0	3.919299414398922	25207
175	0.9999999701013592	1.0	3.919299414398922	25347
176	0.9999999729043567	1.0	3.919299414398922	25487
177	0.9999999754445733	1.0	3.919299414398922	25627
178	0.9999999777466445	1.0	3.919299414398922	25766
179	0.9999999798328967	1.0	3.919299414398922	25906
180	0.9999999817235625	1.0	3.919299414398922	26046
181	0.9999999834369786	1.0	3.919299414398922	26186
182	0.9999999849897618	1.0	3.919299414398922	26325
183	0.9999999863969716	1.0	3.919299414398922	26464
184	0.9999999876722556	1.0	3.919299414398922	26605
185	0.9999999888279816	1.0	3.919299414398922	26745
186	0.9999999898753583	1.0	3.919299414398922	26886
187	0.9999999908245435	1.0	3.919299414398922	27027
188	0.9999999916847425	1.0	3.919299414398922	27168
189	0.9999999924642979	1.0	3.919299414398922	27307
190	0.99999999317077	1.0	3.919299414398922	27446
191	0.9999999938110103	1.0	3.919299414398922	27586
192	0.9999999943912281	1.0	3.919299414398922	27726
193	0.9999999949170505	1.0	3.919299414398922	27866
194	0.999999995393577	1.0	3.919299414398922	28007
195	0.9999999958254291	1.0	3.919299414398922	28147
196	0.9999999962167951	1.0	3.919299414398922	28313
197	0.9999999965714707	1.0	3.919299414398922	28454
198	0.9999999968928952	1.0	3.919299414398922	28596
199	0.9999999971841863	1.0	3.919299414398922	28736
200	0.9999999974481688	1.0	3.919299414398922	28875
201	0.999999997687403	1.0	3.919299414398922	29017
202	0.999999997904209	1.0	3.919299414398922	29158
203	0.9999999981006894	1.0	3.919299414398922	29301
204	0.9999999982787497	1.0	3.919299414398922	29441
205	0.999999998440117	1.0	3.919299414398922	29581
206	0.999999998586356	1.0	3.919299414398922	29722
207	0.9999999987188851	1.0	3.919299414398922	29862
208	0.9999999988389896	1.0	3.919299414398922	30001
209	0.9999999989478344	1.0	3.919299414398922	30142
210	0.9999999990464749	1.0	3.919299414398922	30282
211	0.9999999991358679	1.0	3.919299414398922	30425
212	0.9999999992168802	1.0	3.919299414398922	30565
213	0.9999999992902977	1.0	3.919299414398922	30707
214	0.9999999993568324	1.0	3.919299414398922	30849
215	0.9999999994171292	1.0	3.919299414398922	30990
216	0.9999999994717734	1.0	3.919299414398922	31130
217	0.9999999995212947	1.0	3.919299414398922	31269
218	0.9999999995661732	1.0	3.919299414398922	31410
219	0.9999999996068445	1.0	3.919299414398922	31551
220	0.9999999996437029	1.0	3.919299414398922	31691
221	0.9999999996771057	1.0	3.919299414398922	31830
222	0.9999999997073771	1.0	3.919299414398922	31971
223	0.9999999997348105	1.0	3.919299414398922	32111
224	0.999999999759672	1.0	3.919299414398922	32251
225	0.9999999997822028	1.0	3.919299414398922	32392
226	0.9999999998026212	1.0	3.919299414398922	32534
227	0.9999999998211255	1.0	3.919299414398922	32675
228	0.999999999837895	1.0	3.919299414398922	32816
229	0.9999999998530923	1.0	3.919299414398922	32958
230	0.9999999998668649	1.0	3.919299414398922	33096
231	0.9999999998793463	1.0	3.919299414398922	33236
232	0.9999999998906576	1.0	3.919299414398922	33376
233	0.9999999999009085	1.0	3.919299414398922	33515
234	0.9999999999101983	1.0	3.919299414398922	33655
235	0.9999999999186172	1.0	3.919299414398922	33793
236	0.9999999999262469	1.0	3.919299414398922	33933
237	0.9999999999331612	1.0	3.919299414398922	34074
238	0.9999999999394273	1.0	3.919299414398922	34216
239	0.999999999945106	1.0	3.919299414398922	34355
240	0.9999999999502523	1.0	3.919299414398922	34494
241	0.9999999999549162	1.0	3.919299414398922	34635
242	0.9999999999591428	1.0	3.919299414398922	34775
243	0.9999999999629732	1.0	3.919299414398922	34916
244	0.9999999999664444	1.0	3.919299414398922	35058
245	0.9999999999695902	1.0	3.919299414398922	35199
246	0.9999999999724412	1.0	3.919299414398922	35339
247	0.9999999999750248	1.0	3.919299414398922	35480
248	0.9999999999773662	1.0	3.919299414398922	35621
249	0.9999999999794882	1.0	3.919299414398922	35760
250	0.9999999999814111	1.0	3.919299414398922	35901
251	0.9999999999831538	1.0	3.919299414398922	36042
252	0.9999999999847332	1.0	3.919299414398922	36182
253	0.9999999999861644	1.0	3.919299414398922	36323
254	0.9999999999874615	1.0	3.919299414398922	36463
255	0.999999999988637	1.0	3.919299414398922	36603
256	0.9999999999897022	1.0	3.919299414398922	36743
257	0.9999999999906677	1.0	3.919299414398922	36885
258	0.9999999999915425	1.0	3.919299414398922	37024
259	0.9999999999923355	1.0	3.919299414398922	37166
260	0.999999999993054	1.0	3.919299414398922	37306
261	0.9999999999937053	1.0	3.919299414398922	37447
262	0.9999999999942953	1.0	3.919299414398922	37586
263	0.9999999999948301	1.0	3.919299414398922	37726
264	0.9999999999953149	1.0	3.919299414398922	37866
265	0.9999999999957541	1.0	3.919299414398922	38005
266	0.9999999999961521	1.0	3.919299414398922	38147
267	0.9999999999965129	1.0	3.919299414398922	38288
268	0.9999999999968398	1.0	3.919299414398922	38428
269	0.9999999999971361	1.0	3.919299414398922	38568
270	0.9999999999974045	1.0	3.919299414398922	38706
271	0.9999999999976479	1.0	3.919299414398922	38846
272	0.9999999999978684	1.0	3.919299414398922	38987
273	0.9999999999980682	1.0	3.919299414398922	39128
274	0.9999999999982493	1.0	3.919299414398922	39269
275	0.9999999999984135	1.0	3.919299414398922	39410
276	0.9999999999985622	1.0	3.919299414398922	39549
277	0.9999999999986969	1.0	3.919299414398922	39690
278	0.9999999999988192	1.0	3.919299414398922	39831
279	0.9999999999989299	1.0	3.919299414398922	39973
280	0.9999999999990302	1.0	3.919299414398922	40115
281	0.9999999999991211	1.0	3.919299414398922	40256
282	0.9999999999992035	1.0	3.919299414398922	40396
283	0.9999999999992781	1.0	3.919299414398922	40538
284	0.9999999999993459	1.0	3.919299414398922	40679
285	0.9999999999994071	1.0	3.919299414398922	40821
286	0.9999999999994628	1.0	3.919299414398922	40963
287	0.9999999999995131	1.0	3.919299414398922	41103
288	0.9999999999995588	1.0	3.919299414398922	41243
289	0.9999999999996001	1.0	3.919299414398922	41404
290	0.9999999999996376	1.0	3.919299414398922	41545
291	0.9999999999996716	1.0	3.919299414398922	41686
292	0.9999999999997023	1.0	3.919299414398922	41826
293	0.9999999999997303	1.0	3.919299414398922	41966
294	0.9999999999997555	1.0	3.919299414398922	42106
295	0.9999999999997785	1.0	3.919299414398922	42246
296	0.9999999999997993	1.0	3.919299414398922	42385
297	0.999999999999818	1.0	3.919299414398922	42525
298	0.9999999999998351	1.0	3.919299414398922	42664
299	0.9999999999998506	1.0	3.919299414398922	42803
300	0.9999999999998646	1.0	3.919299414398922	42943
301	0.9999999999998773	1.0	3.919299414398922	43082
302	0.9999999999998888	1.0	3.919299414398922	43223
303	0.9999999999998992	1.0	3.919299414398922	43363
304	0.9999999999999086	1.0	3.919299414398922	43503
305	0.9999999999999172	1.0	3.919299414398922	43643
306	0.999999999999925	1.0	3.919299414398922	43784
307	0.999999999999932	1.0	3.919299414398922	43924
308	0.9999999999999384	1.0	3.919299414398922	44063
309	0.9999999999999442	1.0	3.919299414398922	44202
310	0.9999999999999494	1.0	3.919299414398922	44340
311	0.9999999999999541	1.0	3.919299414398922	44479
312	0.9999999999999585	1.0	3.919299414398922	44620
313	0.9999999999999624	1.0	3.919299414398922	44761
314	0.9999999999999659	1.0	3.919299414398922	44900
315	0.999999999999969	1.0	3.919299414398922	45040
316	0.999999999999972	1.0	3.919299414398922	45181
317	0.9999999999999746	1.0	3.919299414398922	45322
318	0.999999999999977	1.0	3.919299414398922	45462
319	0.9999999999999791	1.0	3.919299414398922	45602
320	0.9999999999999811	1.0	3.919299414398922	45742
321	0.9999999999999829	1.0	3.919299414398922	45883
322	0.9999999999999845	1.0	3.919299414398922	46022
323	0.9999999999999859	1.0	3.919299414398922	46163
324	0.9999999999999872	1.0	3.919299414398922	46305
325	0.9999999999999885	1.0	3.919299414398922	46445
326	0.9999999999999896	1.0	3.919299414398922	46583
327	0.9999999999999906	1.0	3.919299414398922	46724
328	0.9999999999999915	1.0	3.919299414398922	46866
329	0.9999999999999922	1.0	3.919299414398922	47006
330	0.9999999999999929	1.0	3.919299414398922	47146
331	0.9999999999999936	1.0	3.919299414398922	47286
332	0.9999999999999942	1.0	3.919299414398922	47427
333	0.9999999999999948	1.0	3.919299414398922	47567
334	0.9999999999999952	1.0	3.919299414398922	47707
335	0.9999999999999957	1.0	3.919299414398922	47849
336	0.9999999999999961	1.0	3.919299414398922	47989
337	0.9999999999999964	1.0	3.919299414398922	48129
338	0.9999999999999968	1.0	3.919299414398922	48269
339	0.9999999999999971	1.0	3.919299414398922	48410
340	0.9999999999999973	1.0	3.919299414398922	48551
341	0.9999999999999976	1.0	3.919299414398922	48691
342	0.9999999999999978	1.0	3.919299414398922	48829
343	0.999999999999998	1.0	3.919299414398922	48971
344	0.9999999999999982	1.0	3.919299414398922	49112
345	0.9999999999999983	1.0	3.919299414398922	49252
346	0.9999999999999986	1.0	3.919299414398922	49392
347	0.9999999999999987	1.0	3.919299414398922	49532
348	0.9999999999999988	1.0	3.919299414398922	49672
349	0.9999999999999989	1.0	3.919299414398922	49813
350	0.999999999999999	1.0	3.919299414398922	49952
351	0.9999999999999991	1.0	3.919299414398922	50091
352	0.9999999999999992	1.0	3.919299414398922	50231
353	0.9999999999999992	1.0	3.919299414398922	50372
354	0.9999999999999993	1.0	3.919299414398922	50511
355	0.9999999999999994	1.0	3.919299414398922	50651
356	0.9999999999999994	1.0	3.919299414398922	50793
357	0.9999999999999996	1.0	3.919299414398922	50936
358	0.9999999999999996	1.0	3.919299414398922	51076
359	0.9999999999999996	1.0	3.919299414398922	51216
360	0.9999999999999997	1.0	3.919299414398922	51357
361	0.9999999999999997	1.0	3.919299414398922	51498
362	0.9999999999999997	1.0	3.919299414398922	51638
363	0.9999999999999998	1.0	3.919299414398922	51777
364	0.9999999999999998	1.0	3.919299414398922	51918
365	0.9999999999999998	1.0	3.919299414398922	52057
366	0.9999999999999998	1.0	3.919299414398922	52198
367	0.9999999999999998	1.0	3.919299414398922	52339
368	0.9999999999999998	1.0	3.919299414398922	52479
369	0.9999999999999999	1.0	3.919299414398922	52618
370	0.9999999999999999	1.0	3.919299414398922	52758
371	0.9999999999999999	1.0	3.919299414398922	52898
372	0.9999999999999999	1.0	3.919299414398922	53037
373	0.9999999999999999	1.0	3.919299414398922	53178
374	0.9999999999999999	1.0	3.919299414398922	53320
375	0.9999999999999999	1.0	3.919299414398922	53461
376	0.9999999999999999	1.0	3.919299414398922	53603
377	0.9999999999999999	1.0	3.919299414398922	53743
378	0.9999999999999999	1.0	3.919299414398922	53884
379	0.9999999999999999	1.0	3.919299414398922	54023
380	1.0	1.0	3.919299414398922	54170
381	1.0	1.0	3.919299414398922	54311
382	1.0	1.0	3.919299414398922	54452
383	1.0	1.0	3.919299414398922	54592
384	1.0	1.0	3.919299414398922	54732
385	1.0	1.0	3.919299414398922	54874
386	1.0	1.0	3.919299414398922	55016
387	1.0	1.0	3.919299414398922	55157
388	1.0	1.0	3.919299414398922	55297
389	1.0	1.0	3.919299414398922	55438
390	1.0	1.0	3.919299414398922	55580
391	1.0	1.0	3.919299414398922	55721
392	1.0	1.0	3.919299414398922	55861
393	1.0	1.0	3.919299414398922	56002
394	1.0	1.0	3.919299414398922	56141
395	1.0	1.0	3.919299414398922	56282
396	1.0	1.0	3.919299414398922	56423
397	1.0	1.0	3.919299414398922	56562
398	1.0	1.0	3.919299414398922	56701
399	1.0	1.0	3.919299414398922	56841
400	1.0	1.0	3.919299414398922	56981
401	1.0	1.0	3.919299414398922	57121
402	1.0	1.0	3.919299414398922	57260
403	1.0	1.0	3.919299414398922	57400
404	1.0	1.0	3.919299414398922	57541
405	1.0	1.0	3.919299414398922	57680
406	1.0	1.0	3.919299414398922	57819
407	1.0	1.0	3.919299414398922	57959
408	1.0	1.0	3.919299414398922	58098
409	1.0	1.0	3.919299414398922	58238
410	1.0	1.0	3.919299414398922	58378
411	1.0	1.0	3.919299414398922	58518
412	1.0	1.0	3.919299414398922	58659
413	1.0	1.0	3.919299414398922	58798
414	1.0	1.0	3.919299414398922	58934
415	1.0	1.0	3.919299414398922	59071
416	1.0	1.0	3.919299414398922	59210
417	1.0	1.0	3.919299414398922	59349
418	1.0	1.0	3.919299414398922	59487
419	1.0	1.0	3.919299414398922	59626
420	1.0	1.0	3.919299414398922	59765
421	1.0	1.0	3.919299414398922	59903
422	1.0	1.0	3.919299414398922	60041
423	1.0	1.0	3.919299414398922	60178
424	1.0	1.0	3.919299414398922	60316
425	1.0	1.0	3.919299414398922	60452
426	1.0	1.0	3.919299414398922	60591
427	1.0	1.0	3.919299414398922	60726
428	1.0	1.0	3.919299414398922	60863
429	1.0	1.0	3.919299414398922	60999
430	1.0	1.0	3.919299414398922	61141
431	1.0	1.0	3.919299414398922	61278
432	1.0	1.0	3.919299414398922	61416
433	1.0	1.0	3.919299414398922	61553
434	1.0	1.0	3.919299414398922	61693
435	1.0	1.0	3.919299414398922	61835
436	1.0	1.0	3.919299414398922	61972
437	1.0	1.0	3.919299414398922	62109
438	1.0	1.0	3.919299414398922	62251
439	1.0	1.0	3.919299414398922	62384
440	1.0	1.0	3.919299414398922	62519
441	1.0	1.0	3.919299414398922	62653
442	1.0	1.0	3.919299414398922	62790
443	1.0	1.0	3.919299414398922	62924
444	1.0	1.0	3.919299414398922	63059
445	1.0	1.0	3.919299414398922	63191
446	1.0	1.0	3.919299414398922	63324
447	1.0	1.0	3.919299414398922	63457
448	1.0	1.0	3.919299414398922	63591
449	1.0	1.0	3.919299414398922	63725
450	1.0	1.0	3.919299414398922	63859
451	1.0	1.0	3.919299414398922	63993
452	1.0	1.0	3.919299414398922	64129
453	1.0	1.0	3.919299414398922	64262
454	1.0	1.0	3.919299414398922	64465
455	1.0	1.0	3.919299414398922	64599
456	1.0	1.0	3.919299414398922	64732
457	1.0	1.0	3.919299414398922	64867
458	1.0	1.0	3.919299414398922	65001
459	1.0	1.0	3.919299414398922	65135
460	1.0	1.0	3.919299414398922	65268
461	1.0	1.0	3.919299414398922	65403
462	1.0	1.0	3.919299414398922	65538
463	1.0	1.0	3.919299414398922	65672
464	1.0	1.0	3.919299414398922	65806
465	1.0	1.0	3.919299414398922	65939
466	1.0	1.0	3.919299414398922	66072
467	1.0	1.0	3.919299414398922	66205
468	1.0	1.0	3.919299414398922	66338
469	1.0	1.0	3.919299414398922	66471
470	1.0	1.0	3.919299414398922	66604
471	1.0	1.0	3.919299414398922	66736
472	1.0	1.0	3.919299414398922	66870
473	1.0	1.0	3.919299414398922	67004
474	1.0	1.0	3.919299414398922	67139
475	1.0	1.0	3.919299414398922	67254
476	1.0	1.0	3.919299414398922	67369
477	1.0	1.0	3.919299414398922	67484
478	1.0	1.0	3.919299414398922	67600
479	1.0	1.0	3.919299414398922	67715
480	1.0	1.0	3.919299414398922	67829
481	1.0	1.0	3.919299414398922	67945
482	1.0	1.0	3.919299414398922	68060
483	1.0	1.0	3.919299414398922	68175
484	1.0	1.0	3.919299414398922	68290
485	1.0	1.0	3.919299414398922	68406
486	1.0	1.0	3.919299414398922	68521
487	1.0	1.0	3.919299414398922	68637
488	1.0	1.0	3.919299414398922	68753
489	1.0	1.0	3.919299414398922	68868
490	1.0	1.0	3.919299414398922	68983
491	1.0	1.0	3.919299414398922	69098
492	1.0	1.0	3.919299414398922	69215
493	1.0	1.0	3.919299414398922	69330
494	1.0	1.0	3.919299414398922	69445
495	1.0	1.0	3.919299414398922	69560
496	1.0	1.0	3.919299414398922	69675
497	1.0	1.0	3.919299414398922	69791
498	1.0	1.0	3.919299414398922	69907
499	1.0	1.0	3.919299414398922	70022
