0	0.09375	0.16666666666666663	3.919299414398922	114
1	0.1787109375	0.35185185185185186	3.919299414398922	242
2	0.255706787109375	0.5679012345679012	3.919299414398922	370
3	0.3254842758178711	0.6639231824417009	3.919299414398922	486
4	0.3887201249599457	0.7199359853680841	3.919299414398922	604
5	0.44602761324495077	0.813290656912056	3.919299414398922	721
6	0.49796252450323664	0.8444088807600467	3.919299414398922	852
7	0.5450285378310582	0.8703407339667055	3.919299414398922	986
8	0.5876821124093965	0.9135604893111371	3.919299414398922	1097
9	0.6263369143710156	0.942373659540758	3.919299414398922	1210
10	0.6613678286487329	0.9519780496172984	3.919299414398922	1322
11	0.6931145947129143	0.9679853664115322	3.919299414398922	1556
12	0.7218851014585785	0.9750997294311917	3.919299414398922	1671
13	0.7479583731968367	0.9792497745259932	3.919299414398922	1785
14	0.7715872757096333	0.9861665163506621	3.919299414398922	1898
15	0.7930009686118552	0.990777677567108	3.919299414398922	2016
16	0.8124071278044938	0.9938517850447387	3.919299414398922	2132
17	0.8299939595728225	0.9952180550347968	3.919299414398922	2248
18	0.8459320258628704	0.9968120366898645	3.919299414398922	2363
19	0.8603758984382263	0.9973433639082204	3.919299414398922	2478
20	0.8734656579596425	0.9982289092721469	3.919299414398922	2591
21	0.8853282525259261	0.998819272848098	3.919299414398922	2704
22	0.8960787288516205	0.9992128485653986	3.919299414398922	2821
23	0.905821348021781	0.9993440404711655	3.919299414398922	2935
24	0.9146505966447391	0.9995626936474437	3.919299414398922	3053
25	0.9226521032092948	0.9997084624316291	3.919299414398922	3171
26	0.9299034685334234	0.9998056416210861	3.919299414398922	3284
27	0.936475018358415	0.9998704277473908	3.919299414398922	3398
28	0.9424304853873136	0.9998920231228257	3.919299414398922	3515
29	0.9478276273822529	0.9999100192690213	3.919299414398922	3631
30	0.9527187873151667	0.9999400128460142	3.919299414398922	3747
31	0.9571514010043698	0.9999500107050119	3.919299414398922	3860
32	0.9611684571602102	0.9999666738033413	3.919299414398922	3972
33	0.9648089143014404	0.9999777825355608	3.919299414398922	4085
34	0.9681080785856804	0.9999814854463007	3.919299414398922	4201
35	0.9710979462182728	0.9999876569642004	3.919299414398922	4313
36	0.9738075137603098	0.9999917713094669	3.919299414398922	4429
37	0.9762630593452808	0.9999945142063114	3.919299414398922	4542
38	0.9784883975316607	0.9999963428042076	3.919299414398922	4654
39	0.9805051102630675	0.9999975618694716	3.919299414398922	4770
40	0.9823327561759049	0.9999979682245598	3.919299414398922	4882
41	0.9839890602844138	0.9999986454830398	3.919299414398922	4998
42	0.98549008588275	0.9999990969886933	3.919299414398922	5111
43	0.9868503903312422	0.9999993979924622	3.919299414398922	5224
44	0.9880831662376882	0.9999994983270518	3.919299414398922	5339
45	0.989200369402905	0.9999996655513679	3.919299414398922	5472
46	0.9902128347713827	0.9999997212928066	3.919299414398922	5584
47	0.9911303815115655	0.9999998141952043	3.919299414398922	5700
48	0.9919619082448563	0.9999998761301362	3.919299414398922	5811
49	0.992715479346901	0.9999999174200909	3.919299414398922	5926
50	0.993398403158129	0.999999931183409	3.919299414398922	6038
51	0.9940173028620544	0.9999999426528409	3.919299414398922	6151
52	0.9945781807187368	0.9999999617685605	3.919299414398922	6265
53	0.9950864762763553	0.9999999745123738	3.919299414398922	6392
54	0.9955471191254469	0.9999999830082491	3.919299414398922	6505
55	0.9959645767074363	0.9999999858402077	3.919299414398922	6619
56	0.9963428976411142	0.9999999889868282	3.919299414398922	6732
57	0.9966857509872596	0.9999999926578854	3.919299414398922	6845
58	0.9969964618322041	0.999999995105257	3.919299414398922	6958
59	0.9972780435354349	0.9999999967368379	3.919299414398922	7072
60	0.9975332269539879	0.9999999978245586	3.919299414398922	7188
61	0.9977644869270516	0.9999999981871323	3.919299414398922	7300
62	0.9979740662776405	0.9999999987914214	3.919299414398922	7412
63	0.9981639975641117	0.9999999990599945	3.919299414398922	7528
64	0.9983361227924762	0.999999999216662	3.919299414398922	7644
65	0.9984921112806816	0.9999999994777747	3.919299414398922	7756
66	0.9986334758481177	0.9999999996518498	3.919299414398922	7869
67	0.9987615874873567	0.9999999997292165	3.919299414398922	7984
68	0.9988776886604169	0.9999999998194776	3.919299414398922	8100
69	0.9989829053485029	0.9999999998796518	3.919299414398922	8212
70	0.9990782579720807	0.9999999999197678	3.919299414398922	8324
71	0.9991646712871981	0.9999999999465119	3.919299414398922	8439
72	0.9992429833540233	0.9999999999643413	3.919299414398922	8555
73	0.9993139536645836	0.9999999999762275	3.919299414398922	8667
74	0.9993782705085289	0.9999999999801896	3.919299414398922	8781
75	0.9994365576483544	0.999999999986793	3.919299414398922	8899
76	0.9994893803688211	0.9999999999897279	3.919299414398922	9016
77	0.9995372509592442	0.9999999999931519	3.919299414398922	9128
78	0.999580633681815	0.9999999999954347	3.919299414398922	9240
79	0.9996199492741449	0.9999999999961955	3.919299414398922	9353
80	0.9996555790296938	0.9999999999974637	3.919299414398922	9470
81	0.9996878684956599	0.9999999999980274	3.919299414398922	9581
82	0.9997171308241919	0.9999999999986848	3.919299414398922	9696
83	0.9997436498094239	0.9999999999989041	3.919299414398922	9812
84	0.9997676826397903	0.9999999999992694	3.919299414398922	9970
85	0.99978946239231	0.999999999999513	3.919299414398922	10082
86	0.999809200293031	0.9999999999995941	3.919299414398922	10198
87	0.9998270877655593	0.9999999999996617	3.919299414398922	10311
88	0.9998432982875382	0.9999999999997745	3.919299414398922	10427
89	0.9998579890730814	0.999999999999812	3.919299414398922	10541
90	0.99987130259748	0.9999999999998433	3.919299414398922	10655
91	0.9998833679789663	0.9999999999998956	3.919299414398922	10769
92	0.9998943022309382	0.999999999999913	3.919299414398922	10883
93	0.9999042113967878	0.9999999999999275	3.919299414398922	11031
94	0.9999131915783389	0.9999999999999517	3.919299414398922	11152
95	0.9999213298678696	0.9999999999999678	3.919299414398922	11265
96	0.9999287051927569	0.9999999999999786	3.919299414398922	11381
97	0.9999353890809359	0.9999999999999821	3.919299414398922	11496
98	0.9999414463545981	0.9999999999999881	3.919299414398922	11611
99	0.9999469357588546	0.999999999999992	3.919299414398922	11725
100	0.9999519105314619	0.9999999999999947	3.919299414398922	11839
101	0.9999564189191374	0.9999999999999964	3.919299414398922	11955
102	0.9999605046454683	0.9999999999999977	3.919299414398922	12068
103	0.9999642073349556	0.9999999999999984	3.919299414398922	12183
104	0.9999675628973035	0.9999999999999987	3.919299414398922	12298
105	0.9999706038756814	0.9999999999999991	3.919299414398922	12412
106	0.9999733597623361	0.9999999999999992	3.919299414398922	12526
107	0.9999758572846171	0.9999999999999996	3.919299414398922	12640
108	0.9999781206641843	0.9999999999999996	3.919299414398922	12752
109	0.999980171851917	0.9999999999999998	3.919299414398922	12866
110	0.9999820307407998	0.9999999999999998	3.919299414398922	13056
111	0.9999837153588499	0.9999999999999999	3.919299414398922	13217
112	0.9999852420439577	0.9999999999999999	3.919299414398922	13331
113	0.9999866256023366	0.9999999999999999	3.919299414398922	13445
114	0.9999878794521175	1.0	3.919299414398922	13560
115	0.9999890157534815	1.0	3.919299414398922	13675
116	0.9999900455265927	1.0	3.919299414398922	13788
117	0.9999909787584746	1.0	3.919299414398922	13903
118	0.9999918244998676	1.0	3.919299414398922	14019
119	0.999992590953005	1.0	3.919299414398922	14133
120	0.9999932855511607	1.0	3.919299414398922	14248
121	0.9999939150307394	1.0	3.919299414398922	14361
122	0.9999944854966076	1.0	3.919299414398922	14474
123	0.9999950024813007	1.0	3.919299414398922	14589
124	0.9999954709986787	1.0	3.919299414398922	14703
125	0.9999958955925526	1.0	3.919299414398922	14816
126	0.9999962803807508	1.0	3.919299414398922	14931
127	0.9999966290950554	1.0	3.919299414398922	15043
128	0.999996945117394	1.0	3.919299414398922	15156
129	0.9999972315126383	1.0	3.919299414398922	15269
130	0.9999974910583285	1.0	3.919299414398922	15384
131	0.9999977262716101	1.0	3.919299414398922	15498
132	0.9999979394336467	1.0	3.919299414398922	15612
133	0.9999981326117423	1.0	3.919299414398922	15726
134	0.9999983076793915	1.0	3.919299414398922	15841
135	0.9999984663344486	1.0	3.919299414398922	15954
136	0.999998610115594	1.0	3.919299414398922	16068
137	0.999998740417257	1.0	3.919299414398922	16181
138	0.9999988585031392	1.0	3.919299414398922	16294
139	0.9999989655184699	1.0	3.919299414398922	16407
140	0.9999990625011134	1.0	3.919299414398922	16521
141	0.999999150391634	1.0	3.919299414398922	16635
142	0.9999992300424183	1.0	3.919299414398922	16748
143	0.9999993022259416	1.0	3.919299414398922	16862
144	0.9999993676422595	1.0	3.919299414398922	16976
145	0.9999994269257977	1.0	3.919299414398922	17090
146	0.9999994806515041	1.0	3.919299414398922	17205
147	0.9999995293404257	1.0	3.919299414398922	17319
148	0.9999995734647608	1.0	3.919299414398922	17522
149	0.9999996134524395	1.0	3.919299414398922	17636
150	0.9999996496912732	1.0	3.919299414398922	17750
151	0.9999996825327164	1.0	3.919299414398922	17864
152	0.9999997122952742	1.0	3.919299414398922	17978
153	0.9999997392675922	1.0	3.919299414398922	18094
154	0.9999997637112554	1.0	3.919299414398922	18209
155	0.9999997858633253	1.0	3.919299414398922	18324
156	0.9999998059386386	1.0	3.919299414398922	18453
157	0.9999998241318911	1.0	3.919299414398922	18663
158	0.9999998406195264	1.0	3.919299414398922	18777
159	0.9999998555614458	1.0	3.919299414398922	18891
160	0.9999998691025602	1.0	3.919299414398922	19007
161	0.9999998813741953	1.0	3.919299414398922	19120
162	0.9999998924953644	1.0	3.919299414398922	19232
163	0.999999902573924	1.0	3.919299414398922	19346
164	0.9999999117076186	1.0	3.919299414398922	19460
165	0.9999999199850294	1.0	3.919299414398922	19577
166	0.9999999274864328	1.0	3.919299414398922	19691
167	0.9999999342845798	1.0	3.919299414398922	19805
168	0.9999999404454004	1.0	3.919299414398922	19918
169	0.9999999460286442	1.0	3.919299414398922	20031
170	0.9999999510884587	1.0	3.919299414398922	20147
171	0.9999999556739158	1.0	3.919299414398922	20260
172	0.9999999598294862	1.0	3.919299414398922	20375
173	0.9999999635954718	1.0	3.919299414398922	20489
174	0.9999999670083963	1.0	3.919299414398922	20606
175	0.9999999701013592	1.0	3.919299414398922	20720
176	0.9999999729043567	1.0	3.919299414398922	20837
177	0.9999999754445733	1.0	3.919299414398922	20952
178	0.9999999777466445	1.0	3.919299414398922	21066
179	0.9999999798328967	1.0	3.919299414398922	21179
180	0.9999999817235625	1.0	3.919299414398922	21291
181	0.9999999834369786	1.0	3.919299414398922	21404
182	0.9999999849897618	1.0	3.919299414398922	21518
183	0.9999999863969716	1.0	3.919299414398922	21632
184	0.9999999876722556	1.0	3.919299414398922	21745
185	0.9999999888279816	1.0	3.919299414398922	21859
186	0.9999999898753583	1.0	3.919299414398922	21974
187	0.9999999908245435	1.0	3.919299414398922	22088
188	0.9999999916847425	1.0	3.919299414398922	22201
189	0.9999999924642979	1.0	3.919299414398922	22316
190	0.99999999317077	1.0	3.919299414398922	22430
191	0.9999999938110103	1.0	3.919299414398922	22544
192	0.9999999943912281	1.0	3.919299414398922	22657
193	0.9999999949170505	1.0	3.919299414398922	22770
194	0.999999995393577	1.0	3.919299414398922	22883
195	0.9999999958254291	1.0	3.919299414398922	22996
196	0.9999999962167951	1.0	3.919299414398922	23108
197	0.9999999965714707	1.0	3.919299414398922	23222
198	0.9999999968928952	1.0	3.919299414398922	23336
199	0.9999999971841863	1.0	3.919299414398922	23452
200	0.9999999974481688	1.0	3.919299414398922	23565
201	0.999999997687403	1.0	3.919299414398922	23680
202	0.999999997904209	1.0	3.919299414398922	23793
203	0.9999999981006894	1.0	3.919299414398922	23906
204	0.9999999982787497	1.0	3.919299414398922	24022
205	0.999999998440117	1.0	3.919299414398922	24135
206	0.999999998586356	1.0	3.919299414398922	24248
207	0.9999999987188851	1.0	3.919299414398922	24362
208	0.9999999988389896	1.0	3.919299414398922	24475
209	0.9999999989478344	1.0	3.919299414398922	24671
210	0.9999999990464749	1.0	3.919299414398922	24785
211	0.9999999991358679	1.0	3.919299414398922	24901
212	0.9999999992168802	1.0	3.919299414398922	25013
213	0.9999999992902977	1.0	3.919299414398922	25128
214	0.9999999993568324	1.0	3.919299414398922	25244
215	0.9999999994171292	1.0	3.919299414398922	25359
216	0.9999999994717734	1.0	3.919299414398922	25473
217	0.9999999995212947	1.0	3.919299414398922	25587
218	0.9999999995661732	1.0	3.919299414398922	25706
219	0.9999999996068445	1.0	3.919299414398922	25819
220	0.9999999996437029	1.0	3.919299414398922	25933
221	0.9999999996771057	1.0	3.919299414398922	26046
222	0.9999999997073771	1.0	3.919299414398922	26159
223	0.9999999997348105	1.0	3.919299414398922	26279
224	0.999999999759672	1.0	3.919299414398922	26394
225	0.9999999997822028	1.0	3.919299414398922	26506
226	0.9999999998026212	1.0	3.919299414398922	26621
227	0.9999999998211255	1.0	3.919299414398922	26760
228	0.999999999837895	1.0	3.919299414398922	26876
229	0.9999999998530923	1.0	3.919299414398922	26998
230	0.9999999998668649	1.0	3.919299414398922	27111
231	0.9999999998793463	1.0	3.919299414398922	27224
232	0.9999999998906576	1.0	3.919299414398922	27346
233	0.9999999999009085	1.0	3.919299414398922	27459
234	0.9999999999101983	1.0	3.919299414398922	27574
235	0.9999999999186172	1.0	3.919299414398922	27688
236	0.9999999999262469	1.0	3.919299414398922	27802
237	0.9999999999331612	1.0	3.919299414398922	27915
238	0.9999999999394273	1.0	3.919299414398922	28032
239	0.999999999945106	1.0	3.919299414398922	28146
240	0.9999999999502523	1.0	3.919299414398922	28261
241	0.9999999999549162	1.0	3.919299414398922	28375
242	0.9999999999591428	1.0	3.919299414398922	28488
243	0.9999999999629732	1.0	3.919299414398922	28601
244	0.9999999999664444	1.0	3.919299414398922	28716
245	0.9999999999695902	1.0	3.919299414398922	28832
246	0.9999999999724412	1.0	3.919299414398922	28945
247	0.9999999999750248	1.0	3.919299414398922	29061
248	0.9999999999773662	1.0	3.919299414398922	29176
249	0.9999999999794882	1.0	3.919299414398922	29291
250	0.9999999999814111	1.0	3.919299414398922	29406
251	0.9999999999831538	1.0	3.919299414398922	29519
252	0.9999999999847332	1.0	3.919299414398922	29635
253	0.9999999999861644	1.0	3.919299414398922	29749
254	0.9999999999874615	1.0	3.919299414398922	29866
255	0.999999999988637	1.0	3.919299414398922	29978
256	0.9999999999897022	1.0	3.919299414398922	30090
257	0.9999999999906677	1.0	3.919299414398922	30206
258	0.9999999999915425	1.0	3.919299414398922	30322
259	0.9999999999923355	1.0	3.919299414398922	30436
260	0.999999999993054	1.0	3.919299414398922	30550
261	0.9999999999937053	1.0	3.919299414398922	30666
262	0.9999999999942953	1.0	3.919299414398922	30778
263	0.9999999999948301	1.0	3.919299414398922	30891
264	0.9999999999953149	1.0	3.919299414398922	31005
265	0.9999999999957541	1.0	3.919299414398922	31118
266	0.9999999999961521	1.0	3.919299414398922	31235
267	0.9999999999965129	1.0	3.919299414398922	31349
268	0.9999999999968398	1.0	3.919299414398922	31462
269	0.9999999999971361	1.0	3.919299414398922	31576
270	0.9999999999974045	1.0	3.919299414398922	31690
271	0.9999999999976479	1.0	3.919299414398922	31804
272	0.9999999999978684	1.0	3.919299414398922	31920
273	0.9999999999980682	1.0	3.919299414398922	32033
274	0.9999999999982493	1.0	3.919299414398922	32147
275	0.9999999999984135	1.0	3.919299414398922	32259
276	0.9999999999985622	1.0	3.919299414398922	32373
277	0.9999999999986969	1.0	3.919299414398922	32491
278	0.9999999999988192	1.0	3.919299414398922	32607
279	0.9999999999989299	1.0	3.919299414398922	32722
280	0.9999999999990302	1.0	3.919299414398922	32839
281	0.9999999999991211	1.0	3.919299414398922	32954
282	0.9999999999992035	1.0	3.919299414398922	33069
283	0.9999999999992781	1.0	3.919299414398922	33182
284	0.9999999999993459	1.0	3.919299414398922	33295
285	0.9999999999994071	1.0	3.919299414398922	33408
286	0.9999999999994628	1.0	3.919299414398922	33524
287	0.9999999999995131	1.0	3.919299414398922	33637
288	0.9999999999995588	1.0	3.919299414398922	33750
289	0.9999999999996001	1.0	3.919299414398922	33864
290	0.9999999999996376	1.0	3.919299414398922	33977
291	0.9999999999996716	1.0	3.919299414398922	34091
292	0.9999999999997023	1.0	3.919299414398922	34205
293	0.9999999999997303	1.0	3.919299414398922	34319
294	0.9999999999997555	1.0	3.919299414398922	34434
295	0.9999999999997785	1.0	3.919299414398922	34548
296	0.9999999999997993	1.0	3.919299414398922	34662
297	0.999999999999818	1.0	3.919299414398922	34776
298	0.9999999999998351	1.0	3.919299414398922	34891
299	0.9999999999998506	1.0	3.919299414398922	35007
300	0.9999999999998646	1.0	3.919299414398922	35122
301	0.9999999999998773	1.0	3.919299414398922	35235
302	0.9999999999998888	1.0	3.919299414398922	35352
303	0.9999999999998992	1.0	3.919299414398922	35467
304	0.9999999999999086	1.0	3.919299414398922	35580
305	0.9999999999999172	1.0	3.919299414398922	35698
306	0.999999999999925	1.0	3.919299414398922	35813
307	0.999999999999932	1.0	3.919299414398922	35925
308	0.9999999999999384	1.0	3.919299414398922	36042
309	0.9999999999999442	1.0	3.919299414398922	36156
310	0.9999999999999494	1.0	3.919299414398922	36270
311	0.9999999999999541	1.0	3.919299414398922	36384
312	0.9999999999999585	1.0	3.919299414398922	36501
313	0.9999999999999624	1.0	3.919299414398922	36613
314	0.9999999999999659	1.0	3.919299414398922	36728
315	0.999999999999969	1.0	3.919299414398922	36844
316	0.999999999999972	1.0	3.919299414398922	36963
317	0.9999999999999746	1.0	3.919299414398922	37076
318	0.999999999999977	1.0	3.919299414398922	37191
319	0.9999999999999791	1.0	3.919299414398922	37305
320	0.9999999999999811	1.0	3.919299414398922	37420
321	0.9999999999999829	1.0	3.919299414398922	37538
322	0.9999999999999845	1.0	3.919299414398922	37654
323	0.9999999999999859	1.0	3.919299414398922	37769
324	0.9999999999999872	1.0	3.919299414398922	37885
325	0.9999999999999885	1.0	3.919299414398922	37999
326	0.9999999999999896	1.0	3.919299414398922	38111
327	0.9999999999999906	1.0	3.919299414398922	38225
328	0.9999999999999915	1.0	3.919299414398922	38340
329	0.9999999999999922	1.0	3.919299414398922	38452
330	0.9999999999999929	1.0	3.919299414398922	38565
331	0.9999999999999936	1.0	3.919299414398922	38678
332	0.9999999999999942	1.0	3.919299414398922	38795
333	0.9999999999999948	1.0	3.919299414398922	38911
334	0.9999999999999952	1.0	3.919299414398922	39024
335	0.9999999999999957	1.0	3.919299414398922	39138
336	0.9999999999999961	1.0	3.919299414398922	39250
337	0.9999999999999964	1.0	3.919299414398922	39364
338	0.9999999999999968	1.0	3.919299414398922	39479
339	0.9999999999999971	1.0	3.919299414398922	39597
340	0.9999999999999973	1.0	3.919299414398922	39711
341	0.9999999999999976	1.0	3.919299414398922	39824
342	0.9999999999999978	1.0	3.919299414398922	39938
343	0.999999999999998	1.0	3.919299414398922	40053
344	0.9999999999999982	1.0	3.919299414398922	40169
345	0.9999999999999983	1.0	3.919299414398922	40283
346	0.9999999999999986	1.0	3.919299414398922	40399
347	0.9999999999999987	1.0	3.919299414398922	40515
348	0.9999999999999988	1.0	3.919299414398922	40628
349	0.9999999999999989	1.0	3.919299414398922	40741
350	0.999999999999999	1.0	3.919299414398922	40856
351	0.9999999999999991	1.0	3.919299414398922	40970
352	0.9999999999999992	1.0	3.919299414398922	41081
353	0.9999999999999992	1.0	3.919299414398922	41194
354	0.9999999999999993	1.0	3.919299414398922	41308
355	0.9999999999999994	1.0	3.919299414398922	41421
356	0.9999999999999994	1.0	3.919299414398922	41535
357	0.9999999999999996	1.0	3.919299414398922	41647
358	0.9999999999999996	1.0	3.919299414398922	41763
359	0.9999999999999996	1.0	3.919299414398922	41877
360	0.9999999999999997	1.0	3.919299414398922	41990
361	0.9999999999999997	1.0	3.919299414398922	42104
362	0.9999999999999997	1.0	3.919299414398922	42218
363	0.9999999999999998	1.0	3.919299414398922	42333
364	0.9999999999999998	1.0	3.919299414398922	42446
365	0.9999999999999998	1.0	3.919299414398922	42561
366	0.9999999999999998	1.0	3.919299414398922	42679
367	0.9999999999999998	1.0	3.919299414398922	42793
368	0.9999999999999998	1.0	3.919299414398922	42907
369	0.9999999999999999	1.0	3.919299414398922	43021
370	0.9999999999999999	1.0	3.919299414398922	43134
371	0.9999999999999999	1.0	3.919299414398922	43248
372	0.9999999999999999	1.0	3.919299414398922	43362
373	0.9999999999999999	1.0	3.919299414398922	43476
374	0.9999999999999999	1.0	3.919299414398922	43591
375	0.9999999999999999	1.0	3.919299414398922	43707
376	0.9999999999999999	1.0	3.919299414398922	43823
377	0.9999999999999999	1.0	3.919299414398922	43937
378	0.9999999999999999	1.0	3.919299414398922	44050
379	0.9999999999999999	1.0	3.919299414398922	44164
380	1.0	1.0	3.919299414398922	44277
381	1.0	1.0	3.919299414398922	44392
382	1.0	1.0	3.919299414398922	44506
383	1.0	1.0	3.919299414398922	44621
384	1.0	1.0	3.919299414398922	44739
385	1.0	1.0	3.919299414398922	44853
386	1.0	1.0	3.919299414398922	44967
387	1.0	1.0	3.919299414398922	45084
388	1.0	1.0	3.919299414398922	45198
389	1.0	1.0	3.919299414398922	45312
390	1.0	1.0	3.919299414398922	45426
391	1.0	1.0	3.919299414398922	45540
392	1.0	1.0	3.919299414398922	45654
393	1.0	1.0	3.919299414398922	45769
394	1.0	1.0	3.919299414398922	45883
395	1.0	1.0	3.919299414398922	46000
396	1.0	1.0	3.919299414398922	46118
397	1.0	1.0	3.919299414398922	46232
398	1.0	1.0	3.919299414398922	46346
399	1.0	1.0	3.919299414398922	46462
400	1.0	1.0	3.919299414398922	46580
401	1.0	1.0	3.919299414398922	46693
402	1.0	1.0	3.919299414398922	46806
403	1.0	1.0	3.919299414398922	46918
404	1.0	1.0	3.919299414398922	47034
405	1.0	1.0	3.919299414398922	47152
406	1.0	1.0	3.919299414398922	47265
407	1.0	1.0	3.919299414398922	47380
408	1.0	1.0	3.919299414398922	47494
409	1.0	1.0	3.919299414398922	47609
410	1.0	1.0	3.919299414398922	47722
411	1.0	1.0	3.919299414398922	47836
412	1.0	1.0	3.919299414398922	47950
413	1.0	1.0	3.919299414398922	48065
414	1.0	1.0	3.919299414398922	48178
415	1.0	1.0	3.919299414398922	48291
416	1.0	1.0	3.919299414398922	48404
417	1.0	1.0	3.919299414398922	48518
418	1.0	1.0	3.919299414398922	48636
419	1.0	1.0	3.919299414398922	48753
420	1.0	1.0	3.919299414398922	48867
421	1.0	1.0	3.919299414398922	48980
422	1.0	1.0	3.919299414398922	49093
423	1.0	1.0	3.919299414398922	49208
424	1.0	1.0	3.919299414398922	49322
425	1.0	1.0	3.919299414398922	49437
426	1.0	1.0	3.919299414398922	49551
427	1.0	1.0	3.919299414398922	49666
428	1.0	1.0	3.919299414398922	49782
429	1.0	1.0	3.919299414398922	49896
430	1.0	1.0	3.919299414398922	50010
431	1.0	1.0	3.919299414398922	50124
432	1.0	1.0	3.919299414398922	50239
433	1.0	1.0	3.919299414398922	50353
434	1.0	1.0	3.919299414398922	50469
435	1.0	1.0	3.919299414398922	50585
436	1.0	1.0	3.919299414398922	50703
437	1.0	1.0	3.919299414398922	50817
438	1.0	1.0	3.919299414398922	50931
439	1.0	1.0	3.919299414398922	51044
440	1.0	1.0	3.919299414398922	51158
441	1.0	1.0	3.919299414398922	51272
442	1.0	1.0	3.919299414398922	51386
443	1.0	1.0	3.919299414398922	51500
444	1.0	1.0	3.919299414398922	51618
445	1.0	1.0	3.919299414398922	51732
446	1.0	1.0	3.919299414398922	51845
447	1.0	1.0	3.919299414398922	51960
448	1.0	1.0	3.919299414398922	52077
449	1.0	1.0	3.919299414398922	52195
450	1.0	1.0	3.919299414398922	52310
451	1.0	1.0	3.919299414398922	52422
452	1.0	1.0	3.919299414398922	52536
453	1.0	1.0	3.919299414398922	52650
454	1.0	1.0	3.919299414398922	52761
455	1.0	1.0	3.919299414398922	52875
456	1.0	1.0	3.919299414398922	52992
457	1.0	1.0	3.919299414398922	53106
458	1.0	1.0	3.919299414398922	53217
459	1.0	1.0	3.919299414398922	53330
460	1.0	1.0	3.919299414398922	53444
461	1.0	1.0	3.919299414398922	53560
462	1.0	1.0	3.919299414398922	53677
463	1.0	1.0	3.919299414398922	53794
464	1.0	1.0	3.919299414398922	53908
465	1.0	1.0	3.919299414398922	54023
466	1.0	1.0	3.919299414398922	54136
467	1.0	1.0	3.919299414398922	54251
468	1.0	1.0	3.919299414398922	54367
469	1.0	1.0	3.919299414398922	54482
470	1.0	1.0	3.919299414398922	54596
471	1.0	1.0	3.919299414398922	54712
472	1.0	1.0	3.919299414398922	54829
473	1.0	1.0	3.919299414398922	54945
474	1.0	1.0	3.919299414398922	55061
475	1.0	1.0	3.919299414398922	55177
476	1.0	1.0	3.919299414398922	55293
477	1.0	1.0	3.919299414398922	55407
478	1.0	1.0	3.919299414398922	55520
479	1.0	1.0	3.919299414398922	55634
480	1.0	1.0	3.919299414398922	55748
481	1.0	1.0	3.919299414398922	55862
482	1.0	1.0	3.919299414398922	55976
483	1.0	1.0	3.919299414398922	56089
484	1.0	1.0	3.919299414398922	56205
485	1.0	1.0	3.919299414398922	56318
486	1.0	1.0	3.919299414398922	56434
487	1.0	1.0	3.919299414398922	56548
488	1.0	1.0	3.919299414398922	56663
489	1.0	1.0	3.919299414398922	56778
490	1.0	1.0	3.919299414398922	56893
491	1.0	1.0	3.919299414398922	57008
492	1.0	1.0	3.919299414398922	57122
493	1.0	1.0	3.919299414398922	57239
494	1.0	1.0	3.919299414398922	57353
495	1.0	1.0	3.919299414398922	57470
496	1.0	1.0	3.919299414398922	57583
497	1.0	1.0	3.919299414398922	57698
498	1.0	1.0	3.919299414398922	57812
499	1.0	1.0	3.919299414398922	57926
