0	0.09375	0.33333333333333326	3.919299414398922	154
1	0.1787109375	0.4444444444444443	3.919299414398922	328
2	0.255706787109375	0.537037037037037	3.919299414398922	510
3	0.3254842758178711	0.691358024691358	3.919299414398922	709
4	0.3887201249599457	0.794238683127572	3.919299414398922	872
5	0.44602761324495077	0.8628257887517146	3.919299414398922	1055
6	0.49796252450323664	0.9085505258344764	3.919299414398922	1213
7	0.5450285378310582	0.9237921048620636	3.919299414398922	1370
8	0.5876821124093965	0.940727192670494	3.919299414398922	1532
9	0.6263369143710156	0.9604847951136626	3.919299414398922	1696
10	0.6613678286487329	0.9736565300757751	3.919299414398922	1855
11	0.6931145947129143	0.9780471083964792	3.919299414398922	2045
12	0.7218851014585785	0.9829255287528171	3.919299414398922	2204
13	0.7479583731968367	0.9886170191685448	3.919299414398922	2374
14	0.7715872757096333	0.9924113461123631	3.919299414398922	2535
15	0.7930009686118552	0.9936761217603026	3.919299414398922	2698
16	0.8124071278044938	0.9947301014669189	3.919299414398922	2854
17	0.8299939595728225	0.995608417889099	3.919299414398922	3019
18	0.8459320258628704	0.9970722785927327	3.919299414398922	3185
19	0.8603758984382263	0.9980481857284885	3.919299414398922	3340
20	0.8734656579596425	0.998698790485659	3.919299414398922	3497
21	0.8853282525259261	0.9989156587380491	3.919299414398922	3654
22	0.8960787288516205	0.9992771058253661	3.919299414398922	3811
23	0.905821348021781	0.9993975881878051	3.919299414398922	3974
24	0.9146505966447391	0.9995983921252034	3.919299414398922	4138
25	0.9226521032092948	0.9996653267710028	3.919299414398922	4298
26	0.9299034685334234	0.9997768845140019	3.919299414398922	4454
27	0.936475018358415	0.9998512563426679	3.919299414398922	4618
28	0.9424304853873136	0.9999008375617786	3.919299414398922	4772
29	0.9478276273822529	0.9999173646348155	3.919299414398922	4938
30	0.9527187873151667	0.9999449097565437	3.919299414398922	5194
31	0.9571514010043698	0.9999571520328673	3.919299414398922	5349
32	0.9611684571602102	0.9999642933607228	3.919299414398922	5514
33	0.9648089143014404	0.9999761955738151	3.919299414398922	5677
34	0.9681080785856804	0.9999801629781793	3.919299414398922	5837
35	0.9710979462182728	0.9999834691484828	3.919299414398922	6003
36	0.9738075137603098	0.9999862242904023	3.919299414398922	6160
37	0.9762630593452808	0.9999908161936015	3.919299414398922	6324
38	0.9784883975316607	0.999993877462401	3.919299414398922	6481
39	0.9805051102630675	0.9999948978853341	3.919299414398922	6638
40	0.9823327561759049	0.9999965985902228	3.919299414398922	6796
41	0.9839890602844138	0.9999977323934819	3.919299414398922	6954
42	0.98549008588275	0.9999984882623213	3.919299414398922	7119
43	0.9868503903312422	0.9999989921748809	3.919299414398922	7284
44	0.9880831662376882	0.9999993281165872	3.919299414398922	7448
45	0.989200369402905	0.9999995520777248	3.919299414398922	7615
46	0.9902128347713827	0.9999997013851498	3.919299414398922	7778
47	0.9911303815115655	0.9999997511542915	3.919299414398922	7937
48	0.9919619082448563	0.9999998341028611	3.919299414398922	8093
49	0.992715479346901	0.9999998894019073	3.919299414398922	8258
50	0.993398403158129	0.9999999078349228	3.919299414398922	8420
51	0.9940173028620544	0.9999999283160511	3.919299414398922	8581
52	0.9945781807187368	0.9999999522107007	3.919299414398922	8737
53	0.9950864762763553	0.9999999601755839	3.919299414398922	8893
54	0.9955471191254469	0.9999999734503893	3.919299414398922	9052
55	0.9959645767074363	0.9999999823002595	3.919299414398922	9215
56	0.9963428976411142	0.9999999862335351	3.919299414398922	9377
57	0.9966857509872596	0.999999988527946	3.919299414398922	9533
58	0.9969964618322041	0.999999990439955	3.919299414398922	9690
59	0.9972780435354349	0.9999999936266366	3.919299414398922	9848
60	0.9975332269539879	0.9999999946888639	3.919299414398922	10005
61	0.9977644869270516	0.9999999958691164	3.919299414398922	10161
62	0.9979740662776405	0.9999999972460776	3.919299414398922	10321
63	0.9981639975641117	0.9999999981640517	3.919299414398922	10484
64	0.9983361227924762	0.9999999987760345	3.919299414398922	10647
65	0.9984921112806816	0.9999999991840229	3.919299414398922	10808
66	0.9986334758481177	0.9999999994560154	3.919299414398922	10966
67	0.9987615874873567	0.9999999995466794	3.919299414398922	11120
68	0.9988776886604169	0.9999999996222328	3.919299414398922	11277
69	0.9989829053485029	0.999999999685194	3.919299414398922	11437
70	0.9990782579720807	0.9999999997901293	3.919299414398922	11595
71	0.9991646712871981	0.9999999998600863	3.919299414398922	11755
72	0.9992429833540233	0.9999999999067242	3.919299414398922	11928
73	0.9993139536645836	0.9999999999378161	3.919299414398922	12083
74	0.9993782705085289	0.9999999999481801	3.919299414398922	12247
75	0.9994365576483544	0.9999999999568168	3.919299414398922	12406
76	0.9994893803688211	0.9999999999712111	3.919299414398922	12559
77	0.9995372509592442	0.9999999999808075	3.919299414398922	12721
78	0.999580633681815	0.999999999987205	3.919299414398922	12875
79	0.9996199492741449	0.9999999999914699	3.919299414398922	13043
80	0.9996555790296938	0.9999999999943133	3.919299414398922	13202
81	0.9996878684956599	0.9999999999962089	3.919299414398922	13355
82	0.9997171308241919	0.9999999999974726	3.919299414398922	13513
83	0.9997436498094239	0.999999999998315	3.919299414398922	13669
84	0.9997676826397903	0.9999999999988767	3.919299414398922	13827
85	0.99978946239231	0.999999999999064	3.919299414398922	13981
86	0.999809200293031	0.99999999999922	3.919299414398922	14136
87	0.9998270877655593	0.99999999999948	3.919299414398922	14294
88	0.9998432982875382	0.9999999999996533	3.919299414398922	14449
89	0.9998579890730814	0.9999999999997689	3.919299414398922	14609
90	0.99987130259748	0.9999999999998459	3.919299414398922	14762
91	0.9998833679789663	0.9999999999998973	3.919299414398922	14922
92	0.9998943022309382	0.9999999999999315	3.919299414398922	15081
93	0.9999042113967878	0.9999999999999429	3.919299414398922	15235
94	0.9999131915783389	0.9999999999999619	3.919299414398922	15391
95	0.9999213298678696	0.9999999999999747	3.919299414398922	15544
96	0.9999287051927569	0.9999999999999789	3.919299414398922	15698
97	0.9999353890809359	0.9999999999999859	3.919299414398922	15862
98	0.9999414463545981	0.9999999999999906	3.919299414398922	16018
99	0.9999469357588546	0.9999999999999938	3.919299414398922	16172
100	0.9999519105314619	0.9999999999999958	3.919299414398922	16339
101	0.9999564189191374	0.9999999999999972	3.919299414398922	16491
102	0.9999605046454683	0.9999999999999981	3.919299414398922	16651
103	0.9999642073349556	0.9999999999999984	3.919299414398922	16808
104	0.9999675628973035	0.9999999999999987	3.919299414398922	16962
105	0.9999706038756814	0.9999999999999991	3.919299414398922	17121
106	0.9999733597623361	0.9999999999999993	3.919299414398922	17278
107	0.9999758572846171	0.9999999999999996	3.919299414398922	17435
108	0.9999781206641843	0.9999999999999997	3.919299414398922	17590
109	0.999980171851917	0.9999999999999998	3.919299414398922	17745
110	0.9999820307407998	0.9999999999999998	3.919299414398922	17909
111	0.9999837153588499	0.9999999999999999	3.919299414398922	18064
112	0.9999852420439577	0.9999999999999999	3.919299414398922	18219
113	0.9999866256023366	1.0	3.919299414398922	18376
114	0.9999878794521175	1.0	3.919299414398922	18531
115	0.9999890157534815	1.0	3.919299414398922	18684
116	0.9999900455265927	1.0	3.919299414398922	18841
117	0.9999909787584746	1.0	3.919299414398922	18998
118	0.9999918244998676	1.0	3.919299414398922	19151
119	0.999992590953005	1.0	3.919299414398922	19305
120	0.9999932855511607	1.0	3.919299414398922	19462
121	0.9999939150307394	1.0	3.919299414398922	19618
122	0.9999944854966076	1.0	3.919299414398922	19775
123	0.9999950024813007	1.0	3.919299414398922	19937
124	0.9999954709986787	1.0	3.919299414398922	20096
125	0.9999958955925526	1.0	3.919299414398922	20249
126	0.9999962803807508	1.0	3.919299414398922	20406
127	0.9999966290950554	1.0	3.919299414398922	20561
128	0.999996945117394	1.0	3.919299414398922	20718
129	0.9999972315126383	1.0	3.919299414398922	20873
130	0.9999974910583285	1.0	3.919299414398922	21029
131	0.9999977262716101	1.0	3.919299414398922	21184
132	0.9999979394336467	1.0	3.919299414398922	21340
133	0.9999981326117423	1.0	3.919299414398922	21494
134	0.9999983076793915	1.0	3.919299414398922	21648
135	0.9999984663344486	1.0	3.919299414398922	21804
136	0.999998610115594	1.0	3.919299414398922	21961
137	0.999998740417257	1.0	3.919299414398922	22114
138	0.9999988585031392	1.0	3.919299414398922	22270
139	0.9999989655184699	1.0	3.919299414398922	22429
140	0.9999990625011134	1.0	3.919299414398922	22583
141	0.999999150391634	1.0	3.919299414398922	22737
142	0.9999992300424183	1.0	3.919299414398922	22895
143	0.9999993022259416	1.0	3.919299414398922	23052
144	0.9999993676422595	1.0	3.919299414398922	23208
145	0.9999994269257977	1.0	3.919299414398922	23363
146	0.9999994806515041	1.0	3.919299414398922	23518
147	0.9999995293404257	1.0	3.919299414398922	23672
148	0.9999995734647608	1.0	3.919299414398922	23825
149	0.9999996134524395	1.0	3.919299414398922	23980
150	0.9999996496912732	1.0	3.919299414398922	24134
151	0.9999996825327164	1.0	3.919299414398922	24295
152	0.9999997122952742	1.0	3.919299414398922	24595
153	0.9999997392675922	1.0	3.919299414398922	24748
154	0.9999997637112554	1.0	3.919299414398922	24906
155	0.9999997858633253	1.0	3.919299414398922	25089
156	0.9999998059386386	1.0	3.919299414398922	25245
157	0.9999998241318911	1.0	3.919299414398922	25405
158	0.9999998406195264	1.0	3.919299414398922	25562
159	0.9999998555614458	1.0	3.919299414398922	25716
160	0.9999998691025602	1.0	3.919299414398922	25877
161	0.9999998813741953	1.0	3.919299414398922	26032
162	0.9999998924953644	1.0	3.919299414398922	26191
163	0.999999902573924	1.0	3.919299414398922	26347
164	0.9999999117076186	1.0	3.919299414398922	26503
165	0.9999999199850294	1.0	3.919299414398922	26664
166	0.9999999274864328	1.0	3.919299414398922	26821
167	0.9999999342845798	1.0	3.919299414398922	26980
168	0.9999999404454004	1.0	3.919299414398922	27136
169	0.9999999460286442	1.0	3.919299414398922	27291
170	0.9999999510884587	1.0	3.919299414398922	27446
171	0.9999999556739158	1.0	3.919299414398922	27601
172	0.9999999598294862	1.0	3.919299414398922	27756
173	0.9999999635954718	1.0	3.919299414398922	27911
174	0.9999999670083963	1.0	3.919299414398922	28068
175	0.9999999701013592	1.0	3.919299414398922	28225
176	0.9999999729043567	1.0	3.919299414398922	28379
177	0.9999999754445733	1.0	3.919299414398922	28535
178	0.9999999777466445	1.0	3.919299414398922	28689
179	0.9999999798328967	1.0	3.919299414398922	28844
180	0.9999999817235625	1.0	3.919299414398922	28999
181	0.9999999834369786	1.0	3.919299414398922	29182
182	0.9999999849897618	1.0	3.919299414398922	29338
183	0.9999999863969716	1.0	3.919299414398922	29492
184	0.9999999876722556	1.0	3.919299414398922	29650
185	0.9999999888279816	1.0	3.919299414398922	29806
186	0.9999999898753583	1.0	3.919299414398922	29964
187	0.9999999908245435	1.0	3.919299414398922	30120
188	0.9999999916847425	1.0	3.919299414398922	30276
189	0.9999999924642979	1.0	3.919299414398922	30429
190	0.99999999317077	1.0	3.919299414398922	30587
191	0.9999999938110103	1.0	3.919299414398922	30745
192	0.9999999943912281	1.0	3.919299414398922	30903
193	0.9999999949170505	1.0	3.919299414398922	31059
194	0.999999995393577	1.0	3.919299414398922	31217
195	0.9999999958254291	1.0	3.919299414398922	31381
196	0.9999999962167951	1.0	3.919299414398922	31535
197	0.9999999965714707	1.0	3.919299414398922	31691
198	0.9999999968928952	1.0	3.919299414398922	31844
199	0.9999999971841863	1.0	3.919299414398922	31999
200	0.9999999974481688	1.0	3.919299414398922	32177
201	0.999999997687403	1.0	3.919299414398922	32330
202	0.999999997904209	1.0	3.919299414398922	32485
203	0.9999999981006894	1.0	3.919299414398922	32639
204	0.9999999982787497	1.0	3.919299414398922	32794
205	0.999999998440117	1.0	3.919299414398922	32953
206	0.999999998586356	1.0	3.919299414398922	33108
207	0.9999999987188851	1.0	3.919299414398922	33265
208	0.9999999988389896	1.0	3.919299414398922	33419
209	0.9999999989478344	1.0	3.919299414398922	33577
210	0.9999999990464749	1.0	3.919299414398922	33735
211	0.9999999991358679	1.0	3.919299414398922	33893
212	0.9999999992168802	1.0	3.919299414398922	34050
213	0.9999999992902977	1.0	3.919299414398922	34204
214	0.9999999993568324	1.0	3.919299414398922	34360
215	0.9999999994171292	1.0	3.919299414398922	34518
216	0.9999999994717734	1.0	3.919299414398922	34675
217	0.9999999995212947	1.0	3.919299414398922	34830
218	0.9999999995661732	1.0	3.919299414398922	34983
219	0.9999999996068445	1.0	3.919299414398922	35139
220	0.9999999996437029	1.0	3.919299414398922	35299
221	0.9999999996771057	1.0	3.919299414398922	35451
222	0.9999999997073771	1.0	3.919299414398922	35607
223	0.9999999997348105	1.0	3.919299414398922	35772
224	0.999999999759672	1.0	3.919299414398922	35935
225	0.9999999997822028	1.0	3.919299414398922	36094
226	0.9999999998026212	1.0	3.919299414398922	36248
227	0.9999999998211255	1.0	3.919299414398922	36411
228	0.999999999837895	1.0	3.919299414398922	36565
229	0.9999999998530923	1.0	3.919299414398922	36726
230	0.9999999998668649	1.0	3.919299414398922	36879
231	0.9999999998793463	1.0	3.919299414398922	37035
232	0.9999999998906576	1.0	3.919299414398922	37188
233	0.9999999999009085	1.0	3.919299414398922	37348
234	0.9999999999101983	1.0	3.919299414398922	37504
235	0.9999999999186172	1.0	3.919299414398922	37659
236	0.9999999999262469	1.0	3.919299414398922	37820
237	0.9999999999331612	1.0	3.919299414398922	37975
238	0.9999999999394273	1.0	3.919299414398922	38131
239	0.999999999945106	1.0	3.919299414398922	38287
240	0.9999999999502523	1.0	3.919299414398922	38446
241	0.9999999999549162	1.0	3.919299414398922	38614
242	0.9999999999591428	1.0	3.919299414398922	38769
243	0.9999999999629732	1.0	3.919299414398922	38923
244	0.9999999999664444	1.0	3.919299414398922	39077
245	0.9999999999695902	1.0	3.919299414398922	39232
246	0.9999999999724412	1.0	3.919299414398922	39386
247	0.9999999999750248	1.0	3.919299414398922	39544
248	0.9999999999773662	1.0	3.919299414398922	39701
249	0.9999999999794882	1.0	3.919299414398922	39856
250	0.9999999999814111	1.0	3.919299414398922	40012
251	0.9999999999831538	1.0	3.919299414398922	40168
252	0.9999999999847332	1.0	3.919299414398922	40323
253	0.9999999999861644	1.0	3.919299414398922	40479
254	0.9999999999874615	1.0	3.919299414398922	40634
255	0.999999999988637	1.0	3.919299414398922	40791
256	0.9999999999897022	1.0	3.919299414398922	40946
257	0.9999999999906677	1.0	3.919299414398922	41107
258	0.9999999999915425	1.0	3.919299414398922	41267
259	0.9999999999923355	1.0	3.919299414398922	41422
260	0.999999999993054	1.0	3.919299414398922	41580
261	0.9999999999937053	1.0	3.919299414398922	41734
262	0.9999999999942953	1.0	3.919299414398922	41890
263	0.9999999999948301	1.0	3.919299414398922	42044
264	0.9999999999953149	1.0	3.919299414398922	42199
265	0.9999999999957541	1.0	3.919299414398922	42354
266	0.9999999999961521	1.0	3.919299414398922	42507
267	0.9999999999965129	1.0	3.919299414398922	42664
268	0.9999999999968398	1.0	3.919299414398922	42818
269	0.9999999999971361	1.0	3.919299414398922	42987
270	0.9999999999974045	1.0	3.919299414398922	43142
271	0.9999999999976479	1.0	3.919299414398922	43299
272	0.9999999999978684	1.0	3.919299414398922	43457
273	0.9999999999980682	1.0	3.919299414398922	43617
274	0.9999999999982493	1.0	3.919299414398922	43778
275	0.9999999999984135	1.0	3.919299414398922	43934
276	0.9999999999985622	1.0	3.919299414398922	44090
277	0.9999999999986969	1.0	3.919299414398922	44245
278	0.9999999999988192	1.0	3.919299414398922	44405
279	0.9999999999989299	1.0	3.919299414398922	44562
280	0.9999999999990302	1.0	3.919299414398922	44717
281	0.9999999999991211	1.0	3.919299414398922	44873
282	0.9999999999992035	1.0	3.919299414398922	45027
283	0.9999999999992781	1.0	3.919299414398922	45180
284	0.9999999999993459	1.0	3.919299414398922	45335
285	0.9999999999994071	1.0	3.919299414398922	45495
286	0.9999999999994628	1.0	3.919299414398922	45650
287	0.9999999999995131	1.0	3.919299414398922	45827
288	0.9999999999995588	1.0	3.919299414398922	45987
289	0.9999999999996001	1.0	3.919299414398922	46143
290	0.9999999999996376	1.0	3.919299414398922	46299
291	0.9999999999996716	1.0	3.919299414398922	46453
292	0.9999999999997023	1.0	3.919299414398922	46610
293	0.9999999999997303	1.0	3.919299414398922	46764
294	0.9999999999997555	1.0	3.919299414398922	46921
295	0.9999999999997785	1.0	3.919299414398922	47078
296	0.9999999999997993	1.0	3.919299414398922	47233
297	0.999999999999818	1.0	3.919299414398922	47390
298	0.9999999999998351	1.0	3.919299414398922	47543
299	0.9999999999998506	1.0	3.919299414398922	47697
300	0.9999999999998646	1.0	3.919299414398922	47854
301	0.9999999999998773	1.0	3.919299414398922	48016
302	0.9999999999998888	1.0	3.919299414398922	48176
303	0.9999999999998992	1.0	3.919299414398922	48335
304	0.9999999999999086	1.0	3.919299414398922	48489
305	0.9999999999999172	1.0	3.919299414398922	48644
306	0.999999999999925	1.0	3.919299414398922	48798
307	0.999999999999932	1.0	3.919299414398922	48952
308	0.9999999999999384	1.0	3.919299414398922	49107
309	0.9999999999999442	1.0	3.919299414398922	49266
310	0.9999999999999494	1.0	3.919299414398922	49421
311	0.9999999999999541	1.0	3.919299414398922	49576
312	0.9999999999999585	1.0	3.919299414398922	49735
313	0.9999999999999624	1.0	3.919299414398922	49895
314	0.9999999999999659	1.0	3.919299414398922	50047
315	0.999999999999969	1.0	3.919299414398922	50205
316	0.999999999999972	1.0	3.919299414398922	50360
317	0.9999999999999746	1.0	3.919299414398922	50514
318	0.999999999999977	1.0	3.919299414398922	50673
319	0.9999999999999791	1.0	3.919299414398922	50825
320	0.9999999999999811	1.0	3.919299414398922	50979
321	0.9999999999999829	1.0	3.919299414398922	51134
322	0.9999999999999845	1.0	3.919299414398922	51290
323	0.9999999999999859	1.0	3.919299414398922	51450
324	0.9999999999999872	1.0	3.919299414398922	51605
325	0.9999999999999885	1.0	3.919299414398922	51759
326	0.9999999999999896	1.0	3.919299414398922	51914
327	0.9999999999999906	1.0	3.919299414398922	52069
328	0.9999999999999915	1.0	3.919299414398922	52225
329	0.9999999999999922	1.0	3.919299414398922	52383
330	0.9999999999999929	1.0	3.919299414398922	52539
331	0.9999999999999936	1.0	3.919299414398922	52702
332	0.9999999999999942	1.0	3.919299414398922	52862
333	0.9999999999999948	1.0	3.919299414398922	53019
334	0.9999999999999952	1.0	3.919299414398922	53181
335	0.9999999999999957	1.0	3.919299414398922	53339
336	0.9999999999999961	1.0	3.919299414398922	53497
337	0.9999999999999964	1.0	3.919299414398922	53660
338	0.9999999999999968	1.0	3.919299414398922	53820
339	0.9999999999999971	1.0	3.919299414398922	53976
340	0.9999999999999973	1.0	3.919299414398922	54131
341	0.9999999999999976	1.0	3.919299414398922	54289
342	0.9999999999999978	1.0	3.919299414398922	54443
343	0.999999999999998	1.0	3.919299414398922	54602
344	0.9999999999999982	1.0	3.919299414398922	54769
345	0.9999999999999983	1.0	3.919299414398922	54926
346	0.9999999999999986	1.0	3.919299414398922	55084
347	0.9999999999999987	1.0	3.919299414398922	55247
348	0.9999999999999988	1.0	3.919299414398922	55400
349	0.9999999999999989	1.0	3.919299414398922	55555
350	0.999999999999999	1.0	3.919299414398922	55714
351	0.9999999999999991	1.0	3.919299414398922	55874
352	0.9999999999999992	1.0	3.919299414398922	56029
353	0.9999999999999992	1.0	3.919299414398922	56189
354	0.9999999999999993	1.0	3.919299414398922	56342
355	0.9999999999999994	1.0	3.919299414398922	56496
356	0.9999999999999994	1.0	3.919299414398922	56651
357	0.9999999999999996	1.0	3.919299414398922	56810
358	0.9999999999999996	1.0	3.919299414398922	56983
359	0.9999999999999996	1.0	3.919299414398922	57139
360	0.9999999999999997	1.0	3.919299414398922	57296
361	0.9999999999999997	1.0	3.919299414398922	57455
362	0.9999999999999997	1.0	3.919299414398922	57616
363	0.9999999999999998	1.0	3.919299414398922	57772
364	0.9999999999999998	1.0	3.919299414398922	57909
365	0.9999999999999998	1.0	3.919299414398922	58041
366	0.9999999999999998	1.0	3.919299414398922	58174
367	0.9999999999999998	1.0	3.919299414398922	58309
368	0.9999999999999998	1.0	3.919299414398922	58440
369	0.9999999999999999	1.0	3.919299414398922	58576
370	0.9999999999999999	1.0	3.919299414398922	58709
371	0.9999999999999999	1.0	3.919299414398922	58845
372	0.9999999999999999	1.0	3.919299414398922	58978
373	0.9999999999999999	1.0	3.919299414398922	59110
374	0.9999999999999999	1.0	3.919299414398922	59247
375	0.9999999999999999	1.0	3.919299414398922	59378
376	0.9999999999999999	1.0	3.919299414398922	59511
377	0.9999999999999999	1.0	3.919299414398922	59642
378	0.9999999999999999	1.0	3.919299414398922	59789
379	0.9999999999999999	1.0	3.919299414398922	59924
380	1.0	1.0	3.919299414398922	60056
381	1.0	1.0	3.919299414398922	60212
382	1.0	1.0	3.919299414398922	60365
383	1.0	1.0	3.919299414398922	60516
384	1.0	1.0	3.919299414398922	60658
385	1.0	1.0	3.919299414398922	60818
386	1.0	1.0	3.919299414398922	60974
387	1.0	1.0	3.919299414398922	61131
388	1.0	1.0	3.919299414398922	61282
389	1.0	1.0	3.919299414398922	61433
390	1.0	1.0	3.919299414398922	61583
391	1.0	1.0	3.919299414398922	61733
392	1.0	1.0	3.919299414398922	61884
393	1.0	1.0	3.919299414398922	62040
394	1.0	1.0	3.919299414398922	62194
395	1.0	1.0	3.919299414398922	62325
396	1.0	1.0	3.919299414398922	62482
397	1.0	1.0	3.919299414398922	62632
398	1.0	1.0	3.919299414398922	62786
399	1.0	1.0	3.919299414398922	62938
400	1.0	1.0	3.919299414398922	63091
401	1.0	1.0	3.919299414398922	63245
402	1.0	1.0	3.919299414398922	63397
403	1.0	1.0	3.919299414398922	63544
404	1.0	1.0	3.919299414398922	63678
405	1.0	1.0	3.919299414398922	63831
406	1.0	1.0	3.919299414398922	63983
407	1.0	1.0	3.919299414398922	64137
408	1.0	1.0	3.919299414398922	64294
409	1.0	1.0	3.919299414398922	64447
410	1.0	1.0	3.919299414398922	64606
411	1.0	1.0	3.919299414398922	64757
412	1.0	1.0	3.919299414398922	64921
413	1.0	1.0	3.919299414398922	65077
414	1.0	1.0	3.919299414398922	65232
415	1.0	1.0	3.919299414398922	65390
416	1.0	1.0	3.919299414398922	65542
417	1.0	1.0	3.919299414398922	65695
418	1.0	1.0	3.919299414398922	65855
419	1.0	1.0	3.919299414398922	66008
420	1.0	1.0	3.919299414398922	66159
421	1.0	1.0	3.919299414398922	66309
422	1.0	1.0	3.919299414398922	66465
423	1.0	1.0	3.919299414398922	66621
424	1.0	1.0	3.919299414398922	66778
425	1.0	1.0	3.919299414398922	66932
426	1.0	1.0	3.919299414398922	67087
427	1.0	1.0	3.919299414398922	67245
428	1.0	1.0	3.919299414398922	67400
429	1.0	1.0	3.919299414398922	67562
430	1.0	1.0	3.919299414398922	67714
431	1.0	1.0	3.919299414398922	67861
432	1.0	1.0	3.919299414398922	68012
433	1.0	1.0	3.919299414398922	68160
434	1.0	1.0	3.919299414398922	68308
435	1.0	1.0	3.919299414398922	68456
436	1.0	1.0	3.919299414398922	68596
437	1.0	1.0	3.919299414398922	68742
438	1.0	1.0	3.919299414398922	68891
439	1.0	1.0	3.919299414398922	69044
440	1.0	1.0	3.919299414398922	69191
441	1.0	1.0	3.919299414398922	69351
442	1.0	1.0	3.919299414398922	69503
443	1.0	1.0	3.919299414398922	69650
444	1.0	1.0	3.919299414398922	69798
445	1.0	1.0	3.919299414398922	69943
446	1.0	1.0	3.919299414398922	70093
447	1.0	1.0	3.919299414398922	70240
448	1.0	1.0	3.919299414398922	70386
449	1.0	1.0	3.919299414398922	70533
450	1.0	1.0	3.919299414398922	70682
451	1.0	1.0	3.919299414398922	70828
452	1.0	1.0	3.919299414398922	70978
453	1.0	1.0	3.919299414398922	71129
454	1.0	1.0	3.919299414398922	71280
455	1.0	1.0	3.919299414398922	71429
456	1.0	1.0	3.919299414398922	71559
457	1.0	1.0	3.919299414398922	71710
458	1.0	1.0	3.919299414398922	71855
459	1.0	1.0	3.919299414398922	72002
460	1.0	1.0	3.919299414398922	72155
461	1.0	1.0	3.919299414398922	72302
462	1.0	1.0	3.919299414398922	72454
463	1.0	1.0	3.919299414398922	72609
464	1.0	1.0	3.919299414398922	72762
465	1.0	1.0	3.919299414398922	72909
466	1.0	1.0	3.919299414398922	73054
467	1.0	1.0	3.919299414398922	73189
468	1.0	1.0	3.919299414398922	73317
469	1.0	1.0	3.919299414398922	73450
470	1.0	1.0	3.919299414398922	73581
471	1.0	1.0	3.919299414398922	73713
472	1.0	1.0	3.919299414398922	73841
473	1.0	1.0	3.919299414398922	73970
474	1.0	1.0	3.919299414398922	74102
475	1.0	1.0	3.919299414398922	74229
476	1.0	1.0	3.919299414398922	74367
477	1.0	1.0	3.919299414398922	74502
478	1.0	1.0	3.919299414398922	74628
479	1.0	1.0	3.919299414398922	74761
480	1.0	1.0	3.919299414398922	74894
481	1.0	1.0	3.919299414398922	75028
482	1.0	1.0	3.919299414398922	75160
483	1.0	1.0	3.919299414398922	75293
484	1.0	1.0	3.919299414398922	75425
485	1.0	1.0	3.919299414398922	75552
486	1.0	1.0	3.919299414398922	75685
487	1.0	1.0	3.919299414398922	75816
488	1.0	1.0	3.919299414398922	75950
489	1.0	1.0	3.919299414398922	76077
490	1.0	1.0	3.919299414398922	76206
491	1.0	1.0	3.919299414398922	76333
492	1.0	1.0	3.919299414398922	76465
493	1.0	1.0	3.919299414398922	76593
494	1.0	1.0	3.919299414398922	76723
495	1.0	1.0	3.919299414398922	76854
496	1.0	1.0	3.919299414398922	76984
497	1.0	1.0	3.919299414398922	77112
498	1.0	1.0	3.919299414398922	77245
499	1.0	1.0	3.919299414398922	77381
