0	0.09375	0.33333333333333326	3.919299414398922	640
1	0.1787109375	0.4444444444444443	3.919299414398922	768
2	0.255706787109375	0.6296296296296295	3.919299414398922	896
3	0.3254842758178711	0.6913580246913579	3.919299414398922	1063
4	0.3887201249599457	0.7427983539094649	3.919299414398922	1219
5	0.44602761324495077	0.7856652949245541	3.919299414398922	1415
6	0.49796252450323664	0.8213877457704617	3.919299414398922	1557
7	0.5450285378310582	0.8809251638469744	3.919299414398922	1732
8	0.5876821124093965	0.920616775897983	3.919299414398922	1913
9	0.6263369143710156	0.9338473132483192	3.919299414398922	2080
10	0.6613678286487329	0.9558982088322128	3.919299414398922	2310
11	0.6931145947129143	0.9632485073601773	3.919299414398922	2484
12	0.7218851014585785	0.9754990049067849	3.919299414398922	2651
13	0.7479583731968367	0.9795825040889874	3.919299414398922	2797
14	0.7715872757096333	0.986388336059325	3.919299414398922	2943
15	0.7930009686118552	0.9909255573728832	3.919299414398922	3093
16	0.8124071278044938	0.9939503715819222	3.919299414398922	3237
17	0.8299939595728225	0.9959669143879482	3.919299414398922	3385
18	0.8459320258628704	0.997311276258632	3.919299414398922	3525
19	0.8603758984382263	0.9982075175057548	3.919299414398922	3676
20	0.8734656579596425	0.998506264588129	3.919299414398922	3823
21	0.8853282525259261	0.9990041763920859	3.919299414398922	3965
22	0.8960787288516205	0.999336117594724	3.919299414398922	4102
23	0.905821348021781	0.99944676466227	3.919299414398922	4244
24	0.9146505966447391	0.9995389705518917	3.919299414398922	4387
25	0.9226521032092948	0.9996158087932431	3.919299414398922	4528
26	0.9299034685334234	0.9996798406610359	3.919299414398922	4675
27	0.936475018358415	0.9997332005508632	3.919299414398922	4859
28	0.9424304853873136	0.9997776671257194	3.919299414398922	5006
29	0.9478276273822529	0.9998517780838129	3.919299414398922	5148
30	0.9527187873151667	0.9998764817365108	3.919299414398922	5296
31	0.9571514010043698	0.9999176544910071	3.919299414398922	5444
32	0.9611684571602102	0.9999313787425059	3.919299414398922	5584
33	0.9648089143014404	0.999954252495004	3.919299414398922	5733
34	0.9681080785856804	0.999969501663336	3.919299414398922	5881
35	0.9710979462182728	0.9999796677755574	3.919299414398922	6024
36	0.9738075137603098	0.9999864451837048	3.919299414398922	6163
37	0.9762630593452808	0.9999909634558033	3.919299414398922	6311
38	0.9784883975316607	0.9999939756372022	3.919299414398922	6462
39	0.9805051102630675	0.9999959837581348	3.919299414398922	6611
40	0.9823327561759049	0.9999973225054232	3.919299414398922	6773
41	0.9839890602844138	0.9999982150036154	3.919299414398922	6921
42	0.98549008588275	0.9999988100024103	3.919299414398922	7062
43	0.9868503903312422	0.9999992066682736	3.919299414398922	7202
44	0.9880831662376882	0.999999338890228	3.919299414398922	7344
45	0.989200369402905	0.9999995592601519	3.919299414398922	7487
46	0.9902128347713827	0.9999997061734346	3.919299414398922	7632
47	0.9911303815115655	0.9999998041156231	3.919299414398922	7781
48	0.9919619082448563	0.9999998694104154	3.919299414398922	7929
49	0.992715479346901	0.9999998911753462	3.919299414398922	8071
50	0.993398403158129	0.9999999093127885	3.919299414398922	8221
51	0.9940173028620544	0.999999939541859	3.919299414398922	8363
52	0.9945781807187368	0.9999999596945727	3.919299414398922	8503
53	0.9950864762763553	0.9999999731297151	3.919299414398922	8642
54	0.9955471191254469	0.9999999820864768	3.919299414398922	8789
55	0.9959645767074363	0.9999999860672597	3.919299414398922	8931
56	0.9963428976411142	0.9999999907115065	3.919299414398922	9077
57	0.9966857509872596	0.999999993807671	3.919299414398922	9224
58	0.9969964618322041	0.9999999958717807	3.919299414398922	9371
59	0.9972780435354349	0.9999999965598172	3.919299414398922	9519
60	0.9975332269539879	0.9999999977065448	3.919299414398922	9659
61	0.9977644869270516	0.9999999984710298	3.919299414398922	9801
62	0.9979740662776405	0.9999999989806866	3.919299414398922	9942
63	0.9981639975641117	0.9999999993204577	3.919299414398922	10090
64	0.9983361227924762	0.9999999995469718	3.919299414398922	10232
65	0.9984921112806816	0.9999999996979813	3.919299414398922	10372
66	0.9986334758481177	0.9999999997483177	3.919299414398922	10512
67	0.9987615874873567	0.9999999997902648	3.919299414398922	10660
68	0.9988776886604169	0.9999999998601765	3.919299414398922	10807
69	0.9989829053485029	0.9999999998834804	3.919299414398922	10947
70	0.9990782579720807	0.9999999999223202	3.919299414398922	11086
71	0.9991646712871981	0.9999999999352669	3.919299414398922	11233
72	0.9992429833540233	0.9999999999568446	3.919299414398922	11376
73	0.9993139536645836	0.9999999999712297	3.919299414398922	11519
74	0.9993782705085289	0.9999999999808198	3.919299414398922	11666
75	0.9994365576483544	0.9999999999840166	3.919299414398922	11814
76	0.9994893803688211	0.9999999999866804	3.919299414398922	11954
77	0.9995372509592442	0.9999999999896403	3.919299414398922	12101
78	0.999580633681815	0.9999999999930935	3.919299414398922	12246
79	0.9996199492741449	0.9999999999953957	3.919299414398922	12394
80	0.9996555790296938	0.9999999999961631	3.919299414398922	12539
81	0.9996878684956599	0.999999999997442	3.919299414398922	12683
82	0.9997171308241919	0.9999999999982947	3.919299414398922	12832
83	0.9997436498094239	0.9999999999988631	3.919299414398922	12977
84	0.9997676826397903	0.9999999999990526	3.919299414398922	13117
85	0.99978946239231	0.9999999999993684	3.919299414398922	13258
86	0.999809200293031	0.9999999999995789	3.919299414398922	13400
87	0.9998270877655593	0.9999999999996492	3.919299414398922	13548
88	0.9998432982875382	0.9999999999997661	3.919299414398922	13696
89	0.9998579890730814	0.999999999999844	3.919299414398922	13841
90	0.99987130259748	0.9999999999998961	3.919299414398922	13980
91	0.9998833679789663	0.9999999999999307	3.919299414398922	14119
92	0.9998943022309382	0.9999999999999538	3.919299414398922	14268
93	0.9999042113967878	0.999999999999964	3.919299414398922	14408
94	0.9999131915783389	0.999999999999976	3.919299414398922	14549
95	0.9999213298678696	0.99999999999998	3.919299414398922	14688
96	0.9999287051927569	0.9999999999999867	3.919299414398922	14828
97	0.9999353890809359	0.9999999999999911	3.919299414398922	14971
98	0.9999414463545981	0.9999999999999941	3.919299414398922	15113
99	0.9999469357588546	0.9999999999999951	3.919299414398922	15260
100	0.9999519105314619	0.9999999999999959	3.919299414398922	15403
101	0.9999564189191374	0.9999999999999972	3.919299414398922	15548
102	0.9999605046454683	0.9999999999999977	3.919299414398922	15690
103	0.9999642073349556	0.9999999999999981	3.919299414398922	15833
104	0.9999675628973035	0.9999999999999988	3.919299414398922	15978
105	0.9999706038756814	0.9999999999999991	3.919299414398922	16125
106	0.9999733597623361	0.9999999999999993	3.919299414398922	16268
107	0.9999758572846171	0.9999999999999994	3.919299414398922	16412
108	0.9999781206641843	0.9999999999999997	3.919299414398922	16556
109	0.999980171851917	0.9999999999999997	3.919299414398922	16700
110	0.9999820307407998	0.9999999999999998	3.919299414398922	16857
111	0.9999837153588499	0.9999999999999999	3.919299414398922	17137
112	0.9999852420439577	0.9999999999999999	3.919299414398922	17425
113	0.9999866256023366	0.9999999999999999	3.919299414398922	17568
114	0.9999878794521175	0.9999999999999999	3.919299414398922	17713
115	0.9999890157534815	1.0	3.919299414398922	17853
116	0.9999900455265927	1.0	3.919299414398922	17996
117	0.9999909787584746	1.0	3.919299414398922	18137
118	0.9999918244998676	1.0	3.919299414398922	18280
119	0.999992590953005	1.0	3.919299414398922	18423
120	0.9999932855511607	1.0	3.919299414398922	18563
121	0.9999939150307394	1.0	3.919299414398922	18704
122	0.9999944854966076	1.0	3.919299414398922	18846
123	0.9999950024813007	1.0	3.919299414398922	18986
124	0.9999954709986787	1.0	3.919299414398922	19131
125	0.9999958955925526	1.0	3.919299414398922	19271
126	0.9999962803807508	1.0	3.919299414398922	19412
127	0.9999966290950554	1.0	3.919299414398922	19554
128	0.999996945117394	1.0	3.919299414398922	19696
129	0.9999972315126383	1.0	3.919299414398922	19838
130	0.9999974910583285	1.0	3.919299414398922	19981
131	0.9999977262716101	1.0	3.919299414398922	20123
132	0.9999979394336467	1.0	3.919299414398922	20266
133	0.9999981326117423	1.0	3.919299414398922	20407
134	0.9999983076793915	1.0	3.919299414398922	20551
135	0.9999984663344486	1.0	3.919299414398922	20692
136	0.999998610115594	1.0	3.919299414398922	20834
137	0.999998740417257	1.0	3.919299414398922	20978
138	0.9999988585031392	1.0	3.919299414398922	21120
139	0.9999989655184699	1.0	3.919299414398922	21261
140	0.9999990625011134	1.0	3.919299414398922	21408
141	0.999999150391634	1.0	3.919299414398922	21548
142	0.9999992300424183	1.0	3.919299414398922	21689
143	0.9999993022259416	1.0	3.919299414398922	21829
144	0.9999993676422595	1.0	3.919299414398922	21974
145	0.9999994269257977	1.0	3.919299414398922	22114
146	0.9999994806515041	1.0	3.919299414398922	22254
147	0.9999995293404257	1.0	3.919299414398922	22397
148	0.9999995734647608	1.0	3.919299414398922	22538
149	0.9999996134524395	1.0	3.919299414398922	22677
150	0.9999996496912732	1.0	3.919299414398922	22816
151	0.9999996825327164	1.0	3.919299414398922	22956
152	0.9999997122952742	1.0	3.919299414398922	23100
153	0.9999997392675922	1.0	3.919299414398922	23240
154	0.9999997637112554	1.0	3.919299414398922	23380
155	0.9999997858633253	1.0	3.919299414398922	23523
156	0.9999998059386386	1.0	3.919299414398922	23678
157	0.9999998241318911	1.0	3.919299414398922	23953
158	0.9999998406195264	1.0	3.919299414398922	24109
159	0.9999998555614458	1.0	3.919299414398922	24252
160	0.9999998691025602	1.0	3.919299414398922	24394
161	0.9999998813741953	1.0	3.919299414398922	24534
162	0.9999998924953644	1.0	3.919299414398922	24675
163	0.999999902573924	1.0	3.919299414398922	24817
164	0.9999999117076186	1.0	3.919299414398922	24958
165	0.9999999199850294	1.0	3.919299414398922	25100
166	0.9999999274864328	1.0	3.919299414398922	25241
167	0.9999999342845798	1.0	3.919299414398922	25384
168	0.9999999404454004	1.0	3.919299414398922	25526
169	0.9999999460286442	1.0	3.919299414398922	25669
170	0.9999999510884587	1.0	3.919299414398922	25810
171	0.9999999556739158	1.0	3.919299414398922	25951
172	0.9999999598294862	1.0	3.919299414398922	26092
173	0.9999999635954718	1.0	3.919299414398922	26235
174	0.9999999670083963	1.0	3.919299414398922	26395
175	0.9999999701013592	1.0	3.919299414398922	26548
176	0.9999999729043567	1.0	3.919299414398922	26692
177	0.9999999754445733	1.0	3.919299414398922	26852
178	0.9999999777466445	1.0	3.919299414398922	26992
179	0.9999999798328967	1.0	3.919299414398922	27132
180	0.9999999817235625	1.0	3.919299414398922	27271
181	0.9999999834369786	1.0	3.919299414398922	27412
182	0.9999999849897618	1.0	3.919299414398922	27557
183	0.9999999863969716	1.0	3.919299414398922	27698
184	0.9999999876722556	1.0	3.919299414398922	27844
185	0.9999999888279816	1.0	3.919299414398922	27991
186	0.9999999898753583	1.0	3.919299414398922	28132
187	0.9999999908245435	1.0	3.919299414398922	28271
188	0.9999999916847425	1.0	3.919299414398922	28409
189	0.9999999924642979	1.0	3.919299414398922	28552
190	0.99999999317077	1.0	3.919299414398922	28694
191	0.9999999938110103	1.0	3.919299414398922	28836
192	0.9999999943912281	1.0	3.919299414398922	28978
193	0.9999999949170505	1.0	3.919299414398922	29123
194	0.999999995393577	1.0	3.919299414398922	29262
195	0.9999999958254291	1.0	3.919299414398922	29407
196	0.9999999962167951	1.0	3.919299414398922	29547
197	0.9999999965714707	1.0	3.919299414398922	29691
198	0.9999999968928952	1.0	3.919299414398922	29831
199	0.9999999971841863	1.0	3.919299414398922	29972
200	0.9999999974481688	1.0	3.919299414398922	30115
201	0.999999997687403	1.0	3.919299414398922	30263
202	0.999999997904209	1.0	3.919299414398922	30406
203	0.9999999981006894	1.0	3.919299414398922	30551
204	0.9999999982787497	1.0	3.919299414398922	30691
205	0.999999998440117	1.0	3.919299414398922	30834
206	0.999999998586356	1.0	3.919299414398922	30976
207	0.9999999987188851	1.0	3.919299414398922	31119
208	0.9999999988389896	1.0	3.919299414398922	31262
209	0.9999999989478344	1.0	3.919299414398922	31402
210	0.9999999990464749	1.0	3.919299414398922	31542
211	0.9999999991358679	1.0	3.919299414398922	31682
212	0.9999999992168802	1.0	3.919299414398922	31826
213	0.9999999992902977	1.0	3.919299414398922	31972
214	0.9999999993568324	1.0	3.919299414398922	32117
215	0.9999999994171292	1.0	3.919299414398922	32258
216	0.9999999994717734	1.0	3.919299414398922	32401
217	0.9999999995212947	1.0	3.919299414398922	32541
218	0.9999999995661732	1.0	3.919299414398922	32685
219	0.9999999996068445	1.0	3.919299414398922	32825
220	0.9999999996437029	1.0	3.919299414398922	32968
221	0.9999999996771057	1.0	3.919299414398922	33115
222	0.9999999997073771	1.0	3.919299414398922	33256
223	0.9999999997348105	1.0	3.919299414398922	33397
224	0.999999999759672	1.0	3.919299414398922	33538
225	0.9999999997822028	1.0	3.919299414398922	33680
226	0.9999999998026212	1.0	3.919299414398922	33823
227	0.9999999998211255	1.0	3.919299414398922	33969
228	0.999999999837895	1.0	3.919299414398922	34109
229	0.9999999998530923	1.0	3.919299414398922	34251
230	0.9999999998668649	1.0	3.919299414398922	34394
231	0.9999999998793463	1.0	3.919299414398922	34532
232	0.9999999998906576	1.0	3.919299414398922	34673
233	0.9999999999009085	1.0	3.919299414398922	34813
234	0.9999999999101983	1.0	3.919299414398922	34953
235	0.9999999999186172	1.0	3.919299414398922	35095
236	0.9999999999262469	1.0	3.919299414398922	35238
237	0.9999999999331612	1.0	3.919299414398922	35378
238	0.9999999999394273	1.0	3.919299414398922	35521
239	0.999999999945106	1.0	3.919299414398922	35663
240	0.9999999999502523	1.0	3.919299414398922	35806
241	0.9999999999549162	1.0	3.919299414398922	35951
242	0.9999999999591428	1.0	3.919299414398922	36094
243	0.9999999999629732	1.0	3.919299414398922	36237
244	0.9999999999664444	1.0	3.919299414398922	36375
245	0.9999999999695902	1.0	3.919299414398922	36515
246	0.9999999999724412	1.0	3.919299414398922	36659
247	0.9999999999750248	1.0	3.919299414398922	36802
248	0.9999999999773662	1.0	3.919299414398922	36941
249	0.9999999999794882	1.0	3.919299414398922	37091
250	0.9999999999814111	1.0	3.919299414398922	37228
251	0.9999999999831538	1.0	3.919299414398922	37367
252	0.9999999999847332	1.0	3.919299414398922	37512
253	0.9999999999861644	1.0	3.919299414398922	37659
254	0.9999999999874615	1.0	3.919299414398922	37809
255	0.999999999988637	1.0	3.919299414398922	37958
256	0.9999999999897022	1.0	3.919299414398922	38098
257	0.9999999999906677	1.0	3.919299414398922	38240
258	0.9999999999915425	1.0	3.919299414398922	38384
259	0.9999999999923355	1.0	3.919299414398922	38526
260	0.999999999993054	1.0	3.919299414398922	38671
261	0.9999999999937053	1.0	3.919299414398922	38818
262	0.9999999999942953	1.0	3.919299414398922	38964
263	0.9999999999948301	1.0	3.919299414398922	39126
264	0.9999999999953149	1.0	3.919299414398922	39267
265	0.9999999999957541	1.0	3.919299414398922	39415
266	0.9999999999961521	1.0	3.919299414398922	39559
267	0.9999999999965129	1.0	3.919299414398922	39699
268	0.9999999999968398	1.0	3.919299414398922	39838
269	0.9999999999971361	1.0	3.919299414398922	39980
270	0.9999999999974045	1.0	3.919299414398922	40122
271	0.9999999999976479	1.0	3.919299414398922	40271
272	0.9999999999978684	1.0	3.919299414398922	40413
273	0.9999999999980682	1.0	3.919299414398922	40553
274	0.9999999999982493	1.0	3.919299414398922	40694
275	0.9999999999984135	1.0	3.919299414398922	40836
276	0.9999999999985622	1.0	3.919299414398922	40976
277	0.9999999999986969	1.0	3.919299414398922	41118
278	0.9999999999988192	1.0	3.919299414398922	41260
279	0.9999999999989299	1.0	3.919299414398922	41400
280	0.9999999999990302	1.0	3.919299414398922	41541
281	0.9999999999991211	1.0	3.919299414398922	41682
282	0.9999999999992035	1.0	3.919299414398922	41824
283	0.9999999999992781	1.0	3.919299414398922	41967
284	0.9999999999993459	1.0	3.919299414398922	42109
285	0.9999999999994071	1.0	3.919299414398922	42249
286	0.9999999999994628	1.0	3.919299414398922	42388
287	0.9999999999995131	1.0	3.919299414398922	42529
288	0.9999999999995588	1.0	3.919299414398922	42674
289	0.9999999999996001	1.0	3.919299414398922	42817
290	0.9999999999996376	1.0	3.919299414398922	42961
291	0.9999999999996716	1.0	3.919299414398922	43100
292	0.9999999999997023	1.0	3.919299414398922	43244
293	0.9999999999997303	1.0	3.919299414398922	43385
294	0.9999999999997555	1.0	3.919299414398922	43527
295	0.9999999999997785	1.0	3.919299414398922	43666
296	0.9999999999997993	1.0	3.919299414398922	43804
297	0.999999999999818	1.0	3.919299414398922	43944
298	0.9999999999998351	1.0	3.919299414398922	44082
299	0.9999999999998506	1.0	3.919299414398922	44226
300	0.9999999999998646	1.0	3.919299414398922	44372
301	0.9999999999998773	1.0	3.919299414398922	44513
302	0.9999999999998888	1.0	3.919299414398922	44654
303	0.9999999999998992	1.0	3.919299414398922	44798
304	0.9999999999999086	1.0	3.919299414398922	44942
305	0.9999999999999172	1.0	3.919299414398922	45087
306	0.999999999999925	1.0	3.919299414398922	45233
307	0.999999999999932	1.0	3.919299414398922	45378
308	0.9999999999999384	1.0	3.919299414398922	45517
309	0.9999999999999442	1.0	3.919299414398922	45657
310	0.9999999999999494	1.0	3.919299414398922	45801
311	0.9999999999999541	1.0	3.919299414398922	45940
312	0.9999999999999585	1.0	3.919299414398922	46084
313	0.9999999999999624	1.0	3.919299414398922	46227
314	0.9999999999999659	1.0	3.919299414398922	46369
315	0.999999999999969	1.0	3.919299414398922	46515
316	0.999999999999972	1.0	3.919299414398922	46655
317	0.9999999999999746	1.0	3.919299414398922	46795
318	0.999999999999977	1.0	3.919299414398922	46936
319	0.9999999999999791	1.0	3.919299414398922	47079
320	0.9999999999999811	1.0	3.919299414398922	47221
321	0.9999999999999829	1.0	3.919299414398922	47367
322	0.9999999999999845	1.0	3.919299414398922	47508
323	0.9999999999999859	1.0	3.919299414398922	47650
324	0.9999999999999872	1.0	3.919299414398922	47793
325	0.9999999999999885	1.0	3.919299414398922	47934
326	0.9999999999999896	1.0	3.919299414398922	48072
327	0.9999999999999906	1.0	3.919299414398922	48213
328	0.9999999999999915	1.0	3.919299414398922	48354
329	0.9999999999999922	1.0	3.919299414398922	48495
330	0.9999999999999929	1.0	3.919299414398922	48636
331	0.9999999999999936	1.0	3.919299414398922	48780
332	0.9999999999999942	1.0	3.919299414398922	48921
333	0.9999999999999948	1.0	3.919299414398922	49061
334	0.9999999999999952	1.0	3.919299414398922	49204
335	0.9999999999999957	1.0	3.919299414398922	49344
336	0.9999999999999961	1.0	3.919299414398922	49486
337	0.9999999999999964	1.0	3.919299414398922	49630
338	0.9999999999999968	1.0	3.919299414398922	49771
339	0.9999999999999971	1.0	3.919299414398922	49914
340	0.9999999999999973	1.0	3.919299414398922	50059
341	0.9999999999999976	1.0	3.919299414398922	50207
342	0.9999999999999978	1.0	3.919299414398922	50350
343	0.999999999999998	1.0	3.919299414398922	50490
344	0.9999999999999982	1.0	3.919299414398922	50631
345	0.9999999999999983	1.0	3.919299414398922	50778
346	0.9999999999999986	1.0	3.919299414398922	50925
347	0.9999999999999987	1.0	3.919299414398922	51071
348	0.9999999999999988	1.0	3.919299414398922	51211
349	0.9999999999999989	1.0	3.919299414398922	51352
350	0.999999999999999	1.0	3.919299414398922	51496
351	0.9999999999999991	1.0	3.919299414398922	51638
352	0.9999999999999992	1.0	3.919299414398922	51782
353	0.9999999999999992	1.0	3.919299414398922	51928
354	0.9999999999999993	1.0	3.919299414398922	52072
355	0.9999999999999994	1.0	3.919299414398922	52233
356	0.9999999999999994	1.0	3.919299414398922	52373
357	0.9999999999999996	1.0	3.919299414398922	52516
358	0.9999999999999996	1.0	3.919299414398922	52659
359	0.9999999999999996	1.0	3.919299414398922	52799
360	0.9999999999999997	1.0	3.919299414398922	52941
361	0.9999999999999997	1.0	3.919299414398922	53084
362	0.9999999999999997	1.0	3.919299414398922	53225
363	0.9999999999999998	1.0	3.919299414398922	53373
364	0.9999999999999998	1.0	3.919299414398922	53514
365	0.9999999999999998	1.0	3.919299414398922	53656
366	0.9999999999999998	1.0	3.919299414398922	53800
367	0.9999999999999998	1.0	3.919299414398922	53941
368	0.9999999999999998	1.0	3.919299414398922	54084
369	0.9999999999999999	1.0	3.919299414398922	54226
370	0.9999999999999999	1.0	3.919299414398922	54368
371	0.9999999999999999	1.0	3.919299414398922	54514
372	0.9999999999999999	1.0	3.919299414398922	54657
373	0.9999999999999999	1.0	3.919299414398922	54806
374	0.9999999999999999	1.0	3.919299414398922	54944
375	0.9999999999999999	1.0	3.919299414398922	55085
376	0.9999999999999999	1.0	3.919299414398922	55226
377	0.9999999999999999	1.0	3.919299414398922	55368
378	0.9999999999999999	1.0	3.919299414398922	55508
379	0.9999999999999999	1.0	3.919299414398922	55647
380	1.0	1.0	3.919299414398922	55787
381	1.0	1.0	3.919299414398922	55928
382	1.0	1.0	3.919299414398922	56072
383	1.0	1.0	3.919299414398922	56215
384	1.0	1.0	3.919299414398922	56356
385	1.0	1.0	3.919299414398922	56498
386	1.0	1.0	3.919299414398922	56641
387	1.0	1.0	3.919299414398922	56784
388	1.0	1.0	3.919299414398922	56925
389	1.0	1.0	3.919299414398922	57069
390	1.0	1.0	3.919299414398922	57210
391	1.0	1.0	3.919299414398922	57348
392	1.0	1.0	3.919299414398922	57489
393	1.0	1.0	3.919299414398922	57643
394	1.0	1.0	3.919299414398922	57788
395	1.0	1.0	3.919299414398922	57926
396	1.0	1.0	3.919299414398922	58069
397	1.0	1.0	3.919299414398922	58208
398	1.0	1.0	3.919299414398922	58348
399	1.0	1.0	3.919299414398922	58492
400	1.0	1.0	3.919299414398922	58637
401	1.0	1.0	3.919299414398922	58775
402	1.0	1.0	3.919299414398922	58914
403	1.0	1.0	3.919299414398922	59055
404	1.0	1.0	3.919299414398922	59196
405	1.0	1.0	3.919299414398922	59340
406	1.0	1.0	3.919299414398922	59480
407	1.0	1.0	3.919299414398922	59622
408	1.0	1.0	3.919299414398922	59791
409	1.0	1.0	3.919299414398922	59935
410	1.0	1.0	3.919299414398922	60078
411	1.0	1.0	3.919299414398922	60220
412	1.0	1.0	3.919299414398922	60366
413	1.0	1.0	3.919299414398922	60511
414	1.0	1.0	3.919299414398922	60650
415	1.0	1.0	3.919299414398922	60795
416	1.0	1.0	3.919299414398922	60937
417	1.0	1.0	3.919299414398922	61076
418	1.0	1.0	3.919299414398922	61215
419	1.0	1.0	3.919299414398922	61355
420	1.0	1.0	3.919299414398922	61499
421	1.0	1.0	3.919299414398922	61645
422	1.0	1.0	3.919299414398922	61786
423	1.0	1.0	3.919299414398922	61922
424	1.0	1.0	3.919299414398922	62061
425	1.0	1.0	3.919299414398922	62207
426	1.0	1.0	3.919299414398922	62346
427	1.0	1.0	3.919299414398922	62476
428	1.0	1.0	3.919299414398922	62599
429	1.0	1.0	3.919299414398922	62721
430	1.0	1.0	3.919299414398922	62846
431	1.0	1.0	3.919299414398922	62977
432	1.0	1.0	3.919299414398922	63116
433	1.0	1.0	3.919299414398922	63260
434	1.0	1.0	3.919299414398922	63386
435	1.0	1.0	3.919299414398922	63519
436	1.0	1.0	3.919299414398922	63649
437	1.0	1.0	3.919299414398922	63786
438	1.0	1.0	3.919299414398922	63910
439	1.0	1.0	3.919299414398922	64031
440	1.0	1.0	3.919299414398922	64151
441	1.0	1.0	3.919299414398922	64276
442	1.0	1.0	3.919299414398922	64398
443	1.0	1.0	3.919299414398922	64522
444	1.0	1.0	3.919299414398922	64650
445	1.0	1.0	3.919299414398922	64772
446	1.0	1.0	3.919299414398922	64893
447	1.0	1.0	3.919299414398922	65012
448	1.0	1.0	3.919299414398922	65134
449	1.0	1.0	3.919299414398922	65254
450	1.0	1.0	3.919299414398922	65374
451	1.0	1.0	3.919299414398922	65493
452	1.0	1.0	3.919299414398922	65616
453	1.0	1.0	3.919299414398922	65744
454	1.0	1.0	3.919299414398922	65861
455	1.0	1.0	3.919299414398922	65981
456	1.0	1.0	3.919299414398922	66105
457	1.0	1.0	3.919299414398922	66229
458	1.0	1.0	3.919299414398922	66352
459	1.0	1.0	3.919299414398922	66472
460	1.0	1.0	3.919299414398922	66592
461	1.0	1.0	3.919299414398922	66717
462	1.0	1.0	3.919299414398922	66835
463	1.0	1.0	3.919299414398922	66956
464	1.0	1.0	3.919299414398922	67092
465	1.0	1.0	3.919299414398922	67230
466	1.0	1.0	3.919299414398922	67370
467	1.0	1.0	3.919299414398922	67513
468	1.0	1.0	3.919299414398922	67648
469	1.0	1.0	3.919299414398922	67792
470	1.0	1.0	3.919299414398922	67931
471	1.0	1.0	3.919299414398922	68062
472	1.0	1.0	3.919299414398922	68183
473	1.0	1.0	3.919299414398922	68326
474	1.0	1.0	3.919299414398922	68464
475	1.0	1.0	3.919299414398922	68602
476	1.0	1.0	3.919299414398922	68739
477	1.0	1.0	3.919299414398922	68860
478	1.0	1.0	3.919299414398922	68985
479	1.0	1.0	3.919299414398922	69111
480	1.0	1.0	3.919299414398922	69252
481	1.0	1.0	3.919299414398922	69392
482	1.0	1.0	3.919299414398922	69552
483	1.0	1.0	3.919299414398922	69689
484	1.0	1.0	3.919299414398922	69828
485	1.0	1.0	3.919299414398922	69964
486	1.0	1.0	3.919299414398922	70092
487	1.0	1.0	3.919299414398922	70231
488	1.0	1.0	3.919299414398922	70374
489	1.0	1.0	3.919299414398922	70516
490	1.0	1.0	3.919299414398922	70655
491	1.0	1.0	3.919299414398922	70798
492	1.0	1.0	3.919299414398922	70937
493	1.0	1.0	3.919299414398922	71087
494	1.0	1.0	3.919299414398922	71230
495	1.0	1.0	3.919299414398922	71375
496	1.0	1.0	3.919299414398922	71501
497	1.0	1.0	3.919299414398922	71628
498	1.0	1.0	3.919299414398922	71747
499	1.0	1.0	3.919299414398922	71885
